Sites	Ll	Ll_SameAARate.DFPDistFreq.beta_1=0.227935	Ll_SameAARate.DFPDistFreq.beta_1=1	Pr_SameAARate.DFPDistFreq.beta_1=0.227935	Pr_SameAARate.DFPDistFreq.beta_1=1	mean
182	-4.79096	-4.45759	-5.21535	0.722806	0.277194	0.441947
183	-5.11074	-4.84396	-5.44769	0.690914	0.309086	0.466569
184	-4.61617	-4.33518	-4.97172	0.697877	0.302123	0.461193
185	-4.63091	-4.4737	-4.82685	0.635022	0.364978	0.509722
186	-13.333	-14.7893	-12.4812	0.108378	0.891622	0.916325
187	-10.3863	-11.0316	-10.1573	0.337696	0.662304	0.739277
188	-7.93677	-8.50361	-7.62311	0.336299	0.663701	0.740356
189	-14.4829	-14.2313	-14.8038	0.684205	0.315795	0.47175
190	-12.3271	-13.098	-11.9647	0.282391	0.717609	0.781976
191	-6.95426	-6.65594	-7.33201	0.706146	0.293854	0.454809
192	-10.2579	-10.7367	-10.0306	0.376275	0.623725	0.709491
193	-5.61574	-5.3136	-5.99922	0.708124	0.291876	0.453282
194	-4.59589	-4.26316	-5.0192	0.722462	0.277538	0.442212
195	-8.32874	-8.81488	-8.108	0.376083	0.623917	0.70964
196	-8.74135	-9.31116	-8.45117	0.340894	0.659106	0.736808
197	-7.69441	-8.01105	-7.6056	0.448984	0.551016	0.653355
198	-7.38049	-7.91986	-7.22546	0.379015	0.620985	0.707376
199	-5.321	-4.8961	-5.86811	0.763629	0.236371	0.410429
200	-4.91093	-4.69039	-5.18791	0.667788	0.332212	0.484424
201	-11.4439	-12.2494	-11.0346	0.266163	0.733837	0.794505
202	-4.16008	-3.96024	-4.41055	0.65723	0.34277	0.492576
203	-9.9058	-10.5145	-9.70894	0.353236	0.646764	0.727279
204	-4.48101	-4.23244	-4.79434	0.681912	0.318088	0.47352
205	-4.32036	-4.10001	-4.597	0.667668	0.332332	0.484517
206	-5.31752	-4.7409	-6.07333	0.822459	0.177541	0.365008
207	-10.7014	-10.4508	-11.0201	0.683494	0.316506	0.472298
208	-6.55547	-6.29926	-6.87708	0.685356	0.314644	0.470861
209	-12.8557	-14.0184	-12.2261	0.169158	0.830842	0.869399
210	-8.30556	-8.72374	-8.09863	0.395456	0.604544	0.694682
211	-4.84277	-4.71044	-5.00723	0.621863	0.378137	0.519882
212	-7.79482	-7.55519	-8.10106	0.678426	0.321574	0.476211
213	-4.59589	-4.26316	-5.0192	0.722462	0.277538	0.442212
214	-9.04027	-8.7547	-9.4051	0.700791	0.299209	0.458944
215	-4.44456	-4.14689	-4.82156	0.705856	0.294144	0.455033
216	-4.8554	-4.64009	-5.12567	0.665131	0.334869	0.486475
217	-10.3449	-10.8801	-10.2763	0.400562	0.599438	0.69074
218	-6.95238	-6.7702	-7.18621	0.649464	0.350536	0.498572
219	-5.21214	-4.99308	-5.48723	0.667038	0.332962	0.485003
220	-14.6211	-15.1566	-14.5461	0.398948	0.601052	0.691987
221	-4.82363	-4.54755	-5.16975	0.694846	0.305154	0.463533
222	-4.82363	-4.54755	-5.16975	0.694846	0.305154	0.463533
223	-4.75614	-4.4361	-5.16268	0.716516	0.283484	0.446803
224	-12.1056	-11.7937	-12.5184	0.716129	0.283871	0.447102
225	-5.26889	-4.96982	-5.64736	0.70645	0.29355	0.454575
226	-10.6447	-10.4029	-10.9515	0.679032	0.320968	0.475743
227	-4.04674	-3.94621	-4.17129	0.60486	0.39514	0.533009
228	-4.44456	-4.14689	-4.82156	0.705856	0.294144	0.455033
229	-4.82363	-4.54755	-5.16975	0.694846	0.305154	0.463533
230	-4.48101	-4.23244	-4.79434	0.681912	0.318088	0.47352
231	-10.5192	-9.91374	-11.3435	0.836232	0.163768	0.354374
232	-4.82363	-4.54755	-5.16975	0.694846	0.305154	0.463533
233	-5.30852	-4.9247	-5.79936	0.745609	0.254391	0.424341
234	-5.62009	-5.32626	-5.9923	0.704061	0.295939	0.456419
235	-14.1747	-13.8027	-14.6635	0.742966	0.257034	0.426382
236	-6.90417	-6.63075	-7.26187	0.696732	0.303268	0.462078
237	-4.80344	-4.42537	-5.2865	0.743035	0.256965	0.426328
238	-9.99318	-10.5672	-9.84992	0.373636	0.626364	0.711529
239	-5.68643	-5.32226	-6.15208	0.737011	0.262989	0.430979
240	-5.34613	-4.9157	-5.90079	0.765981	0.234019	0.408613
241	-8.72256	-8.1352	-9.45605	0.820761	0.179239	0.366319
242	-5.21214	-4.99308	-5.48723	0.667038	0.332962	0.485003
243	-4.82363	-4.54755	-5.16975	0.694846	0.305154	0.463533
244	-12.3531	-12.1569	-12.6078	0.657364	0.342636	0.492472
245	-4.84277	-4.71044	-5.00723	0.621863	0.378137	0.519882
246	-11.6598	-12.2933	-11.4632	0.347644	0.652356	0.731596
247	-10.8756	-10.4645	-11.4207	0.760754	0.239246	0.412649
248	-5.11074	-4.84396	-5.44769	0.690914	0.309086	0.466569
249	-6.90417	-6.63075	-7.26187	0.696732	0.303268	0.462078
250	-4.80344	-4.42537	-5.2865	0.743035	0.256965	0.426328
251	-16.8402	-17.3859	-16.7676	0.39707	0.60293	0.693436
252	-4.44456	-4.14689	-4.82156	0.705856	0.294144	0.455033
253	-7.93677	-8.50361	-7.62311	0.336299	0.663701	0.740356
254	-5.31752	-4.7409	-6.07333	0.822459	0.177541	0.365008
255	-9.77195	-9.54587	-10.0567	0.670741	0.329259	0.482144
256	-6.54359	-6.21078	-6.97646	0.724391	0.275609	0.440723
257	-5.23518	-5.03301	-5.48858	0.658416	0.341584	0.49166
258	-4.55886	-4.37033	-4.79473	0.65137	0.34863	0.4971
259	-12.8383	-13.3506	-12.7969	0.412637	0.587363	0.681417
260	-4.44456	-4.14689	-4.82156	0.705856	0.294144	0.455033
261	-4.44456	-4.14689	-4.82156	0.705856	0.294144	0.455033
262	-10.5367	-10.1268	-11.08	0.760214	0.239786	0.413065
263	-7.54467	-7.89575	-7.39669	0.42595	0.57405	0.671139
264	-4.55886	-4.37033	-4.79473	0.65137	0.34863	0.4971
265	-4.6229	-4.36687	-4.94572	0.685576	0.314424	0.470691
266	-8.62152	-8.89323	-8.90087	0.55189	0.44811	0.573905
267	-14.1668	-15.6689	-13.2788	0.100698	0.899302	0.922255
268	-4.44456	-4.14689	-4.82156	0.705856	0.294144	0.455033
269	-4.55886	-4.37033	-4.79473	0.65137	0.34863	0.4971
270	-11.798	-12.3686	-11.6385	0.370646	0.629354	0.713837
271	-4.61076	-4.24273	-5.08096	0.738638	0.261362	0.429724
272	-4.6229	-4.36687	-4.94572	0.685576	0.314424	0.470691
273	-4.82363	-4.54755	-5.16975	0.694846	0.305154	0.463533
274	-4.91539	-4.73723	-5.13802	0.64599	0.35401	0.501254
275	-7.65688	-8.21299	-7.33071	0.335904	0.664096	0.74066
276	-5.13773	-4.9839	-5.32946	0.633258	0.366742	0.511083
277	-4.32036	-4.10001	-4.597	0.667668	0.332332	0.484517
278	-14.3576	-15.7869	-13.5465	0.115095	0.884905	0.911139
279	-4.55886	-4.37033	-4.79473	0.65137	0.34863	0.4971
280	-11.1652	-11.9955	-10.8039	0.270718	0.729282	0.790988
281	-11.8505	-12.4551	-11.5238	0.325069	0.674931	0.749026
282	-8.58307	-8.21229	-9.0627	0.740981	0.259019	0.427914
283	-4.63091	-4.4737	-4.82685	0.635022	0.364978	0.509722
284	-7.84655	-7.61354	-8.14191	0.674594	0.325406	0.47917
285	-4.36747	-4.13151	-4.66436	0.675577	0.324423	0.47841
286	-13.0491	-14.5404	-12.34	0.119236	0.880764	0.907942
287	-6.61663	-6.20431	-7.13948	0.756914	0.243086	0.415613
288	-11.465	-12.1323	-11.2319	0.331867	0.668133	0.743777
289	-4.36747	-4.13151	-4.66436	0.675577	0.324423	0.47841
290	-4.55886	-4.37033	-4.79473	0.65137	0.34863	0.4971
291	-4.59589	-4.26316	-5.0192	0.722462	0.277538	0.442212
292	-12.9612	-13.2362	-12.8997	0.466103	0.533897	0.640138
293	-10.3542	-11.0543	-10.0693	0.313392	0.686608	0.758041
294	-5.12754	-5.03257	-5.24503	0.601838	0.398162	0.535342
295	-10.7713	-11.5677	-10.3663	0.268797	0.731203	0.792471
296	-5.21214	-4.99308	-5.48723	0.667038	0.332962	0.485003
297	-10.9925	-11.2531	-10.9106	0.4646	0.5354	0.641299
298	-4.36747	-4.13151	-4.66436	0.675577	0.324423	0.47841
299	-4.04674	-3.94621	-4.17129	0.60486	0.39514	0.533009
300	-8.71155	-8.35091	-9.17302	0.735515	0.264485	0.432134
301	-10.1496	-9.91875	-10.4423	0.673525	0.326475	0.479995
302	-4.75614	-4.4361	-5.16268	0.716516	0.283484	0.446803
303	-16.2229	-17.7185	-15.5028	0.117635	0.882365	0.909178
304	-19.4578	-21.0243	-18.7165	0.108405	0.891595	0.916305
305	-4.69704	-4.5336	-4.90092	0.6383	0.3617	0.507191
306	-9.80567	-10.4891	-9.53227	0.319487	0.680513	0.753336
307	-5.11755	-4.85002	-5.45535	0.691257	0.308743	0.466305
308	-5.21214	-4.99308	-5.48723	0.667038	0.332962	0.485003
309	-9.89822	-10.3847	-9.6206	0.362758	0.637242	0.719927
310	-13.8323	-13.5589	-14.1864	0.695977	0.304023	0.46266
311	-7.20092	-6.91573	-7.57654	0.70297	0.29703	0.457261
312	-10.8326	-12.4106	-10.5225	0.156122	0.843878	0.879464
313	-4.91093	-4.69039	-5.18791	0.667788	0.332212	0.484424
314	-5.61574	-5.3136	-5.99922	0.708124	0.291876	0.453282
315	-7.74606	-8.28547	-7.44072	0.344325	0.655675	0.734158
316	-13.5197	-13.9221	-13.6111	0.472435	0.527565	0.635249
317	-4.82871	-4.47844	-5.27594	0.730698	0.269302	0.435854
318	-18.0584	-19.1383	-17.5011	0.192086	0.807914	0.851697
319	-10.3768	-10.1574	-10.6548	0.667765	0.332235	0.484442
320	-12.6557	-13.1813	-12.3817	0.354591	0.645409	0.726232
321	-5.40944	-5.28798	-5.56022	0.616072	0.383928	0.524352
322	-5.31752	-4.7409	-6.07333	0.822459	0.177541	0.365008
323	-4.89118	-4.7601	-5.05408	0.621201	0.378799	0.520393
324	-27.8498	-30.4426	-26.4206	0.0214301	0.97857	0.983455
325	-5.34613	-4.9157	-5.90079	0.765981	0.234019	0.408613
326	-9.20642	-9.0071	-9.45969	0.657746	0.342254	0.492178
327	-5.11074	-4.84396	-5.44769	0.690914	0.309086	0.466569
328	-5.11755	-4.85002	-5.45535	0.691257	0.308743	0.466305
329	-4.16008	-3.96024	-4.41055	0.65723	0.34277	0.492576
330	-12.8106	-14.2898	-11.9479	0.10515	0.89485	0.918817
331	-8.73224	-9.43449	-8.32138	0.286502	0.713498	0.778802
332	-4.71654	-4.60942	-4.84929	0.608389	0.391611	0.530284
333	-7.31331	-7.14291	-7.52928	0.642685	0.357315	0.503805
334	-8.43315	-9.0475	-8.23127	0.350793	0.649207	0.729165
335	-7.43048	-7.90927	-7.14745	0.363281	0.636719	0.719524
336	-7.39058	-7.18459	-7.6486	0.660311	0.339689	0.490197
337	-4.55886	-4.37033	-4.79473	0.65137	0.34863	0.4971
338	-4.55886	-4.37033	-4.79473	0.65137	0.34863	0.4971
339	-9.3055	-8.99243	-9.70402	0.713463	0.286537	0.44916
340	-4.36747	-4.13151	-4.66436	0.675577	0.324423	0.47841
341	-7.64233	-7.17989	-8.26801	0.783941	0.216059	0.394747
342	-4.04674	-3.94621	-4.17129	0.60486	0.39514	0.533009
343	-9.45466	-9.09888	-9.9101	0.733392	0.266608	0.433774
344	-10.0601	-10.7176	-9.82214	0.332964	0.667036	0.74293
345	-14.0566	-13.8053	-14.3714	0.68282	0.31718	0.472818
346	-6.61663	-6.20431	-7.13948	0.756914	0.243086	0.415613
347	-10.7926	-11.2622	-10.5682	0.37911	0.62089	0.707302
348	-7.11933	-6.74244	-7.61495	0.7452	0.2548	0.424657
349	-6.26335	-6.08957	-6.4893	0.645748	0.354252	0.50144
350	-8.59469	-8.84931	-8.89004	0.560058	0.439942	0.567599
351	-5.34613	-4.9157	-5.90079	0.765981	0.234019	0.408613
352	-9.29576	-9.89762	-9.09657	0.354259	0.645741	0.726489
353	-16.78	-17.8313	-16.4849	0.241283	0.758717	0.813714
354	-11.9097	-12.2985	-11.724	0.40762	0.59238	0.685291
355	-8.6931	-9.23169	-8.4368	0.355667	0.644333	0.725402
356	-5.23518	-5.03301	-5.48858	0.658416	0.341584	0.49166
357	-17.2596	-18.7216	-16.6171	0.129672	0.870328	0.899885
358	-4.69704	-4.5336	-4.90092	0.6383	0.3617	0.507191
359	-9.42317	-10.2323	-9.19328	0.301891	0.698109	0.76692
360	-15.9545	-16.4631	-15.7015	0.363325	0.636675	0.719489
361	-5.30852	-4.9247	-5.79936	0.745609	0.254391	0.424341
362	-5.68643	-5.32226	-6.15208	0.737011	0.262989	0.430979
363	-5.54792	-5.26613	-5.90358	0.698069	0.301931	0.461045
364	-4.75614	-4.4361	-5.16268	0.716516	0.283484	0.446803
365	-4.79096	-4.45759	-5.21535	0.722806	0.277194	0.441947
366	-14.8843	-15.329	-14.9564	0.457118	0.542882	0.647075
367	-4.91093	-4.69039	-5.18791	0.667788	0.332212	0.484424
368	-16.7106	-18.103	-16.1538	0.148227	0.851773	0.885559
369	-10.6942	-11.2542	-10.5648	0.380209	0.619791	0.706454
370	-10.9051	-11.3928	-10.9034	0.42832	0.57168	0.669309
371	-8.48367	-8.20163	-8.83914	0.698081	0.301919	0.461036
372	-4.89118	-4.7601	-5.05408	0.621201	0.378799	0.520393
373	-14.638	-15.2406	-14.31	0.32522	0.67478	0.748909
374	-7.54467	-7.89575	-7.39669	0.42595	0.57405	0.671139
375	-4.6229	-4.36687	-4.94572	0.685576	0.314424	0.470691
376	-4.8554	-4.64009	-5.12567	0.665131	0.334869	0.486475
377	-5.29035	-4.83298	-5.88106	0.777084	0.222916	0.40004
378	-9.30017	-10.0273	-8.88428	0.280421	0.719579	0.783496
379	-4.82871	-4.47844	-5.27594	0.730698	0.269302	0.435854
380	-10.3207	-10.9503	-10.1335	0.35065	0.64935	0.729275
381	-4.91093	-4.69039	-5.18791	0.667788	0.332212	0.484424
382	-9.99268	-10.5957	-9.82486	0.361187	0.638813	0.72114
383	-8.01709	-8.46853	-7.73431	0.369688	0.630312	0.714577
384	-11.091	-11.7031	-10.9251	0.359552	0.640448	0.722402
385	-12.7373	-12.4321	-13.1343	0.71153	0.28847	0.450653
386	-9.94025	-10.6012	-9.67742	0.326712	0.673288	0.747757
387	-11.5153	-11.8115	-11.454	0.460867	0.539133	0.64418
388	-5.68643	-5.32226	-6.15208	0.737011	0.262989	0.430979
389	-17.7455	-18.5122	-17.3965	0.285967	0.714033	0.779215
390	-4.44456	-4.14689	-4.82156	0.705856	0.294144	0.455033
391	-4.6229	-4.36687	-4.94572	0.685576	0.314424	0.470691
392	-7.64233	-7.17989	-8.26801	0.783941	0.216059	0.394747
393	-4.36747	-4.13151	-4.66436	0.675577	0.324423	0.47841
394	-11.1828	-11.8841	-10.9042	0.314492	0.685508	0.757192
395	-17.2904	-18.0858	-16.8934	0.270568	0.729432	0.791104
396	-4.16008	-3.96024	-4.41055	0.65723	0.34277	0.492576
397	-4.55886	-4.37033	-4.79473	0.65137	0.34863	0.4971
398	-4.04674	-3.94621	-4.17129	0.60486	0.39514	0.533009
399	-5.566	-5.35832	-5.82652	0.661252	0.338748	0.48947
400	-8.17391	-7.99205	-8.40696	0.649213	0.350787	0.498765
401	-10.1306	-10.6674	-10.054	0.398257	0.601743	0.692519
402	-7.97931	-8.54863	-7.67353	0.337505	0.662495	0.739424
403	-12.886	-13.2542	-12.7538	0.425623	0.574377	0.671391
404	-20.8753	-23.2456	-19.4261	0.0261137	0.973886	0.979839
405	-4.50515	-4.31564	-4.74253	0.651937	0.348063	0.496662
406	-10.6437	-11.1208	-10.3733	0.366606	0.633394	0.716956
407	-6.54359	-6.21078	-6.97646	0.724391	0.275609	0.440723
408	-8.94634	-8.69365	-9.26532	0.684027	0.315973	0.471886
409	-4.16008	-3.96024	-4.41055	0.65723	0.34277	0.492576
410	-8.17391	-7.99205	-8.40696	0.649213	0.350787	0.498765
411	-7.1119	-6.84359	-7.46926	0.69558	0.30442	0.462967
412	-9.1914	-9.76776	-8.90196	0.339589	0.660411	0.737815
413	-9.64815	-10.2364	-9.50011	0.369216	0.630784	0.714942
414	-4.91093	-4.69039	-5.18791	0.667788	0.332212	0.484424
415	-4.55886	-4.37033	-4.79473	0.65137	0.34863	0.4971
416	-10.8425	-10.5948	-11.1539	0.681296	0.318704	0.473995
417	-10.0741	-10.7176	-9.86247	0.341991	0.658009	0.735961
418	-5.63343	-5.32963	-6.0192	0.708939	0.291061	0.452653
419	-10.2256	-10.8259	-10.0378	0.357217	0.642783	0.724205
420	-6.95426	-6.65594	-7.33201	0.706146	0.293854	0.454809
421	-4.36747	-4.13151	-4.66436	0.675577	0.324423	0.47841
422	-4.79096	-4.45759	-5.21535	0.722806	0.277194	0.441947
423	-8.54008	-8.34786	-8.78319	0.653848	0.346152	0.495187
424	-4.55886	-4.37033	-4.79473	0.65137	0.34863	0.4971
425	-8.6931	-9.23169	-8.4368	0.355667	0.644333	0.725402
426	-13.3472	-14.0311	-13.0867	0.322184	0.677816	0.751253
427	-14.8061	-15.2006	-14.5633	0.392545	0.607455	0.69693
428	-10.3329	-9.99973	-10.7592	0.723149	0.276851	0.441682
429	-9.79656	-9.30806	-10.4332	0.79015	0.20985	0.389953
430	-4.50515	-4.31564	-4.74253	0.651937	0.348063	0.496662
431	-8.15341	-8.7865	-7.7808	0.30895	0.69105	0.761471
432	-11.8466	-12.3158	-11.8826	0.442129	0.557871	0.658648
433	-4.89118	-4.7601	-5.05408	0.621201	0.378799	0.520393
434	-14.4344	-14.1976	-14.7405	0.677769	0.322231	0.476718
435	-7.36759	-6.94664	-7.90382	0.760941	0.239059	0.412504
436	-5.58509	-5.25224	-6.00901	0.722609	0.277391	0.442099
437	-12.3247	-13.0334	-12.0333	0.310152	0.689848	0.760543
438	-4.44456	-4.14689	-4.82156	0.705856	0.294144	0.455033
439	-16.5306	-18.13	-15.6875	0.0960549	0.903945	0.925839
440	-4.55886	-4.37033	-4.79473	0.65137	0.34863	0.4971
441	-9.87048	-10.8548	-9.40293	0.222499	0.777501	0.828216
442	-4.59589	-4.26316	-5.0192	0.722462	0.277538	0.442212
443	-4.36747	-4.13151	-4.66436	0.675577	0.324423	0.47841
444	-5.61574	-5.3136	-5.99922	0.708124	0.291876	0.453282
445	-4.55886	-4.37033	-4.79473	0.65137	0.34863	0.4971
446	-4.36747	-4.13151	-4.66436	0.675577	0.324423	0.47841
447	-4.82871	-4.47844	-5.27594	0.730698	0.269302	0.435854
448	-5.55064	-5.3681	-5.77842	0.648167	0.351833	0.499573
449	-8.78776	-8.57068	-9.06195	0.666398	0.333602	0.485497
450	-10.0377	-10.7266	-9.76341	0.318098	0.681902	0.754408
451	-7.43404	-7.01212	-7.96859	0.760813	0.239187	0.412602
452	-11.3712	-11.1054	-11.7136	0.691878	0.308122	0.465825
453	-5.34613	-4.9157	-5.90079	0.765981	0.234019	0.408613
454	-11.7034	-12.5192	-11.2671	0.258958	0.741042	0.800068
455	-4.80344	-4.42537	-5.2865	0.743035	0.256965	0.426328
456	-17.2332	-17.6979	-17.2852	0.447188	0.552812	0.654742
457	-14.8823	-16.2095	-14.142	0.133909	0.866091	0.896613
458	-11.8299	-11.1437	-12.7293	0.85646	0.14354	0.338757
459	-8.7031	-8.55451	-8.88396	0.629512	0.370488	0.513976
460	-4.37259	-4.27829	-4.48713	0.600971	0.399029	0.536011
461	-27.5488	-30.3434	-25.9323	0.0146226	0.985377	0.98871
462	-7.8656	-7.73196	-8.02802	0.62169	0.37831	0.520015
463	-3.96941	-3.91442	-4.0364	0.579971	0.420029	0.552225
464	-4.44456	-4.14689	-4.82156	0.705856	0.294144	0.455033
465	-4.63091	-4.4737	-4.82685	0.635022	0.364978	0.509722
466	-9.25054	-9.01746	-9.54913	0.675318	0.324682	0.478611
467	-7.91086	-8.35418	-7.70153	0.38889	0.61111	0.699752
468	-23.3222	-25.425	-22.119	0.0428886	0.957111	0.966887
469	-15.1542	-15.7714	-14.8442	0.325964	0.674036	0.748335
470	-18.3475	-20.1123	-17.5438	0.0856596	0.91434	0.933865
