Sites	Ll	Ll_YN98.omega_1=0.141046	Ll_YN98.omega_1=1	Pr_YN98.omega_1=0.141046	Pr_YN98.omega_1=1	mean
182	-4.7373	-4.37444	-5.30411	0.786743	0.213257	0.324223
183	-5.16207	-4.85987	-5.62838	0.758457	0.241543	0.34852
184	-4.47518	-4.19544	-4.90509	0.747513	0.252487	0.35792
185	-4.96432	-4.70049	-5.36828	0.739531	0.260469	0.364777
186	-14.0916	-15.9329	-13.1098	0.0796265	0.920373	0.931604
187	-9.70033	-10.7047	-9.32279	0.267733	0.732267	0.77003
188	-7.22068	-7.82228	-6.95746	0.380108	0.619892	0.673504
189	-14.1993	-13.9464	-14.589	0.734647	0.265353	0.368972
190	-11.915	-13.004	-11.4379	0.233189	0.766811	0.799701
191	-6.80855	-6.45587	-7.3693	0.784006	0.215994	0.326575
192	-9.87811	-10.6742	-9.50367	0.311151	0.688849	0.732735
193	-5.30545	-5.05467	-5.68855	0.732944	0.267056	0.370434
194	-4.33519	-4.06943	-4.74226	0.7405	0.2595	0.363944
195	-8.19025	-8.95494	-7.82003	0.318827	0.681173	0.726142
196	-8.02767	-8.78137	-7.66751	0.323415	0.676585	0.722201
197	-7.55958	-8.13727	-7.33023	0.393814	0.606186	0.661731
198	-8.82418	-9.67844	-8.62673	0.337161	0.662839	0.710394
199	-4.97317	-4.61573	-5.52874	0.783934	0.216066	0.326636
200	-4.88048	-4.67506	-5.19175	0.709392	0.290608	0.390665
201	-11.7492	-12.7094	-11.4677	0.296099	0.703901	0.745665
202	-4.41349	-4.10132	-4.89556	0.763142	0.236858	0.344496
203	-9.6094	-10.5766	-9.2577	0.280264	0.719736	0.759266
204	-4.49028	-4.19461	-4.945	0.755124	0.244876	0.351383
205	-4.65425	-4.27876	-5.24034	0.792047	0.207953	0.319668
206	-4.76378	-4.42202	-5.29457	0.777003	0.222997	0.33259
207	-10.4446	-10.0419	-11.0812	0.804563	0.195437	0.308917
208	-6.46654	-6.10608	-7.02051	0.784174	0.215826	0.32643
209	-13.5768	-15.4168	-12.5884	0.0792507	0.920749	0.931927
210	-8.40088	-9.18812	-7.97489	0.302062	0.697938	0.740543
211	-5.00166	-4.73895	-5.40373	0.738949	0.261051	0.365277
212	-7.92982	-7.53035	-8.54889	0.801274	0.198726	0.311743
213	-4.33519	-4.06943	-4.74226	0.7405	0.2595	0.363944
214	-9.02279	-8.70426	-9.51788	0.766626	0.233374	0.341503
215	-4.43508	-4.09269	-4.96679	0.777271	0.222729	0.33236
216	-5.09005	-4.72728	-5.65653	0.786672	0.213328	0.324285
217	-10.1514	-10.988	-10.0497	0.362956	0.637044	0.688237
218	-6.76782	-6.56502	-7.08293	0.709642	0.290358	0.39045
219	-5.15623	-4.94821	-5.47172	0.710794	0.289206	0.389461
220	-15.5765	-16.4047	-15.4743	0.364779	0.635221	0.686671
221	-4.86127	-4.51693	-5.39608	0.778145	0.221855	0.331609
222	-4.86127	-4.51693	-5.39608	0.778145	0.221855	0.331609
223	-4.85597	-4.44132	-5.50834	0.808881	0.191119	0.305208
224	-12.2421	-12.0127	-12.601	0.723923	0.276077	0.378184
225	-4.99763	-4.75334	-5.37058	0.729674	0.270326	0.373243
226	-10.3351	-9.92811	-10.9761	0.805926	0.194074	0.307746
227	-4.25146	-3.99281	-4.64737	0.736972	0.263028	0.366975
228	-4.43508	-4.09269	-4.96679	0.777271	0.222729	0.33236
229	-4.86127	-4.51693	-5.39608	0.778145	0.221855	0.331609
230	-4.49028	-4.19461	-4.945	0.755124	0.244876	0.351383
231	-9.91218	-9.57152	-10.4537	0.778667	0.221333	0.331161
232	-4.86127	-4.51693	-5.39608	0.778145	0.221855	0.331609
233	-5.25054	-4.83319	-5.90727	0.809971	0.190029	0.304272
234	-5.5624	-5.25771	-6.03271	0.759644	0.240356	0.347501
235	-14.039	-13.6456	-14.6674	0.801788	0.198212	0.3113
236	-6.79829	-6.59503	-7.11427	0.709916	0.290084	0.390215
237	-4.57793	-4.21946	-5.13541	0.784433	0.215567	0.326208
238	-10.1278	-10.9881	-9.98949	0.34912	0.65088	0.700122
239	-5.32997	-5.13132	-5.63065	0.7058	0.2942	0.39375
240	-4.99837	-4.63862	-5.55855	0.785106	0.214894	0.32563
241	-8.09792	-7.78596	-8.56301	0.760021	0.239979	0.347177
242	-5.15623	-4.94821	-5.47172	0.710794	0.289206	0.389461
243	-4.86127	-4.51693	-5.39608	0.778145	0.221855	0.331609
244	-12.2777	-12.099	-12.5581	0.697372	0.302628	0.400989
245	-5.00166	-4.73895	-5.40373	0.738949	0.261051	0.365277
246	-10.7221	-11.5852	-10.5764	0.346828	0.653172	0.702091
247	-10.7286	-10.3338	-11.3648	0.803258	0.196742	0.310038
248	-5.16207	-4.85987	-5.62838	0.758457	0.241543	0.34852
249	-6.79829	-6.59503	-7.11427	0.709916	0.290084	0.390215
250	-4.57793	-4.21946	-5.13541	0.784433	0.215567	0.326208
251	-17.052	-17.9696	-16.836	0.319097	0.680903	0.725911
252	-4.43508	-4.09269	-4.96679	0.777271	0.222729	0.33236
253	-7.22068	-7.82228	-6.95746	0.380108	0.619892	0.673504
254	-4.76378	-4.42202	-5.29457	0.777003	0.222997	0.33259
255	-9.61957	-9.388	-9.9734	0.72335	0.27665	0.378676
256	-6.45405	-6.15467	-6.9247	0.758737	0.241263	0.34828
257	-5.01052	-4.85405	-5.24539	0.682887	0.317113	0.413431
258	-4.61273	-4.40181	-4.93257	0.712283	0.287717	0.388182
259	-11.5554	-12.4017	-11.4552	0.361055	0.638945	0.68987
260	-4.43508	-4.09269	-4.96679	0.777271	0.222729	0.33236
261	-4.43508	-4.09269	-4.96679	0.777271	0.222729	0.33236
262	-10.3892	-9.99513	-11.0239	0.802905	0.197095	0.310341
263	-6.99624	-7.64462	-6.70602	0.362886	0.637114	0.688297
264	-4.61273	-4.40181	-4.93257	0.712283	0.287717	0.388182
265	-4.73211	-4.38608	-5.27006	0.778978	0.221022	0.330893
266	-9.49433	-10.3489	-9.34447	0.347805	0.652195	0.701251
267	-13.4759	-15.5488	-12.3427	0.0557052	0.944295	0.952152
268	-4.43508	-4.09269	-4.96679	0.777271	0.222729	0.33236
269	-4.61273	-4.40181	-4.93257	0.712283	0.287717	0.388182
270	-12.957	-14.0137	-12.4869	0.240302	0.759698	0.793592
271	-4.31836	-4.0273	-4.76593	0.752942	0.247058	0.353257
272	-4.73211	-4.38608	-5.27006	0.778978	0.221022	0.330893
273	-4.86127	-4.51693	-5.39608	0.778145	0.221855	0.331609
274	-5.02501	-4.78197	-5.39592	0.729026	0.270974	0.3738
275	-7.19548	-7.78637	-6.93746	0.383864	0.616136	0.670278
276	-5.36322	-5.10345	-5.76121	0.737594	0.262406	0.366441
277	-4.65425	-4.27876	-5.24034	0.792047	0.207953	0.319668
278	-12.8435	-14.6999	-11.851	0.0777617	0.922238	0.933206
279	-4.61273	-4.40181	-4.93257	0.712283	0.287717	0.388182
280	-11.6763	-12.9372	-11.2775	0.216868	0.783132	0.81372
281	-10.1392	-10.918	-9.71517	0.304263	0.695737	0.738652
282	-8.43489	-8.14503	-8.88469	0.753133	0.246867	0.353093
283	-4.96432	-4.70049	-5.36828	0.739531	0.260469	0.364777
284	-7.5055	-7.1488	-8.06819	0.785014	0.214986	0.325709
285	-4.59065	-4.24432	-5.12784	0.778899	0.221101	0.330962
286	-13.6263	-15.7467	-12.6876	0.0639624	0.936038	0.945059
287	-6.51683	-6.14409	-7.09072	0.789575	0.210425	0.321791
288	-12.3358	-13.3504	-11.9636	0.266765	0.733235	0.770861
289	-4.59065	-4.24432	-5.12784	0.778899	0.221101	0.330962
290	-4.61273	-4.40181	-4.93257	0.712283	0.287717	0.388182
291	-4.33519	-4.06943	-4.74226	0.7405	0.2595	0.363944
292	-12.8495	-13.4698	-12.6095	0.381169	0.618831	0.672593
293	-11.3163	-12.3182	-10.9468	0.269792	0.730208	0.768261
294	-5.20542	-5.09234	-5.37377	0.658625	0.341375	0.434271
295	-11.0635	-12.0232	-10.7701	0.293716	0.706284	0.747711
296	-5.15623	-4.94821	-5.47172	0.710794	0.289206	0.389461
297	-12.1243	-12.8773	-11.8306	0.338278	0.661722	0.709435
298	-4.59065	-4.24432	-5.12784	0.778899	0.221101	0.330962
299	-4.25146	-3.99281	-4.64737	0.736972	0.263028	0.366975
300	-8.56994	-8.28671	-9.00495	0.749128	0.250872	0.356533
301	-9.87237	-9.53129	-10.4043	0.777086	0.222914	0.332519
302	-4.85597	-4.44132	-5.50834	0.808881	0.191119	0.305208
303	-15.0951	-17.1235	-14.2572	0.0765242	0.923476	0.934269
304	-19.1552	-21.2099	-18.3199	0.0748658	0.925134	0.935694
305	-4.93596	-4.6927	-5.30682	0.729061	0.270939	0.37377
306	-10.6516	-11.5517	-10.4461	0.325223	0.674777	0.720648
307	-4.90776	-4.65562	-5.29288	0.733606	0.266394	0.369866
308	-5.15623	-4.94821	-5.47172	0.710794	0.289206	0.389461
309	-11.0649	-12.0599	-10.5389	0.241357	0.758643	0.792686
310	-13.4847	-13.1863	-13.957	0.758861	0.241139	0.348173
311	-7.07188	-6.89509	-7.34541	0.695521	0.304479	0.402579
312	-9.67243	-11.9833	-9.17842	0.0809734	0.919027	0.930448
313	-4.88048	-4.67506	-5.19175	0.709392	0.290608	0.390665
314	-5.30545	-5.05467	-5.68855	0.732944	0.267056	0.370434
315	-8.54223	-9.28216	-8.24226	0.339805	0.660195	0.708123
316	-14.7171	-15.5773	-14.5677	0.346621	0.653379	0.702268
317	-4.90417	-4.47232	-5.58531	0.815887	0.184113	0.29919
318	-19.5883	-21.5001	-18.6096	0.0748292	0.925171	0.935725
319	-9.97751	-9.5273	-10.6933	0.823721	0.176279	0.292461
320	-12.6096	-13.2486	-12.3083	0.362485	0.637515	0.688642
321	-5.41767	-5.30414	-5.58672	0.658881	0.341119	0.434051
322	-4.76378	-4.42202	-5.29457	0.777003	0.222997	0.33259
323	-5.04919	-4.89292	-5.28373	0.682772	0.317228	0.41353
324	-22.8572	-26.2397	-21.2598	0.00991108	0.990089	0.991487
325	-4.99837	-4.63862	-5.55855	0.785106	0.214894	0.32563
326	-9.07376	-8.86167	-9.39927	0.713682	0.286318	0.386979
327	-5.16207	-4.85987	-5.62838	0.758457	0.241543	0.34852
328	-4.90776	-4.65562	-5.29288	0.733606	0.266394	0.369866
329	-4.41349	-4.10132	-4.89556	0.763142	0.236858	0.344496
330	-15.0676	-17.1701	-13.9027	0.0525662	0.947434	0.954848
331	-8.29017	-9.29159	-7.75002	0.237607	0.762393	0.795906
332	-4.96546	-4.80748	-5.20266	0.683719	0.316281	0.412717
333	-6.91883	-6.57608	-7.46363	0.779592	0.220408	0.330366
334	-8.69971	-9.60302	-8.45237	0.315417	0.684583	0.729071
335	-7.15665	-7.75963	-6.89295	0.37967	0.62033	0.673881
336	-7.00864	-6.58152	-7.67151	0.812407	0.187593	0.302179
337	-4.61273	-4.40181	-4.93257	0.712283	0.287717	0.388182
338	-4.61273	-4.40181	-4.93257	0.712283	0.287717	0.388182
339	-9.22678	-8.9467	-9.65729	0.747688	0.252312	0.35777
340	-4.59065	-4.24432	-5.12784	0.778899	0.221101	0.330962
341	-7.16693	-6.9193	-7.55522	0.733343	0.266657	0.370092
342	-4.25146	-3.99281	-4.64737	0.736972	0.263028	0.366975
343	-9.30931	-9.02952	-9.7391	0.747498	0.252502	0.357934
344	-9.25456	-10.0641	-9.16692	0.372512	0.627488	0.680029
345	-13.6668	-13.4273	-14.0308	0.726969	0.273031	0.375567
346	-6.51683	-6.14409	-7.09072	0.789575	0.210425	0.321791
347	-13.6902	-16.2347	-13.1026	0.0597253	0.940275	0.948699
348	-6.98971	-6.69118	-7.45958	0.758438	0.241562	0.348537
349	-6.11835	-5.88462	-6.49455	0.728231	0.271769	0.374483
350	-9.44248	-10.2932	-9.29682	0.34963	0.65037	0.699684
351	-4.99837	-4.63862	-5.55855	0.785106	0.214894	0.32563
352	-8.90082	-9.75835	-8.69296	0.334111	0.665889	0.713014
353	-17.1708	-18.8868	-16.6915	0.13949	0.86051	0.880185
354	-12.9579	-13.5533	-12.6926	0.381081	0.618919	0.672669
355	-8.02636	-8.85983	-7.59956	0.292238	0.707762	0.748981
356	-5.01052	-4.85405	-5.24539	0.682887	0.317113	0.413431
357	-16.3191	-18.5058	-15.2665	0.0539799	0.94602	0.953634
358	-4.93596	-4.6927	-5.30682	0.729061	0.270939	0.37377
359	-9.68667	-11.9925	-9.19232	0.0813276	0.918672	0.930143
360	-14.3937	-15.0159	-14.1222	0.373333	0.626667	0.679324
361	-5.25054	-4.83319	-5.90727	0.809971	0.190029	0.304272
362	-5.32997	-5.13132	-5.63065	0.7058	0.2942	0.39375
363	-5.36911	-5.1048	-5.77422	0.739843	0.260157	0.364509
364	-4.85597	-4.44132	-5.50834	0.808881	0.191119	0.305208
365	-4.7373	-4.37444	-5.30411	0.786743	0.213257	0.324223
366	-14.7836	-15.5969	-14.7316	0.37999	0.62001	0.673606
367	-4.88048	-4.67506	-5.19175	0.709392	0.290608	0.390665
368	-16.4819	-18.5926	-15.5586	0.0654823	0.934518	0.943754
369	-11.3334	-12.2912	-11.0188	0.289746	0.710254	0.751121
370	-11.2595	-12.1078	-11.1498	0.35842	0.64158	0.692134
371	-8.34567	-7.99316	-8.88478	0.78029	0.21971	0.329767
372	-5.04919	-4.89292	-5.28373	0.682772	0.317228	0.41353
373	-15.1931	-16.0193	-14.8058	0.301986	0.698014	0.740608
374	-6.99624	-7.64462	-6.70602	0.362886	0.637114	0.688297
375	-4.73211	-4.38608	-5.27006	0.778978	0.221022	0.330893
376	-5.09005	-4.72728	-5.65653	0.786672	0.213328	0.324285
377	-4.99032	-4.57817	-5.63811	0.807784	0.192216	0.306151
378	-8.11743	-8.89609	-7.73615	0.313414	0.686586	0.730792
379	-4.90417	-4.47232	-5.58531	0.815887	0.184113	0.29919
380	-10.2585	-11.1141	-10.1272	0.351805	0.648195	0.697815
381	-4.88048	-4.67506	-5.19175	0.709392	0.290608	0.390665
382	-11.4954	-12.3876	-11.2866	0.326245	0.673755	0.71977
383	-7.12811	-7.83992	-6.78301	0.336001	0.663999	0.711391
384	-10.4143	-11.3093	-10.2178	0.328325	0.671675	0.717984
385	-12.913	-12.6937	-13.2557	0.718652	0.281348	0.382711
386	-9.19411	-10.0771	-8.99657	0.330751	0.669249	0.7159
387	-11.1213	-11.7259	-10.8656	0.381186	0.618814	0.672579
388	-5.32997	-5.13132	-5.63065	0.7058	0.2942	0.39375
389	-17.4271	-18.4994	-16.9614	0.238257	0.761743	0.795348
390	-4.43508	-4.09269	-4.96679	0.777271	0.222729	0.33236
391	-4.73211	-4.38608	-5.27006	0.778978	0.221022	0.330893
392	-7.16693	-6.9193	-7.55522	0.733343	0.266657	0.370092
393	-4.59065	-4.24432	-5.12784	0.778899	0.221101	0.330962
394	-9.90047	-10.6894	-9.87895	0.392991	0.607009	0.662439
395	-14.8848	-15.8298	-14.6137	0.301466	0.698534	0.741055
396	-4.41349	-4.10132	-4.89556	0.763142	0.236858	0.344496
397	-4.61273	-4.40181	-4.93257	0.712283	0.287717	0.388182
398	-4.25146	-3.99281	-4.64737	0.736972	0.263028	0.366975
399	-5.25531	-5.12367	-5.45193	0.669073	0.330927	0.425297
400	-7.9331	-7.71483	-8.27767	0.718811	0.281189	0.382574
401	-9.93492	-10.7727	-9.82154	0.359975	0.640025	0.690798
402	-7.35722	-8.02723	-7.05246	0.354564	0.645436	0.695446
403	-12.5845	-13.2722	-12.2454	0.342735	0.657265	0.705606
404	-18.1781	-21.5546	-16.2314	0.00705152	0.992948	0.993943
405	-4.94343	-4.53137	-5.59109	0.80775	0.19225	0.30618
406	-10.9281	-11.6996	-10.5271	0.310713	0.689287	0.733112
407	-6.45405	-6.15467	-6.9247	0.758737	0.241263	0.34828
408	-8.84064	-8.68816	-9.06911	0.680632	0.319368	0.415368
409	-4.41349	-4.10132	-4.89556	0.763142	0.236858	0.344496
410	-7.9331	-7.71483	-8.27767	0.718811	0.281189	0.382574
411	-7.01118	-6.84551	-7.26894	0.689796	0.310204	0.407497
412	-8.04903	-8.8123	-7.67973	0.319335	0.680665	0.725705
413	-9.57443	-10.4917	-9.32291	0.311517	0.688483	0.732421
414	-4.88048	-4.67506	-5.19175	0.709392	0.290608	0.390665
415	-4.61273	-4.40181	-4.93257	0.712283	0.287717	0.388182
416	-10.796	-10.6082	-11.0783	0.699702	0.300298	0.398988
417	-9.77581	-10.6335	-9.64058	0.350417	0.649583	0.699008
418	-5.31012	-5.05873	-5.69399	0.733215	0.266785	0.370202
419	-9.48421	-10.4498	-9.13554	0.281199	0.718801	0.758463
420	-6.80855	-6.45587	-7.3693	0.784006	0.215994	0.326575
421	-4.59065	-4.24432	-5.12784	0.778899	0.221101	0.330962
422	-4.7373	-4.37444	-5.30411	0.786743	0.213257	0.324223
423	-8.23739	-7.93299	-8.71195	0.760368	0.239632	0.346878
424	-4.61273	-4.40181	-4.93257	0.712283	0.287717	0.388182
425	-8.02636	-8.85983	-7.59956	0.292238	0.707762	0.748981
426	-12.7194	-13.6439	-12.4834	0.313289	0.686711	0.730899
427	-13.3676	-14.0319	-13.0598	0.355172	0.644828	0.694924
428	-10.3247	-10.0236	-10.7925	0.758547	0.241453	0.348443
429	-9.62733	-9.23673	-10.2402	0.798864	0.201136	0.313813
430	-4.94343	-4.53137	-5.59109	0.80775	0.19225	0.30618
431	-7.81662	-8.65964	-7.37747	0.287731	0.712269	0.752852
432	-11.0235	-11.9078	-10.8771	0.34189	0.65811	0.706332
433	-5.04919	-4.89292	-5.28373	0.682772	0.317228	0.41353
434	-13.6506	-13.3178	-14.1802	0.775255	0.224745	0.334091
435	-7.23938	-6.80526	-7.91456	0.815331	0.184669	0.299668
436	-5.30744	-5.00641	-5.77175	0.757877	0.242123	0.349018
437	-11.933	-12.8938	-11.6409	0.293762	0.706238	0.747672
438	-4.43508	-4.09269	-4.96679	0.777271	0.222729	0.33236
439	-14.9772	-17.126	-13.9749	0.0586659	0.941334	0.949609
440	-4.61273	-4.40181	-4.93257	0.712283	0.287717	0.388182
441	-11.2186	-13.8227	-10.6191	0.0558341	0.944166	0.952041
442	-4.33519	-4.06943	-4.74226	0.7405	0.2595	0.363944
443	-4.59065	-4.24432	-5.12784	0.778899	0.221101	0.330962
444	-5.30545	-5.05467	-5.68855	0.732944	0.267056	0.370434
445	-4.61273	-4.40181	-4.93257	0.712283	0.287717	0.388182
446	-4.59065	-4.24432	-5.12784	0.778899	0.221101	0.330962
447	-4.90417	-4.47232	-5.58531	0.815887	0.184113	0.29919
448	-5.58784	-5.37719	-5.90745	0.712181	0.287819	0.388269
449	-8.65437	-8.42211	-9.00897	0.723641	0.276359	0.378425
450	-9.49575	-10.3102	-9.41499	0.372981	0.627019	0.679626
451	-7.35993	-6.97784	-7.95037	0.793846	0.206154	0.318123
452	-11.1433	-10.8494	-11.6081	0.756648	0.243352	0.350074
453	-4.99837	-4.63862	-5.55855	0.785106	0.214894	0.32563
454	-10.8932	-12.0574	-10.286	0.198504	0.801496	0.829494
455	-4.57793	-4.21946	-5.13541	0.784433	0.215567	0.326208
456	-16.386	-17.3008	-16.1513	0.315654	0.684346	0.728867
457	-14.3339	-16.3515	-13.323	0.0658214	0.934179	0.943462
458	-11.1844	-10.8226	-11.7413	0.78489	0.21511	0.325815
459	-8.79243	-8.69202	-8.93901	0.650837	0.349163	0.44096
460	-4.51189	-4.36818	-4.72079	0.674442	0.325558	0.420685
461	-24.2309	-28.3135	-22.0993	0.0029047	0.997095	0.997505
462	-7.53757	-7.31303	-7.86426	0.716459	0.283541	0.384595
463	-4.08779	-3.93948	-4.30351	0.676944	0.323056	0.418536
464	-4.43508	-4.09269	-4.96679	0.777271	0.222729	0.33236
465	-4.96432	-4.70049	-5.36828	0.739531	0.260469	0.364777
466	-8.89339	-8.52527	-9.48088	0.791063	0.208937	0.320513
467	-7.06426	-7.85178	-6.66032	0.306672	0.693328	0.736583
468	-23.7536	-26.8447	-22.025	0.0116124	0.988388	0.990025
469	-14.9611	-15.7291	-14.6384	0.32852	0.67148	0.717817
470	-19.3027	-22.8545	-18.05	0.0117888	0.988211	0.989874
