Sites	Ll	Ll_YN98.omega_1=0.273653	Ll_YN98.omega_1=1	Ll_YN98.omega_1=9.46518	Pr_YN98.omega_1=0.273653	Pr_YN98.omega_1=1	Pr_YN98.omega_1=9.46518	mean
182	-4.72939	-4.51987	-5.28713	-11.1302	0.87503	0.124958	1.17705e-05	0.364524
183	-5.14979	-4.97276	-5.61043	-10.6212	0.860142	0.139828	3.02764e-05	0.375495
184	-4.4651	-4.30069	-4.88825	-9.65084	0.853997	0.145963	4.05076e-05	0.380044
185	-4.95131	-4.7955	-5.35037	-9.78666	0.84986	0.150082	5.77212e-05	0.383195
186	-14.0888	-14.8235	-13.1163	-15.1398	0.369935	0.627371	0.00269394	0.754104
187	-9.68992	-10.1395	-9.31548	-11.056	0.586444	0.411213	0.00234325	0.593874
188	-7.19972	-7.3405	-6.93981	-11.1899	0.685219	0.314635	0.000145766	0.503527
189	-14.2284	-14.0833	-14.6033	-18.5445	0.845327	0.154576	9.75325e-05	0.386825
190	-11.8756	-12.4043	-11.4303	-11.8853	0.546022	0.444811	0.00916727	0.681001
191	-6.80834	-6.60785	-7.3542	-12.4515	0.872713	0.127262	2.52713e-05	0.366321
192	-9.91865	-10.173	-9.51508	-12.3144	0.626939	0.372325	0.00073594	0.550854
193	-5.29259	-5.14413	-5.67074	-9.90035	0.846206	0.153721	7.26936e-05	0.385976
194	-4.32627	-4.17011	-4.72604	-9.17524	0.849997	0.149946	5.69289e-05	0.383089
195	-8.19747	-8.42605	-7.80535	-10.9277	0.635734	0.363746	0.000520511	0.542643
196	-8.0327	-8.2557	-7.65231	-10.8563	0.639758	0.359767	0.000474474	0.53933
197	-7.53908	-7.66634	-7.31241	-11.8824	0.695243	0.304654	0.000102508	0.49588
198	-8.84163	-9.17204	-8.61568	-11.7889	0.650514	0.349011	0.000474657	0.531519
199	-4.96079	-4.75425	-5.51057	-10.8366	0.873822	0.126158	1.99292e-05	0.365471
200	-4.87039	-4.74729	-5.17578	-8.91684	0.832957	0.166915	0.000128656	0.396073
201	-11.7326	-12.1806	-11.468	-13.8501	0.613829	0.385016	0.00115505	0.563925
202	-4.40188	-4.21973	-4.87773	-9.9114	0.86257	0.137401	2.90773e-05	0.37372
203	-9.60972	-10.016	-9.24459	-11.0864	0.599272	0.398675	0.00205294	0.582099
204	-4.47787	-4.30503	-4.92713	-9.56059	0.858247	0.141708	4.47478e-05	0.376993
205	-4.64215	-4.42544	-5.22213	-10.9785	0.878211	0.121776	1.251e-05	0.362219
206	-4.75281	-4.55454	-5.27667	-10.6994	0.870005	0.129976	1.86409e-05	0.368232
207	-10.4463	-10.2183	-11.0675	-16.8331	0.883717	0.116271	1.18343e-05	0.358215
208	-6.46198	-6.2547	-7.00361	-12.3997	0.873004	0.126977	1.87018e-05	0.366054
209	-13.5648	-14.2981	-12.5883	-14.2832	0.368963	0.627295	0.00374161	0.763678
210	-8.41706	-8.65754	-7.96998	-10.7285	0.619965	0.379254	0.000780848	0.5563
211	-4.98835	-4.83323	-5.38573	-9.75966	0.849554	0.150385	6.15588e-05	0.38345
212	-7.92962	-7.70429	-8.53588	-13.2338	0.881876	0.118089	3.49623e-05	0.359747
213	-4.32627	-4.17011	-4.72604	-9.17524	0.849997	0.149946	5.69289e-05	0.383089
214	-9.02307	-8.84017	-9.50534	-14.2828	0.863411	0.136552	3.73365e-05	0.37318
215	-4.42542	-4.22714	-4.94947	-10.3308	0.870027	0.129954	1.94244e-05	0.368223
216	-5.07964	-4.86965	-5.63859	-11.5465	0.875215	0.124774	1.10161e-05	0.364383
217	-10.1481	-10.5045	-10.0398	-13.875	0.671198	0.328571	0.0002305	0.514428
218	-6.76677	-6.64929	-7.07328	-10.3231	0.832263	0.167526	0.000211049	0.397274
219	-5.14598	-5.0214	-5.45564	-9.2289	0.83376	0.166116	0.000123985	0.39545
220	-15.611	-15.9519	-15.4858	-18.9989	0.670818	0.328864	0.000318377	0.515448
221	-4.85156	-4.65224	-5.3787	-10.7661	0.870494	0.129487	1.92376e-05	0.367882
222	-4.85156	-4.65224	-5.3787	-10.7661	0.870494	0.129487	1.92376e-05	0.367882
223	-4.84494	-4.60713	-5.49007	-11.7581	0.887144	0.112849	6.95001e-06	0.355684
224	-12.2701	-12.1393	-12.6154	-16.0296	0.83944	0.160389	0.000171437	0.391727
225	-4.98629	-4.84137	-5.35357	-9.61665	0.844324	0.155605	7.11622e-05	0.38733
226	-10.3377	-10.1074	-10.962	-16.7718	0.884273	0.115716	1.12684e-05	0.357806
227	-4.24564	-4.09368	-4.63313	-9.03052	0.84788	0.15206	6.08012e-05	0.38466
228	-4.42542	-4.22714	-4.94947	-10.3308	0.870027	0.129954	1.94244e-05	0.368223
229	-4.85156	-4.65224	-5.3787	-10.7661	0.870494	0.129487	1.92376e-05	0.367882
230	-4.47787	-4.30503	-4.92713	-9.56059	0.858247	0.141708	4.47478e-05	0.376993
231	-9.91519	-9.72235	-10.4423	-15.5608	0.869756	0.130218	2.53177e-05	0.368469
232	-4.85156	-4.65224	-5.3787	-10.7661	0.870494	0.129487	1.92376e-05	0.367882
233	-5.2395	-5.00026	-5.88902	-12.1639	0.887726	0.112267	6.86668e-06	0.355261
234	-5.54997	-5.37155	-6.01468	-11.0539	0.860799	0.139172	2.92893e-05	0.375009
235	-14.0723	-13.8521	-14.6766	-20.36	0.881151	0.118836	1.31318e-05	0.36009
236	-6.79814	-6.6804	-7.10535	-10.3881	0.832403	0.167393	0.000204035	0.397114
237	-4.56561	-4.35847	-5.11723	-10.4928	0.874091	0.12589	1.89256e-05	0.365266
238	-10.1169	-10.4907	-9.97761	-13.2895	0.660332	0.339267	0.00040166	0.52377
239	-5.31953	-5.2003	-5.61459	-9.21631	0.830956	0.168894	0.000149646	0.397704
240	-4.9861	-4.77797	-5.54023	-11.0706	0.874477	0.125506	1.61636e-05	0.364963
241	-8.10782	-7.93609	-8.55429	-11.8912	0.857669	0.142167	0.000164163	0.378424
242	-5.14598	-5.0214	-5.45564	-9.2289	0.83376	0.166116	0.000123985	0.39545
243	-4.85156	-4.65224	-5.3787	-10.7661	0.870494	0.129487	1.92376e-05	0.367882
244	-12.3064	-12.2049	-12.5762	-15.3621	0.824675	0.174975	0.000350549	0.403967
245	-4.98835	-4.83323	-5.38573	-9.75966	0.849554	0.150385	6.15588e-05	0.38345
246	-10.7123	-11.0845	-10.5648	-13.8477	0.65883	0.340755	0.000415278	0.524976
247	-10.754	-10.5332	-11.3659	-16.7755	0.882013	0.117969	1.71428e-05	0.359497
248	-5.14979	-4.97276	-5.61043	-10.6212	0.860142	0.139828	3.02764e-05	0.375495
249	-6.79814	-6.6804	-7.10535	-10.3881	0.832403	0.167393	0.000204035	0.397114
250	-4.56561	-4.35847	-5.11723	-10.4928	0.874091	0.12589	1.89256e-05	0.365266
251	-17.0567	-17.4766	-16.8483	-19.7586	0.633884	0.365469	0.000646463	0.545052
252	-4.42542	-4.22714	-4.94947	-10.3308	0.870027	0.129954	1.94244e-05	0.368223
253	-7.19972	-7.3405	-6.93981	-11.1899	0.685219	0.314635	0.000145766	0.503527
254	-4.75281	-4.55454	-5.27667	-10.6994	0.870005	0.129976	1.86409e-05	0.368232
255	-9.62103	-9.48535	-9.96454	-13.8876	0.83991	0.159987	0.000102798	0.390804
256	-6.45064	-6.27906	-6.90966	-11.4287	0.859273	0.140677	4.98064e-05	0.376291
257	-4.99884	-4.90378	-5.22907	-8.104	0.817945	0.181722	0.000333048	0.408707
258	-4.60104	-4.47485	-4.91556	-8.67608	0.834654	0.165222	0.000124897	0.394809
259	-11.5425	-11.9189	-11.4476	-15.2255	0.669735	0.33002	0.000245168	0.515615
260	-4.42542	-4.22714	-4.94947	-10.3308	0.870027	0.129954	1.94244e-05	0.368223
261	-4.42542	-4.22714	-4.94947	-10.3308	0.870027	0.129954	1.94244e-05	0.368223
262	-10.4137	-10.1933	-11.0245	-16.4206	0.88185	0.118133	1.73985e-05	0.359618
263	-6.98284	-7.14903	-6.68863	-10.5656	0.672155	0.327625	0.00022045	0.513648
264	-4.60104	-4.47485	-4.91556	-8.67608	0.834654	0.165222	0.000124897	0.394809
265	-4.72058	-4.51981	-5.25202	-10.7669	0.871143	0.12884	1.68505e-05	0.36739
266	-9.4925	-9.84816	-9.3312	-12.6281	0.659453	0.340138	0.000408802	0.524469
267	-13.5172	-14.3674	-12.3522	-12.5021	0.296553	0.684312	0.0191343	0.946575
268	-4.42542	-4.22714	-4.94947	-10.3308	0.870027	0.129954	1.94244e-05	0.368223
269	-4.60104	-4.47485	-4.91556	-8.67608	0.834654	0.165222	0.000124897	0.394809
270	-12.9987	-13.4915	-12.5104	-13.0366	0.544615	0.44681	0.00857553	0.677014
271	-4.30668	-4.13645	-4.74824	-9.38334	0.856989	0.142966	4.5071e-05	0.37791
272	-4.72058	-4.51981	-5.25202	-10.7669	0.871143	0.12884	1.68505e-05	0.36739
273	-4.85156	-4.65224	-5.3787	-10.7661	0.870494	0.129487	1.92376e-05	0.367882
274	-5.01338	-4.86918	-5.37876	-9.59395	0.843976	0.155949	7.48181e-05	0.387614
275	-7.17079	-7.30691	-6.91934	-11.1486	0.68804	0.311813	0.0001475	0.501493
276	-5.3531	-5.19953	-5.7446	-10.319	0.848611	0.151338	5.06979e-05	0.384043
277	-4.64215	-4.42544	-5.22213	-10.9785	0.878211	0.121776	1.251e-05	0.362219
278	-12.8333	-13.579	-11.852	-13.6926	0.365152	0.631591	0.00325637	0.762338
279	-4.60104	-4.47485	-4.91556	-8.67608	0.834654	0.165222	0.000124897	0.394809
280	-11.7348	-12.3298	-11.2887	-13.2015	0.533234	0.464538	0.00222824	0.631549
281	-10.164	-10.4122	-9.72803	-11.9748	0.620442	0.378259	0.0012992	0.560342
282	-8.43639	-8.27023	-8.87499	-12.8781	0.85609	0.143824	8.5302e-05	0.378903
283	-4.95131	-4.7955	-5.35037	-9.78666	0.84986	0.150082	5.77212e-05	0.383195
284	-7.50917	-7.30863	-8.05836	-12.1742	0.873052	0.126881	6.72335e-05	0.36643
285	-4.57818	-4.37774	-5.10965	-10.2982	0.871103	0.128874	2.33598e-05	0.367475
286	-13.6414	-14.5912	-12.6934	-13.0415	0.322693	0.662122	0.015185	0.894156
287	-6.51275	-6.29879	-7.07384	-12.6286	0.875876	0.124108	1.55975e-05	0.363942
288	-12.3121	-12.787	-11.9589	-13.6966	0.585472	0.412173	0.00235545	0.594684
289	-4.57818	-4.37774	-5.10965	-10.2982	0.871103	0.128874	2.33598e-05	0.367475
290	-4.60104	-4.47485	-4.91556	-8.67608	0.834654	0.165222	0.000124897	0.394809
291	-4.32627	-4.17011	-4.72604	-9.17524	0.849997	0.149946	5.69289e-05	0.383089
292	-12.8914	-13.0467	-12.6346	-16.8549	0.682748	0.3171	0.000151355	0.505369
293	-11.3028	-11.7543	-10.9394	-12.6846	0.588671	0.409009	0.00231987	0.592059
294	-5.19521	-5.12518	-5.35906	-7.60057	0.803678	0.195646	0.000675546	0.421969
295	-11.0574	-11.4921	-10.7702	-13.0694	0.611578	0.38716	0.00126196	0.566465
296	-5.14598	-5.0214	-5.45564	-9.2289	0.83376	0.166116	0.000123985	0.39545
297	-12.1599	-12.3944	-11.8371	-15.1979	0.650345	0.349262	0.000393749	0.530957
298	-4.57818	-4.37774	-5.10965	-10.2982	0.871103	0.128874	2.33598e-05	0.367475
299	-4.24564	-4.09368	-4.63313	-9.03052	0.84788	0.15206	6.08012e-05	0.38466
300	-8.56614	-8.40182	-8.99052	-13.4263	0.854125	0.145819	5.61085e-05	0.380083
301	-9.8731	-9.67755	-10.3912	-15.6493	0.869036	0.130942	2.21389e-05	0.368965
302	-4.84494	-4.60713	-5.49007	-11.7581	0.887144	0.112849	6.95001e-06	0.355684
303	-15.1261	-16.0029	-14.26	-15.276	0.359952	0.632608	0.00743947	0.801526
304	-19.2105	-20.1348	-18.3626	-18.1879	0.347233	0.628458	0.024309	0.953569
305	-4.92243	-4.77839	-5.28886	-9.29282	0.844079	0.155829	9.23447e-05	0.387687
306	-10.6399	-11.0345	-10.4358	-13.2503	0.640682	0.35862	0.000698185	0.540553
307	-4.89444	-4.74538	-5.27496	-9.43148	0.846588	0.153334	7.80087e-05	0.385743
308	-5.14598	-5.0214	-5.45564	-9.2289	0.83376	0.166116	0.000123985	0.39545
309	-11.1147	-11.4999	-10.5588	-11.4368	0.555899	0.438185	0.00591597	0.646304
310	-13.5192	-13.3504	-13.9733	-18.2333	0.858317	0.141618	6.49612e-05	0.377114
311	-7.07355	-6.97089	-7.33917	-10.2228	0.824261	0.175421	0.00031872	0.403998
312	-9.88367	-10.8663	-9.17623	-11.5368	0.374224	0.623864	0.00191241	0.744372
313	-4.87039	-4.74729	-5.17578	-8.91684	0.832957	0.166915	0.000128656	0.396073
314	-5.29259	-5.14413	-5.67074	-9.90035	0.846206	0.153721	7.26936e-05	0.385976
315	-8.54752	-8.77363	-8.22951	-11.6011	0.653346	0.346267	0.000386215	0.528713
316	-14.7566	-15.1158	-14.5853	-17.434	0.65625	0.343104	0.000645501	0.528799
317	-4.89322	-4.64632	-5.56716	-11.8952	0.890884	0.10911	6.32826e-06	0.352963
318	-19.6149	-20.4176	-18.6498	-19.9398	0.354872	0.639411	0.00571748	0.790639
319	-9.97865	-9.72502	-10.6767	-17.0251	0.893845	0.106149	6.03263e-06	0.350809
320	-12.6205	-12.7855	-12.3133	-16.1129	0.669522	0.330238	0.000240068	0.515727
321	-5.40971	-5.33944	-5.57379	-7.84868	0.80377	0.195577	0.000653136	0.421713
322	-4.75281	-4.55454	-5.27667	-10.6994	0.870005	0.129976	1.86409e-05	0.368232
323	-5.03698	-4.94216	-5.26713	-8.08716	0.817881	0.181767	0.000351927	0.408914
324	-22.8229	-24.4641	-21.2967	-19.7471	0.106139	0.775263	0.118598	1.92686
325	-4.9861	-4.77797	-5.54023	-11.0706	0.874477	0.125506	1.61636e-05	0.364963
326	-9.076	-8.95149	-9.39159	-13.056	0.834559	0.165304	0.000137568	0.394985
327	-5.14979	-4.97276	-5.61043	-10.6212	0.860142	0.139828	3.02764e-05	0.375495
328	-4.89444	-4.74538	-5.27496	-9.43148	0.846588	0.153334	7.80087e-05	0.385743
329	-4.40188	-4.21973	-4.87773	-9.9114	0.86257	0.137401	2.90773e-05	0.37372
330	-15.1064	-15.9852	-13.9195	-13.7199	0.283824	0.688856	0.0273201	1.02511
331	-8.31723	-8.69567	-7.74213	-8.6166	0.552808	0.441214	0.00597766	0.649071
332	-4.95444	-4.85846	-5.18679	-8.11036	0.818409	0.181275	0.000316454	0.40823
333	-6.919	-6.72407	-7.44923	-12.4288	0.870339	0.129632	2.89592e-05	0.368077
334	-8.70377	-9.07428	-8.43911	-10.9338	0.632085	0.366932	0.000983575	0.549213
335	-7.13601	-7.27747	-6.8753	-11.1214	0.6849	0.314953	0.000146502	0.503765
336	-7.00729	-6.76423	-7.65478	-13.7954	0.887903	0.11209	7.84094e-06	0.355141
337	-4.60104	-4.47485	-4.91556	-8.67608	0.834654	0.165222	0.000124897	0.394809
338	-4.60104	-4.47485	-4.91556	-8.67608	0.834654	0.165222	0.000124897	0.394809
339	-9.22331	-9.06057	-9.64308	-14.0617	0.853352	0.146591	5.73857e-05	0.380656
340	-4.57818	-4.37774	-5.10965	-10.2982	0.871103	0.128874	2.33598e-05	0.367475
341	-7.16956	-7.02738	-7.54638	-11.2862	0.845174	0.154707	0.000119395	0.387121
342	-4.24564	-4.09368	-4.63313	-9.03052	0.84788	0.15206	6.08012e-05	0.38466
343	-9.30526	-9.14268	-9.72448	-14.1209	0.853262	0.146679	5.87052e-05	0.380732
344	-9.2553	-9.57798	-9.14986	-12.9127	0.67921	0.320549	0.000241752	0.508704
345	-13.7327	-13.5975	-14.0817	-17.0039	0.84044	0.159281	0.00027845	0.391905
346	-6.51275	-6.29879	-7.07384	-12.6286	0.875876	0.124108	1.55975e-05	0.363942
347	-13.8061	-15.1063	-13.1432	-13.6697	0.309352	0.677646	0.013002	0.885367
348	-6.98758	-6.81641	-7.44544	-12.0174	0.859085	0.140868	4.73054e-05	0.376407
349	-6.1192	-5.98767	-6.48536	-9.82094	0.842314	0.157503	0.000182106	0.389729
350	-9.44222	-9.7933	-9.28323	-12.7085	0.661031	0.338612	0.000357904	0.522892
351	-4.9861	-4.77797	-5.54023	-11.0706	0.874477	0.125506	1.61636e-05	0.364963
352	-8.91282	-9.24384	-8.67797	-11.6471	0.648279	0.351135	0.000585683	0.534082
353	-16.9319	-18.2144	-16.7463	-16.6424	0.419583	0.560226	0.0201908	0.866156
354	-12.9706	-13.1163	-12.7062	-16.5945	0.683125	0.316665	0.000210666	0.505597
355	-8.03935	-8.30886	-7.58594	-10.0127	0.611407	0.387481	0.00111168	0.565317
356	-4.99884	-4.90378	-5.22907	-8.104	0.817945	0.181722	0.000333048	0.408707
357	-16.3633	-17.3536	-15.307	-15.1444	0.288014	0.685776	0.0262102	1.01268
358	-4.92243	-4.77839	-5.28886	-9.29282	0.844079	0.155829	9.23447e-05	0.387687
359	-9.89596	-10.8748	-9.1889	-11.4967	0.375179	0.622809	0.00201249	0.744526
360	-14.405	-14.5598	-14.1259	-18.196	0.677994	0.321828	0.000178504	0.509052
361	-5.2395	-5.00026	-5.88902	-12.1639	0.887726	0.112267	6.86668e-06	0.355261
362	-5.31953	-5.2003	-5.61459	-9.21631	0.830956	0.168894	0.000149646	0.397704
363	-5.35791	-5.20186	-5.75706	-10.3086	0.849907	0.150041	5.14256e-05	0.383107
364	-4.84494	-4.60713	-5.49007	-11.7581	0.887144	0.112849	6.95001e-06	0.355684
365	-4.72939	-4.51987	-5.28713	-11.1302	0.87503	0.124958	1.17705e-05	0.364524
366	-14.7916	-15.1462	-14.7338	-18.3119	0.682601	0.317111	0.000287699	0.50663
367	-4.87039	-4.74729	-5.17578	-8.91684	0.832957	0.166915	0.000128656	0.396073
368	-16.5047	-17.4546	-15.5761	-16.5143	0.329131	0.662448	0.00842116	0.832223
369	-11.3246	-11.7404	-11.0071	-12.9793	0.608551	0.389687	0.00176156	0.572892
370	-11.2374	-11.6138	-11.1358	-14.4294	0.668147	0.331453	0.00039965	0.518076
371	-8.34963	-8.14652	-8.87486	-14.1062	0.870703	0.129275	2.24498e-05	0.367757
372	-5.03698	-4.94216	-5.26713	-8.08716	0.817881	0.181767	0.000351927	0.408914
373	-15.2663	-15.5444	-14.8481	-17.3495	0.617768	0.381217	0.00101512	0.559879
374	-6.98284	-7.14903	-6.68863	-10.5656	0.672155	0.327625	0.00022045	0.513648
375	-4.72058	-4.51981	-5.25202	-10.7669	0.871143	0.12884	1.68505e-05	0.36739
376	-5.07964	-4.86965	-5.63859	-11.5465	0.875215	0.124774	1.10161e-05	0.364383
377	-4.97928	-4.74293	-5.61991	-11.7871	0.886545	0.113447	7.72836e-06	0.356126
378	-8.12711	-8.36437	-7.72277	-10.6911	0.630823	0.368561	0.000615207	0.547011
379	-4.89322	-4.64632	-5.56716	-11.8952	0.890884	0.10911	6.32826e-06	0.352963
380	-10.2446	-10.6146	-10.1128	-13.5904	0.662902	0.33676	0.000337825	0.521363
381	-4.87039	-4.74729	-5.17578	-8.91684	0.832957	0.166915	0.000128656	0.396073
382	-11.4915	-11.8692	-11.2752	-14.3313	0.641864	0.357589	0.000546753	0.538412
383	-7.12749	-7.32754	-6.76932	-10.1769	0.650156	0.349468	0.000375971	0.530943
384	-10.3974	-10.7887	-10.2028	-13.1902	0.6437	0.355718	0.000582566	0.537382
385	-12.9489	-12.8234	-13.2779	-16.6941	0.836506	0.16332	0.000174218	0.393881
386	-9.19121	-9.56133	-8.98327	-12.0291	0.645523	0.353931	0.000546749	0.535755
387	-11.1255	-11.2709	-10.8645	-15.037	0.683968	0.315874	0.000158145	0.50454
388	-5.31953	-5.2003	-5.61459	-9.21631	0.830956	0.168894	0.000149646	0.397704
389	-17.4283	-17.937	-16.9815	-17.1038	0.548639	0.43875	0.0126116	0.708257
390	-4.42542	-4.22714	-4.94947	-10.3308	0.870027	0.129954	1.94244e-05	0.368223
391	-4.72058	-4.51981	-5.25202	-10.7669	0.871143	0.12884	1.68505e-05	0.36739
392	-7.16956	-7.02738	-7.54638	-11.2862	0.845174	0.154707	0.000119395	0.387121
393	-4.57818	-4.37774	-5.10965	-10.2982	0.871103	0.128874	2.33598e-05	0.367475
394	-9.88988	-10.2214	-9.86253	-13.8261	0.694145	0.305667	0.00018861	0.497406
395	-14.9127	-15.3376	-14.6381	-16.9828	0.616902	0.381909	0.00118944	0.561984
396	-4.40188	-4.21973	-4.87773	-9.9114	0.86257	0.137401	2.90773e-05	0.37372
397	-4.60104	-4.47485	-4.91556	-8.67608	0.834654	0.165222	0.000124897	0.394809
398	-4.24564	-4.09368	-4.63313	-9.03052	0.84788	0.15206	6.08012e-05	0.38466
399	-5.24457	-5.16411	-5.4368	-7.86611	0.809821	0.189636	0.000542678	0.416382
400	-7.93785	-7.81327	-8.27265	-11.5242	0.837145	0.16265	0.000204536	0.393673
401	-9.93734	-10.2871	-9.81179	-13.4827	0.668825	0.330902	0.000273599	0.516517
402	-7.34819	-7.52555	-7.03556	-10.7748	0.665578	0.334164	0.000258034	0.518744
403	-12.63	-12.823	-12.2768	-15.6748	0.652891	0.346732	0.000376661	0.528963
404	-18.2436	-19.7242	-16.2817	-13.499	0.0638352	0.61387	0.322295	3.68192
405	-4.93265	-4.69645	-5.57304	-11.7011	0.886505	0.113487	8.03967e-06	0.356157
406	-10.961	-11.1959	-10.537	-13.3494	0.626716	0.372557	0.000726854	0.550939
407	-6.45064	-6.27906	-6.90966	-11.4287	0.859273	0.140677	4.98064e-05	0.376291
408	-8.8434	-8.75197	-9.06407	-11.7805	0.815923	0.183682	0.000394451	0.410695
409	-4.40188	-4.21973	-4.87773	-9.9114	0.86257	0.137401	2.90773e-05	0.37372
410	-7.93785	-7.81327	-8.27265	-11.5242	0.837145	0.16265	0.000204536	0.393673
411	-7.01415	-6.91861	-7.26454	-9.91754	0.82093	0.178661	0.000408794	0.40718
412	-8.05655	-8.28429	-7.66534	-10.8097	0.636145	0.363347	0.000508617	0.542244
413	-9.57416	-9.96397	-9.31338	-12.1263	0.628662	0.370615	0.00072269	0.549491
414	-4.87039	-4.74729	-5.17578	-8.91684	0.832957	0.166915	0.000128656	0.396073
415	-4.60104	-4.47485	-4.91556	-8.67608	0.834654	0.165222	0.000124897	0.394809
416	-10.7976	-10.6854	-11.0707	-14.4025	0.826802	0.172997	0.000200771	0.401154
417	-9.75782	-10.1309	-9.6243	-12.7153	0.661715	0.337787	0.000498761	0.523588
418	-5.29664	-5.148	-5.67601	-9.80481	0.846382	0.153538	8.0308e-05	0.385912
419	-9.4849	-9.89122	-9.12326	-10.9957	0.600147	0.397866	0.00198696	0.580905
420	-6.80834	-6.60785	-7.3542	-12.4515	0.872713	0.127262	2.52713e-05	0.366321
421	-4.57818	-4.37774	-5.10965	-10.2982	0.871103	0.128874	2.33598e-05	0.367475
422	-4.72939	-4.51987	-5.28713	-11.1302	0.87503	0.124958	1.17705e-05	0.364524
423	-8.23868	-8.06606	-8.70246	-12.3705	0.859915	0.139969	0.000116058	0.376385
424	-4.60104	-4.47485	-4.91556	-8.67608	0.834654	0.165222	0.000124897	0.394809
425	-8.03935	-8.30886	-7.58594	-10.0127	0.611407	0.387481	0.00111168	0.565317
426	-12.726	-13.1371	-12.4876	-14.7219	0.628562	0.370151	0.00128731	0.554343
427	-13.3869	-13.5641	-13.0666	-16.7808	0.663906	0.335828	0.000265896	0.520024
428	-10.3316	-10.1579	-10.7861	-15.6435	0.85899	0.140974	3.5582e-05	0.376376
429	-9.62533	-9.4035	-10.2236	-15.7604	0.880692	0.119292	1.52641e-05	0.360441
430	-4.93265	-4.69645	-5.57304	-11.7011	0.886505	0.113487	8.03967e-06	0.356157
431	-7.82853	-8.1041	-7.36347	-9.61501	0.607061	0.3916	0.00133866	0.570395
432	-10.9901	-11.4016	-10.8639	-14.0831	0.654758	0.344795	0.00044784	0.52821
433	-5.03698	-4.94216	-5.26713	-8.08716	0.817881	0.181767	0.000351927	0.408914
434	-13.6816	-13.4931	-14.1904	-19.2315	0.867162	0.13281	2.78984e-05	0.370375
435	-7.2373	-6.99055	-7.89699	-14.0664	0.889475	0.110518	7.51217e-06	0.353996
436	-5.29499	-5.11864	-5.75377	-10.7037	0.859834	0.140134	3.22466e-05	0.375735
437	-11.9042	-12.3465	-11.6291	-13.7314	0.61246	0.386009	0.00153191	0.56811
438	-4.42542	-4.22714	-4.94947	-10.3308	0.870027	0.129954	1.94244e-05	0.368223
439	-14.9893	-15.9507	-13.9799	-14.2997	0.306807	0.677215	0.0159775	0.912404
440	-4.60104	-4.47485	-4.91556	-8.67608	0.834654	0.165222	0.000124897	0.394809
441	-11.2758	-12.64	-10.6275	-11.0351	0.298429	0.686732	0.0148398	0.908858
442	-4.32627	-4.17011	-4.72604	-9.17524	0.849997	0.149946	5.69289e-05	0.383089
443	-4.57818	-4.37774	-5.10965	-10.2982	0.871103	0.128874	2.33598e-05	0.367475
444	-5.29259	-5.14413	-5.67074	-9.90035	0.846206	0.153721	7.26936e-05	0.385976
445	-4.60104	-4.47485	-4.91556	-8.67608	0.834654	0.165222	0.000124897	0.394809
446	-4.57818	-4.37774	-5.10965	-10.2982	0.871103	0.128874	2.33598e-05	0.367475
447	-4.89322	-4.64632	-5.56716	-11.8952	0.890884	0.10911	6.32826e-06	0.352963
448	-5.57733	-5.45123	-5.89117	-9.71116	0.834553	0.165329	0.000117763	0.394821
449	-8.65434	-8.51876	-8.99931	-12.8483	0.840086	0.159803	0.000110576	0.390741
450	-9.48867	-9.82407	-9.39761	-13.0874	0.679559	0.320181	0.000259777	0.508603
451	-7.36065	-7.14145	-7.93608	-13.7424	0.877993	0.121996	1.19222e-05	0.362373
452	-11.174	-11.0076	-11.6199	-15.8983	0.857038	0.142898	6.43578e-05	0.378038
453	-4.9861	-4.77797	-5.54023	-11.0706	0.874477	0.125506	1.61636e-05	0.364963
454	-10.8718	-11.4288	-10.2865	-9.8866	0.497333	0.479437	0.02323	0.835409
455	-4.56561	-4.35847	-5.11723	-10.4928	0.874091	0.12589	1.89256e-05	0.365266
456	-16.4268	-16.8128	-16.1699	-17.7346	0.629324	0.368174	0.00250137	0.564067
457	-14.3913	-15.2124	-13.339	-14.6351	0.3311	0.663007	0.00589231	0.809386
458	-11.2127	-11.0064	-11.7485	-17.0289	0.872241	0.127737	2.11226e-05	0.366629
459	-8.80857	-8.74512	-8.94683	-10.9784	0.798426	0.200719	0.000854977	0.427303
460	-4.50525	-4.41432	-4.70687	-7.47906	0.812987	0.186634	0.000379056	0.412698
461	-24.0653	-26.3679	-22.2203	-17.0852	0.00782031	0.152221	0.839959	8.10472
462	-7.54764	-7.40997	-7.86069	-11.8734	0.836053	0.163851	9.62526e-05	0.39355
463	-4.08749	-3.99403	-4.29431	-7.16339	0.814189	0.185469	0.000341908	0.41151
464	-4.42542	-4.22714	-4.94947	-10.3308	0.870027	0.129954	1.94244e-05	0.368223
465	-4.95131	-4.7955	-5.35037	-9.78666	0.84986	0.150082	5.77212e-05	0.383195
466	-8.90086	-8.69334	-9.47154	-14.8341	0.876215	0.123766	1.8851e-05	0.363723
467	-7.07809	-7.31978	-6.65083	-9.44707	0.624359	0.374898	0.000743326	0.552791
468	-23.8685	-25.1485	-22.1061	-21.4525	0.127425	0.821288	0.051287	1.3416
469	-14.9954	-15.2405	-14.6474	-17.6441	0.642056	0.357364	0.000579824	0.538553
470	-19.0342	-21.1182	-18.0903	-17.1974	0.127281	0.808576	0.0641426	1.45053
