Sites	Ll	Ll_YN98.omega_1=0.0277888	Ll_YN98.omega_1=0.244906	Ll_YN98.omega_1=0.679318	Ll_YN98.omega_1=0.965745	Pr_YN98.omega_1=0.0277888	Pr_YN98.omega_1=0.244906	Pr_YN98.omega_1=0.679318	Pr_YN98.omega_1=0.965745	mean
182	-4.73721	-4.24187	-4.49752	-4.97982	-5.27851	0.38356	0.297035	0.183378	0.136028	0.339344
183	-5.16449	-4.75528	-4.96467	-5.36176	-5.60922	0.359443	0.291536	0.195993	0.153028	0.362315
184	-4.4765	-4.09848	-4.29088	-4.65759	-4.8873	0.350745	0.289356	0.200527	0.159371	0.370745
185	-4.96751	-4.61165	-4.79286	-5.13742	-5.35281	0.3446	0.287485	0.203693	0.164223	0.376952
186	-14.074	-18.9997	-14.9497	-13.4824	-13.1346	0.00151537	0.0869836	0.377275	0.534226	0.793561
187	-9.71516	-12.2436	-10.2227	-9.50177	-9.33931	0.0236337	0.178311	0.366687	0.431369	0.710015
188	-7.19937	-9.28318	-7.41247	-6.96304	-6.96106	0.0358843	0.232994	0.3652	0.365922	0.659533
189	-14.1803	-13.836	-14.0104	-14.3457	-14.5573	0.341681	0.286995	0.205227	0.166097	0.379603
190	-11.9355	-14.5725	-12.5011	-11.6841	-11.4616	0.0202659	0.160834	0.364095	0.454805	0.726514
191	-6.80638	-6.31869	-6.57423	-7.05136	-7.34343	0.382554	0.296287	0.183864	0.137295	0.340687
192	-9.8535	-12.1662	-10.2039	-9.59498	-9.50263	0.0281322	0.20019	0.368034	0.403644	0.689638
193	-5.30856	-4.97093	-5.14228	-5.46921	-5.6742	0.339551	0.286081	0.206303	0.168065	0.381952
194	-4.3361	-3.97674	-4.1596	-4.50776	-4.72559	0.345567	0.287817	0.203194	0.163422	0.375948
195	-8.17833	-10.4593	-8.50782	-7.91561	-7.83135	0.0288927	0.203378	0.367702	0.400028	0.686722
196	-8.01543	-10.2827	-8.33729	-7.75614	-7.67837	0.0293877	0.205603	0.367638	0.397371	0.684672
197	-7.53749	-9.58852	-7.73461	-7.31571	-7.33186	0.0375342	0.239644	0.364328	0.358494	0.653442
198	-8.8332	-11.1641	-9.24009	-8.69354	-8.63357	0.0310212	0.212434	0.366933	0.389612	0.678418
199	-4.97646	-4.48717	-4.74223	-5.21594	-5.50521	0.381873	0.295901	0.184255	0.137971	0.341492
200	-4.8825	-4.60752	-4.74547	-5.01162	-5.18047	0.322313	0.280781	0.215168	0.181739	0.399402
201	-11.7592	-14.2194	-12.2386	-11.592	-11.4747	0.0265644	0.192549	0.367566	0.413321	0.696751
202	-4.41581	-3.99174	-4.20979	-4.62086	-4.87557	0.363592	0.292357	0.193817	0.150235	0.358455
203	-9.62491	-12.1088	-10.1072	-9.41935	-9.27522	0.0249191	0.184419	0.36689	0.423772	0.704348
204	-4.49339	-4.09183	-4.2985	-4.68695	-4.92683	0.357313	0.2906	0.197057	0.155029	0.364682
205	-4.65726	-4.14298	-4.41124	-4.90994	-5.21496	0.388883	0.297384	0.180606	0.133127	0.334893
206	-4.76572	-4.29984	-4.54052	-4.99268	-5.27183	0.375294	0.295016	0.187705	0.141984	0.347312
207	-10.4403	-9.88277	-10.1756	-10.7189	-11.0497	0.401475	0.299555	0.173985	0.124985	0.323414
208	-6.46435	-5.97125	-6.22567	-6.70234	-6.99542	0.382285	0.296411	0.184027	0.137277	0.340803
209	-13.5638	-18.4881	-14.439	-12.9693	-12.6172	0.00151008	0.0865927	0.376498	0.535399	0.79407
210	-8.38169	-10.6985	-8.72382	-8.09107	-7.98375	0.0271226	0.195401	0.367898	0.409579	0.694077
211	-5.00506	-4.65064	-4.83126	-5.17429	-5.38847	0.344203	0.287324	0.203891	0.164582	0.377383
212	-7.92487	-7.37426	-7.66105	-8.19488	-8.51814	0.398501	0.299141	0.175404	0.126954	0.326095
213	-4.3361	-3.97674	-4.1596	-4.50776	-4.72559	0.345567	0.287817	0.203194	0.163422	0.375948
214	-9.01948	-8.5824	-8.80874	-9.23321	-9.49426	0.367533	0.293088	0.191713	0.147667	0.354834
215	-4.43632	-3.96907	-4.21064	-4.66404	-4.94366	0.37568	0.295059	0.187498	0.141763	0.346979
216	-5.09131	-4.59667	-4.85203	-5.3334	-5.63153	0.383349	0.296956	0.1835	0.136195	0.339563
217	-10.163	-12.4549	-10.5608	-10.0735	-10.0515	0.0338671	0.225103	0.366434	0.374597	0.66676
218	-6.76576	-6.4897	-6.63074	-6.89985	-7.06838	0.323349	0.280813	0.214557	0.18128	0.398581
219	-5.15822	-4.87986	-5.0194	-5.28899	-5.4602	0.323238	0.281139	0.214703	0.18092	0.398409
220	-15.5729	-17.8535	-15.9641	-15.4837	-15.4645	0.0342299	0.226455	0.366117	0.373198	0.665535
221	-4.86262	-4.39243	-4.63576	-5.09189	-5.37285	0.376503	0.295183	0.187067	0.141247	0.346242
222	-4.86262	-4.39243	-4.63576	-5.09189	-5.37285	0.376503	0.295183	0.187067	0.141247	0.346242
223	-4.85854	-4.28838	-4.58727	-5.14141	-5.47925	0.404576	0.300052	0.172398	0.122974	0.320602
224	-12.2245	-11.9101	-12.0712	-12.3786	-12.571	0.334044	0.284364	0.209093	0.1725	0.387556
225	-4.99984	-4.67146	-4.83744	-5.15567	-5.35621	0.336989	0.28545	0.207646	0.169915	0.384425
226	-10.3309	-9.76681	-10.0633	-10.612	-10.9451	0.403114	0.299673	0.173133	0.124081	0.322036
227	-4.25071	-3.90103	-4.07849	-4.41745	-4.63017	0.342891	0.287135	0.204588	0.165385	0.37855
228	-4.43632	-3.96907	-4.21064	-4.66404	-4.94366	0.37568	0.295059	0.187498	0.141763	0.346979
229	-4.86262	-4.39243	-4.63576	-5.09189	-5.37285	0.376503	0.295183	0.187067	0.141247	0.346242
230	-4.49339	-4.09183	-4.2985	-4.68695	-4.92683	0.357313	0.2906	0.197057	0.155029	0.364682
231	-9.90752	-9.43737	-9.68249	-10.143	-10.4268	0.377618	0.295528	0.186459	0.140395	0.345121
232	-4.86262	-4.39243	-4.63576	-5.09189	-5.37285	0.376503	0.295183	0.187067	0.141247	0.346242
233	-5.25322	-4.679	-4.98037	-5.53829	-5.87799	0.405718	0.300152	0.171807	0.122323	0.319628
234	-5.56494	-5.15217	-5.36359	-5.76405	-6.01339	0.360435	0.291751	0.195475	0.152338	0.361377
235	-14.0187	-13.4727	-13.7578	-14.2942	-14.6247	0.398779	0.299851	0.175358	0.126013	0.325336
236	-6.79569	-6.51908	-6.6603	-6.93005	-7.09925	0.323508	0.280902	0.214488	0.181102	0.398388
237	-4.5811	-4.09054	-4.34609	-4.82126	-5.11172	0.38223	0.296034	0.184069	0.137668	0.341115
238	-10.1425	-12.4655	-10.5571	-10.0386	-9.99491	0.0323676	0.218228	0.366521	0.382883	0.673096
239	-5.33225	-5.06662	-5.19968	-5.45677	-5.62007	0.319761	0.279924	0.216464	0.183851	0.402042
240	-5.00124	-4.50966	-4.76499	-5.24185	-5.53461	0.382506	0.296314	0.183931	0.137249	0.340693
241	-8.09575	-7.64705	-7.89603	-8.31522	-8.54229	0.370267	0.288659	0.189815	0.151258	0.356005
242	-5.15822	-4.87986	-5.0194	-5.28899	-5.4602	0.323238	0.281139	0.214703	0.18092	0.398409
243	-4.86262	-4.39243	-4.63576	-5.09189	-5.37285	0.376503	0.295183	0.187067	0.141247	0.346242
244	-12.2606	-12.015	-12.1414	-12.3815	-12.5312	0.315328	0.277898	0.218583	0.188192	0.407054
245	-5.00506	-4.65064	-4.83126	-5.17429	-5.38847	0.344203	0.287324	0.203891	0.164582	0.377383
246	-10.7365	-13.0648	-11.1529	-10.6284	-10.5816	0.032073	0.217019	0.366669	0.384239	0.674202
247	-10.7138	-10.163	-10.4535	-10.9954	-11.3263	0.400732	0.299719	0.174331	0.125218	0.323894
248	-5.16449	-4.75528	-4.96467	-5.36176	-5.60922	0.359443	0.291536	0.195993	0.153028	0.362315
249	-6.79569	-6.51908	-6.6603	-6.93005	-7.09925	0.323508	0.280902	0.214488	0.181102	0.398388
250	-4.5811	-4.09054	-4.34609	-4.82126	-5.11172	0.38223	0.296034	0.184069	0.137668	0.341115
251	-17.0526	-19.4543	-17.503	-16.9137	-16.8326	0.0289982	0.204097	0.367926	0.39898	0.686041
252	-4.43632	-3.96907	-4.21064	-4.66404	-4.94366	0.37568	0.295059	0.187498	0.141763	0.346979
253	-7.19937	-9.28318	-7.41247	-6.96304	-6.96106	0.0358843	0.232994	0.3652	0.365922	0.659533
254	-4.76572	-4.29984	-4.54052	-4.99268	-5.27183	0.375294	0.295016	0.187705	0.141984	0.347312
255	-9.61516	-9.30204	-9.46018	-9.76396	-9.95566	0.332893	0.284202	0.209748	0.173158	0.388565
256	-6.45312	-6.04177	-6.25544	-6.65666	-6.90391	0.360936	0.291499	0.195157	0.152408	0.361181
257	-5.01419	-4.806	-4.90962	-5.11073	-5.23904	0.30419	0.274247	0.224286	0.197277	0.418499
258	-4.61564	-4.33307	-4.47521	-4.74858	-4.92146	0.324388	0.281408	0.214097	0.180107	0.39731
259	-11.5669	-13.8683	-11.9719	-11.4803	-11.4556	0.0336495	0.22417	0.366505	0.375675	0.667615
260	-4.43632	-3.96907	-4.21064	-4.66404	-4.94366	0.37568	0.295059	0.187498	0.141763	0.346979
261	-4.43632	-3.96907	-4.21064	-4.66404	-4.94366	0.37568	0.295059	0.187498	0.141763	0.346979
262	-10.3749	-9.82526	-10.115	-10.6556	-10.9858	0.400371	0.299666	0.17452	0.125443	0.324217
263	-6.97823	-9.11798	-7.22519	-6.73668	-6.71207	0.0338462	0.224667	0.366182	0.375305	0.667165
264	-4.61564	-4.33307	-4.47521	-4.74858	-4.92146	0.324388	0.281408	0.214097	0.180107	0.39731
265	-4.73427	-4.2627	-4.50635	-4.9642	-5.24697	0.376887	0.295389	0.186877	0.140847	0.345787
266	-9.5085	-11.8285	-9.91839	-9.39657	-9.35087	0.0322081	0.217532	0.36656	0.3837	0.673737
267	-13.4764	-18.6786	-14.5195	-12.85	-12.38	0.00105402	0.0674764	0.358261	0.573208	0.813501
268	-4.43632	-3.96907	-4.21064	-4.66404	-4.94366	0.37568	0.295059	0.187498	0.141763	0.346979
269	-4.61564	-4.33307	-4.47521	-4.74858	-4.92146	0.324388	0.281408	0.214097	0.180107	0.39731
270	-12.964	-15.5123	-13.5217	-12.7455	-12.4988	0.022428	0.164179	0.35678	0.456613	0.72417
271	-4.32082	-3.92606	-4.1285	-4.51077	-4.74792	0.355414	0.290279	0.198061	0.156245	0.366407
272	-4.73427	-4.2627	-4.50635	-4.9642	-5.24697	0.376887	0.295389	0.186877	0.140847	0.345787
273	-4.86262	-4.39243	-4.63576	-5.09189	-5.37285	0.376503	0.295183	0.187067	0.141247	0.346242
274	-5.02742	-4.70069	-4.86591	-5.18246	-5.38179	0.336536	0.285284	0.207874	0.170307	0.384905
275	-7.17404	-9.24477	-7.37947	-6.93859	-6.94086	0.0363542	0.234772	0.364851	0.364023	0.65791
276	-5.36448	-5.01484	-5.19164	-5.531	-5.74503	0.342868	0.287305	0.204627	0.165199	0.378438
277	-4.65726	-4.14298	-4.41124	-4.90994	-5.21496	0.388883	0.297384	0.180606	0.133127	0.334893
278	-12.8311	-17.7748	-13.7181	-12.2371	-11.8802	0.00147944	0.0854882	0.375899	0.537133	0.795066
279	-4.61564	-4.33307	-4.47521	-4.74858	-4.92146	0.324388	0.281408	0.214097	0.180107	0.39731
280	-11.694	-14.5376	-12.3774	-11.5031	-11.2884	0.0177837	0.154239	0.369714	0.458262	0.731987
281	-10.1095	-12.4135	-10.4441	-9.81892	-9.71441	0.0274556	0.196747	0.367648	0.40815	0.692866
282	-8.42989	-8.03352	-8.2374	-8.62296	-8.86164	0.356243	0.290538	0.197587	0.155632	0.365579
283	-4.96751	-4.61165	-4.79286	-5.13742	-5.35281	0.3446	0.287485	0.203693	0.164223	0.376952
284	-7.4998	-7.00676	-7.26428	-7.74611	-8.03921	0.383653	0.29655	0.183165	0.136632	0.339666
285	-4.59394	-4.12037	-4.3668	-4.82512	-5.10535	0.377463	0.29502	0.186555	0.140962	0.345605
286	-13.649	-18.8522	-14.7401	-13.1501	-12.7227	0.00121838	0.0744088	0.364896	0.559477	0.806449
287	-6.51434	-6.0039	-6.26768	-6.76132	-7.06446	0.387105	0.297352	0.181503	0.13404	0.336327
288	-12.3506	-14.8884	-12.8659	-12.1423	-11.9784	0.0235322	0.177832	0.366676	0.43196	0.710458
289	-4.59394	-4.12037	-4.3668	-4.82512	-5.10535	0.377463	0.29502	0.186555	0.140962	0.345605
290	-4.61564	-4.33307	-4.47521	-4.74858	-4.92146	0.324388	0.281408	0.214097	0.180107	0.39731
291	-4.3361	-3.97674	-4.1596	-4.50776	-4.72559	0.345567	0.287817	0.203194	0.163422	0.375948
292	-12.8033	-14.9009	-13.0271	-12.5829	-12.5903	0.0360398	0.234713	0.365978	0.36327	0.657925
293	-11.3313	-13.8554	-11.8376	-11.122	-10.9625	0.0238384	0.179292	0.366727	0.430143	0.709104
294	-5.20912	-5.05957	-5.13322	-5.27757	-5.37065	0.288536	0.268048	0.232018	0.211398	0.435435
295	-11.0727	-13.5352	-11.5512	-10.8987	-10.7776	0.026318	0.191365	0.367506	0.414811	0.697853
296	-5.15822	-4.87986	-5.0194	-5.28899	-5.4602	0.323238	0.281139	0.214703	0.18092	0.398409
297	-12.1019	-14.3509	-12.4248	-11.8813	-11.8273	0.0310988	0.213431	0.367537	0.387933	0.677454
298	-4.59394	-4.12037	-4.3668	-4.82512	-5.10535	0.377463	0.29502	0.186555	0.140962	0.345605
299	-4.25071	-3.90103	-4.07849	-4.41745	-4.63017	0.342891	0.287135	0.204588	0.165385	0.37855
300	-8.56804	-8.1826	-8.37977	-8.75327	-8.98549	0.35283	0.289691	0.1994	0.158079	0.368872
301	-9.86824	-9.40051	-9.64226	-10.0974	-10.3786	0.376024	0.295272	0.187308	0.141396	0.346557
302	-4.85854	-4.28838	-4.58727	-5.14141	-5.47925	0.404576	0.300052	0.172398	0.122974	0.320602
303	-15.1135	-20.1961	-16.1427	-14.6554	-14.2867	0.0014665	0.0844585	0.373726	0.540349	0.796443
304	-19.1556	-24.2582	-20.2052	-18.7108	-18.3311	0.00144881	0.0834115	0.371733	0.543407	0.797785
305	-4.93967	-4.61198	-4.77859	-5.09543	-5.29343	0.336806	0.285117	0.207693	0.170384	0.384823
306	-10.6662	-13.0464	-11.1066	-10.5313	-10.454	0.0296855	0.206526	0.367155	0.396633	0.683866
307	-4.91123	-4.57137	-4.74429	-5.07311	-5.27858	0.34017	0.286153	0.205966	0.16771	0.381415
308	-5.15822	-4.87986	-5.0194	-5.28899	-5.4602	0.323238	0.281139	0.214703	0.18092	0.398409
309	-11.0529	-13.6046	-11.545	-10.7523	-10.5462	0.0210693	0.165238	0.365078	0.448615	0.722305
310	-13.4633	-13.0514	-13.2647	-13.6685	-13.9189	0.361347	0.291932	0.194959	0.151761	0.360539
311	-7.06861	-6.82831	-6.95071	-7.18469	-7.33156	0.313524	0.277403	0.21953	0.189544	0.408831
312	-9.72602	-15.0531	-11.0074	-9.54848	-9.20731	0.00153913	0.0879552	0.378338	0.532168	0.792534
313	-4.8825	-4.60752	-4.74547	-5.01162	-5.18047	0.322313	0.280781	0.215168	0.181739	0.399402
314	-5.30856	-4.97093	-5.14228	-5.46921	-5.6742	0.339551	0.286081	0.206303	0.168065	0.381952
315	-8.53155	-10.7683	-8.84673	-8.30536	-8.24905	0.0312603	0.213555	0.366964	0.38822	0.677377
316	-14.7121	-17.0357	-15.1252	-14.6036	-14.558	0.0322012	0.217574	0.366567	0.383659	0.673711
317	-4.90711	-4.31167	-4.6253	-5.20386	-5.55477	0.411685	0.300856	0.168692	0.118767	0.314415
318	-19.562	-24.5569	-20.4899	-18.9894	-18.6201	0.00142891	0.0834167	0.374033	0.541121	0.797141
319	-9.9743	-9.34864	-9.67905	-10.2896	-10.6594	0.420438	0.302139	0.16407	0.113353	0.306605
320	-12.5744	-14.705	-12.8099	-12.3229	-12.3023	0.0338617	0.225275	0.366618	0.374245	0.666588
321	-5.42012	-5.2699	-5.34381	-5.48886	-5.58251	0.288714	0.268144	0.231939	0.211203	0.435222
322	-4.76572	-4.29984	-4.54052	-4.99268	-5.27183	0.375294	0.295016	0.187705	0.141984	0.347312
323	-5.05312	-4.84516	-4.94874	-5.14959	-5.27759	0.304131	0.274203	0.224308	0.197358	0.418579
324	-22.8899	-30.9467	-24.6642	-22.0735	-21.312	4.35532e-05	0.0233077	0.310882	0.665767	0.859858
325	-5.00124	-4.50966	-4.76499	-5.24185	-5.53461	0.382506	0.296314	0.183931	0.137249	0.340693
326	-9.0695	-8.78265	-8.92759	-9.20643	-9.38271	0.325901	0.281929	0.213323	0.178847	0.395737
327	-5.16449	-4.75528	-4.96467	-5.36176	-5.60922	0.359443	0.291536	0.195993	0.153028	0.362315
328	-4.91123	-4.57137	-4.74429	-5.07311	-5.27858	0.34017	0.286153	0.205966	0.16771	0.381415
329	-4.41581	-3.99174	-4.20979	-4.62086	-4.87557	0.363592	0.292357	0.193817	0.150235	0.358455
330	-15.066	-20.3058	-16.1291	-14.4276	-13.9384	0.000994151	0.0647731	0.355106	0.579127	0.816409
331	-8.29383	-10.857	-8.79117	-7.9864	-7.77278	0.0206657	0.163088	0.364695	0.451551	0.724342
332	-4.96881	-4.75847	-4.86326	-5.0664	-5.19591	0.304769	0.27445	0.223995	0.196786	0.417893
333	-6.91653	-6.44263	-6.69089	-7.1545	-7.43832	0.378737	0.295475	0.185856	0.139932	0.344282
334	-8.7144	-11.1069	-9.15563	-8.55698	-8.46422	0.0286579	0.201683	0.366993	0.402666	0.688368
335	-7.13546	-9.22087	-7.34959	-6.89916	-6.89661	0.035831	0.232779	0.36523	0.36616	0.659729
336	-7.0048	-6.41653	-6.72293	-7.29274	-7.64013	0.408727	0.300861	0.170177	0.120235	0.316761
337	-4.61564	-4.33307	-4.47521	-4.74858	-4.92146	0.324388	0.281408	0.214097	0.180107	0.39731
338	-4.61564	-4.33307	-4.47521	-4.74858	-4.92146	0.324388	0.281408	0.214097	0.180107	0.39731
339	-9.2248	-8.84384	-9.03853	-9.40793	-9.63795	0.351625	0.289417	0.200031	0.158928	0.370019
340	-4.59394	-4.12037	-4.3668	-4.82512	-5.10535	0.377463	0.29502	0.186555	0.140962	0.345605
341	-7.16307	-6.82344	-6.99883	-7.33035	-7.53598	0.341077	0.286209	0.205449	0.167264	0.380672
342	-4.25071	-3.90103	-4.07849	-4.41745	-4.63017	0.342891	0.287135	0.204588	0.165385	0.37855
343	-9.30766	-8.92703	-9.12168	-9.49058	-9.72005	0.35152	0.289344	0.200081	0.159055	0.370155
344	-9.27017	-11.5284	-9.65134	-9.1859	-9.17175	0.0350903	0.229296	0.365205	0.37041	0.662942
345	-13.6289	-13.3021	-13.4671	-13.7841	-13.9825	0.336492	0.285302	0.207805	0.170402	0.384953
346	-6.51434	-6.0039	-6.26768	-6.76132	-7.06446	0.387105	0.297352	0.181503	0.13404	0.336327
347	-13.7495	-19.3327	-15.1927	-13.5637	-13.1212	0.00113312	0.0711655	0.362874	0.564827	0.809446
348	-6.98797	-6.57818	-6.79053	-7.19075	-7.43826	0.360521	0.291546	0.195386	0.152547	0.361471
349	-6.11648	-5.79235	-5.96275	-6.28142	-6.4768	0.337737	0.284822	0.207098	0.170343	0.384333
350	-9.45642	-11.7721	-9.86352	-9.34562	-9.30299	0.0323883	0.218417	0.366614	0.38258	0.672914
351	-5.00124	-4.50966	-4.76499	-5.24185	-5.53461	0.382506	0.296314	0.183931	0.137249	0.340693
352	-8.91305	-11.2487	-9.32288	-8.76913	-8.70271	0.0307189	0.21076	0.36667	0.391851	0.679984
353	-17.2154	-20.574	-18.2192	-17.0605	-16.697	0.0107089	0.112829	0.359455	0.517007	0.771411
354	-12.9152	-14.9894	-13.1194	-12.6756	-12.6792	0.0361283	0.234428	0.365369	0.364075	0.658222
355	-8.01881	-10.384	-8.39677	-7.73879	-7.6149	0.0260925	0.190349	0.367542	0.416017	0.698786
356	-5.01419	-4.806	-4.90962	-5.11073	-5.23904	0.30419	0.274247	0.224286	0.197277	0.418499
357	-16.3233	-21.6236	-17.4551	-15.7693	-15.29	0.00102301	0.0661034	0.356731	0.576142	0.814958
358	-4.93967	-4.61198	-4.77859	-5.09543	-5.29343	0.336806	0.285117	0.207693	0.170384	0.384823
359	-9.7404	-15.0633	-11.0183	-9.56201	-9.22176	0.00154458	0.0882091	0.378434	0.531812	0.792318
360	-14.3586	-16.465	-14.5835	-14.121	-14.1148	0.0351201	0.230497	0.366053	0.36833	0.661805
361	-5.25322	-4.679	-4.98037	-5.53829	-5.87799	0.405718	0.300152	0.171807	0.122323	0.319628
362	-5.33225	-5.06662	-5.19968	-5.45677	-5.62007	0.319761	0.279924	0.216464	0.183851	0.402042
363	-5.37102	-5.01489	-5.19549	-5.54092	-5.75802	0.344669	0.287718	0.203681	0.163932	0.376722
364	-4.85854	-4.28838	-4.58727	-5.14141	-5.47925	0.404576	0.300052	0.172398	0.122974	0.320602
365	-4.73721	-4.24187	-4.49752	-4.97982	-5.27851	0.38356	0.297035	0.183378	0.136028	0.339344
366	-14.788	-17.0392	-15.1723	-14.727	-14.7248	0.0361225	0.233641	0.364719	0.365518	0.658981
367	-4.8825	-4.60752	-4.74547	-5.01162	-5.18047	0.322313	0.280781	0.215168	0.181739	0.399402
368	-16.4951	-21.6876	-17.5776	-15.9995	-15.585	0.00124325	0.0757745	0.367189	0.555793	0.804785
369	-11.3493	-13.8147	-11.8268	-11.1634	-11.0335	0.0258999	0.189078	0.367058	0.417963	0.700021
370	-11.277	-13.5796	-11.6855	-11.1885	-11.1549	0.0334772	0.2225	0.365751	0.378271	0.669197
371	-8.33804	-7.85709	-8.10355	-8.56845	-8.85612	0.378678	0.295958	0.185922	0.139442	0.34397
372	-5.05312	-4.84516	-4.94874	-5.14959	-5.27759	0.304131	0.274203	0.224308	0.197358	0.418579
373	-15.1546	-17.4998	-15.5262	-14.8958	-14.7899	0.0272176	0.195862	0.367917	0.409003	0.693649
374	-6.97823	-9.11798	-7.22519	-6.73668	-6.71207	0.0338462	0.224667	0.366182	0.375305	0.667165
375	-4.73427	-4.2627	-4.50635	-4.9642	-5.24697	0.376887	0.295389	0.186877	0.140847	0.345787
376	-5.09131	-4.59667	-4.85203	-5.3334	-5.63153	0.383349	0.296956	0.1835	0.136195	0.339563
377	-4.993	-4.42606	-4.72351	-5.27414	-5.60932	0.403677	0.299814	0.17287	0.123638	0.321481
378	-8.10572	-10.4035	-8.44495	-7.83977	-7.74766	0.0283212	0.200765	0.367718	0.403196	0.689137
379	-4.90711	-4.31167	-4.6253	-5.20386	-5.55477	0.411685	0.300856	0.168692	0.118767	0.314415
380	-10.2747	-12.5922	-10.6862	-10.173	-10.1334	0.0326221	0.219436	0.366563	0.381379	0.671975
381	-4.8825	-4.60752	-4.74547	-5.01162	-5.18047	0.322313	0.280781	0.215168	0.181739	0.399402
382	-11.5089	-13.8833	-11.9428	-11.3691	-11.2948	0.0297379	0.207029	0.367429	0.395805	0.683376
383	-7.11112	-9.33016	-7.40204	-6.85138	-6.79115	0.0307972	0.211779	0.36731	0.390114	0.678992
384	-10.4319	-12.8058	-10.8687	-10.3001	-10.228	0.0299764	0.207998	0.367285	0.394741	0.682495
385	-12.891	-12.5915	-12.7438	-13.0371	-13.2224	0.329892	0.2833	0.211271	0.175537	0.391593
386	-9.20885	-11.5701	-9.637	-9.07459	-9.0056	0.030274	0.209212	0.367145	0.393369	0.681381
387	-11.0884	-13.1725	-11.3011	-10.8563	-10.8601	0.0360562	0.234276	0.365534	0.364134	0.658352
388	-5.33225	-5.06662	-5.19968	-5.45677	-5.62007	0.319761	0.279924	0.216464	0.183851	0.402042
389	-17.43	-20.045	-17.9835	-17.183	-16.9691	0.0208231	0.163631	0.36434	0.451206	0.723906
390	-4.43632	-3.96907	-4.21064	-4.66404	-4.94366	0.37568	0.295059	0.187498	0.141763	0.346979
391	-4.73427	-4.2627	-4.50635	-4.9642	-5.24697	0.376887	0.295389	0.186877	0.140847	0.345787
392	-7.16307	-6.82344	-6.99883	-7.33035	-7.53598	0.341077	0.286209	0.205449	0.167264	0.380672
393	-4.59394	-4.12037	-4.3668	-4.82512	-5.10535	0.377463	0.29502	0.186555	0.140962	0.345605
394	-9.91744	-12.138	-10.2871	-9.86811	-9.88045	0.0375887	0.239279	0.363798	0.359334	0.653805
395	-14.8782	-17.3184	-15.3457	-14.7149	-14.6074	0.0272156	0.195673	0.367692	0.409419	0.693852
396	-4.41581	-3.99174	-4.20979	-4.62086	-4.87557	0.363592	0.292357	0.193817	0.150235	0.358455
397	-4.61564	-4.33307	-4.47521	-4.74858	-4.92146	0.324388	0.281408	0.214097	0.180107	0.39731
398	-4.25071	-3.90103	-4.07849	-4.41745	-4.63017	0.342891	0.287135	0.204588	0.165385	0.37855
399	-5.25892	-5.08408	-5.17085	-5.33952	-5.44732	0.295257	0.270717	0.228698	0.205327	0.428158
400	-7.928	-7.62815	-7.78337	-8.07676	-8.25876	0.330359	0.282863	0.210939	0.175839	0.391565
401	-9.94588	-12.2415	-10.3441	-9.85025	-9.82379	0.0335395	0.223652	0.366491	0.376318	0.668097
402	-7.34017	-9.50637	-7.60251	-7.09484	-7.05946	0.0328781	0.22067	0.366624	0.379828	0.670828
403	-12.538	-14.728	-12.807	-12.275	-12.2292	0.0316268	0.21593	0.367603	0.384841	0.675138
404	-18.1815	-26.3135	-19.9324	-17.1599	-16.2893	3.06692e-05	0.0181123	0.289773	0.692084	0.869661
405	-4.94595	-4.37908	-4.67648	-5.22709	-5.5622	0.403658	0.299817	0.172875	0.12365	0.321495
406	-10.9	-13.1932	-11.2305	-10.6204	-10.527	0.0280844	0.199919	0.36798	0.404016	0.689894
407	-6.45312	-6.04177	-6.25544	-6.65666	-6.90391	0.360936	0.291499	0.195157	0.152408	0.361181
408	-8.8367	-8.63252	-8.73411	-8.93127	-9.05701	0.3031	0.27382	0.224822	0.198257	0.419675
409	-4.41581	-3.99174	-4.20979	-4.62086	-4.87557	0.363592	0.292357	0.193817	0.150235	0.358455
410	-7.928	-7.62815	-7.78337	-8.07676	-8.25876	0.330359	0.282863	0.210939	0.175839	0.391565
411	-7.00739	-6.78167	-6.89699	-7.11717	-7.25518	0.309705	0.275973	0.221434	0.192888	0.412898
412	-8.03676	-10.316	-8.36517	-7.77423	-7.6908	0.0289474	0.203639	0.36771	0.399703	0.68648
413	-9.58705	-11.9973	-10.0367	-9.42753	-9.33281	0.0281481	0.199944	0.367688	0.40422	0.6899
414	-4.8825	-4.60752	-4.74547	-5.01162	-5.18047	0.322313	0.280781	0.215168	0.181739	0.399402
415	-4.61564	-4.33307	-4.47521	-4.74858	-4.92146	0.324388	0.281408	0.214097	0.180107	0.39731
416	-10.7921	-10.5402	-10.6659	-10.9093	-11.0642	0.315926	0.278602	0.218406	0.187067	0.406036
417	-9.79454	-12.1126	-10.2087	-9.6934	-9.6486	0.032573	0.218625	0.366016	0.382786	0.672763
418	-5.31374	-4.97483	-5.14736	-5.47516	-5.67983	0.339908	0.286044	0.206097	0.167951	0.381703
419	-9.49925	-11.9806	-9.98053	-9.29522	-9.15248	0.0250212	0.184892	0.366897	0.42319	0.703909
420	-6.80638	-6.31869	-6.57423	-7.05136	-7.34343	0.382554	0.296287	0.183864	0.137295	0.340687
421	-4.59394	-4.12037	-4.3668	-4.82512	-5.10535	0.377463	0.29502	0.186555	0.140962	0.345605
422	-4.73721	-4.24187	-4.49752	-4.97982	-5.27851	0.38356	0.297035	0.183378	0.136028	0.339344
423	-8.23218	-7.81479	-8.03016	-8.43709	-8.68753	0.362219	0.292037	0.194407	0.151337	0.359804
424	-4.61564	-4.33307	-4.47521	-4.74858	-4.92146	0.324388	0.281408	0.214097	0.180107	0.39731
425	-8.01881	-10.384	-8.39677	-7.73879	-7.6149	0.0260925	0.190349	0.367542	0.416017	0.698786
426	-12.7259	-15.136	-13.1823	-12.5804	-12.4861	0.0285005	0.201053	0.367075	0.403371	0.688945
427	-13.3335	-15.4926	-13.5882	-13.0842	-13.0536	0.0330116	0.221679	0.366955	0.378354	0.669881
428	-10.3165	-9.90592	-10.1158	-10.5159	-10.7663	0.360095	0.291926	0.195658	0.152321	0.361518
429	-9.62544	-9.08531	-9.36872	-9.89346	-10.2122	0.396362	0.298545	0.176652	0.128442	0.328174
430	-4.94595	-4.37908	-4.67648	-5.22709	-5.5622	0.403658	0.299817	0.172875	0.12365	0.321495
431	-7.80985	-10.1875	-8.1944	-7.525	-7.39387	0.0256335	0.188109	0.36739	0.418867	0.700875
432	-11.0418	-13.3924	-11.4735	-10.9374	-10.8843	0.0315041	0.214658	0.366919	0.386919	0.676366
433	-5.05312	-4.84516	-4.94874	-5.14959	-5.27759	0.304131	0.274203	0.224308	0.197358	0.418579
434	-13.6322	-13.1721	-13.4111	-13.8628	-14.1428	0.374899	0.2952	0.187891	0.142009	0.347497
435	-7.23606	-6.63755	-6.94984	-7.52982	-7.88299	0.41164	0.301226	0.168658	0.118476	0.314201
436	-5.31003	-4.90228	-5.11108	-5.50658	-5.75277	0.359038	0.291379	0.196199	0.153384	0.362749
437	-11.9511	-14.4143	-12.4317	-11.7785	-11.6549	0.0263106	0.191062	0.367173	0.415454	0.698173
438	-4.43632	-3.96907	-4.21064	-4.66404	-4.94366	0.37568	0.295059	0.187498	0.141763	0.346979
439	-14.9991	-20.2493	-16.1065	-14.4662	-14.013	0.00111146	0.0699966	0.360977	0.567915	0.810853
440	-4.61564	-4.33307	-4.47521	-4.74858	-4.92146	0.324388	0.281408	0.214097	0.180107	0.39731
441	-11.3044	-16.9538	-12.7932	-11.1242	-10.6565	0.00105435	0.0675922	0.358724	0.572629	0.813285
442	-4.3361	-3.97674	-4.1596	-4.50776	-4.72559	0.345567	0.287817	0.203194	0.163422	0.375948
443	-4.59394	-4.12037	-4.3668	-4.82512	-5.10535	0.377463	0.29502	0.186555	0.140962	0.345605
444	-5.30856	-4.97093	-5.14228	-5.46921	-5.6742	0.339551	0.286081	0.206303	0.168065	0.381952
445	-4.61564	-4.33307	-4.47521	-4.74858	-4.92146	0.324388	0.281408	0.214097	0.180107	0.39731
446	-4.59394	-4.12037	-4.3668	-4.82512	-5.10535	0.377463	0.29502	0.186555	0.140962	0.345605
447	-4.90711	-4.31167	-4.6253	-5.20386	-5.55477	0.411685	0.300856	0.168692	0.118767	0.314415
448	-5.58995	-5.30798	-5.44944	-5.72253	-5.89582	0.324227	0.281457	0.214198	0.180118	0.397397
449	-8.65046	-8.33644	-8.49506	-8.7996	-8.99162	0.333116	0.284253	0.209628	0.173003	0.388353
450	-9.51302	-11.7741	-9.8984	-9.43419	-9.42001	0.0351694	0.22949	0.365064	0.370277	0.662768
451	-7.35473	-6.83153	-7.10123	-7.60856	-7.92154	0.390688	0.298332	0.179626	0.131354	0.332798
452	-11.125	-10.719	-10.9294	-11.3272	-11.5736	0.359715	0.291443	0.195803	0.153038	0.362181
453	-5.00124	-4.50966	-4.76499	-5.24185	-5.53461	0.382506	0.296314	0.183931	0.137249	0.340693
454	-10.9103	-13.654	-11.5246	-10.6003	-10.313	0.0169923	0.142907	0.360131	0.47997	0.743643
455	-4.5811	-4.09054	-4.34609	-4.82126	-5.11172	0.38223	0.296034	0.184069	0.137668	0.341115
456	-16.3832	-18.7815	-16.8332	-16.2385	-16.1463	0.0288365	0.202322	0.366708	0.402134	0.687821
457	-14.328	-19.4492	-15.335	-13.7584	-13.3498	0.00124386	0.0761333	0.368354	0.554268	0.804192
458	-11.1651	-10.6688	-10.9235	-11.405	-11.7033	0.383221	0.297044	0.183535	0.1362	0.33961
459	-8.783	-8.65021	-8.71473	-8.84226	-8.92521	0.2839	0.266162	0.234294	0.215644	0.440491
460	-4.51353	-4.32433	-4.41679	-4.59785	-4.71444	0.298565	0.272196	0.227117	0.202122	0.424442
461	-24.2664	-33.2198	-26.5115	-23.2608	-22.1478	1.15865e-05	0.0094915	0.244959	0.745538	0.888729
462	-7.52861	-7.22995	-7.37672	-7.66223	-7.84471	0.327517	0.282806	0.212566	0.177111	0.393806
463	-4.08605	-3.89025	-3.98589	-4.17334	-4.29416	0.300306	0.272915	0.226266	0.200514	0.422535
464	-4.43632	-3.96907	-4.21064	-4.66404	-4.94366	0.37568	0.295059	0.187498	0.141763	0.346979
465	-4.96751	-4.61165	-4.79286	-5.13742	-5.35281	0.3446	0.287485	0.203693	0.164223	0.376952
466	-8.88707	-8.37659	-8.64467	-9.14462	-9.45048	0.389037	0.297553	0.180485	0.132925	0.334662
467	-7.04946	-9.36136	-7.39353	-6.77221	-6.67096	0.0276158	0.197595	0.367801	0.406988	0.69206
468	-23.7159	-31.4994	-25.2624	-22.7571	-22.0478	5.12737e-05	0.0262178	0.321104	0.652627	0.854825
469	-14.9378	-17.2074	-15.2706	-14.7045	-14.6352	0.0300742	0.208618	0.367466	0.393842	0.681904
470	-19.3745	-27.5273	-21.2979	-18.8011	-18.0934	5.21483e-05	0.0264627	0.321342	0.652143	0.85458
