Sites	Ll	Ll_YN98.omega_1=0.00850905	Ll_YN98.omega_1=0.0800997	Ll_YN98.omega_1=0.349693	Ll_YN98.omega_1=0.8261	Ll_YN98.omega_1=1.09744	Pr_YN98.omega_1=0.00850905	Pr_YN98.omega_1=0.0800997	Pr_YN98.omega_1=0.349693	Pr_YN98.omega_1=0.8261	Pr_YN98.omega_1=1.09744	mean
182	-4.73787	-4.21849	-4.30278	-4.61114	-5.12353	-5.39857	0.297326	0.273292	0.200773	0.120276	0.108333	0.312879
183	-5.16181	-4.73044	-4.79969	-5.05355	-5.47761	-5.70654	0.279525	0.260824	0.202346	0.132412	0.124894	0.340478
184	-4.47518	-4.07707	-4.1405	-4.37363	-4.76515	-4.97756	0.272751	0.255989	0.202755	0.137068	0.131438	0.351204
185	-4.96374	-4.5878	-4.64778	-4.8679	-5.23653	-5.43607	0.268245	0.252629	0.202715	0.140214	0.136196	0.358705
186	-14.0983	-21.3761	-16.9901	-14.403	-13.2845	-13.0393	0.000106767	0.00857545	0.113983	0.348787	0.528548	0.908729
187	-9.69475	-13.4204	-11.2289	-9.94227	-9.4002	-9.29009	0.00582011	0.0520817	0.188567	0.324254	0.429277	0.809134
188	-7.22955	-10.4459	-8.30427	-7.19643	-6.93838	-6.97407	0.00936049	0.0796867	0.241275	0.312308	0.35737	0.741024
189	-14.2061	-13.8487	-13.9052	-14.1139	-14.467	-14.6596	0.26468	0.250141	0.20304	0.142632	0.139507	0.364219
190	-11.9077	-15.749	-13.541	-12.1939	-11.5506	-11.3857	0.0048831	0.0444233	0.170869	0.32513	0.454695	0.830941
191	-6.80944	-6.3018	-6.38589	-6.69185	-7.19409	-7.4604	0.296003	0.272128	0.2004	0.121276	0.110193	0.315511
192	-9.88485	-13.3613	-11.1884	-9.97044	-9.54398	-9.49631	0.00706589	0.0620636	0.209794	0.32137	0.399706	0.782532
193	-5.30486	-4.94816	-5.00479	-5.21302	-5.56299	-5.75295	0.26432	0.249768	0.202816	0.142928	0.140167	0.365076
194	-4.33528	-3.95727	-4.01748	-4.23869	-4.60969	-4.8107	0.268661	0.25296	0.20276	0.139913	0.135705	0.357962
195	-8.19298	-11.6278	-9.45919	-8.25581	-7.84976	-7.81132	0.00732617	0.0640729	0.213448	0.320361	0.394792	0.777746
196	-8.03061	-11.4504	-9.28387	-8.08779	-7.69331	-7.66077	0.00746944	0.0651933	0.215602	0.319868	0.391867	0.774973
197	-7.56874	-10.751	-8.61494	-7.52691	-7.30052	-7.35256	0.0098432	0.0833355	0.247373	0.310222	0.349226	0.732792
198	-8.82	-12.336	-10.1766	-9.0046	-8.64351	-8.62563	0.00792067	0.0686408	0.221598	0.31797	0.38387	0.767006
199	-4.97257	-4.45749	-4.54243	-4.85038	-5.35345	-5.61975	0.29649	0.272345	0.200161	0.121032	0.109971	0.315004
200	-4.88014	-4.58975	-4.6351	-4.80283	-5.0881	-5.24472	0.250797	0.239677	0.202667	0.152367	0.154492	0.387619
201	-11.746	-15.4044	-13.2258	-11.9862	-11.5208	-11.451	0.006634	0.0586005	0.202418	0.322381	0.409967	0.791767
202	-4.41318	-3.96653	-4.03875	-4.30264	-4.74064	-4.9758	0.282628	0.262937	0.201951	0.130324	0.12216	0.335811
203	-9.60318	-13.2789	-11.0941	-9.83055	-9.32317	-9.22968	0.00618852	0.0550136	0.194626	0.323262	0.42091	0.801488
204	-4.4897	-4.06626	-4.13484	-4.38508	-4.79894	-5.02028	0.277923	0.259501	0.202052	0.133575	0.126949	0.343472
205	-4.65374	-4.11261	-4.20189	-4.52574	-5.05559	-5.33662	0.301721	0.275949	0.199611	0.11751	0.10521	0.30701
206	-4.76364	-4.27371	-4.35341	-4.64422	-5.12523	-5.38261	0.291395	0.26907	0.201173	0.124357	0.114005	0.322226
207	-10.4465	-9.86596	-9.96253	-10.3127	-10.8839	-11.1854	0.309981	0.281446	0.198306	0.112011	0.0982559	0.29489
208	-6.46751	-5.95197	-6.03572	-6.34091	-6.84396	-7.11198	0.295943	0.272168	0.200583	0.121289	0.110017	0.315395
209	-13.5823	-20.8568	-16.4715	-13.8855	-12.7643	-12.5152	0.000106488	0.00854696	0.113467	0.348185	0.529695	0.909308
210	-8.40599	-11.8778	-9.70124	-8.46969	-8.02035	-7.96042	0.00680369	0.0599803	0.205525	0.322115	0.405576	0.787927
211	-5.00101	-4.62649	-4.68632	-4.90572	-5.27268	-5.47108	0.267957	0.252397	0.202673	0.14042	0.136552	0.359229
212	-7.93233	-7.35856	-7.45288	-7.79622	-8.35669	-8.6499	0.307683	0.279989	0.198623	0.113402	0.100303	0.29826
213	-4.33528	-3.95727	-4.01748	-4.23869	-4.60969	-4.8107	0.268661	0.25296	0.20276	0.139913	0.135705	0.357962
214	-9.02409	-8.56791	-8.64234	-8.91372	-9.36126	-9.59959	0.284828	0.264398	0.201556	0.128836	0.120382	0.332628
215	-4.43517	-3.9443	-4.02424	-4.31576	-4.79747	-5.05494	0.291586	0.269184	0.201114	0.124234	0.113882	0.321979
216	-5.09019	-4.57055	-4.65495	-4.96349	-5.47583	-5.75091	0.29737	0.273302	0.200745	0.120264	0.108319	0.312845
217	-10.1471	-13.6292	-11.4792	-10.3429	-10.0444	-10.0611	0.00874054	0.0750346	0.233739	0.315058	0.367427	0.75132
218	-6.7686	-6.48009	-6.52626	-6.69607	-6.98123	-7.1357	0.251126	0.239794	0.202344	0.152141	0.154594	0.387444
219	-5.15592	-4.86196	-4.90782	-5.07754	-5.36662	-5.52548	0.251526	0.240253	0.202749	0.15185	0.153622	0.386318
220	-15.5776	-19.0497	-16.9009	-15.7683	-15.473	-15.4899	0.00879978	0.0754531	0.234199	0.314664	0.366884	0.750593
221	-4.86132	-4.36738	-4.44794	-4.74153	-5.22597	-5.48462	0.292208	0.26959	0.201002	0.123825	0.113374	0.321083
222	-4.86132	-4.36738	-4.44794	-4.74153	-5.22597	-5.48462	0.292208	0.26959	0.201002	0.123825	0.113374	0.321083
223	-4.85561	-4.25691	-4.35631	-4.71649	-5.30423	-5.61508	0.313213	0.283575	0.197808	0.109899	0.0955051	0.29015
224	-12.2487	-11.9228	-11.9751	-12.1676	-12.4908	-12.6657	0.258883	0.245692	0.202675	0.146694	0.146056	0.374228
225	-4.99732	-4.65066	-4.70537	-4.90706	-5.24783	-5.43373	0.262267	0.248305	0.202952	0.144343	0.142133	0.368316
226	-10.3367	-9.74985	-9.84762	-10.2015	-10.7772	-11.0803	0.311054	0.282083	0.198004	0.111344	0.0975155	0.29348
227	-4.25207	-3.88487	-3.94314	-4.15753	-4.51833	-4.7144	0.266464	0.251383	0.202873	0.141427	0.137852	0.361464
228	-4.43517	-3.9443	-4.02424	-4.31576	-4.79747	-5.05494	0.291586	0.269184	0.201114	0.124234	0.113882	0.321979
229	-4.86132	-4.36738	-4.44794	-4.74153	-5.22597	-5.48462	0.292208	0.26959	0.201002	0.123825	0.113374	0.321083
230	-4.4897	-4.06626	-4.13484	-4.38508	-4.79894	-5.02028	0.277923	0.259501	0.202052	0.133575	0.126949	0.343472
231	-9.914	-9.42503	-9.50545	-9.79897	-10.2841	-10.5429	0.292221	0.269642	0.201055	0.123776	0.113306	0.320991
232	-4.86132	-4.36738	-4.44794	-4.74153	-5.22597	-5.48462	0.292208	0.26959	0.201002	0.123825	0.113374	0.321083
233	-5.25013	-4.64714	-4.74744	-5.11052	-5.70208	-6.01458	0.314065	0.284095	0.197596	0.109362	0.0948814	0.288997
234	-5.5621	-5.12695	-5.1969	-5.45319	-5.88081	-6.11145	0.280294	0.261357	0.202268	0.131891	0.124189	0.339297
235	-14.0464	-13.4827	-13.5755	-13.9147	-14.4754	-14.7743	0.307024	0.279806	0.199333	0.113775	0.100062	0.298531
236	-6.79924	-6.51023	-6.55643	-6.72644	-7.01231	-7.16744	0.251238	0.239892	0.202387	0.152066	0.154417	0.387211
237	-4.57738	-4.06103	-4.14608	-4.45465	-4.95939	-5.22685	0.296745	0.272549	0.200186	0.120845	0.109675	0.314552
238	-10.1224	-13.6362	-11.482	-10.3285	-9.99657	-9.99337	0.00831097	0.0716522	0.227077	0.316469	0.37649	0.759828
239	-5.32954	-5.04888	-5.09262	-5.25451	-5.53026	-5.68181	0.248818	0.238169	0.202571	0.153753	0.156689	0.391004
240	-4.99793	-4.48061	-4.56544	-4.87393	-5.38101	-5.65088	0.296926	0.272777	0.200369	0.120673	0.109255	0.314032
241	-8.09884	-7.63463	-7.71872	-8.00951	-8.432	-8.62939	0.28606	0.262988	0.196629	0.128873	0.12545	0.336395
242	-5.15592	-4.86196	-4.90782	-5.07754	-5.36662	-5.52548	0.251526	0.240253	0.202749	0.15185	0.153622	0.386318
243	-4.86132	-4.36738	-4.44794	-4.74153	-5.22597	-5.48462	0.292208	0.26959	0.201002	0.123825	0.113374	0.321083
244	-12.284	-12.0295	-12.0706	-12.2215	-12.4737	-12.6096	0.244484	0.234632	0.201769	0.156804	0.16231	0.399093
245	-5.00101	-4.62649	-4.68632	-4.90572	-5.27268	-5.47108	0.267957	0.252397	0.202673	0.14042	0.136552	0.359229
246	-10.717	-14.2354	-12.0801	-10.9228	-10.5856	-10.5801	0.00823554	0.0710801	0.226115	0.316801	0.377769	0.761122
247	-10.7338	-10.1652	-10.2601	-10.6053	-11.171	-11.4701	0.30857	0.28063	0.198705	0.112855	0.0992411	0.29673
248	-5.16181	-4.73044	-4.79969	-5.05355	-5.47761	-5.70654	0.279525	0.260824	0.202346	0.132412	0.124894	0.340478
249	-6.79924	-6.51023	-6.55643	-6.72644	-7.01231	-7.16744	0.251238	0.239892	0.202387	0.152066	0.154417	0.387211
250	-4.57738	-4.06103	-4.14608	-4.45465	-4.95939	-5.22685	0.296745	0.272549	0.200186	0.120845	0.109675	0.314552
251	-17.0521	-20.651	-18.4818	-17.2767	-16.8704	-16.8328	0.00731078	0.0639824	0.213505	0.320531	0.39467	0.777766
252	-4.43517	-3.9443	-4.02424	-4.31576	-4.79747	-5.05494	0.291586	0.269184	0.201114	0.124234	0.113882	0.321979
253	-7.22955	-10.4459	-8.30427	-7.19643	-6.93838	-6.97407	0.00936049	0.0796867	0.241275	0.312308	0.35737	0.741024
254	-4.76364	-4.27371	-4.35341	-4.64422	-5.12523	-5.38261	0.291395	0.26907	0.201173	0.124357	0.114005	0.322226
255	-9.62119	-9.29361	-9.34522	-9.5357	-9.85805	-10.0341	0.258473	0.24547	0.202898	0.146987	0.146172	0.374654
256	-6.4545	-6.0251	-6.09543	-6.35195	-6.77563	-7.00171	0.279956	0.260945	0.201903	0.132173	0.125023	0.340281
257	-5.00953	-4.78902	-4.82309	-4.94948	-5.16571	-5.28503	0.236602	0.228676	0.201525	0.162339	0.170858	0.412416
258	-4.6121	-4.31343	-4.36026	-4.53317	-4.82625	-4.98665	0.252484	0.240932	0.202676	0.151189	0.152718	0.384818
259	-11.5518	-15.0451	-12.8944	-11.7554	-11.4524	-11.4666	0.00867798	0.0745524	0.232867	0.315302	0.368601	0.752465
260	-4.43517	-3.9443	-4.02424	-4.31576	-4.79747	-5.05494	0.291586	0.269184	0.201114	0.124234	0.113882	0.321979
261	-4.43517	-3.9443	-4.02424	-4.31576	-4.79747	-5.05494	0.291586	0.269184	0.201114	0.124234	0.113882	0.321979
262	-10.3943	-9.8268	-9.92148	-10.2659	-10.8304	-11.1289	0.308326	0.280472	0.198749	0.113014	0.099439	0.297079
263	-7.00289	-10.2814	-8.13244	-6.99862	-6.70021	-6.71555	0.00876558	0.0751714	0.233595	0.314819	0.367649	0.751327
264	-4.6121	-4.31343	-4.36026	-4.53317	-4.82625	-4.98665	0.252484	0.240932	0.202676	0.151189	0.152718	0.384818
265	-4.73191	-4.23575	-4.31648	-4.61106	-5.09846	-5.35938	0.292651	0.269952	0.201072	0.123503	0.112823	0.320269
266	-9.48887	-12.9974	-10.8427	-9.68735	-9.35234	-9.34751	0.00826985	0.0713339	0.226489	0.316621	0.377287	0.760595
267	-13.4733	-21.0554	-16.6338	-13.9176	-12.5892	-12.2342	7.07727e-05	0.00589016	0.0890759	0.336256	0.568707	0.933524
268	-4.43517	-3.9443	-4.02424	-4.31576	-4.79747	-5.05494	0.291586	0.269184	0.201114	0.124234	0.113882	0.321979
269	-4.6121	-4.31343	-4.36026	-4.53317	-4.82625	-4.98665	0.252484	0.240932	0.202676	0.151189	0.152718	0.384818
270	-12.9541	-16.711	-14.5354	-13.2641	-12.626	-12.4267	0.00535645	0.0471746	0.168216	0.318398	0.460855	0.831437
271	-4.31798	-3.90207	-3.96907	-4.21414	-4.62152	-4.8404	0.276385	0.258473	0.202293	0.134605	0.128244	0.345733
272	-4.73191	-4.23575	-4.31648	-4.61106	-5.09846	-5.35938	0.292651	0.269952	0.201072	0.123503	0.112823	0.320269
273	-4.86132	-4.36738	-4.44794	-4.74153	-5.22597	-5.48462	0.292208	0.26959	0.201002	0.123825	0.113374	0.321083
274	-5.02463	-4.67964	-4.73412	-4.9349	-5.27386	-5.45863	0.261928	0.24804	0.20292	0.144582	0.142529	0.368913
275	-7.20485	-10.4064	-8.26667	-7.16519	-6.91583	-6.95524	0.00949991	0.0807214	0.24286	0.311639	0.355279	0.738816
276	-5.36325	-4.99474	-5.05291	-5.2675	-5.63056	-5.82882	0.266719	0.251648	0.203048	0.141228	0.137357	0.36084
277	-4.65374	-4.11261	-4.20189	-4.52574	-5.05559	-5.33662	0.301721	0.275949	0.199611	0.11751	0.10521	0.30701
278	-12.8479	-20.1448	-15.7568	-13.1619	-12.0295	-11.7762	0.000103998	0.00836985	0.112115	0.347923	0.531488	0.910572
279	-4.6121	-4.31343	-4.36026	-4.53317	-4.82625	-4.98665	0.252484	0.240932	0.202676	0.151189	0.152718	0.384818
280	-11.6669	-15.7583	-13.5106	-12.0711	-11.3878	-11.2361	0.00419078	0.0396698	0.167341	0.331407	0.457391	0.837465
281	-10.149	-13.6094	-11.4344	-10.2078	-9.76346	-9.70431	0.00687307	0.0604955	0.206263	0.32167	0.404699	0.786896
282	-8.43716	-8.02349	-8.09031	-8.33515	-8.74227	-8.96027	0.27627	0.258411	0.202292	0.134638	0.128389	0.345913
283	-4.96374	-4.5878	-4.64778	-4.8679	-5.23653	-5.43607	0.268245	0.252629	0.202715	0.140214	0.136196	0.358705
284	-7.50821	-6.99555	-7.08004	-7.38844	-7.89442	-8.16012	0.296633	0.2726	0.200259	0.120738	0.109771	0.314596
285	-4.59004	-4.09139	-4.17343	-4.47104	-4.9579	-5.21592	0.293175	0.270085	0.200562	0.123255	0.112923	0.320011
286	-13.617	-21.2238	-16.818	-14.1567	-12.9085	-12.5905	8.33344e-05	0.00682674	0.097722	0.34047	0.554898	0.924949
287	-6.51791	-5.98446	-6.07129	-6.38757	-6.90829	-7.1854	0.299501	0.27459	0.200137	0.1189	0.106873	0.310039
288	-12.3308	-16.0681	-13.8761	-12.5876	-12.0428	-11.9315	0.00579175	0.0518565	0.188107	0.324335	0.42991	0.809716
289	-4.59004	-4.09139	-4.17343	-4.47104	-4.9579	-5.21592	0.293175	0.270085	0.200562	0.123255	0.112923	0.320011
290	-4.6121	-4.31343	-4.36026	-4.53317	-4.82625	-4.98665	0.252484	0.240932	0.202676	0.151189	0.152718	0.384818
291	-4.33528	-3.95727	-4.01748	-4.23869	-4.60969	-4.8107	0.268661	0.25296	0.20276	0.139913	0.135705	0.357962
292	-12.8658	-16.1095	-13.9653	-12.8515	-12.5946	-12.6357	0.00931108	0.0794724	0.242071	0.312964	0.356181	0.740522
293	-11.311	-15.0322	-12.8418	-11.559	-11.0228	-10.9155	0.00588063	0.0525649	0.189579	0.324099	0.427877	0.807862
294	-5.20431	-5.04578	-5.06992	-5.15989	-5.31542	-5.40213	0.224098	0.218753	0.199932	0.171133	0.186085	0.434933
295	-11.0604	-14.72	-12.5404	-11.2971	-10.8254	-10.7521	0.00656461	0.0580464	0.201255	0.32255	0.411584	0.793229
296	-5.15592	-4.86196	-4.90782	-5.07754	-5.36662	-5.52548	0.251526	0.240253	0.202749	0.15185	0.153622	0.386318
297	-12.1308	-15.5425	-13.3816	-12.2065	-11.848	-11.8348	0.00791467	0.0686922	0.222449	0.318386	0.382559	0.766212
298	-4.59004	-4.09139	-4.17343	-4.47104	-4.9579	-5.21592	0.293175	0.270085	0.200562	0.123255	0.112923	0.320011
299	-4.25207	-3.88487	-3.94314	-4.15753	-4.51833	-4.7144	0.266464	0.251383	0.202873	0.141427	0.137852	0.361464
300	-8.57075	-8.16739	-8.23211	-8.46927	-8.86467	-9.07752	0.273824	0.256664	0.202474	0.136347	0.13069	0.349753
301	-9.87398	-9.38616	-9.46551	-9.75538	-10.2356	-10.4926	0.291134	0.268926	0.201254	0.124503	0.114182	0.322556
302	-4.85561	-4.25691	-4.35631	-4.71649	-5.30423	-5.61508	0.313213	0.283575	0.197808	0.109899	0.0955051	0.29015
303	-15.0872	-22.5658	-18.1795	-15.587	-14.444	-14.1782	0.000102775	0.00825667	0.110341	0.346025	0.535274	0.91253
304	-19.1545	-26.6612	-22.275	-19.6801	-18.5228	-18.2425	0.000100467	0.00807098	0.108111	0.343931	0.539786	0.914957
305	-4.93518	-4.58873	-4.6439	-4.8464	-5.18544	-5.36884	0.262236	0.248161	0.202671	0.144394	0.142537	0.368692
306	-10.6465	-14.2186	-12.0541	-10.8638	-10.4734	-10.4402	0.00754458	0.0657158	0.216076	0.319279	0.391384	0.774165
307	-4.90708	-4.5479	-4.60514	-4.81525	-5.16705	-5.35737	0.264831	0.250097	0.202703	0.142585	0.139783	0.364364
308	-5.15592	-4.86196	-4.90782	-5.07754	-5.36662	-5.52548	0.251526	0.240253	0.202749	0.15185	0.153622	0.386318
309	-11.0673	-14.805	-12.6005	-11.2668	-10.6478	-10.4971	0.00509033	0.0461465	0.175135	0.325226	0.448402	0.825746
310	-13.493	-13.0669	-13.1364	-13.3906	-13.8138	-14.0409	0.279487	0.260741	0.202197	0.132434	0.125141	0.340709
311	-7.07306	-6.82192	-6.86195	-7.0093	-7.25721	-7.39181	0.243448	0.233894	0.201848	0.157528	0.163282	0.400717
312	-9.63977	-17.4176	-13.037	-10.4547	-9.34666	-9.1085	0.00010925	0.00872786	0.11545	0.349621	0.526092	0.907248
313	-4.88014	-4.58975	-4.6351	-4.80283	-5.0881	-5.24472	0.250797	0.239677	0.202667	0.152367	0.154492	0.387619
314	-5.30486	-4.94816	-5.00479	-5.21302	-5.56299	-5.75295	0.26432	0.249768	0.202816	0.142928	0.140167	0.365076
315	-8.54533	-11.9376	-9.77914	-8.61083	-8.2566	-8.24284	0.00800591	0.069314	0.222953	0.317727	0.381999	0.765281
316	-14.7185	-18.2353	-16.0798	-14.9219	-14.583	-14.5756	0.00821402	0.070907	0.225702	0.316767	0.37841	0.761639
317	-4.90367	-4.27858	-4.38307	-4.7607	-5.37358	-5.6961	0.318456	0.28686	0.196638	0.106536	0.0915086	0.282885
318	-19.598	-26.9609	-22.5691	-19.9604	-18.8042	-18.5376	9.93715e-05	0.00802726	0.109019	0.346472	0.536383	0.913635
319	-9.97874	-9.32828	-9.43723	-9.83162	-10.4723	-10.8087	0.32366	0.290252	0.195655	0.1031	0.0873323	0.275435
320	-12.6226	-15.8951	-13.7444	-12.6059	-12.3056	-12.3223	0.00870564	0.0747908	0.233494	0.315293	0.367716	0.751726
321	-5.41699	-5.25799	-5.28216	-5.37232	-5.52843	-5.61557	0.224192	0.218838	0.19997	0.171068	0.185932	0.434733
322	-4.76364	-4.27371	-4.35341	-4.64422	-5.12523	-5.38261	0.291395	0.26907	0.201173	0.124357	0.114005	0.322226
323	-5.04812	-4.82778	-4.86187	-4.98824	-5.20419	-5.3232	0.236567	0.22864	0.201497	0.162361	0.170934	0.412506
324	-22.8461	-34.5301	-27.8833	-23.7548	-21.6676	-21.0814	7.96218e-07	0.000613367	0.0380788	0.307002	0.654305	0.985039
325	-4.99793	-4.48061	-4.56544	-4.87393	-5.38101	-5.65088	0.296926	0.272777	0.200369	0.120673	0.109255	0.314032
326	-9.07529	-8.77523	-8.82253	-8.99719	-9.29324	-9.45517	0.253083	0.241391	0.202707	0.150763	0.152056	0.383791
327	-5.16181	-4.73044	-4.79969	-5.05355	-5.47761	-5.70654	0.279525	0.260824	0.202346	0.132412	0.124894	0.340478
328	-4.90708	-4.5479	-4.60514	-4.81525	-5.16705	-5.35737	0.264831	0.250097	0.202703	0.142585	0.139783	0.364364
329	-4.41318	-3.96653	-4.03875	-4.30264	-4.74064	-4.9758	0.282628	0.262937	0.201951	0.130324	0.12216	0.335811
330	-15.0659	-22.6887	-18.2613	-15.524	-14.1619	-13.7894	6.61613e-05	0.00553871	0.0855436	0.333998	0.574854	0.937141
331	-8.28672	-12.0334	-9.82717	-8.48702	-7.8573	-7.70082	0.00499577	0.0453681	0.173289	0.325278	0.451069	0.828008
332	-4.96458	-4.74184	-4.77631	-4.90406	-5.12239	-5.24278	0.237054	0.229023	0.201556	0.162023	0.170344	0.411634
333	-6.91977	-6.42644	-6.50814	-6.80541	-7.29345	-7.55222	0.293169	0.270168	0.200692	0.123192	0.11278	0.319853
334	-8.69378	-12.2752	-10.1071	-8.90304	-8.48783	-8.44032	0.00725084	0.0633863	0.2113	0.320055	0.398008	0.780216
335	-7.16544	-10.3836	-8.24176	-7.13327	-6.8742	-6.90939	0.00934514	0.0795706	0.241083	0.312376	0.357626	0.741284
336	-7.01023	-6.39692	-6.49781	-6.8642	-7.4634	-7.78007	0.315224	0.284972	0.197552	0.108506	0.0937463	0.287108
337	-4.6121	-4.31343	-4.36026	-4.53317	-4.82625	-4.98665	0.252484	0.240932	0.202676	0.151189	0.152718	0.384818
338	-4.6121	-4.31343	-4.36026	-4.53317	-4.82625	-4.98665	0.252484	0.240932	0.202676	0.151189	0.152718	0.384818
339	-9.22763	-8.82895	-8.89282	-9.12709	-9.51833	-9.72924	0.272911	0.256024	0.202553	0.13697	0.131542	0.351171
340	-4.59004	-4.09139	-4.17343	-4.47104	-4.9579	-5.21592	0.293175	0.270085	0.200562	0.123255	0.112923	0.320011
341	-7.16838	-6.81446	-6.87195	-7.08234	-7.43211	-7.61983	0.264668	0.249881	0.20247	0.142711	0.14027	0.364902
342	-4.25207	-3.88487	-3.94314	-4.15753	-4.51833	-4.7144	0.266464	0.251383	0.202873	0.141427	0.137852	0.361464
343	-9.31003	-8.91161	-8.97551	-9.20971	-9.60039	-9.81078	0.272848	0.255959	0.202514	0.137021	0.131658	0.351321
344	-9.24834	-12.6911	-10.5477	-9.43165	-9.15541	-9.1793	0.00912214	0.0778011	0.237508	0.313073	0.362496	0.745811
345	-13.6807	-13.343	-13.3962	-13.5928	-13.9242	-14.103	0.260356	0.246866	0.202805	0.145593	0.144381	0.371632
346	-6.51791	-5.98446	-6.07129	-6.38757	-6.90829	-7.1854	0.299501	0.27459	0.200137	0.1189	0.106873	0.310039
347	-13.6682	-21.7393	-17.3232	-14.6282	-13.3397	-13.0081	7.63414e-05	0.00631935	0.0935585	0.339367	0.560679	0.928886
348	-6.99046	-6.5629	-6.63267	-6.88767	-7.31049	-7.53691	0.2796	0.260757	0.202065	0.132391	0.125187	0.34068
349	-6.11909	-5.78209	-5.83816	-6.04225	-6.37756	-6.55545	0.262129	0.247835	0.202082	0.144512	0.143443	0.369549
350	-9.43706	-12.9409	-10.7865	-9.63321	-9.30272	-9.30091	0.00832411	0.07177	0.227421	0.31649	0.375995	0.759431
351	-4.99793	-4.48061	-4.56544	-4.87393	-5.38101	-5.65088	0.296926	0.272777	0.200369	0.120673	0.109255	0.314032
352	-8.89544	-12.415	-10.2554	-9.08127	-8.71263	-8.68896	0.00784424	0.0679931	0.21997	0.318027	0.386166	0.768951
353	-17.1646	-21.8446	-19.5242	-17.8648	-16.8963	-16.6127	0.00233887	0.0238097	0.125141	0.329636	0.519075	0.887653
354	-12.9751	-16.1877	-14.0452	-12.9355	-12.6784	-12.7158	0.0093482	0.0796538	0.241619	0.312457	0.356921	0.740773
355	-8.02711	-11.5539	-9.3736	-8.12769	-7.65278	-7.57832	0.00652504	0.0577419	0.200717	0.322727	0.41229	0.793937
356	-5.00953	-4.78902	-4.82309	-4.94948	-5.16571	-5.28503	0.236602	0.228676	0.201525	0.162339	0.170858	0.412416
357	-16.3167	-24.0246	-19.5997	-16.8714	-15.5243	-15.1597	6.81447e-05	0.00569074	0.0871015	0.335033	0.572106	0.935538
358	-4.93518	-4.58873	-4.6439	-4.8464	-5.18544	-5.36884	0.262236	0.248161	0.202671	0.144394	0.142537	0.368692
359	-9.65364	-17.4297	-13.0454	-10.4651	-9.35978	-9.12242	0.000109376	0.00876965	0.115766	0.349645	0.52571	0.906962
360	-14.4069	-17.6544	-15.5082	-14.3859	-14.1112	-14.141	0.00907435	0.0776069	0.238397	0.313764	0.361157	0.745208
361	-5.25013	-4.64714	-4.74744	-5.11052	-5.70208	-6.01458	0.314065	0.284095	0.197596	0.109362	0.0948814	0.288997
362	-5.32954	-5.04888	-5.09262	-5.25451	-5.53026	-5.68181	0.248818	0.238169	0.202571	0.153753	0.156689	0.391004
363	-5.36894	-4.99335	-5.05288	-5.27212	-5.64163	-5.84271	0.268166	0.252666	0.202924	0.140236	0.136008	0.35859
364	-4.85561	-4.25691	-4.35631	-4.71649	-5.30423	-5.61508	0.313213	0.283575	0.197808	0.109899	0.0955051	0.29015
365	-4.73787	-4.21849	-4.30278	-4.61114	-5.12353	-5.39857	0.297326	0.273292	0.200773	0.120276	0.108333	0.312879
366	-14.7821	-18.2255	-16.0846	-14.9784	-14.7185	-14.7504	0.00935698	0.0795996	0.240621	0.312018	0.358405	0.741684
367	-4.88014	-4.58975	-4.6351	-4.80283	-5.0881	-5.24472	0.250797	0.239677	0.202667	0.152367	0.154492	0.387619
368	-16.4769	-24.0735	-19.6678	-17.0093	-15.775	-15.4694	8.51963e-05	0.00697886	0.0996244	0.342298	0.551014	0.922874
369	-11.3276	-14.986	-12.8057	-11.5585	-11.0767	-10.9961	0.00646779	0.0572345	0.199211	0.322522	0.414565	0.795697
370	-11.2535	-14.7459	-12.5969	-11.4606	-11.1509	-11.1568	0.0086476	0.0741673	0.231048	0.3149	0.371237	0.754359
371	-8.34887	-7.84669	-7.92748	-8.22294	-8.71339	-8.97626	0.293049	0.270305	0.201159	0.123179	0.112307	0.319498
372	-5.04812	-4.82778	-4.86187	-4.98824	-5.20419	-5.3232	0.236567	0.22864	0.201497	0.162361	0.170934	0.412506
373	-15.2057	-18.7206	-16.5439	-15.3118	-14.8611	-14.8002	0.00678982	0.0598667	0.205257	0.322119	0.405968	0.788257
374	-7.00289	-10.2814	-8.13244	-6.99862	-6.70021	-6.71555	0.00876558	0.0751714	0.233595	0.314819	0.367649	0.751327
375	-4.73191	-4.23575	-4.31648	-4.61106	-5.09846	-5.35938	0.292651	0.269952	0.201072	0.123503	0.112823	0.320269
376	-5.09019	-4.57055	-4.65495	-4.96349	-5.47583	-5.75091	0.29737	0.273302	0.200745	0.120264	0.108319	0.312845
377	-4.98991	-4.39451	-4.4935	-4.85188	-5.43564	-5.74392	0.312564	0.283103	0.197836	0.110352	0.0961455	0.291193
378	-8.12002	-11.5735	-9.40257	-8.19069	-7.77083	-7.72513	0.00715945	0.0627622	0.210867	0.320888	0.398323	0.781048
379	-4.90367	-4.27858	-4.38307	-4.7607	-5.37358	-5.6961	0.318456	0.28686	0.196638	0.106536	0.0915086	0.282885
380	-10.2526	-13.7599	-11.6065	-10.4563	-10.1311	-10.1322	0.00839569	0.072324	0.228448	0.316233	0.3746	0.758091
381	-4.88014	-4.58975	-4.6351	-4.80283	-5.0881	-5.24472	0.250797	0.239677	0.202667	0.152367	0.154492	0.387619
382	-11.4906	-15.055	-12.8901	-11.6995	-11.3119	-11.2818	0.00756373	0.0659074	0.216781	0.319418	0.39033	0.773385
383	-7.13344	-10.4992	-8.33831	-7.16236	-6.79895	-6.78188	0.00787004	0.0683001	0.221375	0.318388	0.384066	0.767461
384	-10.408	-13.9733	-11.8096	-10.6229	-10.2405	-10.2125	0.00763471	0.066447	0.217689	0.319089	0.38914	0.772169
385	-12.9212	-12.6108	-12.6601	-12.8422	-13.1511	-13.3198	0.255658	0.243366	0.202836	0.148931	0.149209	0.379379
386	-9.18842	-12.7391	-10.5767	-9.39452	-9.01792	-8.99241	0.00771576	0.0670603	0.21872	0.318747	0.387757	0.770778
387	-11.1337	-14.3569	-12.214	-11.1037	-10.8473	-10.8862	0.00934867	0.0796849	0.24188	0.312558	0.356529	0.740518
388	-5.32954	-5.04888	-5.09262	-5.25451	-5.53026	-5.68181	0.248818	0.238169	0.202571	0.153753	0.156689	0.391004
389	-17.4266	-21.2457	-19.0407	-17.7042	-17.0757	-16.9171	0.00501937	0.0455228	0.173256	0.32481	0.451392	0.827976
390	-4.43517	-3.9443	-4.02424	-4.31576	-4.79747	-5.05494	0.291586	0.269184	0.201114	0.124234	0.113882	0.321979
391	-4.73191	-4.23575	-4.31648	-4.61106	-5.09846	-5.35938	0.292651	0.269952	0.201072	0.123503	0.112823	0.320269
392	-7.16838	-6.81446	-6.87195	-7.08234	-7.43211	-7.61983	0.264668	0.249881	0.20247	0.142711	0.14027	0.364902
393	-4.59004	-4.09139	-4.17343	-4.47104	-4.9579	-5.21592	0.293175	0.270085	0.200562	0.123255	0.112923	0.320011
394	-9.89412	-13.3014	-11.1666	-10.0811	-9.85231	-9.89958	0.00984591	0.0832571	0.246505	0.309882	0.35051	0.733611
395	-14.8873	-18.5271	-16.3507	-15.1189	-14.6666	-14.6037	0.00678041	0.0597679	0.204845	0.321985	0.406622	0.788713
396	-4.41318	-3.96653	-4.03875	-4.30264	-4.74064	-4.9758	0.282628	0.262937	0.201951	0.130324	0.12216	0.335811
397	-4.6121	-4.31343	-4.36026	-4.53317	-4.82625	-4.98665	0.252484	0.240932	0.202676	0.151189	0.152718	0.384818
398	-4.25207	-3.88487	-3.94314	-4.15753	-4.51833	-4.7144	0.266464	0.251383	0.202873	0.141427	0.137852	0.361464
399	-5.25429	-5.06903	-5.09754	-5.2034	-5.38477	-5.485	0.229479	0.223027	0.200625	0.167346	0.179523	0.425234
400	-7.93526	-7.62293	-7.67382	-7.86004	-8.16961	-8.33578	0.256442	0.243718	0.202308	0.148446	0.149086	0.378693
401	-9.93074	-13.4158	-11.2648	-10.1246	-9.81891	-9.83147	0.00864462	0.0742878	0.232326	0.315394	0.369347	0.75315
402	-7.36304	-10.6709	-8.51819	-7.37128	-7.05305	-7.0587	0.00848201	0.0730115	0.229873	0.316005	0.372628	0.756294
403	-12.6008	-15.9403	-13.7807	-12.611	-12.2628	-12.2559	0.00804123	0.0696978	0.224513	0.318029	0.379719	0.763604
404	-18.1738	-29.9041	-23.2251	-18.9803	-16.705	-16.0213	5.36311e-07	0.000426636	0.0297552	0.289546	0.680271	0.99619
405	-4.94309	-4.34786	-4.44681	-4.80509	-5.38875	-5.69689	0.312531	0.283087	0.197843	0.110367	0.0961718	0.291236
406	-10.9365	-14.3863	-12.2134	-10.9951	-10.5676	-10.5191	0.00705602	0.0619786	0.209566	0.321364	0.400036	0.782802
407	-6.4545	-6.0251	-6.09543	-6.35195	-6.77563	-7.00171	0.279956	0.260945	0.201903	0.132173	0.125023	0.340281
408	-8.84195	-8.6277	-8.66079	-8.78351	-8.99342	-9.10918	0.235318	0.227659	0.201366	0.163239	0.172418	0.414724
409	-4.41318	-3.96653	-4.03875	-4.30264	-4.74064	-4.9758	0.282628	0.262937	0.201951	0.130324	0.12216	0.335811
410	-7.93526	-7.62293	-7.67382	-7.86004	-8.16961	-8.33578	0.256442	0.243718	0.202308	0.148446	0.149086	0.378693
411	-7.01254	-6.77691	-6.81462	-6.95334	-7.18639	-7.31272	0.240431	0.231532	0.201543	0.159645	0.166848	0.406058
412	-8.05188	-11.4849	-9.3165	-8.11382	-7.70904	-7.67133	0.00734101	0.0641911	0.213693	0.320321	0.394454	0.777437
413	-9.56952	-13.1715	-10.9998	-9.78501	-9.36005	-9.31146	0.00710047	0.0622928	0.209897	0.321042	0.399668	0.782274
414	-4.88014	-4.58975	-4.6351	-4.80283	-5.0881	-5.24472	0.250797	0.239677	0.202667	0.152367	0.154492	0.387619
415	-4.6121	-4.31343	-4.36026	-4.53317	-4.82625	-4.98665	0.252484	0.240932	0.202676	0.151189	0.152718	0.384818
416	-10.7973	-10.5331	-10.574	-10.7258	-10.9848	-11.1274	0.245366	0.235518	0.20235	0.156173	0.160593	0.396969
417	-9.76894	-13.2765	-11.1243	-9.97625	-9.64737	-9.64307	0.00838348	0.0721335	0.227361	0.315898	0.376224	0.759202
418	-5.30939	-4.95115	-5.0083	-5.21794	-5.56863	-5.75819	0.264641	0.249942	0.202672	0.142722	0.140023	0.364714
419	-9.47817	-13.1514	-10.9671	-9.70529	-9.2004	-9.10809	0.0062162	0.0552317	0.195062	0.323181	0.420309	0.800932
420	-6.80944	-6.3018	-6.38589	-6.69185	-7.19409	-7.4604	0.296003	0.272128	0.2004	0.121276	0.110193	0.315511
421	-4.59004	-4.09139	-4.17343	-4.47104	-4.9579	-5.21592	0.293175	0.270085	0.200562	0.123255	0.112923	0.320011
422	-4.73787	-4.21849	-4.30278	-4.61114	-5.12353	-5.39857	0.297326	0.273292	0.200773	0.120276	0.108333	0.312879
423	-8.23988	-7.80484	-7.87537	-8.13399	-8.56297	-8.7909	0.280713	0.261597	0.201983	0.131526	0.124181	0.338909
424	-4.6121	-4.31343	-4.36026	-4.53317	-4.82625	-4.98665	0.252484	0.240932	0.202676	0.151189	0.152718	0.384818
425	-8.02711	-11.5539	-9.3736	-8.12769	-7.65278	-7.57832	0.00652504	0.0577419	0.200717	0.322727	0.41229	0.793937
426	-12.7171	-16.3235	-14.154	-12.9457	-12.5243	-12.4738	0.00717184	0.0627764	0.21018	0.320333	0.399539	0.781684
427	-13.3798	-16.6845	-14.5308	-13.3814	-13.0636	-13.0715	0.00846349	0.0729312	0.23019	0.316281	0.372134	0.756084
428	-10.3281	-9.89988	-9.96842	-10.2205	-10.6437	-10.8729	0.279101	0.260611	0.202548	0.132658	0.125083	0.340939
429	-9.62809	-9.06511	-9.15866	-9.49753	-10.049	-10.3394	0.306271	0.278917	0.19875	0.114498	0.101564	0.300496
430	-4.94309	-4.34786	-4.44681	-4.80509	-5.38875	-5.69689	0.312531	0.283087	0.197843	0.110367	0.0961718	0.291236
431	-7.8171	-11.357	-9.17479	-7.92183	-7.43488	-7.35381	0.00639525	0.056701	0.198493	0.323014	0.415397	0.796723
432	-11.0172	-14.5616	-12.4039	-11.2384	-10.8892	-10.8781	0.00806932	0.0698115	0.223911	0.31749	0.380718	0.764054
433	-5.04812	-4.82778	-4.86187	-4.98824	-5.20419	-5.3232	0.236567	0.22864	0.201497	0.162361	0.170934	0.412506
434	-13.6572	-13.1813	-13.2591	-13.544	-14.0176	-14.2715	0.289619	0.267933	0.201509	0.125495	0.115444	0.324756
435	-7.24076	-6.61686	-6.71974	-7.0931	-7.70286	-8.02476	0.317355	0.286328	0.197115	0.107128	0.0920737	0.284109
436	-5.30713	-4.87721	-4.94631	-5.19945	-5.62175	-5.84946	0.279232	0.26059	0.202311	0.132623	0.125244	0.341003
437	-11.9269	-15.5856	-13.407	-12.1661	-11.695	-11.6202	0.00658467	0.0581688	0.201183	0.322248	0.411815	0.793219
438	-4.43517	-3.9443	-4.02424	-4.31576	-4.79747	-5.05494	0.291586	0.269184	0.201114	0.124234	0.113882	0.321979
439	-14.9683	-22.6215	-18.2054	-15.5086	-14.2103	-13.8703	7.51781e-05	0.00622277	0.0923021	0.33811	0.56329	0.930266
440	-4.6121	-4.31343	-4.36026	-4.53317	-4.82625	-4.98665	0.252484	0.240932	0.202676	0.151189	0.152718	0.384818
441	-11.1908	-19.3301	-14.908	-12.1906	-10.8638	-10.5115	7.08577e-05	0.00590075	0.0893418	0.336725	0.567962	0.933187
442	-4.33528	-3.95727	-4.01748	-4.23869	-4.60969	-4.8107	0.268661	0.25296	0.20276	0.139913	0.135705	0.357962
443	-4.59004	-4.09139	-4.17343	-4.47104	-4.9579	-5.21592	0.293175	0.270085	0.200562	0.123255	0.112923	0.320011
444	-5.30486	-4.94816	-5.00479	-5.21302	-5.56299	-5.75295	0.26432	0.249768	0.202816	0.142928	0.140167	0.365076
445	-4.6121	-4.31343	-4.36026	-4.53317	-4.82625	-4.98665	0.252484	0.240932	0.202676	0.151189	0.152718	0.384818
446	-4.59004	-4.09139	-4.17343	-4.47104	-4.9579	-5.21592	0.293175	0.270085	0.200562	0.123255	0.112923	0.320011
447	-4.90367	-4.27858	-4.38307	-4.7607	-5.37358	-5.6961	0.318456	0.28686	0.196638	0.106536	0.0915086	0.282885
448	-5.58749	-5.28969	-5.3362	-5.50826	-5.80106	-5.96187	0.252309	0.240843	0.202773	0.151302	0.152772	0.384995
449	-8.6558	-8.32718	-8.37898	-8.57008	-8.89327	-9.0696	0.258663	0.245605	0.202882	0.146854	0.145996	0.374358
450	-9.48911	-12.9361	-10.7932	-9.67869	-9.40347	-9.42721	0.00914602	0.0779607	0.237624	0.312909	0.36236	0.74558
451	-7.362	-6.81625	-6.90472	-7.22786	-7.7628	-8.04871	0.301955	0.276389	0.200069	0.117182	0.104405	0.306053
452	-11.1499	-10.7301	-10.7986	-11.0492	-11.4656	-11.6888	0.278209	0.25979	0.20219	0.133327	0.126484	0.342831
453	-4.99793	-4.48061	-4.56544	-4.87393	-5.38101	-5.65088	0.296926	0.272777	0.200369	0.120673	0.109255	0.314032
454	-10.8868	-14.8387	-12.6115	-11.1947	-10.4384	-10.2144	0.00398597	0.0369666	0.152449	0.324777	0.481822	0.853374
455	-4.57738	-4.06103	-4.14608	-4.45465	-4.95939	-5.22685	0.296745	0.272549	0.200186	0.120845	0.109675	0.314552
456	-16.3865	-19.9802	-17.8126	-16.6099	-16.1942	-16.1444	0.00725453	0.0633855	0.211008	0.319767	0.398585	0.780509
457	-14.3326	-21.8355	-17.4278	-14.7653	-13.5349	-13.2356	8.52727e-05	0.00699958	0.100315	0.343347	0.549253	0.922052
458	-11.1913	-10.6768	-10.7597	-11.0632	-11.5675	-11.8378	0.295707	0.272182	0.200943	0.121352	0.109816	0.315351
459	-8.79558	-8.65617	-8.677	-8.75501	-8.89108	-8.96758	0.220049	0.215511	0.19934	0.173979	0.191121	0.442311
460	-4.51146	-4.31072	-4.34098	-4.45376	-4.64857	-4.75707	0.232066	0.225148	0.201136	0.165533	0.176116	0.420369
461	-24.2243	-36.8904	-30.0911	-25.475	-22.7254	-21.8306	1.77777e-07	0.000159505	0.0161255	0.252128	0.731587	1.01681
462	-7.54063	-7.22702	-7.27467	-7.45169	-7.75533	-7.9232	0.25426	0.242428	0.203098	0.149912	0.150302	0.381393
463	-4.08846	-3.88162	-3.91278	-4.02894	-4.22982	-4.3418	0.233276	0.22612	0.201321	0.164682	0.174601	0.418156
464	-4.43517	-3.9443	-4.02424	-4.31576	-4.79747	-5.05494	0.291586	0.269184	0.201114	0.124234	0.113882	0.321979
465	-4.96374	-4.5878	-4.64778	-4.8679	-5.23653	-5.43607	0.268245	0.252629	0.202715	0.140214	0.136196	0.358705
466	-8.89569	-8.36553	-8.45364	-8.77387	-9.29889	-9.57715	0.300598	0.275248	0.199824	0.118204	0.106126	0.308597
467	-7.06777	-10.5361	-8.36192	-7.1386	-6.70124	-6.64686	0.0069479	0.0611062	0.207667	0.321597	0.402682	0.785163
468	-23.7663	-35.1196	-28.4874	-24.4123	-22.4124	-21.8723	9.54726e-07	0.000724781	0.0426603	0.31518	0.641434	0.979281
469	-14.9685	-18.401	-16.2368	-15.0487	-14.6658	-14.6385	0.00762004	0.0663549	0.217698	0.319254	0.389073	0.772227
470	-19.2861	-31.1155	-24.4863	-20.42	-18.4285	-17.8897	9.74622e-07	0.000737728	0.0430396	0.315322	0.640899	0.978946
