Sites	Ll	Ll_YN98.omega_1=0.00134638	Ll_YN98.omega_1=0.00244717	Ll_YN98.omega_1=0.00484288	Ll_YN98.omega_1=0.0146454	Pr_YN98.omega_1=0.00134638	Pr_YN98.omega_1=0.00244717	Pr_YN98.omega_1=0.00484288	Pr_YN98.omega_1=0.0146454	mean
270	-3.7654	-3.75436	-3.7571	-3.76302	-3.78676	0.252732	0.252041	0.250552	0.244675	0.00575381
301	-3.53902	-3.5291	-3.53156	-3.53689	-3.55803	0.252446	0.251823	0.250486	0.245245	0.00576092
302	-5.91902	-5.91782	-5.91811	-5.91876	-5.92137	0.250299	0.250225	0.250065	0.249412	0.0058131
303	-4.21131	-4.20304	-4.20509	-4.20953	-4.22722	0.252042	0.251525	0.250413	0.246021	0.00577065
304	-7.60179	-7.58394	-7.58836	-7.59793	-7.63657	0.254426	0.253304	0.25089	0.24138	0.00571256
305	-13.5423	-14.9691	-14.3807	-13.7178	-12.6897	0.0622378	0.112101	0.217531	0.60813	0.0103179
306	-4.36669	-4.3589	-4.36084	-4.36502	-4.38164	0.251922	0.251434	0.250385	0.246258	0.00577362
307	-3.48855	-3.47991	-3.48205	-3.48669	-3.50518	0.252134	0.251594	0.250431	0.245841	0.0057684
308	-5.57647	-5.57471	-5.57514	-5.57609	-5.57994	0.25044	0.250331	0.250094	0.249134	0.00580963
309	-3.81466	-3.80383	-3.80652	-3.81233	-3.83536	0.252665	0.251985	0.250526	0.244824	0.00575564
310	-3.86293	-3.85119	-3.85411	-3.86041	-3.88535	0.252888	0.25215	0.250566	0.244395	0.00575026
311	-11.4029	-12.8326	-12.2426	-11.5763	-10.5342	0.0614445	0.110844	0.215824	0.611888	0.0103605
312	-4.37447	-4.37171	-4.37239	-4.37387	-4.37986	0.250687	0.250516	0.250146	0.248651	0.00580359
313	-4.2843	-4.27644	-4.2784	-4.28262	-4.29938	0.251939	0.251447	0.250389	0.246226	0.00577321
314	-8.29503	-8.26612	-8.27332	-8.28886	-8.35062	0.257116	0.25527	0.251333	0.236281	0.00564847
315	-7.59309	-7.58643	-7.58807	-7.59164	-7.60616	0.25166	0.251246	0.250351	0.246743	0.00577973
316	-4.37447	-4.37171	-4.37239	-4.37387	-4.37986	0.250687	0.250516	0.250146	0.248651	0.00580359
317	-6.23333	-6.23221	-6.23249	-6.23309	-6.23554	0.250281	0.250211	0.250061	0.249447	0.00581355
318	-3.81466	-3.80383	-3.80652	-3.81233	-3.83536	0.252665	0.251985	0.250526	0.244824	0.00575564
319	-3.82022	-3.81724	-3.81797	-3.81957	-3.82606	0.250742	0.250558	0.250159	0.248541	0.00580221
320	-4.47415	-4.46638	-4.46831	-4.47249	-4.48905	0.251916	0.25143	0.250383	0.24627	0.00577376
321	-18.2576	-18.2005	-18.2147	-18.2454	-18.3698	0.264107	0.260392	0.252512	0.222989	0.00548145
355	-4.28767	-4.28458	-4.28534	-4.287	-4.29372	0.25077	0.250579	0.250163	0.248488	0.00580155
356	-5.71884	-5.71682	-5.71732	-5.7184	-5.72279	0.250502	0.250378	0.250108	0.249012	0.0058081
357	-4.43854	-4.42927	-4.43158	-4.43656	-4.45622	0.252281	0.251698	0.250448	0.245572	0.005765
358	-3.91408	-3.90061	-3.90398	-3.91121	-3.93962	0.253303	0.252452	0.250633	0.243612	0.00574041
359	-12.5753	-12.5655	-12.5679	-12.5732	-12.5943	0.252418	0.251811	0.2505	0.24527	0.00576129
360	-9.39012	-9.37862	-9.38147	-9.38764	-9.41255	0.252856	0.252137	0.250586	0.244422	0.00575066
361	-3.82122	-3.81747	-3.8184	-3.82041	-3.82856	0.250934	0.250702	0.250199	0.248166	0.00579753
362	-9.71744	-9.68194	-9.69082	-9.70993	-9.78526	0.258705	0.256419	0.251564	0.233312	0.00561105
363	-7.66147	-7.63745	-7.64341	-7.65632	-7.7082	0.255946	0.254425	0.251163	0.238465	0.00567599
364	-3.51207	-3.50796	-3.50898	-3.51118	-3.52008	0.251021	0.250766	0.250215	0.247997	0.00579541
365	-13.936	-13.9182	-13.9226	-13.9322	-13.9713	0.254454	0.253334	0.250915	0.241297	0.00571158
366	-3.40106	-3.39688	-3.39791	-3.40016	-3.40923	0.251041	0.250781	0.250219	0.247959	0.00579493
367	-16.514	-16.4951	-16.4998	-16.5099	-16.5514	0.25472	0.253531	0.250967	0.240782	0.00570512
368	-4.4384	-4.42987	-4.432	-4.43657	-4.4547	0.2521	0.251565	0.250417	0.245918	0.00576934
369	-9.06056	-9.05666	-9.05762	-9.05972	-9.06824	0.250975	0.250733	0.250208	0.248084	0.00579651
370	-4.19766	-4.18881	-4.19101	-4.19576	-4.21467	0.252185	0.25163	0.250437	0.245747	0.00576722
371	-14.6869	-14.6694	-14.6737	-14.6831	-14.7213	0.254363	0.253263	0.25089	0.241484	0.0057139
372	-4.316	-4.31212	-4.31308	-4.31516	-4.32358	0.250965	0.250725	0.250204	0.248106	0.00579678
373	-3.31751	-3.31499	-3.31561	-3.31696	-3.32244	0.250627	0.250472	0.250134	0.248767	0.00580504
374	-8.4705	-8.42344	-8.43517	-8.46051	-8.56132	0.261565	0.258514	0.252046	0.227875	0.00554274
375	-3.31751	-3.31499	-3.31561	-3.31696	-3.32244	0.250627	0.250472	0.250134	0.248767	0.00580504
376	-4.16435	-4.16248	-4.16294	-4.16394	-4.16802	0.250466	0.250351	0.2501	0.249083	0.00580899
377	-3.82122	-3.81747	-3.8184	-3.82041	-3.82856	0.250934	0.250702	0.250199	0.248166	0.00579753
378	-3.46486	-3.45476	-3.45727	-3.46269	-3.48421	0.252489	0.251855	0.250494	0.245162	0.00575988
379	-5.71884	-5.71682	-5.71732	-5.7184	-5.72279	0.250502	0.250378	0.250108	0.249012	0.0058081
380	-4.02958	-4.0159	-4.01932	-4.02667	-4.05544	0.25335	0.252485	0.250637	0.243528	0.00573935
381	-4.16435	-4.16248	-4.16294	-4.16394	-4.16802	0.250466	0.250351	0.2501	0.249083	0.00580899
382	-3.40106	-3.39688	-3.39791	-3.40016	-3.40923	0.251041	0.250781	0.250219	0.247959	0.00579493
383	-4.16435	-4.16248	-4.16294	-4.16394	-4.16802	0.250466	0.250351	0.2501	0.249083	0.00580899
384	-4.16435	-4.16248	-4.16294	-4.16394	-4.16802	0.250466	0.250351	0.2501	0.249083	0.00580899
385	-3.31751	-3.31499	-3.31561	-3.31696	-3.32244	0.250627	0.250472	0.250134	0.248767	0.00580504
386	-3.51207	-3.50796	-3.50898	-3.51118	-3.52008	0.251021	0.250766	0.250215	0.247997	0.00579541
387	-10.6058	-10.5899	-10.5938	-10.6023	-10.6371	0.253957	0.252965	0.250821	0.242256	0.0057236
388	-3.40106	-3.39688	-3.39791	-3.40016	-3.40923	0.251041	0.250781	0.250219	0.247959	0.00579493
389	-3.28918	-3.27991	-3.28221	-3.28719	-3.30698	0.252287	0.251706	0.250457	0.245549	0.00576473
390	-3.31751	-3.31499	-3.31561	-3.31696	-3.32244	0.250627	0.250472	0.250134	0.248767	0.00580504
391	-15.9963	-15.9561	-15.966	-15.9876	-16.0756	0.259978	0.257411	0.251917	0.230694	0.00557856
392	-7.61406	-7.57405	-7.58402	-7.60555	-7.69104	0.259831	0.257252	0.251774	0.231143	0.00558385
393	-17.4102	-17.3628	-17.3746	-17.4001	-17.504	0.261772	0.258716	0.252197	0.227315	0.00553605
394	-7.58355	-7.55499	-7.56212	-7.57749	-7.63814	0.257014	0.255186	0.251294	0.236506	0.00565123
395	-3.82122	-3.81747	-3.8184	-3.82041	-3.82856	0.250934	0.250702	0.250199	0.248166	0.00579753
396	-3.31751	-3.31499	-3.31561	-3.31696	-3.32244	0.250627	0.250472	0.250134	0.248767	0.00580504
397	-8.31055	-8.30081	-8.30321	-8.30844	-8.32967	0.252427	0.251821	0.250508	0.245244	0.00576098
398	-3.53902	-3.5291	-3.53156	-3.53689	-3.55803	0.252446	0.251823	0.250486	0.245245	0.00576092
399	-9.69333	-9.66208	-9.66981	-9.6866	-9.75468	0.257756	0.255771	0.251514	0.23496	0.00563208
400	-8.95467	-8.9453	-8.94762	-8.95264	-8.97306	0.252334	0.251751	0.250489	0.245425	0.00576325
401	-5.77061	-5.76843	-5.76897	-5.77014	-5.7749	0.250545	0.25041	0.250117	0.248929	0.00580706
402	-9.76824	-9.72936	-9.73905	-9.75997	-9.84342	0.259576	0.257075	0.251753	0.231596	0.00558961
403	-3.94721	-3.93418	-3.93744	-3.94444	-3.9719	0.253194	0.252371	0.250612	0.243823	0.00574305
404	-4.02958	-4.0159	-4.01932	-4.02667	-4.05544	0.25335	0.252485	0.250637	0.243528	0.00573935
405	-9.36514	-9.35414	-9.35686	-9.36275	-9.38674	0.25274	0.252055	0.250572	0.244633	0.00575334
406	-3.53902	-3.5291	-3.53156	-3.53689	-3.55803	0.252446	0.251823	0.250486	0.245245	0.00576092
407	-19.5375	-19.4904	-19.502	-19.5274	-19.6308	0.261716	0.258675	0.25219	0.227419	0.00553736
408	-13.2187	-13.1808	-13.1902	-13.2106	-13.2936	0.259427	0.257005	0.251818	0.231749	0.0055918
409	-3.40106	-3.39688	-3.39791	-3.40016	-3.40923	0.251041	0.250781	0.250219	0.247959	0.00579493
410	-4.02941	-4.02487	-4.02599	-4.02842	-4.03824	0.251128	0.250846	0.250236	0.247791	0.00579282
411	-4.43854	-4.42927	-4.43158	-4.43656	-4.45622	0.252281	0.251698	0.250448	0.245572	0.005765
412	-8.34747	-8.33896	-8.34106	-8.34562	-8.36418	0.25212	0.251591	0.250446	0.245843	0.00576847
413	-9.27958	-9.26014	-9.26497	-9.27543	-9.31749	0.254825	0.253596	0.250957	0.240622	0.00570304
414	-3.82122	-3.81747	-3.8184	-3.82041	-3.82856	0.250934	0.250702	0.250199	0.248166	0.00579753
415	-9.89878	-9.87236	-9.87892	-9.89312	-9.95007	0.256531	0.254854	0.251262	0.237352	0.005662
416	-8.54952	-8.53293	-8.53706	-8.54598	-8.5817	0.254109	0.253062	0.250814	0.242015	0.00572047
417	-4.12102	-4.11237	-4.11452	-4.11916	-4.13764	0.252134	0.251593	0.250428	0.245844	0.00576843
418	-9.12134	-9.11198	-9.11429	-9.11931	-9.13973	0.252333	0.251751	0.25049	0.245426	0.00576326
419	-4.11655	-4.10676	-4.10919	-4.11445	-4.13531	0.252413	0.251799	0.25048	0.245308	0.00576171
420	-3.51207	-3.50796	-3.50898	-3.51118	-3.52008	0.251021	0.250766	0.250215	0.247997	0.00579541
421	-4.35545	-4.34683	-4.34898	-4.35361	-4.37193	0.252123	0.251582	0.250421	0.245875	0.0057688
422	-3.46486	-3.45476	-3.45727	-3.46269	-3.48421	0.252489	0.251855	0.250494	0.245162	0.00575988
423	-3.7654	-3.75436	-3.7571	-3.76302	-3.78676	0.252732	0.252041	0.250552	0.244675	0.00575381
424	-7.94556	-7.93982	-7.94124	-7.94432	-7.95679	0.251429	0.251073	0.250301	0.247198	0.00578541
425	-7.76494	-7.735	-7.74243	-7.75852	-7.8233	0.257411	0.255506	0.251428	0.235655	0.00564073
426	-3.53902	-3.5291	-3.53156	-3.53689	-3.55803	0.252446	0.251823	0.250486	0.245245	0.00576092
427	-6.63064	-6.61891	-6.62181	-6.62809	-6.65364	0.252918	0.252188	0.250608	0.244286	0.005749
428	-4.16435	-4.16248	-4.16294	-4.16394	-4.16802	0.250466	0.250351	0.2501	0.249083	0.00580899
429	-4.26491	-4.25548	-4.25783	-4.26289	-4.28298	0.252324	0.251733	0.250462	0.245481	0.00576387
430	-4.23435	-4.23162	-4.2323	-4.23376	-4.23969	0.25068	0.250511	0.250145	0.248665	0.00580376
431	-4.43854	-4.42927	-4.43158	-4.43656	-4.45622	0.252281	0.251698	0.250448	0.245572	0.005765
432	-4.16435	-4.16248	-4.16294	-4.16394	-4.16802	0.250466	0.250351	0.2501	0.249083	0.00580899
433	-5.90755	-5.90627	-5.90658	-5.90727	-5.91007	0.25032	0.250241	0.250069	0.249369	0.00581257
434	-3.28918	-3.27991	-3.28221	-3.28719	-3.30698	0.252287	0.251706	0.250457	0.245549	0.00576473
435	-3.28918	-3.27991	-3.28221	-3.28719	-3.30698	0.252287	0.251706	0.250457	0.245549	0.00576473
436	-8.42076	-8.39468	-8.40114	-8.41516	-8.47178	0.25647	0.254818	0.251272	0.237439	0.00566316
437	-3.64035	-3.6307	-3.6331	-3.63828	-3.65885	0.252379	0.251774	0.250473	0.245374	0.00576253
438	-8.46623	-8.45305	-8.4563	-8.46337	-8.49212	0.253282	0.25246	0.250682	0.243577	0.00574012
439	-4.23435	-4.23162	-4.2323	-4.23376	-4.23969	0.25068	0.250511	0.250145	0.248665	0.00580376
440	-5.84889	-5.84692	-5.8474	-5.84846	-5.85277	0.250493	0.250371	0.250106	0.249031	0.00580834
441	-15.5336	-15.4775	-15.4914	-15.5216	-15.6442	0.263889	0.260244	0.252501	0.223366	0.00548626
442	-6.91207	-6.8831	-6.89029	-6.90586	-6.96839	0.257163	0.255321	0.251377	0.236139	0.00564679
443	-3.51207	-3.50796	-3.50898	-3.51118	-3.52008	0.251021	0.250766	0.250215	0.247997	0.00579541
444	-4.54931	-4.54084	-4.54295	-4.5475	-4.56551	0.252087	0.251555	0.250413	0.245944	0.00576967
445	-5.87808	-5.87596	-5.87648	-5.87762	-5.88222	0.250527	0.250396	0.250113	0.248964	0.0058075
446	-8.48887	-8.47638	-8.47947	-8.48617	-8.51336	0.253109	0.252329	0.250644	0.243919	0.00574439
447	-3.51207	-3.50796	-3.50898	-3.51118	-3.52008	0.251021	0.250766	0.250215	0.247997	0.00579541
448	-4.316	-4.31212	-4.31308	-4.31516	-4.32358	0.250965	0.250725	0.250204	0.248106	0.00579678
449	-3.91408	-3.90061	-3.90398	-3.91121	-3.93962	0.253303	0.252452	0.250633	0.243612	0.00574041
450	-4.54931	-4.54084	-4.54295	-4.5475	-4.56551	0.252087	0.251555	0.250413	0.245944	0.00576967
451	-3.28918	-3.27991	-3.28221	-3.28719	-3.30698	0.252287	0.251706	0.250457	0.245549	0.00576473
452	-3.51207	-3.50796	-3.50898	-3.51118	-3.52008	0.251021	0.250766	0.250215	0.247997	0.00579541
453	-3.91408	-3.90061	-3.90398	-3.91121	-3.93962	0.253303	0.252452	0.250633	0.243612	0.00574041
454	-3.64035	-3.6307	-3.6331	-3.63828	-3.65885	0.252379	0.251774	0.250473	0.245374	0.00576253
455	-11.2374	-11.1915	-11.2028	-11.2275	-11.3282	0.261406	0.258453	0.252146	0.227995	0.00554462
