Sites	Ll	Ll_YN98.omega_1=0.00209184	Ll_YN98.omega_1=1	Ll_YN98.omega_1=1.94344	Pr_YN98.omega_1=0.00209184	Pr_YN98.omega_1=1	Pr_YN98.omega_1=1.94344	mean
270	-3.76645	-3.75617	-4.63446	-4.91982	0.998943	0	0.00105695	0.00414375
301	-3.53646	-3.52766	-4.31283	-4.59696	0.998839	0	0.00116141	0.00434654
302	-5.9123	-5.91073	-6.11673	-6.25514	0.997605	0	0.00239476	0.0067409
303	-4.20937	-4.20153	-4.91491	-5.18623	0.998736	0	0.0012638	0.00454532
304	-7.61187	-7.59532	-9.37424	-10.0782	0.999717	0	0.000282795	0.00264084
305	-13.304	-14.5426	-11.0256	-11.1778	0.910753	0	0.0892466	0.17535
306	-4.36181	-4.35461	-5.04679	-5.32044	0.998712	0	0.00128786	0.00459203
307	-3.48701	-3.4788	-4.21184	-4.48577	0.998764	0	0.00123601	0.00449136
308	-5.57019	-5.56794	-5.8479	-6.01932	0.997848	0	0.00215236	0.00627031
309	-3.81239	-3.80268	-4.62708	-4.9174	0.99889	0	0.00110989	0.00424653
310	-3.86091	-3.85059	-4.70776	-5.00141	0.998929	0	0.00107058	0.0041702
311	-11.6074	-12.405	-8.47719	-8.57671	0.865226	0	0.134774	0.263736
312	-4.37011	-4.36688	-4.73969	-4.93897	0.998092	0	0.00190809	0.00579611
313	-4.27951	-4.27227	-4.96666	-5.24038	0.998715	0	0.00128493	0.00458633
314	-8.29956	-8.27893	-10.4634	-11.2203	0.999821	0	0.000178811	0.00243897
315	-7.60343	-7.59578	-8.55867	-9.04172	0.999203	0	0.000797209	0.0036395
316	-4.37011	-4.36688	-4.73969	-4.93897	0.998092	0	0.00190809	0.00579611
317	-6.22138	-6.2199	-6.41859	-6.55363	0.99758	0	0.00242042	0.0067907
318	-3.81239	-3.80268	-4.62708	-4.9174	0.99889	0	0.00110989	0.00424653
319	-3.82141	-3.81772	-4.25137	-4.45587	0.998214	0	0.00178633	0.00555972
320	-4.4685	-4.46141	-5.15102	-5.42497	0.998709	0	0.00129078	0.00459769
321	-18.2523	-18.2194	-23.3091	-25.0284	0.999996	0	3.73913e-06	0.0020991
355	-4.28513	-4.28153	-4.68261	-4.88535	0.998151	0	0.00184861	0.00568063
356	-5.7116	-5.70908	-6.02225	-6.20682	0.997945	0	0.00205504	0.00608139
357	-4.4319	-4.42395	-5.18687	-5.4767	0.998819	0	0.00118076	0.00438411
358	-3.91074	-3.89976	-4.81362	-5.11762	0.998999	0	0.00100123	0.00403558
359	-12.5875	-12.5779	-13.7584	-14.3434	0.999421	0	0.000579245	0.00321636
360	-9.39982	-9.3895	-10.6706	-11.2713	0.999484	0	0.000515687	0.00309297
361	-3.82251	-3.81808	-4.31865	-4.53556	0.99835	0	0.00165032	0.00529568
362	-9.71801	-9.69563	-12.0769	-12.8511	0.999856	0	0.000144347	0.00237207
363	-7.66867	-7.64976	-9.75128	-10.4986	0.999804	0	0.00019613	0.0024726
364	-3.51084	-3.50626	-3.98977	-4.21105	0.998329	0	0.00167134	0.00533649
365	-13.9409	-13.9251	-16.5947	-17.7473	0.999926	0	7.41116e-05	0.00223572
366	-3.40008	-3.3954	-3.88682	-4.1091	0.998343	0	0.00165655	0.00530777
367	-16.5184	-16.5022	-19.3082	-20.5042	0.999938	0	6.192e-05	0.00221205
368	-4.4322	-4.42469	-5.15496	-5.43813	0.998772	0	0.00122805	0.00447591
369	-9.06607	-9.0615	-9.71355	-10.1206	0.998827	0	0.00117335	0.00436972
370	-4.1946	-4.18656	-4.92883	-5.20806	0.998782	0	0.0012182	0.00445678
371	-14.6979	-14.6819	-16.8347	-17.7804	0.999847	0	0.000152807	0.00238849
372	-4.31432	-4.30996	-4.77513	-4.99357	0.998293	0	0.00170708	0.00540586
373	-3.31646	-3.31339	-3.67067	-3.85258	0.998028	0	0.00197179	0.00591976
374	-8.46866	-8.43934	-11.4046	-12.2409	0.999924	0	7.56548e-05	0.00223871
375	-3.31646	-3.31339	-3.67067	-3.85258	0.998028	0	0.00197179	0.00591976
376	-4.15908	-4.15675	-4.44421	-4.61644	0.997865	0	0.00213458	0.0062358
377	-3.82251	-3.81808	-4.31865	-4.53556	0.99835	0	0.00165032	0.00529568
378	-3.4625	-3.45355	-4.24672	-4.5316	0.998849	0	0.00115131	0.00432694
379	-5.7116	-5.70908	-6.02225	-6.20682	0.997945	0	0.00205504	0.00608139
380	-4.02537	-4.01438	-4.93617	-5.24395	0.99901	0	0.000989588	0.00401297
381	-4.15908	-4.15675	-4.44421	-4.61644	0.997865	0	0.00213458	0.0062358
382	-3.40008	-3.3954	-3.88682	-4.1091	0.998343	0	0.00165655	0.00530777
383	-4.15908	-4.15675	-4.44421	-4.61644	0.997865	0	0.00213458	0.0062358
384	-4.15908	-4.15675	-4.44421	-4.61644	0.997865	0	0.00213458	0.0062358
385	-3.31646	-3.31339	-3.67067	-3.85258	0.998028	0	0.00197179	0.00591976
386	-3.51084	-3.50626	-3.98977	-4.21105	0.998329	0	0.00167134	0.00533649
387	-10.6161	-10.6	-13.2284	-14.3353	0.999919	0	8.08379e-05	0.00224878
388	-3.40008	-3.3954	-3.88682	-4.1091	0.998343	0	0.00165655	0.00530777
389	-3.28664	-3.27839	-4.03316	-4.31138	0.998796	0	0.0012043	0.00442981
390	-3.31646	-3.31339	-3.67067	-3.85258	0.998028	0	0.00197179	0.00591976
391	-16.0007	-15.9699	-21.7609	-23.7576	0.999999	0	1.40504e-06	0.00209457
392	-7.61559	-7.58884	-10.2691	-11.0914	0.999898	0	0.000102026	0.00228991
393	-17.4116	-17.3795	-22.9123	-24.9325	0.999998	0	1.77697e-06	0.00209529
394	-7.58748	-7.56766	-9.72208	-10.48	0.999816	0	0.00018407	0.00244919
395	-3.82251	-3.81808	-4.31865	-4.53556	0.99835	0	0.00165032	0.00529568
396	-3.31646	-3.31339	-3.67067	-3.85258	0.998028	0	0.00197179	0.00591976
397	-8.32031	-8.30986	-9.61825	-10.1958	0.999486	0	0.000513568	0.00308885
398	-3.53646	-3.52766	-4.31283	-4.59696	0.998839	0	0.00116141	0.00434654
399	-9.69947	-9.67481	-12.9773	-14.1926	0.999963	0	3.69687e-05	0.00216361
400	-8.96439	-8.9543	-10.2303	-10.799	0.999465	0	0.000535188	0.00313083
401	-5.76804	-5.76535	-6.08231	-6.25693	0.997932	0	0.00206771	0.00610597
402	-9.76888	-9.74416	-12.4377	-13.2575	0.999899	0	0.000100927	0.00228777
403	-3.94323	-3.93254	-4.83628	-5.14171	0.99899	0	0.00100996	0.00405252
404	-4.02537	-4.01438	-4.93617	-5.24395	0.99901	0	0.000989588	0.00401297
405	-9.37526	-9.36405	-10.8286	-11.4388	0.999575	0	0.000425231	0.00291736
406	-3.53646	-3.52766	-4.31283	-4.59696	0.998839	0	0.00116141	0.00434654
407	-19.5355	-19.5075	-26.1615	-28.5724	1	0	3.91799e-07	0.0020926
408	-13.2208	-13.194	-17.9405	-19.6225	0.999995	0	5.47008e-06	0.00210246
409	-3.40008	-3.3954	-3.88682	-4.1091	0.998343	0	0.00165655	0.00530777
410	-4.02698	-4.02202	-4.53492	-4.7699	0.998399	0	0.00160098	0.0051999
411	-4.4319	-4.42395	-5.18687	-5.4767	0.998819	0	0.00118076	0.00438411
412	-8.35698	-8.34766	-9.54709	-10.0966	0.999411	0	0.000588924	0.00323515
413	-9.28746	-9.27445	-11.1021	-11.815	0.999733	0	0.000266932	0.00261005
414	-3.82251	-3.81808	-4.31865	-4.53556	0.99835	0	0.00165032	0.00529568
415	-9.90444	-9.88482	-12.0837	-12.849	0.999825	0	0.000174781	0.00243115
416	-8.55691	-8.54444	-10.2139	-10.9177	0.999684	0	0.000315549	0.00270443
417	-4.11827	-4.11032	-4.84333	-5.12036	0.998768	0	0.00123223	0.00448403
418	-9.1315	-9.12169	-10.4241	-10.9982	0.999482	0	0.000518439	0.00309831
419	-4.11392	-4.10529	-4.88324	-5.16584	0.998828	0	0.00117161	0.00436634
420	-3.51084	-3.50626	-3.98977	-4.21105	0.998329	0	0.00167134	0.00533649
421	-4.34934	-4.34178	-5.07468	-5.35794	0.998775	0	0.00122472	0.00446945
422	-3.4625	-3.45355	-4.24672	-4.5316	0.998849	0	0.00115131	0.00432694
423	-3.76645	-3.75617	-4.63446	-4.91982	0.998943	0	0.00105695	0.00414375
424	-7.95523	-7.94917	-8.78028	-9.26741	0.999094	0	0.000905691	0.0038501
425	-7.77027	-7.74805	-10.2434	-11.0314	0.999873	0	0.000127024	0.00233844
426	-3.53646	-3.52766	-4.31283	-4.59696	0.998839	0	0.00116141	0.00434654
427	-6.64127	-6.62891	-8.16261	-8.78816	0.999609	0	0.000390807	0.00285053
428	-4.15908	-4.15675	-4.44421	-4.61644	0.997865	0	0.00213458	0.0062358
429	-4.26194	-4.25356	-5.01632	-5.29773	0.998809	0	0.00119093	0.00440384
430	-4.23165	-4.22843	-4.59727	-4.78968	0.998071	0	0.00192884	0.00583639
431	-4.4319	-4.42395	-5.18687	-5.4767	0.998819	0	0.00118076	0.00438411
432	-4.15908	-4.15675	-4.44421	-4.61644	0.997865	0	0.00213458	0.0062358
433	-5.89999	-5.89832	-6.11818	-6.26379	0.997655	0	0.00234497	0.00664425
434	-3.28664	-3.27839	-4.03316	-4.31138	0.998796	0	0.0012043	0.00442981
435	-3.28664	-3.27839	-4.03316	-4.31138	0.998796	0	0.0012043	0.00442981
436	-8.42736	-8.40696	-10.919	-11.7933	0.999885	0	0.000114598	0.00231432
437	-3.63751	-3.62895	-4.40184	-4.68464	0.998823	0	0.0011773	0.0043774
438	-8.47669	-8.46317	-10.2329	-10.9078	0.999706	0	0.000293815	0.00266224
439	-4.23165	-4.22843	-4.59727	-4.78968	0.998071	0	0.00192884	0.00583639
440	-5.84046	-5.83797	-6.14889	-6.33275	0.997939	0	0.00206114	0.00609323
441	-15.5323	-15.4976	-20.63	-22.0707	0.999995	0	4.73412e-06	0.00210103
442	-6.91849	-6.89614	-9.26521	-10.0519	0.999856	0	0.000144308	0.00237199
443	-3.51084	-3.50626	-3.98977	-4.21105	0.998329	0	0.00167134	0.00533649
444	-4.54226	-4.53489	-5.26084	-5.54438	0.998767	0	0.0012329	0.00448532
445	-5.87514	-5.87253	-6.18141	-6.3545	0.997912	0	0.00208764	0.00614466
446	-8.50025	-8.48877	-10.0253	-10.6446	0.999608	0	0.000392157	0.00285315
447	-3.51084	-3.50626	-3.98977	-4.21105	0.998329	0	0.00167134	0.00533649
448	-4.31432	-4.30996	-4.77513	-4.99357	0.998293	0	0.00170708	0.00540586
449	-3.91074	-3.89976	-4.81362	-5.11762	0.998999	0	0.00100123	0.00403558
450	-4.54226	-4.53489	-5.26084	-5.54438	0.998767	0	0.0012329	0.00448532
451	-3.28664	-3.27839	-4.03316	-4.31138	0.998796	0	0.0012043	0.00442981
452	-3.51084	-3.50626	-3.98977	-4.21105	0.998329	0	0.00167134	0.00533649
453	-3.91074	-3.89976	-4.81362	-5.11762	0.998999	0	0.00100123	0.00403558
454	-3.63751	-3.62895	-4.40184	-4.68464	0.998823	0	0.0011773	0.0043774
455	-11.2383	-11.2058	-17.0708	-19.1246	0.999999	0	1.23252e-06	0.00209423
