Sites	Ll	Ll_YN98.omega_1=0.002	Ll_YN98.omega_1=1	Pr_YN98.omega_1=0.002	Pr_YN98.omega_1=1	mean
270	-3.76654	-3.75596	-4.63833	0.997654	0.00234638	0.00434169
301	-3.53759	-3.52851	-4.318	0.997426	0.00257416	0.00456901
302	-5.91455	-5.91313	-6.12032	0.995401	0.00459877	0.00658957
303	-4.21031	-4.20235	-4.91957	0.997233	0.00276654	0.00476101
304	-7.6093	-7.5922	-9.37301	0.999043	0.000956787	0.00295487
305	-13.3543	-14.5841	-11.0252	0.833597	0.166403	0.16807
306	-4.36365	-4.35633	-5.05249	0.997175	0.00282525	0.0048196
307	-3.48783	-3.4795	-4.21643	0.997287	0.00271269	0.00470726
308	-5.57231	-5.57026	-5.85181	0.995729	0.00427059	0.00626205
309	-3.81348	-3.80347	-4.63235	0.997525	0.00247498	0.00447003
310	-3.86194	-3.85123	-4.71306	0.997605	0.00239493	0.00439014
311	-11.5266	-12.4467	-8.47708	0.768629	0.231371	0.232908
312	-4.37166	-4.3686	-4.7434	0.996108	0.00389189	0.00588411
313	-4.28132	-4.27395	-4.97233	0.997181	0.002819	0.00481336
314	-8.29847	-8.27575	-10.4633	0.999363	0.000637251	0.00263598
315	-7.60032	-7.59298	-8.5563	0.997836	0.0021643	0.00415997
316	-4.37166	-4.3686	-4.7434	0.996108	0.00389189	0.00588411
317	-6.22532	-6.22399	-6.42386	0.995368	0.0046324	0.00662314
318	-3.81348	-3.80347	-4.63235	0.997525	0.00247498	0.00447003
319	-3.82109	-3.81767	-4.25299	0.996336	0.00366416	0.00565683
320	-4.47057	-4.46335	-5.15699	0.997168	0.00283236	0.0048267
321	-18.2536	-18.215	-23.3061	0.999965	3.49588e-05	0.00203489
355	-4.28609	-4.28268	-4.68574	0.996216	0.00378383	0.00577626
356	-5.71404	-5.71172	-6.02671	0.995869	0.00413076	0.0061225
357	-4.43428	-4.42605	-5.19355	0.997369	0.00263124	0.00462598
358	-3.91213	-3.90055	-4.81956	0.997738	0.00226214	0.00425762
359	-12.5839	-12.5742	-13.7562	0.99826	0.00174	0.00373652
360	-9.39701	-9.38638	-10.669	0.998426	0.00157369	0.00357054
361	-3.82219	-3.81801	-4.32058	0.996573	0.00342667	0.00541982
362	-9.71766	-9.69239	-12.0772	0.999477	0.000523229	0.00252218
363	-7.66681	-7.64653	-9.75044	0.999307	0.000692796	0.00269141
364	-3.51141	-3.50699	-3.99289	0.996516	0.00348406	0.00547709
365	-13.94	-13.9234	-16.5906	0.999605	0.000394524	0.00239374
366	-3.40058	-3.39606	-3.88987	0.996543	0.00345672	0.0054498
367	-16.5177	-16.5004	-19.3044	0.999656	0.000344139	0.00234345
368	-4.43444	-4.42672	-5.16132	0.997281	0.002719	0.00471356
369	-9.06443	-9.06011	-9.71326	0.997051	0.00294906	0.00494316
370	-4.19588	-4.18764	-4.93402	0.997313	0.00268725	0.00468187
371	-14.695	-14.6784	-16.8307	0.99934	0.000660065	0.00265874
372	-4.31504	-4.31084	-4.77834	0.996451	0.00354854	0.00554144
373	-3.3169	-3.31404	-3.67296	0.996046	0.00395392	0.00594601
374	-8.46917	-8.43569	-11.4047	0.999708	0.000291802	0.00229122
375	-3.3169	-3.31404	-3.67296	0.996046	0.00395392	0.00594601
376	-4.16088	-4.15873	-4.44777	0.995761	0.00423889	0.00623041
377	-3.82219	-3.81801	-4.32058	0.996573	0.00342667	0.00541982
378	-3.46357	-3.45434	-4.25184	0.997446	0.00255365	0.00454855
379	-5.71404	-5.71172	-6.02671	0.995869	0.00413076	0.0061225
380	-4.027	-4.01539	-4.94249	0.997756	0.00224395	0.00423946
381	-4.16088	-4.15873	-4.44777	0.995761	0.00423889	0.00623041
382	-3.40058	-3.39606	-3.88987	0.996543	0.00345672	0.0054498
383	-4.16088	-4.15873	-4.44777	0.995761	0.00423889	0.00623041
384	-4.16088	-4.15873	-4.44777	0.995761	0.00423889	0.00623041
385	-3.3169	-3.31404	-3.67296	0.996046	0.00395392	0.00594601
386	-3.51141	-3.50699	-3.99289	0.996516	0.00348406	0.00547709
387	-10.6132	-10.5969	-13.2251	0.99959	0.000410248	0.00240943
388	-3.40058	-3.39606	-3.88987	0.996543	0.00345672	0.0054498
389	-3.28774	-3.27925	-4.03814	0.997346	0.00265393	0.00464862
390	-3.3169	-3.31404	-3.67296	0.996046	0.00395392	0.00594601
391	-16.0002	-15.9662	-21.7555	0.999983	1.7392e-05	0.00201736
392	-7.61538	-7.58537	-10.2691	0.999612	0.000388089	0.00238731
393	-17.4113	-17.3754	-22.9068	0.999977	2.2509e-05	0.00202246
394	-7.58639	-7.56454	-9.72238	0.999344	0.000656451	0.00265514
395	-3.82219	-3.81801	-4.32058	0.996573	0.00342667	0.00541982
396	-3.3169	-3.31404	-3.67296	0.996046	0.00395392	0.00594601
397	-8.31749	-8.30722	-9.61596	0.998467	0.00153312	0.00353006
398	-3.53759	-3.52851	-4.318	0.997426	0.00257416	0.00456901
399	-9.69828	-9.67159	-12.9749	0.999791	0.000208901	0.00220848
400	-8.96156	-8.95166	-10.228	0.998416	0.00158361	0.00358044
401	-5.76897	-5.76647	-6.08503	0.995884	0.00411611	0.00610787
402	-9.76895	-9.74062	-12.4375	0.999617	0.000382998	0.00238223
403	-3.94481	-3.93357	-4.84246	0.997715	0.0022851	0.00428053
404	-4.027	-4.01539	-4.94249	0.997756	0.00224395	0.00423946
405	-9.37237	-9.36113	-10.8262	0.998688	0.00131151	0.00330889
406	-3.53759	-3.52851	-4.318	0.997426	0.00257416	0.00456901
407	-19.5359	-19.503	-26.1568	0.999993	7.32683e-06	0.00200731
408	-13.2208	-13.1906	-17.9368	0.999951	4.9359e-05	0.00204926
409	-3.40058	-3.39606	-3.88987	0.996543	0.00345672	0.0054498
410	-4.02796	-4.02315	-4.53867	0.996617	0.00338274	0.00537597
411	-4.43428	-4.42605	-5.19355	0.997369	0.00263124	0.00462598
412	-8.35419	-8.3451	-9.5447	0.99829	0.00170963	0.00370622
413	-9.28484	-9.27045	-11.1002	0.999089	0.000911147	0.00290932
414	-3.82219	-3.81801	-4.32058	0.996573	0.00342667	0.00541982
415	-9.90313	-9.88163	-12.0831	0.999372	0.000628459	0.0026272
416	-8.55467	-8.5413	-10.2134	0.998933	0.00106655	0.00306441
417	-4.11944	-4.11133	-4.84836	0.997288	0.00271244	0.00470701
418	-9.12851	-9.1188	-10.4217	0.998458	0.00154217	0.00353908
419	-4.11507	-4.10615	-4.88838	0.997407	0.00259287	0.00458768
420	-3.51141	-3.50699	-3.99289	0.996516	0.00348406	0.00547709
421	-4.35155	-4.34377	-5.08102	0.997288	0.00271183	0.00470641
422	-3.46357	-3.45434	-4.25184	0.997446	0.00255365	0.00454855
423	-3.76654	-3.75596	-4.63833	0.997654	0.00234638	0.00434169
424	-7.95225	-7.94636	-8.77907	0.997534	0.00246553	0.0044606
425	-7.76907	-7.7447	-10.2426	0.999533	0.000467288	0.00246635
426	-3.53759	-3.52851	-4.318	0.997426	0.00257416	0.00456901
427	-6.63823	-6.62598	-8.16031	0.998776	0.00122389	0.00322145
428	-4.16088	-4.15873	-4.44777	0.995761	0.00423889	0.00623041
429	-4.26318	-4.25455	-5.02157	0.997367	0.00263251	0.00462724
430	-4.23265	-4.22961	-4.60024	0.996092	0.00390808	0.00590026
431	-4.43428	-4.42605	-5.19355	0.997369	0.00263124	0.00462598
432	-4.16088	-4.15873	-4.44777	0.995761	0.00423889	0.00623041
433	-5.90251	-5.901	-6.12214	0.995465	0.00453537	0.0065263
434	-3.28774	-3.27925	-4.03814	0.997346	0.00265393	0.00464862
435	-3.28774	-3.27925	-4.03814	0.997346	0.00265393	0.00464862
436	-8.42565	-8.40379	-10.9175	0.99954	0.000459977	0.00245906
437	-3.63872	-3.6299	-4.40708	0.997394	0.00260596	0.00460074
438	-8.47369	-8.46016	-10.2306	0.999033	0.000966773	0.00296484
439	-4.23265	-4.22961	-4.60024	0.996092	0.00390808	0.00590026
440	-5.84328	-5.841	-6.15373	0.99586	0.00414005	0.00613177
441	-15.5325	-15.4926	-20.6273	0.999967	3.34675e-05	0.0020334
442	-6.91712	-6.89282	-9.26457	0.99947	0.000530102	0.00252904
443	-3.51141	-3.50699	-3.99289	0.996516	0.00348406	0.00547709
444	-4.54477	-4.53717	-5.26749	0.997269	0.00273063	0.00472517
445	-5.87619	-5.87377	-6.18424	0.995851	0.00414938	0.00614108
446	-8.49687	-8.48509	-10.0222	0.998779	0.00122054	0.0032181
447	-3.51141	-3.50699	-3.99289	0.996516	0.00348406	0.00547709
448	-4.31504	-4.31084	-4.77834	0.996451	0.00354854	0.00554144
449	-3.91213	-3.90055	-4.81956	0.997738	0.00226214	0.00425762
450	-4.54477	-4.53717	-5.26749	0.997269	0.00273063	0.00472517
451	-3.28774	-3.27925	-4.03814	0.997346	0.00265393	0.00464862
452	-3.51141	-3.50699	-3.99289	0.996516	0.00348406	0.00547709
453	-3.91213	-3.90055	-4.81956	0.997738	0.00226214	0.00425762
454	-3.63872	-3.6299	-4.40708	0.997394	0.00260596	0.00460074
455	-11.2384	-11.2023	-17.0657	0.999984	1.61505e-05	0.00201612
