Sites	Ll	Ll_YN98.omega_1=0.00117251	Ll_YN98.omega_1=0.00164758	Ll_YN98.omega_1=0.00250432	Ll_YN98.omega_1=0.00536265	Ll_YN98.omega_1=2.3036	Pr_YN98.omega_1=0.00117251	Pr_YN98.omega_1=0.00164758	Pr_YN98.omega_1=0.00250432	Pr_YN98.omega_1=0.00536265	Pr_YN98.omega_1=2.3036	mean
270	-3.76616	-3.7539	-3.75508	-3.75719	-3.7642	-4.99991	0.25074	0.250446	0.249917	0.248172	0.000725157	0.00433382
301	-3.53655	-3.52589	-3.52694	-3.52884	-3.53512	-4.67848	0.250628	0.250363	0.249888	0.248325	0.0007958	0.00449704
302	-5.91291	-5.91115	-5.91128	-5.9115	-5.91226	-6.30093	0.249674	0.249642	0.249586	0.249398	0.00169994	0.00658251
303	-4.20941	-4.20008	-4.20096	-4.20253	-4.20776	-5.26437	0.250471	0.250251	0.249856	0.248554	0.00086872	0.00466579
304	-7.61057	-7.5908	-7.59271	-7.59615	-7.60757	-10.2755	0.251457	0.250978	0.250116	0.247276	0.000172533	0.00305821
305	-13.3329	-15.1131	-14.7769	-14.3652	-13.6272	-11.2286	0.106154	0.14858	0.224253	0.469096	0.0519174	0.123043
306	-4.36215	-4.35351	-4.35434	-4.35583	-4.36075	-5.40027	0.250427	0.25022	0.249848	0.248622	0.000883933	0.00470108
307	-3.487	-3.47724	-3.47816	-3.47981	-3.48528	-4.56439	0.250507	0.250277	0.249864	0.248502	0.000849219	0.0046207
308	-5.57076	-5.56822	-5.56841	-5.56874	-5.56985	-6.07382	0.249767	0.249721	0.249637	0.24936	0.0015146	0.00615571
309	-3.81242	-3.8007	-3.80185	-3.80393	-3.81078	-5.00038	0.250713	0.250424	0.249905	0.248199	0.000759455	0.00441288
310	-3.86091	-3.84838	-3.84963	-3.85188	-3.85932	-5.08512	0.250797	0.250483	0.24992	0.248069	0.000732075	0.00434934
311	-11.5971	-12.9768	-12.6399	-12.227	-11.4849	-8.61493	0.102557	0.143642	0.217061	0.455898	0.0808421	0.189573
312	-4.37046	-4.36678	-4.36708	-4.3676	-4.36934	-5.00012	0.249895	0.249823	0.249692	0.249257	0.00133366	0.0057388
313	-4.27984	-4.27115	-4.27198	-4.27348	-4.27845	-5.3202	0.250433	0.250224	0.249849	0.248612	0.000881931	0.00469643
314	-8.29876	-8.2721	-8.27522	-8.28082	-8.29934	-11.427	0.252413	0.251627	0.250222	0.24563	0.000108213	0.00290367
315	-7.60228	-7.59355	-7.59426	-7.59554	-7.5998	-9.18792	0.250431	0.250253	0.249933	0.248871	0.000511217	0.0038441
316	-4.37046	-4.36678	-4.36708	-4.3676	-4.36934	-5.00012	0.249895	0.249823	0.249692	0.249257	0.00133366	0.0057388
317	-6.22251	-6.22085	-6.22097	-6.22118	-6.22188	-6.59916	0.249663	0.249633	0.24958	0.249404	0.00171948	0.00662749
318	-3.81242	-3.8007	-3.80185	-3.80393	-3.81078	-5.00038	0.250713	0.250424	0.249905	0.248199	0.000759455	0.00441288
319	-3.82128	-3.81712	-3.81743	-3.818	-3.81988	-4.51476	0.249935	0.249856	0.249715	0.249244	0.00125079	0.00554799
320	-4.46891	-4.46038	-4.46121	-4.46269	-4.46759	-5.50523	0.250425	0.250218	0.249847	0.248625	0.000885615	0.00470496
321	-18.2526	-18.2069	-18.213	-18.2241	-18.2607	-25.4852	0.254803	0.25325	0.250476	0.241469	1.76866e-06	0.00264227
355	-4.2853	-4.2812	-4.28153	-4.28212	-4.28407	-4.94729	0.249934	0.249852	0.249705	0.249217	0.00129088	0.00564017
356	-5.71226	-5.70941	-5.70963	-5.71001	-5.71128	-6.26489	0.249806	0.249753	0.249658	0.249341	0.00144113	0.00598652
357	-4.4324	-4.42266	-4.42365	-4.42542	-4.43128	-5.56234	0.25057	0.250323	0.249879	0.248422	0.000805961	0.0045208
358	-3.91088	-3.89724	-3.89868	-3.90127	-3.90979	-5.2043	0.250954	0.250593	0.249945	0.247825	0.000682787	0.00423492
359	-12.5862	-12.5748	-12.5758	-12.5777	-12.5839	-14.515	0.250727	0.250467	0.249998	0.248446	0.000362161	0.00349932
360	-9.39866	-9.38618	-9.38741	-9.38963	-9.39699	-11.448	0.250887	0.250578	0.250024	0.24819	0.000320896	0.00340332
361	-3.82234	-3.81732	-3.81771	-3.81843	-3.8208	-4.59834	0.250024	0.249925	0.249746	0.249154	0.00115114	0.00531827
362	-9.71767	-9.68743	-9.69127	-9.69817	-9.72093	-13.0523	0.25298	0.25201	0.250277	0.244645	8.79188e-05	0.00285308
363	-7.66768	-7.64398	-7.64656	-7.6512	-7.66658	-10.7042	0.251992	0.251344	0.250182	0.246363	0.000118769	0.00293086
364	-3.51088	-3.50561	-3.50605	-3.50683	-3.50943	-4.27727	0.25005	0.249942	0.249747	0.249099	0.0011621	0.00534327
365	-13.9401	-13.921	-13.9229	-13.9264	-13.9378	-18.0884	0.251491	0.251012	0.250152	0.247305	3.91731e-05	0.00275135
366	-3.40009	-3.39472	-3.39516	-3.39596	-3.39861	-4.17553	0.25006	0.249949	0.24975	0.249089	0.00115155	0.00531896
367	-16.5177	-16.498	-16.5	-16.5037	-16.5158	-20.8549	0.251582	0.251075	0.250163	0.247148	3.2421e-05	0.00273519
368	-4.43266	-4.42354	-4.42444	-4.42607	-4.43145	-5.52124	0.250499	0.250272	0.249865	0.248524	0.00084027	0.00460018
369	-9.06542	-9.0602	-9.06062	-9.06136	-9.06385	-10.248	0.250134	0.250031	0.249844	0.249224	0.000766731	0.00443366
370	-4.19475	-4.18506	-4.186	-4.18769	-4.1933	-5.28857	0.250529	0.250293	0.249869	0.248473	0.000835508	0.00458903
371	-14.6965	-14.6774	-14.6792	-14.6826	-14.6939	-18.0652	0.251455	0.250984	0.250137	0.247339	8.54076e-05	0.00285791
372	-4.3144	-4.3094	-4.30981	-4.31055	-4.313	-5.05917	0.250025	0.249923	0.249738	0.249126	0.0011877	0.00540229
373	-3.31651	-3.31304	-3.31331	-3.31379	-3.31538	-3.9083	0.249862	0.249796	0.249677	0.24928	0.00138524	0.00585762
374	-8.46851	-8.42881	-8.43388	-8.44301	-8.4732	-12.459	0.253962	0.252676	0.250381	0.242935	4.53735e-05	0.00274841
375	-3.31651	-3.31304	-3.31331	-3.31379	-3.31538	-3.9083	0.249862	0.249796	0.249677	0.24928	0.00138524	0.00585762
376	-4.15954	-4.15691	-4.15711	-4.15746	-4.15864	-4.67108	0.249779	0.24973	0.249642	0.249347	0.00150175	0.00612609
377	-3.82234	-3.81732	-3.81771	-3.81843	-3.8208	-4.59834	0.250024	0.249925	0.249746	0.249154	0.00115114	0.00531827
378	-3.46256	-3.45172	-3.4528	-3.45473	-3.46112	-4.61321	0.250644	0.250375	0.249892	0.2483	0.000788808	0.00448084
379	-5.71226	-5.70941	-5.70963	-5.71001	-5.71128	-6.26489	0.249806	0.249753	0.249658	0.249341	0.00144113	0.00598652
380	-4.02559	-4.01188	-4.01334	-4.01597	-4.02462	-5.3323	0.250974	0.250607	0.249949	0.247796	0.000673784	0.00421408
381	-4.15954	-4.15691	-4.15711	-4.15746	-4.15864	-4.67108	0.249779	0.24973	0.249642	0.249347	0.00150175	0.00612609
382	-3.40009	-3.39472	-3.39516	-3.39596	-3.39861	-4.17553	0.25006	0.249949	0.24975	0.249089	0.00115155	0.00531896
383	-4.15954	-4.15691	-4.15711	-4.15746	-4.15864	-4.67108	0.249779	0.24973	0.249642	0.249347	0.00150175	0.00612609
384	-4.15954	-4.15691	-4.15711	-4.15746	-4.15864	-4.67108	0.249779	0.24973	0.249642	0.249347	0.00150175	0.00612609
385	-3.31651	-3.31304	-3.31331	-3.31379	-3.31538	-3.9083	0.249862	0.249796	0.249677	0.24928	0.00138524	0.00585762
386	-3.51088	-3.50561	-3.50605	-3.50683	-3.50943	-4.27727	0.25005	0.249942	0.249747	0.249099	0.0011621	0.00534327
387	-10.6151	-10.5963	-10.598	-10.601	-10.6111	-14.6325	0.251318	0.250895	0.250133	0.24761	4.46347e-05	0.00276512
388	-3.40009	-3.39472	-3.39516	-3.39596	-3.39861	-4.17553	0.25006	0.249949	0.24975	0.249089	0.00115155	0.00531896
389	-3.28674	-3.27675	-3.27774	-3.27951	-3.28538	-4.39138	0.250566	0.250319	0.249875	0.248414	0.000826393	0.00456781
390	-3.31651	-3.31304	-3.31331	-3.31379	-3.31538	-3.9083	0.249862	0.249796	0.249677	0.24928	0.00138524	0.00585762
391	-16	-15.9614	-15.9656	-15.9733	-15.999	-24.3682	0.253363	0.252283	0.250348	0.244005	5.68879e-07	0.0026495
392	-7.61503	-7.57971	-7.58402	-7.59178	-7.61745	-11.31	0.253364	0.252273	0.250322	0.24398	6.10979e-05	0.00278872
393	-17.4113	-17.3692	-17.3743	-17.3834	-17.4138	-25.5424	0.253982	0.2527	0.250406	0.242912	7.20385e-07	0.00264555
394	-7.58677	-7.56087	-7.56395	-7.5695	-7.5878	-10.6795	0.252385	0.251607	0.250216	0.245679	0.000112204	0.00291305
395	-3.82234	-3.81732	-3.81771	-3.81843	-3.8208	-4.59834	0.250024	0.249925	0.249746	0.249154	0.00115114	0.00531827
396	-3.31651	-3.31304	-3.31331	-3.31379	-3.31538	-3.9083	0.249862	0.249796	0.249677	0.24928	0.00138524	0.00585762
397	-8.31919	-8.30711	-8.30815	-8.31002	-8.31626	-10.3672	0.250738	0.250477	0.250009	0.248455	0.000321279	0.00340525
398	-3.53655	-3.52589	-3.52694	-3.52884	-3.53512	-4.67848	0.250628	0.250363	0.249888	0.248325	0.0007958	0.00449704
399	-9.69849	-9.66774	-9.67108	-9.6771	-9.69711	-14.5328	0.252621	0.251779	0.25027	0.245311	1.95867e-05	0.00269841
400	-8.96329	-8.95163	-8.95263	-8.95443	-8.96043	-10.9677	0.250703	0.250452	0.250002	0.248507	0.000335686	0.00343862
401	-5.76824	-5.76519	-5.76542	-5.76584	-5.76722	-6.3118	0.249818	0.24976	0.249656	0.249312	0.00145403	0.0060161
402	-9.76846	-9.73529	-9.73947	-9.747	-9.77194	-13.4781	0.253266	0.252208	0.250315	0.244151	6.03151e-05	0.00278759
403	-3.94343	-3.93018	-3.93157	-3.93407	-3.94232	-5.22921	0.250916	0.250567	0.24994	0.247889	0.000688188	0.00424761
404	-4.02559	-4.01188	-4.01334	-4.01597	-4.02462	-5.3323	0.250974	0.250607	0.249949	0.247796	0.000673784	0.00421408
405	-9.37412	-9.36104	-9.36221	-9.36432	-9.37136	-11.6169	0.250857	0.250563	0.250034	0.248281	0.000264263	0.00327332
406	-3.53655	-3.52589	-3.52694	-3.52884	-3.53512	-4.67848	0.250628	0.250363	0.249888	0.248325	0.0007958	0.00449704
407	-19.5357	-19.4975	-19.5025	-19.5115	-19.5417	-29.2342	0.253957	0.252683	0.250403	0.242956	1.50827e-07	0.00264441
408	-13.2203	-13.1858	-13.1898	-13.1971	-13.2214	-20.1098	0.253181	0.25216	0.25033	0.244326	2.50434e-06	0.00265522
409	-3.40009	-3.39472	-3.39516	-3.39596	-3.39861	-4.17553	0.25006	0.249949	0.24975	0.249089	0.00115155	0.00531896
410	-4.02712	-4.02139	-4.02187	-4.02274	-4.02561	-4.83934	0.2501	0.24998	0.249764	0.249047	0.00110975	0.00522256
411	-4.4324	-4.42266	-4.42365	-4.42542	-4.43128	-5.56234	0.25057	0.250323	0.249879	0.248422	0.000805961	0.0045208
412	-8.35591	-8.34518	-8.34609	-8.34773	-8.35317	-10.2594	0.250621	0.250394	0.249985	0.248628	0.000371547	0.00352164
413	-9.28658	-9.26935	-9.27145	-9.27521	-9.28769	-12.0132	0.2516	0.251075	0.250132	0.247029	0.000162711	0.00303463
414	-3.82234	-3.81732	-3.81771	-3.81843	-3.8208	-4.59834	0.250024	0.249925	0.249746	0.249154	0.00115114	0.00531827
415	-9.90355	-9.87855	-9.88139	-9.88649	-9.90342	-13.0586	0.252199	0.251485	0.250205	0.246006	0.000105445	0.00289878
416	-8.55597	-8.54007	-8.54185	-8.54506	-8.55569	-11.1155	0.25135	0.250903	0.250099	0.247455	0.000192357	0.00310455
417	-4.11838	-4.10885	-4.10977	-4.11142	-4.11689	-5.2002	0.250509	0.250278	0.249865	0.248502	0.000845662	0.00461251
418	-9.13038	-9.11898	-9.11998	-9.12178	-9.12777	-11.1665	0.250704	0.250454	0.250004	0.248512	0.000325283	0.00341469
419	-4.11402	-4.10354	-4.10459	-4.10646	-4.11265	-5.24697	0.250615	0.250354	0.249885	0.248343	0.000803092	0.00451389
420	-3.51088	-3.50561	-3.50605	-3.50683	-3.50943	-4.27727	0.25005	0.249942	0.249747	0.249099	0.0011621	0.00534327
421	-4.34979	-4.3406	-4.34151	-4.34316	-4.3486	-5.44101	0.250507	0.250278	0.249866	0.248511	0.000838029	0.00459497
422	-3.46256	-3.45172	-3.4528	-3.45473	-3.46112	-4.61321	0.250644	0.250375	0.249892	0.2483	0.000788808	0.00448084
423	-3.76616	-3.7539	-3.75508	-3.75719	-3.7642	-4.99991	0.25074	0.250446	0.249917	0.248172	0.000725157	0.00433382
424	-7.95416	-7.9471	-7.94771	-7.94881	-7.95247	-9.41603	0.250336	0.250183	0.249908	0.248995	0.000579312	0.00400134
425	-7.76945	-7.74116	-7.74437	-7.75014	-7.76931	-11.245	0.2525	0.251691	0.250242	0.24549	7.63646e-05	0.00282982
426	-3.53655	-3.52589	-3.52694	-3.52884	-3.53512	-4.67848	0.250628	0.250363	0.249888	0.248325	0.0007958	0.00449704
427	-6.64007	-6.62576	-6.627	-6.62926	-6.63675	-8.9707	0.250923	0.25061	0.250046	0.24818	0.000241816	0.00322125
428	-4.15954	-4.15691	-4.15711	-4.15746	-4.15864	-4.67108	0.249779	0.24973	0.249642	0.249347	0.00150175	0.00612609
429	-4.26207	-4.25192	-4.25293	-4.25473	-4.26069	-5.37874	0.250581	0.25033	0.249879	0.248394	0.000816426	0.00454479
430	-4.23184	-4.22818	-4.22847	-4.22899	-4.23071	-4.84907	0.249889	0.249817	0.249687	0.249256	0.00135033	0.00577718
431	-4.4324	-4.42266	-4.42365	-4.42542	-4.43128	-5.56234	0.25057	0.250323	0.249879	0.248422	0.000805961	0.0045208
432	-4.15954	-4.15691	-4.15711	-4.15746	-4.15864	-4.67108	0.249779	0.24973	0.249642	0.249347	0.00150175	0.00612609
433	-5.90068	-5.89881	-5.89894	-5.89919	-5.89999	-6.31158	0.24969	0.249657	0.249596	0.249395	0.00166143	0.00649383
434	-3.28674	-3.27675	-3.27774	-3.27951	-3.28538	-4.39138	0.250566	0.250319	0.249875	0.248414	0.000826393	0.00456781
435	-3.28674	-3.27675	-3.27774	-3.27951	-3.28538	-4.39138	0.250566	0.250319	0.249875	0.248414	0.000826393	0.00456781
436	-8.42644	-8.40083	-8.40363	-8.40865	-8.42537	-12.0303	0.252178	0.251475	0.250214	0.246066	6.72621e-05	0.00281113
437	-3.63763	-3.62726	-3.62828	-3.63013	-3.63624	-4.76595	0.250603	0.250345	0.249883	0.248362	0.00080686	0.00452264
438	-8.47555	-8.4598	-8.46121	-8.46374	-8.47216	-11.0985	0.25106	0.250708	0.250075	0.247978	0.000180364	0.003079
439	-4.23184	-4.22818	-4.22847	-4.22899	-4.23071	-4.84907	0.249889	0.249817	0.249687	0.249256	0.00135033	0.00577718
440	-5.84123	-5.83843	-5.83864	-5.83901	-5.84026	-6.39097	0.249802	0.24975	0.249657	0.249346	0.00144535	0.00599626
441	-15.5323	-15.4854	-15.4914	-15.5022	-15.5381	-22.4614	0.254715	0.253192	0.25047	0.241621	2.39184e-06	0.0026443
442	-6.91747	-6.88937	-6.89247	-6.89806	-6.91662	-10.2657	0.252417	0.251634	0.250231	0.245631	8.67272e-05	0.00285422
443	-3.51088	-3.50561	-3.50605	-3.50683	-3.50943	-4.27727	0.25005	0.249942	0.249747	0.249099	0.0011621	0.00534327
444	-4.54281	-4.53382	-4.53472	-4.53634	-4.54169	-5.6285	0.250494	0.250268	0.249863	0.248531	0.000842799	0.00460603
445	-5.87537	-5.87242	-5.87265	-5.87305	-5.87438	-6.40909	0.249808	0.249752	0.249652	0.249319	0.0014685	0.00604944
446	-8.49903	-8.48525	-8.48659	-8.48899	-8.49698	-10.8217	0.250988	0.250654	0.250053	0.248061	0.000243934	0.00322566
447	-3.51088	-3.50561	-3.50605	-3.50683	-3.50943	-4.27727	0.25005	0.249942	0.249747	0.249099	0.0011621	0.00534327
448	-4.3144	-4.3094	-4.30981	-4.31055	-4.313	-5.05917	0.250025	0.249923	0.249738	0.249126	0.0011877	0.00540229
449	-3.91088	-3.89724	-3.89868	-3.90127	-3.90979	-5.2043	0.250954	0.250593	0.249945	0.247825	0.000682787	0.00423492
450	-4.54281	-4.53382	-4.53472	-4.53634	-4.54169	-5.6285	0.250494	0.250268	0.249863	0.248531	0.000842799	0.00460603
451	-3.28674	-3.27675	-3.27774	-3.27951	-3.28538	-4.39138	0.250566	0.250319	0.249875	0.248414	0.000826393	0.00456781
452	-3.51088	-3.50561	-3.50605	-3.50683	-3.50943	-4.27727	0.25005	0.249942	0.249747	0.249099	0.0011621	0.00534327
453	-3.91088	-3.89724	-3.89868	-3.90127	-3.90979	-5.2043	0.250954	0.250593	0.249945	0.247825	0.000682787	0.00423492
454	-3.63763	-3.62726	-3.62828	-3.63013	-3.63624	-4.76595	0.250603	0.250345	0.249883	0.248362	0.00080686	0.00452264
455	-11.238	-11.1961	-11.201	-11.2098	-11.2392	-19.7547	0.253852	0.252613	0.250394	0.24314	4.8972e-07	0.00264591
