Sites	Ll	Ll_YN98.omega_1=0.1596	Ll_YN98.omega_1=1	Pr_YN98.omega_1=0.1596	Pr_YN98.omega_1=1	mean
1	-11.8095	-11.8095	-12.2364	1	0	0.1596
2	-9.89449	-9.89449	-10.8433	1	0	0.1596
3	-18.6	-18.6	-18.0029	1	0	0.1596
24	-4.14509	-4.14509	-4.63891	1	0	0.1596
25	-6.48318	-6.48318	-7.03794	1	0	0.1596
26	-3.52116	-3.52116	-3.87008	1	0	0.1596
27	-3.12716	-3.12716	-3.61418	1	0	0.1596
28	-4.40727	-4.40727	-4.87397	1	0	0.1596
29	-4.22798	-4.22798	-4.70328	1	0	0.1596
30	-8.15111	-8.15111	-9.00348	1	0	0.1596
31	-3.12716	-3.12716	-3.61418	1	0	0.1596
32	-3.12716	-3.12716	-3.61418	1	0	0.1596
33	-5.95861	-5.95861	-6.49831	1	0	0.1596
34	-3.82025	-3.82025	-4.28816	1	0	0.1596
35	-4.14509	-4.14509	-4.63891	1	0	0.1596
36	-4.56892	-4.56892	-5.27654	1	0	0.1596
37	-3.4995	-3.4995	-4.01765	1	0	0.1596
38	-2.77392	-2.77392	-3.13047	1	0	0.1596
39	-3.12716	-3.12716	-3.61418	1	0	0.1596
40	-14.7233	-14.7233	-15.0101	1	0	0.1596
41	-16.8443	-16.8443	-17.8054	1	0	0.1596
42	-7.65675	-7.65675	-8.21804	1	0	0.1596
43	-14.3065	-14.3065	-14.1691	1	0	0.1596
44	-21.2096	-21.2096	-21.7956	1	0	0.1596
45	-26.4965	-26.4965	-23.0006	1	0	0.1596
46	-11.2007	-11.2007	-10.9249	1	0	0.1596
47	-9.76764	-9.76764	-10.0237	1	0	0.1596
79	-32.69	-32.69	-30.5592	1	0	0.1596
80	-13.26	-13.26	-14.8514	1	0	0.1596
81	-4.06016	-4.06016	-4.47186	1	0	0.1596
82	-7.47058	-7.47058	-8.07351	1	0	0.1596
83	-4.56892	-4.56892	-5.27654	1	0	0.1596
84	-7.65197	-7.65197	-8.16734	1	0	0.1596
85	-16.212	-16.212	-15.0899	1	0	0.1596
86	-3.72962	-3.72962	-4.3609	1	0	0.1596
87	-3.59428	-3.59428	-4.03141	1	0	0.1596
88	-3.52116	-3.52116	-3.87008	1	0	0.1596
89	-4.27101	-4.27101	-4.70055	1	0	0.1596
90	-4.06016	-4.06016	-4.47186	1	0	0.1596
91	-4.22798	-4.22798	-4.70328	1	0	0.1596
92	-3.82025	-3.82025	-4.28816	1	0	0.1596
93	-4.05483	-4.05483	-4.50563	1	0	0.1596
94	-4.27101	-4.27101	-4.70055	1	0	0.1596
95	-2.77392	-2.77392	-3.13047	1	0	0.1596
96	-3.81379	-3.81379	-4.10483	1	0	0.1596
97	-3.48003	-3.48003	-3.88439	1	0	0.1596
98	-3.72962	-3.72962	-4.3609	1	0	0.1596
99	-4.56892	-4.56892	-5.27654	1	0	0.1596
100	-2.77392	-2.77392	-3.13047	1	0	0.1596
101	-3.12716	-3.12716	-3.61418	1	0	0.1596
102	-2.93173	-2.93173	-3.28155	1	0	0.1596
103	-14.5974	-14.5974	-15.714	1	0	0.1596
104	-2.77392	-2.77392	-3.13047	1	0	0.1596
105	-7.24121	-7.24121	-7.84176	1	0	0.1596
106	-10.579	-10.579	-11.3045	1	0	0.1596
107	-3.72962	-3.72962	-4.3609	1	0	0.1596
108	-10.3491	-10.3491	-11.0449	1	0	0.1596
109	-3.44521	-3.44521	-3.86233	1	0	0.1596
110	-9.65743	-9.65743	-10.2797	1	0	0.1596
111	-3.44521	-3.44521	-3.86233	1	0	0.1596
112	-3.59428	-3.59428	-4.03141	1	0	0.1596
113	-3.44521	-3.44521	-3.86233	1	0	0.1596
114	-10.0922	-10.0922	-9.05154	1	0	0.1596
115	-3.59428	-3.59428	-4.03141	1	0	0.1596
116	-3.52116	-3.52116	-3.87008	1	0	0.1596
117	-2.93173	-2.93173	-3.28155	1	0	0.1596
118	-3.59428	-3.59428	-4.03141	1	0	0.1596
119	-4.22798	-4.22798	-4.70328	1	0	0.1596
120	-9.11515	-9.11515	-9.72793	1	0	0.1596
121	-7.48543	-7.48543	-8.0007	1	0	0.1596
122	-4.27101	-4.27101	-4.70055	1	0	0.1596
123	-3.12716	-3.12716	-3.61418	1	0	0.1596
124	-3.81379	-3.81379	-4.10483	1	0	0.1596
125	-4.14509	-4.14509	-4.63891	1	0	0.1596
126	-3.48003	-3.48003	-3.88439	1	0	0.1596
127	-4.92566	-4.92566	-5.6608	1	0	0.1596
128	-2.77392	-2.77392	-3.13047	1	0	0.1596
129	-3.12716	-3.12716	-3.61418	1	0	0.1596
130	-16.2655	-16.2655	-16.7973	1	0	0.1596
131	-4.43063	-4.43063	-4.86249	1	0	0.1596
132	-2.77392	-2.77392	-3.13047	1	0	0.1596
133	-3.82025	-3.82025	-4.28816	1	0	0.1596
134	-3.52116	-3.52116	-3.87008	1	0	0.1596
135	-3.72962	-3.72962	-4.3609	1	0	0.1596
136	-4.27101	-4.27101	-4.70055	1	0	0.1596
137	-3.94599	-3.94599	-4.62098	1	0	0.1596
138	-2.77392	-2.77392	-3.13047	1	0	0.1596
139	-3.12716	-3.12716	-3.61418	1	0	0.1596
140	-9.76957	-9.76957	-10.3533	1	0	0.1596
141	-9.24405	-9.24405	-10.1137	1	0	0.1596
142	-3.12716	-3.12716	-3.61418	1	0	0.1596
143	-9.76761	-9.76761	-10.3534	1	0	0.1596
144	-3.52116	-3.52116	-3.87008	1	0	0.1596
145	-2.93173	-2.93173	-3.28155	1	0	0.1596
146	-3.59428	-3.59428	-4.03141	1	0	0.1596
147	-4.22798	-4.22798	-4.70328	1	0	0.1596
148	-2.93173	-2.93173	-3.28155	1	0	0.1596
149	-3.72962	-3.72962	-4.3609	1	0	0.1596
150	-11.6257	-11.6257	-10.8178	1	0	0.1596
151	-2.93173	-2.93173	-3.28155	1	0	0.1596
152	-4.22798	-4.22798	-4.70328	1	0	0.1596
153	-4.14509	-4.14509	-4.63891	1	0	0.1596
154	-3.48003	-3.48003	-3.88439	1	0	0.1596
155	-3.81379	-3.81379	-4.10483	1	0	0.1596
156	-2.77392	-2.77392	-3.13047	1	0	0.1596
157	-3.12716	-3.12716	-3.61418	1	0	0.1596
158	-5.73152	-5.73152	-6.1815	1	0	0.1596
159	-4.40727	-4.40727	-4.87397	1	0	0.1596
160	-2.77392	-2.77392	-3.13047	1	0	0.1596
161	-4.54194	-4.54194	-5.19788	1	0	0.1596
162	-2.93173	-2.93173	-3.28155	1	0	0.1596
163	-4.88137	-4.88137	-5.60811	1	0	0.1596
164	-3.44521	-3.44521	-3.86233	1	0	0.1596
165	-4.54194	-4.54194	-5.19788	1	0	0.1596
166	-7.39022	-7.39022	-8.17946	1	0	0.1596
167	-2.77392	-2.77392	-3.13047	1	0	0.1596
168	-3.94599	-3.94599	-4.62098	1	0	0.1596
169	-2.93173	-2.93173	-3.28155	1	0	0.1596
170	-5.73152	-5.73152	-6.1815	1	0	0.1596
171	-5.95861	-5.95861	-6.49831	1	0	0.1596
172	-8.5291	-8.5291	-9.00964	1	0	0.1596
173	-10.7283	-10.7283	-11.29	1	0	0.1596
174	-7.47058	-7.47058	-8.07351	1	0	0.1596
175	-4.02434	-4.02434	-4.58552	1	0	0.1596
176	-3.72962	-3.72962	-4.3609	1	0	0.1596
177	-12.1053	-12.1053	-13.1947	1	0	0.1596
208	-10.3394	-10.3394	-11.0781	1	0	0.1596
209	-3.44521	-3.44521	-3.86233	1	0	0.1596
210	-3.45196	-3.45196	-3.74919	1	0	0.1596
211	-4.22798	-4.22798	-4.70328	1	0	0.1596
212	-3.59428	-3.59428	-4.03141	1	0	0.1596
213	-9.02212	-9.02212	-9.58683	1	0	0.1596
214	-2.93173	-2.93173	-3.28155	1	0	0.1596
215	-3.59428	-3.59428	-4.03141	1	0	0.1596
216	-3.52116	-3.52116	-3.87008	1	0	0.1596
217	-4.27101	-4.27101	-4.70055	1	0	0.1596
218	-3.82025	-3.82025	-4.28816	1	0	0.1596
219	-4.22798	-4.22798	-4.70328	1	0	0.1596
220	-16.0736	-16.0736	-16.9545	1	0	0.1596
221	-5.97147	-5.97147	-6.4978	1	0	0.1596
222	-3.72962	-3.72962	-4.3609	1	0	0.1596
223	-3.52116	-3.52116	-3.87008	1	0	0.1596
224	-9.3107	-9.3107	-10.2011	1	0	0.1596
225	-8.97532	-8.97532	-9.52487	1	0	0.1596
226	-4.27101	-4.27101	-4.70055	1	0	0.1596
227	-4.40727	-4.40727	-4.87397	1	0	0.1596
228	-5.73145	-5.73145	-6.01708	1	0	0.1596
229	-3.12716	-3.12716	-3.61418	1	0	0.1596
230	-2.93173	-2.93173	-3.28155	1	0	0.1596
231	-3.82025	-3.82025	-4.28816	1	0	0.1596
232	-9.40457	-9.40457	-9.8789	1	0	0.1596
233	-3.52116	-3.52116	-3.87008	1	0	0.1596
234	-2.77392	-2.77392	-3.13047	1	0	0.1596
235	-4.02434	-4.02434	-4.58552	1	0	0.1596
236	-9.90901	-9.90901	-8.63606	1	0	0.1596
237	-3.72962	-3.72962	-4.3609	1	0	0.1596
238	-13.0154	-13.0154	-13.7744	1	0	0.1596
239	-12.1891	-12.1891	-10.3662	1	0	0.1596
240	-6.05865	-6.05865	-7.7473	1	0	0.1596
241	-5.77904	-5.77904	-7.03308	1	0	0.1596
242	-2.77392	-2.77392	-3.13047	1	0	0.1596
243	-12.6858	-12.6858	-11.2454	1	0	0.1596
244	-9.51465	-9.51465	-9.92156	1	0	0.1596
245	-11.0067	-11.0067	-11.4741	1	0	0.1596
246	-4.56892	-4.56892	-5.27654	1	0	0.1596
247	-7.94321	-7.94321	-8.99113	1	0	0.1596
