Sites	Ll	Ll_YN98.omega_1=0.018298	Ll_YN98.omega_1=0.0766028	Ll_YN98.omega_1=0.176849	Ll_YN98.omega_1=0.402052	Pr_YN98.omega_1=0.018298	Pr_YN98.omega_1=0.0766028	Pr_YN98.omega_1=0.176849	Pr_YN98.omega_1=0.402052	mean
1	-11.903	-13.2312	-12.1454	-11.7963	-11.7751	0.0803237	0.237891	0.337278	0.344507	0.21785
2	-9.75106	-11.164	-10.1286	-9.86622	-10.0159	0.0940773	0.264935	0.344429	0.296559	0.20216
3	-18.6038	-21.9683	-19.5396	-18.5095	-17.9704	0.0101416	0.115045	0.322275	0.552539	0.288142
24	-4.14538	-4.04815	-4.08705	-4.1525	-4.29331	0.274323	0.263856	0.247141	0.21468	0.155251
25	-6.48732	-6.38205	-6.424	-6.49499	-6.64944	0.276434	0.265079	0.246911	0.211576	0.154095
26	-3.51733	-3.4507	-3.47715	-3.52191	-3.61931	0.266665	0.259706	0.248339	0.22529	0.159271
27	-3.12961	-3.03584	-3.07316	-3.13623	-3.27306	0.273473	0.263455	0.247352	0.21572	0.15566
28	-4.406	-4.31464	-4.35111	-4.41257	-4.54529	0.272856	0.263087	0.247403	0.216653	0.156005
29	-4.23042	-4.13859	-4.17516	-4.23692	-4.3708	0.272983	0.263183	0.247419	0.216415	0.155922
30	-8.17607	-8.00462	-8.07381	-8.18976	-8.43691	0.292984	0.273398	0.243466	0.190152	0.145812
31	-3.12961	-3.03584	-3.07316	-3.13623	-3.27306	0.273473	0.263455	0.247352	0.21572	0.15566
32	-3.12961	-3.03584	-3.07316	-3.13623	-3.27306	0.273473	0.263455	0.247352	0.21572	0.15566
33	-5.95582	-5.8522	-5.8935	-5.96333	-6.1149	0.275988	0.264822	0.246962	0.212228	0.154338
34	-3.82239	-3.73225	-3.76813	-3.82876	-3.96021	0.272561	0.262954	0.247485	0.217	0.156143
35	-4.14538	-4.04815	-4.08705	-4.1525	-4.29331	0.274323	0.263856	0.247141	0.21468	0.155251
36	-4.56924	-4.42296	-4.48232	-4.58114	-4.78947	0.286598	0.27008	0.244667	0.198655	0.149072
37	-3.4973	-3.39434	-3.43567	-3.50503	-3.6536	0.275758	0.264595	0.246864	0.212782	0.154522
38	-2.77596	-2.70907	-2.7355	-2.7804	-2.87884	0.266744	0.259785	0.248378	0.225093	0.159206
39	-3.12961	-3.03584	-3.07316	-3.13623	-3.27306	0.273473	0.263455	0.247352	0.21572	0.15566
40	-14.5367	-18.0232	-15.6208	-14.6797	-14.4151	0.0129429	0.143014	0.366524	0.477519	0.267999
41	-16.8715	-17.9058	-16.9961	-16.8536	-17.0892	0.116144	0.288443	0.33262	0.262793	0.188701
42	-7.7253	-9.17036	-8.02731	-7.63516	-7.62475	0.0742424	0.232848	0.344651	0.348259	0.220165
43	-14.0308	-17.4805	-15.1501	-14.2399	-13.8701	0.0135488	0.139297	0.346147	0.501006	0.273565
44	-21.3151	-24.0465	-21.8508	-21.1597	-21.1441	0.0216722	0.194755	0.388729	0.394844	0.24281
45	-26.6361	-34.7844	-29.0807	-26.2262	-24.195	2.21116e-05	0.00663317	0.115193	0.878152	0.373943
46	-11.2621	-13.022	-11.7317	-11.156	-10.853	0.0503898	0.183106	0.325624	0.44088	0.249792
47	-9.84254	-11.3591	-10.1771	-9.72094	-9.59726	0.065663	0.214109	0.337872	0.382355	0.231082
79	-32.2762	-37.491	-34.0156	-32.5709	-31.5342	0.00179635	0.0580408	0.246107	0.694056	0.327049
80	-13.4011	-14.1626	-13.3108	-13.277	-13.7377	0.13703	0.321167	0.332224	0.20958	0.170125
81	-4.05557	-3.97474	-4.00704	-4.06144	-4.17866	0.27022	0.261629	0.247779	0.220372	0.157407
82	-7.47568	-7.3606	-7.40649	-7.48415	-7.65297	0.278909	0.266397	0.246491	0.208203	0.15281
83	-4.56924	-4.42296	-4.48232	-4.58114	-4.78947	0.286598	0.27008	0.244667	0.198655	0.149072
84	-7.65609	-7.55964	-7.5979	-7.66284	-7.80489	0.274204	0.263912	0.247318	0.214566	0.155239
85	-16.2099	-18.2937	-16.9158	-16.1705	-15.5481	0.0346046	0.137262	0.289225	0.538908	0.278966
86	-3.73251	-3.60698	-3.65737	-3.74199	-3.92328	0.281419	0.267591	0.245879	0.205111	0.151596
87	-3.59609	-3.51228	-3.54561	-3.60197	-3.72431	0.270975	0.262091	0.24773	0.219203	0.156977
88	-3.51733	-3.4507	-3.47715	-3.52191	-3.61931	0.266665	0.259706	0.248339	0.22529	0.159271
89	-4.27359	-4.19167	-4.22416	-4.27921	-4.39922	0.270506	0.261857	0.247831	0.219806	0.157211
90	-4.05557	-3.97474	-4.00704	-4.06144	-4.17866	0.27022	0.261629	0.247779	0.220372	0.157407
91	-4.23042	-4.13859	-4.17516	-4.23692	-4.3708	0.272983	0.263183	0.247419	0.216415	0.155922
92	-3.82239	-3.73225	-3.76813	-3.82876	-3.96021	0.272561	0.262954	0.247485	0.217	0.156143
93	-4.05345	-3.96535	-4.00049	-4.05976	-4.18784	0.272041	0.262648	0.247535	0.217777	0.156431
94	-4.27359	-4.19167	-4.22416	-4.27921	-4.39922	0.270506	0.261857	0.247831	0.219806	0.157211
95	-2.77596	-2.70907	-2.7355	-2.7804	-2.87884	0.266744	0.259785	0.248378	0.225093	0.159206
96	-3.81561	-3.76165	-3.7829	-3.81908	-3.89879	0.263503	0.257964	0.248797	0.229736	0.160948
97	-3.47937	-3.40152	-3.43245	-3.48478	-3.59852	0.26948	0.261272	0.247953	0.221295	0.157767
98	-3.73251	-3.60698	-3.65737	-3.74199	-3.92328	0.281419	0.267591	0.245879	0.205111	0.151596
99	-4.56924	-4.42296	-4.48232	-4.58114	-4.78947	0.286598	0.27008	0.244667	0.198655	0.149072
100	-2.77596	-2.70907	-2.7355	-2.7804	-2.87884	0.266744	0.259785	0.248378	0.225093	0.159206
101	-3.12961	-3.03584	-3.07316	-3.13623	-3.27306	0.273473	0.263455	0.247352	0.21572	0.15566
102	-2.92926	-2.86272	-2.8891	-2.93379	-3.03123	0.266647	0.259704	0.248354	0.225296	0.159275
103	-14.6293	-14.411	-14.4991	-14.6476	-14.967	0.305017	0.27929	0.240763	0.17493	0.139885
104	-2.77596	-2.70907	-2.7355	-2.7804	-2.87884	0.266744	0.259785	0.248378	0.225093	0.159206
105	-7.24118	-7.12551	-7.17167	-7.24968	-7.41891	0.279029	0.266444	0.246448	0.208079	0.152759
106	-10.5767	-10.4332	-10.4913	-10.5887	-10.7969	0.28615	0.270005	0.24494	0.198905	0.149207
107	-3.73251	-3.60698	-3.65737	-3.74199	-3.92328	0.281419	0.267591	0.245879	0.205111	0.151596
108	-10.3723	-10.2356	-10.2906	-10.3832	-10.5819	0.284375	0.269143	0.245349	0.201133	0.150076
109	-3.44206	-3.36077	-3.39319	-3.44786	-3.56605	0.270336	0.261712	0.247787	0.220166	0.157334
110	-9.66253	-9.5449	-9.59181	-9.67132	-9.84464	0.279608	0.266794	0.246405	0.207193	0.152432
111	-3.44206	-3.36077	-3.39319	-3.44786	-3.56605	0.270336	0.261712	0.247787	0.220166	0.157334
112	-3.59609	-3.51228	-3.54561	-3.60197	-3.72431	0.270975	0.262091	0.24773	0.219203	0.156977
113	-3.44206	-3.36077	-3.39319	-3.44786	-3.56605	0.270336	0.261712	0.247787	0.220166	0.157334
114	-10.1211	-12.1371	-10.7661	-10.0324	-9.43456	0.0356373	0.140379	0.292376	0.531608	0.276846
115	-3.59609	-3.51228	-3.54561	-3.60197	-3.72431	0.270975	0.262091	0.24773	0.219203	0.156977
116	-3.51733	-3.4507	-3.47715	-3.52191	-3.61931	0.266665	0.259706	0.248339	0.22529	0.159271
117	-2.92926	-2.86272	-2.8891	-2.93379	-3.03123	0.266647	0.259704	0.248354	0.225296	0.159275
118	-3.59609	-3.51228	-3.54561	-3.60197	-3.72431	0.270975	0.262091	0.24773	0.219203	0.156977
119	-4.23042	-4.13859	-4.17516	-4.23692	-4.3708	0.272983	0.263183	0.247419	0.216415	0.155922
120	-9.11981	-9.0042	-9.0503	-9.12843	-9.29875	0.279096	0.266521	0.246492	0.207891	0.152698
121	-7.51153	-7.41396	-7.4527	-7.51841	-7.66184	0.274479	0.264047	0.247257	0.214217	0.155103
122	-4.27359	-4.19167	-4.22416	-4.27921	-4.39922	0.270506	0.261857	0.247831	0.219806	0.157211
123	-3.12961	-3.03584	-3.07316	-3.13623	-3.27306	0.273473	0.263455	0.247352	0.21572	0.15566
124	-3.81561	-3.76165	-3.7829	-3.81908	-3.89879	0.263503	0.257964	0.248797	0.229736	0.160948
125	-4.14538	-4.04815	-4.08705	-4.1525	-4.29331	0.274323	0.263856	0.247141	0.21468	0.155251
126	-3.47937	-3.40152	-3.43245	-3.48478	-3.59852	0.26948	0.261272	0.247953	0.221295	0.157767
127	-4.92597	-4.77346	-4.83542	-4.93848	-5.15535	0.288154	0.270842	0.24432	0.196685	0.148305
128	-2.77596	-2.70907	-2.7355	-2.7804	-2.87884	0.266744	0.259785	0.248378	0.225093	0.159206
129	-3.12961	-3.03584	-3.07316	-3.13623	-3.27306	0.273473	0.263455	0.247352	0.21572	0.15566
130	-16.2931	-16.1955	-16.2343	-16.3003	-16.4456	0.274636	0.264185	0.247305	0.213874	0.154987
131	-4.4324	-4.34948	-4.38242	-4.43815	-4.55938	0.270752	0.26198	0.247777	0.219491	0.157088
132	-2.77596	-2.70907	-2.7355	-2.7804	-2.87884	0.266744	0.259785	0.248378	0.225093	0.159206
133	-3.82239	-3.73225	-3.76813	-3.82876	-3.96021	0.272561	0.262954	0.247485	0.217	0.156143
134	-3.51733	-3.4507	-3.47715	-3.52191	-3.61931	0.266665	0.259706	0.248339	0.22529	0.159271
135	-3.73251	-3.60698	-3.65737	-3.74199	-3.92328	0.281419	0.267591	0.245879	0.205111	0.151596
136	-4.27359	-4.19167	-4.22416	-4.27921	-4.39922	0.270506	0.261857	0.247831	0.219806	0.157211
137	-3.94484	-3.8053	-3.86197	-3.95623	-4.15474	0.284909	0.269213	0.244995	0.200884	0.149929
138	-2.77596	-2.70907	-2.7355	-2.7804	-2.87884	0.266744	0.259785	0.248378	0.225093	0.159206
139	-3.12961	-3.03584	-3.07316	-3.13623	-3.27306	0.273473	0.263455	0.247352	0.21572	0.15566
140	-9.77387	-9.66397	-9.70774	-9.78194	-9.94377	0.277638	0.265746	0.246742	0.209875	0.153454
141	-9.23989	-9.05917	-9.1332	-9.25616	-9.51389	0.295468	0.274384	0.242637	0.187512	0.144725
142	-3.12961	-3.03584	-3.07316	-3.13623	-3.27306	0.273473	0.263455	0.247352	0.21572	0.15566
143	-9.77195	-9.66165	-9.70558	-9.78004	-9.94243	0.277735	0.265798	0.246725	0.209742	0.153403
144	-3.51733	-3.4507	-3.47715	-3.52191	-3.61931	0.266665	0.259706	0.248339	0.22529	0.159271
145	-2.92926	-2.86272	-2.8891	-2.93379	-3.03123	0.266647	0.259704	0.248354	0.225296	0.159275
146	-3.59609	-3.51228	-3.54561	-3.60197	-3.72431	0.270975	0.262091	0.24773	0.219203	0.156977
147	-4.23042	-4.13859	-4.17516	-4.23692	-4.3708	0.272983	0.263183	0.247419	0.216415	0.155922
148	-2.92926	-2.86272	-2.8891	-2.93379	-3.03123	0.266647	0.259704	0.248354	0.225296	0.159275
149	-3.73251	-3.60698	-3.65737	-3.74199	-3.92328	0.281419	0.267591	0.245879	0.205111	0.151596
150	-11.6021	-13.5948	-12.2441	-11.5439	-11.0162	0.0387376	0.14954	0.301183	0.510539	0.270691
151	-2.92926	-2.86272	-2.8891	-2.93379	-3.03123	0.266647	0.259704	0.248354	0.225296	0.159275
152	-4.23042	-4.13859	-4.17516	-4.23692	-4.3708	0.272983	0.263183	0.247419	0.216415	0.155922
153	-4.14538	-4.04815	-4.08705	-4.1525	-4.29331	0.274323	0.263856	0.247141	0.21468	0.155251
154	-3.47937	-3.40152	-3.43245	-3.48478	-3.59852	0.26948	0.261272	0.247953	0.221295	0.157767
155	-3.81561	-3.76165	-3.7829	-3.81908	-3.89879	0.263503	0.257964	0.248797	0.229736	0.160948
156	-2.77596	-2.70907	-2.7355	-2.7804	-2.87884	0.266744	0.259785	0.248378	0.225093	0.159206
157	-3.12961	-3.03584	-3.07316	-3.13623	-3.27306	0.273473	0.263455	0.247352	0.21572	0.15566
158	-5.73016	-5.64596	-5.67931	-5.73595	-5.86	0.271116	0.262223	0.247784	0.218878	0.156868
159	-4.406	-4.31464	-4.35111	-4.41257	-4.54529	0.272856	0.263087	0.247403	0.216653	0.156005
160	-2.77596	-2.70907	-2.7355	-2.7804	-2.87884	0.266744	0.259785	0.248378	0.225093	0.159206
161	-4.53958	-4.40316	-4.4587	-4.5509	-4.74439	0.284128	0.268778	0.245106	0.201987	0.150344
162	-2.92926	-2.86272	-2.8891	-2.93379	-3.03123	0.266647	0.259704	0.248354	0.225296	0.159275
163	-4.88491	-4.73687	-4.79669	-4.89667	-5.1089	0.28706	0.270393	0.244665	0.197881	0.148793
164	-3.44206	-3.36077	-3.39319	-3.44786	-3.56605	0.270336	0.261712	0.247787	0.220166	0.157334
165	-4.53958	-4.40316	-4.4587	-4.5509	-4.74439	0.284128	0.268778	0.245106	0.201987	0.150344
166	-7.4119	-7.25265	-7.31778	-7.42659	-7.65716	0.29031	0.272005	0.243961	0.193725	0.14718
167	-2.77596	-2.70907	-2.7355	-2.7804	-2.87884	0.266744	0.259785	0.248378	0.225093	0.159206
168	-3.94484	-3.8053	-3.86197	-3.95623	-4.15474	0.284909	0.269213	0.244995	0.200884	0.149929
169	-2.92926	-2.86272	-2.8891	-2.93379	-3.03123	0.266647	0.259704	0.248354	0.225296	0.159275
170	-5.73016	-5.64596	-5.67931	-5.73595	-5.86	0.271116	0.262223	0.247784	0.218878	0.156868
171	-5.95582	-5.8522	-5.8935	-5.96333	-6.1149	0.275988	0.264822	0.246962	0.212228	0.154338
172	-8.54986	-8.45883	-8.49505	-8.55638	-8.68998	0.272843	0.263139	0.247485	0.216534	0.155975
173	-10.7272	-10.6196	-10.6626	-10.7354	-10.8935	0.277102	0.265423	0.246782	0.210693	0.153755
174	-7.47568	-7.3606	-7.40649	-7.48415	-7.65297	0.278909	0.266397	0.246491	0.208203	0.15281
175	-4.02265	-3.91019	-3.95548	-4.0313	-4.19291	0.278135	0.265819	0.246408	0.209638	0.153314
176	-3.73251	-3.60698	-3.65737	-3.74199	-3.92328	0.281419	0.267591	0.245879	0.205111	0.151596
177	-12.2042	-13.213	-12.2761	-12.1195	-12.3805	0.113176	0.288823	0.337811	0.260189	0.188547
208	-10.1967	-11.6492	-10.5978	-10.291	-10.3606	0.0878842	0.251495	0.341796	0.318824	0.209504
209	-3.44206	-3.36077	-3.39319	-3.44786	-3.56605	0.270336	0.261712	0.247787	0.220166	0.157334
210	-3.45385	-3.39858	-3.42036	-3.45743	-3.53902	0.263832	0.258149	0.248755	0.229264	0.160771
211	-4.23042	-4.13859	-4.17516	-4.23692	-4.3708	0.272983	0.263183	0.247419	0.216415	0.155922
212	-3.59609	-3.51228	-3.54561	-3.60197	-3.72431	0.270975	0.262091	0.24773	0.219203	0.156977
213	-9.04363	-8.93457	-8.9782	-9.05185	-9.21125	0.277397	0.265555	0.2467	0.210348	0.153618
214	-2.92926	-2.86272	-2.8891	-2.93379	-3.03123	0.266647	0.259704	0.248354	0.225296	0.159275
215	-3.59609	-3.51228	-3.54561	-3.60197	-3.72431	0.270975	0.262091	0.24773	0.219203	0.156977
216	-3.51733	-3.4507	-3.47715	-3.52191	-3.61931	0.266665	0.259706	0.248339	0.22529	0.159271
217	-4.27359	-4.19167	-4.22416	-4.27921	-4.39922	0.270506	0.261857	0.247831	0.219806	0.157211
218	-3.82239	-3.73225	-3.76813	-3.82876	-3.96021	0.272561	0.262954	0.247485	0.217	0.156143
219	-4.23042	-4.13859	-4.17516	-4.23692	-4.3708	0.272983	0.263183	0.247419	0.216415	0.155922
220	-16.0712	-15.8952	-15.9678	-16.0891	-16.3462	0.294935	0.274275	0.242931	0.187859	0.144898
221	-5.99437	-5.89421	-5.93427	-6.00208	-6.14947	0.27524	0.264431	0.247096	0.213233	0.154722
222	-3.73251	-3.60698	-3.65737	-3.74199	-3.92328	0.281419	0.267591	0.245879	0.205111	0.151596
223	-3.51733	-3.4507	-3.47715	-3.52191	-3.61931	0.266665	0.259706	0.248339	0.22529	0.159271
224	-9.30982	-9.12823	-9.20223	-9.32574	-9.58689	0.295719	0.274627	0.24272	0.186934	0.14453
225	-9.00118	-8.89694	-8.93842	-9.00874	-9.16211	0.276193	0.264969	0.246978	0.211861	0.154208
226	-4.27359	-4.19167	-4.22416	-4.27921	-4.39922	0.270506	0.261857	0.247831	0.219806	0.157211
227	-4.406	-4.31464	-4.35111	-4.41257	-4.54529	0.272856	0.263087	0.247403	0.216653	0.156005
228	-5.73309	-5.68023	-5.70104	-5.73649	-5.81459	0.263229	0.257808	0.248829	0.230133	0.161096
229	-3.12961	-3.03584	-3.07316	-3.13623	-3.27306	0.273473	0.263455	0.247352	0.21572	0.15566
230	-2.92926	-2.86272	-2.8891	-2.93379	-3.03123	0.266647	0.259704	0.248354	0.225296	0.159275
231	-3.82239	-3.73225	-3.76813	-3.82876	-3.96021	0.272561	0.262954	0.247485	0.217	0.156143
232	-9.40984	-9.3225	-9.35703	-9.41584	-9.54537	0.27195	0.262719	0.247714	0.217618	0.156403
233	-3.51733	-3.4507	-3.47715	-3.52191	-3.61931	0.266665	0.259706	0.248339	0.22529	0.159271
234	-2.77596	-2.70907	-2.7355	-2.7804	-2.87884	0.266744	0.259785	0.248378	0.225093	0.159206
235	-4.02265	-3.91019	-3.95548	-4.0313	-4.19291	0.278135	0.265819	0.246408	0.209638	0.153314
236	-9.85362	-11.9625	-10.5741	-9.81072	-9.14814	0.033014	0.132335	0.283915	0.550736	0.282376
237	-3.73251	-3.60698	-3.65737	-3.74199	-3.92328	0.281419	0.267591	0.245879	0.205111	0.151596
238	-12.8625	-14.2533	-13.24	-12.9954	-13.1384	0.0968799	0.26688	0.340828	0.295412	0.201263
239	-12.1634	-17.5031	-13.7575	-12.045	-10.9167	0.000996859	0.0421987	0.233907	0.722898	0.335259
240	-5.97739	-5.45205	-5.72592	-6.10492	-6.72474	0.390464	0.296921	0.203255	0.10936	0.109804
241	-5.72675	-5.36934	-5.54771	-5.80338	-6.24345	0.344619	0.28832	0.223274	0.143787	0.125688
242	-2.77596	-2.70907	-2.7355	-2.7804	-2.87884	0.266744	0.259785	0.248378	0.225093	0.159206
243	-12.689	-14.8054	-13.4027	-12.6157	-11.9031	0.0310429	0.12622	0.277298	0.565439	0.286613
244	-9.5367	-9.46024	-9.49063	-9.54218	-9.65485	0.269211	0.261154	0.248032	0.221603	0.157891
245	-11.0048	-10.9171	-10.952	-11.0111	-11.1403	0.272025	0.262714	0.247638	0.217623	0.156392
246	-4.56924	-4.42296	-4.48232	-4.58114	-4.78947	0.286598	0.27008	0.244667	0.198655	0.149072
247	-7.92627	-7.68456	-7.79507	-7.96629	-8.29532	0.313206	0.280438	0.236305	0.170051	0.137373
