Sites	Ll	Ll_YN98.omega_1=0.0204551	Ll_YN98.omega_1=0.0801129	Ll_YN98.omega_1=0.176925	Ll_YN98.omega_1=0.39016	Ll_YN98.omega_1=1	Pr_YN98.omega_1=0.0204551	Pr_YN98.omega_1=0.0801129	Pr_YN98.omega_1=0.176925	Pr_YN98.omega_1=0.39016	Pr_YN98.omega_1=1	mean
1	-11.8984	-13.1307	-12.118	-11.7956	-11.77	-12.2332	0.0873184	0.240389	0.331854	0.340438	0	0.212583
2	-9.7612	-11.0679	-10.1067	-9.86781	-10.0049	-10.8157	0.101725	0.265999	0.337775	0.294501	0	0.198054
3	-18.6081	-21.7596	-19.4726	-18.5079	-17.9806	-18.0035	0.0124297	0.122374	0.321106	0.544091	0	0.279152
24	-4.14542	-4.05032	-4.09017	-4.15347	-4.28724	-4.63328	0.273824	0.263126	0.246988	0.216062	0	0.154678
25	-6.48528	-6.38225	-6.42526	-6.49397	-6.64074	-7.02768	0.275906	0.264292	0.246741	0.21306	0	0.153599
26	-3.51776	-3.4526	-3.47971	-3.523	-3.61552	-3.86084	0.266316	0.259195	0.248212	0.226277	0	0.158412
27	-3.12908	-3.03734	-3.07559	-3.13662	-3.26662	-3.60792	0.272996	0.26275	0.247195	0.217059	0	0.155057
28	-4.40603	-4.31669	-4.35404	-4.41348	-4.53954	-4.86771	0.272382	0.262396	0.247253	0.217968	0	0.155381
29	-4.22996	-4.14013	-4.1776	-4.23736	-4.36455	-4.69801	0.272513	0.262491	0.247265	0.217731	0	0.155301
30	-8.17277	-8.005	-8.07588	-8.18803	-8.42295	-9.01286	0.292165	0.272174	0.2433	0.192361	0	0.145878
31	-3.12908	-3.03734	-3.07559	-3.13662	-3.26662	-3.60792	0.272996	0.26275	0.247195	0.217059	0	0.155057
32	-3.12908	-3.03734	-3.07559	-3.13662	-3.26662	-3.60792	0.272996	0.26275	0.247195	0.217059	0	0.155057
33	-5.95462	-5.85327	-5.89559	-5.96314	-6.10712	-6.48531	0.275458	0.264043	0.246797	0.213702	0	0.15383
34	-3.82197	-3.73378	-3.77056	-3.82922	-3.95413	-4.28179	0.272101	0.262275	0.247332	0.218291	0	0.155505
35	-4.14542	-4.05032	-4.09017	-4.15347	-4.28724	-4.63328	0.273824	0.263126	0.246988	0.216062	0	0.154678
36	-4.56889	-4.42578	-4.48656	-4.58209	-4.78012	-5.27079	0.285881	0.269023	0.244511	0.200585	0	0.14892
37	-3.4974	-3.39668	-3.43902	-3.5061	-3.64727	-4.00895	0.275235	0.263827	0.24671	0.214228	0	0.153998
38	-2.77557	-2.71014	-2.73723	-2.78069	-2.87418	-3.12576	0.266393	0.259272	0.248247	0.226088	0	0.158352
39	-3.12908	-3.03734	-3.07559	-3.13662	-3.26662	-3.60792	0.272996	0.26275	0.247195	0.217059	0	0.155057
40	-14.5475	-17.8104	-15.5519	-14.6746	-14.4085	-15.0107	0.0157232	0.150463	0.36175	0.472064	0	0.260559
41	-16.8684	-17.8132	-16.978	-16.853	-17.0742	-17.7996	0.124818	0.287757	0.326068	0.261358	0	0.185267
42	-7.72277	-9.06855	-7.99829	-7.63496	-7.618	-8.21789	0.0808058	0.235642	0.338877	0.344675	0	0.214965
43	-14.0474	-17.2741	-15.0867	-14.2372	-13.8725	-14.1597	0.016457	0.146659	0.342964	0.493919	0	0.265473
44	-21.3071	-23.8441	-21.7949	-21.1571	-21.1328	-21.769	0.0259746	0.201609	0.381509	0.390907	0	0.236698
45	-26.64	-34.3203	-28.9058	-26.2187	-24.2495	-22.9955	3.68063e-05	0.00826813	0.121451	0.870244	0	0.361686
46	-11.2628	-12.9137	-11.6947	-11.155	-10.8584	-10.9265	0.0555624	0.188005	0.322525	0.433907	0	0.242554
47	-9.84047	-11.2574	-10.1471	-9.72169	-9.596	-10.0146	0.0717022	0.217638	0.333029	0.377631	0	0.22516
79	-32.3039	-37.1818	-33.9189	-32.5654	-31.5648	-30.5708	0.00247938	0.0647737	0.250741	0.682006	0	0.315694
80	-13.3906	-14.0735	-13.2977	-13.2775	-13.7127	-14.8473	0.146548	0.318372	0.32486	0.21022	0	0.167999
81	-4.05614	-3.97709	-4.01019	-4.06278	-4.17412	-4.46329	0.269797	0.261015	0.247641	0.221548	0	0.156682
82	-7.47346	-7.36085	-7.4079	-7.48304	-7.64344	-8.06514	0.278331	0.26554	0.246316	0.209814	0	0.152407
83	-4.56889	-4.42578	-4.48656	-4.58209	-4.78012	-5.27079	0.285881	0.269023	0.244511	0.200585	0	0.14892
84	-7.65412	-7.55973	-7.59896	-7.66182	-7.79679	-8.15746	0.273716	0.263186	0.247152	0.215947	0	0.154665
85	-16.2133	-18.1795	-16.8695	-16.1656	-15.5638	-15.1217	0.0386487	0.143228	0.289553	0.528571	0	0.269721
86	-3.73182	-3.60901	-3.66063	-3.74249	-3.91479	-4.35444	0.280799	0.266669	0.24571	0.206822	0	0.151273
87	-3.59575	-3.51375	-3.54792	-3.60246	-3.71871	-4.02465	0.270547	0.261459	0.247583	0.220411	0	0.15628
88	-3.51776	-3.4526	-3.47971	-3.523	-3.61552	-3.86084	0.266316	0.259195	0.248212	0.226277	0	0.158412
89	-4.27308	-4.19296	-4.22626	-4.27952	-4.39351	-4.69617	0.270081	0.261234	0.247684	0.221001	0	0.1565
90	-4.05614	-3.97709	-4.01019	-4.06278	-4.17412	-4.46329	0.269797	0.261015	0.247641	0.221548	0	0.156682
91	-4.22996	-4.14013	-4.1776	-4.23736	-4.36455	-4.69801	0.272513	0.262491	0.247265	0.217731	0	0.155301
92	-3.82197	-3.73378	-3.77056	-3.82922	-3.95413	-4.28179	0.272101	0.262275	0.247332	0.218291	0	0.155505
93	-4.05351	-3.96736	-4.00336	-4.06067	-4.18232	-4.49966	0.271582	0.261979	0.247387	0.219051	0	0.155777
94	-4.27308	-4.19296	-4.22626	-4.27952	-4.39351	-4.69617	0.270081	0.261234	0.247684	0.221001	0	0.1565
95	-2.77557	-2.71014	-2.73723	-2.78069	-2.87418	-3.12576	0.266393	0.259272	0.248247	0.226088	0	0.158352
96	-3.81528	-3.7625	-3.78429	-3.8193	-3.89499	-4.10117	0.263216	0.257545	0.248684	0.230555	0	0.159968
97	-3.47934	-3.40321	-3.4349	-3.48551	-3.59353	-3.8789	0.269071	0.260677	0.247813	0.222439	0	0.157019
98	-3.73182	-3.60901	-3.66063	-3.74249	-3.91479	-4.35444	0.280799	0.266669	0.24571	0.206822	0	0.151273
99	-4.56889	-4.42578	-4.48656	-4.58209	-4.78012	-5.27079	0.285881	0.269023	0.244511	0.200585	0	0.14892
100	-2.77557	-2.71014	-2.73723	-2.78069	-2.87418	-3.12576	0.266393	0.259272	0.248247	0.226088	0	0.158352
101	-3.12908	-3.03734	-3.07559	-3.13662	-3.26662	-3.60792	0.272996	0.26275	0.247195	0.217059	0	0.155057
102	-2.92949	-2.86441	-2.89145	-2.93468	-3.02723	-3.27354	0.266297	0.259194	0.248226	0.226283	0	0.158416
103	-14.624	-14.4104	-14.5007	-14.6443	-14.9478	-15.7234	0.304011	0.277763	0.240609	0.177616	0	0.14034
104	-2.77557	-2.71014	-2.73723	-2.78069	-2.87418	-3.12576	0.266393	0.259272	0.248247	0.226088	0	0.158352
105	-7.23958	-7.12643	-7.17373	-7.24919	-7.40994	-7.83104	0.278441	0.265579	0.246275	0.209704	0	0.152362
106	-10.5752	-10.4347	-10.4942	-10.5885	-10.7864	-11.2875	0.285453	0.268961	0.244768	0.200818	0	0.149043
107	-3.73182	-3.60901	-3.66063	-3.74249	-3.91479	-4.35444	0.280799	0.266669	0.24571	0.206822	0	0.151273
108	-10.3693	-10.2356	-10.292	-10.3815	-10.5704	-11.0537	0.283701	0.268141	0.245175	0.202983	0	0.149858
109	-3.44239	-3.36289	-3.3961	-3.44898	-3.56124	-3.85442	0.269911	0.261094	0.247646	0.221349	0	0.156614
110	-9.66029	-9.54518	-9.59327	-9.67021	-9.83487	-10.2709	0.279016	0.265916	0.246225	0.208842	0	0.152056
111	-3.44239	-3.36289	-3.3961	-3.44898	-3.56124	-3.85442	0.269911	0.261094	0.247646	0.221349	0	0.156614
112	-3.59575	-3.51375	-3.54792	-3.60246	-3.71871	-4.02465	0.270547	0.261459	0.247583	0.220411	0	0.15628
113	-3.44239	-3.36289	-3.3961	-3.44898	-3.56124	-3.85442	0.269911	0.261094	0.247646	0.221349	0	0.156614
114	-10.1229	-12.0249	-10.7221	-10.0295	-9.45093	-9.0642	0.0397567	0.146287	0.292429	0.521527	0	0.26775
115	-3.59575	-3.51375	-3.54792	-3.60246	-3.71871	-4.02465	0.270547	0.261459	0.247583	0.220411	0	0.15628
116	-3.51776	-3.4526	-3.47971	-3.523	-3.61552	-3.86084	0.266316	0.259195	0.248212	0.226277	0	0.158412
117	-2.92949	-2.86441	-2.89145	-2.93468	-3.02723	-3.27354	0.266297	0.259194	0.248226	0.226283	0	0.158416
118	-3.59575	-3.51375	-3.54792	-3.60246	-3.71871	-4.02465	0.270547	0.261459	0.247583	0.220411	0	0.15628
119	-4.22996	-4.14013	-4.1776	-4.23736	-4.36455	-4.69801	0.272513	0.262491	0.247265	0.217731	0	0.155301
120	-9.11762	-9.00448	-9.05175	-9.12736	-9.28919	-9.71763	0.278516	0.265659	0.246314	0.209511	0	0.152302
121	-7.5084	-7.41296	-7.45267	-7.51624	-7.65247	-8.01512	0.273976	0.263309	0.247093	0.215622	0	0.154543
122	-4.27308	-4.19296	-4.22626	-4.27952	-4.39351	-4.69617	0.270081	0.261234	0.247684	0.221001	0	0.1565
123	-3.12908	-3.03734	-3.07559	-3.13662	-3.26662	-3.60792	0.272996	0.26275	0.247195	0.217059	0	0.155057
124	-3.81528	-3.7625	-3.78429	-3.8193	-3.89499	-4.10117	0.263216	0.257545	0.248684	0.230555	0	0.159968
125	-4.14542	-4.05032	-4.09017	-4.15347	-4.28724	-4.63328	0.273824	0.263126	0.246988	0.216062	0	0.154678
126	-3.47934	-3.40321	-3.4349	-3.48551	-3.59353	-3.8789	0.269071	0.260677	0.247813	0.222439	0	0.157019
127	-4.92558	-4.77637	-4.83981	-4.93944	-5.14561	-5.65453	0.287413	0.269745	0.244165	0.198676	0	0.148204
128	-2.77557	-2.71014	-2.73723	-2.78069	-2.87418	-3.12576	0.266393	0.259272	0.248247	0.226088	0	0.158352
129	-3.12908	-3.03734	-3.07559	-3.13662	-3.26662	-3.60792	0.272996	0.26275	0.247195	0.217059	0	0.155057
130	-16.2887	-16.1932	-16.233	-16.2969	-16.4349	-16.8086	0.274134	0.263443	0.247134	0.215288	0	0.154434
131	-4.43204	-4.35094	-4.3847	-4.43861	-4.55375	-4.85803	0.270321	0.261349	0.247631	0.220699	0	0.156387
132	-2.77557	-2.71014	-2.73723	-2.78069	-2.87418	-3.12576	0.266393	0.259272	0.248247	0.226088	0	0.158352
133	-3.82197	-3.73378	-3.77056	-3.82922	-3.95413	-4.28179	0.272101	0.262275	0.247332	0.218291	0	0.155505
134	-3.51776	-3.4526	-3.47971	-3.523	-3.61552	-3.86084	0.266316	0.259195	0.248212	0.226277	0	0.158412
135	-3.73182	-3.60901	-3.66063	-3.74249	-3.91479	-4.35444	0.280799	0.266669	0.24571	0.206822	0	0.151273
136	-4.27308	-4.19296	-4.22626	-4.27952	-4.39351	-4.69617	0.270081	0.261234	0.247684	0.221001	0	0.1565
137	-3.94472	-3.8082	-3.86622	-3.95736	-4.14607	-4.61321	0.284225	0.268202	0.244839	0.202734	0	0.149717
138	-2.77557	-2.71014	-2.73723	-2.78069	-2.87418	-3.12576	0.266393	0.259272	0.248247	0.226088	0	0.158352
139	-3.12908	-3.03734	-3.07559	-3.13662	-3.26662	-3.60792	0.272996	0.26275	0.247195	0.217059	0	0.155057
140	-9.77177	-9.66421	-9.70909	-9.78091	-9.93468	-10.3424	0.277087	0.264925	0.246566	0.211422	0	0.153004
141	-9.23847	-9.06157	-9.13738	-9.25627	-9.50134	-10.0976	0.294616	0.273106	0.242492	0.189786	0	0.144856
142	-3.12908	-3.03734	-3.07559	-3.13662	-3.26662	-3.60792	0.272996	0.26275	0.247195	0.217059	0	0.155057
143	-9.76984	-9.66189	-9.70694	-9.77901	-9.93332	-10.3424	0.277183	0.264974	0.246549	0.211294	0	0.152957
144	-3.51776	-3.4526	-3.47971	-3.523	-3.61552	-3.86084	0.266316	0.259195	0.248212	0.226277	0	0.158412
145	-2.92949	-2.86441	-2.89145	-2.93468	-3.02723	-3.27354	0.266297	0.259194	0.248226	0.226283	0	0.158416
146	-3.59575	-3.51375	-3.54792	-3.60246	-3.71871	-4.02465	0.270547	0.261459	0.247583	0.220411	0	0.15628
147	-4.22996	-4.14013	-4.1776	-4.23736	-4.36455	-4.69801	0.272513	0.262491	0.247265	0.217731	0	0.155301
148	-2.92949	-2.86441	-2.89145	-2.93468	-3.02723	-3.27354	0.266297	0.259194	0.248226	0.226283	0	0.158416
149	-3.73182	-3.60901	-3.66063	-3.74249	-3.91479	-4.35444	0.280799	0.266669	0.24571	0.206822	0	0.151273
150	-11.606	-13.4843	-12.2021	-11.5419	-11.03	-10.8018	0.0430723	0.155244	0.300434	0.501251	0	0.26204
151	-2.92949	-2.86441	-2.89145	-2.93468	-3.02723	-3.27354	0.266297	0.259194	0.248226	0.226283	0	0.158416
152	-4.22996	-4.14013	-4.1776	-4.23736	-4.36455	-4.69801	0.272513	0.262491	0.247265	0.217731	0	0.155301
153	-4.14542	-4.05032	-4.09017	-4.15347	-4.28724	-4.63328	0.273824	0.263126	0.246988	0.216062	0	0.154678
154	-3.47934	-3.40321	-3.4349	-3.48551	-3.59353	-3.8789	0.269071	0.260677	0.247813	0.222439	0	0.157019
155	-3.81528	-3.7625	-3.78429	-3.8193	-3.89499	-4.10117	0.263216	0.257545	0.248684	0.230555	0	0.159968
156	-2.77557	-2.71014	-2.73723	-2.78069	-2.87418	-3.12576	0.266393	0.259272	0.248247	0.226088	0	0.158352
157	-3.12908	-3.03734	-3.07559	-3.13662	-3.26662	-3.60792	0.272996	0.26275	0.247195	0.217059	0	0.155057
158	-5.72881	-5.64644	-5.68063	-5.73544	-5.85327	-6.16935	0.270681	0.261582	0.24763	0.220106	0	0.156182
159	-4.40603	-4.31669	-4.35404	-4.41348	-4.53954	-4.86771	0.272382	0.262396	0.247253	0.217968	0	0.155381
160	-2.77557	-2.71014	-2.73723	-2.78069	-2.87418	-3.12576	0.266393	0.259272	0.248247	0.226088	0	0.158352
161	-4.53968	-4.40621	-4.46307	-4.5522	-4.73614	-5.18959	0.283458	0.267789	0.244955	0.203798	0	0.150104
162	-2.92949	-2.86441	-2.89145	-2.93468	-3.02723	-3.27354	0.266297	0.259194	0.248226	0.226283	0	0.158416
163	-4.884	-4.73915	-4.80042	-4.89712	-5.09884	-5.60335	0.286341	0.269323	0.244501	0.199835	0	0.148659
164	-3.44239	-3.36289	-3.3961	-3.44898	-3.56124	-3.85442	0.269911	0.261094	0.247646	0.221349	0	0.156614
165	-4.53968	-4.40621	-4.46307	-4.5522	-4.73614	-5.18959	0.283458	0.267789	0.244955	0.203798	0	0.150104
166	-7.40897	-7.25305	-7.31976	-7.425	-7.64419	-8.18841	0.289538	0.270852	0.243798	0.195811	0	0.147153
167	-2.77557	-2.71014	-2.73723	-2.78069	-2.87418	-3.12576	0.266393	0.259272	0.248247	0.226088	0	0.158352
168	-3.94472	-3.8082	-3.86622	-3.95736	-4.14607	-4.61321	0.284225	0.268202	0.244839	0.202734	0	0.149717
169	-2.92949	-2.86441	-2.89145	-2.93468	-3.02723	-3.27354	0.266297	0.259194	0.248226	0.226283	0	0.158416
170	-5.72881	-5.64644	-5.68063	-5.73544	-5.85327	-6.16935	0.270681	0.261582	0.24763	0.220106	0	0.156182
171	-5.95462	-5.85327	-5.89559	-5.96314	-6.10712	-6.48531	0.275458	0.264043	0.246797	0.213702	0	0.15383
172	-8.54738	-8.45832	-8.49545	-8.55479	-8.68172	-9.01799	0.272376	0.26245	0.247328	0.217846	0	0.15535
173	-10.7257	-10.6204	-10.6646	-10.735	-10.8852	-11.2796	0.276548	0.264611	0.246614	0.212227	0	0.15329
174	-7.47346	-7.36085	-7.4079	-7.48304	-7.64344	-8.06514	0.278331	0.26554	0.246316	0.209814	0	0.152407
175	-4.0227	-3.91266	-3.95906	-4.0324	-4.18601	-4.57554	0.277575	0.264989	0.24625	0.211185	0	0.152871
176	-3.73182	-3.60901	-3.66063	-3.74249	-3.91479	-4.35444	0.280799	0.266669	0.24571	0.206822	0	0.151273
177	-12.1974	-13.1189	-12.2567	-12.1188	-12.3638	-13.1907	0.121736	0.2883	0.330928	0.259036	0	0.185202
208	-10.2079	-11.5548	-10.5762	-10.294	-10.354	-11.0433	0.0951339	0.253121	0.335651	0.316094	0	0.204937
209	-3.44239	-3.36289	-3.3961	-3.44898	-3.56124	-3.85442	0.269911	0.261094	0.247646	0.221349	0	0.156614
210	-3.45352	-3.39947	-3.42179	-3.45766	-3.53514	-3.74578	0.263538	0.25772	0.24864	0.230102	0	0.159805
211	-4.22996	-4.14013	-4.1776	-4.23736	-4.36455	-4.69801	0.272513	0.262491	0.247265	0.217731	0	0.155301
212	-3.59575	-3.51375	-3.54792	-3.60246	-3.71871	-4.02465	0.270547	0.261459	0.247583	0.220411	0	0.15628
213	-9.04102	-8.93432	-8.97903	-9.05027	-9.20171	-9.59669	0.276841	0.264738	0.246533	0.211888	0	0.15316
214	-2.92949	-2.86441	-2.89145	-2.93468	-3.02723	-3.27354	0.266297	0.259194	0.248226	0.226283	0	0.158416
215	-3.59575	-3.51375	-3.54792	-3.60246	-3.71871	-4.02465	0.270547	0.261459	0.247583	0.220411	0	0.15628
216	-3.51776	-3.4526	-3.47971	-3.523	-3.61552	-3.86084	0.266316	0.259195	0.248212	0.226277	0	0.158412
217	-4.27308	-4.19296	-4.22626	-4.27952	-4.39351	-4.69617	0.270081	0.261234	0.247684	0.221001	0	0.1565
218	-3.82197	-3.73378	-3.77056	-3.82922	-3.95413	-4.28179	0.272101	0.262275	0.247332	0.218291	0	0.155505
219	-4.22996	-4.14013	-4.1776	-4.23736	-4.36455	-4.69801	0.272513	0.262491	0.247265	0.217731	0	0.155301
220	-16.0684	-15.8959	-15.9703	-16.0877	-16.3321	-16.9371	0.294094	0.273008	0.242773	0.190125	0	0.145019
221	-5.9915	-5.89348	-5.93455	-6.00016	-6.14019	-6.50787	0.274729	0.263676	0.246931	0.214664	0	0.154185
222	-3.73182	-3.60901	-3.66063	-3.74249	-3.91479	-4.35444	0.280799	0.266669	0.24571	0.206822	0	0.151273
223	-3.51776	-3.4526	-3.47971	-3.523	-3.61552	-3.86084	0.266316	0.259195	0.248212	0.226277	0	0.158412
224	-9.30802	-9.13028	-9.20607	-9.32551	-9.57379	-10.1872	0.294861	0.273338	0.242566	0.189236	0	0.144677
225	-8.99808	-8.8961	-8.93862	-9.00664	-9.15231	-9.53896	0.275656	0.264182	0.246809	0.213353	0	0.153711
226	-4.27308	-4.19296	-4.22626	-4.27952	-4.39351	-4.69617	0.270081	0.261234	0.247684	0.221001	0	0.1565
227	-4.40603	-4.31669	-4.35404	-4.41348	-4.53954	-4.86771	0.272382	0.262396	0.247253	0.217968	0	0.155381
228	-5.73281	-5.68111	-5.70244	-5.73675	-5.81093	-6.01306	0.262949	0.257398	0.248717	0.230936	0	0.160106
229	-3.12908	-3.03734	-3.07559	-3.13662	-3.26662	-3.60792	0.272996	0.26275	0.247195	0.217059	0	0.155057
230	-2.92949	-2.86441	-2.89145	-2.93468	-3.02723	-3.27354	0.266297	0.259194	0.248226	0.226283	0	0.158416
231	-3.82197	-3.73378	-3.77056	-3.82922	-3.95413	-4.28179	0.272101	0.262275	0.247332	0.218291	0	0.155505
232	-9.40764	-9.32219	-9.35759	-9.41452	-9.53755	-9.87181	0.271498	0.262053	0.247553	0.218895	0	0.15575
233	-3.51776	-3.4526	-3.47971	-3.523	-3.61552	-3.86084	0.266316	0.259195	0.248212	0.226277	0	0.158412
234	-2.77557	-2.71014	-2.73723	-2.78069	-2.87418	-3.12576	0.266393	0.259272	0.248247	0.226088	0	0.158352
235	-4.0227	-3.91266	-3.95906	-4.0324	-4.18601	-4.57554	0.277575	0.264989	0.24625	0.211185	0	0.152871
236	-9.86145	-11.8522	-10.5315	-9.81015	-9.17008	-8.62215	0.0369432	0.138391	0.284701	0.539965	0	0.272886
237	-3.73182	-3.60901	-3.66063	-3.74249	-3.91479	-4.35444	0.280799	0.266669	0.24571	0.206822	0	0.151273
238	-12.8721	-14.1574	-13.218	-12.9958	-13.1272	-13.7558	0.104656	0.267744	0.334394	0.293206	0	0.197151
239	-12.171	-17.1841	-13.649	-12.0407	-10.9457	-10.3692	0.00139149	0.0477276	0.238356	0.712525	0	0.324022
240	-5.98097	-5.46497	-5.74318	-6.10792	-6.70061	-7.73338	0.388572	0.294203	0.204287	0.112938	0	0.111725
241	-5.72991	-5.37895	-5.56046	-5.80676	-6.22708	-7.01726	0.343151	0.286194	0.223713	0.146943	0	0.126859
242	-2.77557	-2.71014	-2.73723	-2.78069	-2.87418	-3.12576	0.266393	0.259272	0.248247	0.226088	0	0.158352
243	-12.6933	-14.6927	-13.3574	-12.6131	-11.9255	-11.2626	0.0348249	0.132373	0.278641	0.554161	0	0.276827
244	-9.53425	-9.45944	-9.49059	-9.54048	-9.6475	-9.93288	0.268813	0.260569	0.247889	0.222729	0	0.157131
245	-11.0034	-10.9176	-10.9533	-11.0105	-11.1333	-11.4611	0.271574	0.262048	0.247482	0.218897	0	0.155739
246	-4.56889	-4.42578	-4.48656	-4.58209	-4.78012	-5.27079	0.285881	0.269023	0.244511	0.200585	0	0.14892
247	-7.92809	-7.69095	-7.80377	-7.96902	-8.28238	-8.98813	0.312101	0.278805	0.236336	0.172759	0	0.137937
