Sites	Ll	Ll_YN98.omega_1=0.159596	Ll_YN98.omega_1=1	Ll_YN98.omega_1=1.002	Pr_YN98.omega_1=0.159596	Pr_YN98.omega_1=1	Pr_YN98.omega_1=1.002	mean
1	-11.8095	-11.8095	-12.2364	-12.2381	1	0	0	0.159596
2	-9.89451	-9.89451	-10.8433	-10.846	1	0	0	0.159596
3	-18.6001	-18.6001	-18.0029	-18.0037	1	0	0	0.159596
24	-4.14508	-4.14508	-4.6389	-4.63996	1	0	0	0.159596
25	-6.48319	-6.48319	-7.03796	-7.03917	1	0	0	0.159596
26	-3.52116	-3.52116	-3.87008	-3.87084	1	0	0	0.159596
27	-3.12716	-3.12716	-3.61418	-3.61524	1	0	0	0.159596
28	-4.40727	-4.40727	-4.87397	-4.87498	1	0	0	0.159596
29	-4.22798	-4.22798	-4.70327	-4.70431	1	0	0	0.159596
30	-8.1511	-8.1511	-9.00348	-9.00525	1	0	0	0.159596
31	-3.12716	-3.12716	-3.61418	-3.61524	1	0	0	0.159596
32	-3.12716	-3.12716	-3.61418	-3.61524	1	0	0	0.159596
33	-5.95863	-5.95863	-6.49834	-6.49951	1	0	0	0.159596
34	-3.82025	-3.82025	-4.28816	-4.28917	1	0	0	0.159596
35	-4.14508	-4.14508	-4.6389	-4.63996	1	0	0	0.159596
36	-4.56891	-4.56891	-5.27652	-5.27798	1	0	0	0.159596
37	-3.4995	-3.4995	-4.01764	-4.01875	1	0	0	0.159596
38	-2.77392	-2.77392	-3.13047	-3.13126	1	0	0	0.159596
39	-3.12716	-3.12716	-3.61418	-3.61524	1	0	0	0.159596
40	-14.7233	-14.7233	-15.0102	-15.0123	1	0	0	0.159596
41	-16.8443	-16.8443	-17.8054	-17.8075	1	0	0	0.159596
42	-7.65676	-7.65676	-8.21798	-8.22016	1	0	0	0.159596
43	-14.3065	-14.3065	-14.1692	-14.1706	1	0	0	0.159596
44	-21.2096	-21.2096	-21.7956	-21.7975	1	0	0	0.159596
45	-26.4965	-26.4965	-23.0006	-22.9991	1	0	0	0.159596
46	-11.2007	-11.2007	-10.9249	-10.9256	1	0	0	0.159596
47	-9.76767	-9.76767	-10.0237	-10.0254	1	0	0	0.159596
79	-32.69	-32.69	-30.5592	-30.5574	1	0	0	0.159596
80	-13.2601	-13.2601	-14.8513	-14.8544	1	0	0	0.159596
81	-4.06016	-4.06016	-4.47185	-4.47274	1	0	0	0.159596
82	-7.47059	-7.47059	-8.07353	-8.07484	1	0	0	0.159596
83	-4.56891	-4.56891	-5.27652	-5.27798	1	0	0	0.159596
84	-7.65197	-7.65197	-8.16736	-8.1685	1	0	0	0.159596
85	-16.212	-16.212	-15.0899	-15.0894	1	0	0	0.159596
86	-3.72962	-3.72962	-4.3609	-4.36223	1	0	0	0.159596
87	-3.59428	-3.59428	-4.0314	-4.03236	1	0	0	0.159596
88	-3.52116	-3.52116	-3.87008	-3.87084	1	0	0	0.159596
89	-4.27101	-4.27101	-4.70054	-4.70149	1	0	0	0.159596
90	-4.06016	-4.06016	-4.47185	-4.47274	1	0	0	0.159596
91	-4.22798	-4.22798	-4.70327	-4.70431	1	0	0	0.159596
92	-3.82025	-3.82025	-4.28816	-4.28917	1	0	0	0.159596
93	-4.05482	-4.05482	-4.50562	-4.5066	1	0	0	0.159596
94	-4.27101	-4.27101	-4.70054	-4.70149	1	0	0	0.159596
95	-2.77392	-2.77392	-3.13047	-3.13126	1	0	0	0.159596
96	-3.81378	-3.81378	-4.10483	-4.10549	1	0	0	0.159596
97	-3.48003	-3.48003	-3.88439	-3.88528	1	0	0	0.159596
98	-3.72962	-3.72962	-4.3609	-4.36223	1	0	0	0.159596
99	-4.56891	-4.56891	-5.27652	-5.27798	1	0	0	0.159596
100	-2.77392	-2.77392	-3.13047	-3.13126	1	0	0	0.159596
101	-3.12716	-3.12716	-3.61418	-3.61524	1	0	0	0.159596
102	-2.93173	-2.93173	-3.28155	-3.28233	1	0	0	0.159596
103	-14.5974	-14.5974	-15.714	-15.7164	1	0	0	0.159596
104	-2.77392	-2.77392	-3.13047	-3.13126	1	0	0	0.159596
105	-7.24122	-7.24122	-7.84179	-7.84309	1	0	0	0.159596
106	-10.5791	-10.5791	-11.3045	-11.306	1	0	0	0.159596
107	-3.72962	-3.72962	-4.3609	-4.36223	1	0	0	0.159596
108	-10.3491	-10.3491	-11.0449	-11.0463	1	0	0	0.159596
109	-3.44521	-3.44521	-3.86232	-3.86323	1	0	0	0.159596
110	-9.65743	-9.65743	-10.2797	-10.2811	1	0	0	0.159596
111	-3.44521	-3.44521	-3.86232	-3.86323	1	0	0	0.159596
112	-3.59428	-3.59428	-4.0314	-4.03236	1	0	0	0.159596
113	-3.44521	-3.44521	-3.86232	-3.86323	1	0	0	0.159596
114	-10.0922	-10.0922	-9.05154	-9.05125	1	0	0	0.159596
115	-3.59428	-3.59428	-4.0314	-4.03236	1	0	0	0.159596
116	-3.52116	-3.52116	-3.87008	-3.87084	1	0	0	0.159596
117	-2.93173	-2.93173	-3.28155	-3.28233	1	0	0	0.159596
118	-3.59428	-3.59428	-4.0314	-4.03236	1	0	0	0.159596
119	-4.22798	-4.22798	-4.70327	-4.70431	1	0	0	0.159596
120	-9.11515	-9.11515	-9.72796	-9.7293	1	0	0	0.159596
121	-7.48541	-7.48541	-8.0007	-8.00184	1	0	0	0.159596
122	-4.27101	-4.27101	-4.70054	-4.70149	1	0	0	0.159596
123	-3.12716	-3.12716	-3.61418	-3.61524	1	0	0	0.159596
124	-3.81378	-3.81378	-4.10483	-4.10549	1	0	0	0.159596
125	-4.14508	-4.14508	-4.6389	-4.63996	1	0	0	0.159596
126	-3.48003	-3.48003	-3.88439	-3.88528	1	0	0	0.159596
127	-4.92565	-4.92565	-5.66078	-5.66229	1	0	0	0.159596
128	-2.77392	-2.77392	-3.13047	-3.13126	1	0	0	0.159596
129	-3.12716	-3.12716	-3.61418	-3.61524	1	0	0	0.159596
130	-16.2654	-16.2654	-16.7973	-16.7985	1	0	0	0.159596
131	-4.43063	-4.43063	-4.86248	-4.86343	1	0	0	0.159596
132	-2.77392	-2.77392	-3.13047	-3.13126	1	0	0	0.159596
133	-3.82025	-3.82025	-4.28816	-4.28917	1	0	0	0.159596
134	-3.52116	-3.52116	-3.87008	-3.87084	1	0	0	0.159596
135	-3.72962	-3.72962	-4.3609	-4.36223	1	0	0	0.159596
136	-4.27101	-4.27101	-4.70054	-4.70149	1	0	0	0.159596
137	-3.94598	-3.94598	-4.62097	-4.62236	1	0	0	0.159596
138	-2.77392	-2.77392	-3.13047	-3.13126	1	0	0	0.159596
139	-3.12716	-3.12716	-3.61418	-3.61524	1	0	0	0.159596
140	-9.76957	-9.76957	-10.3534	-10.3547	1	0	0	0.159596
141	-9.24407	-9.24407	-10.1137	-10.1154	1	0	0	0.159596
142	-3.12716	-3.12716	-3.61418	-3.61524	1	0	0	0.159596
143	-9.76762	-9.76762	-10.3534	-10.3547	1	0	0	0.159596
144	-3.52116	-3.52116	-3.87008	-3.87084	1	0	0	0.159596
145	-2.93173	-2.93173	-3.28155	-3.28233	1	0	0	0.159596
146	-3.59428	-3.59428	-4.0314	-4.03236	1	0	0	0.159596
147	-4.22798	-4.22798	-4.70327	-4.70431	1	0	0	0.159596
148	-2.93173	-2.93173	-3.28155	-3.28233	1	0	0	0.159596
149	-3.72962	-3.72962	-4.3609	-4.36223	1	0	0	0.159596
150	-11.6257	-11.6257	-10.8179	-10.818	1	0	0	0.159596
151	-2.93173	-2.93173	-3.28155	-3.28233	1	0	0	0.159596
152	-4.22798	-4.22798	-4.70327	-4.70431	1	0	0	0.159596
153	-4.14508	-4.14508	-4.6389	-4.63996	1	0	0	0.159596
154	-3.48003	-3.48003	-3.88439	-3.88528	1	0	0	0.159596
155	-3.81378	-3.81378	-4.10483	-4.10549	1	0	0	0.159596
156	-2.77392	-2.77392	-3.13047	-3.13126	1	0	0	0.159596
157	-3.12716	-3.12716	-3.61418	-3.61524	1	0	0	0.159596
158	-5.73153	-5.73153	-6.18153	-6.18253	1	0	0	0.159596
159	-4.40727	-4.40727	-4.87397	-4.87498	1	0	0	0.159596
160	-2.77392	-2.77392	-3.13047	-3.13126	1	0	0	0.159596
161	-4.54193	-4.54193	-5.19787	-5.19922	1	0	0	0.159596
162	-2.93173	-2.93173	-3.28155	-3.28233	1	0	0	0.159596
163	-4.88137	-4.88137	-5.6081	-5.60961	1	0	0	0.159596
164	-3.44521	-3.44521	-3.86232	-3.86323	1	0	0	0.159596
165	-4.54193	-4.54193	-5.19787	-5.19922	1	0	0	0.159596
166	-7.39021	-7.39021	-8.17947	-8.18109	1	0	0	0.159596
167	-2.77392	-2.77392	-3.13047	-3.13126	1	0	0	0.159596
168	-3.94598	-3.94598	-4.62097	-4.62236	1	0	0	0.159596
169	-2.93173	-2.93173	-3.28155	-3.28233	1	0	0	0.159596
170	-5.73153	-5.73153	-6.18153	-6.18253	1	0	0	0.159596
171	-5.95863	-5.95863	-6.49834	-6.49951	1	0	0	0.159596
172	-8.52909	-8.52909	-9.00965	-9.0107	1	0	0	0.159596
173	-10.7283	-10.7283	-11.2901	-11.2913	1	0	0	0.159596
174	-7.47059	-7.47059	-8.07353	-8.07484	1	0	0	0.159596
175	-4.02434	-4.02434	-4.58551	-4.5867	1	0	0	0.159596
176	-3.72962	-3.72962	-4.3609	-4.36223	1	0	0	0.159596
177	-12.1053	-12.1053	-13.1947	-13.197	1	0	0	0.159596
208	-10.3394	-10.3394	-11.078	-11.0803	1	0	0	0.159596
209	-3.44521	-3.44521	-3.86232	-3.86323	1	0	0	0.159596
210	-3.45196	-3.45196	-3.74919	-3.74986	1	0	0	0.159596
211	-4.22798	-4.22798	-4.70327	-4.70431	1	0	0	0.159596
212	-3.59428	-3.59428	-4.0314	-4.03236	1	0	0	0.159596
213	-9.02211	-9.02211	-9.58683	-9.58805	1	0	0	0.159596
214	-2.93173	-2.93173	-3.28155	-3.28233	1	0	0	0.159596
215	-3.59428	-3.59428	-4.0314	-4.03236	1	0	0	0.159596
216	-3.52116	-3.52116	-3.87008	-3.87084	1	0	0	0.159596
217	-4.27101	-4.27101	-4.70054	-4.70149	1	0	0	0.159596
218	-3.82025	-3.82025	-4.28816	-4.28917	1	0	0	0.159596
219	-4.22798	-4.22798	-4.70327	-4.70431	1	0	0	0.159596
220	-16.0736	-16.0736	-16.9545	-16.9563	1	0	0	0.159596
221	-5.97146	-5.97146	-6.4978	-6.49894	1	0	0	0.159596
222	-3.72962	-3.72962	-4.3609	-4.36223	1	0	0	0.159596
223	-3.52116	-3.52116	-3.87008	-3.87084	1	0	0	0.159596
224	-9.31072	-9.31072	-10.2012	-10.203	1	0	0	0.159596
225	-8.97531	-8.97531	-9.52487	-9.52608	1	0	0	0.159596
226	-4.27101	-4.27101	-4.70054	-4.70149	1	0	0	0.159596
227	-4.40727	-4.40727	-4.87397	-4.87498	1	0	0	0.159596
228	-5.73145	-5.73145	-6.01708	-6.01773	1	0	0	0.159596
229	-3.12716	-3.12716	-3.61418	-3.61524	1	0	0	0.159596
230	-2.93173	-2.93173	-3.28155	-3.28233	1	0	0	0.159596
231	-3.82025	-3.82025	-4.28816	-4.28917	1	0	0	0.159596
232	-9.40457	-9.40457	-9.87892	-9.87999	1	0	0	0.159596
233	-3.52116	-3.52116	-3.87008	-3.87084	1	0	0	0.159596
234	-2.77392	-2.77392	-3.13047	-3.13126	1	0	0	0.159596
235	-4.02434	-4.02434	-4.58551	-4.5867	1	0	0	0.159596
236	-9.90906	-9.90906	-8.63609	-8.6353	1	0	0	0.159596
237	-3.72962	-3.72962	-4.3609	-4.36223	1	0	0	0.159596
238	-13.0154	-13.0154	-13.7744	-13.7762	1	0	0	0.159596
239	-12.1891	-12.1891	-10.3662	-10.3658	1	0	0	0.159596
240	-6.0586	-6.0586	-7.74722	-7.74977	1	0	0	0.159596
241	-5.77899	-5.77899	-7.03299	-7.03502	1	0	0	0.159596
242	-2.77392	-2.77392	-3.13047	-3.13126	1	0	0	0.159596
243	-12.6858	-12.6858	-11.2454	-11.2443	1	0	0	0.159596
244	-9.51464	-9.51464	-9.92156	-9.92246	1	0	0	0.159596
245	-11.0067	-11.0067	-11.4741	-11.4751	1	0	0	0.159596
246	-4.56891	-4.56891	-5.27652	-5.27798	1	0	0	0.159596
247	-7.94314	-7.94314	-8.99102	-8.99305	1	0	0	0.159596
