Sites	Ll	Ll_SameAARate.DFPDistFreq.beta_1=0.119368	Ll_SameAARate.DFPDistFreq.beta_1=1	Pr_SameAARate.DFPDistFreq.beta_1=0.119368	Pr_SameAARate.DFPDistFreq.beta_1=1	mean
1	-12.5538	-12.5538	-13.3722	1	0	0.119368
2	-11.2973	-11.2973	-12.2895	1	0	0.119368
3	-17.9873	-17.9873	-17.5543	1	0	0.119368
24	-4.15337	-4.15337	-4.5964	1	0	0.119368
25	-6.30718	-6.30718	-6.85333	1	0	0.119368
26	-3.52233	-3.52233	-4.05625	1	0	0.119368
27	-3.20246	-3.20246	-4.00267	1	0	0.119368
28	-4.55448	-4.55448	-5.42227	1	0	0.119368
29	-4.21914	-4.21914	-4.71775	1	0	0.119368
30	-8.02163	-8.02163	-9.10484	1	0	0.119368
31	-3.20246	-3.20246	-4.00267	1	0	0.119368
32	-3.20246	-3.20246	-4.00267	1	0	0.119368
33	-5.8272	-5.8272	-6.35251	1	0	0.119368
34	-4.13958	-4.13958	-5.74966	1	0	0.119368
35	-4.15337	-4.15337	-4.5964	1	0	0.119368
36	-4.60114	-4.60114	-5.26412	1	0	0.119368
37	-3.64548	-3.64548	-4.10971	1	0	0.119368
38	-2.91072	-2.91072	-3.7284	1	0	0.119368
39	-3.20246	-3.20246	-4.00267	1	0	0.119368
40	-11.8067	-11.8067	-13.5395	1	0	0.119368
41	-16.3314	-16.3314	-18.5461	1	0	0.119368
42	-8.76103	-8.76103	-10.7691	1	0	0.119368
43	-13.5393	-13.5393	-14.4691	1	0	0.119368
44	-22.1045	-22.1045	-22.1384	1	0	0.119368
45	-26.3991	-26.3991	-23.3249	1	0	0.119368
46	-11.7963	-11.7963	-12.0136	1	0	0.119368
47	-10.2869	-10.2869	-10.7526	1	0	0.119368
79	-33.2508	-33.2508	-31.7476	1	0	0.119368
80	-13.9742	-13.9742	-15.7423	1	0	0.119368
81	-4.25316	-4.25316	-4.87954	1	0	0.119368
82	-7.28522	-7.28522	-7.90666	1	0	0.119368
83	-4.60114	-4.60114	-5.26412	1	0	0.119368
84	-7.48324	-7.48324	-7.99544	1	0	0.119368
85	-16.8074	-16.8074	-15.3681	1	0	0.119368
86	-3.72912	-3.72912	-4.44777	1	0	0.119368
87	-3.58789	-3.58789	-4.0187	1	0	0.119368
88	-3.52233	-3.52233	-4.05625	1	0	0.119368
89	-4.32408	-4.32408	-4.99832	1	0	0.119368
90	-4.25316	-4.25316	-4.87954	1	0	0.119368
91	-4.21914	-4.21914	-4.71775	1	0	0.119368
92	-4.13958	-4.13958	-5.74966	1	0	0.119368
93	-4.19291	-4.19291	-5.06974	1	0	0.119368
94	-4.32408	-4.32408	-4.99832	1	0	0.119368
95	-2.91072	-2.91072	-3.7284	1	0	0.119368
96	-3.994	-3.994	-4.88908	1	0	0.119368
97	-3.48477	-3.48477	-4.06786	1	0	0.119368
98	-3.72912	-3.72912	-4.44777	1	0	0.119368
99	-4.60114	-4.60114	-5.26412	1	0	0.119368
100	-2.91072	-2.91072	-3.7284	1	0	0.119368
101	-3.20246	-3.20246	-4.00267	1	0	0.119368
102	-3.0941	-3.0941	-3.54475	1	0	0.119368
103	-14.144	-14.144	-15.5308	1	0	0.119368
104	-2.91072	-2.91072	-3.7284	1	0	0.119368
105	-6.90621	-6.90621	-8.00351	1	0	0.119368
106	-10.3225	-10.3225	-10.8686	1	0	0.119368
107	-3.72912	-3.72912	-4.44777	1	0	0.119368
108	-10.2555	-10.2555	-10.8762	1	0	0.119368
109	-3.3521	-3.3521	-3.76722	1	0	0.119368
110	-9.47002	-9.47002	-10.1087	1	0	0.119368
111	-3.3521	-3.3521	-3.76722	1	0	0.119368
112	-3.58789	-3.58789	-4.0187	1	0	0.119368
113	-3.3521	-3.3521	-3.76722	1	0	0.119368
114	-8.19582	-8.19582	-7.0379	1	0	0.119368
115	-3.58789	-3.58789	-4.0187	1	0	0.119368
116	-3.52233	-3.52233	-4.05625	1	0	0.119368
117	-3.0941	-3.0941	-3.54475	1	0	0.119368
118	-3.58789	-3.58789	-4.0187	1	0	0.119368
119	-4.21914	-4.21914	-4.71775	1	0	0.119368
120	-8.74584	-8.74584	-10.7792	1	0	0.119368
121	-7.69665	-7.69665	-8.40859	1	0	0.119368
122	-4.32408	-4.32408	-4.99832	1	0	0.119368
123	-3.20246	-3.20246	-4.00267	1	0	0.119368
124	-3.994	-3.994	-4.88908	1	0	0.119368
125	-4.15337	-4.15337	-4.5964	1	0	0.119368
126	-3.48477	-3.48477	-4.06786	1	0	0.119368
127	-5.01388	-5.01388	-5.91922	1	0	0.119368
128	-2.91072	-2.91072	-3.7284	1	0	0.119368
129	-3.20246	-3.20246	-4.00267	1	0	0.119368
130	-15.599	-15.599	-16.2876	1	0	0.119368
131	-4.59241	-4.59241	-5.41232	1	0	0.119368
132	-2.91072	-2.91072	-3.7284	1	0	0.119368
133	-4.13958	-4.13958	-5.74966	1	0	0.119368
134	-3.52233	-3.52233	-4.05625	1	0	0.119368
135	-3.72912	-3.72912	-4.44777	1	0	0.119368
136	-4.32408	-4.32408	-4.99832	1	0	0.119368
137	-3.84779	-3.84779	-4.49581	1	0	0.119368
138	-2.91072	-2.91072	-3.7284	1	0	0.119368
139	-3.20246	-3.20246	-4.00267	1	0	0.119368
140	-9.58834	-9.58834	-10.1538	1	0	0.119368
141	-8.92206	-8.92206	-10.1026	1	0	0.119368
142	-3.20246	-3.20246	-4.00267	1	0	0.119368
143	-9.58583	-9.58583	-10.1529	1	0	0.119368
144	-3.52233	-3.52233	-4.05625	1	0	0.119368
145	-3.0941	-3.0941	-3.54475	1	0	0.119368
146	-3.58789	-3.58789	-4.0187	1	0	0.119368
147	-4.21914	-4.21914	-4.71775	1	0	0.119368
148	-3.0941	-3.0941	-3.54475	1	0	0.119368
149	-3.72912	-3.72912	-4.44777	1	0	0.119368
150	-12.6484	-12.6484	-11.5841	1	0	0.119368
151	-3.0941	-3.0941	-3.54475	1	0	0.119368
152	-4.21914	-4.21914	-4.71775	1	0	0.119368
153	-4.15337	-4.15337	-4.5964	1	0	0.119368
154	-3.48477	-3.48477	-4.06786	1	0	0.119368
155	-3.994	-3.994	-4.88908	1	0	0.119368
156	-2.91072	-2.91072	-3.7284	1	0	0.119368
157	-3.20246	-3.20246	-4.00267	1	0	0.119368
158	-5.27611	-5.27611	-5.84791	1	0	0.119368
159	-4.55448	-4.55448	-5.42227	1	0	0.119368
160	-2.91072	-2.91072	-3.7284	1	0	0.119368
161	-4.72437	-4.72437	-5.63585	1	0	0.119368
162	-3.0941	-3.0941	-3.54475	1	0	0.119368
163	-4.8475	-4.8475	-5.65738	1	0	0.119368
164	-3.3521	-3.3521	-3.76722	1	0	0.119368
165	-4.72437	-4.72437	-5.63585	1	0	0.119368
166	-7.65969	-7.65969	-8.41679	1	0	0.119368
167	-2.91072	-2.91072	-3.7284	1	0	0.119368
168	-3.84779	-3.84779	-4.49581	1	0	0.119368
169	-3.0941	-3.0941	-3.54475	1	0	0.119368
170	-5.27611	-5.27611	-5.84791	1	0	0.119368
171	-5.8272	-5.8272	-6.35251	1	0	0.119368
172	-8.75242	-8.75242	-9.45479	1	0	0.119368
173	-10.4316	-10.4316	-11.5001	1	0	0.119368
174	-7.28522	-7.28522	-7.90666	1	0	0.119368
175	-3.97565	-3.97565	-4.40046	1	0	0.119368
176	-3.72912	-3.72912	-4.44777	1	0	0.119368
177	-13.1205	-13.1205	-14.4479	1	0	0.119368
208	-12.6701	-12.6701	-13.4677	1	0	0.119368
209	-3.3521	-3.3521	-3.76722	1	0	0.119368
210	-3.50039	-3.50039	-3.99883	1	0	0.119368
211	-4.21914	-4.21914	-4.71775	1	0	0.119368
212	-3.58789	-3.58789	-4.0187	1	0	0.119368
213	-9.29834	-9.29834	-9.8496	1	0	0.119368
214	-3.0941	-3.0941	-3.54475	1	0	0.119368
215	-3.58789	-3.58789	-4.0187	1	0	0.119368
216	-3.52233	-3.52233	-4.05625	1	0	0.119368
217	-4.32408	-4.32408	-4.99832	1	0	0.119368
218	-4.13958	-4.13958	-5.74966	1	0	0.119368
219	-4.21914	-4.21914	-4.71775	1	0	0.119368
220	-15.2645	-15.2645	-16.521	1	0	0.119368
221	-5.84311	-5.84311	-6.4575	1	0	0.119368
222	-3.72912	-3.72912	-4.44777	1	0	0.119368
223	-3.52233	-3.52233	-4.05625	1	0	0.119368
224	-8.83232	-8.83232	-9.91187	1	0	0.119368
225	-9.19126	-9.19126	-9.95759	1	0	0.119368
226	-4.32408	-4.32408	-4.99832	1	0	0.119368
227	-4.55448	-4.55448	-5.42227	1	0	0.119368
228	-5.88759	-5.88759	-6.59661	1	0	0.119368
229	-3.20246	-3.20246	-4.00267	1	0	0.119368
230	-3.0941	-3.0941	-3.54475	1	0	0.119368
231	-4.13958	-4.13958	-5.74966	1	0	0.119368
232	-8.46205	-8.46205	-9.53818	1	0	0.119368
233	-3.52233	-3.52233	-4.05625	1	0	0.119368
234	-2.91072	-2.91072	-3.7284	1	0	0.119368
235	-3.97565	-3.97565	-4.40046	1	0	0.119368
236	-10.5528	-10.5528	-8.98224	1	0	0.119368
237	-3.72912	-3.72912	-4.44777	1	0	0.119368
238	-12.4749	-12.4749	-13.9232	1	0	0.119368
239	-12.1954	-12.1954	-11.4583	1	0	0.119368
240	-6.38358	-6.38358	-8.95524	1	0	0.119368
241	-6.18489	-6.18489	-8.36496	1	0	0.119368
242	-2.91072	-2.91072	-3.7284	1	0	0.119368
243	-12.7544	-12.7544	-11.0032	1	0	0.119368
244	-9.73668	-9.73668	-10.1543	1	0	0.119368
245	-10.4906	-10.4906	-11.0904	1	0	0.119368
246	-4.60114	-4.60114	-5.26412	1	0	0.119368
247	-8.08551	-8.08551	-9.41681	1	0	0.119368
