
Analysis Description
--------------------
MEME (Mixed Effects Model of Evolution) estimates a site-wise synonymous
(&alpha;) and a two-category mixture of non-synonymous (&beta;-, with
proportion p-, and &beta;+ with proportion [1-p-]) rates, and uses a
likelihood ratio test to determine if &beta;+ > &alpha; at a site. The
estimates aggregate information over a proportion of branches at a site,
so the signal is derived from episodic diversification, which is a
combination of strength of selection [effect size] and the proportion of
the tree affected. A subset of branches can be selected for testing as
well, in which case an additional (nuisance) parameter will be inferred
-- the non-synonymous rate on branches NOT selected for testing.
Multiple partitions within a NEXUS file are also supported for
recombination - aware analysis. 

- __Requirements__: in-frame codon alignment and a phylogenetic tree

- __Citation__: Detecting Individual Sites Subject to Episodic Diversifying Selection.
_PLoS Genet_ 8(7): e1002764.

- __Written by__: Sergei L. Kosakovsky Pond, Steven Weaver

- __Contact Information__: spond@temple.edu

- __Analysis Version__: 2.1.1


>code –> Universal

>Loaded a multiple sequence alignment with **13** sequences, **495** codons, and **1** partitions from `/home/imelonie/DGINN/Sequences/HSFX3_CCDS_results_202204011836/HSFX3_sequences_filtered_longestORFs_D222_gp1_prank.best.fas`

>branches –> All

>Select the p-value threshold to use when testing for selection (permissible range = [0,1], default value = 0.1): 
>pvalue –> 0.1


### Branches to include in the MEME analysis
Selected 23 branches to include in the MEME analysis: `calJac_HSFX4_XM_008990022, calJac_LOC118150578_XM_035288886, aotNan_HSFX3_XM_021667856, macFas_potHSFX3_AB070029, ponAbe_LOC112130989_XM_024241032, ponAbe_HSFX3_XM_024241031, Node8, nomLeu_HSFX3_XM_003282269, gorGorGor_HSFX3_XM_031005858, homSap_HSFX4_NM_001351114, homSap_HSFX3_CCDS83499, Node16, panTro_LOC104004022_XM_024352990, panPan_LOC117977758_XM_034950644, panTro_HSFX3_XM_009439746, Node21, Node19, Node15, Node13, Node11, Node7, Node5, Node3`


### Obtaining branch lengths and nucleotide substitution biases under the nucleotide GTR model
* Log(L) = -4211.80, AIC-c =  8485.70 (31 estimated parameters)

### Obtaining the global omega estimate based on relative GTR branch lengths and nucleotide substitution biases
* Log(L) = -4158.86, AIC-c =  8394.18 (38 estimated parameters)
* non-synonymous/synonymous rate ratio for *test* =   1.0608

### Improving branch lengths, nucleotide substitution biases, and global dN/dS ratios under a full codon model
* Log(L) = -4158.76
* non-synonymous/synonymous rate ratio for *test* =   1.0741

### For partition 1 these sites are significant at p <=0.1

|   Codon    | Partition  |   alpha    |   beta+    |     p+     |    LRT     |Episodic selection detected?| # branches |
|:----------:|:----------:|:----------:|:----------:|:----------:|:----------:|:--------------------------:|:----------:|
|    158     |     1      |    0.000   |  251.007   |    0.079   |    3.900   |      Yes, p =  0.0667      |     1      |
|    168     |     1      |    0.000   |  209.655   |    0.143   |   11.969   |      Yes, p =  0.0011      |     2      |
|    177     |     1      |    0.000   |   18.345   |    0.189   |    7.204   |      Yes, p =  0.0122      |     1      |
|    224     |     1      |    0.000   |   75.978   |    0.217   |    4.345   |      Yes, p =  0.0529      |     2      |
|    240     |     1      |    0.000   |   17.577   |    0.563   |    4.452   |      Yes, p =  0.0500      |     0      |
|    266     |     1      |    1.209   |   20.802   |    0.339   |    3.481   |      Yes, p =  0.0829      |     0      |
|    274     |     1      |    0.000   |   38.610   |    0.229   |    7.600   |      Yes, p =  0.0100      |     2      |
|    307     |     1      |    0.000   |    8.253   |    0.457   |    4.689   |      Yes, p =  0.0443      |     1      |
|    322     |     1      |    0.000   |   29.920   |    0.292   |    4.477   |      Yes, p =  0.0494      |     1      |
|    324     |     1      |    0.000   |   29.988   |    0.130   |    3.876   |      Yes, p =  0.0675      |     1      |
|    353     |     1      |    0.454   |   27.649   |    0.142   |    3.896   |      Yes, p =  0.0668      |     1      |
|    354     |     1      |    0.000   |   24.887   |    0.142   |    3.678   |      Yes, p =  0.0748      |     1      |
|    375     |     1      |    0.366   |   69.248   |    0.107   |    5.775   |      Yes, p =  0.0253      |     1      |
|    403     |     1      |    0.000   |   13.447   |    0.383   |    6.163   |      Yes, p =  0.0207      |     1      |

### ** Found _14_ sites under episodic diversifying positive selection at p <= 0.1**
