Sites	Ll	Ll_SameAARate.DFPDistFreq.beta_1=0.0738602	Ll_SameAARate.DFPDistFreq.beta_1=1	Pr_SameAARate.DFPDistFreq.beta_1=0.0738602	Pr_SameAARate.DFPDistFreq.beta_1=1	mean
791	-5.08674	-5.08674	-5.67201	1	0	0.0738602
792	-5.17854	-5.17854	-5.73504	1	0	0.0738602
793	-2.56176	-2.56176	-2.91514	1	0	0.0738602
794	-4.31534	-4.31534	-4.5386	1	0	0.0738602
795	-3.05841	-3.05841	-3.37525	1	0	0.0738602
796	-4.7284	-4.7284	-5.22844	1	0	0.0738602
797	-4.7284	-4.7284	-5.22844	1	0	0.0738602
798	-3.03852	-3.03852	-3.27319	1	0	0.0738602
799	-6.10442	-6.10442	-7.2161	1	0	0.0738602
800	-3.03852	-3.03852	-3.27319	1	0	0.0738602
801	-4.7284	-4.7284	-5.22844	1	0	0.0738602
802	-5.43982	-5.43982	-5.76189	1	0	0.0738602
803	-11.9248	-11.9248	-11.6092	1	0	0.0738602
804	-3.03852	-3.03852	-3.27319	1	0	0.0738602
805	-3.08026	-3.08026	-3.55173	1	0	0.0738602
806	-3.03852	-3.03852	-3.27319	1	0	0.0738602
807	-2.56176	-2.56176	-2.91514	1	0	0.0738602
808	-4.34248	-4.34248	-5.53429	1	0	0.0738602
809	-4.92672	-4.92672	-5.22036	1	0	0.0738602
810	-6.77896	-6.77896	-7.63933	1	0	0.0738602
811	-5.12106	-5.12106	-6.05431	1	0	0.0738602
812	-3.08026	-3.08026	-3.55173	1	0	0.0738602
813	-10.4019	-10.4019	-9.90377	1	0	0.0738602
814	-10.1146	-10.1146	-11.4979	1	0	0.0738602
815	-3.41475	-3.41475	-3.77546	1	0	0.0738602
816	-4.31534	-4.31534	-4.5386	1	0	0.0738602
817	-4.0546	-4.0546	-4.4062	1	0	0.0738602
818	-5.67921	-5.67921	-6.17753	1	0	0.0738602
819	-3.7516	-3.7516	-4.27008	1	0	0.0738602
820	-3.7516	-3.7516	-4.27008	1	0	0.0738602
821	-5.43982	-5.43982	-5.76189	1	0	0.0738602
822	-11.8715	-11.8715	-14.3467	1	0	0.0738602
823	-2.56176	-2.56176	-2.91514	1	0	0.0738602
824	-2.56176	-2.56176	-2.91514	1	0	0.0738602
825	-3.32659	-3.32659	-3.67682	1	0	0.0738602
826	-15.7165	-15.7165	-17.4576	1	0	0.0738602
827	-14.2577	-14.2577	-12.7098	1	0	0.0738602
