Sites	Ll	Ll_YN98.omega_1=0.0926916	Ll_YN98.omega_1=0.145689	Ll_YN98.omega_1=0.192056	Ll_YN98.omega_1=0.271944	Ll_YN98.omega_1=1	Pr_YN98.omega_1=0.0926916	Pr_YN98.omega_1=0.145689	Pr_YN98.omega_1=0.192056	Pr_YN98.omega_1=0.271944	Pr_YN98.omega_1=1	mean
791	-5.09635	-5.03794	-5.07716	-5.10909	-5.15937	-5.44517	0.264656	0.254475	0.246478	0.234391	0	0.172684
792	-5.12259	-5.07542	-5.10704	-5.13278	-5.17342	-5.41324	0.261795	0.253648	0.247201	0.237357	0	0.173244
793	-2.55869	-2.53739	-2.55143	-2.56316	-2.58228	-2.71362	0.255315	0.251756	0.24882	0.244108	0	0.174515
794	-4.14565	-4.13716	-4.14266	-4.14738	-4.1553	-4.21801	0.25212	0.250737	0.249557	0.247587	0	0.175158
795	-2.99959	-2.98031	-2.99304	-3.00365	-3.02091	-3.1404	0.254809	0.251587	0.248931	0.244672	0	0.174618
796	-4.5872	-4.55177	-4.57524	-4.59472	-4.62619	-4.82908	0.258863	0.252859	0.24798	0.240298	0	0.173807
797	-4.5872	-4.55177	-4.57524	-4.59472	-4.62619	-4.82908	0.258863	0.252859	0.24798	0.240298	0	0.173807
798	-3.07571	-3.06027	-3.07039	-3.07892	-3.09297	-3.19449	0.253854	0.251297	0.249162	0.245687	0	0.174807
799	-5.93158	-5.8277	-5.89706	-5.95493	-6.04885	-6.65857	0.276616	0.258081	0.243569	0.221735	0	0.170318
800	-3.07571	-3.06027	-3.07039	-3.07892	-3.09297	-3.19449	0.253854	0.251297	0.249162	0.245687	0	0.174807
801	-4.5872	-4.55177	-4.57524	-4.59472	-4.62619	-4.82908	0.258863	0.252859	0.24798	0.240298	0	0.173807
802	-5.41831	-5.39682	-5.41091	-5.42279	-5.44235	-5.58092	0.255371	0.251799	0.248825	0.244005	0	0.174499
803	-10.0639	-10.5435	-10.179	-9.97738	-9.75412	-9.36678	0.156171	0.224861	0.275078	0.34389	0	0.193585
804	-3.07571	-3.06027	-3.07039	-3.07892	-3.09297	-3.19449	0.253854	0.251297	0.249162	0.245687	0	0.174807
805	-3.09137	-3.04618	-3.07662	-3.10121	-3.13971	-3.36505	0.26129	0.253455	0.247298	0.237958	0	0.173351
806	-3.07571	-3.06027	-3.07039	-3.07892	-3.09297	-3.19449	0.253854	0.251297	0.249162	0.245687	0	0.174807
807	-2.55869	-2.53739	-2.55143	-2.56316	-2.58228	-2.71362	0.255315	0.251756	0.24882	0.244108	0	0.174515
808	-4.3584	-4.258	-4.32555	-4.38189	-4.47324	-5.06087	0.2759	0.257878	0.243751	0.222471	0	0.170457
809	-4.95612	-4.93627	-4.94935	-4.96028	-4.97812	-5.10182	0.254952	0.25164	0.248903	0.244504	0	0.174588
810	-7.83276	-7.76743	-7.81034	-7.84718	-7.90915	-8.38952	0.266722	0.255521	0.246278	0.231479	0	0.172198
811	-4.97979	-4.89936	-4.9533	-4.9983	-5.07134	-5.55223	0.270616	0.256405	0.245123	0.227856	0	0.171481
812	-3.09137	-3.04618	-3.07662	-3.10121	-3.13971	-3.36505	0.26129	0.253455	0.247298	0.237958	0	0.173351
813	-11.2658	-11.7556	-11.402	-11.2093	-10.9999	-10.6736	0.159233	0.226782	0.274973	0.339012	0	0.192802
814	-10.8582	-10.7784	-10.8323	-10.877	-10.9489	-11.3819	0.270488	0.256306	0.245107	0.228099	0	0.171517
815	-3.44501	-3.41063	-3.43363	-3.45241	-3.4822	-3.66802	0.25858	0.2527	0.247999	0.24072	0	0.173876
816	-4.14565	-4.13716	-4.14266	-4.14738	-4.1553	-4.21801	0.25212	0.250737	0.249557	0.247587	0	0.175158
817	-3.96271	-3.93158	-3.95255	-3.96948	-3.99609	-4.16275	0.257759	0.25241	0.248173	0.241657	0	0.174046
818	-5.68613	-5.63293	-5.66898	-5.69779	-5.74236	-5.99297	0.263286	0.253966	0.246752	0.235996	0	0.172972
819	-3.66788	-3.63421	-3.65645	-3.67501	-3.70515	-3.90345	0.258429	0.252744	0.248097	0.24073	0	0.17389
820	-3.66788	-3.63421	-3.65645	-3.67501	-3.70515	-3.90345	0.258429	0.252744	0.248097	0.24073	0	0.17389
821	-5.41831	-5.39682	-5.41091	-5.42279	-5.44235	-5.58092	0.255371	0.251799	0.248825	0.244005	0	0.174499
822	-12.2893	-12.0959	-12.2293	-12.3403	-12.5191	-13.5974	0.301824	0.264122	0.236382	0.197672	0	0.16561
823	-2.55869	-2.53739	-2.55143	-2.56316	-2.58228	-2.71362	0.255315	0.251756	0.24882	0.244108	0	0.174515
824	-2.55869	-2.53739	-2.55143	-2.56316	-2.58228	-2.71362	0.255315	0.251756	0.24882	0.244108	0	0.174515
825	-3.15861	-3.14476	-3.15374	-3.16144	-3.17438	-3.27566	0.253465	0.251198	0.249271	0.246066	0	0.174881
826	-15.1581	-14.9602	-15.1067	-15.212	-15.3591	-16.0914	0.301914	0.260773	0.23471	0.202603	0	0.166151
827	-12.3701	-13.5961	-12.6354	-12.1392	-11.638	-10.8593	0.0667003	0.174329	0.286323	0.472648	0	0.215104
