Sites	Ll	Ll_YN98.omega_1=0.108976	Ll_YN98.omega_1=0.151791	Ll_YN98.omega_1=0.186804	Ll_YN98.omega_1=0.245052	Pr_YN98.omega_1=0.108976	Pr_YN98.omega_1=0.151791	Pr_YN98.omega_1=0.186804	Pr_YN98.omega_1=0.245052	mean
791	-5.09575	-5.05058	-5.08183	-5.10598	-5.14354	0.26133	0.25329	0.247247	0.238133	0.171468
792	-5.12225	-5.08584	-5.111	-5.13045	-5.16074	0.259109	0.252672	0.247807	0.240412	0.171795
793	-2.55867	-2.54222	-2.55344	-2.5623	-2.57643	0.254108	0.251272	0.249057	0.245562	0.172533
794	-4.14589	-4.13933	-4.14375	-4.14731	-4.15312	0.251639	0.250529	0.249639	0.248193	0.172904
795	-2.99956	-2.98469	-2.99485	-3.00285	-3.0156	0.253714	0.251149	0.249147	0.245991	0.172593
796	-4.58693	-4.55953	-4.5783	-4.59302	-4.61637	0.256856	0.252082	0.248397	0.242665	0.172122
797	-4.58693	-4.55953	-4.5783	-4.59302	-4.61637	0.256856	0.252082	0.248397	0.242665	0.172122
798	-3.07577	-3.06385	-3.07196	-3.07839	-3.08874	0.252978	0.250936	0.249326	0.24676	0.172703
799	-5.93087	-5.85015	-5.90577	-5.94958	-6.0193	0.27059	0.255951	0.244978	0.228481	0.170092
800	-3.07577	-3.06385	-3.07196	-3.07839	-3.08874	0.252978	0.250936	0.249326	0.24676	0.172703
801	-4.58693	-4.55953	-4.5783	-4.59302	-4.61637	0.256856	0.252082	0.248397	0.242665	0.172122
802	-5.41831	-5.40169	-5.41299	-5.42196	-5.43639	0.254156	0.251301	0.249056	0.245487	0.172524
803	-10.0619	-10.4058	-10.1452	-9.99437	-9.81499	0.178182	0.231229	0.268879	0.32171	0.183579
804	-3.07577	-3.06385	-3.07196	-3.07839	-3.08874	0.252978	0.250936	0.249326	0.24676	0.172703
805	-3.09108	-3.05623	-3.0804	-3.09896	-3.12771	0.258712	0.252534	0.247889	0.240865	0.171857
806	-3.07577	-3.06385	-3.07196	-3.07839	-3.08874	0.252978	0.250936	0.249326	0.24676	0.172703
807	-2.55867	-2.54222	-2.55344	-2.5623	-2.57643	0.254108	0.251272	0.249057	0.245562	0.172533
808	-4.35784	-4.27966	-4.33384	-4.37651	-4.44435	0.270043	0.255801	0.245117	0.229039	0.170172
809	-4.95612	-4.9408	-4.95125	-4.9595	-4.97267	0.253826	0.251187	0.249123	0.245863	0.172575
810	-7.82955	-7.77862	-7.81329	-7.84122	-7.88687	0.262974	0.254014	0.247017	0.235995	0.17119
811	-4.97985	-4.9173	-4.96054	-4.9946	-5.0488	0.265953	0.254698	0.246169	0.233181	0.17077
812	-3.09108	-3.05623	-3.0804	-3.09896	-3.12771	0.258712	0.252534	0.247889	0.240865	0.171857
813	-11.2739	-11.6208	-11.3689	-11.2247	-11.0557	0.18076	0.232552	0.268613	0.318074	0.183121
814	-10.856	-10.7938	-10.837	-10.8709	-10.9245	0.265879	0.254641	0.246161	0.233319	0.170786
815	-3.44484	-3.41833	-3.43662	-3.45079	-3.47295	0.256622	0.251971	0.248426	0.242982	0.172163
816	-4.14589	-4.13933	-4.14375	-4.14731	-4.15312	0.251639	0.250529	0.249639	0.248193	0.172904
817	-3.96252	-3.93856	-3.95517	-3.96793	-3.98774	0.255978	0.251761	0.248569	0.243693	0.172262
818	-5.68583	-5.64486	-5.67339	-5.69514	-5.7285	0.260241	0.25292	0.24748	0.239359	0.171637
819	-3.66757	-3.64151	-3.65932	-3.67336	-3.69569	0.256525	0.251996	0.248484	0.242995	0.17217
820	-3.66757	-3.64151	-3.65932	-3.67336	-3.69569	0.256525	0.251996	0.248484	0.242995	0.17217
821	-5.41831	-5.40169	-5.41299	-5.42196	-5.43639	0.254156	0.251301	0.249056	0.245487	0.172524
822	-12.2856	-12.1341	-12.2411	-12.3252	-12.4583	0.290046	0.260613	0.239601	0.20974	0.167322
823	-2.55867	-2.54222	-2.55344	-2.5623	-2.57643	0.254108	0.251272	0.249057	0.245562	0.172533
824	-2.55867	-2.54222	-2.55344	-2.5623	-2.57643	0.254108	0.251272	0.249057	0.245562	0.172533
825	-3.15868	-3.14795	-3.15518	-3.16101	-3.17052	0.252685	0.250863	0.249406	0.247046	0.172745
826	-15.1622	-15.0103	-15.1234	-15.2029	-15.3154	0.289438	0.258481	0.23875	0.213331	0.167654
827	-12.3573	-13.2269	-12.551	-12.1805	-11.769	0.0989126	0.194433	0.281632	0.425023	0.197055
