Sites	Ll	Ll_YN98.omega_1=0.169818	Ll_YN98.omega_1=1	Pr_YN98.omega_1=0.169818	Pr_YN98.omega_1=1	mean
791	-5.09491	-5.09491	-5.44564	1	0	0.169818
792	-5.12174	-5.12174	-5.41346	1	0	0.169818
793	-2.55848	-2.55848	-2.71394	1	0	0.169818
794	-4.14605	-4.14605	-4.21869	1	0	0.169818
795	-2.99931	-2.99931	-3.14036	1	0	0.169818
796	-4.58653	-4.58653	-4.82978	1	0	0.169818
797	-4.58653	-4.58653	-4.82978	1	0	0.169818
798	-3.07568	-3.07568	-3.19476	1	0	0.169818
799	-5.93071	-5.93071	-6.66462	1	0	0.169818
800	-3.07568	-3.07568	-3.19476	1	0	0.169818
801	-4.58653	-4.58653	-4.82978	1	0	0.169818
802	-5.41824	-5.41824	-5.58173	1	0	0.169818
803	-10.0593	-10.0593	-9.37122	1	0	0.169818
804	-3.07568	-3.07568	-3.19476	1	0	0.169818
805	-3.09059	-3.09059	-3.36508	1	0	0.169818
806	-3.07568	-3.07568	-3.19476	1	0	0.169818
807	-2.55848	-2.55848	-2.71394	1	0	0.169818
808	-4.3578	-4.3578	-5.06668	1	0	0.169818
809	-4.95595	-4.95595	-5.10204	1	0	0.169818
810	-7.82551	-7.82551	-8.39054	1	0	0.169818
811	-4.98078	-4.98078	-5.55809	1	0	0.169818
812	-3.09059	-3.09059	-3.36508	1	0	0.169818
813	-11.285	-11.285	-10.6752	1	0	0.169818
814	-10.853	-10.853	-11.3844	1	0	0.169818
815	-3.44449	-3.44449	-3.66806	1	0	0.169818
816	-4.14605	-4.14605	-4.21869	1	0	0.169818
817	-3.96204	-3.96204	-4.16227	1	0	0.169818
818	-5.68533	-5.68533	-5.99275	1	0	0.169818
819	-3.66712	-3.66712	-3.90431	1	0	0.169818
820	-3.66712	-3.66712	-3.90431	1	0	0.169818
821	-5.41824	-5.41824	-5.58173	1	0	0.169818
822	-12.2806	-12.2806	-13.5973	1	0	0.169818
823	-2.55848	-2.55848	-2.71394	1	0	0.169818
824	-2.55848	-2.55848	-2.71394	1	0	0.169818
825	-3.15874	-3.15874	-3.27682	1	0	0.169818
826	-15.1687	-15.1687	-16.0964	1	0	0.169818
827	-12.338	-12.338	-10.8653	1	0	0.169818
