Sites	Ll	Ll_YN98.omega_1=0.169855	Ll_YN98.omega_1=1	Ll_YN98.omega_1=1.002	Pr_YN98.omega_1=0.169855	Pr_YN98.omega_1=1	Pr_YN98.omega_1=1.002	mean
791	-5.09493	-5.09493	-5.44567	-5.44619	1	0	0	0.169855
792	-5.12176	-5.12176	-5.4135	-5.41396	1	0	0	0.169855
793	-2.5585	-2.5585	-2.71398	-2.71426	1	0	0	0.169855
794	-4.14607	-4.14607	-4.21871	-4.21886	1	0	0	0.169855
795	-2.99934	-2.99934	-3.14041	-3.14067	1	0	0	0.169855
796	-4.58654	-4.58654	-4.8298	-4.83022	1	0	0	0.169855
797	-4.58654	-4.58654	-4.8298	-4.83022	1	0	0	0.169855
798	-3.0757	-3.0757	-3.19479	-3.19502	1	0	0	0.169855
799	-5.93067	-5.93067	-6.66449	-6.66574	1	0	0	0.169855
800	-3.0757	-3.0757	-3.19479	-3.19502	1	0	0	0.169855
801	-4.58654	-4.58654	-4.8298	-4.83022	1	0	0	0.169855
802	-5.41825	-5.41825	-5.58175	-5.58206	1	0	0	0.169855
803	-10.0592	-10.0592	-9.37111	-9.37116	1	0	0	0.169855
804	-3.0757	-3.0757	-3.19479	-3.19502	1	0	0	0.169855
805	-3.09062	-3.09062	-3.36513	-3.36557	1	0	0	0.169855
806	-3.0757	-3.0757	-3.19479	-3.19502	1	0	0	0.169855
807	-2.5585	-2.5585	-2.71398	-2.71426	1	0	0	0.169855
808	-4.35776	-4.35776	-5.06655	-5.06774	1	0	0	0.169855
809	-4.95597	-4.95597	-5.10208	-5.10235	1	0	0	0.169855
810	-7.82556	-7.82556	-8.39049	-8.39162	1	0	0	0.169855
811	-4.98071	-4.98071	-5.55796	-5.55897	1	0	0	0.169855
812	-3.09062	-3.09062	-3.36513	-3.36557	1	0	0	0.169855
813	-11.2849	-11.2849	-10.6751	-10.6752	1	0	0	0.169855
814	-10.853	-10.853	-11.3843	-11.3851	1	0	0	0.169855
815	-3.44452	-3.44452	-3.66811	-3.66849	1	0	0	0.169855
816	-4.14607	-4.14607	-4.21871	-4.21886	1	0	0	0.169855
817	-3.96207	-3.96207	-4.16232	-4.16268	1	0	0	0.169855
818	-5.68536	-5.68536	-5.9928	-5.99328	1	0	0	0.169855
819	-3.66713	-3.66713	-3.90432	-3.90473	1	0	0	0.169855
820	-3.66713	-3.66713	-3.90432	-3.90473	1	0	0	0.169855
821	-5.41825	-5.41825	-5.58175	-5.58206	1	0	0	0.169855
822	-12.2807	-12.2807	-13.5972	-13.5993	1	0	0	0.169855
823	-2.5585	-2.5585	-2.71398	-2.71426	1	0	0	0.169855
824	-2.5585	-2.5585	-2.71398	-2.71426	1	0	0	0.169855
825	-3.15874	-3.15874	-3.27682	-3.27706	1	0	0	0.169855
826	-15.1686	-15.1686	-16.0963	-16.0977	1	0	0	0.169855
827	-12.3377	-12.3377	-10.8652	-10.8643	1	0	0	0.169855
