Sites	Ll	Ll_YN98.omega_1=0.109619	Ll_YN98.omega_1=1	Pr_YN98.omega_1=0.109619	Pr_YN98.omega_1=1	mean
1	-5.39474	-5.12388	-6.72015	0.96753	0.0324702	0.13853
2	-9.92142	-9.61004	-11.4955	0.975485	0.0245152	0.131447
3	-13.4352	-14.0097	-12.8907	0.663544	0.336456	0.409193
4	-4.80976	-4.57465	-5.98633	0.961203	0.0387972	0.144163
5	-21.3131	-22.9426	-19.1526	0.120063	0.879937	0.893098
6	-4.49098	-4.24609	-5.71186	0.96317	0.0368299	0.142411
7	-12.897	-12.5904	-14.506	0.976196	0.0238041	0.130813
8	-18.1912	-18.4164	-18.4911	0.866791	0.133209	0.228225
9	-14.8527	-15.1901	-14.9128	0.82067	0.17933	0.269291
10	-13.7819	-14.6846	-12.5744	0.422614	0.577386	0.623712
11	-15.3321	-16.3107	-14.5079	0.498836	0.501164	0.555846
12	-5.00051	-4.8228	-5.94749	0.948964	0.0510358	0.15506
13	-5.84187	-5.63361	-6.91379	0.95599	0.0440097	0.148804
14	-13.7097	-13.3567	-15.5566	0.981979	0.0180206	0.125664
15	-16.3021	-17.3898	-15.0423	0.366035	0.633965	0.674089
16	-12.5406	-12.1828	-14.3959	0.982211	0.0177885	0.125457
17	-12.8014	-13.1989	-13.039	0.837302	0.162698	0.254482
18	-7.63666	-7.37561	-8.96923	0.967447	0.0325533	0.138604
19	-10.8911	-11.299	-11.0505	0.824865	0.175135	0.265556
20	-8.13853	-7.82157	-9.71632	0.975705	0.0242946	0.13125
21	-16.5209	-17.4989	-15.7839	0.520793	0.479207	0.536296
22	-18.526	-19.6225	-17.6293	0.451375	0.548625	0.598104
23	-9.71219	-10.1961	-9.46764	0.744542	0.255458	0.337074
24	-18.7063	-19.5884	-17.7186	0.482079	0.517921	0.570766
25	-14.9923	-15.3349	-15.3474	0.859436	0.140564	0.234774
26	-18.883	-20.37	-16.5083	0.112686	0.887314	0.899667
27	-8.79714	-9.20453	-8.57776	0.763395	0.236605	0.320288
28	-13.1039	-13.7434	-12.2852	0.584189	0.415811	0.479849
29	-4.18016	-3.97735	-5.25872	0.95604	0.0439596	0.14876
30	-5.00051	-4.8228	-5.94749	0.948964	0.0510358	0.15506
31	-4.0303	-3.79441	-5.21296	0.961458	0.0385422	0.143936
32	-14.0483	-15.0199	-12.7524	0.384769	0.615231	0.657409
33	-8.07222	-7.80717	-9.42185	0.968103	0.0318968	0.138019
34	-12.5004	-14.5442	-12.0413	0.33076	0.66924	0.705497
35	-18.1108	-18.4598	-18.6222	0.876593	0.123407	0.219498
36	-20.7152	-21.7071	-20.4169	0.624317	0.375683	0.44412
37	-8.36795	-8.74168	-8.16924	0.773068	0.226932	0.311675
38	-8.72186	-9.00982	-8.75473	0.82391	0.17609	0.266406
39	-7.69888	-7.43414	-9.04106	0.967863	0.0321374	0.138233
40	-11.7052	-11.4749	-12.904	0.961845	0.0381547	0.143591
41	-4.42714	-4.22743	-5.46826	0.954305	0.0456953	0.150305
42	-9.45958	-9.79655	-9.48829	0.816062	0.183938	0.273393
43	-9.42058	-9.74345	-9.32252	0.798546	0.201454	0.28899
44	-4.18016	-3.97735	-5.25872	0.95604	0.0439596	0.14876
45	-4.46709	-4.22971	-5.65298	0.961632	0.0383675	0.143781
46	-13.1149	-12.8039	-14.76	0.977119	0.022881	0.129992
47	-10.8279	-10.5891	-12.0607	0.963375	0.0366247	0.142229
48	-4.00359	-3.80274	-5.031	0.953753	0.0462466	0.150796
49	-15.7505	-16.1578	-16.1057	0.851452	0.148548	0.241883
50	-9.26007	-8.98802	-10.6392	0.96921	0.0307898	0.137033
51	-18.6542	-19.008	-19.1164	0.870634	0.129366	0.224804
52	-23.798	-24.5817	-23.4239	0.654834	0.345166	0.416948
54	-8.00212	-7.68097	-9.60409	0.976369	0.0236311	0.130659
55	-14.7186	-15.702	-13.4805	0.395708	0.604292	0.647669
56	-4.18016	-3.97735	-5.25872	0.95604	0.0439596	0.14876
57	-4.00359	-3.80274	-5.031	0.953753	0.0462466	0.150796
58	-4.00359	-3.80274	-5.031	0.953753	0.0462466	0.150796
59	-3.79984	-3.53955	-5.08667	0.96595	0.0340501	0.139936
60	-12.0268	-11.7595	-13.3935	0.968692	0.0313082	0.137495
61	-9.87486	-9.62273	-11.2067	0.96714	0.0328604	0.138877
62	-22.8636	-22.3814	-25.5609	0.993157	0.00684275	0.115711
63	-4.91052	-4.70218	-5.99287	0.956431	0.0435694	0.148412
64	-10.6611	-10.3696	-12.1287	0.972275	0.0277249	0.134304
65	-4.46709	-4.22971	-5.65298	0.961632	0.0383675	0.143781
66	-4.18016	-3.97735	-5.25872	0.95604	0.0439596	0.14876
67	-11.031	-10.7915	-12.3099	0.964991	0.0350087	0.14079
68	-4.7144	-4.49574	-5.83327	0.958341	0.0416589	0.146711
69	-13.2518	-12.8992	-15.0568	0.981216	0.0187843	0.126344
70	-8.44876	-8.14165	-9.99144	0.974617	0.0253835	0.13222
71	-4.18016	-3.97735	-5.25872	0.95604	0.0439596	0.14876
72	-15.791	-15.4703	-17.49	0.978498	0.0215023	0.128764
73	-4.2382	-4.03295	-5.32783	0.956604	0.0433956	0.148257
74	-4.46709	-4.22971	-5.65298	0.961632	0.0383675	0.143781
75	-4.91052	-4.70218	-5.99287	0.956431	0.0435694	0.148412
76	-4.24002	-4.02861	-5.3257	0.956696	0.0433035	0.148175
77	-4.00359	-3.80274	-5.031	0.953753	0.0462466	0.150796
78	-17.5188	-17.9456	-17.7951	0.838562	0.161438	0.25336
79	-9.12733	-8.86148	-10.5111	0.969166	0.0308343	0.137073
80	-4.18016	-3.97735	-5.25872	0.95604	0.0439596	0.14876
81	-4.46709	-4.22971	-5.65298	0.961632	0.0383675	0.143781
82	-4.12459	-3.87874	-5.35061	0.963386	0.0366141	0.142219
83	-11.0754	-10.8598	-12.2292	0.959592	0.0404085	0.145598
84	-10.0874	-9.81697	-11.4663	0.969156	0.0308437	0.137081
85	-4.46709	-4.22971	-5.65298	0.961632	0.0383675	0.143781
86	-8.96505	-8.66979	-10.4512	0.972868	0.0271318	0.133776
87	-4.0303	-3.79441	-5.21296	0.961458	0.0385422	0.143936
88	-5.21731	-4.99387	-6.34394	0.958839	0.0411614	0.146268
89	-4.37119	-4.17126	-5.41405	0.95439	0.0456102	0.150229
90	-4.80976	-4.57465	-5.98633	0.961203	0.0387972	0.144163
91	-9.57239	-9.24433	-11.2096	0.977323	0.0226773	0.12981
92	-4.37119	-4.17126	-5.41405	0.95439	0.0456102	0.150229
93	-4.12459	-3.87874	-5.35061	0.963386	0.0366141	0.142219
94	-18.2779	-17.9004	-20.3643	0.986102	0.013898	0.121993
95	-4.0303	-3.79441	-5.21296	0.961458	0.0385422	0.143936
96	-13.9841	-13.6591	-15.6803	0.978529	0.0214713	0.128736
97	-10.9916	-10.7375	-12.3128	0.966864	0.0331362	0.139123
98	-5.21731	-4.99387	-6.34394	0.958839	0.0411614	0.146268
99	-4.49098	-4.24609	-5.71186	0.96317	0.0368299	0.142411
100	-4.24002	-4.02861	-5.3257	0.956696	0.0433035	0.148175
101	-4.80976	-4.57465	-5.98633	0.961203	0.0387972	0.144163
102	-9.89978	-9.57111	-11.5393	0.977388	0.0226123	0.129752
103	-7.87262	-7.61243	-9.19029	0.966947	0.0330535	0.139049
104	-4.00359	-3.80274	-5.031	0.953753	0.0462466	0.150796
105	-10.825	-10.5421	-12.259	0.971112	0.0288876	0.13534
106	-4.37119	-4.17126	-5.41405	0.95439	0.0456102	0.150229
107	-12.1954	-11.8378	-14.0692	0.982529	0.017471	0.125175
108	-4.37119	-4.17126	-5.41405	0.95439	0.0456102	0.150229
109	-4.42714	-4.22743	-5.46826	0.954305	0.0456953	0.150305
110	-3.74103	-3.47818	-5.03913	0.966402	0.0335982	0.139534
111	-7.91911	-7.63483	-9.35364	0.971167	0.0288331	0.135291
112	-17.9746	-17.5541	-20.2194	0.988609	0.0113914	0.119761
113	-4.42714	-4.22743	-5.46826	0.954305	0.0456953	0.150305
114	-4.2382	-4.03295	-5.32783	0.956604	0.0433956	0.148257
115	-4.83233	-4.653	-5.77914	0.949034	0.0509656	0.154998
116	-26.102	-25.6793	-28.8246	0.99292	0.00707954	0.115922
117	-4.12459	-3.87874	-5.35061	0.963386	0.0366141	0.142219
118	-11.4433	-11.1719	-12.8609	0.97032	0.0296801	0.136045
119	-11.1633	-10.9786	-12.1716	0.95217	0.04783	0.152206
120	-10.9188	-10.6648	-12.2392	0.966836	0.0331636	0.139147
121	-5.12733	-4.87071	-6.39919	0.965331	0.0346687	0.140487
122	-5.21731	-4.99387	-6.34394	0.958839	0.0411614	0.146268
123	-4.7144	-4.49574	-5.83327	0.958341	0.0416589	0.146711
124	-7.64964	-7.33095	-9.23281	0.975873	0.0241267	0.131101
125	-11.6853	-11.3848	-13.1896	0.97348	0.0265197	0.133231
126	-10.3326	-10.0926	-11.5698	0.963573	0.0364267	0.142052
165	-4.37119	-4.17126	-5.41405	0.95439	0.0456102	0.150229
166	-4.19465	-3.99469	-5.2591	0.955322	0.0446779	0.149399
167	-4.19465	-3.99469	-5.2591	0.955322	0.0446779	0.149399
168	-5.05125	-4.83126	-6.16751	0.95829	0.0417104	0.146757
169	-4.33572	-4.14127	-5.3544	0.953081	0.0469187	0.151394
170	-3.98504	-3.79085	-4.98583	0.952263	0.0477371	0.152123
171	-16.8584	-16.5176	-18.7328	0.982249	0.0177511	0.125424
172	-5.19657	-4.98043	-6.29487	0.957409	0.0425907	0.147541
173	-15.4797	-16.5746	-14.0752	0.331537	0.668463	0.704805
174	-4.79636	-4.62187	-5.7213	0.947727	0.052273	0.156162
175	-10.212	-9.91415	-11.7394	0.974002	0.0259979	0.132767
176	-4.10074	-3.86272	-5.29682	0.96203	0.0379697	0.143426
177	-4.79636	-4.62187	-5.7213	0.947727	0.052273	0.156162
178	-10.5269	-10.2905	-11.7517	0.963008	0.0369917	0.142555
179	-5.10314	-4.85468	-6.34412	0.964001	0.0359992	0.141672
180	-19.5478	-19.9337	-20.1696	0.884325	0.115675	0.212614
181	-9.10755	-8.84311	-10.4633	0.968273	0.0317268	0.137868
182	-17.6592	-17.3271	-19.4909	0.98133	0.0186705	0.126243
183	-8.76464	-8.43004	-10.4386	0.978261	0.0217391	0.128975
184	-9.77254	-9.51057	-11.1135	0.967739	0.0322612	0.138344
185	-11.7973	-12.2859	-11.7359	0.776983	0.223017	0.308189
186	-16.3455	-17.378	-15.014	0.36221	0.63779	0.677495
187	-23.1521	-24.9762	-20.8375	0.0878215	0.912179	0.921805
188	-17.9536	-17.6067	-19.8969	0.98351	0.0164897	0.124301
189	-15.4075	-15.0827	-17.3085	0.982433	0.0175674	0.12526
190	-22.4376	-24.2456	-19.8887	0.0718451	0.928155	0.93603
191	-4.20043	-4.02677	-5.12513	0.947674	0.0523258	0.156209
192	-14.5732	-15.632	-13.0923	0.322672	0.677328	0.712699
193	-4.03236	-3.85014	-4.99373	0.949872	0.0501284	0.154252
194	-12.9032	-12.5288	-14.9888	0.986049	0.0139512	0.122041
195	-13.6983	-14.153	-13.6348	0.78244	0.21756	0.30333
196	-16.2718	-17.2359	-14.9814	0.387861	0.612139	0.654656
197	-33.3567	-36.5099	-30.0143	0.0090359	0.990964	0.991955
198	-19.7471	-20.8616	-18.7334	0.418234	0.581766	0.627612
199	-28.1215	-31.3999	-25.3639	0.014233	0.985767	0.987327
200	-15.4565	-15.1198	-17.2652	0.98099	0.0190099	0.126545
201	-4.46854	-4.28344	-5.45391	0.951136	0.0488639	0.153126
202	-18.7531	-19.1272	-19.2603	0.873397	0.126603	0.222344
203	-22.5972	-24.8496	-22.9	0.462222	0.537778	0.588446
204	-15.2096	-15.6525	-15.327	0.813456	0.186544	0.275714
205	-15.9221	-17.1365	-14.3822	0.277649	0.722351	0.752786
206	-8.99983	-9.47894	-8.72885	0.740404	0.259596	0.340758
207	-30.7781	-31.899	-29.6828	0.396981	0.603019	0.646535
208	-13.6447	-14.0697	-13.6997	0.806611	0.193389	0.281809
209	-3.65427	-3.44281	-4.73849	0.956638	0.0433621	0.148228
210	-14.0433	-15.0703	-12.4977	0.315514	0.684486	0.719073
219	-13.9705	-13.7432	-15.2767	0.965499	0.0345008	0.140338
220	-9.1523	-8.91111	-10.404	0.964119	0.0358813	0.141567
223	-19.7269	-20.8621	-18.8208	0.439498	0.560502	0.60868
224	-18.1898	-19.4079	-16.7674	0.301038	0.698962	0.731961
225	-3.99398	-3.78973	-5.04488	0.954925	0.045075	0.149753
226	-10.0689	-10.5435	-9.84406	0.750028	0.249972	0.332189
227	-14.9544	-16.0166	-13.3554	0.296696	0.703304	0.735827
228	-25.9367	-26.9679	-25.4523	0.570163	0.429837	0.492337
229	-3.99795	-3.81569	-4.96935	0.950349	0.0496507	0.153827
230	-13.8594	-14.9533	-12.5057	0.343101	0.656899	0.694509
231	-14.2226	-15.2712	-12.7808	0.33354	0.66646	0.703022
232	-12.9885	-13.5329	-12.6771	0.719578	0.280422	0.359301
233	-31.2289	-32.4072	-30.3011	0.423605	0.576395	0.62283
234	-17.7774	-18.1319	-18.3991	0.887483	0.112517	0.209802
235	-9.17966	-9.61112	-9.15376	0.792621	0.207379	0.294265
236	-12.778	-12.5833	-13.9068	0.957775	0.0422251	0.147215
237	-9.6346	-9.3828	-10.9387	0.966239	0.0337608	0.139679
238	-3.99398	-3.78973	-5.04488	0.954925	0.045075	0.149753
239	-4.41305	-4.22479	-5.40427	0.951553	0.0484465	0.152755
240	-4.46812	-4.27139	-5.49787	0.953675	0.0463249	0.150866
241	-8.01102	-7.73596	-9.4202	0.970183	0.0298173	0.136168
242	-4.38202	-4.17527	-5.4386	0.955276	0.0447244	0.149441
243	-4.46812	-4.27139	-5.49787	0.953675	0.0463249	0.150866
244	-26.2235	-27.2481	-25.6708	0.554984	0.445016	0.505853
245	-4.79282	-4.60104	-5.79812	0.952358	0.0476417	0.152038
246	-6.43001	-6.35118	-6.87832	0.91095	0.0890499	0.188907
247	-4.38202	-4.17527	-5.4386	0.955276	0.0447244	0.149441
248	-11.9665	-12.5115	-11.4671	0.68	0.32	0.394541
249	-10.0289	-9.76604	-11.4134	0.969096	0.0309036	0.137135
250	-4.79282	-4.60104	-5.79812	0.952358	0.0476417	0.152038
251	-4.02701	-3.81183	-5.12242	0.957252	0.0427478	0.147681
252	-9.72525	-9.56258	-10.6196	0.945583	0.0544166	0.15807
253	-9.65272	-9.39004	-10.9981	0.967898	0.0321023	0.138202
254	-16.951	-18.0531	-15.8853	0.408623	0.591377	0.63617
255	-15.2602	-15.726	-15.1013	0.763775	0.236225	0.319949
