Sites	Ll	Ll_YN98.omega_1=0.106434	Ll_YN98.omega_1=1	Ll_YN98.omega_1=1.02804	Pr_YN98.omega_1=0.106434	Pr_YN98.omega_1=1	Pr_YN98.omega_1=1.02804	mean
1	-5.39336	-5.11623	-6.72155	-6.76024	0.969124	0.00381481	0.0270614	0.134783
2	-9.91892	-9.60068	-11.4956	-11.5403	0.976827	0.00287831	0.0202952	0.12771
3	-13.4364	-14.0342	-12.8904	-12.8921	0.660328	0.0406233	0.299049	0.418339
4	-4.80876	-4.56819	-5.98761	-6.02271	0.962937	0.00456485	0.0324985	0.140464
5	-21.3272	-23.0192	-19.1524	-19.1417	0.112136	0.105044	0.78282	0.921748
6	-4.48991	-4.23934	-5.71325	-5.74958	0.96487	0.00433144	0.0307989	0.138689
7	-12.8944	-12.5812	-14.5061	-14.5526	0.977529	0.00279541	0.0196754	0.127065
8	-18.1996	-18.4351	-18.4904	-18.5201	0.868581	0.0161104	0.115309	0.227099
9	-14.858	-15.2103	-14.9126	-14.9326	0.821565	0.0216874	0.156748	0.270273
10	-13.7949	-14.7321	-12.5739	-12.5736	0.41305	0.0700742	0.516876	0.645405
11	-15.3384	-16.3574	-14.5078	-14.5136	0.490649	0.0611372	0.448213	0.57414
12	-5.00041	-4.81853	-5.94925	-5.97939	0.950936	0.00601669	0.0430476	0.151483
13	-5.8413	-5.62816	-6.91533	-6.94837	0.957844	0.00518272	0.0369735	0.14514
14	-13.7062	-13.3458	-15.5565	-15.6087	0.983105	0.00211247	0.0147829	0.121946
15	-16.308	-17.4389	-15.0421	-15.0374	0.355755	0.0766194	0.567626	0.698025
16	-12.5376	-12.1722	-14.3959	-14.4487	0.983327	0.00208558	0.0145873	0.121742
17	-12.8012	-13.2179	-13.0387	-13.0605	0.838491	0.0196602	0.141849	0.254731
18	-7.63486	-7.36787	-8.96993	-9.00975	0.969056	0.00382699	0.0271172	0.134845
19	-10.8911	-11.3185	-11.0507	-11.0691	0.82571	0.0211536	0.153136	0.266467
20	-8.13607	-7.81206	-9.71646	-9.7611	0.977038	0.00285178	0.02011	0.127516
21	-16.5263	-17.545	-15.7836	-15.7915	0.513154	0.0585443	0.428302	0.553472
22	-18.5279	-19.6703	-17.6291	-17.6317	0.442301	0.066754	0.490945	0.61854
23	-9.71395	-10.2185	-9.46803	-9.47759	0.743662	0.0308712	0.225467	0.341811
24	-18.719	-19.6355	-17.7178	-17.7256	0.474075	0.0632402	0.462685	0.589356
25	-14.9942	-15.3537	-15.3471	-15.3729	0.860952	0.0169868	0.122062	0.234106
26	-18.9032	-20.4454	-16.5073	-16.492	0.104849	0.105464	0.789687	0.928452
27	-8.80231	-9.22659	-8.57868	-8.59065	0.763095	0.0285915	0.208314	0.323966
28	-13.1051	-13.7697	-12.2855	-12.2789	0.578615	0.050029	0.371356	0.493381
29	-4.17998	-3.97242	-5.26081	-5.295	0.957934	0.00517688	0.0368896	0.145058
30	-5.00041	-4.81853	-5.94925	-5.97939	0.950936	0.00601669	0.0430476	0.151483
31	-4.02931	-3.78795	-5.21428	-5.24964	0.963191	0.00453461	0.0322747	0.140231
32	-14.0588	-15.068	-12.7524	-12.7484	0.374729	0.0744121	0.550859	0.6806
33	-8.07061	-7.79954	-9.42279	-9.46297	0.969694	0.00374924	0.0265566	0.134259
34	-12.471	-14.594	-12.0411	-12.0332	0.320212	0.0806191	0.599169	0.730669
35	-18.1111	-18.478	-18.6218	-18.6521	0.878411	0.0149124	0.106676	0.218073
36	-20.7172	-21.7524	-20.4166	-20.4384	0.620213	0.046232	0.333555	0.455152
37	-8.3741	-8.76314	-8.16996	-8.18306	0.773018	0.027421	0.199561	0.314853
38	-8.72884	-9.02945	-8.75492	-8.77322	0.82472	0.021272	0.154008	0.267376
39	-7.69734	-7.42655	-9.04197	-9.082	0.969459	0.00377779	0.0267631	0.134475
40	-11.7036	-11.4681	-12.9043	-12.9404	0.963562	0.00449176	0.0319462	0.13989
41	-4.42673	-4.22234	-5.46992	-5.50239	0.956195	0.00538276	0.0384222	0.146654
42	-9.46464	-9.81657	-9.48838	-9.50583	0.816715	0.0222269	0.161058	0.274727
43	-9.42756	-9.76395	-9.32288	-9.33825	0.798919	0.0243407	0.17674	0.291069
44	-4.17998	-3.97242	-5.26081	-5.295	0.957934	0.00517688	0.0368896	0.145058
45	-4.46608	-4.22319	-5.65429	-5.68961	0.963358	0.00451381	0.0321278	0.140077
46	-13.1123	-12.7946	-14.7598	-14.808	0.978429	0.00268725	0.0188833	0.126238
47	-10.8263	-10.5821	-12.0611	-12.0981	0.965061	0.00431034	0.0306287	0.138513
48	-4.00283	-3.79731	-5.03208	-5.06321	0.955605	0.00544882	0.0389459	0.147196
49	-15.7486	-16.1764	-16.1057	-16.1294	0.852867	0.0179419	0.129191	0.241529
50	-9.25829	-8.9801	-10.6398	-10.6803	0.970755	0.00361899	0.0256261	0.133285
51	-18.6556	-19.0271	-19.1162	-19.1463	0.872438	0.0156434	0.111919	0.223558
52	-23.812	-24.6276	-23.4238	-23.4537	0.652405	0.0426185	0.304976	0.425584
54	-7.99952	-7.67127	-9.60427	-9.64941	0.977681	0.00277319	0.0195459	0.126926
55	-14.728	-15.7499	-13.4804	-13.4773	0.385758	0.0731547	0.541087	0.670471
56	-4.17998	-3.97242	-5.26081	-5.295	0.957934	0.00517688	0.0368896	0.145058
57	-4.00283	-3.79731	-5.03208	-5.06321	0.955605	0.00544882	0.0389459	0.147196
58	-4.00283	-3.79731	-5.03208	-5.06321	0.955605	0.00544882	0.0389459	0.147196
59	-3.79865	-3.53232	-5.08816	-5.12628	0.967593	0.00400197	0.0284053	0.136189
60	-12.0249	-11.7515	-13.3942	-13.4348	0.97027	0.00367945	0.0260504	0.13373
61	-9.87287	-9.61518	-11.2066	-11.246	0.968723	0.00386676	0.0274104	0.135151
62	-22.8588	-22.3668	-25.5601	-25.6376	0.993747	0.00079927	0.00545413	0.112175
63	-4.91006	-4.69683	-5.99461	-6.02827	0.958292	0.00513049	0.0365777	0.144729
64	-10.6588	-10.3608	-12.1291	-12.1716	0.97373	0.00325644	0.0230133	0.130553
65	-4.46608	-4.22319	-5.65429	-5.68961	0.963358	0.00451381	0.0321278	0.140077
66	-4.17998	-3.97242	-5.26081	-5.295	0.957934	0.00517688	0.0368896	0.145058
67	-11.029	-10.7844	-12.3098	-12.3479	0.966626	0.00412134	0.0292524	0.137076
68	-4.71375	-4.48997	-5.83491	-5.86924	0.960159	0.00490364	0.0349374	0.143014
69	-13.2488	-12.8885	-15.057	-15.1084	0.982376	0.00220188	0.0154224	0.122615
70	-8.44644	-8.13248	-9.99152	-10.0355	0.975984	0.00298089	0.021035	0.128484
71	-4.17998	-3.97242	-5.26081	-5.295	0.957934	0.00517688	0.0368896	0.145058
72	-15.7881	-15.4605	-17.4897	-17.539	0.979758	0.00252426	0.0177179	0.125019
73	-4.23799	-4.02794	-5.32993	-5.36441	0.958489	0.00510994	0.0364016	0.144548
74	-4.46608	-4.22319	-5.65429	-5.68961	0.963358	0.00451381	0.0321278	0.140077
75	-4.91006	-4.69683	-5.99461	-6.02827	0.958292	0.00513049	0.0365777	0.144729
76	-4.23943	-4.02305	-5.32729	-5.36068	0.95854	0.00509875	0.0363613	0.144501
77	-4.00283	-3.79731	-5.03208	-5.06321	0.955605	0.00544882	0.0389459	0.147196
78	-17.5182	-17.9656	-17.7946	-17.8174	0.839727	0.0195285	0.140745	0.253595
79	-9.12531	-8.85356	-10.5111	-10.5517	0.970696	0.00362666	0.025677	0.133339
80	-4.17998	-3.97242	-5.26081	-5.295	0.957934	0.00517688	0.0368896	0.145058
81	-4.46608	-4.22319	-5.65429	-5.68961	0.963358	0.00451381	0.0321278	0.140077
82	-4.12353	-3.87197	-5.35204	-5.38856	0.965083	0.0043058	0.0306108	0.138493
83	-11.0741	-10.8537	-12.23	-12.2651	0.961366	0.00475804	0.0338763	0.141906
84	-10.0857	-9.80915	-11.4673	-11.5082	0.970722	0.00362445	0.0256533	0.133315
85	-4.46608	-4.22319	-5.65429	-5.68961	0.963358	0.00451381	0.0321278	0.140077
86	-8.96286	-8.66098	-10.4513	-10.494	0.974293	0.00318742	0.0225199	0.130037
87	-4.02931	-3.78795	-5.21428	-5.24964	0.963191	0.00453461	0.0322747	0.140231
88	-5.2164	-4.98777	-6.34517	-6.37896	0.960615	0.00484523	0.0345398	0.142596
89	-4.37079	-4.16617	-5.41572	-5.44826	0.95628	0.00537266	0.0383474	0.146576
90	-4.80876	-4.56819	-5.98761	-6.02271	0.962937	0.00456485	0.0324985	0.140464
91	-9.56968	-9.23439	-11.2098	-11.2559	0.978605	0.0026605	0.0187347	0.126078
92	-4.37079	-4.16617	-5.41572	-5.44826	0.95628	0.00537266	0.0383474	0.146576
93	-4.12353	-3.87197	-5.35204	-5.38856	0.965083	0.0043058	0.0306108	0.138493
94	-18.2745	-17.8893	-20.364	-20.4244	0.987065	0.00162872	0.0113064	0.11831
95	-4.02931	-3.78795	-5.21428	-5.24964	0.963191	0.00453461	0.0322747	0.140231
96	-13.9814	-13.6494	-15.68	-15.7294	0.979788	0.00252063	0.0176912	0.124991
97	-10.9895	-10.7298	-12.313	-12.3519	0.968461	0.00389738	0.0276413	0.135391
98	-5.2164	-4.98777	-6.34517	-6.37896	0.960615	0.00484523	0.0345398	0.142596
99	-4.48991	-4.23934	-5.71325	-5.74958	0.96487	0.00433144	0.0307989	0.138689
100	-4.23943	-4.02305	-5.32729	-5.36068	0.95854	0.00509875	0.0363613	0.144501
101	-4.80876	-4.56819	-5.98761	-6.02271	0.962937	0.00456485	0.0324985	0.140464
102	-9.89707	-9.56116	-11.5395	-11.5857	0.978668	0.00265282	0.0186794	0.12602
103	-7.8708	-7.6047	-9.19062	-9.22968	0.968548	0.00388721	0.0275648	0.135312
104	-4.00283	-3.79731	-5.03208	-5.06321	0.955605	0.00544882	0.0389459	0.147196
105	-10.8232	-10.5339	-12.2601	-12.3024	0.972627	0.00339286	0.0239798	0.131566
106	-4.37079	-4.16617	-5.41572	-5.44826	0.95628	0.00537266	0.0383474	0.146576
107	-12.1926	-11.8273	-14.0693	-14.1228	0.983634	0.00204853	0.0143175	0.12146
108	-4.37079	-4.16617	-5.41572	-5.44826	0.95628	0.00537266	0.0383474	0.146576
109	-4.42673	-4.22234	-5.46992	-5.50239	0.956195	0.00538276	0.0384222	0.146654
110	-3.73982	-3.47086	-5.04064	-5.07907	0.968035	0.00394841	0.0280164	0.135782
111	-7.91722	-7.62654	-9.35425	-9.39594	0.972653	0.00338765	0.0239592	0.131542
112	-17.9704	-17.5412	-20.219	-20.2824	0.989444	0.00133268	0.0092229	0.116125
113	-4.42673	-4.22234	-5.46992	-5.50239	0.956195	0.00538276	0.0384222	0.146654
114	-4.23799	-4.02794	-5.32993	-5.36441	0.958489	0.00510994	0.0364016	0.144548
115	-4.83218	-4.64863	-5.78079	-5.81072	0.950994	0.00600845	0.0429978	0.15143
116	-26.0977	-25.667	-28.8244	-28.9101	0.993565	0.000828372	0.00560639	0.112341
117	-4.12353	-3.87197	-5.35204	-5.38856	0.965083	0.0043058	0.0306108	0.138493
118	-11.4411	-11.1637	-12.8609	-12.9021	0.971817	0.00348966	0.024693	0.13231
119	-11.1618	-10.9731	-12.1718	-12.2029	0.954049	0.00563931	0.0403117	0.148625
120	-10.9168	-10.6571	-12.2395	-12.2784	0.968435	0.0039006	0.0276646	0.135416
121	-5.12618	-4.86359	-6.40067	-6.4384	0.966988	0.00407526	0.0289366	0.136744
122	-5.2164	-4.98777	-6.34517	-6.37896	0.960615	0.00484523	0.0345398	0.142596
123	-4.71375	-4.48997	-5.83491	-5.86924	0.960159	0.00490364	0.0349374	0.143014
124	-7.64715	-7.32136	-9.23298	-9.27766	0.9772	0.00283175	0.0199678	0.127367
125	-11.6829	-11.3757	-13.1903	-13.234	0.974916	0.00311296	0.0219708	0.129464
126	-10.3312	-10.0858	-11.5704	-11.6075	0.965254	0.0042869	0.030459	0.138336
165	-4.37079	-4.16617	-5.41572	-5.44826	0.95628	0.00537266	0.0383474	0.146576
166	-4.19441	-3.98978	-5.26112	-5.29475	0.957221	0.00526201	0.037517	0.145712
167	-4.19441	-3.98978	-5.26112	-5.29475	0.957221	0.00526201	0.037517	0.145712
168	-5.05037	-4.82528	-6.16881	-6.20243	0.960081	0.00491014	0.0350085	0.143086
169	-4.33529	-4.1363	-5.356	-5.38777	0.954986	0.00552795	0.0394862	0.147764
170	-3.98429	-3.78561	-4.98686	-5.01727	0.954134	0.00562583	0.0402403	0.148547
171	-16.8556	-16.5076	-18.7327	-18.7871	0.983372	0.00208283	0.0145449	0.1217
172	-5.19568	-4.97453	-6.29606	-6.32906	0.959208	0.00501484	0.0357769	0.143887
173	-15.4881	-16.6252	-14.0747	-14.0697	0.321299	0.0807028	0.597998	0.729665
174	-4.79619	-4.6176	-5.72288	-5.75211	0.949697	0.0061637	0.0441397	0.152621
175	-10.2095	-9.90512	-11.7394	-11.783	0.97539	0.00305372	0.0215558	0.129029
176	-4.09968	-3.85616	-5.29819	-5.33386	0.963753	0.00446656	0.0317807	0.139715
177	-4.79619	-4.6176	-5.72288	-5.75211	0.949697	0.0061637	0.0441397	0.152621
178	-10.5255	-10.2838	-11.7523	-11.789	0.9647	0.00435395	0.0309464	0.138845
179	-5.10199	-4.84779	-6.34554	-6.3824	0.965684	0.00423298	0.0300829	0.137941
180	-19.546	-19.9523	-20.1695	-20.2023	0.88626	0.0139804	0.0997595	0.210865
181	-9.10581	-8.83542	-10.4642	-10.5044	0.969856	0.00372913	0.0264145	0.13411
182	-17.6563	-17.3172	-19.4904	-19.5448	0.982503	0.0021916	0.0153057	0.122498
183	-8.76175	-8.41984	-10.4387	-10.4855	0.979509	0.00254973	0.0179414	0.125248
184	-9.77078	-9.50293	-11.1141	-11.1536	0.969319	0.00379336	0.0268875	0.134603
185	-11.7968	-12.3075	-11.7369	-11.7502	0.776997	0.0269464	0.196056	0.311199
186	-16.3543	-17.4271	-15.0141	-15.0083	0.351844	0.0770121	0.571144	0.701619
187	-23.1561	-25.0525	-20.8368	-20.8142	0.0810231	0.107585	0.811391	0.950351
188	-17.9499	-17.5959	-19.8961	-19.9533	0.984594	0.00193445	0.0134714	0.120578
189	-15.4036	-15.0723	-17.3077	-17.3642	0.98357	0.00206195	0.0143682	0.121519
190	-22.4457	-24.3237	-19.8885	-19.862	0.0658924	0.108974	0.825133	0.964256
191	-4.19994	-4.02228	-5.12648	-5.15526	0.949626	0.00616988	0.0442038	0.152686
192	-14.5829	-15.6821	-13.0919	-13.0835	0.312073	0.081553	0.606374	0.738144
193	-4.03172	-3.84532	-4.99502	-5.02464	0.951793	0.00590892	0.0422984	0.150697
194	-12.8995	-12.5175	-14.9886	-15.0482	0.98701	0.00163462	0.0113556	0.11836
195	-13.7003	-14.1749	-13.6346	-13.6503	0.782545	0.0263308	0.191124	0.306103
196	-16.2848	-17.2854	-14.9809	-14.9818	0.378354	0.0742994	0.547347	0.677263
197	-33.3439	-36.6196	-30.0144	-29.9743	0.00789517	0.114355	0.87775	1.01756
198	-19.7495	-20.9098	-18.7327	-18.7345	0.408936	0.0707038	0.52036	0.649179
199	-28.1076	-31.5076	-25.3638	-25.3348	0.0125882	0.114937	0.872475	1.01321
200	-15.4535	-15.1098	-17.2652	-17.3171	0.982157	0.00223034	0.0156128	0.122816
201	-4.46823	-4.27883	-5.45562	-5.48657	0.953073	0.00575873	0.0411683	0.149521
202	-18.7532	-19.1463	-19.2601	-19.2912	0.875256	0.0153103	0.109434	0.22097
203	-22.5562	-24.8977	-22.8993	-22.9076	0.454115	0.06567	0.480215	0.607683
204	-15.2097	-15.6731	-15.327	-15.3457	0.814183	0.022559	0.163258	0.277052
205	-15.9253	-17.1877	-14.3818	-14.3692	0.266995	0.086573	0.646432	0.779547
206	-9.00202	-9.50132	-8.72916	-8.73811	0.739391	0.0313687	0.22924	0.345733
207	-30.7838	-31.9492	-29.6821	-29.6905	0.388753	0.0735415	0.537706	0.6677
208	-13.6461	-14.0903	-13.6994	-13.7173	0.807199	0.0233906	0.16941	0.283465
209	-3.65332	-3.437	-4.73962	-4.7722	0.958447	0.00510651	0.0364465	0.144586
210	-14.0549	-15.1204	-12.497	-12.4884	0.304936	0.0823815	0.612682	0.744698
219	-13.9681	-13.7361	-15.2762	-15.3161	0.967146	0.00406332	0.0287907	0.136599
220	-9.15072	-8.90412	-10.4044	-10.4416	0.965778	0.00422279	0.0299988	0.137855
223	-19.7275	-20.9104	-18.8206	-18.8229	0.430309	0.0681732	0.501518	0.629553
224	-18.192	-19.4589	-16.7673	-16.7571	0.290387	0.0839854	0.625628	0.758062
225	-3.99311	-3.78416	-5.046	-5.07771	0.956761	0.00530972	0.0379295	0.146135
226	-10.071	-10.5658	-9.84476	-9.85483	0.7493	0.030206	0.220494	0.336634
227	-14.9651	-16.0673	-13.355	-13.3442	0.286042	0.0844543	0.629504	0.762053
228	-25.9388	-27.014	-25.4515	-25.4697	0.564774	0.0528137	0.382412	0.506059
229	-3.99774	-3.81122	-4.97111	-5.00181	0.952301	0.00585219	0.0418473	0.15023
230	-13.8655	-15.0024	-12.5051	-12.498	0.332593	0.079202	0.588205	0.719299
231	-14.2324	-15.3212	-12.7808	-12.7732	0.323005	0.0803137	0.596681	0.728104
232	-12.9885	-13.5563	-12.6776	-12.6844	0.717979	0.0338833	0.248138	0.365396
233	-31.2303	-32.4572	-30.3008	-30.3104	0.415618	0.0703822	0.513999	0.643029
234	-17.7767	-18.1499	-18.3986	-18.4318	0.889427	0.0135958	0.0969772	0.207958
235	-9.18123	-9.63201	-9.15379	-9.16848	0.792786	0.0250681	0.182145	0.2967
236	-12.7761	-12.5774	-13.9066	-13.9416	0.959573	0.00497881	0.0354486	0.143553
237	-9.63257	-9.37515	-10.939	-10.9775	0.967854	0.00397107	0.0281753	0.135949
238	-3.99311	-3.78416	-5.046	-5.07771	0.956761	0.00530972	0.0379295	0.146135
239	-4.4126	-4.21995	-5.4058	-5.43668	0.953473	0.00570919	0.0408175	0.149153
240	-4.46769	-4.26635	-5.49952	-5.5316	0.955573	0.00545735	0.0389697	0.147225
241	-8.00895	-7.72776	-9.42017	-9.46108	0.971679	0.00350585	0.0248147	0.132436
242	-4.38118	-4.16964	-5.43969	-5.47156	0.957105	0.00526819	0.0376271	0.145819
243	-4.46769	-4.26635	-5.49952	-5.5316	0.955573	0.00545735	0.0389697	0.147225
244	-26.2272	-27.2951	-25.6703	-25.6883	0.549386	0.0546717	0.395942	0.520189
245	-4.79239	-4.59613	-5.79971	-5.831	0.954269	0.00561358	0.0401173	0.148423
246	-6.43067	-6.34996	-6.87968	-6.8949	0.91295	0.0105359	0.076514	0.186364
247	-4.38118	-4.16964	-5.43969	-5.47156	0.957105	0.00526819	0.0376271	0.145819
248	-11.9688	-12.5359	-11.4673	-11.4704	0.677261	0.03865	0.284089	0.402788
249	-10.0266	-9.75806	-11.4133	-11.4537	0.970625	0.00363453	0.02574	0.133404
250	-4.79239	-4.59613	-5.79971	-5.831	0.954269	0.00561358	0.0401173	0.148423
251	-4.02612	-3.80596	-5.12362	-5.15656	0.959054	0.00503347	0.0359121	0.144029
252	-9.72408	-9.55775	-10.6193	-10.6476	0.947527	0.00642428	0.0460488	0.154614
253	-9.65068	-9.3821	-10.9984	-11.038	0.969475	0.0037744	0.0267502	0.13446
254	-16.9551	-18.102	-15.8851	-15.8853	0.398991	0.0717844	0.529225	0.658314
255	-15.2628	-15.7483	-15.1005	-15.1153	0.763564	0.0286042	0.207832	0.323533
