Sites	Ll	Ll_YN98.omega_1=0.00399375	Ll_YN98.omega_1=0.0319764	Ll_YN98.omega_1=0.188767	Ll_YN98.omega_1=0.701424	Ll_YN98.omega_1=72.8266	Pr_YN98.omega_1=0.00399375	Pr_YN98.omega_1=0.0319764	Pr_YN98.omega_1=0.188767	Pr_YN98.omega_1=0.701424	Pr_YN98.omega_1=72.8266	mean
1	-5.3835	-4.85392	-4.9253	-5.29673	-6.25331	-50.4575	0.3546	0.33017	0.227733	0.0874968	8.38502e-24	0.116335
2	-9.92806	-9.33167	-9.41084	-9.83115	-10.9541	-51.0101	0.366548	0.338649	0.222438	0.0723642	4.39122e-22	0.10504
3	-13.4491	-17.1859	-15.145	-13.5843	-12.9036	-36.6549	0.00849203	0.0653632	0.311284	0.614861	4.49665e-14	0.492163
4	-4.79741	-4.3407	-4.4013	-4.71944	-5.56245	-47.8326	0.342392	0.322258	0.234443	0.100907	6.68955e-23	0.126706
5	-21.4073	-32.5978	-26.459	-21.6912	-19.3992	-48.6455	1.68166e-06	0.000779447	0.0917106	0.907508	2.72577e-16	0.653885
6	-4.47733	-3.99888	-4.06287	-4.39725	-5.27398	-45.3162	0.346161	0.324703	0.232418	0.096718	5.95049e-22	0.123479
7	-12.8987	-12.3054	-12.3847	-12.8064	-13.9472	-42.4647	0.367197	0.339209	0.222496	0.0710983	4.42653e-17	0.104183
8	-18.221	-21.4402	-19.4478	-18.1467	-18.1773	-39.6025	0.0162879	0.119445	0.438739	0.425528	3.18602e-13	0.38518
9	-14.8616	-18.2272	-16.2246	-14.8651	-14.6986	-47.2101	0.0140187	0.10385	0.404427	0.477704	5.4795e-18	0.414793
10	-13.8037	-20.9864	-16.9204	-13.8751	-12.6242	-44.3831	0.000179618	0.0104758	0.220166	0.769178	1.87272e-17	0.581416
11	-15.3771	-22.5912	-18.5369	-15.5562	-14.4863	-48.5513	0.000221977	0.0127958	0.252089	0.734893	1.78305e-18	0.563468
12	-4.98023	-4.63316	-4.67824	-4.91776	-5.58678	-39.8536	0.323251	0.309002	0.243186	0.124562	2.46972e-19	0.144448
13	-5.82419	-5.41735	-5.47097	-5.75326	-6.51699	-45.8098	0.333836	0.316409	0.238589	0.111165	1.447e-21	0.134463
14	-13.7141	-13.0246	-13.118	-13.6127	-14.9272	-43.539	0.38236	0.348259	0.212343	0.0570384	3.23149e-17	0.0927547
15	-16.3304	-23.733	-19.6551	-16.5479	-15.1495	-42.9405	0.000148757	0.00877937	0.196296	0.794776	1.02314e-15	0.594811
16	-12.5512	-11.8632	-11.9549	-12.4438	-13.7624	-46.1047	0.381451	0.348015	0.213436	0.0570975	7.75764e-19	0.092991
17	-12.8002	-16.1876	-14.1951	-12.8828	-12.7974	-41.4907	0.0153265	0.112401	0.417519	0.454753	2.37472e-16	0.401444
18	-7.6175	-7.10395	-7.17291	-7.53386	-8.48882	-40.7739	0.352823	0.329313	0.229533	0.0883312	1.27071e-18	0.117225
19	-10.8952	-14.3013	-12.3069	-10.9829	-10.8459	-46.2905	0.0147856	0.108643	0.408307	0.468264	2.85938e-19	0.40906
20	-8.14208	-7.53369	-7.61471	-8.04307	-9.17449	-47.8759	0.36807	0.339427	0.221162	0.0713412	1.67758e-21	0.104112
21	-16.5747	-23.781	-19.7286	-16.7601	-15.7386	-50.0101	0.000233181	0.0134165	0.261127	0.725224	1.43119e-18	0.558411
22	-18.5231	-25.937	-21.8729	-18.841	-17.651	-47.3683	0.000191041	0.0111209	0.230612	0.758076	1.42167e-16	0.575621
23	-9.70573	-13.2701	-11.2513	-9.80136	-9.37222	-41.0612	0.0111205	0.0837319	0.356929	0.548219	1.43148e-17	0.454632
24	-18.7507	-25.9017	-21.8388	-18.8166	-17.6908	-46.7321	0.00020266	0.011783	0.241991	0.746023	2.75052e-16	0.569336
25	-15.0166	-18.3434	-16.3528	-15.058	-15.0637	-48.1418	0.0162316	0.118813	0.433703	0.431252	2.80708e-18	0.388224
26	-18.9309	-29.9714	-23.8369	-19.0868	-16.7794	-45.1146	1.69536e-06	0.000782378	0.0904469	0.908769	6.78923e-16	0.654531
27	-8.7842	-12.2491	-10.237	-8.81894	-8.45505	-37.3116	0.0119333	0.0892489	0.368533	0.530285	2.35213e-16	0.444423
28	-13.0749	-16.9303	-14.8774	-13.2509	-12.3805	-29.5473	0.00699179	0.0544685	0.277028	0.661511	3.50148e-11	0.518063
29	-4.15898	-3.75943	-3.81217	-4.09005	-4.85376	-37.0044	0.333126	0.316012	0.239343	0.111518	1.83512e-18	0.134837
30	-4.98023	-4.63316	-4.67824	-4.91776	-5.58678	-39.8536	0.323251	0.309002	0.243186	0.124562	2.46972e-19	0.144448
31	-4.0165	-3.5565	-3.61778	-3.93873	-4.78641	-43.6546	0.343027	0.322638	0.234061	0.100274	1.99587e-21	0.126204
32	-14.0499	-21.2997	-17.2329	-14.175	-12.8417	-38.934	0.000166261	0.00970462	0.206551	0.783578	5.51432e-15	0.588921
33	-8.05426	-7.53282	-7.60295	-7.96982	-8.93765	-40.212	0.354151	0.330165	0.228772	0.0869119	3.43548e-18	0.116119
34	-12.5032	-20.8972	-16.8135	-13.6738	-12.1851	-40.9822	0.000133193	0.00790741	0.182632	0.809327	3.80954e-16	0.60241
35	-18.134	-21.446	-19.4612	-18.1973	-18.2918	-40.7917	0.0174001	0.12663	0.4482	0.407771	1.04228e-13	0.374744
36	-20.785	-27.965	-23.9234	-21.0185	-20.2339	-42.2438	0.000296261	0.0168613	0.307963	0.67488	2.81602e-13	0.53205
37	-8.35382	-11.7743	-9.76536	-8.36269	-8.03239	-37.6388	0.0123533	0.0921012	0.374489	0.521056	1.09187e-16	0.439167
38	-8.72611	-12.0221	-10.0261	-8.69527	-8.55182	-45.3878	0.0146293	0.107671	0.407425	0.470274	7.14292e-20	0.410272
39	-7.68106	-7.16196	-7.23152	-7.59577	-8.55868	-39.6605	0.353576	0.329816	0.22913	0.0874776	4.10898e-18	0.11657
40	-11.6928	-11.2475	-11.306	-11.617	-12.4673	-46.9798	0.341356	0.321951	0.235901	0.100792	1.56326e-19	0.126886
41	-4.40792	-4.01707	-4.06845	-4.33946	-5.07926	-41.0674	0.331123	0.314539	0.23987	0.114468	4.05883e-20	0.136951
42	-9.46827	-12.8272	-10.8269	-9.47616	-9.29702	-47.5119	0.0140745	0.104022	0.401562	0.480342	1.8375e-20	0.416107
43	-9.4167	-12.7698	-10.7667	-9.39746	-9.15576	-45.0562	0.0133911	0.0992586	0.390318	0.497032	1.92399e-19	0.425537
44	-4.15898	-3.75943	-3.81217	-4.09005	-4.85376	-37.0044	0.333126	0.316012	0.239343	0.111518	1.83512e-18	0.134837
45	-4.4549	-3.99376	-4.05499	-4.37629	-5.22643	-47.5569	0.343141	0.322761	0.234067	0.10003	6.24329e-23	0.126039
46	-13.1241	-12.5293	-12.6076	-13.0274	-14.1859	-48.1219	0.367223	0.339554	0.223163	0.0700599	1.93398e-19	0.103592
47	-10.8153	-10.3535	-10.4143	-10.7367	-11.6134	-47.6526	0.34407	0.323777	0.234543	0.0976098	3.28862e-20	0.124467
48	-3.99298	-3.60655	-3.65696	-3.92439	-4.65397	-41.6556	0.330098	0.31387	0.24022	0.115812	1.49043e-20	0.137934
49	-15.7005	-19.1256	-17.1392	-15.8577	-15.8396	-42.5334	0.0163174	0.118941	0.428456	0.436285	1.68248e-15	0.390768
50	-9.24888	-8.71975	-8.79039	-9.16236	-10.1497	-43.817	0.355434	0.331191	0.228315	0.08506	3.07179e-19	0.114771
51	-18.6886	-22.0286	-20.0377	-18.745	-18.7965	-41.0938	0.0165755	0.121369	0.442121	0.419934	1.31441e-13	0.381957
52	-23.8968	-30.8913	-26.8461	-23.9281	-23.1878	-45.4022	0.00030021	0.0171481	0.317315	0.665237	2.26243e-13	0.527061
54	-8.00456	-7.3848	-7.46781	-7.90583	-9.05574	-47.6054	0.370053	0.340575	0.219777	0.0695956	1.90472e-21	0.102671
55	-14.7246	-21.9847	-17.9189	-14.8676	-13.5598	-38.5979	0.000170903	0.00996628	0.210697	0.779166	1.57358e-14	0.586618
56	-4.15898	-3.75943	-3.81217	-4.09005	-4.85376	-37.0044	0.333126	0.316012	0.239343	0.111518	1.83512e-18	0.134837
57	-3.99298	-3.60655	-3.65696	-3.92439	-4.65397	-41.6556	0.330098	0.31387	0.24022	0.115812	1.49043e-20	0.137934
58	-3.99298	-3.60655	-3.65696	-3.92439	-4.65397	-41.6556	0.330098	0.31387	0.24022	0.115812	1.49043e-20	0.137934
59	-3.7855	-3.27471	-3.34353	-3.70137	-4.62819	-46.921	0.351553	0.328173	0.229454	0.0908198	5.88576e-23	0.118914
60	-12.0075	-11.4795	-11.5509	-11.9235	-12.9033	-44.9361	0.355434	0.330961	0.228016	0.0855891	1.58463e-18	0.115079
61	-9.88605	-9.40831	-9.47056	-9.80487	-10.7368	-45.4798	0.347565	0.326589	0.233784	0.0920616	1.13389e-19	0.120536
62	-22.9161	-21.995	-22.1173	-22.7805	-24.6557	-58.4994	0.414836	0.367059	0.18911	0.0289948	8.77758e-20	0.0694295
63	-4.89111	-4.48233	-4.53632	-4.82029	-5.59043	-42.3551	0.334354	0.316779	0.238469	0.110398	1.80063e-20	0.133916
64	-10.6534	-10.0875	-10.1632	-10.5618	-11.6142	-50.4902	0.361442	0.335098	0.224934	0.0785254	1.55081e-21	0.109699
65	-4.4549	-3.99376	-4.05499	-4.37629	-5.22643	-47.5569	0.343141	0.322761	0.234067	0.10003	6.24329e-23	0.126039
66	-4.15898	-3.75943	-3.81217	-4.09005	-4.85376	-37.0044	0.333126	0.316012	0.239343	0.111518	1.83512e-18	0.134837
67	-11.0415	-10.5879	-10.647	-10.9648	-11.8565	-44.6158	0.343661	0.323943	0.235747	0.09665	8.65391e-19	0.124025
68	-4.69658	-4.26837	-4.32511	-4.62287	-5.42172	-44.6538	0.337616	0.318994	0.236845	0.106545	1.4737e-21	0.13099
69	-13.2472	-12.5561	-12.6498	-13.1433	-14.437	-45.7172	0.38185	0.347675	0.212264	0.058211	2.28763e-18	0.0935415
70	-8.4559	-7.87023	-7.94759	-8.35862	-9.45957	-50.0699	0.364535	0.337397	0.223682	0.0743864	2.59303e-22	0.106645
71	-4.15898	-3.75943	-3.81217	-4.09005	-4.85376	-37.0044	0.333126	0.316012	0.239343	0.111518	1.83512e-18	0.134837
72	-15.8002	-15.184	-15.2658	-15.7031	-16.9012	-49.5025	0.370903	0.341777	0.220712	0.066608	6.98443e-19	0.100794
73	-4.21704	-3.81247	-3.86595	-4.14745	-4.91938	-37.3508	0.334016	0.316624	0.238941	0.110418	1.37226e-18	0.134013
74	-4.4549	-3.99376	-4.05499	-4.37629	-5.22643	-47.5569	0.343141	0.322761	0.234067	0.10003	6.24329e-23	0.126039
75	-4.89111	-4.48233	-4.53632	-4.82029	-5.59043	-42.3551	0.334354	0.316779	0.238469	0.110398	1.80063e-20	0.133916
76	-4.22238	-3.80921	-3.86374	-4.15062	-4.92475	-43.2724	0.33496	0.317183	0.238077	0.109779	3.67734e-21	0.133423
77	-3.99298	-3.60655	-3.65696	-3.92439	-4.65397	-41.6556	0.330098	0.31387	0.24022	0.115812	1.49043e-20	0.137934
78	-17.5666	-21.0121	-19.0116	-17.6661	-17.5611	-41.8808	0.014638	0.108222	0.415575	0.461564	1.91213e-14	0.405718
79	-9.1379	-8.63435	-8.70002	-9.05193	-10.025	-46.7964	0.351618	0.329271	0.23159	0.0875214	1.41806e-20	0.117039
80	-4.15898	-3.75943	-3.81217	-4.09005	-4.85376	-37.0044	0.333126	0.316012	0.239343	0.111518	1.83512e-18	0.134837
81	-4.4549	-3.99376	-4.05499	-4.37629	-5.22643	-47.5569	0.343141	0.322761	0.234067	0.10003	6.24329e-23	0.126039
82	-4.11047	-3.62945	-3.69388	-4.03018	-4.9108	-45.0591	0.346608	0.324982	0.232169	0.0962407	5.32521e-22	0.123107
83	-11.0567	-10.6313	-10.6883	-10.9889	-11.8063	-36.7897	0.338651	0.319918	0.236842	0.104589	2.23091e-15	0.129651
84	-10.0692	-9.53493	-9.60714	-9.98406	-10.9734	-43.4396	0.356404	0.331575	0.227449	0.0845715	1.01505e-18	0.114281
85	-4.4549	-3.99376	-4.05499	-4.37629	-5.22643	-47.5569	0.343141	0.322761	0.234067	0.10003	6.24329e-23	0.126039
86	-8.9686	-8.40489	-8.47926	-8.87423	-9.93441	-49.6046	0.360961	0.33509	0.225751	0.0781981	6.97934e-22	0.109621
87	-4.0165	-3.5565	-3.61778	-3.93873	-4.78641	-43.6546	0.343027	0.322638	0.234061	0.100274	1.99587e-21	0.126204
88	-5.2052	-4.77221	-4.82938	-5.13044	-5.93553	-46.2872	0.338319	0.319519	0.236455	0.105707	4.77289e-22	0.130349
89	-4.35187	-3.96046	-4.01193	-4.28336	-5.02435	-40.8528	0.331237	0.314619	0.23983	0.114314	4.75543e-20	0.136838
90	-4.79741	-4.3407	-4.4013	-4.71944	-5.56245	-47.8326	0.342392	0.322258	0.234443	0.100907	6.68955e-23	0.126706
91	-9.57467	-8.94086	-9.02596	-9.4748	-10.6505	-49.3052	0.372349	0.341974	0.218306	0.0673716	1.66006e-21	0.100887
92	-4.35187	-3.96046	-4.01193	-4.28336	-5.02435	-40.8528	0.331237	0.314619	0.23983	0.114314	4.75543e-20	0.136838
93	-4.11047	-3.62945	-3.69388	-4.03018	-4.9108	-45.0591	0.346608	0.324982	0.232169	0.0962407	5.32521e-22	0.123107
94	-18.3116	-17.5912	-17.6872	-18.2053	-19.6576	-45.4594	0.388163	0.352627	0.210051	0.0491588	4.62567e-16	0.0869579
95	-4.0165	-3.5565	-3.61778	-3.93873	-4.78641	-43.6546	0.343027	0.322638	0.234061	0.100274	1.99587e-21	0.126204
96	-13.9927	-13.3726	-13.4544	-13.8917	-15.0906	-49.4164	0.370915	0.341798	0.220732	0.0665544	1.24407e-19	0.100761
97	-10.9846	-10.4928	-10.5581	-10.9047	-11.8424	-45.223	0.34983	0.327713	0.231729	0.0907273	4.36425e-19	0.119257
98	-5.2052	-4.77221	-4.82938	-5.13044	-5.93553	-46.2872	0.338319	0.319519	0.236455	0.105707	4.77289e-22	0.130349
99	-4.47733	-3.99888	-4.06287	-4.39725	-5.27398	-45.3162	0.346161	0.324703	0.232418	0.096718	5.95049e-22	0.123479
100	-4.22238	-3.80921	-3.86374	-4.15062	-4.92475	-43.2724	0.33496	0.317183	0.238077	0.109779	3.67734e-21	0.133423
101	-4.79741	-4.3407	-4.4013	-4.71944	-5.56245	-47.8326	0.342392	0.322258	0.234443	0.100907	6.68955e-23	0.126706
102	-9.90195	-9.26711	-9.35236	-9.80195	-10.9794	-49.9282	0.372509	0.34207	0.218202	0.0672185	1.23426e-21	0.100764
103	-7.8609	-7.35815	-7.42459	-7.77564	-8.71748	-43.9855	0.350724	0.328178	0.231021	0.0900768	6.56277e-20	0.118686
104	-3.99298	-3.60655	-3.65696	-3.92439	-4.65397	-41.6556	0.330098	0.31387	0.24022	0.115812	1.49043e-20	0.137934
105	-10.8064	-10.2457	-10.3219	-10.7183	-11.7494	-44.9781	0.360707	0.334239	0.22486	0.0801939	4.4899e-19	0.110825
106	-4.35187	-3.96046	-4.01193	-4.28336	-5.02435	-40.8528	0.331237	0.314619	0.23983	0.114314	4.75543e-20	0.136838
107	-12.2139	-11.531	-11.6214	-12.1058	-13.4301	-48.0468	0.3808	0.347871	0.214322	0.0570071	7.96611e-20	0.0930875
108	-4.35187	-3.96046	-4.01193	-4.28336	-5.02435	-40.8528	0.331237	0.314619	0.23983	0.114314	4.75543e-20	0.136838
109	-4.40792	-4.01707	-4.06845	-4.33946	-5.07926	-41.0674	0.331123	0.314539	0.23987	0.114468	4.05883e-20	0.136951
110	-3.72653	-3.21017	-3.27984	-3.64179	-4.57714	-46.7653	0.352481	0.328758	0.228921	0.0898393	6.4647e-23	0.118149
111	-7.91253	-7.36218	-7.4355	-7.82237	-8.84954	-44.9807	0.358881	0.33351	0.226513	0.0810962	2.49229e-20	0.111739
112	-17.9939	-17.1783	-17.2883	-17.8756	-19.4639	-51.1324	0.400721	0.358988	0.199533	0.0407587	1.08621e-18	0.0793339
113	-4.40792	-4.01707	-4.06845	-4.33946	-5.07926	-41.0674	0.331123	0.314539	0.23987	0.114468	4.05883e-20	0.136951
114	-4.21704	-3.81247	-3.86595	-4.14745	-4.91938	-37.3508	0.334016	0.316624	0.238941	0.110418	1.37226e-18	0.134013
115	-4.81316	-4.46396	-4.50927	-4.74999	-5.41987	-41.6684	0.323478	0.309148	0.243009	0.124365	3.39881e-20	0.144282
116	-26.242	-25.4305	-25.5383	-26.1317	-27.9281	-53.0399	0.403878	0.362583	0.200307	0.0332322	6.23424e-16	0.0743283
117	-4.11047	-3.62945	-3.69388	-4.03018	-4.9108	-45.0591	0.346608	0.324982	0.232169	0.0962407	5.32521e-22	0.123107
118	-11.4505	-10.9319	-11.0004	-11.3659	-12.3656	-46.7906	0.354577	0.331125	0.229752	0.0845456	1.43106e-19	0.114676
119	-11.1479	-10.7886	-10.8359	-11.0884	-11.7954	-36.7708	0.326773	0.311696	0.242126	0.119404	2.56741e-15	0.140731
120	-10.9115	-10.4197	-10.4851	-10.8317	-11.769	-45.0428	0.349825	0.327702	0.231717	0.0907555	4.85762e-19	0.119275
121	-5.11295	-4.60955	-4.6773	-5.02983	-5.94523	-47.4559	0.350342	0.327395	0.230129	0.0921335	1.30538e-22	0.119934
122	-5.2052	-4.77221	-4.82938	-5.13044	-5.93553	-46.2872	0.338319	0.319519	0.236455	0.105707	4.77289e-22	0.130349
123	-4.69658	-4.26837	-4.32511	-4.62287	-5.42172	-44.6538	0.337616	0.318994	0.236845	0.106545	1.4737e-21	0.13099
124	-7.65199	-7.03858	-7.12051	-7.55297	-8.68985	-47.3155	0.368866	0.33985	0.220533	0.0707507	1.79478e-21	0.103596
125	-11.6691	-11.0758	-11.1565	-11.5764	-12.6608	-48.9255	0.365816	0.337462	0.221751	0.0749716	2.01616e-20	0.106698
126	-10.3212	-9.85736	-9.91839	-10.2421	-11.1221	-46.0897	0.344384	0.323994	0.234395	0.0972265	9.56568e-20	0.124179
165	-4.35187	-3.96046	-4.01193	-4.28336	-5.02435	-40.8528	0.331237	0.314619	0.23983	0.114314	4.75543e-20	0.136838
166	-4.17352	-3.77941	-3.83151	-4.10604	-4.85976	-35.6837	0.33222	0.315354	0.239645	0.11278	6.99413e-18	0.135755
167	-4.17352	-3.77941	-3.83151	-4.10604	-4.85976	-35.6837	0.33222	0.315354	0.239645	0.11278	6.99413e-18	0.135755
168	-5.03786	-4.61049	-4.66699	-4.96452	-5.76155	-44.9672	0.337472	0.318932	0.236854	0.106742	1.51608e-21	0.131128
169	-4.31657	-3.93611	-3.98611	-4.25019	-4.97315	-39.1042	0.32936	0.313297	0.240585	0.116758	2.65162e-19	0.138645
170	-3.97471	-3.60139	-3.65003	-3.90851	-4.61748	-40.0455	0.327858	0.312294	0.241161	0.118688	7.36845e-20	0.140069
171	-16.8984	-16.2522	-16.3372	-16.7972	-18.0964	-51.1175	0.376446	0.345753	0.218266	0.0595345	4.10281e-19	0.0955199
172	-5.18477	-4.76628	-4.82145	-5.1126	-5.89562	-44.4758	0.335925	0.317894	0.237595	0.108586	2.88261e-21	0.132522
173	-15.5298	-23.0054	-18.9122	-15.7319	-14.2144	-40.1938	0.000123799	0.00741932	0.17848	0.813977	6.41338e-15	0.604872
174	-4.77733	-4.43773	-4.48178	-4.71608	-5.36974	-39.9658	0.321781	0.307915	0.243599	0.126706	1.80753e-19	0.145989
175	-10.217	-9.64463	-9.72091	-10.126	-11.2119	-45.5126	0.363229	0.336551	0.224448	0.0757725	1.45247e-19	0.107729
176	-4.08693	-3.62167	-3.68388	-4.00941	-4.86673	-43.13	0.344093	0.323338	0.233497	0.0990725	3.61085e-21	0.125282
177	-4.77733	-4.43773	-4.48178	-4.71608	-5.36974	-39.9658	0.321781	0.307915	0.243599	0.126706	1.80753e-19	0.145989
178	-10.5161	-10.0594	-10.1195	-10.4385	-11.3083	-46.1359	0.343296	0.323275	0.234966	0.0984627	1.11434e-19	0.125126
179	-5.08908	-4.60218	-4.66759	-5.00882	-5.90017	-45.4314	0.347748	0.32573	0.231559	0.0949633	9.73972e-22	0.122125
180	-19.5585	-22.9432	-20.9574	-19.6923	-19.8193	-43.2513	0.0175953	0.128186	0.454202	0.400017	4.02604e-14	0.370489
181	-9.09054	-8.56883	-8.63928	-9.00786	-9.97889	-40.2706	0.354514	0.330397	0.228542	0.0865469	9.13922e-18	0.115828
182	-17.6846	-17.0514	-17.1349	-17.5855	-18.8572	-44.8443	0.374474	0.344469	0.219517	0.0615401	4.81124e-16	0.0971138
183	-8.76815	-8.12016	-8.20745	-8.66773	-9.86995	-48.4121	0.374732	0.343409	0.216727	0.0651322	1.79608e-21	0.0990738
184	-9.76211	-9.25319	-9.321	-9.67895	-10.6361	-44.5274	0.35229	0.329194	0.230143	0.0883734	2.5508e-19	0.117364
185	-11.7549	-15.3149	-13.3076	-11.9126	-11.5963	-36.4474	0.012549	0.0934089	0.376896	0.517146	1.25909e-14	0.436922
186	-16.3528	-23.6973	-19.6227	-16.5285	-15.1293	-36.2047	0.000151095	0.0088876	0.196164	0.794797	8.44323e-13	0.594804
187	-23.1533	-34.5731	-28.4328	-23.6448	-21.186	-37.5119	1.41289e-06	0.000655868	0.0787431	0.9206	1.12971e-10	0.660616
188	-17.9889	-17.3249	-17.4131	-17.8892	-19.2332	-44.6163	0.379834	0.347774	0.216047	0.0563455	8.05911e-16	0.0929422
189	-15.4573	-14.8274	-14.912	-15.3692	-16.6687	-39.6654	0.376059	0.345542	0.218749	0.0596494	9.27717e-15	0.0956833
190	-22.454	-33.9011	-27.749	-22.9	-20.2994	-32.572	1.15218e-06	0.000541194	0.0690647	0.930393	6.57554e-09	0.665655
191	-4.18205	-3.843	-3.88755	-4.12391	-4.77711	-32.1872	0.322117	0.308083	0.243229	0.126571	2.38472e-16	0.145831
192	-14.6003	-22.0131	-17.9258	-14.769	-13.2495	-33.1536	0.000127261	0.00758212	0.178154	0.814136	2.79009e-12	0.604928
193	-4.01579	-3.6609	-3.7076	-3.95521	-4.63538	-33.8597	0.325013	0.310183	0.242148	0.122656	3.76607e-17	0.14296
194	-12.9383	-12.2131	-12.311	-12.8366	-14.2897	-36.5983	0.389378	0.353079	0.20873	0.0488126	1.51073e-14	0.086485
195	-13.7072	-17.2625	-15.2459	-13.8152	-13.4893	-32.9532	0.0119837	0.0900259	0.376465	0.521525	2.77572e-12	0.439801
196	-16.3124	-23.6327	-19.5511	-16.4301	-15.06	-32.5639	0.000149514	0.00885716	0.200772	0.790221	2.9859e-11	0.592463
197	-33.5829	-49.7106	-41.4629	-34.7696	-30.823	-41.4121	6.15024e-09	2.34868e-05	0.0189544	0.981022	3.73325e-08	0.691694
198	-19.7791	-27.1998	-23.1277	-20.0542	-18.7765	-37.8261	0.000170062	0.00997933	0.215739	0.774111	6.23532e-12	0.584025
199	-28.2936	-44.5083	-36.277	-29.6736	-25.9938	-42.7494	8.87971e-09	3.33596e-05	0.0246061	0.975361	7.78881e-11	0.688787
200	-15.4746	-14.8265	-14.9132	-15.377	-16.6479	-42.6401	0.376585	0.345322	0.217164	0.0609287	4.73944e-16	0.0962765
201	-4.44808	-4.0849	-4.13273	-4.38568	-5.08291	-32.2276	0.326568	0.311316	0.241739	0.120377	2.95736e-16	0.141326
202	-18.7424	-22.1581	-20.1669	-18.8737	-18.9348	-39.5337	0.0166306	0.121809	0.443928	0.417632	7.14386e-13	0.380698
203	-21.1543	-31.2292	-27.158	-24.0944	-22.8984	-39.9415	0.000183001	0.0107298	0.229645	0.759442	4.54909e-11	0.576384
204	-15.2168	-18.694	-16.6902	-15.3232	-15.1286	-37.0558	0.0137229	0.101781	0.399366	0.48513	2.19874e-13	0.418979
205	-15.9393	-23.5477	-19.4503	-16.2408	-14.5913	-30.762	0.000107419	0.00646486	0.160121	0.833307	1.19434e-10	0.614934
206	-8.99289	-12.5562	-10.5366	-9.08245	-8.64025	-32.0402	0.0109898	0.0828112	0.35452	0.551679	5.73296e-14	0.456575
207	-30.9228	-38.4039	-34.315	-31.1606	-29.7739	-48.2293	0.000141723	0.00845747	0.198218	0.793183	1.15744e-11	0.594045
208	-13.6546	-17.1229	-15.1164	-13.7356	-13.5119	-35.2403	0.0133296	0.0991338	0.394338	0.493199	2.72692e-13	0.423603
209	-3.64246	-3.23262	-3.28676	-3.57281	-4.34418	-37.7875	0.334675	0.317036	0.238166	0.110123	4.97484e-19	0.133675
210	-14.0717	-21.4623	-17.3723	-14.202	-12.6596	-33.9498	0.000122911	0.00734336	0.174863	0.817671	7.00728e-13	0.606778
219	-13.9863	-13.5482	-13.606	-13.9187	-14.8145	-33.9724	0.342925	0.323653	0.23676	0.0966623	6.98637e-13	0.124213
220	-9.14534	-8.68113	-8.74228	-9.06745	-9.95453	-40.3068	0.344814	0.324361	0.234319	0.0965059	9.59222e-18	0.123672
223	-19.7536	-27.1978	-23.1295	-20.0773	-18.8518	-47.6569	0.000181493	0.0106092	0.22453	0.764679	3.5709e-16	0.579088
224	-18.1666	-25.8075	-21.7152	-18.5322	-16.9502	-37.2117	0.000117226	0.00701937	0.169292	0.823572	1.97433e-12	0.609855
225	-3.9822	-3.58677	-3.63882	-3.91425	-4.66085	-36.937	0.332047	0.315204	0.239318	0.113431	1.64648e-18	0.136144
226	-10.0602	-13.6078	-11.5914	-10.1526	-9.7428	-34.3592	0.0113798	0.0854754	0.36032	0.542825	1.67138e-14	0.451546
227	-14.9709	-22.405	-18.3126	-15.1285	-13.5389	-36.2215	0.00011635	0.00696775	0.16823	0.824685	1.75601e-13	0.610434
228	-26.0128	-33.2756	-29.2224	-26.256	-25.3251	-47.5537	0.000249131	0.0143457	0.278607	0.706798	2.36967e-13	0.548817
229	-3.97742	-3.62025	-3.66706	-3.91496	-4.60185	-32.9927	0.325337	0.310461	0.242294	0.121908	8.61458e-17	0.142473
230	-13.8767	-21.2929	-17.213	-14.0921	-12.6386	-35.9414	0.000140151	0.00828821	0.187861	0.803711	9.20395e-14	0.59947
231	-14.2403	-21.6316	-17.5474	-14.4068	-12.9228	-37.107	0.000133524	0.00793004	0.183326	0.80861	3.83563e-14	0.602039
232	-12.95	-16.639	-14.6128	-13.1263	-12.6162	-40.1422	0.0102055	0.0774115	0.342295	0.570088	9.5653e-16	0.467004
233	-31.2818	-38.8666	-34.7829	-31.6565	-30.3416	-51.599	0.00015497	0.00920002	0.209677	0.780968	6.91564e-13	0.587665
234	-17.8136	-21.1291	-19.1457	-17.8922	-18.0406	-41.6698	0.017964	0.130557	0.457274	0.394204	3.25736e-14	0.367069
235	-9.19253	-12.6693	-10.6612	-9.26994	-8.99784	-39.6152	0.0128695	0.0958677	0.385376	0.505887	3.85734e-17	0.430705
236	-12.7923	-12.4188	-12.4677	-12.7326	-13.5024	-31.4552	0.330965	0.315195	0.241841	0.112	2.70125e-12	0.135611
237	-9.62486	-9.13589	-9.20093	-9.54526	-10.4728	-40.613	0.349192	0.327202	0.231887	0.0917193	1.12692e-17	0.119964
238	-3.9822	-3.58677	-3.63882	-3.91425	-4.66085	-36.937	0.332047	0.315204	0.239318	0.113431	1.64648e-18	0.136144
239	-4.39425	-4.02611	-4.07448	-4.33035	-5.03292	-35.0121	0.32724	0.31179	0.241401	0.119569	1.72576e-17	0.140714
240	-4.44887	-4.06374	-4.11443	-4.38197	-5.11313	-37.5596	0.330233	0.313911	0.240224	0.115632	1.41551e-18	0.13781
241	-8.01869	-7.49639	-7.5649	-7.93049	-8.92776	-42.6926	0.354531	0.331058	0.229684	0.0847266	2.77519e-19	0.114788
242	-4.37153	-3.97322	-4.02538	-4.30179	-5.05275	-41.9717	0.332349	0.315457	0.239277	0.112917	1.57846e-20	0.135785
243	-4.44887	-4.06374	-4.11443	-4.38197	-5.11313	-37.5596	0.330233	0.313911	0.240224	0.115632	1.41551e-18	0.13781
244	-26.2655	-33.5816	-29.5236	-26.5334	-25.5569	-47.2779	0.000234459	0.0135651	0.269816	0.716385	3.99044e-13	0.553857
245	-4.77392	-4.39881	-4.44814	-4.70877	-5.42214	-35.9881	0.328436	0.312626	0.2409	0.118038	9.47484e-18	0.139577
246	-6.40917	-6.25753	-6.27607	-6.37768	-6.68673	-25.6928	0.284136	0.278916	0.251967	0.184981	1.55626e-12	0.187367
247	-4.37153	-3.97322	-4.02538	-4.30179	-5.05275	-41.9717	0.332349	0.315457	0.239277	0.112917	1.57846e-20	0.135785
248	-11.9808	-15.6713	-13.6341	-12.0924	-11.4589	-37.5768	0.00892717	0.0684615	0.319886	0.602725	4.13456e-15	0.485375
249	-10.0356	-9.53249	-9.59901	-9.95444	-10.9287	-40.9088	0.352246	0.329575	0.230989	0.0871896	1.2573e-17	0.116706
250	-4.77392	-4.39881	-4.44814	-4.70877	-5.42214	-35.9881	0.328436	0.312626	0.2409	0.118038	9.47484e-18	0.139577
251	-4.01462	-3.59739	-3.65249	-3.94307	-4.72397	-39.8727	0.335765	0.317766	0.237635	0.108835	8.93371e-20	0.132699
252	-9.73192	-9.42722	-9.46567	-9.6748	-10.2877	-34.4647	0.315865	0.30395	0.246592	0.133593	6.38322e-15	0.151235
253	-9.64126	-9.13018	-9.19834	-9.55799	-10.5185	-43.0491	0.352668	0.329431	0.229916	0.0879843	9.90223e-19	0.117057
254	-17.0027	-24.4124	-20.338	-17.2529	-15.9477	-42.4909	0.000164188	0.0096573	0.211184	0.778995	3.49241e-15	0.58658
255	-15.3067	-18.8757	-16.8516	-15.3831	-14.9821	-38.2707	0.0110463	0.0836152	0.3631	0.542239	6.29866e-14	0.451598
