Sites	Ll	Ll_YN98.omega_1=0.00331125	Ll_YN98.omega_1=0.0255209	Ll_YN98.omega_1=0.179019	Ll_YN98.omega_1=0.737746	Pr_YN98.omega_1=0.00331125	Pr_YN98.omega_1=0.0255209	Pr_YN98.omega_1=0.179019	Pr_YN98.omega_1=0.737746	mean
1	-5.39597	-4.85246	-4.91125	-5.2878	-6.335	0.354987	0.334718	0.229692	0.080603	0.110302
2	-9.92361	-9.30407	-9.3698	-9.7998	-11.044	0.367505	0.344127	0.223857	0.0645106	0.0976665
3	-13.4334	-17.3558	-15.3463	-13.6172	-12.9075	0.00735364	0.0548582	0.309141	0.628647	0.520549
4	-4.81077	-4.34394	-4.39368	-4.71517	-5.63839	0.343004	0.32636	0.236635	0.0940002	0.121175
5	-21.3025	-33.0387	-26.9973	-21.728	-19.3365	1.02566e-06	0.000431295	0.0837875	0.91578	0.690624
6	-4.49202	-4.00325	-4.05573	-4.39328	-5.3519	0.34656	0.328843	0.234634	0.0899637	0.117914
7	-12.8981	-12.2848	-12.3502	-12.7785	-14.0376	0.367592	0.344339	0.224369	0.0637005	0.0971662
8	-18.1996	-21.5751	-19.6057	-18.1419	-18.2213	0.0147586	0.105771	0.457184	0.422286	0.396133
9	-14.8512	-18.3894	-16.4114	-14.8867	-14.7391	0.0125125	0.0904438	0.41548	0.481564	0.432001
10	-13.7825	-21.3179	-17.3121	-13.9334	-12.6266	0.000131264	0.007209	0.211461	0.781198	0.614366
11	-15.3245	-22.8944	-18.8986	-15.5888	-14.4916	0.000166569	0.00905626	0.247956	0.742822	0.592635
12	-5.00128	-4.65365	-4.6899	-4.92737	-5.65418	0.323349	0.311837	0.245923	0.118891	0.140765
13	-5.84274	-5.4314	-5.47493	-5.75728	-6.58944	0.334069	0.319838	0.241162	0.104931	0.129854
14	-13.7115	-12.9974	-13.0746	-13.5783	-15.0288	0.382219	0.353828	0.213822	0.0501312	0.085558
15	-16.2951	-24.0679	-20.0521	-16.6097	-15.1409	0.000107263	0.00594949	0.185995	0.807949	0.62951
16	-12.542	-11.8274	-11.9034	-12.4022	-13.8616	0.381615	0.353701	0.214774	0.0499097	0.0855599
17	-12.8008	-16.3639	-14.3939	-12.9154	-12.8481	0.0136482	0.0978636	0.429296	0.459193	0.418163
18	-7.63828	-7.11634	-7.17242	-7.5341	-8.57509	0.352545	0.333319	0.232159	0.0819764	0.111713
19	-10.8898	-14.469	-12.498	-11.0107	-10.8903	0.0131975	0.094736	0.419226	0.47284	0.426347
20	-8.14067	-7.50929	-7.57649	-8.01429	-9.26543	0.368837	0.344866	0.222595	0.063702	0.0968674
21	-16.5143	-24.0752	-20.081	-16.7844	-15.7456	0.000176466	0.00957859	0.25883	0.731414	0.586179
22	-18.522	-26.2442	-22.2402	-18.8775	-17.6485	0.000141916	0.0077793	0.224561	0.767518	0.606633
23	-9.7098	-13.4619	-11.47	-9.85011	-9.40263	0.00968084	0.0709565	0.358516	0.560847	0.479787
24	-18.7074	-26.2071	-22.2039	-18.8495	-17.692	0.000151205	0.00828215	0.237104	0.754463	0.599261
25	-14.9897	-18.4863	-16.5186	-15.0622	-15.1109	0.0146872	0.105081	0.450824	0.429408	0.400231
26	-18.8899	-30.4546	-24.4165	-19.1636	-16.7379	1.01372e-06	0.00042483	0.0811996	0.918375	0.692075
27	-8.79457	-12.4468	-10.4601	-8.87033	-8.48887	0.0103751	0.0756498	0.370868	0.543107	0.469033
28	-13.1023	-17.1391	-15.119	-13.3189	-12.3863	0.00587994	0.0443308	0.268211	0.681579	0.551998
29	-4.18108	-3.78058	-3.82292	-4.09805	-4.9263	0.332832	0.319032	0.242297	0.105839	0.130702
30	-5.00128	-4.65365	-4.6899	-4.92737	-5.65418	0.323349	0.311837	0.245923	0.118891	0.140765
31	-4.03133	-3.56174	-3.61196	-3.9358	-4.86296	0.343506	0.326682	0.23631	0.0935018	0.120759
32	-14.0477	-21.6615	-17.6543	-14.2579	-12.8441	0.00011836	0.00650915	0.194331	0.799041	0.624445
33	-8.07306	-7.54252	-7.59961	-7.96752	-9.02287	0.353877	0.334242	0.231355	0.0805274	0.110528
34	-12.4976	-21.2467	-17.2258	-13.7484	-12.1744	9.45897e-05	0.00527369	0.170736	0.823895	0.638526
35	-18.1082	-21.5898	-19.6266	-18.1999	-18.3433	0.015752	0.112188	0.467238	0.404821	0.385216
36	-20.7091	-28.2398	-24.2544	-21.0204	-20.2455	0.000228067	0.0122722	0.311483	0.676017	0.554804
37	-8.36749	-11.9732	-9.98911	-8.41493	-8.06962	0.0107575	0.0782368	0.377632	0.533373	0.46313
38	-8.72327	-12.1851	-10.2127	-8.71922	-8.59486	0.0130837	0.0940362	0.418716	0.474164	0.427214
39	-7.69983	-7.17148	-7.22811	-7.59345	-8.64367	0.353342	0.333888	0.231706	0.0810646	0.110976
40	-11.7066	-11.2519	-11.2997	-11.6131	-12.5462	0.341979	0.325994	0.238293	0.0937332	0.121262
41	-4.42801	-4.03428	-4.07583	-4.34585	-5.15062	0.331227	0.317747	0.242557	0.108469	0.132651
42	-9.45793	-12.987	-11.0112	-9.49778	-9.33718	0.0125885	0.0907866	0.412391	0.484234	0.433427
43	-9.42157	-12.9483	-10.9697	-9.43419	-9.19535	0.0118388	0.0856254	0.397631	0.504904	0.4459
44	-4.18108	-3.78058	-3.82292	-4.09805	-4.9263	0.332832	0.319032	0.242297	0.105839	0.130702
45	-4.4681	-3.99662	-4.04688	-4.37162	-5.3026	0.343739	0.32689	0.236249	0.0931217	0.120474
46	-13.1166	-12.5007	-12.5655	-12.993	-14.2768	0.367939	0.344871	0.224895	0.0622951	0.0962384
47	-10.8294	-10.3576	-10.4074	-10.7323	-11.6938	0.344607	0.327889	0.236923	0.0905817	0.118749
48	-4.00439	-3.60985	-3.65121	-3.92145	-4.72286	0.331091	0.317675	0.242448	0.108785	0.132863
49	-15.7512	-19.2991	-17.3342	-15.8869	-15.8926	0.014572	0.103961	0.441973	0.439493	0.406058
50	-9.26103	-8.71852	-8.77647	-9.15232	-10.2349	0.355713	0.335685	0.230517	0.0780846	0.108618
51	-18.6508	-22.1588	-20.1907	-18.736	-18.8395	0.0150477	0.107698	0.461312	0.415943	0.392242
52	-23.8017	-31.1261	-27.1377	-23.891	-23.1811	0.000234541	0.0126577	0.325366	0.661742	0.546768
54	-8.00418	-7.36137	-7.43021	-7.87772	-9.14805	0.370687	0.346029	0.221188	0.062096	0.0954665
55	-14.7175	-22.3383	-18.3321	-14.9441	-13.5623	0.000122557	0.00673322	0.199342	0.793803	0.621483
56	-4.18108	-3.78058	-3.82292	-4.09805	-4.9263	0.332832	0.319032	0.242297	0.105839	0.130702
57	-4.00439	-3.60985	-3.65121	-3.92145	-4.72286	0.331091	0.317675	0.242448	0.108785	0.132863
58	-4.00439	-3.60985	-3.65121	-3.92145	-4.72286	0.331091	0.317675	0.242448	0.108785	0.132863
59	-3.80097	-3.27902	-3.33546	-3.69671	-4.709	0.35174	0.332438	0.231645	0.0841766	0.113219
60	-12.0285	-11.4916	-11.5496	-11.923	-12.9909	0.355058	0.335039	0.230628	0.0792756	0.109498
61	-9.87673	-9.38106	-9.43272	-9.77465	-10.8124	0.34925	0.331667	0.235616	0.0834664	0.113378
62	-22.8675	-21.9036	-22.0053	-22.6846	-24.7772	0.413606	0.373624	0.189404	0.0233656	0.0620498
63	-4.91142	-4.49949	-4.54315	-4.82607	-5.66345	0.334346	0.320063	0.241193	0.104399	0.129474
64	-10.663	-10.0806	-10.1429	-10.5472	-11.7035	0.361789	0.339932	0.226888	0.0713908	0.103159
65	-4.4681	-3.99662	-4.04688	-4.37162	-5.3026	0.343739	0.32689	0.236249	0.0931217	0.120474
66	-4.18108	-3.78058	-3.82292	-4.09805	-4.9263	0.332832	0.319032	0.242297	0.105839	0.130702
67	-11.0328	-10.5621	-10.6111	-10.936	-11.9293	0.345422	0.328901	0.237661	0.0880163	0.117017
68	-4.7153	-4.28203	-4.32811	-4.626	-5.49593	0.337729	0.322519	0.239434	0.100318	0.126222
69	-13.2528	-12.5403	-12.6175	-13.1177	-14.5387	0.381289	0.352977	0.214049	0.0516857	0.0867207
70	-8.45092	-7.84256	-7.90678	-8.32727	-9.54762	0.365573	0.342833	0.225147	0.0664473	0.0992868
71	-4.18108	-3.78058	-3.82292	-4.09805	-4.9263	0.332832	0.319032	0.242297	0.105839	0.130702
72	-15.793	-15.1541	-15.2218	-15.6675	-16.9947	0.371502	0.347203	0.222331	0.058964	0.0933931
73	-4.23912	-3.83348	-3.87642	-4.15519	-4.99234	0.333699	0.319672	0.2419	0.104729	0.129831
74	-4.4681	-3.99662	-4.04688	-4.37162	-5.3026	0.343739	0.32689	0.236249	0.0931217	0.120474
75	-4.91142	-4.49949	-4.54315	-4.82607	-5.66345	0.334346	0.320063	0.241193	0.104399	0.129474
76	-4.24089	-3.82298	-3.86727	-4.15424	-4.99759	0.33516	0.320642	0.240652	0.103545	0.128764
77	-4.00439	-3.60985	-3.65121	-3.92145	-4.72286	0.331091	0.317675	0.242448	0.108785	0.132863
78	-17.5175	-21.1338	-19.158	-17.6517	-17.5893	0.0132683	0.0956968	0.431613	0.459422	0.41869
79	-9.12925	-8.60673	-8.66123	-9.02121	-10.1038	0.353178	0.334444	0.233339	0.0790383	0.109787
80	-4.18108	-3.78058	-3.82292	-4.09805	-4.9263	0.332832	0.319032	0.242297	0.105839	0.130702
81	-4.4681	-3.99662	-4.04688	-4.37162	-5.3026	0.343739	0.32689	0.236249	0.0931217	0.120474
82	-4.12561	-3.63452	-3.68731	-4.02661	-4.98897	0.346945	0.329103	0.23441	0.0895425	0.117571
83	-11.0759	-10.6446	-10.6907	-10.9913	-11.883	0.338787	0.323505	0.239517	0.0981914	0.124696
84	-10.0883	-9.54482	-9.60358	-9.9815	-11.0597	0.356007	0.33569	0.230044	0.0782593	0.108664
85	-4.4681	-3.99662	-4.04688	-4.37162	-5.3026	0.343739	0.32689	0.236249	0.0931217	0.120474
86	-8.96707	-8.3829	-8.44452	-8.84775	-10.021	0.361951	0.34032	0.227387	0.070342	0.102485
87	-4.03133	-3.56174	-3.61196	-3.9358	-4.86296	0.343506	0.326682	0.23631	0.0935018	0.120759
88	-5.21823	-4.77599	-4.82288	-5.12697	-6.00917	0.339035	0.323503	0.238679	0.0987823	0.124983
89	-4.37206	-3.97786	-4.01946	-4.28984	-5.09579	0.331323	0.317821	0.242527	0.108328	0.132544
90	-4.81077	-4.34394	-4.39368	-4.71517	-5.63839	0.343004	0.32636	0.236635	0.0940002	0.121175
91	-9.57454	-8.91668	-8.98727	-9.44591	-10.7444	0.3729	0.347487	0.21966	0.0599539	0.0936571
92	-4.37206	-3.97786	-4.01946	-4.28984	-5.09579	0.331323	0.317821	0.242527	0.108328	0.132544
93	-4.12561	-3.63452	-3.68731	-4.02661	-4.98897	0.346945	0.329103	0.23441	0.0895425	0.117571
94	-18.2795	-17.5253	-17.605	-18.1351	-19.7544	0.388429	0.358676	0.211092	0.0418038	0.07907
95	-4.03133	-3.56174	-3.61196	-3.9358	-4.86296	0.343506	0.326682	0.23631	0.0935018	0.120759
96	-13.9862	-13.343	-13.4106	-13.8563	-15.1844	0.371506	0.347217	0.222358	0.0589198	0.0933657
97	-10.9933	-10.4875	-10.5412	-10.8924	-11.9247	0.350597	0.332258	0.23385	0.083295	0.112955
98	-5.21823	-4.77599	-4.82288	-5.12697	-6.00917	0.339035	0.323503	0.238679	0.0987823	0.124983
99	-4.49202	-4.00325	-4.05573	-4.39328	-5.3519	0.34656	0.328843	0.234634	0.0899637	0.117914
100	-4.24089	-3.82298	-3.86727	-4.15424	-4.99759	0.33516	0.320642	0.240652	0.103545	0.128764
101	-4.81077	-4.34394	-4.39368	-4.71517	-5.63839	0.343004	0.32636	0.236635	0.0940002	0.121175
102	-9.90193	-9.2429	-9.31361	-9.77303	-11.0735	0.373053	0.347587	0.219552	0.0598075	0.0935329
103	-7.8744	-7.3595	-7.41397	-7.7685	-8.80173	0.35116	0.332544	0.233282	0.0830142	0.112655
104	-4.00439	-3.60985	-3.65121	-3.92145	-4.72286	0.331091	0.317675	0.242448	0.108785	0.132863
105	-10.8259	-10.2554	-10.3174	-10.7149	-11.838	0.360116	0.338456	0.227444	0.073983	0.105128
106	-4.37206	-3.97786	-4.01946	-4.28984	-5.09579	0.331323	0.317821	0.242527	0.108328	0.132544
107	-12.1968	-11.4859	-11.561	-12.0562	-13.5269	0.381244	0.353686	0.215543	0.0495269	0.0854134
108	-4.37206	-3.97786	-4.01946	-4.28984	-5.09579	0.331323	0.317821	0.242527	0.108328	0.132544
109	-4.42801	-4.03428	-4.07583	-4.34585	-5.15062	0.331227	0.317747	0.242557	0.108469	0.132651
110	-3.74217	-3.21454	-3.27168	-3.63705	-4.6584	0.352624	0.33304	0.231111	0.0832246	0.112439
111	-7.92012	-7.35383	-7.41419	-7.80651	-8.93561	0.35933	0.338282	0.228506	0.0738818	0.105236
112	-17.9767	-17.1283	-17.2194	-17.8188	-19.5775	0.399905	0.365088	0.200472	0.0345346	0.0720078
113	-4.42801	-4.03428	-4.07583	-4.34585	-5.15062	0.331227	0.317747	0.242557	0.108469	0.132651
114	-4.23912	-3.83348	-3.87642	-4.15519	-4.99234	0.333699	0.319672	0.2419	0.104729	0.129831
115	-4.83292	-4.48226	-4.51881	-4.75818	-5.48703	0.323719	0.312099	0.24566	0.118522	0.140454
116	-26.1041	-25.2546	-25.3442	-25.9526	-27.9819	0.403685	0.369068	0.200849	0.0263983	0.0661867
117	-4.12561	-3.63452	-3.68731	-4.02661	-4.98897	0.346945	0.329103	0.23441	0.0895425	0.117571
118	-11.4453	-10.907	-10.9637	-11.3373	-12.4472	0.355942	0.336302	0.231467	0.0762885	0.10748
119	-11.1647	-10.7991	-10.8375	-11.091	-11.8663	0.327545	0.315184	0.244612	0.112659	0.136032
120	-10.9206	-10.4148	-10.4686	-10.8197	-11.8514	0.350574	0.332235	0.233847	0.083344	0.11299
121	-5.12843	-4.61422	-4.66976	-5.02554	-6.0254	0.350558	0.331618	0.232339	0.0854851	0.114283
122	-5.21823	-4.77599	-4.82288	-5.12697	-6.00917	0.339035	0.323503	0.238679	0.0987823	0.124983
123	-4.7153	-4.28203	-4.32811	-4.626	-5.49593	0.337729	0.322519	0.239434	0.100318	0.126222
124	-7.65175	-7.0155	-7.08343	-7.52521	-8.78134	0.369544	0.345274	0.221974	0.0632081	0.0964045
125	-11.6871	-11.0805	-11.1465	-11.5696	-12.7535	0.365364	0.342028	0.224037	0.0685708	0.100634
126	-10.3331	-9.85923	-9.90918	-10.2355	-11.2009	0.344938	0.328132	0.236759	0.090171	0.118424
165	-4.37206	-3.97786	-4.01946	-4.28984	-5.09579	0.331323	0.317821	0.242527	0.108328	0.132544
166	-4.19554	-3.80012	-3.84198	-4.11402	-4.93172	0.331994	0.318381	0.242552	0.107073	0.131639
167	-4.19554	-3.80012	-3.84198	-4.11402	-4.93172	0.331994	0.318381	0.242552	0.107073	0.131639
168	-5.05216	-4.61634	-4.6626	-4.96258	-5.83492	0.338091	0.322806	0.239147	0.0999565	0.125912
169	-4.33656	-3.95313	-3.99357	-4.25676	-5.04355	0.329535	0.316475	0.243241	0.110749	0.134417
170	-3.98582	-3.60457	-3.64448	-3.90572	-4.68501	0.328916	0.316048	0.243387	0.111649	0.135095
171	-16.86	-16.1839	-16.2548	-16.7272	-18.1825	0.377641	0.351819	0.219359	0.0511815	0.0872576
172	-5.19747	-4.76992	-4.81518	-5.1093	-5.96792	0.336728	0.321827	0.239821	0.101624	0.127234
173	-15.4756	-23.3083	-19.28	-15.7649	-14.1823	8.97966e-05	0.00504304	0.169544	0.825323	0.63936
174	-4.79694	-4.45568	-4.49123	-4.72435	-5.43594	0.322095	0.310844	0.246207	0.120854	0.142235
175	-10.2141	-9.61948	-9.68278	-10.097	-11.3	0.364262	0.34192	0.225966	0.0678527	0.100443
176	-4.10173	-3.62657	-3.67756	-4.00605	-4.94356	0.344537	0.327409	0.235738	0.092315	0.119803
177	-4.79694	-4.45568	-4.49123	-4.72435	-5.43594	0.322095	0.310844	0.246207	0.120854	0.142235
178	-10.5274	-10.0605	-10.1097	-10.4315	-11.3863	0.343927	0.327416	0.237315	0.0913418	0.119366
179	-5.1042	-4.60668	-4.66032	-5.00477	-5.97898	0.348079	0.329902	0.233772	0.0882467	0.116525
180	-19.5467	-23.0641	-21.1003	-19.6746	-19.8642	0.0160492	0.114372	0.475884	0.393694	0.378611
181	-9.10834	-8.57688	-8.6343	-9.00439	-10.064	0.354315	0.334543	0.231059	0.080083	0.110156
182	-17.6612	-17.0019	-17.0711	-17.5313	-18.9473	0.37523	0.350138	0.220997	0.0536347	0.0893099
183	-8.76687	-8.09376	-8.16622	-8.63695	-9.96527	0.375249	0.349022	0.217981	0.057748	0.0917761
184	-9.77344	-9.2515	-9.30714	-9.66893	-10.7193	0.352726	0.333638	0.232355	0.0812811	0.111244
185	-11.7963	-15.5104	-13.5276	-11.9617	-11.6323	0.0109455	0.0794926	0.380528	0.529034	0.46048
186	-16.3435	-24.0454	-20.0321	-16.601	-15.1229	0.000107931	0.00597159	0.18459	0.80933	0.630279
187	-23.1452	-35.0864	-29.0431	-23.7489	-21.1416	8.18083e-07	0.000344636	0.0686442	0.93101	0.699147
188	-17.9568	-17.2639	-17.3371	-17.8242	-19.3244	0.380546	0.353685	0.217292	0.0484767	0.0849494
189	-15.4102	-14.7541	-14.8243	-15.2919	-16.7453	0.376967	0.351413	0.220155	0.0514655	0.0875971
190	-22.4315	-34.3985	-28.3456	-22.9902	-20.2337	6.62891e-07	0.00028196	0.0597028	0.940015	0.704188
191	-4.20119	-3.85835	-3.89447	-4.13059	-4.84318	0.322611	0.311168	0.245724	0.120497	0.141895
192	-14.5674	-22.3467	-18.3231	-14.8301	-13.2303	9.09222e-05	0.00508276	0.16714	0.827687	0.640674
193	-4.03312	-3.67299	-3.711	-3.9592	-4.70249	0.325626	0.313485	0.24458	0.11631	0.13867
194	-12.9044	-12.1473	-12.2285	-12.7667	-14.3856	0.389581	0.359176	0.209701	0.041542	0.0786445
195	-13.6951	-17.4035	-15.4142	-13.819	-13.5065	0.0106843	0.078105	0.384999	0.526211	0.459162
196	-16.2729	-23.9258	-19.9071	-16.4522	-15.0302	0.000109684	0.00610152	0.193154	0.800635	0.6254
197	-33.3312	-50.2186	-42.111	-34.7389	-30.5611	2.85914e-09	9.49103e-06	0.0151003	0.98489	0.729303
198	-19.7429	-27.5173	-23.5063	-20.0985	-18.7688	0.000124619	0.00687924	0.207746	0.78525	0.616682
199	-28.1388	-45.0435	-36.9496	-29.6702	-25.7947	4.27989e-09	1.40143e-05	0.0203219	0.979664	0.726382
200	-15.4574	-14.7829	-14.8547	-15.3287	-16.7403	0.377179	0.351029	0.218529	0.0532636	0.0886234
201	-4.46927	-4.1039	-4.14246	-4.39384	-5.15174	0.326671	0.314315	0.244452	0.114562	0.137383
202	-18.7513	-22.2783	-20.31	-18.8557	-18.9742	0.0151443	0.108404	0.464153	0.412299	0.390081
203	-22.6747	-31.4981	-27.4883	-24.0941	-22.8733	0.000137603	0.0075872	0.226034	0.766241	0.60595
204	-15.2072	-18.8563	-16.8773	-15.3448	-15.1656	0.0122244	0.0884494	0.409484	0.489842	0.436983
205	-15.9176	-23.8905	-19.8584	-16.3107	-14.5656	7.55869e-05	0.00426152	0.14802	0.847643	0.651953
206	-8.99722	-12.7479	-10.7554	-9.1313	-8.66987	0.00956267	0.0701327	0.355832	0.564472	0.48196
207	-30.7737	-38.6173	-34.5926	-31.1039	-29.6786	0.000105144	0.00588443	0.19267	0.801341	0.625828
208	-13.642	-17.2845	-15.3032	-13.7572	-13.5477	0.0118699	0.0860757	0.403953	0.498101	0.442024
209	-3.65511	-3.23606	-3.28049	-3.56955	-4.41586	0.335538	0.320955	0.240384	0.103124	0.128415
210	-14.0432	-21.7962	-17.7703	-14.2637	-12.64	8.77422e-05	0.00491629	0.163879	0.831117	0.642617
219	-13.9717	-13.5189	-13.5666	-13.8848	-14.8822	0.3445	0.328437	0.238934	0.0881288	0.117313
220	-9.15307	-8.67621	-8.72648	-9.05576	-10.0326	0.345693	0.328747	0.236513	0.0890465	0.117569
223	-19.7238	-27.4993	-23.4919	-20.1086	-18.8441	0.000134827	0.00741615	0.218541	0.773908	0.610261
224	-18.1857	-26.1411	-22.1133	-18.5935	-16.9249	8.32472e-05	0.00467325	0.157856	0.837387	0.646158
225	-3.99476	-3.59091	-3.6336	-3.91177	-4.731	0.332941	0.319027	0.241559	0.106472	0.131038
226	-10.0656	-13.8003	-11.8103	-10.2012	-9.7731	0.00990266	0.0724429	0.362097	0.555558	0.476565
227	-14.9514	-22.752	-18.724	-15.2018	-13.5199	8.21115e-05	0.00461074	0.156115	0.839192	0.647177
228	-25.932	-33.5471	-29.552	-26.2556	-25.3237	0.000190459	0.0103479	0.279566	0.709896	0.574035
229	-3.9987	-3.64013	-3.67781	-3.92384	-4.67016	0.325414	0.313382	0.245032	0.116172	0.138646
230	-13.8531	-21.6424	-17.6247	-14.1668	-12.6313	9.98611e-05	0.00554943	0.176193	0.818157	0.635277
231	-14.2179	-21.9736	-17.9525	-14.475	-12.9093	9.52075e-05	0.00530911	0.171899	0.822696	0.63785
232	-12.9872	-16.8246	-14.8268	-13.1708	-12.6386	0.00886912	0.0653921	0.342525	0.583214	0.493281
233	-31.2273	-39.1033	-35.0829	-31.623	-30.2764	0.000115679	0.00644607	0.20508	0.788359	0.618487
234	-17.7759	-21.2544	-19.2926	-17.8786	-18.0901	0.0163848	0.116534	0.479237	0.387845	0.374952
235	-9.1773	-12.8318	-10.8495	-9.29426	-9.03201	0.0114504	0.0831244	0.393689	0.511737	0.450169
236	-12.7783	-12.393	-12.4333	-12.7029	-13.561	0.332774	0.31963	0.244108	0.103488	0.129307
237	-9.6362	-9.13466	-9.18806	-9.53631	-10.5554	0.349804	0.331614	0.234093	0.0844884	0.11386
238	-3.99476	-3.59091	-3.6336	-3.91177	-4.731	0.332941	0.319027	0.241559	0.106472	0.131038
239	-4.41381	-4.0425	-4.08165	-4.33686	-5.10197	0.327519	0.314945	0.244005	0.113531	0.136561
240	-4.46893	-4.08074	-4.12173	-4.38835	-5.18387	0.330374	0.317105	0.242893	0.109629	0.133547
241	-8.01294	-7.47078	-7.52761	-7.90144	-9.00895	0.355922	0.336257	0.231378	0.0764426	0.107577
242	-4.38284	-3.97568	-4.01851	-4.298	-5.12288	0.333326	0.319351	0.241484	0.105839	0.130567
243	-4.46893	-4.08074	-4.12173	-4.38835	-5.18387	0.330374	0.317105	0.242893	0.109629	0.133547
244	-26.2193	-33.8444	-29.8454	-26.5248	-25.5464	0.000179178	0.00977327	0.270506	0.719541	0.579515
245	-4.79354	-4.41522	-4.45514	-4.71505	-5.49167	0.328665	0.315802	0.243523	0.11201	0.135378
246	-6.43005	-6.28073	-6.29554	-6.39569	-6.73229	0.28463	0.280445	0.25372	0.181205	0.187204
247	-4.38284	-3.97568	-4.01851	-4.298	-5.12288	0.333326	0.319351	0.241484	0.105839	0.130567
248	-11.9629	-15.843	-13.8364	-12.1264	-11.4669	0.00774663	0.0576184	0.318572	0.616063	0.513025
249	-10.0307	-9.50852	-9.56368	-9.92688	-11.0087	0.353664	0.334683	0.232756	0.0788969	0.109586
250	-4.79354	-4.41522	-4.45514	-4.71505	-5.49167	0.328665	0.315802	0.243523	0.11201	0.135378
251	-4.02785	-3.60178	-3.64695	-3.94034	-4.79627	0.336532	0.321668	0.239878	0.101921	0.127458
252	-9.72639	-9.41309	-9.44485	-9.65777	-10.3419	0.317792	0.307858	0.248816	0.125534	0.146064
253	-9.65439	-9.13065	-9.18655	-9.54993	-10.6036	0.353057	0.333862	0.232143	0.0809378	0.110959
254	-16.9449	-24.7144	-20.7018	-17.2848	-15.9329	0.000121151	0.00669849	0.204155	0.789026	0.61882
255	-15.2582	-19.006	-17.0105	-15.3776	-14.9885	0.00984536	0.0724184	0.370709	0.547028	0.471812
