Sites	Ll	Ll_SameAARate.DFPDistFreq.beta_1=0.232092	Ll_SameAARate.DFPDistFreq.beta_1=1	Pr_SameAARate.DFPDistFreq.beta_1=0.232092	Pr_SameAARate.DFPDistFreq.beta_1=1	mean
1	-5.4413	-5.4413	-6.71541	1	0	0.232092
2	-9.89015	-9.89015	-11.7918	1	0	0.232092
3	-13.1612	-13.1612	-12.9868	1	0	0.232092
4	-5.10133	-5.10133	-6.49851	1	0	0.232092
5	-23.5731	-23.5731	-21.1487	1	0	0.232092
6	-4.26588	-4.26588	-5.09866	1	0	0.232092
7	-12.7982	-12.7982	-14.2189	1	0	0.232092
8	-18.1317	-18.1317	-18.8642	1	0	0.232092
9	-16.1874	-16.1874	-16.0538	1	0	0.232092
10	-13.9345	-13.9345	-12.8169	1	0	0.232092
11	-13.9917	-13.9917	-13.3152	1	0	0.232092
12	-5.10708	-5.10708	-5.84541	1	0	0.232092
13	-6.39738	-6.39738	-8.1525	1	0	0.232092
14	-13.8789	-13.8789	-15.4445	1	0	0.232092
15	-15.1199	-15.1199	-13.7215	1	0	0.232092
16	-12.7438	-12.7438	-14.2255	1	0	0.232092
17	-13.0256	-13.0256	-13.107	1	0	0.232092
18	-7.50256	-7.50256	-8.55989	1	0	0.232092
19	-10.6722	-10.6722	-11.5107	1	0	0.232092
20	-8.2911	-8.2911	-9.46958	1	0	0.232092
21	-15.8562	-15.8562	-15.3269	1	0	0.232092
22	-19.8908	-19.8908	-19.2593	1	0	0.232092
23	-11.0595	-11.0595	-10.563	1	0	0.232092
24	-18.4038	-18.4038	-17.7159	1	0	0.232092
25	-13.472	-13.472	-14.4307	1	0	0.232092
26	-19.4052	-19.4052	-17.3269	1	0	0.232092
27	-9.14053	-9.14053	-8.7073	1	0	0.232092
28	-12.9681	-12.9681	-12.045	1	0	0.232092
29	-3.81263	-3.81263	-4.58618	1	0	0.232092
30	-5.10708	-5.10708	-5.84541	1	0	0.232092
31	-4.16721	-4.16721	-5.38494	1	0	0.232092
32	-15.0957	-15.0957	-14.0749	1	0	0.232092
33	-8.01666	-8.01666	-9.09197	1	0	0.232092
34	-12.2718	-12.2718	-11.4941	1	0	0.232092
35	-18.3368	-18.3368	-18.6116	1	0	0.232092
36	-22.3204	-22.3204	-21.6745	1	0	0.232092
37	-8.59991	-8.59991	-8.54818	1	0	0.232092
38	-8.84906	-8.84906	-8.94823	1	0	0.232092
39	-7.64548	-7.64548	-8.71723	1	0	0.232092
40	-11.6175	-11.6175	-12.5519	1	0	0.232092
41	-4.21855	-4.21855	-5.10872	1	0	0.232092
42	-9.09971	-9.09971	-9.59203	1	0	0.232092
43	-9.19651	-9.19651	-9.0551	1	0	0.232092
44	-3.81263	-3.81263	-4.58618	1	0	0.232092
45	-4.34702	-4.34702	-5.26678	1	0	0.232092
46	-13.1055	-13.1055	-14.4592	1	0	0.232092
47	-10.734	-10.734	-11.6902	1	0	0.232092
48	-3.97261	-3.97261	-4.87678	1	0	0.232092
49	-15.9297	-15.9297	-16.1236	1	0	0.232092
50	-9.34616	-9.34616	-10.569	1	0	0.232092
51	-19.3805	-19.3805	-19.8936	1	0	0.232092
52	-23.793	-23.793	-24.0661	1	0	0.232092
54	-7.99019	-7.99019	-9.51756	1	0	0.232092
55	-15.6712	-15.6712	-14.5011	1	0	0.232092
56	-3.81263	-3.81263	-4.58618	1	0	0.232092
57	-3.97261	-3.97261	-4.87678	1	0	0.232092
58	-3.97261	-3.97261	-4.87678	1	0	0.232092
59	-3.85915	-3.85915	-5.07179	1	0	0.232092
60	-12.1417	-12.1417	-13.5366	1	0	0.232092
61	-9.90765	-9.90765	-11.1694	1	0	0.232092
62	-22.6658	-22.6658	-25.7177	1	0	0.232092
63	-4.58888	-4.58888	-5.29021	1	0	0.232092
64	-10.5369	-10.5369	-11.8387	1	0	0.232092
65	-4.34702	-4.34702	-5.26678	1	0	0.232092
66	-3.81263	-3.81263	-4.58618	1	0	0.232092
67	-11.0672	-11.0672	-12.2838	1	0	0.232092
68	-4.85308	-4.85308	-5.79809	1	0	0.232092
69	-13.4224	-13.4224	-14.9544	1	0	0.232092
70	-8.53182	-8.53182	-9.81793	1	0	0.232092
71	-3.81263	-3.81263	-4.58618	1	0	0.232092
72	-16.0725	-16.0725	-17.7121	1	0	0.232092
73	-4.43539	-4.43539	-5.53972	1	0	0.232092
74	-4.34702	-4.34702	-5.26678	1	0	0.232092
75	-4.58888	-4.58888	-5.29021	1	0	0.232092
76	-4.65183	-4.65183	-6.06869	1	0	0.232092
77	-3.97261	-3.97261	-4.87678	1	0	0.232092
78	-16.546	-16.546	-16.8607	1	0	0.232092
79	-9.15608	-9.15608	-10.4603	1	0	0.232092
80	-3.81263	-3.81263	-4.58618	1	0	0.232092
81	-4.34702	-4.34702	-5.26678	1	0	0.232092
82	-4.15184	-4.15184	-5.27772	1	0	0.232092
83	-11.0306	-11.0306	-11.9697	1	0	0.232092
84	-10.2748	-10.2748	-11.6824	1	0	0.232092
85	-4.34702	-4.34702	-5.26678	1	0	0.232092
86	-8.99115	-8.99115	-10.8395	1	0	0.232092
87	-4.16721	-4.16721	-5.38494	1	0	0.232092
88	-5.29398	-5.29398	-6.38859	1	0	0.232092
89	-4.42533	-4.42533	-5.18069	1	0	0.232092
90	-5.10133	-5.10133	-6.49851	1	0	0.232092
91	-9.55857	-9.55857	-11.1421	1	0	0.232092
92	-4.42533	-4.42533	-5.18069	1	0	0.232092
93	-4.15184	-4.15184	-5.27772	1	0	0.232092
94	-18.0091	-18.0091	-20.0361	1	0	0.232092
95	-4.16721	-4.16721	-5.38494	1	0	0.232092
96	-13.6877	-13.6877	-15.0598	1	0	0.232092
97	-11.2384	-11.2384	-12.9381	1	0	0.232092
98	-5.29398	-5.29398	-6.38859	1	0	0.232092
99	-4.26588	-4.26588	-5.09866	1	0	0.232092
100	-4.65183	-4.65183	-6.06869	1	0	0.232092
101	-5.10133	-5.10133	-6.49851	1	0	0.232092
102	-9.88575	-9.88575	-11.4734	1	0	0.232092
103	-7.91125	-7.91125	-9.13247	1	0	0.232092
104	-3.97261	-3.97261	-4.87678	1	0	0.232092
105	-11.0356	-11.0356	-12.5264	1	0	0.232092
106	-4.42533	-4.42533	-5.18069	1	0	0.232092
107	-12.3522	-12.3522	-14.116	1	0	0.232092
108	-4.42533	-4.42533	-5.18069	1	0	0.232092
109	-4.21855	-4.21855	-5.10872	1	0	0.232092
110	-3.84938	-3.84938	-5.13924	1	0	0.232092
111	-7.98494	-7.98494	-9.2834	1	0	0.232092
112	-18.2518	-18.2518	-20.1732	1	0	0.232092
113	-4.21855	-4.21855	-5.10872	1	0	0.232092
114	-4.43539	-4.43539	-5.53972	1	0	0.232092
115	-4.66037	-4.66037	-5.33652	1	0	0.232092
116	-25.5354	-25.5354	-28.9128	1	0	0.232092
117	-4.15184	-4.15184	-5.27772	1	0	0.232092
118	-11.4244	-11.4244	-12.878	1	0	0.232092
119	-11.1569	-11.1569	-12.0043	1	0	0.232092
120	-10.9219	-10.9219	-12.1327	1	0	0.232092
121	-5.75776	-5.75776	-7.7198	1	0	0.232092
122	-5.29398	-5.29398	-6.38859	1	0	0.232092
123	-4.85308	-4.85308	-5.79809	1	0	0.232092
124	-7.63761	-7.63761	-9.13705	1	0	0.232092
125	-11.7509	-11.7509	-13.2252	1	0	0.232092
126	-10.3135	-10.3135	-11.2748	1	0	0.232092
165	-4.42533	-4.42533	-5.18069	1	0	0.232092
166	-4.39038	-4.39038	-5.46999	1	0	0.232092
167	-4.39038	-4.39038	-5.46999	1	0	0.232092
168	-5.42289	-5.42289	-6.80755	1	0	0.232092
169	-4.39057	-4.39057	-5.12988	1	0	0.232092
170	-3.95563	-3.95563	-4.83745	1	0	0.232092
171	-16.5728	-16.5728	-19.0151	1	0	0.232092
172	-5.27182	-5.27182	-6.34018	1	0	0.232092
173	-16.7255	-16.7255	-15.3368	1	0	0.232092
174	-4.63042	-4.63042	-5.29172	1	0	0.232092
175	-10.2017	-10.2017	-11.8564	1	0	0.232092
176	-4.12836	-4.12836	-5.2286	1	0	0.232092
177	-4.63042	-4.63042	-5.29172	1	0	0.232092
178	-10.5119	-10.5119	-11.4658	1	0	0.232092
179	-5.71978	-5.71978	-7.6358	1	0	0.232092
180	-19.0965	-19.0965	-19.8413	1	0	0.232092
181	-9.28852	-9.28852	-10.6794	1	0	0.232092
182	-17.9977	-17.9977	-19.6082	1	0	0.232092
183	-8.73405	-8.73405	-10.3875	1	0	0.232092
184	-9.88894	-9.88894	-11.1226	1	0	0.232092
185	-11.6247	-11.6247	-11.6124	1	0	0.232092
186	-17.1735	-17.1735	-15.9515	1	0	0.232092
187	-24.024	-24.024	-21.4436	1	0	0.232092
188	-18.2319	-18.2319	-19.8776	1	0	0.232092
189	-15.1191	-15.1191	-17.335	1	0	0.232092
190	-22.3722	-22.3722	-20.1247	1	0	0.232092
191	-4.25585	-4.25585	-4.93502	1	0	0.232092
192	-14.8889	-14.8889	-13.624	1	0	0.232092
193	-3.95501	-3.95501	-4.77954	1	0	0.232092
194	-13.3719	-13.3719	-15.2382	1	0	0.232092
195	-13.4186	-13.4186	-13.2134	1	0	0.232092
196	-17.5552	-17.5552	-16.792	1	0	0.232092
197	-35.3267	-35.3267	-31.8794	1	0	0.232092
198	-20.1721	-20.1721	-18.8982	1	0	0.232092
199	-26.7241	-26.7241	-23.8164	1	0	0.232092
200	-15.7664	-15.7664	-17.285	1	0	0.232092
201	-4.66792	-4.66792	-5.69796	1	0	0.232092
202	-19.2948	-19.2948	-19.4754	1	0	0.232092
203	-19.397	-19.397	-19.2356	1	0	0.232092
204	-16.1922	-16.1922	-16.4428	1	0	0.232092
205	-16.2321	-16.2321	-14.8905	1	0	0.232092
206	-9.21069	-9.21069	-8.87201	1	0	0.232092
207	-30.7877	-30.7877	-29.722	1	0	0.232092
208	-13.7864	-13.7864	-13.6385	1	0	0.232092
209	-3.70657	-3.70657	-4.74486	1	0	0.232092
210	-15.939	-15.939	-14.2753	1	0	0.232092
219	-14.1943	-14.1943	-15.2968	1	0	0.232092
220	-9.2857	-9.2857	-10.4405	1	0	0.232092
223	-17.8062	-17.8062	-17.0002	1	0	0.232092
224	-20.5034	-20.5034	-18.9976	1	0	0.232092
225	-4.01974	-4.01974	-4.9978	1	0	0.232092
226	-10.4417	-10.4417	-10.2854	1	0	0.232092
227	-14.8531	-14.8531	-13.272	1	0	0.232092
228	-25.7076	-25.7076	-25.673	1	0	0.232092
229	-3.67462	-3.67462	-4.37642	1	0	0.232092
230	-15.2761	-15.2761	-14.0393	1	0	0.232092
231	-13.5569	-13.5569	-12.4632	1	0	0.232092
232	-11.9792	-11.9792	-11.406	1	0	0.232092
233	-30.2776	-30.2776	-29.3915	1	0	0.232092
234	-19.111	-19.111	-19.5154	1	0	0.232092
235	-10.1732	-10.1732	-10.1507	1	0	0.232092
236	-12.7469	-12.7469	-14.0439	1	0	0.232092
237	-9.69452	-9.69452	-11.0599	1	0	0.232092
238	-4.01974	-4.01974	-4.9978	1	0	0.232092
239	-4.74144	-4.74144	-5.77204	1	0	0.232092
240	-4.80594	-4.80594	-5.87347	1	0	0.232092
241	-8.1966	-8.1966	-9.24073	1	0	0.232092
242	-4.27796	-4.27796	-5.09985	1	0	0.232092
243	-4.80594	-4.80594	-5.87347	1	0	0.232092
244	-28.2534	-28.2534	-27.7239	1	0	0.232092
245	-5.12285	-5.12285	-6.16045	1	0	0.232092
246	-6.10007	-6.10007	-6.44341	1	0	0.232092
247	-4.27796	-4.27796	-5.09985	1	0	0.232092
248	-11.5586	-11.5586	-11.139	1	0	0.232092
249	-10.0202	-10.0202	-11.3996	1	0	0.232092
250	-5.12285	-5.12285	-6.16045	1	0	0.232092
251	-4.05291	-4.05291	-5.06932	1	0	0.232092
252	-9.79918	-9.79918	-10.8602	1	0	0.232092
253	-9.73073	-9.73073	-11.1276	1	0	0.232092
254	-19.6304	-19.6304	-18.9339	1	0	0.232092
255	-15.5148	-15.5148	-15.7018	1	0	0.232092
