Sites	Ll	Ll_YN98.omega_1=0.00512733	Ll_YN98.omega_1=1	Ll_YN98.omega_1=7.42436	Pr_YN98.omega_1=0.00512733	Pr_YN98.omega_1=1	Pr_YN98.omega_1=7.42436	mean
1	-4.63628	-4.50683	-5.09475	-6.62369	0.953586	0.0441002	0.00231391	0.0661689
2	-6.06405	-5.9376	-6.51355	-8.0005	0.952958	0.0446016	0.00244057	0.0676074
3	-13.4239	-13.011	-15.3022	-19.4663	0.991619	0.00834945	3.14157e-05	0.0136671
4	-4.31783	-4.15486	-4.87823	-6.66135	0.959664	0.0387589	0.00157721	0.0553892
5	-10.4723	-10.1326	-11.7505	-14.5955	0.983532	0.0162392	0.000228507	0.0229786
6	-8.04156	-7.73357	-9.22318	-11.9531	0.98129	0.0184196	0.000290811	0.0256101
7	-5.6922	-5.55449	-6.17657	-7.74515	0.955158	0.042689	0.00215283	0.0635698
8	-9.39667	-9.15604	-10.3497	-12.8388	0.974904	0.024602	0.000494192	0.0332697
9	-11.2782	-10.8995	-12.9125	-16.7016	0.988942	0.0109981	6.02097e-05	0.0165158
10	-4.63641	-4.52242	-5.04524	-6.6	0.950678	0.0469228	0.00239926	0.0696101
11	-7.90712	-7.69398	-8.7481	-11.0141	0.971116	0.0281763	0.000707411	0.0384077
12	-13.34	-12.9864	-15.1681	-20.6136	0.990683	0.00930734	9.72301e-06	0.0144591
13	-11.5789	-14.6349	-10.9899	-11.8077	0.220866	0.70392	0.0752137	1.26347
14	-4.05806	-3.93079	-4.52608	-6.32657	0.954433	0.0438151	0.00175224	0.061718
15	-9.38094	-9.14397	-10.2961	-12.7977	0.973873	0.0256184	0.000508224	0.034385
16	-4.75157	-4.61693	-5.24682	-7.15039	0.956073	0.0423977	0.00152949	0.0586552
17	-7.97977	-7.74198	-8.90052	-11.4128	0.974041	0.025459	0.000499669	0.0341629
18	-16.7236	-19.6019	-16.9071	-20.0155	0.445295	0.548771	0.0059341	0.595111
19	-7.02454	-6.80777	-7.88504	-10.2778	0.971839	0.0275518	0.000609408	0.0370592
20	-4.84253	-4.71934	-5.30509	-7.21231	0.954187	0.0442237	0.00158955	0.0609176
21	-5.32413	-5.17599	-5.87046	-8.03558	0.959024	0.0398689	0.00110727	0.0530069
22	-10.4936	-13.5335	-9.78379	-10.546	0.202477	0.716586	0.0809375	1.31853
23	-5.42928	-5.29023	-5.91996	-7.69411	0.955864	0.0423953	0.00174073	0.0602202
24	-4.63641	-4.52242	-5.04524	-6.6	0.950678	0.0469228	0.00239926	0.0696101
25	-4.54385	-4.42304	-4.99386	-6.78554	0.953342	0.044849	0.00180948	0.0631713
26	-3.95075	-3.82385	-4.42517	-6.34262	0.954878	0.0435721	0.0015502	0.0599773
27	-8.60979	-8.36078	-9.59568	-12.1181	0.975909	0.0236323	0.000459165	0.0320451
28	-6.96274	-6.71985	-7.91207	-10.4869	0.974908	0.0246377	0.000454226	0.0330087
29	-16.9353	-16.3958	-19.8354	-25.8405	0.997335	0.00266346	1.58994e-06	0.00778893
30	-30.4259	-42.2465	-27.7145	-26.5276	3.27178e-06	0.557656	0.442341	3.84175
31	-4.23971	-4.12711	-4.64345	-6.05609	0.950023	0.0471956	0.00278173	0.0727192
32	-7.08326	-6.84265	-8.01499	-10.538	0.974393	0.0251189	0.000487759	0.0337362
33	-11.0289	-10.7492	-12.0892	-14.8028	0.97833	0.0213275	0.000342262	0.0288848
34	-4.23971	-4.12711	-4.64345	-6.05609	0.950023	0.0471956	0.00278173	0.0727192
35	-5.32413	-5.17599	-5.87046	-8.03558	0.959024	0.0398689	0.00110727	0.0530069
36	-16.145	-19.2581	-15.8267	-17.8092	0.273227	0.703326	0.0234469	0.878806
37	-4.75157	-4.61693	-5.24682	-7.15039	0.956073	0.0423977	0.00152949	0.0586552
38	-10.1093	-13.2025	-9.10612	-9.67849	0.149494	0.748313	0.102193	1.5078
39	-11.0841	-10.7289	-12.6118	-16.3104	0.987417	0.0125081	7.49556e-05	0.0181274
40	-4.16903	-3.9916	-4.77562	-6.74532	0.962191	0.0365739	0.00123498	0.0506763
41	-4.54385	-4.42304	-4.99386	-6.78554	0.953342	0.044849	0.00180948	0.0631713
42	-4.90775	-4.77397	-5.4062	-7.39175	0.956286	0.0423079	0.00140613	0.0576507
43	-4.16475	-4.04019	-4.608	-6.07337	0.952541	0.0449463	0.00251309	0.0684884
144	-4.54385	-4.42304	-4.99386	-6.78554	0.953342	0.044849	0.00180948	0.0631713
145	-14.6502	-14.2822	-16.4794	-21.4227	0.990818	0.00916619	1.58219e-05	0.0143639
146	-9.90265	-9.71616	-10.6522	-12.9248	0.967619	0.0315925	0.000788049	0.0424045
147	-7.7113	-7.4898	-8.58727	-11.0128	0.972405	0.0270168	0.000578315	0.0362962
148	-4.6039	-4.49368	-5.0034	-6.51206	0.949951	0.0475051	0.00254363	0.0712607
149	-4.9556	-4.76732	-5.60031	-7.60191	0.963968	0.0348905	0.00114114	0.0483054
150	-5.759	-5.63303	-6.23483	-8.13252	0.954869	0.0435506	0.00158036	0.0601797
151	-16.2741	-15.9368	-17.7546	-21.4112	0.986579	0.0133376	8.33578e-05	0.019015
152	-5.28409	-5.14048	-5.81892	-7.89501	0.958289	0.0404819	0.00122898	0.0545197
153	-7.77748	-7.55375	-8.67338	-11.0962	0.972992	0.0264403	0.000567499	0.0356425
154	-4.6039	-4.49368	-5.0034	-6.51206	0.949951	0.0475051	0.00254363	0.0712607
155	-5.23116	-5.12554	-5.61726	-6.97146	0.948679	0.048303	0.00301837	0.0755766
156	-4.14413	-4.02517	-4.57394	-6.00131	0.951578	0.0457639	0.00265792	0.0703763
157	-8.34412	-8.07519	-9.39602	-12.0955	0.977915	0.0217309	0.000353691	0.0293709
158	-4.21572	-4.10775	-4.60814	-5.98403	0.94916	0.0479104	0.00292959	0.0745274
159	-16.346	-23.0229	-14.2083	-13.7556	0.00129063	0.72337	0.275339	2.76759
160	-11.2293	-11.023	-12.0585	-14.4003	0.970641	0.0286915	0.000667799	0.0386263
161	-15.933	-15.5374	-17.9095	-22.8496	0.99228	0.0077068	1.33456e-05	0.0128936
162	-9.104	-12.2174	-8.02061	-8.44357	0.134922	0.746676	0.118402	1.62643
163	-11.8086	-11.5998	-12.6154	-14.9494	0.970064	0.0292494	0.000686137	0.0393174
164	-7.93264	-7.59073	-9.25617	-12.106	0.984286	0.0154966	0.00021702	0.0221546
165	-25.7896	-35.7029	-22.5637	-22.4473	1.85718e-05	0.786183	0.213799	2.3735
166	-24.6	-27.1316	-24.9423	-30.5431	0.573373	0.426246	0.000381208	0.432016
167	-4.14413	-4.02517	-4.57394	-6.00131	0.951578	0.0457639	0.00265792	0.0703763
168	-14.2914	-13.883	-16.3992	-21.5238	0.993311	0.00667912	9.61693e-06	0.0118436
169	-13.2417	-12.9299	-14.7254	-18.7608	0.986307	0.0136347	5.83421e-05	0.019125
170	-6.0425	-5.92162	-6.47874	-7.92661	0.952012	0.0454046	0.00258352	0.0694668
171	-18.2328	-21.1851	-18.0402	-21.0142	0.338202	0.653712	0.00808566	0.715477
172	-10.0196	-9.78827	-10.9442	-13.3839	0.973939	0.0255219	0.000538619	0.0345145
173	-9.56243	-9.34391	-10.4147	-12.7926	0.971653	0.0277245	0.000622417	0.0373275
174	-3.96866	-3.84259	-4.42052	-5.90277	0.953036	0.0445171	0.00244743	0.0675742
175	-8.79626	-8.56116	-9.75331	-12.2538	0.974872	0.0246385	0.000489321	0.0332699
176	-9.50429	-12.3042	-8.18498	-8.71015	0.145891	0.747143	0.106966	1.54204
177	-4.9556	-4.76732	-5.60031	-7.60191	0.963968	0.0348905	0.00114114	0.0483054
178	-18.9415	-18.4168	-22.2699	-30.1592	0.998237	0.00176309	1.59915e-07	0.00688257
179	-4.9556	-4.76732	-5.60031	-7.60191	0.963968	0.0348905	0.00114114	0.0483054
180	-4.6039	-4.49368	-5.0034	-6.51206	0.949951	0.0475051	0.00254363	0.0712607
181	-10.8378	-14.2497	-10.0131	-10.3643	0.129201	0.744043	0.126757	1.68579
182	-5.759	-5.63303	-6.23483	-8.13252	0.954869	0.0435506	0.00158036	0.0601797
183	-4.89	-4.77419	-5.30901	-6.7456	0.950955	0.0463763	0.00266876	0.071066
184	-3.75504	-3.63116	-4.2168	-5.99032	0.953965	0.0442181	0.00181671	0.0625973
185	-21.0915	-27.9685	-19.104	-18.6248	0.00121893	0.718087	0.280695	2.80207
186	-11.0285	-14.3321	-10.1125	-10.4788	0.131374	0.743802	0.124824	1.67121
187	-9.38423	-9.14114	-10.3714	-12.8982	0.9758	0.0237407	0.000459229	0.0321534
188	-4.80137	-4.68182	-5.2542	-7.08719	0.953481	0.0447855	0.00173379	0.0625466
189	-4.93268	-4.81382	-5.36222	-6.79513	0.951575	0.0457808	0.0026442	0.0702913
190	-3.91039	-3.78727	-4.37484	-6.21825	0.954167	0.0441423	0.00169117	0.0615905
191	-15.0555	-17.1488	-14.407	-17.4818	0.433626	0.560111	0.00626356	0.608837
192	-3.92344	-3.81284	-4.32475	-5.72442	0.949777	0.0473929	0.00282983	0.0732725
193	-4.6039	-4.49368	-5.0034	-6.51206	0.949951	0.0475051	0.00254363	0.0712607
194	-4.6039	-4.49368	-5.0034	-6.51206	0.949951	0.0475051	0.00254363	0.0712607
195	-4.89	-4.77419	-5.30901	-6.7456	0.950955	0.0463763	0.00266876	0.071066
196	-4.86767	-4.7379	-5.35564	-7.26323	0.955565	0.0428933	0.00154118	0.0592351
197	-9.38423	-9.14114	-10.3714	-12.8982	0.9758	0.0237407	0.000459229	0.0321534
198	-6.97578	-6.76864	-7.81328	-10.178	0.970914	0.0284388	0.000646923	0.0382199
199	-4.05079	-3.93276	-4.47767	-5.96028	0.951536	0.0459391	0.00252471	0.0695622
200	-3.75504	-3.63116	-4.2168	-5.99032	0.953965	0.0442181	0.00181671	0.0625973
201	-4.9556	-4.76732	-5.60031	-7.60191	0.963968	0.0348905	0.00114114	0.0483054
202	-16.0575	-15.707	-17.5891	-21.2602	0.987406	0.0125168	7.71052e-05	0.018152
203	-4.14413	-4.02517	-4.57394	-6.00131	0.951578	0.0457639	0.00265792	0.0703763
204	-4.81516	-4.69184	-5.26036	-6.75797	0.952649	0.0449193	0.0024319	0.0678592
205	-3.91039	-3.78727	-4.37484	-6.21825	0.954167	0.0441423	0.00169117	0.0615905
206	-4.67506	-4.54974	-5.13749	-6.55496	0.953318	0.0440951	0.00258646	0.0681859
207	-4.70354	-4.57735	-5.15583	-6.64628	0.95308	0.0444943	0.00242622	0.0673942
208	-5.92342	-5.72713	-6.59225	-8.65004	0.965126	0.0338281	0.00104594	0.046542
209	-4.70354	-4.57735	-5.15583	-6.64628	0.95308	0.0444943	0.00242622	0.0673942
210	-17.4626	-16.9617	-20.3496	-26.9415	0.997195	0.00280445	9.31025e-07	0.00792431
211	-4.81516	-4.69184	-5.26036	-6.75797	0.952649	0.0449193	0.0024319	0.0678592
212	-9.73011	-9.40163	-11.0116	-13.8284	0.983398	0.0163653	0.00023688	0.0231662
213	-17.9746	-17.542	-20.4138	-26.6422	0.995308	0.00468999	2.23943e-06	0.00980989
214	-6.97578	-6.76864	-7.81328	-10.178	0.970914	0.0284388	0.000646923	0.0382199
215	-3.91039	-3.78727	-4.37484	-6.21825	0.954167	0.0441423	0.00169117	0.0615905
216	-4.9556	-4.76732	-5.60031	-7.60191	0.963968	0.0348905	0.00114114	0.0483054
217	-3.91039	-3.78727	-4.37484	-6.21825	0.954167	0.0441423	0.00169117	0.0615905
218	-4.93268	-4.81382	-5.36222	-6.79513	0.951575	0.0457808	0.0026442	0.0702913
219	-4.6039	-4.49368	-5.0034	-6.51206	0.949951	0.0475051	0.00254363	0.0712607
220	-11.1668	-10.8015	-12.7817	-16.5548	0.988575	0.0113614	6.32015e-05	0.0168994
221	-7.28963	-7.03333	-8.3128	-10.934	0.976975	0.0226269	0.000398278	0.0305931
222	-5.759	-5.63303	-6.23483	-8.13252	0.954869	0.0435506	0.00158036	0.0601797
223	-14.5041	-14.1007	-16.3465	-20.4511	0.99123	0.00873463	3.48787e-05	0.014076
224	-9.73687	-9.50839	-10.6583	-13.1108	0.973793	0.0256722	0.000534917	0.0346365
225	-7.4922	-7.25097	-8.44499	-10.9772	0.974933	0.024594	0.000473178	0.0331058
226	-12.4238	-11.9584	-14.8331	-20.1709	0.995318	0.00467626	5.44035e-06	0.00981998
227	-16.7807	-16.405	-18.7906	-24.4385	0.99239	0.00760352	6.48744e-06	0.01274
228	-4.9556	-4.76732	-5.60031	-7.60191	0.963968	0.0348905	0.00114114	0.0483054
229	-13.744	-13.4354	-15.1954	-19.0704	0.985808	0.014121	7.09431e-05	0.0197023
230	-8.38771	-8.14537	-9.35307	-11.9059	0.975274	0.0242683	0.000457375	0.0326645
231	-4.70354	-4.57735	-5.15583	-6.64628	0.95308	0.0444943	0.00242622	0.0673942
232	-8.47011	-8.21641	-9.47127	-12.0654	0.976404	0.0231773	0.000419127	0.0312954
233	-9.10361	-8.89038	-9.94459	-12.2918	0.971173	0.0281753	0.000652207	0.037997
234	-3.79296	-3.66515	-4.2648	-6.10526	0.954687	0.0436364	0.00167673	0.06098
235	-18.5074	-28.4414	-20.0778	-21.4388	0.00263031	0.939084	0.0582852	1.37183
236	-4.84253	-4.71934	-5.30509	-7.21231	0.954187	0.0442237	0.00158955	0.0609176
237	-9.10361	-8.89038	-9.94459	-12.2918	0.971173	0.0281753	0.000652207	0.037997
238	-11.3502	-14.7183	-10.4975	-10.8646	0.131252	0.743992	0.124756	1.6709
239	-7.07193	-6.81788	-8.0942	-10.6492	0.976877	0.0226961	0.000426825	0.0308738
240	-4.6039	-4.49368	-5.0034	-6.51206	0.949951	0.0475051	0.00254363	0.0712607
241	-3.91039	-3.78727	-4.37484	-6.21825	0.954167	0.0441423	0.00169117	0.0615905
242	-16.0603	-15.6514	-18.191	-23.1851	0.993463	0.00652586	1.07061e-05	0.0116992
243	-21.5651	-28.5796	-19.7976	-19.4104	0.00135701	0.736191	0.262452	2.68474
244	-4.21572	-4.10775	-4.60814	-5.98403	0.94916	0.0479104	0.00292959	0.0745274
245	-5.1106	-4.98609	-5.57223	-7.32435	0.95395	0.0441952	0.00185506	0.062859
246	-11.2311	-14.442	-10.1691	-10.4833	0.12457	0.743909	0.131521	1.721
247	-5.23116	-5.12554	-5.61726	-6.97146	0.948679	0.048303	0.00301837	0.0755766
248	-3.92344	-3.81284	-4.32475	-5.72442	0.949777	0.0473929	0.00282983	0.0732725
249	-3.91039	-3.78727	-4.37484	-6.21825	0.954167	0.0441423	0.00169117	0.0615905
250	-5.85966	-5.74162	-6.30061	-8.00927	0.952661	0.0453506	0.00198809	0.0649955
251	-6.24424	-6.01529	-7.1474	-9.62107	0.973345	0.026122	0.000532869	0.0350689
252	-42.8521	-59.3539	-35.8973	-35.4429	5.65231e-10	0.723946	0.276054	2.77347
253	-9.50155	-9.27775	-10.3879	-12.8599	0.972769	0.0266852	0.000545286	0.0357214
254	-4.6039	-4.49368	-5.0034	-6.51206	0.949951	0.0475051	0.00254363	0.0712607
255	-10.5044	-10.2729	-11.4151	-13.8629	0.973592	0.0258665	0.000541461	0.0348784
256	-7.23143	-6.97183	-8.26388	-10.869	0.97725	0.0223503	0.000399756	0.0303289
257	-13.9283	-17.1205	-13.2966	-14.587	0.197413	0.752468	0.0501191	1.12558
258	-9.1392	-8.91604	-10.0193	-12.4443	0.97256	0.0268647	0.000575382	0.0361232
259	-4.21572	-4.10775	-4.60814	-5.98403	0.94916	0.0479104	0.00292959	0.0745274
260	-4.14413	-4.02517	-4.57394	-6.00131	0.951578	0.0457639	0.00265792	0.0703763
261	-17.1921	-23.483	-14.3871	-13.9846	0.000987762	0.733489	0.265523	2.70483
262	-4.6039	-4.49368	-5.0034	-6.51206	0.949951	0.0475051	0.00254363	0.0712607
263	-12.3622	-15.8696	-11.6334	-11.985	0.129243	0.744047	0.126711	1.68545
264	-10.3781	-9.99571	-12.1149	-16.033	0.99005	0.00990221	4.76436e-05	0.0153323
265	-4.14413	-4.02517	-4.57394	-6.00131	0.951578	0.0457639	0.00265792	0.0703763
266	-11.6727	-11.392	-12.9743	-16.6386	0.983077	0.0168185	0.000104315	0.0226335
267	-6.31977	-6.09581	-7.20973	-9.69393	0.972875	0.0265886	0.000536709	0.0355616
268	-26.9586	-33.079	-25.5171	-28.6368	0.00614086	0.983345	0.0105141	1.06144
269	-3.92344	-3.81284	-4.32475	-5.72442	0.949777	0.0473929	0.00282983	0.0732725
270	-4.6039	-4.49368	-5.0034	-6.51206	0.949951	0.0475051	0.00254363	0.0712607
271	-8.43497	-8.19919	-9.35987	-11.8428	0.974081	0.0254054	0.000513457	0.0342119
272	-6.5863	-6.3578	-7.48611	-9.94551	0.973239	0.0262186	0.000542528	0.0352367
273	-3.75504	-3.63116	-4.2168	-5.99032	0.953965	0.0442181	0.00181671	0.0625973
274	-8.81651	-8.57903	-9.74832	-12.2635	0.974313	0.0251937	0.000493049	0.0338499
275	-15.2443	-14.9439	-16.6463	-20.4187	0.984972	0.0149449	8.31912e-05	0.0206128
276	-9.56243	-9.34391	-10.4147	-12.7926	0.971653	0.0277245	0.000622417	0.0373275
277	-12.697	-12.3312	-14.3665	-18.2636	0.989189	0.0107582	5.28657e-05	0.0162226
278	-9.83483	-9.61366	-10.7118	-13.1144	0.972411	0.0269979	0.00059133	0.036374
279	-18.6467	-18.1346	-21.6948	-28.5586	0.997638	0.00236156	5.97342e-07	0.00748122
280	-4.21572	-4.10775	-4.60814	-5.98403	0.94916	0.0479104	0.00292959	0.0745274
281	-17.173	-23.9526	-15.2845	-14.9732	0.00155018	0.750457	0.247992	2.59165
282	-4.21572	-4.10775	-4.60814	-5.98403	0.94916	0.0479104	0.00292959	0.0745274
283	-8.76262	-8.54586	-9.63897	-12.0499	0.97228	0.0271312	0.000589273	0.0364914
284	-31.846	-40.5469	-28.6248	-31.8589	7.90238e-05	0.990475	0.00944561	1.0606
285	-4.14413	-4.02517	-4.57394	-6.00131	0.951578	0.0457639	0.00265792	0.0703763
286	-8.40831	-8.15161	-9.41748	-11.9947	0.976649	0.0229292	0.000421747	0.031068
287	-15.6553	-18.9003	-15.5344	-17.253	0.284447	0.685787	0.0297661	0.908239
288	-11.7671	-11.4812	-12.8308	-15.4544	0.978502	0.0211274	0.000370969	0.0288987
289	-4.89	-4.77419	-5.30901	-6.7456	0.950955	0.0463763	0.00266876	0.071066
290	-8.14076	-7.93976	-8.95319	-11.2904	0.970002	0.0293124	0.000685416	0.0393747
291	-4.93268	-4.81382	-5.36222	-6.79513	0.951575	0.0457808	0.0026442	0.0702913
292	-4.14413	-4.02517	-4.57394	-6.00131	0.951578	0.0457639	0.00265792	0.0703763
293	-3.96866	-3.84259	-4.42052	-5.90277	0.953036	0.0445171	0.00244743	0.0675742
294	-4.6127	-4.48871	-5.05842	-6.54603	0.952679	0.0448679	0.00245353	0.0679685
295	-3.96866	-3.84259	-4.42052	-5.90277	0.953036	0.0445171	0.00244743	0.0675742
296	-8.19752	-8.00985	-8.95538	-11.2442	0.967927	0.0313051	0.000768241	0.0419717
297	-4.14413	-4.02517	-4.57394	-6.00131	0.951578	0.0457639	0.00265792	0.0703763
298	-9.48081	-9.2729	-10.2926	-12.624	0.970181	0.0291333	0.000685205	0.0391949
299	-4.14413	-4.02517	-4.57394	-6.00131	0.951578	0.0457639	0.00265792	0.0703763
300	-13.9076	-13.4994	-15.819	-20.0048	0.991851	0.00811903	2.98899e-05	0.0134265
301	-4.50503	-4.38786	-4.94549	-6.67216	0.952634	0.0454111	0.00195522	0.0648118
302	-9.29829	-9.06805	-10.2322	-12.7183	0.974171	0.0253185	0.000510115	0.0341007
303	-4.01402	-3.8537	-4.57316	-6.34961	0.959502	0.0389043	0.00159372	0.0556563
304	-13.4985	-13.1952	-14.9207	-18.7777	0.985317	0.014608	7.47238e-05	0.0202148
305	-3.92344	-3.81284	-4.32475	-5.72442	0.949777	0.0473929	0.00282983	0.0732725
306	-4.79065	-4.662	-5.25338	-6.80302	0.953784	0.0439569	0.00225914	0.0656199
307	-4.6127	-4.48871	-5.05842	-6.54603	0.952679	0.0448679	0.00245353	0.0679685
308	-5.759	-5.63303	-6.23483	-8.13252	0.954869	0.0435506	0.00158036	0.0601797
309	-3.96866	-3.84259	-4.42052	-5.90277	0.953036	0.0445171	0.00244743	0.0675742
310	-12.0391	-11.728	-13.5232	-17.4819	0.986299	0.0136383	6.30121e-05	0.0191632
311	-4.14413	-4.02517	-4.57394	-6.00131	0.951578	0.0457639	0.00265792	0.0703763
312	-6.97578	-6.76864	-7.81328	-10.178	0.970914	0.0284388	0.000646923	0.0382199
313	-8.85642	-8.61587	-9.83568	-12.3671	0.975555	0.0239831	0.000461775	0.0324135
314	-4.14413	-4.02517	-4.57394	-6.00131	0.951578	0.0457639	0.00265792	0.0703763
315	-17.8443	-21.1805	-17.5314	-19.2606	0.230539	0.737776	0.0316853	0.974201
316	-8.01196	-7.69899	-9.22235	-11.983	0.981908	0.0178194	0.000272821	0.0248794
317	-24.4652	-31.1146	-23.9408	-26.6147	0.00897332	0.974749	0.0162774	1.09564
318	-15.836	-19.0907	-15.8761	-17.9258	0.318755	0.660653	0.0205917	0.815168
319	-3.91039	-3.78727	-4.37484	-6.21825	0.954167	0.0441423	0.00169117	0.0615905
320	-3.91039	-3.78727	-4.37484	-6.21825	0.954167	0.0441423	0.00169117	0.0615905
321	-4.93268	-4.81382	-5.36222	-6.79513	0.951575	0.0457808	0.0026442	0.0702913
322	-10.9197	-10.6741	-11.8857	-14.3918	0.975346	0.0241761	0.00047741	0.0327215
323	-4.93268	-4.81382	-5.36222	-6.79513	0.951575	0.0457808	0.0026442	0.0702913
324	-9.58105	-9.3505	-10.4862	-12.9457	0.973431	0.0260308	0.000538585	0.0350206
325	-3.92344	-3.81284	-4.32475	-5.72442	0.949777	0.0473929	0.00282983	0.0732725
326	-6.0425	-5.92162	-6.47874	-7.92661	0.952012	0.0454046	0.00258352	0.0694668
327	-12.2779	-15.6926	-11.4285	-11.755	0.125736	0.744296	0.129967	1.70987
328	-8.14076	-7.93976	-8.95319	-11.2904	0.970002	0.0293124	0.000685416	0.0393747
329	-23.6662	-29.4294	-22.081	-25.5553	0.00761501	0.984997	0.00738758	1.03988
330	-9.055	-8.84634	-9.91591	-12.2654	0.971601	0.0277581	0.000641112	0.0374997
331	-4.63628	-4.50683	-5.09475	-6.62369	0.953586	0.0441002	0.00231391	0.0661689
