Sites	Ll	Ll_YN98.omega_1=0.00212658	Ll_YN98.omega_1=0.00834472	Ll_YN98.omega_1=0.0342599	Ll_YN98.omega_1=0.201203	Ll_YN98.omega_1=7.45454	Pr_YN98.omega_1=0.00212658	Pr_YN98.omega_1=0.00834472	Pr_YN98.omega_1=0.0342599	Pr_YN98.omega_1=0.201203	Pr_YN98.omega_1=7.45454	mean
1	-4.63523	-4.50448	-4.50957	-4.53051	-4.65557	-6.63382	0.260474	0.259152	0.253783	0.223947	0.00264416	0.0761808
2	-6.06297	-5.93529	-5.94022	-5.96052	-6.08228	-8.0101	0.260133	0.258853	0.253651	0.224574	0.0027887	0.0773767
3	-13.419	-13.002	-13.021	-13.0995	-13.5822	-19.475	0.290009	0.284555	0.26306	0.162338	3.82385e-05	0.0449515
4	-4.31644	-4.15163	-4.15838	-4.18602	-4.34754	-6.6745	0.263963	0.262188	0.25504	0.217001	0.00180784	0.0686247
5	-10.4681	-10.124	-10.14	-10.2055	-10.5869	-14.6076	0.282776	0.278296	0.260659	0.177996	0.000272614	0.0496993
6	-8.0372	-7.7261	-7.73994	-7.79687	-8.13441	-11.9632	0.279023	0.275187	0.259959	0.185487	0.000344177	0.051682
7	-5.69101	-5.55192	-5.55739	-5.57986	-5.71368	-7.75551	0.261297	0.259873	0.254097	0.222271	0.00246269	0.0745093
8	-9.39301	-9.15046	-9.16062	-9.2025	-9.45594	-12.8464	0.27188	0.269134	0.258095	0.200315	0.000576148	0.0562651
9	-11.2767	-10.8897	-10.9091	-10.989	-11.4545	-16.7124	0.289442	0.283861	0.262082	0.164542	7.31234e-05	0.0456145
10	-4.63599	-4.52072	-4.52507	-4.543	-4.65076	-6.61192	0.258918	0.257793	0.253213	0.227345	0.00273054	0.0774742
11	-7.90326	-7.68836	-7.69758	-7.73552	-7.96241	-11.0217	0.26968	0.267205	0.257257	0.205037	0.000821256	0.0589929
12	-13.3367	-12.9811	-12.9961	-13.0586	-13.4548	-20.6251	0.283019	0.278801	0.261925	0.176243	1.15714e-05	0.0474488
13	-11.5942	-15.5071	-14.1551	-12.8052	-11.4059	-11.8139	0.0119599	0.0462244	0.178297	0.722504	0.0410148	0.457636
14	-4.05766	-3.92886	-3.93399	-3.95504	-4.08004	-6.34137	0.260662	0.259329	0.253927	0.224089	0.00199352	0.0713659
15	-9.37744	-9.13746	-9.14815	-9.19195	-9.44802	-12.8085	0.272366	0.26947	0.25792	0.199653	0.000591736	0.056246
16	-4.75117	-4.61486	-4.62037	-4.64298	-4.77653	-7.16635	0.261497	0.260059	0.254244	0.22246	0.00174041	0.0691701
17	-7.97638	-7.73544	-7.74626	-7.79059	-8.04897	-11.424	0.272586	0.269651	0.257959	0.199222	0.000581906	0.0560893
18	-16.7467	-20.4711	-19.1259	-17.8037	-16.584	-20.0213	0.0146746	0.0563397	0.21135	0.715672	0.0019643	0.16638
19	-7.021	-6.80266	-6.81151	-6.84807	-7.071	-10.2848	0.269247	0.266874	0.257293	0.205878	0.00070661	0.0583051
20	-4.8425	-4.71782	-4.72274	-4.74299	-4.86398	-7.22892	0.260337	0.259058	0.253865	0.224936	0.0018041	0.0701194
21	-5.32375	-5.17372	-5.17991	-5.20525	-5.3539	-8.05469	0.262971	0.261349	0.25481	0.219612	0.00125894	0.0650412
22	-10.5086	-14.4056	-13.0531	-11.7008	-10.2827	-10.553	0.0116848	0.0451858	0.174707	0.721426	0.0469959	0.501874
23	-5.42858	-5.28794	-5.2935	-5.31631	-5.45109	-7.70818	0.261538	0.260088	0.254222	0.222166	0.00198482	0.0709326
24	-4.63599	-4.52072	-4.52507	-4.543	-4.65076	-6.61192	0.258918	0.257793	0.253213	0.227345	0.00273054	0.0774742
25	-4.54368	-4.42142	-4.42625	-4.44607	-4.56441	-6.80056	0.260043	0.258792	0.253712	0.225396	0.00205629	0.0720836
26	-3.95064	-3.82218	-3.82731	-3.84835	-3.97361	-6.35919	0.260737	0.259404	0.254001	0.224097	0.00176067	0.0696351
27	-8.60595	-8.35512	-8.36559	-8.40881	-8.67078	-12.1255	0.272585	0.269745	0.258335	0.198798	0.000536198	0.0556769
28	-6.95952	-6.71303	-6.72433	-6.77055	-7.0382	-10.4992	0.273433	0.27036	0.258148	0.197529	0.000529441	0.0553718
29	-16.9329	-16.3846	-16.4114	-16.5228	-17.2192	-25.8508	0.305023	0.296943	0.265641	0.132392	2.01598e-06	0.0388799
30	-30.4329	-44.8907	-40.7956	-36.5848	-31.4598	-26.5298	1.146e-07	6.88169e-06	0.000463883	0.078013	0.921516	6.88519
31	-4.23883	-4.1251	-4.1294	-4.14712	-4.25408	-6.0653	0.25872	0.25761	0.253085	0.227413	0.00317319	0.0807813
32	-7.07987	-6.83601	-6.84701	-6.89203	-7.15425	-10.5492	0.272918	0.269934	0.258051	0.198529	0.000568473	0.0558559
33	-11.0267	-10.7425	-10.756	-10.8108	-11.1233	-14.8177	0.277361	0.273656	0.259053	0.189528	0.00040226	0.0528807
34	-4.23883	-4.1251	-4.1294	-4.14712	-4.25408	-6.0653	0.25872	0.25761	0.253085	0.227413	0.00317319	0.0807813
35	-5.32375	-5.17372	-5.17991	-5.20525	-5.3539	-8.05469	0.262971	0.261349	0.25481	0.219612	0.00125894	0.0650412
36	-16.1626	-20.1332	-18.7799	-17.4247	-16.012	-17.8142	0.0121394	0.0469828	0.182167	0.748177	0.0105343	0.235722
37	-4.75117	-4.61486	-4.62037	-4.64298	-4.77653	-7.16635	0.261497	0.260059	0.254244	0.22246	0.00174041	0.0691701
38	-10.1241	-14.0759	-12.7199	-11.3531	-9.84624	-9.68724	0.0104524	0.0405611	0.159116	0.718013	0.0718574	0.685942
39	-11.0819	-10.7198	-10.7377	-10.8112	-11.2407	-16.3209	0.286604	0.281511	0.261558	0.170237	9.03717e-05	0.0468453
40	-4.16766	-3.98804	-3.99562	-4.02658	-4.20495	-6.76092	0.265606	0.2636	0.255564	0.213813	0.00141668	0.0651006
41	-4.54368	-4.42142	-4.42625	-4.44607	-4.56441	-6.80056	0.260043	0.258792	0.253712	0.225396	0.00205629	0.0720836
42	-4.90755	-4.77208	-4.77756	-4.80007	-4.93326	-7.40892	0.261495	0.260064	0.254276	0.222568	0.00159801	0.0681313
43	-4.16367	-4.03792	-4.04275	-4.06263	-4.18213	-6.08268	0.259907	0.258655	0.253564	0.225003	0.00287126	0.0780732
144	-4.54368	-4.42142	-4.42625	-4.44607	-4.56441	-6.80056	0.260043	0.258792	0.253712	0.225396	0.00205629	0.0720836
145	-14.6452	-14.2745	-14.2911	-14.3601	-14.7903	-21.4337	0.285833	0.28112	0.262391	0.170637	1.89754e-05	0.0464173
146	-9.89974	-9.71213	-9.71935	-9.74924	-9.9341	-12.9305	0.265906	0.263993	0.256218	0.212974	0.000908384	0.061169
147	-7.70823	-7.48361	-7.4937	-7.53503	-7.77731	-11.023	0.271162	0.268442	0.257572	0.202152	0.000672042	0.0573243
148	-4.60346	-4.49199	-4.49622	-4.51363	-4.61845	-6.52337	0.258613	0.257522	0.253078	0.227892	0.00289544	0.0788061
149	-4.95418	-4.76343	-4.77169	-4.80542	-4.99855	-7.61749	0.266949	0.264752	0.255971	0.211015	0.00131283	0.0637899
150	-5.75887	-5.63128	-5.63643	-5.65759	-5.78333	-8.14874	0.260775	0.259435	0.254003	0.223991	0.00179568	0.0698752
151	-16.2719	-15.9287	-15.9452	-16.0131	-16.417	-21.4206	0.284353	0.279699	0.261342	0.174505	0.000100012	0.0477488
152	-5.28373	-5.13821	-5.14425	-5.16901	-5.31428	-7.91301	0.262638	0.261055	0.254672	0.220236	0.00139816	0.0661968
153	-7.77393	-7.54832	-7.55773	-7.59655	-7.83196	-11.1035	0.270341	0.26781	0.257613	0.203577	0.000659461	0.0575117
154	-4.60346	-4.49199	-4.49622	-4.51363	-4.61845	-6.52337	0.258613	0.257522	0.253078	0.227892	0.00289544	0.0788061
155	-5.23031	-5.12363	-5.12767	-5.14432	-5.24523	-6.98005	0.258109	0.257069	0.252824	0.228555	0.00344234	0.0830028
156	-4.14311	-4.023	-4.02761	-4.0466	-4.16117	-6.0102	0.259422	0.258229	0.25337	0.225942	0.00303571	0.079477
157	-8.34117	-8.06752	-8.08051	-8.13356	-8.43777	-12.1087	0.276606	0.273035	0.25893	0.191014	0.000415024	0.0532639
158	-4.21486	-4.10581	-4.10993	-4.12695	-4.22995	-5.99282	0.258321	0.257257	0.252917	0.228163	0.00334138	0.0821765
159	-16.3735	-24.7742	-22.0557	-19.2956	-16.1388	-13.7555	9.01656e-05	0.00136672	0.0215958	0.5074	0.469548	3.60311
160	-11.2258	-11.0178	-11.0264	-11.0618	-11.2771	-14.4074	0.268606	0.266312	0.257047	0.207262	0.0007733	0.0590661
161	-15.9302	-15.5275	-15.5471	-15.6281	-16.1247	-22.8593	0.291094	0.285447	0.263235	0.160207	1.62608e-05	0.0443747
162	-9.11896	-13.0914	-11.7341	-10.3623	-8.82892	-8.45045	0.00999655	0.0388404	0.153128	0.709594	0.0884419	0.807658
163	-11.8052	-11.5944	-11.6031	-11.6389	-11.8542	-14.9575	0.268673	0.266348	0.256979	0.207205	0.000794233	0.059209
164	-7.92922	-7.58224	-7.59854	-7.6654	-8.05697	-12.1173	0.283526	0.278944	0.260902	0.176368	0.0002596	0.0492901
165	-25.832	-38.3357	-34.2553	-30.1051	-25.332	-22.4509	8.89801e-07	5.26472e-05	0.00334017	0.395124	0.601482	4.56339
166	-24.6129	-28.0048	-26.6586	-25.3332	-24.1182	-30.5576	0.0146941	0.0564676	0.212521	0.71622	9.7669e-05	0.152617
167	-4.14311	-4.023	-4.02761	-4.0466	-4.16117	-6.0102	0.259422	0.258229	0.25337	0.225942	0.00303571	0.079477
168	-14.2891	-13.8732	-13.8935	-13.9776	-14.4962	-21.5339	0.292651	0.286764	0.263629	0.156945	1.1765e-05	0.0437126
169	-13.2381	-12.9245	-12.9376	-12.992	-13.3337	-18.769	0.278856	0.275224	0.260646	0.185205	6.89338e-05	0.0495969
170	-6.04147	-5.91941	-5.92413	-5.94354	-6.0604	-7.93576	0.259651	0.25843	0.253461	0.225507	0.0029511	0.0787639
171	-18.2542	-22.058	-20.7066	-19.3595	-17.9982	-21.0215	0.0128339	0.0495745	0.190672	0.743831	0.00308855	0.179658
172	-10.0165	-9.78385	-9.79353	-9.83349	-10.0762	-13.3921	0.27095	0.26834	0.257828	0.202255	0.000626777	0.0570153
173	-9.55861	-9.33832	-9.34761	-9.38587	-9.61525	-12.8009	0.269899	0.267403	0.257365	0.204612	0.000722273	0.0581753
174	-3.96757	-3.84027	-3.84521	-3.86555	-3.98763	-5.9122	0.260156	0.258875	0.253663	0.224509	0.00279699	0.0774261
175	-8.79273	-8.55592	-8.56575	-8.60636	-8.85418	-12.2608	0.271353	0.268699	0.258006	0.201373	0.000569915	0.0564238
176	-9.49473	-13.1778	-11.8214	-10.4533	-8.94006	-8.71804	0.0103349	0.0401189	0.15759	0.715675	0.0762814	0.718395
177	-4.95418	-4.76343	-4.77169	-4.80542	-4.99855	-7.61749	0.266949	0.264752	0.255971	0.211015	0.00131283	0.0637899
178	-18.9466	-18.4049	-18.4336	-18.5529	-19.301	-30.1771	0.308424	0.299688	0.265995	0.125892	2.03152e-07	0.0376011
179	-4.95418	-4.76343	-4.77169	-4.80542	-4.99855	-7.61749	0.266949	0.264752	0.255971	0.211015	0.00131283	0.0637899
180	-4.60346	-4.49199	-4.49622	-4.51363	-4.61845	-6.52337	0.258613	0.257522	0.253078	0.227892	0.00289544	0.0788061
181	-10.8429	-15.1249	-13.7662	-12.3885	-10.8302	-10.367	0.00965431	0.0375674	0.148983	0.70778	0.0960159	0.8636
182	-5.75887	-5.63128	-5.63643	-5.65759	-5.78333	-8.14874	0.260775	0.259435	0.254003	0.223991	0.00179568	0.0698752
183	-4.88906	-4.77207	-4.77657	-4.7951	-4.9067	-6.75495	0.259166	0.258003	0.253264	0.226521	0.00304584	0.0796629
184	-3.75472	-3.6293	-3.63433	-3.65499	-3.77777	-6.00485	0.260445	0.259138	0.253839	0.22451	0.00206686	0.0719924
185	-21.1081	-29.7221	-27.003	-24.2405	-21.0699	-18.6267	8.61892e-05	0.00130723	0.0207063	0.493263	0.484637	3.71272
186	-11.0404	-15.2073	-13.8487	-12.4717	-10.9175	-10.4814	0.00971926	0.0378136	0.149854	0.709001	0.0936122	0.845959
187	-9.38076	-9.13558	-9.14595	-9.18874	-9.4485	-12.9057	0.272391	0.269581	0.258289	0.199203	0.000535977	0.0557534
188	-4.80132	-4.68028	-4.68509	-4.7049	-4.82321	-7.10286	0.26006	0.258811	0.253736	0.225424	0.00196899	0.0714396
189	-4.93167	-4.81165	-4.81627	-4.83529	-4.94993	-6.80413	0.259435	0.25824	0.253374	0.225931	0.00301988	0.0793569
190	-3.91026	-3.78558	-3.79059	-3.81117	-3.93364	-6.23388	0.260451	0.259149	0.253871	0.224608	0.00192188	0.0709324
191	-14.916	-18.0173	-16.6724	-15.3517	-14.1353	-17.4873	0.0147314	0.0565371	0.211798	0.714797	0.00213661	0.167506
192	-3.92258	-3.81085	-3.81511	-3.83264	-3.93853	-5.73346	0.25861	0.257512	0.253037	0.227613	0.00322812	0.0812284
193	-4.60346	-4.49199	-4.49622	-4.51363	-4.61845	-6.52337	0.258613	0.257522	0.253078	0.227892	0.00289544	0.0788061
194	-4.60346	-4.49199	-4.49622	-4.51363	-4.61845	-6.52337	0.258613	0.257522	0.253078	0.227892	0.00289544	0.0788061
195	-4.88906	-4.77207	-4.77657	-4.7951	-4.9067	-6.75495	0.259166	0.258003	0.253264	0.226521	0.00304584	0.0796629
196	-4.86747	-4.73601	-4.74137	-4.76337	-4.89357	-7.27942	0.261193	0.259796	0.254143	0.223116	0.00175249	0.0693858
197	-9.38076	-9.13558	-9.14595	-9.18874	-9.4485	-12.9057	0.272391	0.269581	0.258289	0.199203	0.000535977	0.0557534
198	-6.97244	-6.76377	-6.77223	-6.80718	-7.02104	-10.1847	0.268454	0.266192	0.257048	0.207557	0.000748969	0.0589428
199	-4.04992	-3.93063	-3.93526	-3.95432	-4.06861	-5.97036	0.259458	0.25826	0.253384	0.226017	0.00288075	0.0783376
200	-3.75472	-3.6293	-3.63433	-3.65499	-3.77777	-6.00485	0.260445	0.259138	0.253839	0.22451	0.00206686	0.0719924
201	-4.95418	-4.76343	-4.77169	-4.80542	-4.99855	-7.61749	0.266949	0.264752	0.255971	0.211015	0.00131283	0.0637899
202	-16.0552	-15.6969	-15.7148	-15.7881	-16.2173	-21.2692	0.286546	0.281475	0.261592	0.170294	9.29944e-05	0.0468771
203	-4.14311	-4.023	-4.02761	-4.0466	-4.16117	-6.0102	0.259422	0.258229	0.25337	0.225942	0.00303571	0.079477
204	-4.81422	-4.6896	-4.69449	-4.71459	-4.83488	-6.76799	0.260016	0.258749	0.2536	0.224857	0.00277749	0.0773473
205	-3.91026	-3.78558	-3.79059	-3.81117	-3.93364	-6.23388	0.260451	0.259149	0.253871	0.224608	0.00192188	0.0709324
206	-4.67376	-4.54739	-4.55224	-4.57225	-4.69383	-6.56246	0.260026	0.258768	0.253642	0.224606	0.00295915	0.0786524
207	-4.70247	-4.57503	-4.57998	-4.60039	-4.72277	-6.65584	0.260192	0.258905	0.253675	0.224455	0.00277262	0.0772343
208	-5.92197	-5.723	-5.73174	-5.76734	-5.9701	-8.66622	0.267845	0.265517	0.256229	0.209204	0.00120488	0.062638
209	-4.70247	-4.57503	-4.57998	-4.60039	-4.72277	-6.65584	0.260192	0.258905	0.253675	0.224455	0.00277262	0.0772343
210	-17.465	-16.9493	-16.9765	-17.0892	-17.7875	-26.9555	0.305338	0.297142	0.265465	0.132054	1.17602e-06	0.0388021
211	-4.81422	-4.6896	-4.69449	-4.71459	-4.83488	-6.76799	0.260016	0.258749	0.2536	0.224857	0.00277749	0.0773473
212	-9.72616	-9.39349	-9.40884	-9.47189	-9.84383	-13.8392	0.281867	0.277574	0.260612	0.179665	0.000282202	0.050097
213	-17.9735	-17.5324	-17.5541	-17.6441	-18.2063	-26.656	0.295631	0.289287	0.264393	0.150687	2.75232e-06	0.0424399
214	-6.97244	-6.76377	-6.77223	-6.80718	-7.02104	-10.1847	0.268454	0.266192	0.257048	0.207557	0.000748969	0.0589428
215	-3.91026	-3.78558	-3.79059	-3.81117	-3.93364	-6.23388	0.260451	0.259149	0.253871	0.224608	0.00192188	0.0709324
216	-4.95418	-4.76343	-4.77169	-4.80542	-4.99855	-7.61749	0.266949	0.264752	0.255971	0.211015	0.00131283	0.0637899
217	-3.91026	-3.78558	-3.79059	-3.81117	-3.93364	-6.23388	0.260451	0.259149	0.253871	0.224608	0.00192188	0.0709324
218	-4.93167	-4.81165	-4.81627	-4.83529	-4.94993	-6.80413	0.259435	0.25824	0.253374	0.225931	0.00301988	0.0793569
219	-4.60346	-4.49199	-4.49622	-4.51363	-4.61845	-6.52337	0.258613	0.257522	0.253078	0.227892	0.00289544	0.0788061
220	-11.1656	-10.7923	-10.811	-10.8877	-11.3396	-16.5649	0.288249	0.282911	0.262006	0.166758	7.65662e-05	0.046073
221	-7.28683	-7.02599	-7.03831	-7.08869	-7.38023	-10.9454	0.275453	0.272081	0.258713	0.193286	0.000466817	0.0540893
222	-5.75887	-5.63128	-5.63643	-5.65759	-5.78333	-8.14874	0.260775	0.259435	0.254003	0.223991	0.00179568	0.0698752
223	-14.5015	-14.0927	-14.1116	-14.1896	-14.6671	-20.4608	0.289669	0.284257	0.26293	0.163102	4.24171e-05	0.0451288
224	-9.73346	-9.50309	-9.51272	-9.55245	-9.79378	-13.1181	0.270834	0.268239	0.25779	0.202515	0.0006223	0.0570317
225	-7.48929	-7.24414	-7.25551	-7.30202	-7.5716	-10.9886	0.27358	0.270488	0.258196	0.197184	0.000552315	0.0554758
226	-12.425	-11.9459	-11.9711	-12.075	-12.706	-20.1809	0.301055	0.293572	0.264589	0.140777	6.81566e-06	0.0405303
227	-16.7777	-16.3991	-16.4157	-16.4846	-16.9215	-24.4503	0.286146	0.28144	0.262694	0.169712	7.78569e-06	0.0461614
228	-4.95418	-4.76343	-4.77169	-4.80542	-4.99855	-7.61749	0.266949	0.264752	0.255971	0.211015	0.00131283	0.0637899
229	-13.7404	-13.4295	-13.4428	-13.498	-13.8422	-19.0784	0.279122	0.275429	0.260633	0.184732	8.39032e-05	0.0496153
230	-8.38601	-8.13952	-8.15103	-8.19812	-8.47096	-11.9185	0.273862	0.270727	0.258274	0.196602	0.000534115	0.0552284
231	-4.70247	-4.57503	-4.57998	-4.60039	-4.72277	-6.65584	0.260192	0.258905	0.253675	0.224455	0.00277262	0.0772343
232	-8.4673	-8.2092	-8.22135	-8.27101	-8.5576	-12.0773	0.275059	0.271737	0.258572	0.194141	0.000490714	0.0544309
233	-9.09971	-8.88488	-8.89397	-8.9314	-9.15627	-12.2998	0.269497	0.267059	0.257246	0.205442	0.000756399	0.0585889
234	-3.79264	-3.6633	-3.66845	-3.68962	-3.81535	-6.12065	0.260747	0.259406	0.253972	0.223967	0.00190673	0.0706969
235	-18.45	-30.1982	-27.4791	-24.7176	-21.5767	-21.444	0.000157569	0.00238966	0.0378153	0.874398	0.085239	0.812665
236	-4.8425	-4.71782	-4.72274	-4.74299	-4.86398	-7.22892	0.260337	0.259058	0.253865	0.224936	0.0018041	0.0701194
237	-9.09971	-8.88488	-8.89397	-8.9314	-9.15627	-12.2998	0.269497	0.267059	0.257246	0.205442	0.000756399	0.0585889
238	-11.3581	-15.5935	-14.2349	-12.8578	-11.3032	-10.8673	0.00971511	0.0377983	0.149806	0.709077	0.0936029	0.845903
239	-7.06829	-6.81203	-6.82295	-6.86799	-7.14055	-10.6569	0.273483	0.270513	0.2586	0.196905	0.000499363	0.0550389
240	-4.60346	-4.49199	-4.49622	-4.51363	-4.61845	-6.52337	0.258613	0.257522	0.253078	0.227892	0.00289544	0.0788061
241	-3.91026	-3.78558	-3.79059	-3.81117	-3.93364	-6.23388	0.260451	0.259149	0.253871	0.224608	0.00192188	0.0709324
242	-16.0615	-15.6417	-15.6634	-15.753	-16.2982	-23.196	0.29482	0.288492	0.263764	0.15291	1.31831e-05	0.0429351
243	-21.5719	-30.333	-27.6146	-24.8548	-21.7019	-19.4124	9.45155e-05	0.00143258	0.0226298	0.529624	0.446219	3.43371
244	-4.21486	-4.10581	-4.10993	-4.12695	-4.22995	-5.99282	0.258321	0.257257	0.252917	0.228163	0.00334138	0.0821765
245	-5.1102	-4.98415	-4.9892	-5.00993	-5.13307	-7.33848	0.260467	0.259156	0.253839	0.224427	0.00211136	0.0723076
246	-11.243	-15.3184	-13.9594	-12.5802	-11.0133	-10.4868	0.00951157	0.0370249	0.147044	0.704589	0.10183	0.906228
247	-5.23031	-5.12363	-5.12767	-5.14432	-5.24523	-6.98005	0.258109	0.257069	0.252824	0.228555	0.00344234	0.0830028
248	-3.92258	-3.81085	-3.81511	-3.83264	-3.93853	-5.73346	0.25861	0.257512	0.253037	0.227613	0.00322812	0.0812284
249	-3.91026	-3.78558	-3.79059	-3.81117	-3.93364	-6.23388	0.260451	0.259149	0.253871	0.224608	0.00192188	0.0709324
250	-5.85939	-5.7399	-5.74464	-5.7641	-5.88029	-8.02309	0.259802	0.258574	0.25359	0.225773	0.00226126	0.0736811
251	-6.24112	-6.00892	-6.01937	-6.06221	-6.31301	-9.6316	0.271904	0.269076	0.257791	0.200609	0.000619996	0.0566403
252	-42.9737	-63.7505	-56.9354	-49.959	-41.6448	-35.4434	5.82002e-12	5.30466e-09	5.6817e-06	0.0231885	0.976806	7.28631
253	-9.49861	-9.27146	-9.28176	-9.32393	-9.56974	-12.8713	0.271513	0.268731	0.257634	0.201488	0.000633386	0.0569079
254	-4.60346	-4.49199	-4.49622	-4.51363	-4.61845	-6.52337	0.258613	0.257522	0.253078	0.227892	0.00289544	0.0788061
255	-10.5018	-10.268	-10.2781	-10.3195	-10.5671	-13.8726	0.27147	0.268751	0.257847	0.201302	0.0006303	0.0568549
256	-7.22836	-6.96458	-6.97688	-7.02724	-7.32078	-10.8796	0.275551	0.272185	0.258816	0.192979	0.000469053	0.0540488
257	-13.9401	-17.9937	-16.6396	-15.2806	-13.8259	-14.5917	0.0114825	0.044476	0.173111	0.741501	0.029429	0.374898
258	-9.13597	-8.90981	-8.9199	-8.9613	-9.20451	-12.4541	0.271223	0.2685	0.257613	0.201995	0.000668895	0.0572713
259	-4.21486	-4.10581	-4.10993	-4.12695	-4.22995	-5.99282	0.258321	0.257257	0.252917	0.228163	0.00334138	0.0821765
260	-4.14311	-4.023	-4.02761	-4.0466	-4.16117	-6.0102	0.259422	0.258229	0.25337	0.225942	0.00303571	0.079477
261	-17.2181	-25.2393	-22.5156	-19.7346	-16.4682	-13.9853	7.52028e-05	0.00114585	0.018489	0.484734	0.495556	3.79232
262	-4.60346	-4.49199	-4.49622	-4.51363	-4.61845	-6.52337	0.258613	0.257522	0.253078	0.227892	0.00289544	0.0788061
263	-12.3597	-16.7448	-15.3861	-14.0084	-12.4502	-11.9876	0.00965568	0.0375726	0.149001	0.707808	0.0959628	0.86321
264	-10.3764	-9.98508	-10.0048	-10.086	-10.5676	-16.0419	0.290435	0.284756	0.262545	0.162206	5.80601e-05	0.0450577
265	-4.14311	-4.023	-4.02761	-4.0466	-4.16117	-6.0102	0.259422	0.258229	0.25337	0.225942	0.00303571	0.079477
266	-11.6702	-11.3874	-11.3993	-11.4485	-11.7558	-16.6473	0.276157	0.272895	0.259776	0.19105	0.000122484	0.0511171
267	-6.31684	-6.0895	-6.09981	-6.14199	-6.38809	-9.70541	0.271534	0.268751	0.257649	0.201443	0.000623361	0.0568248
268	-26.96	-34.8331	-32.1203	-29.3848	-26.405	-28.646	0.000205594	0.00309848	0.0477727	0.940386	0.00853692	0.25451
269	-3.92258	-3.81085	-3.81511	-3.83264	-3.93853	-5.73346	0.25861	0.257512	0.253037	0.227613	0.00322812	0.0812284
270	-4.60346	-4.49199	-4.49622	-4.51363	-4.61845	-6.52337	0.258613	0.257522	0.253078	0.227892	0.00289544	0.0788061
271	-8.43167	-8.19266	-8.20342	-8.24751	-8.50591	-11.853	0.272538	0.269623	0.257994	0.199245	0.000598501	0.0562186
272	-6.583	-6.35146	-6.36181	-6.40426	-6.65357	-9.95555	0.27175	0.268952	0.257773	0.200893	0.000631271	0.0567795
273	-3.75472	-3.6293	-3.63433	-3.65499	-3.77777	-6.00485	0.260445	0.259138	0.253839	0.22451	0.00206686	0.0719924
274	-8.81356	-8.57235	-8.58345	-8.62884	-8.89198	-12.2751	0.273033	0.27002	0.258037	0.198336	0.000574694	0.055864
275	-15.2412	-14.9388	-14.9518	-15.0057	-15.3409	-20.4276	0.278424	0.274827	0.260409	0.186242	9.82244e-05	0.0500116
276	-9.55861	-9.33832	-9.34761	-9.38587	-9.61525	-12.8009	0.269899	0.267403	0.257365	0.204612	0.000722273	0.0581753
277	-12.6938	-12.3217	-12.3396	-12.4136	-12.8592	-18.2719	0.287446	0.282339	0.262217	0.167934	6.39293e-05	0.0462161
278	-9.83297	-9.60899	-9.61859	-9.65809	-9.89453	-13.1237	0.270513	0.267929	0.257551	0.203319	0.000687128	0.0576654
279	-18.6509	-18.1236	-18.1514	-18.2665	-18.9837	-28.5741	0.306506	0.298111	0.265688	0.129694	7.57075e-07	0.0383424
280	-4.21486	-4.10581	-4.10993	-4.12695	-4.22995	-5.99282	0.258321	0.257257	0.252917	0.228163	0.00334138	0.0821765
281	-17.1933	-25.7032	-22.9863	-20.2326	-17.1129	-14.9735	0.000104893	0.00158749	0.0249245	0.564238	0.409145	3.16439
282	-4.21486	-4.10581	-4.10993	-4.12695	-4.22995	-5.99282	0.258321	0.257257	0.252917	0.228163	0.00334138	0.0821765
283	-8.75919	-8.54081	-8.54973	-8.5866	-8.81184	-12.0568	0.269434	0.26704	0.257374	0.205468	0.000683519	0.058055
284	-31.8353	-43.1804	-39.1059	-34.9804	-30.3773	-31.8712	2.67392e-06	0.000157285	0.00973554	0.971486	0.0186185	0.334593
285	-4.14311	-4.023	-4.02761	-4.0466	-4.16117	-6.0102	0.259422	0.258229	0.25337	0.225942	0.00303571	0.079477
286	-8.40522	-8.14447	-8.15658	-8.20616	-8.49433	-12.0055	0.275124	0.271812	0.258665	0.193905	0.000494287	0.054414
287	-15.663	-19.7722	-18.4222	-17.0805	-15.7324	-17.2582	0.0129053	0.0497804	0.190452	0.733252	0.0136102	0.255958
288	-11.7637	-11.4753	-11.4877	-11.5388	-11.8414	-15.4653	0.276155	0.272745	0.259166	0.191498	0.000436146	0.0535235
289	-4.88906	-4.77207	-4.77657	-4.7951	-4.9067	-6.75495	0.259166	0.258003	0.253264	0.226521	0.00304584	0.0796629
290	-8.13746	-7.93505	-7.94316	-7.97671	-8.18246	-11.2969	0.267745	0.265582	0.25682	0.20906	0.000792443	0.059555
291	-4.93167	-4.81165	-4.81627	-4.83529	-4.94993	-6.80413	0.259435	0.25824	0.253374	0.225931	0.00301988	0.0793569
292	-4.14311	-4.023	-4.02761	-4.0466	-4.16117	-6.0102	0.259422	0.258229	0.25337	0.225942	0.00303571	0.079477
293	-3.96757	-3.84027	-3.84521	-3.86555	-3.98763	-5.9122	0.260156	0.258875	0.253663	0.224509	0.00279699	0.0774261
294	-4.61169	-4.48645	-4.49133	-4.5114	-4.63174	-6.55568	0.260007	0.258742	0.2536	0.224848	0.00280294	0.0775351
295	-3.96757	-3.84027	-3.84521	-3.86555	-3.98763	-5.9122	0.260156	0.258875	0.253663	0.224509	0.00279699	0.0774261
296	-8.1948	-8.00458	-8.01292	-8.04714	-8.24929	-11.2548	0.267647	0.265424	0.256494	0.209549	0.000885708	0.0603359
297	-4.14311	-4.023	-4.02761	-4.0466	-4.16117	-6.0102	0.259422	0.258229	0.25337	0.225942	0.00303571	0.079477
298	-9.47713	-9.26752	-9.27626	-9.31227	-9.52865	-12.6321	0.268768	0.26643	0.257008	0.207001	0.000793352	0.0591631
299	-4.14311	-4.023	-4.02761	-4.0466	-4.16117	-6.0102	0.259422	0.258229	0.25337	0.225942	0.00303571	0.079477
300	-13.9041	-13.4906	-13.5097	-13.5889	-14.0762	-20.0135	0.290337	0.284832	0.263139	0.161655	3.642e-05	0.0448063
301	-4.50485	-4.38623	-4.39094	-4.41031	-4.52594	-6.68634	0.259762	0.258541	0.253583	0.225891	0.00222298	0.0734189
302	-9.29479	-9.06297	-9.07246	-9.11167	-9.35162	-12.7253	0.270674	0.268118	0.257807	0.202809	0.000593217	0.0568732
303	-4.0127	-3.85051	-3.85721	-3.88467	-4.04516	-6.3627	0.263867	0.262105	0.255006	0.217196	0.00182657	0.0688015
304	-13.4949	-13.1894	-13.2023	-13.2559	-13.5905	-18.7855	0.278335	0.274764	0.260435	0.186377	8.82117e-05	0.0499644
305	-3.92258	-3.81085	-3.81511	-3.83264	-3.93853	-5.73346	0.25861	0.257512	0.253037	0.227613	0.00322812	0.0812284
306	-4.78968	-4.65965	-4.66481	-4.68599	-4.81222	-6.81359	0.260602	0.259263	0.253828	0.223726	0.00258119	0.0756696
307	-4.61169	-4.48645	-4.49133	-4.5114	-4.63174	-6.55568	0.260007	0.258742	0.2536	0.224848	0.00280294	0.0775351
308	-5.75887	-5.63128	-5.63643	-5.65759	-5.78333	-8.14874	0.260775	0.259435	0.254003	0.223991	0.00179568	0.0698752
309	-3.96757	-3.84027	-3.84521	-3.86555	-3.98763	-5.9122	0.260156	0.258875	0.253663	0.224509	0.00279699	0.0774261
310	-12.0355	-11.7222	-11.7356	-11.791	-12.1379	-17.4898	0.279302	0.275593	0.260726	0.184304	7.45608e-05	0.0494645
311	-4.14311	-4.023	-4.02761	-4.0466	-4.16117	-6.0102	0.259422	0.258229	0.25337	0.225942	0.00303571	0.079477
312	-6.97244	-6.76377	-6.77223	-6.80718	-7.02104	-10.1847	0.268454	0.266192	0.257048	0.207557	0.000748969	0.0589428
313	-8.85285	-8.61059	-8.62062	-8.66205	-8.91519	-12.3742	0.271793	0.269082	0.258161	0.200425	0.000538263	0.0560066
314	-4.14311	-4.023	-4.02761	-4.0466	-4.16117	-6.0102	0.259422	0.258229	0.25337	0.225942	0.00303571	0.079477
315	-17.8485	-22.0557	-20.7009	-19.3392	-17.8852	-19.2655	0.0116082	0.0449969	0.175602	0.751656	0.0161375	0.277949
316	-8.00807	-7.69111	-7.70564	-7.76528	-8.11615	-11.9938	0.28019	0.27615	0.260162	0.183174	0.00032367	0.0510812
317	-24.4952	-32.8647	-30.1565	-27.4396	-24.5711	-26.6219	0.00023336	0.00350103	0.0529812	0.933039	0.0102455	0.26595
318	-15.8401	-19.9631	-18.6123	-17.2677	-15.9165	-17.9302	0.0128993	0.049796	0.191052	0.737844	0.00840854	0.218126
319	-3.91026	-3.78558	-3.79059	-3.81117	-3.93364	-6.23388	0.260451	0.259149	0.253871	0.224608	0.00192188	0.0709324
320	-3.91026	-3.78558	-3.79059	-3.81117	-3.93364	-6.23388	0.260451	0.259149	0.253871	0.224608	0.00192188	0.0709324
321	-4.93167	-4.81165	-4.81627	-4.83529	-4.94993	-6.80413	0.259435	0.25824	0.253374	0.225931	0.00301988	0.0793569
322	-10.9178	-10.6684	-10.6799	-10.7267	-11.0004	-14.4031	0.273855	0.270741	0.258344	0.196502	0.000558263	0.0553907
323	-4.93167	-4.81165	-4.81627	-4.83529	-4.94993	-6.80413	0.259435	0.25824	0.253374	0.225931	0.00301988	0.0793569
324	-9.57778	-9.34412	-9.35458	-9.39749	-9.64925	-12.9557	0.271964	0.269133	0.25783	0.200446	0.000627025	0.0566618
325	-3.92258	-3.81085	-3.81511	-3.83264	-3.93853	-5.73346	0.25861	0.257512	0.253037	0.227613	0.00322812	0.0812284
326	-6.04147	-5.91941	-5.92413	-5.94354	-6.0604	-7.93576	0.259651	0.25843	0.253461	0.225507	0.0029511	0.0787639
327	-12.2837	-16.569	-15.21	-13.831	-12.2657	-11.7586	0.00954446	0.037151	0.147512	0.705755	0.100037	0.893117
328	-8.13746	-7.93505	-7.94316	-7.97671	-8.18246	-11.2969	0.267745	0.265582	0.25682	0.20906	0.000792443	0.059555
329	-23.6801	-31.1805	-28.4693	-25.7403	-22.8018	-25.5641	0.000216299	0.00325466	0.0498523	0.941601	0.00507581	0.229026
330	-9.05225	-8.84253	-8.85115	-8.88677	-9.10516	-12.2728	0.268821	0.266515	0.257189	0.206732	0.000743028	0.0587408
331	-4.63523	-4.50448	-4.50957	-4.53051	-4.65557	-6.63382	0.260474	0.259152	0.253783	0.223947	0.00264416	0.0761808
