Sites	Ll	Ll_YN98.omega_1=0.002	Ll_YN98.omega_1=1	Pr_YN98.omega_1=0.002	Pr_YN98.omega_1=1	mean
1	-4.64791	-4.52139	-5.14171	0.904722	0.0952775	0.097087
2	-6.07322	-5.95017	-6.55709	0.903561	0.0964393	0.0982464
3	-13.3982	-12.9476	-15.3151	0.981979	0.0180211	0.0199851
4	-4.33279	-4.17226	-4.92581	0.915603	0.0843967	0.0862279
5	-10.4737	-10.1117	-11.7754	0.96423	0.03577	0.0376984
6	-8.03269	-7.70967	-9.2451	0.959532	0.0404677	0.0423868
7	-5.70219	-5.56684	-6.2231	0.907776	0.0922245	0.09404
8	-9.37444	-9.12761	-10.3698	0.946481	0.0535188	0.0554118
9	-11.2568	-10.8365	-12.8874	0.975432	0.0245682	0.0265191
10	-4.65906	-4.55193	-5.0959	0.897935	0.102065	0.103861
11	-7.90687	-7.68978	-8.77158	0.93775	0.0622505	0.064126
12	-13.2393	-12.8599	-15.1745	0.981018	0.0189818	0.0209439
13	-11.5625	-15.5421	-11.0114	0.052143	0.947857	0.947961
14	-4.09095	-3.9677	-4.58801	0.904721	0.0952786	0.097088
15	-9.39573	-9.15246	-10.3344	0.943343	0.056657	0.0585437
16	-4.78493	-4.65348	-5.3099	0.907789	0.0922108	0.0940264
17	-7.99452	-7.7496	-8.93755	0.943665	0.0563348	0.0582222
18	-16.6776	-20.504	-16.9401	0.12638	0.87362	0.873872
19	-7.0066	-6.78855	-7.90842	0.939935	0.0600654	0.0619452
20	-4.88191	-4.76318	-5.37252	0.903771	0.0962285	0.0980361
21	-5.36135	-5.21587	-5.9375	0.913104	0.086896	0.0887222
22	-10.4669	-14.4553	-9.80769	0.0466593	0.953341	0.953434
23	-5.44867	-5.31439	-5.97175	0.907868	0.0921321	0.0939478
24	-4.65906	-4.55193	-5.0959	0.897935	0.102065	0.103861
25	-4.5787	-4.46207	-5.05719	0.902527	0.0974727	0.0992777
26	-3.9876	-3.8646	-4.49057	0.905208	0.0947919	0.0966023
27	-8.58636	-8.32937	-9.62078	0.94892	0.0510803	0.0529781
28	-6.98232	-6.73056	-7.95035	0.945334	0.0546658	0.0565564
29	-16.8999	-16.2735	-19.8498	0.994551	0.00544914	0.00743825
30	-31.2067	-44.7031	-27.475	1.68293e-07	1	1
31	-4.25496	-4.14743	-4.68884	0.897699	0.102301	0.104096
32	-7.09821	-6.84983	-8.05191	0.944412	0.0555881	0.0574769
33	-10.9922	-10.6972	-12.0701	0.95273	0.0472697	0.0491752
34	-4.25496	-4.14743	-4.68884	0.897699	0.102301	0.104096
35	-5.36135	-5.21587	-5.9375	0.913104	0.086896	0.0887222
36	-16.0565	-20.0633	-15.7866	0.0662205	0.93378	0.933912
37	-4.78493	-4.65348	-5.3099	0.907789	0.0922108	0.0940264
38	-10.0891	-14.1561	-9.14552	0.0329256	0.967074	0.96714
39	-11.0584	-10.6683	-12.587	0.972056	0.027944	0.0298881
40	-4.18817	-4.01168	-4.82723	0.920273	0.079727	0.0815675
41	-4.5787	-4.46207	-5.05719	0.902527	0.0974727	0.0992777
42	-4.94455	-4.81394	-5.47205	0.90793	0.0920695	0.0938854
43	-4.1728	-4.05191	-4.65039	0.902823	0.097177	0.0989826
144	-4.5787	-4.46207	-5.05719	0.902527	0.0974727	0.0992777
145	-14.6219	-14.221	-16.4917	0.980183	0.019817	0.0217773
146	-9.86955	-9.68418	-10.6735	0.932126	0.0678738	0.069738
147	-7.72621	-7.4976	-8.62341	0.940269	0.0597307	0.0616112
148	-4.62617	-4.52217	-5.0526	0.896687	0.103313	0.105106
149	-4.97149	-4.77987	-5.65117	0.924268	0.0757316	0.0775802
150	-5.79767	-5.67483	-6.30076	0.905205	0.0947955	0.0966059
151	-16.2355	-15.8662	-17.727	0.97044	0.0295601	0.031501
152	-5.32079	-5.1791	-5.88401	0.911768	0.0882316	0.0900552
153	-7.76446	-7.53639	-8.69748	0.942221	0.0577794	0.0596638
154	-4.62617	-4.52217	-5.0526	0.896687	0.103313	0.105106
155	-5.24549	-5.14451	-5.65943	0.895242	0.104758	0.106549
156	-4.15201	-4.03633	-4.61507	0.901077	0.0989226	0.100725
157	-8.3674	-8.08382	-9.43339	0.951666	0.0483337	0.0502371
158	-4.23058	-4.1272	-4.6522	0.896183	0.103817	0.105609
159	-16.5151	-24.8944	-14.2374	0.000120168	0.99988	0.99988
160	-11.2207	-11.0128	-12.0821	0.937019	0.0629811	0.0648552
161	-15.9527	-15.5049	-17.9433	0.983191	0.0168087	0.0187751
162	-9.07923	-13.1701	-8.05765	0.0298298	0.97017	0.97023
163	-11.8022	-11.595	-12.6378	0.93543	0.0645695	0.0664404
164	-7.92707	-7.55655	-9.27997	0.966233	0.0337667	0.0356992
165	-25.802	-38.3472	-22.4788	6.55491e-07	0.999999	0.999999
166	-24.2171	-27.9004	-24.9319	0.207836	0.792164	0.79258
167	-4.15201	-4.03633	-4.61507	0.901077	0.0989226	0.100725
168	-14.3043	-13.8375	-16.4353	0.985632	0.0143678	0.0163391
169	-13.1717	-12.8416	-14.7375	0.971429	0.0285708	0.0305137
170	-6.05147	-5.9336	-6.52099	0.901845	0.0981545	0.0999582
171	-18.1249	-22.0608	-18.0517	0.0848227	0.915177	0.915347
172	-9.94864	-9.7117	-10.9119	0.944315	0.0556852	0.0575738
173	-9.55683	-9.33604	-10.4368	0.938848	0.0611522	0.0630298
174	-3.97757	-3.8542	-4.46419	0.903828	0.0961716	0.0979792
175	-8.76885	-8.52594	-9.77608	0.946882	0.0531183	0.0550121
176	-9.30844	-13.2562	-8.22272	0.0322039	0.967796	0.96786
177	-4.97149	-4.77987	-5.65117	0.924268	0.0757316	0.0775802
178	-18.9408	-18.3027	-22.3151	0.99647	0.00353012	0.00552306
179	-4.97149	-4.77987	-5.65117	0.924268	0.0757316	0.0775802
180	-4.62617	-4.52217	-5.0526	0.896687	0.103313	0.105106
181	-10.9861	-15.1707	-10.035	0.0291669	0.970833	0.970891
182	-5.79767	-5.67483	-6.30076	0.905205	0.0947955	0.0966059
183	-4.90498	-4.79313	-5.35429	0.899499	0.100501	0.1023
184	-3.78789	-3.66725	-4.27759	0.903859	0.0961414	0.0979491
185	-21.2974	-29.7289	-19.0207	0.00011417	0.999886	0.999886
186	-11.0939	-15.2501	-10.1347	0.0297443	0.970256	0.970315
187	-9.35951	-9.10767	-10.3904	0.948495	0.051505	0.053402
188	-4.84008	-4.72432	-5.31969	0.90255	0.09745	0.0992551
189	-4.94155	-4.82583	-5.40428	0.901051	0.0989489	0.100751
190	-3.94663	-3.82674	-4.43835	0.903969	0.0960311	0.097839
191	-14.6353	-18.0648	-14.4344	0.11922	0.88078	0.881018
192	-3.93858	-3.83236	-4.36946	0.897303	0.102697	0.104491
193	-4.62617	-4.52217	-5.0526	0.896687	0.103313	0.105106
194	-4.62617	-4.52217	-5.0526	0.896687	0.103313	0.105106
195	-4.90498	-4.79313	-5.35429	0.899499	0.100501	0.1023
196	-4.90388	-4.77661	-5.41959	0.906658	0.0933423	0.0951557
197	-9.35951	-9.10767	-10.3904	0.948495	0.051505	0.053402
198	-6.95662	-6.74782	-7.83518	0.938073	0.061927	0.0638031
199	-4.06876	-3.95472	-4.52506	0.900326	0.0996742	0.101475
200	-3.78789	-3.66725	-4.27759	0.903859	0.0961414	0.0979491
201	-4.97149	-4.77987	-5.65117	0.924268	0.0757316	0.0775802
202	-16.0866	-15.6987	-17.6201	0.97213	0.0278704	0.0298147
203	-4.15201	-4.03633	-4.61507	0.901077	0.0989226	0.100725
204	-4.82757	-4.70709	-5.30433	0.902714	0.0972861	0.0990915
205	-3.94663	-3.82674	-4.43835	0.903969	0.0960311	0.097839
206	-4.67225	-4.54743	-5.17739	0.90555	0.0944495	0.0962606
207	-4.71341	-4.58979	-5.20043	0.903885	0.0961148	0.0979226
208	-5.93986	-5.73887	-6.6438	0.926589	0.0734109	0.075264
209	-4.71341	-4.58979	-5.20043	0.903885	0.0961148	0.0979226
210	-17.4958	-16.8942	-20.3843	0.994063	0.00593665	0.00792477
211	-4.82757	-4.70709	-5.30433	0.902714	0.0972861	0.0990915
212	-9.72661	-9.37489	-11.0339	0.964069	0.0359311	0.0378592
213	-17.9714	-17.4695	-20.4562	0.990217	0.00978304	0.0117635
214	-6.95662	-6.74782	-7.83518	0.938073	0.061927	0.0638031
215	-3.94663	-3.82674	-4.43835	0.903969	0.0960311	0.097839
216	-4.97149	-4.77987	-5.65117	0.924268	0.0757316	0.0775802
217	-3.94663	-3.82674	-4.43835	0.903969	0.0960311	0.097839
218	-4.94155	-4.82583	-5.40428	0.901051	0.0989489	0.100751
219	-4.62617	-4.52217	-5.0526	0.896687	0.103313	0.105106
220	-11.1402	-10.7331	-12.754	0.974703	0.0252973	0.0272467
221	-7.31071	-7.03964	-8.34889	0.949777	0.0502226	0.0521222
222	-5.79767	-5.67483	-6.30076	0.905205	0.0947955	0.0966059
223	-14.4266	-13.9853	-16.3024	0.981065	0.0189352	0.0208974
224	-9.71401	-9.47952	-10.6772	0.944178	0.0558216	0.05771
225	-7.51148	-7.25908	-8.48155	0.945473	0.0545274	0.0564184
226	-12.4679	-11.9197	-14.8614	0.989771	0.0102295	0.012209
227	-16.6848	-16.2726	-18.799	0.984586	0.0154137	0.0173829
228	-4.97149	-4.77987	-5.65117	0.924268	0.0757316	0.0775802
229	-13.6897	-13.3613	-15.2049	0.969942	0.0300579	0.0319978
230	-8.35141	-8.09699	-9.33307	0.94617	0.0538302	0.0557225
231	-4.71341	-4.58979	-5.20043	0.903885	0.0961148	0.0979226
232	-8.491	-8.22339	-9.50825	0.948601	0.0513989	0.0532961
233	-9.09941	-8.8832	-9.9665	0.937837	0.0621634	0.0640391
234	-3.82635	-3.70245	-4.32738	0.905119	0.0948812	0.0966914
235	-19.9053	-30.0934	-19.9796	0.000206868	0.999793	0.999794
236	-4.88191	-4.76318	-5.37252	0.903771	0.0962285	0.0980361
237	-9.09941	-8.8832	-9.9665	0.937837	0.0621634	0.0640391
238	-11.4656	-15.6375	-10.5197	0.029676	0.970324	0.970383
239	-7.04979	-6.78507	-8.11727	0.950861	0.0491392	0.0510409
240	-4.62617	-4.52217	-5.0526	0.896687	0.103313	0.105106
241	-3.94663	-3.82674	-4.43835	0.903969	0.0960311	0.097839
242	-16.0334	-15.5558	-18.1607	0.985733	0.0142672	0.0162387
243	-21.8894	-30.3381	-19.7153	0.000124348	0.999876	0.999876
244	-4.23058	-4.1272	-4.6522	0.896183	0.103817	0.105609
245	-5.14304	-5.02184	-5.63304	0.903934	0.0960664	0.0978743
246	-11.1782	-15.3083	-10.1346	0.028107	0.971893	0.971949
247	-5.24549	-5.14451	-5.65943	0.895242	0.104758	0.106549
248	-3.93858	-3.83236	-4.36946	0.897303	0.102697	0.104491
249	-3.94663	-3.82674	-4.43835	0.903969	0.0960311	0.097839
250	-5.89343	-5.77906	-6.36215	0.901464	0.0985363	0.100339
251	-6.25832	-6.02183	-7.18281	0.942214	0.0577856	0.0596701
252	-42.5625	-63.7747	-35.7941	3.60004e-12	1	1
253	-9.51958	-9.28857	-10.4251	0.94087	0.0591302	0.061012
254	-4.62617	-4.52217	-5.0526	0.896687	0.103313	0.105106
255	-10.4431	-10.2065	-11.3805	0.942922	0.0570776	0.0589634
256	-7.24774	-6.97309	-8.2985	0.950543	0.0494573	0.0513584
257	-13.9452	-18.007	-13.2677	0.0427459	0.957254	0.95734
258	-9.15426	-8.9242	-10.0566	0.940639	0.0593605	0.0612418
259	-4.23058	-4.1272	-4.6522	0.896183	0.103817	0.105609
260	-4.15201	-4.03633	-4.61507	0.901077	0.0989226	0.100725
261	-16.9438	-25.2517	-14.3443	9.35487e-05	0.999906	0.999907
262	-4.62617	-4.52217	-5.0526	0.896687	0.103313	0.105106
263	-12.5873	-16.7907	-11.6553	0.029174	0.970826	0.970884
264	-10.4101	-9.97849	-12.1442	0.978037	0.0219629	0.0239189
265	-4.15201	-4.03633	-4.61507	0.901077	0.0989226	0.100725
266	-11.573	-11.2791	-12.9317	0.963845	0.0361548	0.0380824
267	-6.33763	-6.10662	-7.24677	0.941069	0.0589306	0.0608127
268	-26.6983	-34.7281	-25.4309	0.000467962	0.999532	0.999533
269	-3.93858	-3.83236	-4.36946	0.897303	0.102697	0.104491
270	-4.62617	-4.52217	-5.0526	0.896687	0.103313	0.105106
271	-8.44919	-8.20485	-9.39632	0.943852	0.0561476	0.0580353
272	-6.60016	-6.36454	-7.5218	0.942011	0.0579889	0.0598729
273	-3.78789	-3.66725	-4.27759	0.903859	0.0961414	0.0979491
274	-8.83515	-8.58792	-9.78539	0.94417	0.0558303	0.0577187
275	-15.1511	-14.8316	-16.6073	0.967899	0.0321013	0.0340371
276	-9.55683	-9.33604	-10.4368	0.938848	0.0611522	0.0630298
277	-12.7139	-12.3071	-14.3977	0.976366	0.0236339	0.0255866
278	-9.77319	-9.54877	-10.6772	0.940416	0.0595836	0.0614645
279	-18.6011	-17.9832	-21.6736	0.995136	0.00486409	0.00685436
280	-4.23058	-4.1272	-4.6522	0.896183	0.103817	0.105609
281	-17.4435	-25.8209	-15.3141	0.000139639	0.99986	0.999861
282	-4.23058	-4.1272	-4.6522	0.896183	0.103817	0.105609
283	-8.74294	-8.52317	-9.66147	0.940967	0.0590331	0.060915
284	-31.0714	-43.0456	-28.5013	2.46375e-06	0.999998	0.999998
285	-4.15201	-4.03633	-4.61507	0.901077	0.0989226	0.100725
286	-8.42448	-8.15381	-9.453	0.949295	0.050705	0.0526036
287	-15.7592	-19.7596	-15.505	0.0676059	0.932394	0.932529
288	-11.6995	-11.4068	-12.7963	0.953471	0.0465295	0.0484364
289	-4.90498	-4.79313	-5.35429	0.899499	0.100501	0.1023
290	-8.12061	-7.9192	-8.97435	0.936175	0.0638248	0.0656971
291	-4.94155	-4.82583	-5.40428	0.901051	0.0989489	0.100751
292	-4.15201	-4.03633	-4.61507	0.901077	0.0989226	0.100725
293	-3.97757	-3.8542	-4.46419	0.903828	0.0961716	0.0979792
294	-4.62409	-4.50261	-5.10402	0.90308	0.0969202	0.0987263
295	-3.97757	-3.8542	-4.46419	0.903828	0.0961716	0.0979792
296	-8.21542	-8.02524	-8.99222	0.9307	0.0693002	0.0711616
297	-4.15201	-4.03633	-4.61507	0.901077	0.0989226	0.100725
298	-9.47611	-9.2679	-10.3149	0.935688	0.0643117	0.066183
299	-4.15201	-4.03633	-4.61507	0.901077	0.0989226	0.100725
300	-13.8782	-13.4276	-15.8314	0.98261	0.0173901	0.0193553
301	-4.53929	-4.42565	-5.007	0.901309	0.0986908	0.100493
302	-9.2687	-9.03299	-10.253	0.945345	0.0546546	0.0565452
303	-4.02963	-3.87072	-4.62036	0.915301	0.0846986	0.0865292
304	-13.4431	-13.1211	-14.9376	0.969144	0.0308564	0.0327946
305	-3.93858	-3.83236	-4.36946	0.897303	0.102697	0.104491
306	-4.8045	-4.67798	-5.29998	0.904867	0.0951334	0.0969431
307	-4.62409	-4.50261	-5.10402	0.90308	0.0969202	0.0987263
308	-5.79767	-5.67483	-6.30076	0.905205	0.0947955	0.0966059
309	-3.97757	-3.8542	-4.46419	0.903828	0.0961716	0.0979792
310	-11.9798	-11.6468	-13.5398	0.971349	0.0286506	0.0305933
311	-4.15201	-4.03633	-4.61507	0.901077	0.0989226	0.100725
312	-6.95662	-6.74782	-7.83518	0.938073	0.061927	0.0638031
313	-8.82648	-8.57838	-9.85698	0.948295	0.0517049	0.0536015
314	-4.15201	-4.03633	-4.61507	0.901077	0.0989226	0.100725
315	-17.9226	-22.0112	-17.4927	0.0527512	0.947249	0.947354
316	-8.00991	-7.67767	-9.24523	0.960762	0.0392382	0.0411598
317	-24.6575	-32.8433	-23.9179	0.000678552	0.999321	0.999323
318	-15.9718	-19.9717	-15.8892	0.0792946	0.920705	0.920864
319	-3.94663	-3.82674	-4.43835	0.903969	0.0960311	0.097839
320	-3.94663	-3.82674	-4.43835	0.903969	0.0960311	0.097839
321	-4.94155	-4.82583	-5.40428	0.901051	0.0989489	0.100751
322	-10.875	-10.6166	-11.8634	0.946715	0.0532854	0.0551788
323	-4.94155	-4.82583	-5.40428	0.901051	0.0989489	0.100751
324	-9.59495	-9.35689	-10.5221	0.942446	0.0575539	0.0594388
325	-3.93858	-3.83236	-4.36946	0.897303	0.102697	0.104491
326	-6.05147	-5.9336	-6.52099	0.901845	0.0981545	0.0999582
327	-12.3684	-16.5576	-11.3934	0.0283681	0.971632	0.971689
328	-8.12061	-7.9192	-8.97435	0.936175	0.0638248	0.0656971
329	-23.2524	-31.1935	-22.1225	0.000586642	0.999413	0.999415
330	-8.97937	-8.76582	-9.88053	0.939643	0.0603568	0.062236
331	-4.64791	-4.52139	-5.14171	0.904722	0.0952775	0.097087
