Sites	Ll	Ll_YN98.omega_1=0.00278168	Ll_YN98.omega_1=0.016574	Ll_YN98.omega_1=0.0975775	Ll_YN98.omega_1=0.526935	Pr_YN98.omega_1=0.00278168	Pr_YN98.omega_1=0.016574	Pr_YN98.omega_1=0.0975775	Pr_YN98.omega_1=0.526935	mean
1	-4.65273	-4.52425	-4.53636	-4.60472	-4.90401	0.27819	0.274841	0.256681	0.190288	0.130645
2	-6.07726	-5.9526	-5.96431	-6.03053	-6.32278	0.277469	0.27424	0.256667	0.191624	0.131335
3	-13.4165	-12.9492	-12.9933	-13.2457	-14.3945	0.340595	0.325925	0.253207	0.080273	0.0733553
4	-4.33968	-4.17625	-4.19196	-4.27965	-4.64658	0.284822	0.280382	0.256841	0.177955	0.124272
5	-10.4838	-10.1094	-10.146	-10.3505	-11.1759	0.32321	0.311576	0.253963	0.111251	0.0894663
6	-8.03874	-7.70703	-7.73893	-7.91848	-8.67394	0.316629	0.306688	0.256283	0.1204	0.0944144
7	-5.70687	-5.56936	-5.58237	-5.65565	-5.97353	0.27996	0.276343	0.256815	0.186882	0.128893
8	-9.37447	-9.1229	-9.14659	-9.28133	-9.88013	0.30312	0.296021	0.258707	0.142151	0.105898
9	-11.2676	-10.8231	-10.8672	-11.1133	-12.115	0.335611	0.321117	0.251065	0.0922063	0.0793408
10	-4.66708	-4.55874	-4.56886	-4.62623	-4.88431	0.274214	0.271452	0.256319	0.198014	0.134614
11	-7.90718	-7.6855	-7.70656	-7.82557	-8.34502	0.297127	0.290935	0.258293	0.153645	0.111813
12	-13.255	-12.8648	-12.9004	-13.108	-14.1543	0.330629	0.31906	0.259258	0.0910521	0.0794841
13	-11.5457	-15.2102	-13.4606	-11.8858	-11.0332	0.0100297	0.0576967	0.278649	0.653624	0.372591
14	-4.1032	-3.97735	-3.98928	-4.0564	-4.35222	0.277815	0.274521	0.2567	0.190964	0.130996
15	-9.40119	-9.15066	-9.17501	-9.31086	-9.88054	0.302124	0.294858	0.257403	0.145615	0.107574
16	-4.79782	-4.66326	-4.67608	-4.74804	-5.0619	0.279547	0.275986	0.256826	0.187641	0.129287
17	-8.0002	-7.74759	-7.7722	-7.90939	-8.48214	0.30248	0.295124	0.257291	0.145105	0.1073
18	-16.6799	-20.1799	-18.4458	-16.962	-16.5644	0.0145325	0.0823137	0.362975	0.540179	0.321462
19	-7.00624	-6.78527	-6.8059	-6.92364	-7.45777	0.297548	0.291473	0.2591	0.151879	0.110971
20	-4.89708	-4.77581	-4.78723	-4.85179	-5.14093	0.277041	0.273893	0.256771	0.192296	0.131693
21	-5.37643	-5.2272	-5.24151	-5.3215	-5.66714	0.282495	0.278483	0.257074	0.181948	0.126361
22	-10.4422	-14.1228	-12.3716	-10.7867	-9.87358	0.00953123	0.0549143	0.267904	0.667651	0.378886
23	-5.45664	-5.31999	-5.33298	-5.40587	-5.72156	0.279793	0.276182	0.256767	0.187258	0.129083
24	-4.66708	-4.55874	-4.56886	-4.62623	-4.88431	0.274214	0.271452	0.256319	0.198014	0.134614
25	-4.59183	-4.47273	-4.48397	-4.54738	-4.83021	0.276522	0.273433	0.256633	0.193411	0.132258
26	-4.00196	-3.87616	-3.88807	-3.95514	-4.25294	0.277909	0.274621	0.256804	0.190666	0.130851
27	-8.58696	-8.32492	-8.34957	-8.48982	-9.1139	0.30507	0.297642	0.258693	0.138596	0.104055
28	-6.98966	-6.72904	-6.75461	-6.89663	-7.4847	0.303937	0.296263	0.25704	0.14276	0.106062
29	-16.9451	-16.279	-16.3418	-16.7054	-18.4318	0.369269	0.346776	0.241065	0.0428911	0.0528979
30	-31.4905	-43.6697	-38.3312	-33.1102	-28.6449	2.94989e-07	6.14165e-05	0.0113698	0.988568	0.522022
31	-4.26007	-4.15146	-4.16159	-4.21909	-4.47745	0.274247	0.271483	0.256314	0.197955	0.134582
32	-7.10414	-6.8478	-6.8728	-7.01211	-7.59224	0.303143	0.295656	0.257209	0.143992	0.106716
33	-10.9887	-10.6822	-10.7128	-10.8809	-11.5497	0.31155	0.302179	0.255424	0.130848	0.099747
34	-4.26007	-4.15146	-4.16159	-4.21909	-4.47745	0.274247	0.271483	0.256314	0.197955	0.134582
35	-5.37643	-5.2272	-5.24151	-5.3215	-5.66714	0.282495	0.278483	0.257074	0.181948	0.126361
36	-16.0373	-19.72	-17.9678	-16.3834	-15.6037	0.0103924	0.0599356	0.292266	0.637406	0.365412
37	-4.79782	-4.66326	-4.67608	-4.74804	-5.0619	0.279547	0.275986	0.256826	0.187641	0.129287
38	-10.0588	-13.8249	-12.0653	-10.4324	-9.32588	0.00790621	0.0459354	0.235143	0.711016	0.398387
39	-11.0647	-10.654	-10.6946	-10.9211	-11.8528	0.330324	0.31718	0.252886	0.0996102	0.0833398
40	-4.19701	-4.01647	-4.03406	-4.13145	-4.52934	0.287958	0.282938	0.256681	0.172423	0.121392
41	-4.59183	-4.47273	-4.48397	-4.54738	-4.83021	0.276522	0.273433	0.256633	0.193411	0.132258
42	-4.95906	-4.82523	-4.83797	-4.90951	-5.22354	0.279488	0.275951	0.256898	0.187663	0.129305
43	-4.17649	-4.05417	-4.06563	-4.13054	-4.41837	0.277022	0.273865	0.256652	0.192461	0.131767
144	-4.59183	-4.47273	-4.48397	-4.54738	-4.83021	0.276522	0.273433	0.256633	0.193411	0.132258
145	-14.6378	-14.2233	-14.2619	-14.4845	-15.5489	0.333562	0.320949	0.256882	0.0886065	0.0780031
146	-9.86628	-9.6795	-9.69667	-9.79538	-10.2599	0.291272	0.286313	0.259401	0.163014	0.116765
147	-7.73179	-7.49552	-7.51848	-7.64681	-8.18838	0.299666	0.292864	0.257594	0.149876	0.109798
148	-4.63385	-4.52857	-4.53841	-4.59417	-4.8457	0.2736	0.270923	0.256229	0.199247	0.135244
149	-4.98023	-4.78308	-4.80245	-4.90934	-5.33768	0.290994	0.285412	0.256477	0.167118	0.118626
150	-5.81246	-5.68654	-5.69848	-5.76576	-6.06367	0.277949	0.274648	0.256778	0.190625	0.130828
151	-16.2399	-15.852	-15.8898	-16.1026	-17.0069	0.327185	0.315056	0.254666	0.103093	0.0853049
152	-5.33544	-5.18982	-5.2038	-5.28196	-5.61959	0.281788	0.277878	0.256985	0.183349	0.127078
153	-7.76567	-7.53329	-7.55515	-7.67954	-8.23622	0.29963	0.293152	0.258862	0.148356	0.109125
154	-4.63385	-4.52857	-4.53841	-4.59417	-4.8457	0.2736	0.270923	0.256229	0.199247	0.135244
155	-5.25018	-5.14818	-5.15767	-5.21165	-5.45648	0.272944	0.270366	0.25616	0.20053	0.135902
156	-4.15556	-4.03844	-4.04939	-4.11152	-4.38915	0.276028	0.273022	0.256575	0.194376	0.132752
157	-8.37801	-8.08259	-8.11193	-8.27404	-8.92911	0.310004	0.301042	0.255991	0.132963	0.100893
158	-4.23548	-4.13099	-4.14072	-4.19603	-4.44609	0.273443	0.270796	0.256225	0.199537	0.135393
159	-16.5204	-24.2334	-20.6997	-17.3563	-14.8426	7.70281e-05	0.00263809	0.0747025	0.922582	0.493474
160	-11.2215	-11.0102	-11.03	-11.1429	-11.6523	0.295648	0.289852	0.258925	0.155575	0.11287
161	-15.9842	-15.5098	-15.5552	-15.815	-16.9906	0.342463	0.327259	0.252384	0.0778937	0.0720485
162	-9.04658	-12.8386	-11.0762	-9.4286	-8.27081	0.0074953	0.0436682	0.226837	0.722	0.403326
163	-11.8012	-11.5908	-11.6106	-11.7233	-12.2213	0.295113	0.289306	0.258493	0.157087	0.113614
164	-7.93876	-7.55283	-7.59062	-7.80194	-8.66081	0.325454	0.313386	0.253688	0.107473	0.0874846
165	-25.7536	-37.3381	-32.0326	-26.9955	-23.2508	7.44351e-07	0.000149932	0.0230942	0.976755	0.516942
166	-24.1329	-27.5746	-25.8391	-24.3544	-24.136	0.0159117	0.0902471	0.398306	0.495535	0.301521
167	-4.15556	-4.03844	-4.04939	-4.11152	-4.38915	0.276028	0.273022	0.256575	0.194376	0.132752
168	-14.3404	-13.8445	-13.8918	-14.1634	-15.4116	0.3461	0.330103	0.251585	0.0722117	0.0690338
169	-13.1803	-12.8424	-12.8734	-13.0533	-13.9311	0.320927	0.311121	0.259909	0.108042	0.0883417
170	-6.05537	-5.93588	-5.94708	-6.01054	-6.29271	0.276485	0.273407	0.256597	0.193511	0.132306
171	-18.1038	-21.7337	-19.9855	-18.4241	-17.7622	0.0114697	0.0658884	0.313977	0.608665	0.352488
172	-9.93619	-9.69569	-9.71823	-9.84658	-10.4225	0.301105	0.294397	0.258934	0.145564	0.107686
173	-9.55642	-9.3317	-9.353	-9.47346	-10.0016	0.297751	0.291479	0.258399	0.152371	0.111163
174	-3.98162	-3.85646	-3.86822	-3.93475	-4.22864	0.277605	0.27436	0.2567	0.191335	0.131189
175	-8.76948	-8.52175	-8.54494	-8.67733	-9.27708	0.302769	0.295829	0.259145	0.142257	0.105992
176	-9.1987	-12.9247	-11.1644	-9.52785	-8.40999	0.00781001	0.0454092	0.233295	0.713486	0.399499
177	-4.98023	-4.78308	-4.80245	-4.90934	-5.33768	0.290994	0.285412	0.256477	0.167118	0.118626
178	-19.0204	-18.32	-18.3872	-18.7769	-20.6623	0.375342	0.350923	0.237663	0.0360718	0.0490583
179	-4.98023	-4.78308	-4.80245	-4.90934	-5.33768	0.290994	0.285412	0.256477	0.167118	0.118626
180	-4.63385	-4.52857	-4.53841	-4.59417	-4.8457	0.2736	0.270923	0.256229	0.199247	0.135244
181	-10.9976	-14.8375	-13.0722	-11.4113	-10.2371	0.00729288	0.0426112	0.224324	0.725772	0.40505
182	-5.81246	-5.68654	-5.69848	-5.76576	-6.06367	0.277949	0.274648	0.256778	0.190625	0.130828
183	-4.91022	-4.7969	-4.80751	-4.86766	-5.13618	0.275223	0.272318	0.256422	0.196038	0.133599
184	-3.80017	-3.67671	-3.68842	-3.75435	-4.04529	0.277363	0.274135	0.256645	0.191857	0.131454
185	-21.301	-29.0411	-25.5061	-22.1551	-19.6142	7.44483e-05	0.00255327	0.0728513	0.924521	0.494313
186	-11.0897	-14.9165	-13.1518	-11.4934	-10.3298	0.00737038	0.043044	0.226014	0.723572	0.404063
187	-9.36086	-9.10336	-9.12761	-9.26571	-9.88349	0.304457	0.297163	0.258832	0.139547	0.104561
188	-4.85472	-4.73628	-4.74746	-4.81058	-5.0931	0.276459	0.273386	0.256662	0.193493	0.132303
189	-4.94535	-4.8281	-4.83907	-4.90131	-5.17889	0.276043	0.27303	0.256557	0.19437	0.132748
190	-3.9605	-3.83768	-3.84931	-3.91489	-4.20586	0.277307	0.274099	0.2567	0.191894	0.131478
191	-14.3822	-17.7387	-16.0049	-14.5219	-14.0971	0.0143338	0.0811574	0.357605	0.546904	0.324462
192	-3.94367	-3.8362	-3.84622	-3.90317	-4.15941	0.274044	0.271309	0.25629	0.198357	0.134788
193	-4.63385	-4.52857	-4.53841	-4.59417	-4.8457	0.2736	0.270923	0.256229	0.199247	0.135244
194	-4.63385	-4.52857	-4.53841	-4.59417	-4.8457	0.2736	0.270923	0.256229	0.199247	0.135244
195	-4.91022	-4.7969	-4.80751	-4.86766	-5.13618	0.275223	0.272318	0.256422	0.196038	0.133599
196	-4.91793	-4.78729	-4.79974	-4.86967	-5.17649	0.278851	0.275401	0.256799	0.188949	0.129962
197	-9.36086	-9.10336	-9.12761	-9.26571	-9.88349	0.304457	0.297163	0.258832	0.139547	0.104561
198	-6.95632	-6.74452	-6.76425	-6.87707	-7.39355	0.295957	0.290174	0.259216	0.154654	0.112419
199	-4.07498	-3.95924	-3.97011	-4.03164	-4.30463	0.275688	0.272706	0.256434	0.195172	0.133152
200	-3.80017	-3.67671	-3.68842	-3.75435	-4.04529	0.277363	0.274135	0.256645	0.191857	0.131454
201	-4.98023	-4.78308	-4.80245	-4.90934	-5.33768	0.290994	0.285412	0.256477	0.167118	0.118626
202	-16.1084	-15.6981	-15.7387	-15.9656	-16.9013	0.330499	0.317348	0.252924	0.0992298	0.0831464
203	-4.15556	-4.03844	-4.04939	-4.11152	-4.38915	0.276028	0.273022	0.256575	0.194376	0.132752
204	-4.83253	-4.71006	-4.7216	-4.78681	-5.07397	0.277039	0.27386	0.256572	0.192529	0.131795
205	-3.9605	-3.83768	-3.84931	-3.91489	-4.20586	0.277307	0.274099	0.2567	0.191894	0.131478
206	-4.67457	-4.54812	-4.55989	-4.62693	-4.92968	0.278141	0.274886	0.257062	0.189912	0.130484
207	-4.71772	-4.5922	-4.60401	-4.67076	-4.96505	0.277663	0.274405	0.256685	0.191246	0.131141
208	-5.94921	-5.74203	-5.7625	-5.8751	-6.321	0.292772	0.286841	0.256294	0.164092	0.117043
209	-4.71772	-4.5922	-4.60401	-4.67076	-4.96505	0.277663	0.274405	0.256685	0.191246	0.131141
210	-17.5618	-16.9062	-16.9696	-17.3339	-19.0203	0.368813	0.346185	0.24047	0.0445329	0.0536939
211	-4.83253	-4.71006	-4.7216	-4.78681	-5.07397	0.277039	0.27386	0.256572	0.192529	0.131795
212	-9.73714	-9.37292	-9.40828	-9.60675	-10.4287	0.322093	0.310905	0.254935	0.112067	0.0899767
213	-18.017	-17.4807	-17.5315	-17.8252	-19.2306	0.353006	0.335517	0.250129	0.0613476	0.063276
214	-6.95632	-6.74452	-6.76425	-6.87707	-7.39355	0.295957	0.290174	0.259216	0.154654	0.112419
215	-3.9605	-3.83768	-3.84931	-3.91489	-4.20586	0.277307	0.274099	0.2567	0.191894	0.131478
216	-4.98023	-4.78308	-4.80245	-4.90934	-5.33768	0.290994	0.285412	0.256477	0.167118	0.118626
217	-3.9605	-3.83768	-3.84931	-3.91489	-4.20586	0.277307	0.274099	0.2567	0.191894	0.131478
218	-4.94535	-4.8281	-4.83907	-4.90131	-5.17889	0.276043	0.27303	0.256557	0.19437	0.132748
219	-4.63385	-4.52857	-4.53841	-4.59417	-4.8457	0.2736	0.270923	0.256229	0.199247	0.135244
220	-11.1509	-10.7196	-10.7622	-11.0007	-11.9883	0.333955	0.320032	0.252111	0.0939021	0.0803138
221	-7.32068	-7.03793	-7.06585	-7.22088	-7.8559	0.308015	0.299533	0.256517	0.135935	0.102481
222	-5.81246	-5.68654	-5.69848	-5.76576	-6.06367	0.277949	0.274648	0.256778	0.190625	0.130828
223	-14.4333	-13.9731	-14.0168	-14.2667	-15.3932	0.339606	0.325097	0.253216	0.0820818	0.0742928
224	-9.71398	-9.47479	-9.49727	-9.62532	-10.2001	0.301006	0.294315	0.258939	0.14574	0.107777
225	-7.51969	-7.25748	-7.28327	-7.42656	-8.01757	0.304265	0.296519	0.256934	0.142281	0.105805
226	-12.5205	-11.9268	-11.9849	-12.3157	-13.7616	0.359573	0.339283	0.243738	0.0574056	0.0606558
227	-16.7057	-16.2782	-16.3174	-16.5461	-17.6942	0.336802	0.323833	0.257631	0.0817333	0.0745112
228	-4.98023	-4.78308	-4.80245	-4.90934	-5.33768	0.290994	0.285412	0.256477	0.167118	0.118626
229	-13.698	-13.3605	-13.3918	-13.5723	-14.4355	0.320549	0.310682	0.259365	0.109403	0.0889974
230	-8.34691	-8.08204	-8.10813	-8.25309	-8.85068	0.304816	0.296965	0.256893	0.141326	0.105306
231	-4.71772	-4.5922	-4.60401	-4.67076	-4.96505	0.277663	0.274405	0.256685	0.191246	0.131141
232	-8.50069	-8.22191	-8.24948	-8.40228	-9.02554	0.307175	0.298823	0.256481	0.137522	0.103299
233	-9.0991	-8.87907	-8.89989	-9.01779	-9.53693	0.296926	0.290809	0.258468	0.153796	0.111907
234	-3.83906	-3.71246	-3.72446	-3.79199	-4.0899	0.27799	0.274675	0.25674	0.190595	0.130809
235	-20.6902	-29.4114	-25.878	-22.5424	-20.2221	9.26822e-05	0.0031737	0.0891635	0.90757	0.486983
236	-4.89708	-4.77581	-4.78723	-4.85179	-5.14093	0.277041	0.273893	0.256771	0.192296	0.131693
237	-9.0991	-8.87907	-8.89989	-9.01779	-9.53693	0.296926	0.290809	0.258468	0.153796	0.111907
238	-11.4713	-15.304	-13.5392	-11.8804	-10.7155	0.00735967	0.0429848	0.225796	0.723859	0.404192
239	-7.05192	-6.78077	-6.80638	-6.95202	-7.5972	0.306812	0.299053	0.258522	0.135613	0.102495
240	-4.63385	-4.52857	-4.53841	-4.59417	-4.8457	0.2736	0.270923	0.256229	0.199247	0.135244
241	-3.9605	-3.83768	-3.84931	-3.91489	-4.20586	0.277307	0.274099	0.2567	0.191894	0.131478
242	-16.0628	-15.5482	-15.5982	-15.8837	-17.1496	0.348711	0.331677	0.249308	0.070303	0.0678392
243	-21.9167	-29.6512	-26.1178	-22.7761	-20.2787	7.83446e-05	0.00268264	0.0758319	0.921407	0.492966
244	-4.23548	-4.13099	-4.14072	-4.19603	-4.44609	0.273443	0.270796	0.256225	0.199537	0.135393
245	-5.15496	-5.031	-5.04275	-5.10894	-5.40053	0.27744	0.274197	0.256636	0.191727	0.131386
246	-11.1358	-14.9619	-13.1958	-11.5302	-10.3366	0.00715241	0.0418253	0.221221	0.729801	0.406857
247	-5.25018	-5.14818	-5.15767	-5.21165	-5.45648	0.272944	0.270366	0.25616	0.20053	0.135902
248	-3.94367	-3.8362	-3.84622	-3.90317	-4.15941	0.274044	0.271309	0.25629	0.198357	0.134788
249	-3.9605	-3.83768	-3.84931	-3.91489	-4.20586	0.277307	0.274099	0.2567	0.191894	0.131478
250	-5.90572	-5.78882	-5.79986	-5.86217	-6.1395	0.276051	0.273021	0.256529	0.194399	0.13276
251	-6.26391	-6.01943	-6.04322	-6.17607	-6.73511	0.301172	0.294093	0.257505	0.147231	0.10842
252	-42.5093	-62.1513	-53.276	-44.6942	-37.6643	2.31767e-11	1.65785e-07	0.000884246	0.999116	0.526555
253	-9.52601	-9.28692	-9.31026	-9.44034	-9.98637	0.30016	0.293235	0.257468	0.149137	0.109403
254	-4.63385	-4.52857	-4.53841	-4.59417	-4.8457	0.2736	0.270923	0.256229	0.199247	0.135244
255	-10.4312	-10.1892	-10.2122	-10.3425	-10.9084	0.301011	0.294148	0.258215	0.146626	0.108171
256	-7.25688	-6.97108	-6.99912	-7.15542	-7.80018	0.308601	0.300066	0.256647	0.134686	0.101845
257	-13.9269	-17.6611	-15.9056	-14.2974	-13.3158	0.00886515	0.0512954	0.256173	0.683667	0.386119
258	-9.15984	-8.92241	-8.94542	-9.07423	-9.61931	0.299894	0.29307	0.257651	0.149385	0.109548
259	-4.23548	-4.13099	-4.14072	-4.19603	-4.44609	0.273443	0.270796	0.256225	0.199537	0.135393
260	-4.15556	-4.03844	-4.04939	-4.11152	-4.38915	0.276028	0.273022	0.256575	0.194376	0.132752
261	-16.8228	-24.579	-21.0342	-17.6318	-14.9595	6.19875e-05	0.00214688	0.0644818	0.933309	0.498121
262	-4.63385	-4.52857	-4.53841	-4.59417	-4.8457	0.2736	0.270923	0.256229	0.199247	0.135244
263	-12.6111	-16.4575	-14.6923	-13.0314	-11.8573	0.00729385	0.0426166	0.224344	0.725745	0.405038
264	-10.4391	-9.97999	-10.0252	-10.2794	-11.3425	0.338629	0.323664	0.251008	0.0866991	0.0764838
265	-4.15556	-4.03844	-4.04939	-4.11152	-4.38915	0.276028	0.273022	0.256575	0.194376	0.132752
266	-11.5668	-11.2659	-11.2937	-11.4543	-12.2243	0.314036	0.305422	0.260105	0.120436	0.0947781
267	-6.34393	-6.10479	-6.12812	-6.2582	-6.80559	0.300219	0.293296	0.25752	0.148965	0.109319
268	-26.5852	-34.0586	-30.5394	-27.2859	-25.3502	0.00014364	0.00484891	0.125488	0.86952	0.470506
269	-3.94367	-3.8362	-3.84622	-3.90317	-4.15941	0.274044	0.271309	0.25629	0.198357	0.134788
270	-4.63385	-4.52857	-4.53841	-4.59417	-4.8457	0.2736	0.270923	0.256229	0.199247	0.135244
271	-8.45536	-8.20293	-8.22747	-8.36463	-8.94021	0.302584	0.295249	0.257407	0.14476	0.107131
272	-6.60555	-6.3624	-6.38598	-6.5179	-7.0753	0.300941	0.293929	0.257602	0.147528	0.108583
273	-3.80017	-3.67671	-3.68842	-3.75435	-4.04529	0.277363	0.274135	0.256645	0.191857	0.131454
274	-8.84278	-8.58641	-8.61159	-8.75149	-9.32967	0.303167	0.295628	0.257031	0.144174	0.106794
275	-15.147	-14.819	-14.8494	-15.0249	-15.8583	0.318703	0.309155	0.259413	0.112729	0.0907241
276	-9.55642	-9.3317	-9.353	-9.47346	-10.0016	0.297751	0.291479	0.258399	0.152371	0.111163
277	-12.7376	-12.3091	-12.3505	-12.5853	-13.6051	0.334247	0.320696	0.253593	0.0914637	0.0791853
278	-9.76173	-9.53146	-9.55344	-9.67767	-10.22	0.298993	0.292494	0.258324	0.15019	0.110026
279	-18.6575	-17.9832	-18.0481	-18.4226	-20.1893	0.371507	0.348169	0.23941	0.0409147	0.0517243
280	-4.23548	-4.13099	-4.14072	-4.19603	-4.44609	0.273443	0.270796	0.256225	0.199537	0.135393
281	-17.4723	-25.1605	-21.6304	-18.3071	-15.8709	8.46967e-05	0.0028903	0.0802158	0.916809	0.490974
282	-4.23548	-4.13099	-4.14072	-4.19603	-4.44609	0.273443	0.270796	0.256225	0.199537	0.135393
283	-8.74332	-8.52013	-8.54097	-8.65999	-9.20235	0.29812	0.291973	0.259209	0.150697	0.110369
284	-30.7649	-42.0354	-36.7442	-31.7934	-28.5885	1.38899e-06	0.000275841	0.0389728	0.96075	0.51006
285	-4.15556	-4.03844	-4.04939	-4.11152	-4.38915	0.276028	0.273022	0.256575	0.194376	0.132752
286	-8.4332	-8.15191	-8.17955	-8.33332	-8.9651	0.307666	0.29928	0.256623	0.136432	0.102747
287	-15.7744	-19.4158	-17.6706	-16.121	-15.3908	0.0111503	0.0638631	0.300769	0.624218	0.35936
288	-11.6882	-11.39	-11.4185	-11.5792	-12.2582	0.310643	0.301895	0.257087	0.130375	0.0996529
289	-4.91022	-4.7969	-4.80751	-4.86766	-5.13618	0.275223	0.272318	0.256422	0.196038	0.133599
290	-8.11982	-7.91601	-7.93494	-8.04329	-8.54269	0.294455	0.288935	0.259265	0.157345	0.113817
291	-4.94535	-4.8281	-4.83907	-4.90131	-5.17889	0.276043	0.27303	0.256557	0.19437	0.132748
292	-4.15556	-4.03844	-4.04939	-4.11152	-4.38915	0.276028	0.273022	0.256575	0.194376	0.132752
293	-3.98162	-3.85646	-3.86822	-3.93475	-4.22864	0.277605	0.27436	0.2567	0.191335	0.131189
294	-4.62873	-4.50529	-4.5169	-4.58257	-4.87217	0.27724	0.274039	0.256623	0.192098	0.131577
295	-3.98162	-3.85646	-3.86822	-3.93475	-4.22864	0.277605	0.27436	0.2567	0.191335	0.131189
296	-8.21993	-8.02397	-8.04284	-8.14874	-8.60844	0.292277	0.286815	0.257993	0.162915	0.116587
297	-4.15556	-4.03844	-4.04939	-4.11152	-4.38915	0.276028	0.273022	0.256575	0.194376	0.132752
298	-9.47521	-9.26365	-9.28363	-9.39686	-9.8972	0.295317	0.289473	0.258485	0.156725	0.113426
299	-4.15556	-4.03844	-4.04939	-4.11152	-4.38915	0.276028	0.273022	0.256575	0.194376	0.132752
300	-13.8995	-13.4286	-13.4732	-13.7287	-14.8946	0.341527	0.326648	0.252986	0.0788392	0.0725927
301	-4.55195	-4.43573	-4.4467	-4.50865	-4.78493	0.275937	0.272926	0.256532	0.194605	0.132867
302	-9.26837	-9.02875	-9.05109	-9.17886	-9.76192	0.301305	0.294647	0.259307	0.144742	0.107294
303	-4.03679	-3.87459	-3.8902	-3.97735	-4.3423	0.284634	0.280225	0.256836	0.178305	0.124453
304	-13.4509	-13.1203	-13.1508	-13.3273	-14.176	0.3194	0.309794	0.259669	0.111137	0.0899226
305	-3.94367	-3.8362	-3.84622	-3.90317	-4.15941	0.274044	0.271309	0.25629	0.198357	0.134788
306	-4.81008	-4.68118	-4.69338	-4.76214	-5.06208	0.278292	0.274918	0.256648	0.190142	0.130566
307	-4.62873	-4.50529	-4.5169	-4.58257	-4.87217	0.27724	0.274039	0.256623	0.192098	0.131577
308	-5.81246	-5.68654	-5.69848	-5.76576	-6.06367	0.277949	0.274648	0.256778	0.190625	0.130828
309	-3.98162	-3.85646	-3.86822	-3.93475	-4.22864	0.277605	0.27436	0.2567	0.191335	0.131189
310	-11.9895	-11.6468	-11.6785	-11.8616	-12.7449	0.321631	0.311611	0.259482	0.107275	0.087906
311	-4.15556	-4.03844	-4.04939	-4.11152	-4.38915	0.276028	0.273022	0.256575	0.194376	0.132752
312	-6.95632	-6.74452	-6.76425	-6.87707	-7.39355	0.295957	0.290174	0.259216	0.154654	0.112419
313	-8.82715	-8.5744	-8.59802	-8.73301	-9.34616	0.303751	0.296659	0.259197	0.140393	0.105032
314	-4.15556	-4.03844	-4.04939	-4.11152	-4.38915	0.276028	0.273022	0.256575	0.194376	0.132752
315	-17.9289	-21.6687	-19.9125	-18.3052	-17.4105	0.00940212	0.0544381	0.271633	0.664527	0.377596
316	-8.0186	-7.67508	-7.70845	-7.89553	-8.66899	0.318526	0.308071	0.255508	0.117895	0.0930467
317	-24.7215	-32.1832	-28.6744	-25.4798	-23.7726	0.000187125	0.00625133	0.152533	0.841028	0.458155
318	-15.9991	-19.6435	-17.8967	-16.3424	-15.6739	0.0115153	0.0660537	0.312548	0.609883	0.352993
319	-3.9605	-3.83768	-3.84931	-3.91489	-4.20586	0.277307	0.274099	0.2567	0.191894	0.131478
320	-3.9605	-3.83768	-3.84931	-3.91489	-4.20586	0.277307	0.274099	0.2567	0.191894	0.131478
321	-4.94535	-4.8281	-4.83907	-4.90131	-5.17889	0.276043	0.27303	0.256557	0.19437	0.132748
322	-10.8689	-10.6008	-10.627	-10.7733	-11.3792	0.305368	0.29746	0.256973	0.1402	0.10473
323	-4.94535	-4.8281	-4.83907	-4.90131	-5.17889	0.276043	0.27303	0.256557	0.19437	0.132748
324	-9.60067	-9.35493	-9.37879	-9.51219	-10.0741	0.301381	0.294277	0.257525	0.146817	0.108207
325	-3.94367	-3.8362	-3.84622	-3.90317	-4.15941	0.274044	0.271309	0.25629	0.198357	0.134788
326	-6.05537	-5.93588	-5.94708	-6.01054	-6.29271	0.276485	0.273407	0.256597	0.193511	0.132306
327	-12.365	-16.2112	-14.4453	-12.7804	-11.5912	0.00718172	0.0419912	0.221923	0.728904	0.406456
328	-8.11982	-7.91601	-7.93494	-8.04329	-8.54269	0.294455	0.288935	0.259265	0.157345	0.113817
329	-23.1301	-30.549	-27.0337	-23.8028	-21.9758	0.000161981	0.00544687	0.137825	0.856566	0.464894
330	-8.96608	-8.74956	-8.76969	-8.88489	-9.41434	0.296922	0.291006	0.25934	0.152733	0.111435
331	-4.65273	-4.52425	-4.53636	-4.60472	-4.90401	0.27819	0.274841	0.256681	0.190288	0.130645
