Sites	Ll	Ll_YN98.omega_1=0.00101136	Ll_YN98.omega_1=0.00103957	Ll_YN98.omega_1=0.00108312	Ll_YN98.omega_1=0.0011992	Ll_YN98.omega_1=1.2723	Pr_YN98.omega_1=0.00101136	Pr_YN98.omega_1=0.00103957	Pr_YN98.omega_1=0.00108312	Pr_YN98.omega_1=0.0011992	Pr_YN98.omega_1=1.2723	mean
57	-4.69169	-4.29054	-4.29061	-4.29072	-4.29101	-5.86657	0.239613	0.239596	0.23957	0.239501	0.0417188	0.0541171
58	-12.1716	-11.8265	-11.8266	-11.8267	-11.8269	-13.479	0.240341	0.240328	0.240309	0.240257	0.0387647	0.0503618
59	-7.00628	-6.42788	-6.42798	-6.42814	-6.42856	-8.83934	0.245431	0.245406	0.245367	0.245264	0.0185322	0.0246418
60	-18.634	-28.6132	-28.5583	-28.4765	-28.2734	-17.8532	2.52135e-05	2.66362e-05	2.8909e-05	3.54185e-05	0.999884	1.27216
61	-8.85052	-8.43822	-8.43829	-8.4384	-8.43869	-10.259	0.241804	0.241787	0.24176	0.241689	0.0329597	0.0429824
62	-3.914	-3.63335	-3.63339	-3.63346	-3.63366	-4.83378	0.235128	0.235117	0.2351	0.235055	0.0595996	0.0768476
63	-6.696	-6.53328	-6.5333	-6.53334	-6.53344	-7.29497	0.227643	0.227638	0.227629	0.227607	0.0894822	0.114835
64	-4.29124	-4.08701	-4.08704	-4.08709	-4.08722	-5.05482	0.231506	0.231499	0.231487	0.231457	0.0740504	0.0952178
65	-3.82391	-3.54567	-3.54572	-3.54579	-3.54597	-4.73059	0.234908	0.234898	0.234881	0.234838	0.0604752	0.0779607
66	-10.8584	-10.2013	-10.2014	-10.2016	-10.202	-13.2129	0.247507	0.247479	0.247436	0.247323	0.0102549	0.0141195
67	-4.15575	-3.84514	-3.84519	-3.84527	-3.84548	-5.14028	0.236404	0.236392	0.236373	0.236322	0.0545083	0.0703755
68	-4.41558	-4.11653	-4.11658	-4.11666	-4.11686	-5.3674	0.23582	0.235809	0.235791	0.235744	0.0568352	0.0733335
69	-11.144	-10.7475	-10.7476	-10.7477	-10.748	-12.5401	0.241571	0.241556	0.241532	0.24147	0.0338714	0.0441414
70	-16.0959	-25.7974	-25.7424	-25.6605	-25.4573	-14.614	1.65123e-05	1.74445e-05	1.89338e-05	2.31999e-05	0.999924	1.27221
71	-7.7653	-7.20252	-7.20262	-7.20278	-7.20318	-9.5783	0.245264	0.24524	0.245202	0.245102	0.0191924	0.0254811
72	-12.6305	-17.3775	-17.3501	-17.3092	-17.2078	-12.7183	0.0107344	0.0110328	0.0114934	0.0127202	0.954019	1.21385
73	-3.63753	-3.2965	-3.29656	-3.29665	-3.29689	-4.69943	0.237732	0.237718	0.237697	0.237639	0.0492135	0.0636446
74	-8.35371	-12.8294	-12.802	-12.7611	-12.6597	-8.11276	0.0101624	0.0104448	0.0108806	0.0120416	0.956471	1.21697
75	-3.82391	-3.54567	-3.54572	-3.54579	-3.54597	-4.73059	0.234908	0.234898	0.234881	0.234838	0.0604752	0.0779607
76	-13.0187	-12.3763	-12.3764	-12.3766	-12.377	-15.5121	0.247804	0.247776	0.247733	0.247618	0.00906772	0.0126104
77	-8.32409	-7.94288	-7.94295	-7.94305	-7.94332	-9.65211	0.240863	0.240848	0.240823	0.240759	0.0367068	0.0477458
78	-16.9706	-26.7841	-26.7292	-26.6473	-26.4441	-15.2258	1.13495e-05	1.19902e-05	1.30139e-05	1.59463e-05	0.999948	1.27224
79	-4.14582	-3.81388	-3.81394	-3.81403	-3.81426	-5.18376	0.237339	0.237325	0.237304	0.237249	0.0507832	0.06564
80	-8.06455	-7.62641	-7.62648	-7.6266	-7.62691	-9.52826	0.242429	0.24241	0.242382	0.242307	0.030472	0.03982
81	-7.00628	-6.42788	-6.42798	-6.42814	-6.42856	-8.83934	0.245431	0.245406	0.245367	0.245264	0.0185322	0.0246418
82	-17.6277	-22.1214	-22.094	-22.0532	-21.9519	-19.0386	0.0441408	0.0453662	0.0472574	0.0522945	0.810941	1.03197
83	-20.2672	-30.5789	-30.5238	-30.4416	-30.2376	-18.44	6.35131e-06	6.71118e-06	7.28629e-06	8.93506e-06	0.999971	1.27227
84	-9.97119	-14.5348	-14.5074	-14.4665	-14.365	-9.70081	0.00908085	0.00933327	0.00972287	0.0107607	0.961102	1.22286
85	-10.1052	-9.68618	-9.68625	-9.68636	-9.68666	-11.5277	0.241968	0.241951	0.241924	0.241852	0.032305	0.0421501
86	-4.14704	-3.85962	-3.85967	-3.85974	-3.85994	-5.08175	0.235429	0.235418	0.235401	0.235355	0.0583955	0.075317
87	-5.0357	-4.78116	-4.7812	-4.78127	-4.78144	-5.93939	0.234523	0.234513	0.234498	0.234458	0.0620086	0.07991
88	-4.54403	-4.33659	-4.33662	-4.33667	-4.3368	-5.30127	0.231453	0.231445	0.231434	0.231403	0.0742657	0.0954915
89	-4.29124	-4.08701	-4.08704	-4.08709	-4.08722	-5.05482	0.231506	0.231499	0.231487	0.231457	0.0740504	0.0952178
90	-4.75093	-4.52482	-4.52486	-4.52491	-4.52506	-5.58612	0.233049	0.23304	0.233027	0.232993	0.0678906	0.0873874
91	-3.82391	-3.54567	-3.54572	-3.54579	-3.54597	-4.73059	0.234908	0.234898	0.234881	0.234838	0.0604752	0.0779607
95	-4.14582	-3.81388	-3.81394	-3.81403	-3.81426	-5.18376	0.237339	0.237325	0.237304	0.237249	0.0507832	0.06564
96	-3.82391	-3.54567	-3.54572	-3.54579	-3.54597	-4.73059	0.234908	0.234898	0.234881	0.234838	0.0604752	0.0779607
97	-4.41294	-4.10678	-4.10683	-4.10691	-4.10711	-5.38353	0.236165	0.236153	0.236134	0.236085	0.0554638	0.0715901
98	-4.30949	-4.09524	-4.09527	-4.09532	-4.09546	-5.10585	0.232228	0.23222	0.232208	0.232176	0.0711694	0.0915554
99	-5.00815	-4.80791	-4.80794	-4.80799	-4.80812	-5.71575	0.230451	0.230444	0.230433	0.230404	0.0782689	0.10058
100	-4.41294	-4.10678	-4.10683	-4.10691	-4.10711	-5.38353	0.236165	0.236153	0.236134	0.236085	0.0554638	0.0715901
101	-4.30949	-4.09524	-4.09527	-4.09532	-4.09546	-5.10585	0.232228	0.23222	0.232208	0.232176	0.0711694	0.0915554
102	-4.69169	-4.29054	-4.29061	-4.29072	-4.29101	-5.86657	0.239613	0.239596	0.23957	0.239501	0.0417188	0.0541171
103	-4.30949	-4.09524	-4.09527	-4.09532	-4.09546	-5.10585	0.232228	0.23222	0.232208	0.232176	0.0711694	0.0915554
104	-16.9584	-16.472	-16.4721	-16.4722	-16.4725	-18.9867	0.24586	0.245842	0.245814	0.245739	0.0167442	0.0223689
105	-11.801	-11.1616	-11.1617	-11.1619	-11.1623	-14.272	0.247744	0.247717	0.247675	0.247565	0.00929897	0.0129043
106	-3.914	-3.63335	-3.63339	-3.63346	-3.63366	-4.83378	0.235128	0.235117	0.2351	0.235055	0.0595996	0.0768476
107	-4.14582	-3.81388	-3.81394	-3.81403	-3.81426	-5.18376	0.237339	0.237325	0.237304	0.237249	0.0507832	0.06564
108	-12.8414	-12.1955	-12.1956	-12.1958	-12.1963	-15.2558	0.24763	0.247601	0.247557	0.247439	0.00977266	0.0135065
109	-8.35256	-7.95192	-7.95199	-7.9521	-7.95238	-9.7323	0.241475	0.241458	0.241432	0.241363	0.0342724	0.0446511
110	-14.2165	-13.5932	-13.5933	-13.5935	-13.5939	-16.4851	0.247182	0.247155	0.247114	0.247004	0.0115448	0.0157593
111	-4.74108	-4.47235	-4.4724	-4.47247	-4.47265	-5.64423	0.234721	0.234711	0.234695	0.234653	0.0612203	0.0789078
112	-4.5926	-4.28677	-4.28682	-4.2869	-4.28711	-5.57391	0.2363	0.236288	0.23627	0.23622	0.0549218	0.0709011
113	-4.5954	-4.35308	-4.35312	-4.35318	-4.35334	-5.46121	0.233776	0.233767	0.233753	0.233716	0.0649873	0.0836966
114	-4.69731	-4.4537	-4.45374	-4.4538	-4.45396	-5.53211	0.233319	0.23331	0.233296	0.233259	0.0668167	0.0860221
115	-9.16547	-8.7063	-8.70638	-8.70651	-8.70684	-10.6872	0.242994	0.242974	0.242944	0.242864	0.028223	0.0369609
116	-7.57871	-7.17047	-7.17054	-7.17065	-7.17093	-8.97008	0.241632	0.241615	0.24159	0.241522	0.0336417	0.0438493
117	-4.41294	-4.10678	-4.10683	-4.10691	-4.10711	-5.38353	0.236165	0.236153	0.236134	0.236085	0.0554638	0.0715901
118	-3.82391	-3.54567	-3.54572	-3.54579	-3.54597	-4.73059	0.234908	0.234898	0.234881	0.234838	0.0604752	0.0779607
119	-3.63753	-3.2965	-3.29656	-3.29665	-3.29689	-4.69943	0.237732	0.237718	0.237697	0.237639	0.0492135	0.0636446
120	-4.41558	-4.11653	-4.11658	-4.11666	-4.11686	-5.3674	0.23582	0.235809	0.235791	0.235744	0.0568352	0.0733335
121	-4.41294	-4.10678	-4.10683	-4.10691	-4.10711	-5.38353	0.236165	0.236153	0.236134	0.236085	0.0554638	0.0715901
122	-4.69169	-4.29054	-4.29061	-4.29072	-4.29101	-5.86657	0.239613	0.239596	0.23957	0.239501	0.0417188	0.0541171
123	-4.00581	-3.77656	-3.77659	-3.77665	-3.7768	-4.81257	0.232644	0.232636	0.232623	0.232588	0.0695089	0.0894445
124	-13.1572	-12.4352	-12.4353	-12.4355	-12.436	-15.8944	0.248434	0.248403	0.248355	0.248227	0.00657956	0.00944737
125	-10.0033	-9.49114	-9.49123	-9.49136	-9.4917	-11.7724	0.244788	0.244768	0.244736	0.244652	0.0210547	0.0278485
126	-4.29124	-4.08701	-4.08704	-4.08709	-4.08722	-5.05482	0.231506	0.231499	0.231487	0.231457	0.0740504	0.0952178
127	-9.77975	-9.47389	-9.47394	-9.47401	-9.4742	-10.9424	0.23847	0.238459	0.238441	0.238396	0.0462346	0.0598577
128	-3.82391	-3.54567	-3.54572	-3.54579	-3.54597	-4.73059	0.234908	0.234898	0.234881	0.234838	0.0604752	0.0779607
129	-4.00581	-3.77656	-3.77659	-3.77665	-3.7768	-4.81257	0.232644	0.232636	0.232623	0.232588	0.0695089	0.0894445
130	-4.30949	-4.09524	-4.09527	-4.09532	-4.09546	-5.10585	0.232228	0.23222	0.232208	0.232176	0.0711694	0.0915554
131	-3.9677	-3.63728	-3.63733	-3.63742	-3.63765	-4.99917	0.237242	0.237228	0.237208	0.237153	0.0511691	0.0661306
132	-3.914	-3.63335	-3.63339	-3.63346	-3.63366	-4.83378	0.235128	0.235117	0.2351	0.235055	0.0595996	0.0768476
133	-4.00581	-3.77656	-3.77659	-3.77665	-3.7768	-4.81257	0.232644	0.232636	0.232623	0.232588	0.0695089	0.0894445
134	-4.30949	-4.09524	-4.09527	-4.09532	-4.09546	-5.10585	0.232228	0.23222	0.232208	0.232176	0.0711694	0.0915554
135	-4.26363	-3.93554	-3.93559	-3.93567	-3.9359	-5.288	0.237126	0.237113	0.237093	0.23704	0.0516289	0.0667151
136	-3.914	-3.63335	-3.63339	-3.63346	-3.63366	-4.83378	0.235128	0.235117	0.2351	0.235055	0.0595996	0.0768476
137	-3.9677	-3.63728	-3.63733	-3.63742	-3.63765	-4.99917	0.237242	0.237228	0.237208	0.237153	0.0511691	0.0661306
138	-4.62316	-4.36792	-4.36796	-4.36803	-4.3682	-5.5144	0.234351	0.234341	0.234326	0.234286	0.0626957	0.0807835
139	-4.41294	-4.10678	-4.10683	-4.10691	-4.10711	-5.38353	0.236165	0.236153	0.236134	0.236085	0.0554638	0.0715901
140	-7.56796	-7.16822	-7.16829	-7.16839	-7.16867	-8.93774	0.241383	0.241366	0.241342	0.241276	0.0346336	0.0451102
141	-3.62853	-3.29137	-3.29143	-3.29152	-3.29176	-4.68116	0.237577	0.237563	0.237542	0.237485	0.0498318	0.0644306
142	-3.9677	-3.63728	-3.63733	-3.63742	-3.63765	-4.99917	0.237242	0.237228	0.237208	0.237153	0.0511691	0.0661306
143	-4.69731	-4.4537	-4.45374	-4.4538	-4.45396	-5.53211	0.233319	0.23331	0.233296	0.233259	0.0668167	0.0860221
144	-8.36974	-7.90806	-7.90814	-7.90826	-7.9086	-9.89969	0.243068	0.243048	0.243018	0.242937	0.0279291	0.0365873
145	-4.14704	-3.85962	-3.85967	-3.85974	-3.85994	-5.08175	0.235429	0.235418	0.235401	0.235355	0.0583955	0.075317
146	-3.9677	-3.63728	-3.63733	-3.63742	-3.63765	-4.99917	0.237242	0.237228	0.237208	0.237153	0.0511691	0.0661306
147	-4.14582	-3.81388	-3.81394	-3.81403	-3.81426	-5.18376	0.237339	0.237325	0.237304	0.237249	0.0507832	0.06564
148	-4.15575	-3.84514	-3.84519	-3.84527	-3.84548	-5.14028	0.236404	0.236392	0.236373	0.236322	0.0545083	0.0703755
149	-4.41558	-4.11653	-4.11658	-4.11666	-4.11686	-5.3674	0.23582	0.235809	0.235791	0.235744	0.0568352	0.0733335
150	-9.97161	-14.6242	-14.5967	-14.5558	-14.4544	-9.68746	0.00822544	0.00845412	0.0088071	0.00974744	0.964766	1.22751
151	-4.32501	-4.00825	-4.00831	-4.00839	-4.00861	-5.32908	0.236732	0.23672	0.2367	0.236648	0.0531998	0.068712
152	-4.5926	-4.28677	-4.28682	-4.2869	-4.28711	-5.57391	0.2363	0.236288	0.23627	0.23622	0.0549218	0.0709011
153	-17.8713	-29.3133	-29.2585	-29.1766	-28.9735	-19.0684	4.21999e-05	4.45808e-05	4.83843e-05	5.92778e-05	0.999806	1.27206
204	-4.54403	-4.33659	-4.33662	-4.33667	-4.3368	-5.30127	0.231453	0.231445	0.231434	0.231403	0.0742657	0.0954915
205	-18.945	-35.5305	-35.4481	-35.3251	-35.0202	-17.7718	2.30264e-08	2.50042e-08	2.82746e-08	3.83538e-08	1	1.2723
206	-9.40702	-13.848	-13.8206	-13.7797	-13.6783	-9.01472	0.00908693	0.0093395	0.00972932	0.0107677	0.961077	1.22282
207	-4.01788	-3.78353	-3.78357	-3.78363	-3.78378	-4.8396	0.232966	0.232958	0.232944	0.232909	0.0682231	0.08781
208	-11.0166	-22.404	-22.3491	-22.2673	-22.0641	-11.4805	2.14109e-05	2.26192e-05	2.45494e-05	3.00781e-05	0.999901	1.27218
209	-11.311	-22.7017	-22.6468	-22.5649	-22.3618	-11.6833	1.94731e-05	2.05721e-05	2.23277e-05	2.73563e-05	0.99991	1.27219
210	-8.96031	-13.3426	-13.3152	-13.2743	-13.1729	-8.51339	0.00912247	0.00937604	0.00976741	0.01081	0.960924	1.22263
211	-7.96162	-7.53797	-7.53804	-7.53815	-7.53844	-9.39134	0.24206	0.242042	0.242016	0.241945	0.031937	0.0416823
212	-13.0683	-17.7967	-17.7693	-17.7283	-17.6267	-12.3627	0.0050727	0.00521388	0.00543181	0.00601245	0.978269	1.24468
213	-4.01788	-3.78353	-3.78357	-3.78363	-3.78378	-4.8396	0.232966	0.232958	0.232944	0.232909	0.0682231	0.08781
214	-7.46674	-6.97695	-6.97703	-6.97716	-6.97748	-9.1177	0.244012	0.243992	0.243962	0.243881	0.0241532	0.0317874
215	-8.77592	-8.36112	-8.36119	-8.36129	-8.36156	-10.2696	0.242471	0.242455	0.242431	0.242366	0.0302775	0.0395727
216	-4.21445	-3.93517	-3.93521	-3.93528	-3.93546	-5.12424	0.234967	0.234956	0.23494	0.234897	0.0602391	0.0776606
217	-10.8958	-10.5037	-10.5038	-10.5039	-10.5041	-12.2529	0.241211	0.241195	0.241171	0.241105	0.0353181	0.0459805
218	-4.35016	-4.09273	-4.09277	-4.09283	-4.093	-5.20065	0.233774	0.233765	0.23375	0.233711	0.0650002	0.083713
219	-4.60009	-4.39278	-4.39282	-4.39287	-4.393	-5.35971	0.231491	0.231484	0.231472	0.231442	0.0741113	0.0952952
220	-11.278	-10.7523	-10.7524	-10.7525	-10.7529	-13.2936	0.245975	0.245954	0.245922	0.245837	0.0163116	0.0218189
221	-3.89629	-3.68414	-3.68418	-3.68423	-3.68436	-4.64347	0.231361	0.231353	0.231341	0.23131	0.0746343	0.0959601
222	-7.5936	-7.13708	-7.13715	-7.13726	-7.13756	-9.16852	0.243328	0.243311	0.243283	0.24321	0.0268677	0.0352381
223	-3.85904	-3.5754	-3.57545	-3.57552	-3.57571	-4.77912	0.235174	0.235163	0.235146	0.235101	0.0594157	0.0766138
224	-4.85287	-4.62678	-4.62682	-4.62688	-4.62702	-5.64888	0.232418	0.232409	0.232396	0.232362	0.0704144	0.0905956
225	-8.40337	-8.0186	-8.01866	-8.01875	-8.019	-9.74008	0.240968	0.240954	0.240931	0.240871	0.0362754	0.0471974
226	-12.9275	-12.3998	-12.3999	-12.4	-12.4004	-14.9778	0.246119	0.246098	0.246067	0.245983	0.0157339	0.0210845
227	-3.54361	-3.242	-3.24205	-3.24213	-3.24234	-4.50282	0.235954	0.235942	0.235924	0.235876	0.0563043	0.0726586
228	-4.05087	-3.79617	-3.79621	-3.79628	-3.79644	-4.89594	0.23365	0.23364	0.233626	0.233587	0.0654976	0.0843453
229	-4.35016	-4.09273	-4.09277	-4.09283	-4.093	-5.20065	0.233774	0.233765	0.23375	0.233711	0.0650002	0.083713
230	-3.85904	-3.5754	-3.57545	-3.57552	-3.57571	-4.77912	0.235174	0.235163	0.235146	0.235101	0.0594157	0.0766138
231	-9.51259	-9.01217	-9.01225	-9.01238	-9.01271	-11.2011	0.24429	0.24427	0.244239	0.244156	0.0230437	0.0303769
232	-3.89629	-3.68414	-3.68418	-3.68423	-3.68436	-4.64347	0.231361	0.231353	0.231341	0.23131	0.0746343	0.0959601
233	-3.8814	-3.59123	-3.59127	-3.59135	-3.59154	-4.81109	0.235398	0.235387	0.23537	0.235324	0.05852	0.0754752
234	-3.74723	-3.50507	-3.50511	-3.50517	-3.50532	-4.56085	0.232962	0.232953	0.23294	0.232903	0.0682413	0.0878331
235	-13.7684	-13.2719	-13.2719	-13.2721	-13.2724	-15.6718	0.245366	0.245346	0.245315	0.245232	0.0187413	0.0249076
236	-7.6308	-7.30221	-7.30226	-7.30234	-7.30256	-8.79701	0.23876	0.238747	0.238728	0.238677	0.0450879	0.0584
237	-9.27081	-8.92202	-8.92208	-8.92217	-8.92241	-10.5034	0.239659	0.239645	0.239624	0.239567	0.0415051	0.0538454
238	-17.1779	-16.6146	-16.6147	-16.6149	-16.6152	-19.677	0.247621	0.247598	0.247562	0.247467	0.00975185	0.0134801
239	-4.41101	-4.22189	-4.22192	-4.22197	-4.22209	-5.10068	0.229919	0.229913	0.229902	0.229875	0.0803909	0.103278
240	-11.8603	-16.8978	-16.8704	-16.8294	-16.7278	-11.3068	0.00434909	0.00447015	0.00465703	0.00515496	0.981369	1.24862
241	-10.3787	-9.87431	-9.87439	-9.87451	-9.87484	-12.3162	0.245554	0.245534	0.245504	0.245423	0.017985	0.0239462
242	-10.3499	-9.92226	-9.92233	-9.92245	-9.92275	-11.7963	0.242219	0.242202	0.242174	0.242102	0.0313033	0.0408768
254	-7.56215	-7.19249	-7.19255	-7.19264	-7.1929	-8.86289	0.240512	0.240497	0.240474	0.240412	0.0381042	0.0495221
255	-21.0529	-37.0745	-36.9921	-36.8692	-36.5644	-20.9085	1.13216e-07	1.2294e-07	1.39018e-07	1.88568e-07	0.999999	1.2723
288	-24.9104	-29.4802	-29.4528	-29.412	-29.3107	-26.7505	0.0581772	0.0597922	0.0622847	0.0689232	0.750823	0.955547
289	-14.0028	-23.1242	-23.0693	-22.9874	-22.7843	-12.1944	2.1278e-05	2.24787e-05	2.4397e-05	2.98912e-05	0.999902	1.27218
290	-17.262	-26.2671	-26.2122	-26.1303	-25.9272	-15.5868	2.73059e-05	2.8847e-05	3.13089e-05	3.83606e-05	0.999874	1.27215
389	-22.3961	-43.9916	-43.8817	-43.7177	-43.311	-19.8066	3.72661e-11	4.15961e-11	4.90078e-11	7.36047e-11	1	1.2723
390	-4.32564	-4.17622	-4.17624	-4.17627	-4.17637	-4.89929	0.226843	0.226838	0.22683	0.226809	0.0926784	0.118898
391	-7.7552	-7.58513	-7.58516	-7.5852	-7.5853	-8.50707	0.230701	0.230695	0.230686	0.230661	0.0772572	0.0992943
392	-4.16382	-4.02588	-4.0259	-4.02593	-4.02602	-4.69847	0.225759	0.225754	0.225747	0.225727	0.097012	0.124407
393	-12.2842	-17.0203	-16.9928	-16.9518	-16.8502	-11.3225	0.0039162	0.00402528	0.00419367	0.00464239	0.983222	1.25098
394	-4.17331	-4.03204	-4.03206	-4.03209	-4.03218	-4.71909	0.226074	0.22607	0.226062	0.226042	0.0957522	0.122806
395	-8.65341	-8.41754	-8.41757	-8.41763	-8.41778	-9.63344	0.235338	0.235329	0.235316	0.23528	0.0587372	0.0757513
396	-8.42201	-13.3299	-13.3024	-13.2614	-13.1597	-7.30971	0.00285013	0.00292953	0.0030521	0.00337874	0.98779	1.25678
397	-13.2982	-18.2529	-18.2254	-18.1844	-18.0828	-12.8805	0.00538782	0.00553782	0.00576936	0.00638633	0.976919	1.24296
398	-9.13961	-8.88605	-8.88609	-8.88615	-8.88631	-10.2028	0.236672	0.236663	0.236649	0.236612	0.0534034	0.0689708
399	-4.00528	-3.86075	-3.86078	-3.86081	-3.8609	-4.56192	0.226378	0.226373	0.226366	0.226345	0.0945369	0.121261
400	-12.6731	-17.4944	-17.4669	-17.426	-17.3243	-11.917	0.00440739	0.00453013	0.0047196	0.00522448	0.981118	1.2483
401	-19.0108	-29.1725	-29.1175	-29.0355	-28.8321	-16.7356	4.71442e-06	4.98084e-06	5.4065e-06	6.62608e-06	0.999978	1.27228
402	-6.22057	-6.13469	-6.13471	-6.13472	-6.13477	-6.57698	0.220222	0.220219	0.220215	0.220204	0.11914	0.152537
403	-4.16382	-4.02588	-4.0259	-4.02593	-4.02602	-4.69847	0.225759	0.225754	0.225747	0.225727	0.097012	0.124407
404	-23.9562	-34.0353	-33.9803	-33.8983	-33.6949	-21.6603	5.01519e-06	5.29862e-06	5.75146e-06	7.04892e-06	0.999977	1.27228
405	-11.4884	-16.538	-16.5106	-16.4696	-16.368	-10.8778	0.00406329	0.00417643	0.00435109	0.0048165	0.982593	1.25018
406	-4.16382	-4.02588	-4.0259	-4.02593	-4.02602	-4.69847	0.225759	0.225754	0.225747	0.225727	0.097012	0.124407
407	-13.3147	-23.3755	-23.3205	-23.2385	-23.0351	-10.7664	3.96893e-06	4.19323e-06	4.5516e-06	5.57837e-06	0.999982	1.27228
408	-11.447	-16.0765	-16.049	-16.0081	-15.9065	-10.6946	0.00533753	0.00548613	0.00571552	0.00632673	0.977134	1.24324
409	-15.3018	-20.2895	-20.262	-20.2211	-20.1194	-14.7323	0.00449586	0.00462104	0.00481429	0.00532921	0.98074	1.24782
410	-8.22945	-7.98957	-7.9896	-7.98966	-7.98981	-9.24821	0.235917	0.235909	0.235895	0.23586	0.0564183	0.0728035
411	-4.00528	-3.86075	-3.86078	-3.86081	-3.8609	-4.56192	0.226378	0.226373	0.226366	0.226345	0.0945369	0.121261
412	-15.2885	-25.8509	-25.7959	-25.7139	-25.5105	-12.9541	2.97653e-06	3.14478e-06	3.41359e-06	4.18382e-06	0.999986	1.27229
413	-10.0359	-9.7976	-9.79764	-9.79769	-9.79784	-11.0319	0.23559	0.235581	0.235568	0.235534	0.0577269	0.074467
414	-11.8044	-11.507	-11.5071	-11.5072	-11.5074	-13.1095	0.23986	0.239849	0.239832	0.239787	0.0406727	0.0527873
415	-13.0793	-17.8744	-17.847	-17.806	-17.7044	-12.3634	0.00470407	0.00483506	0.00503726	0.00557604	0.979848	1.24669
416	-3.29114	-3.11243	-3.11245	-3.1125	-3.11261	-3.95728	0.229282	0.229276	0.229266	0.22924	0.0829346	0.106512
417	-3.81406	-3.64363	-3.64365	-3.64369	-3.6438	-4.45601	0.228656	0.22865	0.228641	0.228616	0.0854374	0.109693
418	-6.40549	-6.31997	-6.31999	-6.32001	-6.32006	-6.75784	0.220106	0.220103	0.220099	0.220088	0.119605	0.153128
419	-12.9926	-12.696	-12.696	-12.6961	-12.6963	-14.3432	0.240287	0.240276	0.24026	0.240216	0.0389602	0.0506104
420	-3.58991	-3.41936	-3.41939	-3.41943	-3.41953	-4.23065	0.228635	0.228629	0.228619	0.228595	0.085523	0.109802
421	-9.65641	-14.7278	-14.7003	-14.6593	-14.5577	-8.81214	0.00315993	0.00324795	0.00338383	0.00374591	0.986462	1.2551
422	-7.83781	-12.6862	-12.6587	-12.6177	-12.5161	-6.74822	0.0030911	0.0031772	0.00331011	0.0036643	0.986757	1.25547
423	-14.1739	-18.9854	-18.9579	-18.917	-18.8154	-13.551	0.00507066	0.00521185	0.00542979	0.00601052	0.978277	1.24469
424	-11.5205	-11.2698	-11.2699	-11.2699	-11.2701	-12.6871	0.237887	0.237878	0.237864	0.237828	0.0485431	0.0627924
425	-11.3646	-11.0764	-11.0765	-11.0766	-11.0767	-12.6919	0.239985	0.239974	0.239958	0.239915	0.0401689	0.0521469
426	-10.4147	-15.4097	-15.3822	-15.3412	-15.2396	-9.70696	0.00389713	0.00400566	0.0041732	0.00461962	0.983304	1.25108
427	-10.0793	-15.1963	-15.1688	-15.1278	-15.0262	-9.19443	0.00290214	0.00298298	0.00310778	0.00344034	0.987567	1.2565
431	-3.73268	-3.60639	-3.60641	-3.60644	-3.60652	-4.22852	0.22463	0.224626	0.224619	0.224602	0.101523	0.130141
432	-3.74549	-3.61255	-3.61257	-3.6126	-3.61268	-4.26382	0.225288	0.225283	0.225276	0.225258	0.0988951	0.126801
433	-3.81406	-3.64363	-3.64365	-3.64369	-3.6438	-4.45601	0.228656	0.22865	0.228641	0.228616	0.0854374	0.109693
434	-3.73268	-3.60639	-3.60641	-3.60644	-3.60652	-4.22852	0.22463	0.224626	0.224619	0.224602	0.101523	0.130141
435	-15.1588	-19.749	-19.7215	-19.6806	-19.579	-14.7249	0.00755934	0.00776976	0.00809457	0.00896003	0.967616	1.23114
436	-17.7262	-27.7865	-27.7316	-27.6496	-27.4461	-15.3233	4.59207e-06	4.85159e-06	5.26622e-06	6.45422e-06	0.999979	1.27228
437	-15.8073	-20.8677	-20.8402	-20.7993	-20.6977	-15.4583	0.00519616	0.00534082	0.00556412	0.00615912	0.97774	1.24401
438	-9.18864	-8.94931	-8.94934	-8.9494	-8.94955	-10.1869	0.235635	0.235626	0.235613	0.235577	0.0575502	0.0742423
439	-3.98975	-3.82602	-3.82605	-3.82608	-3.82619	-4.61111	0.228116	0.22811	0.228101	0.228078	0.0875946	0.112435
440	-3.58991	-3.41936	-3.41939	-3.41943	-3.41953	-4.23065	0.228635	0.228629	0.228619	0.228595	0.085523	0.109802
441	-14.8829	-24.723	-24.6681	-24.5861	-24.3827	-12.4879	5.76831e-06	6.09426e-06	6.61502e-06	8.10704e-06	0.999973	1.27227
442	-13.4834	-18.4811	-18.4537	-18.4127	-18.3111	-12.8919	0.00435703	0.00447836	0.00466565	0.00516471	0.981334	1.24858
443	-4.04561	-3.92068	-3.9207	-3.92073	-3.92081	-4.53773	0.224514	0.22451	0.224503	0.224486	0.101987	0.130731
444	-3.29114	-3.11243	-3.11245	-3.1125	-3.11261	-3.95728	0.229282	0.229276	0.229266	0.22924	0.0829346	0.106512
445	-3.79889	-3.64657	-3.6466	-3.64663	-3.64672	-4.38415	0.227147	0.227141	0.227133	0.227112	0.0914663	0.117357
446	-3.98975	-3.82602	-3.82605	-3.82608	-3.82619	-4.61111	0.228116	0.22811	0.228101	0.228078	0.0875946	0.112435
447	-4.18262	-4.03976	-4.03979	-4.03982	-4.0399	-4.74296	0.226421	0.226417	0.226409	0.22639	0.0943632	0.12104
448	-3.81406	-3.64363	-3.64365	-3.64369	-3.6438	-4.45601	0.228656	0.22865	0.228641	0.228616	0.0854374	0.109693
449	-4.12879	-3.97629	-3.97632	-3.97635	-3.97645	-4.7176	0.227224	0.227219	0.227211	0.22719	0.0911567	0.116964
450	-3.29114	-3.11243	-3.11245	-3.1125	-3.11261	-3.95728	0.229282	0.229276	0.229266	0.22924	0.0829346	0.106512
451	-3.5489	-3.41138	-3.4114	-3.41143	-3.41151	-4.08975	0.225885	0.22588	0.225873	0.225855	0.0965064	0.123764
452	-4.12879	-3.97629	-3.97632	-3.97635	-3.97645	-4.7176	0.227224	0.227219	0.227211	0.22719	0.0911567	0.116964
453	-8.25994	-8.01535	-8.01539	-8.01544	-8.0156	-9.28358	0.236045	0.236036	0.236023	0.235987	0.0559101	0.0721574
454	-4.13036	-3.97933	-3.97935	-3.97938	-3.97948	-4.70762	0.226953	0.226948	0.22694	0.226918	0.0922408	0.118342
455	-4.13036	-3.97933	-3.97935	-3.97938	-3.97948	-4.70762	0.226953	0.226948	0.22694	0.226918	0.0922408	0.118342
456	-11.1182	-10.9263	-10.9263	-10.9263	-10.9265	-11.9156	0.231871	0.231864	0.231854	0.231826	0.072586	0.0933562
457	-3.29114	-3.11243	-3.11245	-3.1125	-3.11261	-3.95728	0.229282	0.229276	0.229266	0.22924	0.0829346	0.106512
458	-3.73268	-3.60639	-3.60641	-3.60644	-3.60652	-4.22852	0.22463	0.224626	0.224619	0.224602	0.101523	0.130141
459	-15.5589	-15.2781	-15.2781	-15.2782	-15.2784	-16.886	0.23991	0.2399	0.239885	0.239845	0.0404602	0.0525172
460	-10.5041	-10.1994	-10.1994	-10.1995	-10.1997	-11.8692	0.240498	0.240487	0.24047	0.240423	0.0381219	0.0495447
461	-11.8945	-11.6136	-11.6136	-11.6137	-11.6139	-13.222	0.239917	0.239906	0.23989	0.239847	0.0404395	0.0524909
462	-9.08119	-13.9109	-13.8835	-13.8425	-13.7408	-8.09732	0.00349419	0.00359151	0.00374175	0.0041421	0.98503	1.25328
463	-3.98975	-3.82602	-3.82605	-3.82608	-3.82619	-4.61111	0.228116	0.22811	0.228101	0.228078	0.0875946	0.112435
464	-9.40363	-9.15577	-9.15581	-9.15587	-9.15603	-10.3865	0.235543	0.235534	0.23552	0.235482	0.0579214	0.0747142
465	-3.73268	-3.60639	-3.60641	-3.60644	-3.60652	-4.22852	0.22463	0.224626	0.224619	0.224602	0.101523	0.130141
466	-11.7668	-16.6249	-16.5975	-16.5565	-16.4549	-11.085	0.00457254	0.00469988	0.00489647	0.00542031	0.980411	1.2474
467	-12.7103	-17.4652	-17.4378	-17.3968	-17.2952	-12.0659	0.00524747	0.00539359	0.00561916	0.0062202	0.97752	1.24373
468	-6.91844	-6.81319	-6.81321	-6.81323	-6.8133	-7.34081	0.222391	0.222387	0.222382	0.222368	0.110473	0.141519
469	-15.0023	-20.0483	-20.0208	-19.9799	-19.8783	-14.7099	0.00556929	0.00572436	0.00596373	0.00660157	0.976141	1.24198
470	-3.58991	-3.41936	-3.41939	-3.41943	-3.41953	-4.23065	0.228635	0.228629	0.228619	0.228595	0.085523	0.109802
471	-3.56762	-3.43219	-3.43221	-3.43225	-3.43233	-4.09516	0.225547	0.225543	0.225536	0.225517	0.0978579	0.125482
477	-7.06872	-6.96618	-6.96619	-6.96621	-6.96628	-7.48792	0.222246	0.222242	0.222237	0.222224	0.111051	0.142254
478	-9.29875	-9.08344	-9.08347	-9.08352	-9.08365	-10.2451	0.234568	0.23456	0.234549	0.234518	0.061806	0.0796524
479	-18.3752	-28.762	-28.707	-28.625	-28.4215	-16.0414	3.54993e-06	3.75057e-06	4.07115e-06	4.98967e-06	0.999984	1.27228
480	-10.4085	-15.5178	-15.4904	-15.4494	-15.3477	-9.50344	0.00286638	0.00294623	0.0030695	0.00339799	0.98772	1.25669
481	-11.4482	-16.5945	-16.5671	-16.5261	-16.4244	-10.6712	0.00313605	0.00322341	0.00335826	0.00371763	0.986565	1.25523
482	-3.58991	-3.41936	-3.41939	-3.41943	-3.41953	-4.23065	0.228635	0.228629	0.228619	0.228595	0.085523	0.109802
483	-8.6509	-8.37089	-8.37093	-8.371	-8.37117	-9.81783	0.238228	0.238218	0.238202	0.23816	0.0471926	0.0610756
484	-4.2304	-4.06667	-4.0667	-4.06674	-4.06684	-4.85064	0.228093	0.228088	0.228079	0.228056	0.0876844	0.11255
485	-12.7992	-12.4965	-12.4965	-12.4966	-12.4968	-14.1991	0.240794	0.240783	0.240766	0.24072	0.0369378	0.0480394
486	-3.79889	-3.64657	-3.6466	-3.64663	-3.64672	-4.38415	0.227147	0.227141	0.227133	0.227112	0.0914663	0.117357
487	-3.28478	-3.10849	-3.10851	-3.10856	-3.10867	-3.94377	0.229099	0.229093	0.229084	0.229058	0.0836654	0.107441
488	-6.82692	-6.73386	-6.73387	-6.73389	-6.73394	-7.21666	0.221269	0.221266	0.221262	0.22125	0.114953	0.147214
489	-4.08356	-3.93437	-3.93439	-3.93443	-3.93452	-4.66696	0.227042	0.227037	0.22703	0.227009	0.091882	0.117886
490	-11.9935	-11.7849	-11.7849	-11.7849	-11.7851	-12.8631	0.233312	0.233305	0.233293	0.233263	0.0668268	0.0860349
491	-4.47674	-4.28905	-4.28908	-4.28912	-4.28924	-5.17699	0.230088	0.230081	0.230071	0.230044	0.0797163	0.10242
