Sites	Ll	Ll_YN98.omega_1=0.00308907	Ll_YN98.omega_1=0.0215179	Ll_YN98.omega_1=0.141902	Ll_YN98.omega_1=0.660191	Pr_YN98.omega_1=0.00308907	Pr_YN98.omega_1=0.0215179	Pr_YN98.omega_1=0.141902	Pr_YN98.omega_1=0.660191	mean
57	-4.70688	-4.29584	-4.34161	-4.60665	-5.32987	0.328548	0.313852	0.240777	0.116823	0.119061
58	-12.187	-11.8323	-11.8675	-12.0884	-12.8703	0.323243	0.312068	0.250208	0.11448	0.118798
59	-7.06851	-6.44371	-6.51243	-6.92049	-8.07873	0.363727	0.339572	0.225793	0.0709081	0.0872839
60	-18.7448	-26.3009	-22.5067	-19.2786	-17.9447	0.000184395	0.00819549	0.206768	0.784852	0.54767
61	-8.90475	-8.47843	-8.52473	-8.79941	-9.63403	0.333883	0.318778	0.24221	0.105129	0.111666
62	-3.91698	-3.63562	-3.66579	-3.8442	-4.38485	0.307243	0.298112	0.249401	0.145243	0.138643
63	-6.69158	-6.53412	-6.54978	-6.64684	-6.98491	0.284496	0.280075	0.254169	0.18126	0.162639
64	-4.28273	-4.08707	-4.10704	-4.22894	-4.64534	0.292385	0.286603	0.253711	0.167301	0.153523
65	-3.8274	-3.54928	-3.57877	-3.75472	-4.29209	0.306655	0.297742	0.249705	0.145899	0.139109
66	-10.9201	-10.1975	-10.2735	-10.7437	-12.2414	0.379432	0.351674	0.219748	0.0491452	0.0723673
67	-4.16166	-3.84915	-3.88295	-4.08192	-4.66842	0.312515	0.302127	0.247616	0.137742	0.13354
68	-4.42042	-4.12067	-4.15246	-4.34207	-4.9142	0.310333	0.300623	0.248698	0.140347	0.135374
69	-11.1752	-10.7614	-10.804	-11.0658	-11.9198	0.332231	0.318388	0.245062	0.104318	0.111522
70	-15.9026	-23.475	-19.6612	-16.3191	-14.7532	0.000133993	0.00607269	0.171732	0.822061	0.567218
71	-7.82718	-7.21799	-7.28486	-7.68303	-8.82449	0.361791	0.338392	0.227246	0.0725712	0.0885566
72	-12.7248	-16.324	-14.4447	-12.9283	-12.5333	0.0122442	0.080184	0.365308	0.542264	0.411599
73	-3.64519	-3.30045	-3.33862	-3.55958	-4.19045	0.317972	0.306064	0.245387	0.130577	0.128595
74	-8.26818	-11.7304	-9.85831	-8.3811	-8.00394	0.0129005	0.0838774	0.367441	0.535782	0.407703
75	-3.8274	-3.54928	-3.57877	-3.75472	-4.29209	0.306655	0.297742	0.249705	0.145899	0.139109
76	-13.1016	-12.3941	-12.4699	-12.9346	-14.4213	0.378615	0.350995	0.220523	0.0498671	0.0729367
77	-8.34271	-7.9528	-7.99489	-8.24501	-9.02124	0.327984	0.314463	0.244876	0.112677	0.116916
78	-16.8738	-24.5186	-20.7027	-17.3349	-15.5496	0.000108464	0.00492639	0.142924	0.852041	0.582897
79	-4.15293	-3.81791	-3.85473	-4.06903	-4.68645	0.316321	0.304885	0.246077	0.132717	0.130075
80	-8.12268	-7.67177	-7.72073	-8.01056	-8.88315	0.337538	0.321409	0.240539	0.100514	0.10845
81	-7.06851	-6.44371	-6.51243	-6.92049	-8.07873	0.363727	0.339572	0.225793	0.0709081	0.0872839
82	-17.6321	-20.9403	-19.0864	-17.753	-18.2022	0.0212461	0.135651	0.514672	0.32843	0.292844
83	-20.0281	-28.2226	-24.2928	-20.5166	-18.6154	5.83244e-05	0.00296871	0.12958	0.867393	0.591097
84	-9.87024	-13.3945	-11.5162	-10.0062	-9.57515	0.0120876	0.0790813	0.357969	0.550862	0.41621
85	-10.1244	-9.68795	-9.7351	-10.0163	-10.869	0.335454	0.320006	0.241569	0.102971	0.110182
86	-4.15172	-3.86869	-3.89894	-4.07802	-4.62208	0.307494	0.298332	0.249416	0.144759	0.13833
87	-5.02984	-4.78353	-4.80944	-4.96439	-5.4659	0.301714	0.293997	0.251797	0.152492	0.143663
88	-4.53947	-4.34112	-4.36143	-4.485	-4.90184	0.292681	0.286798	0.25346	0.167062	0.153335
89	-4.28273	-4.08707	-4.10704	-4.22894	-4.64534	0.292385	0.286603	0.253711	0.167301	0.153523
90	-4.74075	-4.52337	-4.54581	-4.68181	-5.13823	0.29656	0.289978	0.253107	0.160355	0.148937
91	-3.8274	-3.54928	-3.57877	-3.75472	-4.29209	0.306655	0.297742	0.249705	0.145899	0.139109
95	-4.15293	-3.81791	-3.85473	-4.06903	-4.68645	0.316321	0.304885	0.246077	0.132717	0.130075
96	-3.8274	-3.54928	-3.57877	-3.75472	-4.29209	0.306655	0.297742	0.249705	0.145899	0.139109
97	-4.41855	-4.11319	-4.14594	-4.33968	-4.91677	0.311251	0.301224	0.24817	0.139354	0.13466
98	-4.30061	-4.09529	-4.11636	-4.24455	-4.67881	0.294254	0.288118	0.253455	0.164173	0.15146
99	-5.00256	-4.80836	-4.8281	-4.94871	-5.3514	0.291504	0.285806	0.253332	0.169358	0.154807
100	-4.41855	-4.11319	-4.14594	-4.33968	-4.91677	0.311251	0.301224	0.24817	0.139354	0.13466
101	-4.30061	-4.09529	-4.11636	-4.24455	-4.67881	0.294254	0.288118	0.253455	0.164173	0.15146
102	-4.70688	-4.29584	-4.34161	-4.60665	-5.32987	0.328548	0.313852	0.240777	0.116823	0.119061
103	-4.30061	-4.09529	-4.11636	-4.24455	-4.67881	0.294254	0.288118	0.253455	0.164173	0.15146
104	-16.9762	-16.4658	-16.5161	-16.8364	-18.0263	0.350721	0.333506	0.242111	0.0736615	0.0912464
105	-11.8698	-11.1589	-11.2333	-11.6966	-13.228	0.378976	0.351801	0.221358	0.0478659	0.0717524
106	-3.91698	-3.63562	-3.66579	-3.8442	-4.38485	0.307243	0.298112	0.249401	0.145243	0.138643
107	-4.15293	-3.81791	-3.85473	-4.06903	-4.68645	0.316321	0.304885	0.246077	0.132717	0.130075
108	-12.9021	-12.1874	-12.265	-12.7366	-14.1956	0.379207	0.350918	0.218975	0.0509005	0.0733994
109	-8.37178	-7.96073	-8.00543	-8.2697	-9.07991	0.331451	0.316961	0.243353	0.108235	0.113832
110	-14.2703	-13.5936	-13.6658	-14.107	-15.4873	0.37323	0.347226	0.223364	0.0561802	0.0774099
111	-4.74223	-4.47875	-4.50679	-4.67316	-5.19035	0.304273	0.29586	0.250513	0.149354	0.141457
112	-4.5975	-4.29548	-4.32812	-4.5199	-5.09212	0.310781	0.3008	0.248306	0.140113	0.135169
113	-4.5905	-4.35673	-4.38117	-4.52792	-5.0075	0.299385	0.292159	0.252283	0.156173	0.146115
114	-4.69459	-4.45803	-4.48273	-4.63103	-5.1058	0.299406	0.2921	0.251841	0.156652	0.146367
115	-9.19006	-8.71332	-8.76557	-9.07365	-9.98553	0.341677	0.324281	0.2383	0.0957418	0.105057
116	-7.63205	-7.21152	-7.2564	-7.52544	-8.35603	0.33277	0.318167	0.243115	0.105948	0.112319
117	-4.41855	-4.11319	-4.14594	-4.33968	-4.91677	0.311251	0.301224	0.24817	0.139354	0.13466
118	-3.8274	-3.54928	-3.57877	-3.75472	-4.29209	0.306655	0.297742	0.249705	0.145899	0.139109
119	-3.64519	-3.30045	-3.33862	-3.55958	-4.19045	0.317972	0.306064	0.245387	0.130577	0.128595
120	-4.42042	-4.12067	-4.15246	-4.34207	-4.9142	0.310333	0.300623	0.248698	0.140347	0.135374
121	-4.41855	-4.11319	-4.14594	-4.33968	-4.91677	0.311251	0.301224	0.24817	0.139354	0.13466
122	-4.70688	-4.29584	-4.34161	-4.60665	-5.32987	0.328548	0.313852	0.240777	0.116823	0.119061
123	-4.00543	-3.78336	-3.80646	-3.94558	-4.39886	0.29693	0.290151	0.252466	0.160453	0.148916
124	-13.2338	-12.4288	-12.5138	-13.0417	-14.7527	0.390884	0.359064	0.211785	0.0382667	0.0642498
125	-10.0395	-9.49539	-9.55182	-9.89957	-11.0118	0.353087	0.333716	0.235695	0.0775011	0.0928828
126	-4.28273	-4.08707	-4.10704	-4.22894	-4.64534	0.292385	0.286603	0.253711	0.167301	0.153523
127	-9.8009	-9.48671	-9.51816	-9.71464	-10.4018	0.315887	0.306107	0.251503	0.126504	0.126768
128	-3.8274	-3.54928	-3.57877	-3.75472	-4.29209	0.306655	0.297742	0.249705	0.145899	0.139109
129	-4.00543	-3.78336	-3.80646	-3.94558	-4.39886	0.29693	0.290151	0.252466	0.160453	0.148916
130	-4.30061	-4.09529	-4.11636	-4.24455	-4.67881	0.294254	0.288118	0.253455	0.164173	0.15146
131	-3.97495	-3.64151	-3.67803	-3.8911	-4.50652	0.316025	0.304693	0.24622	0.133062	0.130318
132	-3.91698	-3.63562	-3.66579	-3.8442	-4.38485	0.307243	0.298112	0.249401	0.145243	0.138643
133	-4.00543	-3.78336	-3.80646	-3.94558	-4.39886	0.29693	0.290151	0.252466	0.160453	0.148916
134	-4.30061	-4.09529	-4.11636	-4.24455	-4.67881	0.294254	0.288118	0.253455	0.164173	0.15146
135	-4.27601	-3.93973	-3.97588	-4.19031	-4.81905	0.316665	0.305423	0.246476	0.131436	0.129299
136	-3.91698	-3.63562	-3.66579	-3.8442	-4.38485	0.307243	0.298112	0.249401	0.145243	0.138643
137	-3.97495	-3.64151	-3.67803	-3.8911	-4.50652	0.316025	0.304693	0.24622	0.133062	0.130318
138	-4.62141	-4.3744	-4.4004	-4.55571	-5.05448	0.301651	0.29391	0.25163	0.152809	0.143846
139	-4.41855	-4.11319	-4.14594	-4.33968	-4.91677	0.311251	0.301224	0.24817	0.139354	0.13466
140	-7.6206	-7.20905	-7.25279	-7.51569	-8.33286	0.331329	0.317147	0.24383	0.107694	0.113547
141	-3.63609	-3.29529	-3.33293	-3.55122	-4.17669	0.317315	0.305591	0.245662	0.131431	0.129186
142	-3.97495	-3.64151	-3.67803	-3.8911	-4.50652	0.316025	0.304693	0.24622	0.133062	0.130318
143	-4.69459	-4.45803	-4.48273	-4.63103	-5.1058	0.299406	0.2921	0.251841	0.156652	0.146367
144	-8.39594	-7.91679	-7.9693	-8.27893	-9.19569	0.342069	0.324573	0.238145	0.0952133	0.104693
145	-4.15172	-3.86869	-3.89894	-4.07802	-4.62208	0.307494	0.298332	0.249416	0.144759	0.13833
146	-3.97495	-3.64151	-3.67803	-3.8911	-4.50652	0.316025	0.304693	0.24622	0.133062	0.130318
147	-4.15293	-3.81791	-3.85473	-4.06903	-4.68645	0.316321	0.304885	0.246077	0.132717	0.130075
148	-4.16166	-3.84915	-3.88295	-4.08192	-4.66842	0.312515	0.302127	0.247616	0.137742	0.13354
149	-4.42042	-4.12067	-4.15246	-4.34207	-4.9142	0.310333	0.300623	0.248698	0.140347	0.135374
150	-9.94975	-13.5355	-11.6526	-10.1157	-9.6221	0.0113372	0.0745157	0.346499	0.567648	0.425563
151	-4.3299	-4.01184	-4.04654	-4.24949	-4.84331	0.313501	0.302809	0.247189	0.136502	0.132678
152	-4.5975	-4.29548	-4.32812	-4.5199	-5.09212	0.310781	0.3008	0.248306	0.140113	0.135169
153	-18.6339	-27.0032	-23.2126	-20.0144	-18.9069	0.000226648	0.0100367	0.245788	0.743949	0.526243
204	-4.53947	-4.34112	-4.36143	-4.485	-4.90184	0.292681	0.286798	0.25346	0.167062	0.153335
205	-19.6224	-32.1465	-26.41	-21.2888	-18.4379	1.05173e-06	0.000326017	0.0546177	0.945055	0.631674
206	-9.23739	-12.7102	-10.8335	-9.32949	-8.89259	0.0121331	0.079254	0.356613	0.552	0.416772
207	-4.01735	-3.79035	-3.81402	-3.95639	-4.41811	0.29785	0.29088	0.252282	0.158988	0.147941
208	-11.6879	-20.0978	-16.2991	-13.0429	-11.6212	0.00016652	0.00743393	0.192915	0.799484	0.555348
209	-11.9737	-20.3985	-16.5981	-13.3289	-11.8501	0.000156739	0.00700963	0.184277	0.808556	0.560102
210	-8.78472	-12.2425	-10.3647	-8.85643	-8.42441	0.0121053	0.079163	0.357717	0.551014	0.416276
211	-7.97939	-7.5418	-7.58849	-7.8685	-8.72748	0.335434	0.320131	0.241947	0.102488	0.109919
212	-12.9465	-16.6593	-14.7585	-13.1185	-12.3839	0.00876449	0.0586492	0.302336	0.63025	0.460277
213	-4.01735	-3.79035	-3.81402	-3.95639	-4.41811	0.29785	0.29088	0.252282	0.158988	0.147941
214	-7.50464	-6.98701	-7.04108	-7.3716	-8.40755	0.348472	0.33013	0.237214	0.0841843	0.097419
215	-8.80141	-8.36825	-8.41236	-8.68595	-9.60122	0.336009	0.321513	0.244556	0.0979225	0.107307
216	-4.22123	-3.93858	-3.96805	-4.14602	-4.6993	0.307602	0.298669	0.249977	0.143751	0.137752
217	-10.9115	-10.5069	-10.5503	-10.8099	-11.613	0.330356	0.31633	0.244012	0.109302	0.114613
218	-4.35169	-4.09621	-4.12257	-4.28243	-4.79001	0.302687	0.294811	0.251257	0.151245	0.142783
219	-4.59297	-4.39426	-4.41461	-4.53843	-4.95649	0.29278	0.286882	0.253472	0.166866	0.153209
220	-11.2993	-10.7428	-10.7994	-11.1534	-12.3653	0.356439	0.336802	0.236399	0.0703604	0.0883451
221	-3.89664	-3.69173	-3.71279	-3.84057	-4.26204	0.29358	0.287462	0.252981	0.165977	0.152567
222	-7.62498	-7.14612	-7.19549	-7.49927	-8.47927	0.342706	0.326199	0.240742	0.0903535	0.10189
223	-3.86115	-3.57837	-3.60858	-3.78762	-4.32982	0.307398	0.298249	0.249359	0.144994	0.138475
224	-4.84942	-4.63109	-4.65374	-4.79034	-5.23679	0.296202	0.289568	0.252595	0.161635	0.1497
225	-8.43751	-8.0442	-8.08461	-8.33235	-9.13888	0.328439	0.315434	0.246216	0.109912	0.115303
226	-12.9681	-12.4123	-12.4683	-12.8198	-14.0512	0.356494	0.3371	0.237178	0.0692276	0.0877145
227	-3.54811	-3.24574	-3.27824	-3.47006	-4.04124	0.310709	0.300775	0.248276	0.14024	0.135248
228	-4.05381	-3.80447	-3.83049	-3.98689	-4.47924	0.301491	0.293749	0.251218	0.153542	0.144268
229	-4.35169	-4.09621	-4.12257	-4.28243	-4.79001	0.302687	0.294811	0.251257	0.151245	0.142783
230	-3.86115	-3.57837	-3.60858	-3.78762	-4.32982	0.307398	0.298249	0.249359	0.144994	0.138475
231	-9.55304	-9.0219	-9.07757	-9.41762	-10.478	0.350608	0.331621	0.236026	0.0817456	0.095679
232	-3.89664	-3.69173	-3.71279	-3.84057	-4.26204	0.29358	0.287462	0.252981	0.165977	0.152567
233	-3.88532	-3.59506	-3.62592	-3.80944	-4.36423	0.308637	0.299259	0.249083	0.143021	0.13716
234	-3.74825	-3.5083	-3.53309	-3.68335	-4.16345	0.299914	0.29257	0.251753	0.155764	0.14578
235	-13.7678	-13.2379	-13.2927	-13.6328	-14.7693	0.35254	0.333717	0.237515	0.0762275	0.0922984
236	-7.67432	-7.34395	-7.37794	-7.5856	-8.26864	0.317606	0.306991	0.249424	0.12598	0.126151
237	-9.28486	-8.92386	-8.96191	-9.19247	-9.92542	0.323162	0.3111	0.247038	0.1187	0.121113
238	-17.1776	-16.5562	-16.6197	-17.0215	-18.4818	0.368689	0.346034	0.231523	0.0537536	0.076926
239	-4.40856	-4.22812	-4.2464	-4.35834	-4.73967	0.289072	0.283834	0.253777	0.173317	0.157434
240	-11.9697	-15.824	-13.9187	-12.25	-11.4201	0.00799035	0.0537062	0.284938	0.653365	0.47296
241	-10.4346	-9.90353	-9.95735	-10.2939	-11.4543	0.352546	0.334072	0.238613	0.0747679	0.0914984
242	-10.3684	-9.92484	-9.97265	-10.2579	-11.1246	0.336552	0.32084	0.241213	0.101396	0.109113
254	-7.58128	-7.20339	-7.2439	-7.48574	-8.24485	0.326025	0.313082	0.245826	0.115067	0.118593
255	-21.3987	-33.6131	-27.8832	-22.8262	-20.6355	2.07761e-06	0.000639781	0.100522	0.898837	0.607682
288	-24.9239	-28.2491	-26.3957	-25.0699	-25.6419	0.0222371	0.141901	0.534304	0.301558	0.278027
289	-13.5804	-20.8547	-17.0563	-13.8009	-12.3704	0.000165543	0.00738791	0.19157	0.800876	0.556075
290	-16.7432	-23.9804	-20.1785	-16.9092	-15.572	0.000175197	0.00784663	0.206308	0.78567	0.548137
389	-22.8356	-39.424	-31.7417	-24.723	-20.6301	6.7719e-09	1.46923e-05	0.0164153	0.98357	0.651674
390	-4.32892	-4.18146	-4.19619	-4.28787	-4.61069	0.28285	0.278714	0.254297	0.184139	0.164523
391	-7.78066	-7.60454	-7.62191	-7.73222	-8.14992	0.290483	0.285481	0.255665	0.16837	0.154476
392	-4.16685	-4.03173	-4.04533	-4.12958	-4.42509	0.280263	0.276479	0.25414	0.189118	0.167732
393	-12.1029	-15.9003	-13.9847	-12.2618	-11.3731	0.00722921	0.0490939	0.274975	0.668702	0.481569
394	-4.17627	-4.03791	-4.05186	-4.13822	-4.43993	0.280926	0.277033	0.254112	0.18793	0.166958
395	-8.68199	-8.43663	-8.46117	-8.61567	-9.17672	0.304053	0.296682	0.25421	0.145055	0.13916
396	-8.31266	-12.1971	-10.278	-8.53017	-7.50472	0.00640793	0.0436692	0.250749	0.699174	0.49813
397	-13.2948	-17.1145	-15.2079	-13.5401	-12.8201	0.00856987	0.0576771	0.305719	0.628034	0.459272
398	-9.15584	-8.88998	-8.91629	-9.08278	-9.69813	0.308227	0.300224	0.254178	0.137371	0.134172
399	-4.00877	-3.86677	-3.88097	-3.96926	-4.28028	0.281705	0.277734	0.254263	0.186298	0.165919
400	-12.5114	-16.3136	-14.4016	-12.7011	-11.8791	0.00774398	0.0523971	0.286979	0.65288	0.4729
401	-18.9328	-26.8933	-23.0448	-19.4867	-17.2477	5.83157e-05	0.00273631	0.0960324	0.901173	0.608633
402	-6.22271	-6.14007	-6.14801	-6.19842	-6.39052	0.269262	0.267133	0.253999	0.209606	0.181003
403	-4.16685	-4.03173	-4.04533	-4.12958	-4.42509	0.280263	0.276479	0.25414	0.189118	0.167732
404	-23.7971	-31.7318	-27.8818	-24.3159	-22.0864	5.82684e-05	0.00273839	0.0968591	0.900344	0.608203
405	-11.508	-15.3878	-13.4775	-11.7842	-10.9409	0.00770112	0.0520245	0.282874	0.657401	0.475294
406	-4.16685	-4.03173	-4.04533	-4.12958	-4.42509	0.280263	0.276479	0.25414	0.189118	0.167732
407	-13.1792	-21.113	-17.2629	-13.6933	-11.3845	5.40359e-05	0.00253962	0.0901648	0.907242	0.611802
408	-11.2749	-14.9789	-13.0719	-11.4018	-10.6744	0.00850855	0.0572854	0.304332	0.629874	0.460281
409	-15.2488	-19.1003	-17.1909	-15.504	-14.6977	0.00794465	0.0536182	0.289673	0.648764	0.470592
410	-8.24567	-7.99382	-8.01874	-8.17656	-8.76296	0.305643	0.298122	0.254597	0.141638	0.136995
411	-4.00877	-3.86677	-3.88097	-3.96926	-4.28028	0.281705	0.277734	0.254263	0.186298	0.165919
412	-15.4055	-23.5914	-19.7347	-16.1232	-13.6719	4.52003e-05	0.00213857	0.0791684	0.918648	0.617763
413	-10.0547	-9.8099	-9.83397	-9.98649	-10.5539	0.303994	0.296764	0.254784	0.144458	0.138849
414	-11.7977	-11.4845	-11.5156	-11.7129	-12.4521	0.317951	0.308215	0.253015	0.120819	0.123281
415	-12.9587	-16.7371	-14.8275	-13.1403	-12.3534	0.00804055	0.0542808	0.293327	0.644352	0.468212
416	-3.29443	-3.11494	-3.13311	-3.24544	-3.62966	0.289241	0.284034	0.253855	0.17287	0.157155
417	-3.81681	-3.64604	-3.66323	-3.76986	-4.13866	0.287562	0.28266	0.254072	0.175706	0.159024
418	-6.4067	-6.32467	-6.33262	-6.3829	-6.57185	0.26907	0.266938	0.253848	0.210143	0.181331
419	-13.0041	-12.6953	-12.7253	-12.9175	-13.668	0.317539	0.308153	0.254267	0.120041	0.122943
420	-3.59237	-3.42171	-3.43896	-3.5457	-3.91276	0.287499	0.282583	0.253974	0.175945	0.159165
421	-9.70231	-13.6311	-11.7145	-9.98272	-9.00872	0.00675953	0.0459459	0.259639	0.687656	0.491837
422	-7.75112	-11.6002	-9.6839	-7.95234	-6.96494	0.00670056	0.045535	0.257248	0.690517	0.493377
423	-14.0659	-17.8416	-15.933	-14.2536	-13.5026	0.00829668	0.0559461	0.299998	0.63576	0.463522
424	-11.4891	-11.2281	-11.2534	-11.4159	-12.0565	0.3086	0.300881	0.255747	0.134772	0.132694
425	-11.3314	-11.0284	-11.0581	-11.2482	-11.986	0.316731	0.307462	0.254241	0.121566	0.123928
426	-10.3882	-14.2583	-12.3463	-10.6436	-9.77688	0.00750389	0.0507735	0.278694	0.663028	0.478388
427	-10.1577	-14.1104	-12.1931	-10.4545	-9.43937	0.00652252	0.0443723	0.252435	0.69667	0.496731
431	-3.73628	-3.61309	-3.62538	-3.7019	-3.97448	0.277815	0.274422	0.254207	0.193556	0.170619
432	-3.74901	-3.61931	-3.63231	-3.71306	-3.99828	0.279161	0.275555	0.25418	0.191104	0.169026
433	-3.81681	-3.64604	-3.66323	-3.76986	-4.13866	0.287562	0.28266	0.254072	0.175706	0.159024
434	-3.73628	-3.61309	-3.62538	-3.7019	-3.97448	0.277815	0.274422	0.254207	0.193556	0.170619
435	-14.9619	-18.6255	-16.722	-15.0772	-14.4965	0.00956226	0.0641538	0.332329	0.593955	0.440692
436	-17.579	-25.5094	-21.6592	-18.0915	-15.8349	5.67548e-05	0.00266762	0.0945254	0.90275	0.609459
437	-15.8728	-19.7268	-17.8209	-16.1558	-15.4263	0.00854574	0.0574788	0.303836	0.630139	0.460391
438	-9.21725	-8.9676	-8.9926	-9.14996	-9.7217	0.304966	0.297439	0.254129	0.143466	0.138119
439	-3.99164	-3.82834	-3.84472	-3.94652	-4.30134	0.286089	0.281441	0.2542	0.17827	0.160704
440	-3.59237	-3.42171	-3.43896	-3.5457	-3.91276	0.287499	0.282583	0.253974	0.175945	0.159165
441	-14.5733	-22.3889	-18.5441	-15.0104	-12.8747	6.57907e-05	0.00307581	0.105348	0.89151	0.603583
442	-13.5214	-17.3837	-15.4731	-13.7797	-12.9588	0.00781207	0.0527855	0.287051	0.652352	0.47257
443	-4.0493	-3.92794	-3.93994	-4.01503	-4.28555	0.277469	0.274157	0.254327	0.194047	0.170954
444	-3.29443	-3.11494	-3.13311	-3.24544	-3.62966	0.289241	0.284034	0.253855	0.17287	0.157155
445	-3.80173	-3.6519	-3.66677	-3.75966	-4.08941	0.28339	0.279205	0.254438	0.182967	0.163782
446	-3.99164	-3.82834	-3.84472	-3.94652	-4.30134	0.286089	0.281441	0.2542	0.17827	0.160704
447	-4.18274	-4.04165	-4.05549	-4.1425	-4.45864	0.281742	0.277869	0.254714	0.185676	0.165575
448	-3.81681	-3.64604	-3.66323	-3.76986	-4.13866	0.287562	0.28266	0.254072	0.175706	0.159024
449	-4.13012	-3.97951	-3.99441	-4.08766	-4.42082	0.283617	0.279422	0.254543	0.182419	0.16344
450	-3.29443	-3.11494	-3.13311	-3.24544	-3.62966	0.289241	0.284034	0.253855	0.17287	0.157155
451	-3.54932	-3.41333	-3.42671	-3.51073	-3.81508	0.280659	0.276928	0.254611	0.187802	0.166941
452	-4.13012	-3.97951	-3.99441	-4.08766	-4.42082	0.283617	0.279422	0.254543	0.182419	0.16344
453	-8.24061	-7.9883	-8.01319	-8.17081	-8.75532	0.305532	0.29802	0.254561	0.141887	0.137152
454	-4.13537	-3.98704	-4.00196	-4.09442	-4.41689	0.282966	0.278776	0.254157	0.184101	0.16448
455	-4.13537	-3.98704	-4.00196	-4.09442	-4.41689	0.282966	0.278776	0.254157	0.184101	0.16448
456	-11.1459	-10.9485	-10.9681	-11.0913	-11.5444	0.294234	0.288539	0.255077	0.16215	0.150364
457	-3.29443	-3.11494	-3.13311	-3.24544	-3.62966	0.289241	0.284034	0.253855	0.17287	0.157155
458	-3.73628	-3.61309	-3.62538	-3.7019	-3.97448	0.277815	0.274422	0.254207	0.193556	0.170619
459	-15.5383	-15.2497	-15.2773	-15.4552	-16.1749	0.314111	0.305572	0.255778	0.124539	0.12606
460	-10.4973	-10.175	-10.2069	-10.41	-11.18	0.319979	0.309932	0.25297	0.117118	0.120875
461	-11.9127	-11.6127	-11.6425	-11.8327	-12.5678	0.316661	0.307373	0.254124	0.121842	0.124092
462	-8.97009	-12.802	-10.8866	-9.16345	-8.23588	0.0070427	0.0478137	0.26787	0.677273	0.486192
463	-3.99164	-3.82834	-3.84472	-3.94652	-4.30134	0.286089	0.281441	0.2542	0.17827	0.160704
464	-9.44318	-9.18471	-9.21109	-9.37509	-9.9445	0.305962	0.297997	0.252923	0.143118	0.137733
465	-3.73628	-3.61309	-3.62538	-3.7019	-3.97448	0.277815	0.274422	0.254207	0.193556	0.170619
466	-11.6297	-15.4508	-13.5378	-11.8318	-11.0163	0.00772884	0.0523516	0.288288	0.651631	0.47226
467	-12.564	-16.3314	-14.4211	-12.7322	-11.9794	0.00819977	0.0553916	0.299849	0.63656	0.464017
468	-6.91969	-6.81738	-6.82744	-6.89059	-7.12143	0.273432	0.270694	0.254129	0.201745	0.175921
469	-15.0145	-18.8717	-16.9635	-15.2878	-14.5775	0.00854504	0.0576017	0.30774	0.626113	0.458289
470	-3.59237	-3.42171	-3.43896	-3.5457	-3.91276	0.287499	0.282583	0.253974	0.175945	0.159165
471	-3.57174	-3.43906	-3.45224	-3.53449	-3.82797	0.279823	0.27616	0.254355	0.189662	0.168114
477	-7.07004	-6.96987	-6.97961	-7.04116	-7.27086	0.273106	0.270458	0.254314	0.202122	0.17619
478	-9.30613	-9.0833	-9.10504	-9.2437	-9.77493	0.300206	0.293748	0.255715	0.15033	0.142781
479	-18.4044	-26.4817	-22.6274	-19.0332	-16.6634	4.96686e-05	0.00234412	0.0852951	0.912311	0.614454
480	-10.4326	-14.3889	-12.4703	-10.725	-9.7015	0.00643536	0.0438347	0.251056	0.698674	0.497847
481	-11.5312	-15.4905	-13.573	-11.8362	-10.8562	0.00669381	0.0455415	0.258643	0.689122	0.492655
482	-3.59237	-3.42171	-3.43896	-3.5457	-3.91276	0.287499	0.282583	0.253974	0.175945	0.159165
483	-8.66683	-8.37298	-8.4022	-8.58689	-9.26443	0.313608	0.304579	0.253214	0.128599	0.128354
484	-4.23343	-4.07185	-4.08801	-4.18852	-4.54005	0.285716	0.281136	0.254252	0.178896	0.161116
485	-12.7767	-12.4571	-12.4885	-12.6895	-13.4684	0.319954	0.310058	0.253611	0.116377	0.120479
486	-3.80173	-3.6519	-3.66677	-3.75966	-4.08941	0.28339	0.279205	0.254438	0.182967	0.163782
487	-3.28801	-3.11097	-3.12886	-3.23958	-3.61944	0.288767	0.283647	0.253917	0.173669	0.157681
488	-6.82563	-6.73517	-6.74379	-6.79879	-7.01109	0.271103	0.268774	0.254392	0.205731	0.178542
489	-4.08579	-3.93607	-3.95086	-4.0436	-4.37712	0.283548	0.279386	0.254642	0.182424	0.163457
490	-11.9801	-11.7651	-11.7864	-11.9207	-12.4157	0.297926	0.291654	0.254987	0.155433	0.145995
491	-4.47927	-4.29122	-4.31013	-4.42755	-4.83291	0.291072	0.285619	0.253975	0.169334	0.154878
