Sites	Ll	Ll_YN98.omega_1=0.002	Ll_YN98.omega_1=1	Pr_YN98.omega_1=0.002	Pr_YN98.omega_1=1	mean
57	-4.69196	-4.29306	-5.65328	0.935824	0.0641756	0.0660472
58	-12.1688	-11.8254	-13.2356	0.938759	0.0612412	0.0631187
59	-7.01671	-6.43188	-8.5409	0.968586	0.0314136	0.0333507
60	-18.6864	-27.2117	-17.8589	0.000324422	0.999676	0.999676
61	-8.86409	-8.45403	-10.0076	0.946503	0.0534967	0.0553897
62	-3.91314	-3.63629	-4.65399	0.911918	0.0880824	0.0899062
63	-6.69401	-6.53554	-7.16942	0.875824	0.124176	0.125928
64	-4.28958	-4.09157	-4.88849	0.892496	0.107504	0.109289
65	-3.82263	-3.54845	-4.555	0.911018	0.0889825	0.0908045
66	-10.8629	-10.1946	-12.8389	0.981364	0.0186356	0.0205983
67	-4.155	-3.8482	-4.95153	0.918557	0.0814426	0.0832797
68	-4.41415	-4.11908	-5.18649	0.915829	0.0841705	0.0860022
69	-11.1472	-10.7507	-12.2933	0.945942	0.054058	0.0559499
70	-16.0464	-24.391	-14.6369	0.000217208	0.999783	0.999783
71	-7.77565	-7.20635	-9.28224	0.967563	0.0324373	0.0343725
72	-12.6731	-16.7195	-12.6189	0.0583573	0.941643	0.941759
73	-3.63726	-3.2999	-4.4957	0.925213	0.0747872	0.0766377
74	-8.3324	-12.1523	-8.05307	0.0584357	0.941564	0.941681
75	-3.82263	-3.54845	-4.555	0.911018	0.0889825	0.0908045
76	-13.0322	-12.3798	-15.0733	0.982242	0.0177577	0.0197221
77	-8.32452	-7.94684	-9.39725	0.941033	0.0589673	0.0608494
78	-16.9612	-25.4037	-15.3111	0.000154845	0.999845	0.999845
79	-4.14538	-3.81719	-4.98475	0.923235	0.076765	0.0786115
80	-8.07947	-7.64427	-9.26926	0.950006	0.0499937	0.0518937
81	-7.01671	-6.43188	-8.5409	0.968586	0.0314136	0.0333507
82	-17.6213	-21.4055	-18.6999	0.200052	0.799948	0.800348
83	-20.211	-29.1557	-18.4784	8.62915e-05	0.999914	0.999914
84	-9.94262	-13.8406	-9.63331	0.0527656	0.947234	0.94734
85	-10.1039	-9.68574	-11.2635	0.947715	0.052285	0.0541804
86	-4.14692	-3.86533	-4.89659	0.913001	0.0869992	0.0888252
87	-5.03386	-4.78619	-5.74697	0.907237	0.0927629	0.0945774
88	-4.54323	-4.34227	-5.13897	0.892476	0.107524	0.109309
89	-4.28958	-4.09157	-4.88849	0.892496	0.107504	0.109289
90	-4.74836	-4.52887	-5.40387	0.899762	0.100238	0.102038
91	-3.82263	-3.54845	-4.555	0.911018	0.0889825	0.0908045
95	-4.14538	-3.81719	-4.98475	0.923235	0.076765	0.0786115
96	-3.82263	-3.54845	-4.555	0.911018	0.0889825	0.0908045
97	-4.41216	-4.11071	-5.1965	0.917235	0.0827648	0.0845993
98	-4.30756	-4.09983	-4.93215	0.895846	0.104154	0.105946
99	-5.00547	-4.81035	-5.56842	0.888713	0.111287	0.113065
100	-4.41216	-4.11071	-5.1965	0.917235	0.0827648	0.0845993
101	-4.30756	-4.09983	-4.93215	0.895846	0.104154	0.105946
102	-4.69196	-4.29306	-5.65328	0.935824	0.0641756	0.0660472
103	-4.30756	-4.09983	-4.93215	0.895846	0.104154	0.105946
104	-16.9508	-16.4636	-18.6034	0.969509	0.0304906	0.0324297
105	-11.8081	-11.1554	-13.8649	0.982522	0.0174783	0.0194434
106	-3.91314	-3.63629	-4.65399	0.911918	0.0880824	0.0899062
107	-4.14538	-3.81719	-4.98475	0.923235	0.076765	0.0786115
108	-12.8457	-12.1886	-14.8328	0.981362	0.0186383	0.020601
109	-8.35283	-7.95546	-9.46944	0.944463	0.0555375	0.0574264
110	-14.2202	-13.5898	-16.0869	0.978473	0.0215268	0.0234837
111	-4.74048	-4.47767	-5.46102	0.909119	0.0908811	0.0926993
112	-4.59233	-4.2924	-5.37988	0.917364	0.0826365	0.0844712
113	-4.59408	-4.35857	-5.27687	0.903601	0.0963995	0.0982067
114	-4.69564	-4.45821	-5.35967	0.902123	0.0978772	0.0996815
115	-9.16577	-8.70827	-10.4059	0.953345	0.046655	0.0485617
116	-7.59186	-7.18616	-8.72292	0.945645	0.0543546	0.0562459
117	-4.41216	-4.11071	-5.1965	0.917235	0.0827648	0.0845993
118	-3.82263	-3.54845	-4.555	0.911018	0.0889825	0.0908045
119	-3.63726	-3.2999	-4.4957	0.925213	0.0747872	0.0766377
120	-4.41415	-4.11908	-5.18649	0.915829	0.0841705	0.0860022
121	-4.41216	-4.11071	-5.1965	0.917235	0.0827648	0.0845993
122	-4.69196	-4.29306	-5.65328	0.935824	0.0641756	0.0660472
123	-4.00574	-3.78254	-4.64512	0.898636	0.101364	0.103161
124	-13.1644	-12.4271	-15.4511	0.987176	0.0128235	0.0147979
125	-10.0044	-9.48906	-11.4755	0.964635	0.0353645	0.0372938
126	-4.28958	-4.09157	-4.88849	0.892496	0.107504	0.109289
127	-9.78065	-9.47659	-10.7241	0.928716	0.0712842	0.0731417
128	-3.82263	-3.54845	-4.555	0.911018	0.0889825	0.0908045
129	-4.00574	-3.78254	-4.64512	0.898636	0.101364	0.103161
130	-4.30756	-4.09983	-4.93215	0.895846	0.104154	0.105946
131	-3.96722	-3.64052	-4.80214	0.922813	0.0771868	0.0790325
132	-3.91314	-3.63629	-4.65399	0.911918	0.0880824	0.0899062
133	-4.00574	-3.78254	-4.64512	0.898636	0.101364	0.103161
134	-4.30756	-4.09983	-4.93215	0.895846	0.104154	0.105946
135	-4.26393	-3.93751	-5.10238	0.923045	0.0769554	0.0788015
136	-3.91314	-3.63629	-4.65399	0.911918	0.0880824	0.0899062
137	-3.96722	-3.64052	-4.80214	0.922813	0.0771868	0.0790325
138	-4.62258	-4.37419	-5.32786	0.906637	0.0933625	0.0951758
139	-4.41216	-4.11071	-5.1965	0.917235	0.0827648	0.0845993
140	-7.58101	-7.1838	-8.69414	0.944272	0.0557284	0.0576169
141	-3.62828	-3.29474	-4.47928	0.92443	0.0755699	0.0774187
142	-3.96722	-3.64052	-4.80214	0.922813	0.0771868	0.0790325
143	-4.69564	-4.45821	-5.35967	0.902123	0.0978772	0.0996815
144	-8.37062	-7.91071	-9.61748	0.953751	0.0462493	0.0481568
145	-4.14692	-3.86533	-4.89659	0.913001	0.0869992	0.0888252
146	-3.96722	-3.64052	-4.80214	0.922813	0.0771868	0.0790325
147	-4.14538	-3.81719	-4.98475	0.923235	0.076765	0.0786115
148	-4.155	-3.8482	-4.95153	0.918557	0.0814426	0.0832797
149	-4.41415	-4.11908	-5.18649	0.915829	0.0841705	0.0860022
150	-9.97308	-13.9513	-9.64223	0.047901	0.952099	0.952195
151	-4.32404	-4.01147	-5.13436	0.920009	0.0799911	0.0818312
152	-4.59233	-4.2924	-5.37988	0.917364	0.0826365	0.0844712
153	-18.083	-27.9119	-18.9702	0.000489265	0.999511	0.999512
204	-4.54323	-4.34227	-5.13897	0.892476	0.107524	0.109309
205	-19.1399	-33.4658	-17.9756	7.01114e-07	0.999999	0.999999
206	-9.35807	-13.1552	-8.94824	0.0527831	0.947217	0.947322
207	-4.01769	-3.78954	-4.66894	0.900158	0.0998417	0.101642
208	-11.1941	-21.0053	-11.5037	0.000279564	0.99972	0.999721
209	-11.486	-21.3046	-11.7148	0.000255949	0.999744	0.999745
210	-8.91128	-12.665	-8.46061	0.0529103	0.94709	0.947196
211	-7.95977	-7.53817	-9.12447	0.948136	0.0518636	0.0537599
212	-13.0366	-17.1043	-12.3488	0.0311907	0.968809	0.968872
213	-4.01769	-3.78954	-4.66894	0.900158	0.0998417	0.101642
214	-7.46982	-6.97796	-8.83877	0.96009	0.0399104	0.0418306
215	-8.77552	-8.36066	-10.0052	0.950928	0.0490719	0.0509737
216	-4.21346	-3.93678	-4.95582	0.912026	0.0879743	0.0897984
217	-10.8939	-10.5041	-11.9946	0.943218	0.0567819	0.0586684
218	-4.34801	-4.09486	-5.03658	0.905621	0.0943792	0.0961905
219	-4.59849	-4.39744	-5.19607	0.89266	0.10734	0.109125
220	-11.2719	-10.7441	-12.9229	0.970642	0.0293582	0.0312995
221	-3.89638	-3.69001	-4.48911	0.892705	0.107295	0.10908
222	-7.59494	-7.13759	-8.8971	0.956022	0.043978	0.0458901
223	-3.8576	-3.57838	-4.59897	0.91215	0.0878501	0.0896744
224	-4.85165	-4.63177	-5.48193	0.897499	0.102501	0.104296
225	-8.40881	-8.02708	-9.49855	0.94219	0.05781	0.0596944
226	-12.9293	-12.4003	-14.6092	0.971488	0.0285123	0.0304552
227	-3.5426	-3.24504	-4.31822	0.916273	0.0837268	0.0855594
228	-4.05032	-3.80125	-4.72813	0.904345	0.0956551	0.0974638
229	-4.34801	-4.09486	-5.03658	0.905621	0.0943792	0.0961905
230	-3.8576	-3.57838	-4.59897	0.91215	0.0878501	0.0896744
231	-9.51626	-9.01299	-10.9172	0.961719	0.0382805	0.040204
232	-3.89638	-3.69001	-4.48911	0.892705	0.107295	0.10908
233	-3.88015	-3.59407	-4.63245	0.913565	0.0864349	0.088262
234	-3.74542	-3.50749	-4.40162	0.901475	0.0985254	0.100328
235	-13.754	-13.2542	-15.3096	0.966914	0.0330857	0.0350195
236	-7.6421	-7.31825	-8.58185	0.929771	0.0702286	0.0720882
237	-9.26886	-8.92147	-10.2709	0.935175	0.0648247	0.066695
238	-17.1578	-16.5842	-19.2017	0.980868	0.0191319	0.0210936
239	-4.41085	-4.22775	-4.95407	0.885533	0.114467	0.116238
240	-11.9135	-16.2324	-11.327	0.0269673	0.973033	0.973087
241	-10.3876	-9.88214	-11.9713	0.967976	0.0320237	0.0339597
242	-10.3481	-9.92213	-11.5263	0.94901	0.0509903	0.0528884
254	-7.56297	-7.19677	-8.61295	0.939104	0.0608959	0.0627741
255	-21.1119	-34.9692	-20.7301	2.44992e-06	0.999998	0.999998
288	-24.9029	-28.7424	-26.2953	0.244633	0.755367	0.755856
289	-13.8852	-21.7406	-12.2314	0.000277432	0.999723	0.999723
290	-17.1131	-24.8756	-15.5432	0.000331069	0.999669	0.99967
389	-22.5201	-41.2128	-20.0556	2.42446e-09	1	1
390	-4.32613	-4.17965	-4.78244	0.872403	0.127597	0.129341
391	-7.75967	-7.5903	-8.35792	0.889652	0.110348	0.112127
392	-4.16547	-4.03069	-4.58786	0.867238	0.132762	0.134497
393	-12.2322	-16.331	-11.3082	0.0240509	0.975949	0.975997
394	-4.17489	-4.03687	-4.60611	0.868621	0.131379	0.133117
395	-8.65779	-8.42249	-9.4464	0.912416	0.0875843	0.0894092
396	-8.39772	-12.6386	-7.36048	0.0187342	0.981266	0.981303
397	-13.3034	-17.5568	-12.8275	0.0319952	0.968005	0.968069
398	-9.13796	-8.88401	-9.99756	0.919319	0.0806812	0.0825198
399	-4.0063	-3.86487	-4.4478	0.870175	0.129825	0.131565
400	-12.6242	-16.7809	-11.8702	0.0268269	0.973173	0.973227
401	-19.0053	-27.7822	-16.8818	6.90339e-05	0.999931	0.999931
402	-6.22196	-6.13851	-6.50065	0.843131	0.156869	0.158555
403	-4.16547	-4.03069	-4.58786	0.867238	0.132762	0.134497
404	-23.9217	-32.632	-21.7627	7.12205e-05	0.999929	0.999929
405	-11.5038	-15.8388	-10.8792	0.0255797	0.97442	0.974471
406	-4.16547	-4.03069	-4.58786	0.867238	0.132762	0.134497
407	-13.2967	-21.9948	-10.9619	6.04642e-05	0.99994	0.99994
408	-11.4007	-15.3976	-10.6576	0.0316634	0.968337	0.9684
409	-15.2869	-19.5722	-14.6882	0.0275347	0.972465	0.97252
410	-8.22804	-7.98771	-9.05024	0.915452	0.0845476	0.0863785
411	-4.0063	-3.86487	-4.4478	0.870175	0.129825	0.131565
412	-15.3485	-24.4711	-13.186	4.69896e-05	0.999953	0.999953
413	-10.0362	-9.79943	-10.8357	0.913395	0.0866054	0.0884322
414	-11.7911	-11.4931	-12.8387	0.93494	0.0650604	0.0669303
415	-13.0481	-17.1793	-12.3297	0.0284709	0.971529	0.971586
416	-3.29063	-3.11428	-3.82568	0.884012	0.115988	0.117756
417	-3.81342	-3.64537	-4.32834	0.881065	0.118935	0.120697
418	-6.40729	-6.32433	-6.68229	0.842579	0.157421	0.159107
419	-12.986	-12.6897	-14.0621	0.93655	0.0634499	0.065323
420	-3.58935	-3.42129	-4.10268	0.880898	0.119102	0.120863
421	-9.68549	-14.0511	-8.86468	0.0204957	0.979504	0.979545
422	-7.82402	-12.0147	-6.80888	0.0201091	0.979891	0.979931
423	-14.146	-18.2872	-13.5019	0.0303009	0.969699	0.96976
424	-11.4973	-11.2469	-12.4225	0.923802	0.0761975	0.0780451
425	-11.3396	-11.051	-12.3989	0.935084	0.0649158	0.066786
426	-10.414	-14.7098	-9.71009	0.0245989	0.975401	0.97545
427	-10.1214	-14.5249	-9.26676	0.0191042	0.980896	0.980934
431	-3.73474	-3.61151	-4.12562	0.8622	0.1378	0.139525
432	-3.74742	-3.61772	-4.15622	0.865073	0.134927	0.136658
433	-3.81342	-3.64537	-4.32834	0.881065	0.118935	0.120697
434	-3.73474	-3.61151	-4.12562	0.8622	0.1378	0.139525
435	-15.098	-19.0567	-14.5962	0.04145	0.95855	0.958633
436	-17.7001	-26.3971	-15.4681	6.70916e-05	0.999933	0.999933
437	-15.8372	-20.1709	-15.4187	0.0312907	0.968709	0.968772
438	-9.1928	-8.95381	-9.99654	0.913908	0.0860917	0.0879195
439	-3.98894	-3.82777	-4.48618	0.878467	0.121533	0.12329
440	-3.58935	-3.42129	-4.10268	0.880898	0.119102	0.120863
441	-14.799	-23.3107	-12.5888	8.25202e-05	0.999917	0.999918
442	-13.5065	-17.8023	-12.8901	0.0267903	0.97321	0.973263
443	-4.04732	-3.92558	-4.43515	0.861661	0.138339	0.140062
444	-3.29063	-3.11428	-3.82568	0.884012	0.115988	0.117756
445	-3.79884	-3.64966	-4.26463	0.873751	0.126249	0.127996
446	-3.98894	-3.82777	-4.48618	0.878467	0.121533	0.12329
447	-4.1811	-4.0409	-4.6275	0.870589	0.129411	0.131153
448	-3.81342	-3.64537	-4.32834	0.881065	0.118935	0.120697
449	-4.1278	-3.97819	-4.59733	0.874211	0.125789	0.127537
450	-3.29063	-3.11428	-3.82568	0.884012	0.115988	0.117756
451	-3.54775	-3.41276	-3.97821	0.868189	0.131811	0.133548
452	-4.1278	-3.97819	-4.59733	0.874211	0.125789	0.127537
453	-8.24428	-8.00085	-9.06709	0.915739	0.0842605	0.086092
454	-4.13205	-3.9843	-4.58986	0.872711	0.127289	0.129035
455	-4.13205	-3.9843	-4.58986	0.872711	0.127289	0.129035
456	-11.1237	-10.9329	-11.7623	0.895577	0.104423	0.106214
457	-3.29063	-3.11428	-3.82568	0.884012	0.115988	0.117756
458	-3.73474	-3.61151	-4.12562	0.8622	0.1378	0.139525
459	-15.5383	-15.2589	-16.5852	0.933753	0.0662468	0.0681143
460	-10.4899	-10.1839	-11.5851	0.938239	0.0617609	0.0636374
461	-11.89	-11.6074	-12.9501	0.934767	0.0652327	0.0671022
462	-9.0559	-13.2284	-8.12608	0.0222531	0.977747	0.977791
463	-3.98894	-3.82777	-4.48618	0.878467	0.121533	0.12329
464	-9.41285	-9.16549	-10.2064	0.913764	0.0862358	0.0880633
465	-3.73474	-3.61151	-4.12562	0.8622	0.1378	0.139525
466	-11.7249	-15.9127	-11.0217	0.0273491	0.972651	0.972706
467	-12.6676	-16.7694	-11.9959	0.0306526	0.969347	0.969409
468	-6.91965	-6.81704	-7.25184	0.852504	0.147496	0.149201
469	-15.0101	-19.335	-14.6246	0.032584	0.967416	0.967481
470	-3.58935	-3.42129	-4.10268	0.880898	0.119102	0.120863
471	-3.56898	-3.43659	-3.98672	0.866425	0.133575	0.135308
477	-7.06895	-6.96875	-7.39913	0.851948	0.148052	0.149755
478	-9.29392	-9.07929	-10.0503	0.908091	0.0919088	0.093725
479	-18.4087	-27.3716	-16.2323	5.43701e-05	0.999946	0.999946
480	-10.4289	-14.8283	-9.55563	0.0188329	0.981167	0.981205
481	-11.4902	-15.9146	-10.7184	0.0202995	0.979701	0.979741
482	-3.58935	-3.42129	-4.10268	0.880898	0.119102	0.120863
483	-8.6483	-8.36786	-9.5938	0.927272	0.0727278	0.0745824
484	-4.23026	-4.06974	-4.72496	0.878127	0.121873	0.12363
485	-12.7779	-12.4743	-13.8962	0.939434	0.060566	0.0624449
486	-3.79884	-3.64966	-4.26463	0.873751	0.126249	0.127996
487	-3.28429	-3.11032	-3.81348	0.883164	0.116836	0.118602
488	-6.82562	-6.73479	-7.13178	0.847687	0.152313	0.154009
489	-4.08247	-3.93517	-4.54992	0.873728	0.126272	0.12802
490	-11.9814	-11.7738	-12.6788	0.902434	0.0975657	0.0993706
491	-4.47516	-4.29008	-5.03873	0.887777	0.112223	0.113999
