Sites	Ll	Ll_SameAARate.DFPDistFreq.beta_1=0.0412744	Ll_SameAARate.DFPDistFreq.beta_1=1	Pr_SameAARate.DFPDistFreq.beta_1=0.0412744	Pr_SameAARate.DFPDistFreq.beta_1=1	mean
57	-4.72693	-4.39621	-5.5144	0.926871	0.0731293	0.111385
58	-12.1825	-11.8821	-13.1877	0.938601	0.0613987	0.100139
59	-7.02308	-6.5317	-8.3549	0.962478	0.0375216	0.0772473
60	-20.2718	-22.4469	-20.3976	0.347991	0.652009	0.666372
61	-8.84065	-8.52	-9.82094	0.938331	0.0616687	0.100398
62	-4.06329	-3.85817	-4.64496	0.900982	0.0990178	0.136205
63	-6.67875	-6.56817	-7.03443	0.868488	0.131512	0.167358
64	-3.98782	-3.86686	-4.37952	0.873698	0.126302	0.162364
65	-3.79841	-3.60837	-4.33619	0.895595	0.104405	0.14137
66	-10.5717	-9.80512	-12.6997	0.986822	0.013178	0.0539085
67	-4.02998	-3.85024	-4.54464	0.892428	0.107572	0.144406
68	-4.39791	-4.18596	-4.98199	0.901803	0.0981968	0.135418
69	-11.1926	-10.788	-12.3333	0.951048	0.0489523	0.0882063
70	-18.3014	-21.0068	-17.0692	0.0747268	0.925273	0.928357
71	-7.78806	-7.30073	-9.12068	0.962361	0.0376394	0.0773603
72	-13.1381	-14.2885	-13.1362	0.566892	0.433108	0.456506
73	-3.68212	-3.44931	-4.31382	0.907703	0.0922973	0.129762
74	-9.45601	-10.5302	-9.17572	0.516733	0.483267	0.504595
75	-3.79841	-3.60837	-4.33619	0.895595	0.104405	0.14137
76	-13.1813	-12.6373	-15.1049	0.979945	0.0200554	0.0605021
77	-8.78147	-8.44846	-9.78878	0.940571	0.0594289	0.0982504
78	-17.8332	-20.3926	-16.3914	0.0704514	0.929549	0.932456
79	-4.53176	-4.13626	-5.48313	0.940936	0.0590637	0.0979003
80	-7.98494	-7.64312	-9.01303	0.942204	0.0577959	0.0966848
81	-7.02308	-6.5317	-8.3549	0.962478	0.0375216	0.0772473
82	-16.4608	-17.3426	-17.5989	0.842603	0.157397	0.192175
83	-19.6273	-22.7089	-17.9473	0.0342166	0.965783	0.967196
84	-9.84963	-10.9153	-9.46872	0.4937	0.5063	0.526677
85	-10.7056	-10.2521	-11.9739	0.958641	0.0413593	0.0809266
86	-4.06874	-3.85801	-4.65116	0.901548	0.0984519	0.135663
87	-5.03602	-4.86349	-5.56835	0.893429	0.106571	0.143447
88	-4.48424	-4.39105	-4.80297	0.862157	0.137843	0.173428
89	-3.98782	-3.86686	-4.37952	0.873698	0.126302	0.162364
90	-4.74658	-4.57989	-5.27137	0.892148	0.107852	0.144675
91	-3.79841	-3.60837	-4.33619	0.895595	0.104405	0.14137
95	-4.53176	-4.13626	-5.48313	0.940936	0.0590637	0.0979003
96	-3.79841	-3.60837	-4.33619	0.895595	0.104405	0.14137
97	-4.60651	-4.32412	-5.34048	0.919661	0.0803386	0.118297
98	-4.28746	-4.13432	-4.77583	0.887245	0.112755	0.149376
99	-5.01207	-4.85067	-5.49273	0.8873	0.1127	0.149323
100	-4.60651	-4.32412	-5.34048	0.919661	0.0803386	0.118297
101	-4.28746	-4.13432	-4.77583	0.887245	0.112755	0.149376
102	-4.72693	-4.39621	-5.5144	0.926871	0.0731293	0.111385
103	-4.28746	-4.13432	-4.77583	0.887245	0.112755	0.149376
104	-16.399	-15.7685	-18.4142	0.983162	0.0168384	0.0574178
105	-11.5128	-10.8337	-13.566	0.984537	0.0154629	0.0560991
106	-4.06329	-3.85817	-4.64496	0.900982	0.0990178	0.136205
107	-4.53176	-4.13626	-5.48313	0.940936	0.0590637	0.0979003
108	-13.3522	-12.8104	-15.1557	0.977395	0.0226053	0.0629467
109	-8.84633	-8.48815	-9.91213	0.945079	0.054921	0.0939286
110	-14.6	-14.0972	-16.3141	0.974378	0.0256218	0.0658387
111	-4.98893	-4.66501	-5.83135	0.930068	0.069932	0.10832
112	-4.61607	-4.4174	-5.18052	0.89885	0.10115	0.138249
113	-4.63563	-4.43408	-5.23735	0.902442	0.0975582	0.134806
114	-4.56307	-4.42844	-4.98207	0.878149	0.121851	0.158096
115	-9.58951	-9.21905	-10.6761	0.946769	0.0532308	0.0923082
116	-7.57059	-7.19917	-8.66185	0.947053	0.0529469	0.0920359
117	-4.60651	-4.32412	-5.34048	0.919661	0.0803386	0.118297
118	-3.79841	-3.60837	-4.33619	0.895595	0.104405	0.14137
119	-3.68212	-3.44931	-4.31382	0.907703	0.0922973	0.129762
120	-4.39791	-4.18596	-4.98199	0.901803	0.0981968	0.135418
121	-4.60651	-4.32412	-5.34048	0.919661	0.0803386	0.118297
122	-4.72693	-4.39621	-5.5144	0.926871	0.0731293	0.111385
123	-3.96886	-3.85538	-4.33979	0.870547	0.129453	0.165385
124	-12.9859	-12.3403	-15.13	0.985386	0.0146135	0.0552848
125	-10.0033	-9.55708	-11.3696	0.962092	0.0379077	0.0776175
126	-3.98782	-3.86686	-4.37952	0.873698	0.126302	0.162364
127	-9.85025	-9.58935	-10.7135	0.927272	0.0727285	0.111001
128	-3.79841	-3.60837	-4.33619	0.895595	0.104405	0.14137
129	-3.96886	-3.85538	-4.33979	0.870547	0.129453	0.165385
130	-4.28746	-4.13432	-4.77583	0.887245	0.112755	0.149376
131	-4.14878	-3.87841	-4.85888	0.916969	0.0830308	0.120878
132	-4.06329	-3.85817	-4.64496	0.900982	0.0990178	0.136205
133	-3.96886	-3.85538	-4.33979	0.870547	0.129453	0.165385
134	-4.28746	-4.13432	-4.77583	0.887245	0.112755	0.149376
135	-4.0844	-3.96378	-4.47915	0.873996	0.126004	0.162078
136	-4.06329	-3.85817	-4.64496	0.900982	0.0990178	0.136205
137	-4.14878	-3.87841	-4.85888	0.916969	0.0830308	0.120878
138	-4.69728	-4.52742	-5.22236	0.892481	0.107519	0.144355
139	-4.60651	-4.32412	-5.34048	0.919661	0.0803386	0.118297
140	-7.36986	-7.12536	-8.14675	0.920032	0.0799682	0.117942
141	-3.7216	-3.47504	-4.37924	0.910974	0.0890259	0.126626
142	-4.14878	-3.87841	-4.85888	0.916969	0.0830308	0.120878
143	-4.56307	-4.42844	-4.98207	0.878149	0.121851	0.158096
144	-8.77483	-8.40047	-9.87441	0.947616	0.0523844	0.0914967
145	-4.06874	-3.85801	-4.65116	0.901548	0.0984519	0.135663
146	-4.14878	-3.87841	-4.85888	0.916969	0.0830308	0.120878
147	-4.53176	-4.13626	-5.48313	0.940936	0.0590637	0.0979003
148	-4.02998	-3.85024	-4.54464	0.892428	0.107572	0.144406
149	-4.39791	-4.18596	-4.98199	0.901803	0.0981968	0.135418
150	-8.48204	-9.41504	-8.36527	0.59185	0.40815	0.432579
151	-4.32067	-4.11062	-4.91028	0.902124	0.0978756	0.13511
152	-4.61607	-4.4174	-5.18052	0.89885	0.10115	0.138249
153	-17.463	-21.3384	-18.0253	0.131049	0.868951	0.87436
204	-4.48424	-4.39105	-4.80297	0.862157	0.137843	0.173428
205	-17.2976	-20.1753	-15.948	0.0570053	0.942995	0.945348
206	-9.1231	-10.123	-8.64764	0.486502	0.513498	0.533578
207	-3.81364	-3.64191	-4.32118	0.890968	0.109032	0.145806
208	-10.7352	-12.0436	-10.4975	0.468849	0.531151	0.550503
209	-11.3968	-12.8125	-11.0438	0.414038	0.585962	0.603051
210	-8.79944	-9.61418	-8.2826	0.522439	0.477561	0.499124
211	-8.45371	-8.06957	-9.57342	0.949081	0.0509195	0.0900922
212	-13.0052	-14.2147	-12.3102	0.381528	0.618472	0.634219
213	-3.81364	-3.64191	-4.32118	0.890968	0.109032	0.145806
214	-7.43231	-6.90616	-8.83032	0.965959	0.034041	0.0739104
215	-8.79659	-8.44119	-9.92566	0.948135	0.0518646	0.0909984
216	-4.05878	-3.95818	-4.4007	0.865752	0.134248	0.169982
217	-11.3766	-11.0411	-12.3802	0.940503	0.0594968	0.0983155
218	-4.33686	-4.15133	-4.86794	0.894542	0.105458	0.14238
219	-4.61772	-4.46224	-5.10634	0.887504	0.112496	0.149127
220	-11.7508	-11.2592	-13.4582	0.973925	0.0260752	0.0662734
221	-3.72288	-3.5657	-4.19218	0.885732	0.114268	0.150826
222	-7.69684	-7.37445	-8.749	0.942456	0.0575438	0.0964432
223	-3.859	-3.6705	-4.39441	0.895229	0.104771	0.141721
224	-4.97178	-4.8206	-5.44578	0.885601	0.114399	0.150952
225	-8.34512	-8.07517	-9.21076	0.928041	0.0719589	0.110263
226	-12.7058	-12.3118	-14.1287	0.962251	0.0377492	0.0774655
227	-3.59166	-3.37932	-4.17553	0.901819	0.098181	0.135403
228	-3.98814	-3.79813	-4.52443	0.895453	0.104547	0.141506
229	-4.33686	-4.15133	-4.86794	0.894542	0.105458	0.14238
230	-3.859	-3.6705	-4.39441	0.895229	0.104771	0.141721
231	-9.46852	-8.92826	-10.9021	0.967557	0.0324435	0.0723788
232	-3.72288	-3.5657	-4.19218	0.885732	0.114268	0.150826
233	-4.05345	-3.80527	-4.71127	0.911121	0.0888789	0.126485
234	-3.72838	-3.56	-4.21992	0.889074	0.110926	0.147622
235	-14.188	-13.8363	-15.3806	0.951002	0.0489981	0.0882501
236	-7.43056	-7.24546	-8.04778	0.902359	0.0976409	0.134885
237	-9.67883	-9.3986	-10.5777	0.930895	0.0691046	0.107527
238	-17.108	-16.6592	-18.8293	0.973181	0.0268188	0.0669863
239	-4.37321	-4.28676	-4.669	0.858591	0.141409	0.176847
240	-11.8766	-13.3813	-11.0347	0.28389	0.71611	0.727827
241	-9.78395	-9.4277	-11.0027	0.952409	0.0475906	0.0869007
242	-10.8233	-10.4659	-11.8827	0.944705	0.0552954	0.0942876
254	-7.91001	-7.62236	-8.79826	0.930687	0.069313	0.107727
255	-20.4808	-22.9455	-20.0628	0.188267	0.811733	0.819503
288	-24.7096	-25.7193	-25.7096	0.804028	0.195972	0.229157
289	-14.5807	-16.8616	-13.1198	0.0894408	0.910559	0.914251
290	-18.0667	-20.3211	-16.4628	0.0804022	0.919598	0.922916
389	-22.9651	-27.5703	-20.1844	0.00256155	0.997438	0.997544
390	-4.53106	-4.30979	-5.15209	0.905826	0.0941744	0.131562
391	-7.80023	-7.64516	-8.39892	0.897996	0.102004	0.139068
392	-4.02666	-3.93414	-4.33959	0.861385	0.138615	0.174168
393	-12.8037	-14.1432	-11.8724	0.299553	0.700447	0.712811
394	-4.23845	-4.12012	-4.62403	0.872728	0.127272	0.163294
395	-8.62506	-8.47526	-9.20089	0.89539	0.10461	0.141567
396	-8.49562	-9.79072	-7.58673	0.313759	0.686241	0.699191
397	-13.3055	-14.5374	-13.1555	0.509852	0.490148	0.511192
398	-8.934	-8.65473	-9.89594	0.934784	0.0652164	0.103799
399	-3.8696	-3.7941	-4.13577	0.853593	0.146407	0.181638
400	-13.5997	-14.9217	-12.8753	0.348641	0.651359	0.665749
401	-19.2827	-22.1825	-17.5104	0.0372987	0.962701	0.964241
402	-6.12699	-6.06143	-6.3622	0.848407	0.151593	0.186611
403	-4.02666	-3.93414	-4.33959	0.861385	0.138615	0.174168
404	-24.5659	-27.5136	-22.5068	0.0269764	0.973024	0.974137
405	-10.622	-12.0362	-10.0227	0.356149	0.643851	0.658551
406	-4.02666	-3.93414	-4.33959	0.861385	0.138615	0.174168
407	-13.7085	-16.4872	-11.6953	0.0332325	0.966767	0.968139
408	-11.6006	-12.6318	-11.1299	0.479901	0.520099	0.539907
409	-15.0615	-16.4064	-14.6714	0.422242	0.577758	0.595186
410	-8.03267	-7.77027	-8.95056	0.930969	0.0690306	0.107456
411	-3.8696	-3.7941	-4.13577	0.853593	0.146407	0.181638
412	-16.9229	-20.0525	-15.0176	0.0262499	0.97375	0.974834
413	-9.96725	-9.79798	-10.6065	0.902904	0.0970964	0.134363
414	-11.9171	-11.5839	-13.1341	0.951276	0.0487243	0.0879876
415	-13.0853	-14.2871	-12.4498	0.397505	0.602495	0.618902
416	-3.33728	-3.19825	-3.77529	0.880632	0.119368	0.155715
417	-4.08688	-3.82567	-4.78415	0.91528	0.0847203	0.122498
418	-6.45884	-6.38836	-6.7048	0.850412	0.149588	0.184689
419	-12.9881	-12.7153	-14.091	0.942519	0.057481	0.0963829
420	-3.60506	-3.48221	-4.00228	0.874513	0.125487	0.161582
421	-9.35639	-10.7342	-8.6021	0.329441	0.670559	0.684156
422	-8.39432	-9.66068	-7.51503	0.326456	0.673544	0.687018
423	-14.056	-15.2285	-13.467	0.415767	0.584233	0.601394
424	-12.0281	-11.8309	-12.8512	0.919947	0.0800529	0.118023
425	-11.2212	-11.0103	-12.0837	0.923778	0.0762219	0.11435
426	-9.50837	-10.9029	-8.80194	0.336354	0.663646	0.677528
427	-10.4767	-11.9757	-9.6193	0.281909	0.718091	0.729726
431	-3.58447	-3.5041	-3.86284	0.855713	0.144287	0.179606
432	-3.79482	-3.68697	-4.15163	0.868305	0.131695	0.167534
433	-4.08688	-3.82567	-4.78415	0.91528	0.0847203	0.122498
434	-3.58447	-3.5041	-3.86284	0.855713	0.144287	0.179606
435	-14.8575	-15.8055	-14.7755	0.596613	0.403387	0.428011
436	-18.4487	-21.3819	-16.3187	0.0255367	0.974463	0.975517
437	-15.3723	-16.7786	-15.0513	0.42412	0.57588	0.593385
438	-9.15698	-9.00459	-9.74474	0.896743	0.103257	0.14027
439	-3.99891	-3.88237	-4.37665	0.871655	0.128345	0.164322
440	-3.60506	-3.48221	-4.00228	0.874513	0.125487	0.161582
441	-14.4828	-17.0065	-12.6964	0.0527146	0.947285	0.949461
442	-13.756	-15.1616	-13.1652	0.360084	0.639916	0.654778
443	-4.05601	-3.99178	-4.28535	0.847478	0.152522	0.187501
444	-3.33728	-3.19825	-3.77529	0.880632	0.119368	0.155715
445	-3.76993	-3.65147	-4.1589	0.87312	0.12688	0.162918
446	-3.99891	-3.88237	-4.37665	0.871655	0.128345	0.164322
447	-4.17413	-4.07071	-4.52634	0.867269	0.132731	0.168527
448	-4.08688	-3.82567	-4.78415	0.91528	0.0847203	0.122498
449	-4.25242	-4.08769	-4.75132	0.889439	0.110561	0.147272
450	-3.33728	-3.19825	-3.77529	0.880632	0.119368	0.155715
451	-3.54379	-3.4435	-3.88571	0.865716	0.134284	0.170016
452	-4.25242	-4.08769	-4.75132	0.889439	0.110561	0.147272
453	-8.70551	-8.52096	-9.40673	0.909468	0.0905317	0.128069
454	-4.23224	-4.1149	-4.6134	0.872127	0.127873	0.16387
455	-4.23224	-4.1149	-4.6134	0.872127	0.127873	0.16387
456	-11.0973	-10.9412	-11.6796	0.896584	0.103416	0.140422
457	-3.33728	-3.19825	-3.77529	0.880632	0.119368	0.155715
458	-3.58447	-3.5041	-3.86284	0.855713	0.144287	0.179606
459	-15.278	-15.0363	-16.2679	0.934197	0.0658029	0.104361
460	-10.8126	-10.5658	-11.8225	0.935717	0.064283	0.102904
461	-11.8052	-11.623	-12.576	0.914852	0.0851475	0.122908
462	-8.11496	-9.38621	-7.28563	0.336444	0.663556	0.677443
463	-3.99891	-3.88237	-4.37665	0.871655	0.128345	0.164322
464	-9.3685	-9.16095	-10.1061	0.914241	0.0857589	0.123494
465	-3.58447	-3.5041	-3.86284	0.855713	0.144287	0.179606
466	-12.2272	-13.7369	-11.3787	0.28155	0.71845	0.730071
467	-11.5319	-12.7358	-10.9987	0.421736	0.578264	0.59567
468	-6.99054	-6.89769	-7.30094	0.861122	0.138878	0.17442
469	-13.9345	-15.2495	-13.9142	0.521524	0.478476	0.500002
470	-3.60506	-3.48221	-4.00228	0.874513	0.125487	0.161582
471	-3.47171	-3.36843	-3.81699	0.866454	0.133546	0.169309
477	-7.25247	-7.07372	-7.77691	0.89327	0.10673	0.143599
478	-9.26558	-9.07624	-9.9962	0.912245	0.0877554	0.125408
479	-18.8723	-21.8588	-17.2185	0.0384615	0.961538	0.963126
480	-11.7066	-13.2505	-10.7336	0.250585	0.749415	0.759758
481	-13.311	-14.8468	-12.4544	0.274679	0.725321	0.736659
482	-3.60506	-3.48221	-4.00228	0.874513	0.125487	0.161582
483	-8.39066	-8.05549	-9.50835	0.946559	0.0534414	0.09251
484	-4.26577	-4.14549	-4.65624	0.873487	0.126513	0.162566
485	-13.3073	-13.0317	-14.4445	0.944492	0.0555079	0.0944913
486	-3.76993	-3.65147	-4.1589	0.87312	0.12688	0.162918
487	-3.36268	-3.21193	-3.82693	0.884565	0.115435	0.151944
488	-6.82255	-6.75568	-7.06687	0.849741	0.150259	0.185331
489	-3.99822	-3.94591	-4.19625	0.841808	0.158192	0.192937
490	-12.3468	-12.1118	-13.1564	0.921726	0.0782744	0.116318
491	-4.49535	-4.33267	-4.99993	0.889795	0.110205	0.146931
