Sites	Ll	Ll_YN98.omega_1=0.002	Ll_YN98.omega_1=1	Ll_YN98.omega_1=1.32836	Pr_YN98.omega_1=0.002	Pr_YN98.omega_1=1	Pr_YN98.omega_1=1.32836	mean
57	-4.69104	-4.293	-5.65554	-5.90722	0.957141	0.0113177	0.0315413	0.0551301
58	-12.1702	-11.8276	-13.2217	-13.5283	0.959989	0.0109986	0.0290127	0.0514578
59	-7.00518	-6.43106	-8.52545	-8.89888	0.980659	0.00557781	0.0137629	0.0258212
60	-18.6394	-27.2523	-17.8657	-17.8553	0.000392576	0.216279	0.783328	1.25682
61	-8.85007	-8.44106	-9.99447	-10.31	0.965892	0.00943661	0.0246717	0.0441412
62	-3.91368	-3.63532	-4.65399	-4.86889	0.939059	0.0156609	0.0452805	0.0776876
63	-6.6959	-6.53448	-7.16907	-7.32	0.909123	0.0222612	0.0686162	0.115226
64	-4.29111	-4.08863	-4.89252	-5.08699	0.92449	0.0191117	0.0563986	0.0958782
65	-3.82353	-3.5475	-4.55575	-4.76465	0.938202	0.0158105	0.045988	0.0787753
66	-10.8562	-10.2036	-12.8182	-13.2867	0.989153	0.00334408	0.00750328	0.0152894
67	-4.15534	-3.84721	-4.9527	-5.17675	0.9442	0.0144373	0.0413625	0.0712698
68	-4.4151	-4.11839	-5.18685	-5.40246	0.941875	0.0149449	0.0431796	0.0741866
69	-11.143	-10.7494	-12.2779	-12.5905	0.964987	0.00966624	0.0253463	0.0452652
70	-16.0979	-24.4351	-14.6463	-14.612	0.000257714	0.212277	0.787466	1.25831
71	-7.76423	-7.2056	-9.26662	-9.63749	0.97998	0.00576305	0.0142565	0.0266608
72	-12.6331	-16.6991	-12.5928	-12.7459	0.0804449	0.225611	0.693944	1.14758
73	-3.63712	-3.29887	-4.49778	-4.73861	0.949521	0.0132236	0.0372552	0.0646109
74	-8.35403	-12.1507	-8.03762	-8.12963	0.0765951	0.216285	0.70712	1.15575
75	-3.82353	-3.5475	-4.55575	-4.76465	0.938202	0.0158105	0.045988	0.0787753
76	-13.0173	-12.3796	-15.056	-15.5997	0.990303	0.00314724	0.00654976	0.0138283
77	-8.32373	-7.94564	-9.39811	-9.7012	0.962077	0.0103976	0.0275252	0.048885
78	-16.9742	-25.4233	-15.3162	-15.2145	0.000177733	0.201255	0.798568	1.26204
79	-4.1454	-3.81616	-4.98658	-5.22207	0.947944	0.0135832	0.0384731	0.0665851
80	-8.06401	-7.62938	-9.25466	-9.58089	0.968418	0.0088052	0.0227764	0.0409972
81	-7.00518	-6.43106	-8.52545	-8.89888	0.980659	0.00557781	0.0137629	0.0258212
82	-17.6276	-21.4412	-18.687	-19.1058	0.291006	0.211124	0.49787	0.873055
83	-20.2687	-29.2089	-18.4913	-18.4343	0.000100017	0.20855	0.79135	1.25974
84	-9.97197	-13.8557	-9.63467	-9.71607	0.068777	0.21635	0.714873	1.16609
85	-10.1046	-9.68889	-11.2644	-11.5783	0.966575	0.00923675	0.0241885	0.0433008
86	-4.1467	-3.86164	-4.89912	-5.11738	0.940267	0.0153888	0.0443443	0.0761743
87	-5.03547	-4.78311	-5.75289	-5.97614	0.936569	0.016402	0.047029	0.0807464
88	-4.5439	-4.33822	-5.14222	-5.33272	0.92429	0.0191057	0.0566046	0.0961454
89	-4.29111	-4.08863	-4.89252	-5.08699	0.92449	0.0191117	0.0563986	0.0958782
90	-4.75075	-4.52658	-5.40987	-5.621	0.930654	0.0177707	0.0515749	0.0881418
91	-3.82353	-3.5475	-4.55575	-4.76465	0.938202	0.0158105	0.045988	0.0787753
95	-4.1454	-3.81616	-4.98658	-5.22207	0.947944	0.0135832	0.0384731	0.0665851
96	-3.82353	-3.5475	-4.55575	-4.76465	0.938202	0.0158105	0.045988	0.0787753
97	-4.41251	-4.10879	-5.19828	-5.41954	0.943241	0.0146552	0.0421038	0.0724705
98	-4.30934	-4.09692	-4.93728	-5.13922	0.927373	0.0184849	0.0541425	0.0922602
99	-5.00799	-4.80938	-5.56997	-5.74455	0.920325	0.0198678	0.0598075	0.101154
100	-4.41251	-4.10879	-5.19828	-5.41954	0.943241	0.0146552	0.0421038	0.0724705
101	-4.30934	-4.09692	-4.93728	-5.13922	0.927373	0.0184849	0.0541425	0.0922602
102	-4.69104	-4.293	-5.65554	-5.90722	0.957141	0.0113177	0.0315413	0.0551301
103	-4.30934	-4.09692	-4.93728	-5.13922	0.927373	0.0184849	0.0541425	0.0922602
104	-16.9558	-16.4728	-18.5846	-19.0629	0.98231	0.00549079	0.0121994	0.0236605
105	-11.7989	-11.1639	-13.8374	-14.354	0.990097	0.00315559	0.00674761	0.014099
106	-3.91368	-3.63532	-4.65399	-4.86889	0.939059	0.0156609	0.0452805	0.0776876
107	-4.1454	-3.81616	-4.98658	-5.22207	0.947944	0.0135832	0.0384731	0.0665851
108	-12.8401	-12.1989	-14.8252	-15.3381	0.989596	0.00330676	0.00709725	0.0147136
109	-8.35218	-7.95481	-9.4707	-9.78274	0.964547	0.0097838	0.0256695	0.0458112
110	-14.2151	-13.5963	-16.0774	-16.563	0.987766	0.00381646	0.00841741	0.0169733
111	-4.74082	-4.47433	-5.46385	-5.67956	0.937404	0.0160958	0.0465003	0.0797396
112	-4.59224	-4.28892	-5.38335	-5.61105	0.943759	0.014591	0.0416503	0.071805
113	-4.59519	-4.35495	-5.28198	-5.49653	0.933583	0.0170637	0.0493536	0.08449
114	-4.69708	-4.4555	-5.36278	-5.56537	0.931783	0.0173706	0.0508462	0.086776
115	-9.16489	-8.70937	-10.4069	-10.7409	0.970715	0.00821069	0.0210744	0.0381465
116	-7.57812	-7.1731	-8.70742	-9.0208	0.965204	0.00961162	0.0251839	0.0449952
117	-4.41251	-4.10879	-5.19828	-5.41954	0.943241	0.0146552	0.0421038	0.0724705
118	-3.82353	-3.5475	-4.55575	-4.76465	0.938202	0.0158105	0.045988	0.0787753
119	-3.63712	-3.29887	-4.49778	-4.73861	0.949521	0.0132236	0.0372552	0.0646109
120	-4.4151	-4.11839	-5.18685	-5.40246	0.941875	0.0149449	0.0431796	0.0741866
121	-4.41251	-4.10879	-5.19828	-5.41954	0.943241	0.0146552	0.0421038	0.0724705
122	-4.69104	-4.293	-5.65554	-5.90722	0.957141	0.0113177	0.0315413	0.0551301
123	-4.00563	-3.77831	-4.64691	-4.84519	0.929072	0.018003	0.0529248	0.0901641
124	-13.1548	-12.4378	-15.4288	-15.9819	0.992946	0.00230396	0.00474985	0.0105993
125	-10.0017	-9.4931	-11.4612	-11.8312	0.97806	0.00631211	0.0156279	0.0290277
126	-4.29111	-4.08863	-4.89252	-5.08699	0.92449	0.0191117	0.0563986	0.0958782
127	-9.77881	-9.4752	-10.711	-10.9872	0.95245	0.0127841	0.0347661	0.0608707
128	-3.82353	-3.5475	-4.55575	-4.76465	0.938202	0.0158105	0.045988	0.0787753
129	-4.00563	-3.77831	-4.64691	-4.84519	0.929072	0.018003	0.0529248	0.0901641
130	-4.30934	-4.09692	-4.93728	-5.13922	0.927373	0.0184849	0.0541425	0.0922602
131	-3.96727	-3.63951	-4.80366	-5.03715	0.94756	0.0136632	0.038777	0.067068
132	-3.91368	-3.63532	-4.65399	-4.86889	0.939059	0.0156609	0.0452805	0.0776876
133	-4.00563	-3.77831	-4.64691	-4.84519	0.929072	0.018003	0.0529248	0.0901641
134	-4.30934	-4.09692	-4.93728	-5.13922	0.927373	0.0184849	0.0541425	0.0922602
135	-4.26304	-3.93745	-5.09943	-5.32443	0.947138	0.0136866	0.0391749	0.0676192
136	-3.91368	-3.63532	-4.65399	-4.86889	0.939059	0.0156609	0.0452805	0.0776876
137	-3.96727	-3.63951	-4.80366	-5.03715	0.94756	0.0136632	0.038777	0.067068
138	-4.62293	-4.36986	-5.33197	-5.55027	0.935892	0.0165163	0.0475917	0.0816068
139	-4.41251	-4.10879	-5.19828	-5.41954	0.943241	0.0146552	0.0421038	0.0724705
140	-7.56738	-7.17078	-8.67812	-8.98792	0.964198	0.00986421	0.0259383	0.0462479
141	-3.62812	-3.29371	-4.48108	-4.72004	0.948898	0.0133684	0.0377332	0.0653894
142	-3.96727	-3.63951	-4.80366	-5.03715	0.94756	0.0136632	0.038777	0.067068
143	-4.69708	-4.4555	-5.36278	-5.56537	0.931783	0.0173706	0.0508462	0.086776
144	-8.36915	-7.91115	-9.61813	-9.95369	0.971014	0.00813615	0.0208503	0.0377748
145	-4.1467	-3.86164	-4.89912	-5.11738	0.940267	0.0153888	0.0443443	0.0761743
146	-3.96727	-3.63951	-4.80366	-5.03715	0.94756	0.0136632	0.038777	0.067068
147	-4.1454	-3.81616	-4.98658	-5.22207	0.947944	0.0135832	0.0384731	0.0665851
148	-4.15534	-3.84721	-4.9527	-5.17675	0.9442	0.0144373	0.0413625	0.0712698
149	-4.4151	-4.11839	-5.18685	-5.40246	0.941875	0.0149449	0.0431796	0.0741866
150	-9.97308	-13.9451	-9.6292	-9.70141	0.0625322	0.216267	0.721201	1.1744
151	-4.32463	-4.01044	-5.13691	-5.36647	0.945506	0.0141571	0.0403368	0.0696297
152	-4.59224	-4.28892	-5.38335	-5.61105	0.943759	0.014591	0.0416503	0.071805
153	-17.8791	-27.9524	-18.9742	-19.0905	0.000651175	0.23845	0.760899	1.2492
204	-4.5439	-4.33822	-5.14222	-5.33272	0.92429	0.0191057	0.0566046	0.0961454
205	-18.9583	-33.488	-17.9744	-17.7414	7.17268e-07	0.180996	0.819003	1.26892
206	-9.40655	-13.1692	-8.94921	-9.02989	0.0688123	0.216223	0.714965	1.16609
207	-4.01769	-3.78532	-4.67123	-4.87274	0.93036	0.0177187	0.051921	0.0885489
208	-11.0255	-21.0431	-11.508	-11.48	0.000333799	0.213331	0.786335	1.25787
209	-11.3201	-21.3409	-11.7213	-11.6811	0.000303816	0.211293	0.788403	1.25857
210	-8.95907	-12.6636	-8.44691	-8.52874	0.0690763	0.216351	0.714572	1.1657
211	-7.96093	-7.54059	-9.1241	-9.44281	0.966943	0.00916676	0.0238906	0.0428359
212	-13.0693	-17.1168	-12.3504	-12.3685	0.0391685	0.212569	0.748262	1.20661
213	-4.01769	-3.78532	-4.67123	-4.87274	0.93036	0.0177187	0.051921	0.0885489
214	-7.46535	-6.97912	-8.8231	-9.17371	0.974896	0.00712289	0.0179809	0.0329577
215	-8.7745	-8.36268	-9.99096	-10.3227	0.96863	0.00878076	0.0225893	0.0407246
216	-4.21389	-3.93673	-4.95195	-5.15763	0.938466	0.015705	0.0458287	0.0784588
217	-10.8953	-10.5063	-11.9957	-12.3026	0.9635	0.0100357	0.0264646	0.0471172
218	-4.3497	-4.09426	-5.03568	-5.23277	0.933668	0.0168215	0.0495103	0.0844562
219	-4.59996	-4.39442	-5.19966	-5.39138	0.92444	0.0190849	0.0564747	0.0959523
220	-11.2762	-10.7543	-12.9134	-13.3661	0.982818	0.00523949	0.0119425	0.023069
221	-3.89614	-3.68575	-4.48963	-4.67383	0.923951	0.0191008	0.0569485	0.0965966
222	-7.5922	-7.13898	-8.88192	-9.22307	0.972118	0.00785768	0.0200245	0.0364016
223	-3.85869	-3.57735	-4.60022	-4.81402	0.939252	0.0155985	0.0451495	0.0774516
224	-4.8527	-4.62851	-5.48502	-5.68116	0.928165	0.0182044	0.0536311	0.0913019
225	-8.40248	-8.02063	-9.48481	-9.78936	0.96254	0.0102816	0.0271783	0.0483091
226	-12.9254	-12.4015	-14.5884	-15.0518	0.983401	0.00509952	0.0114993	0.0223415
227	-3.5432	-3.24402	-4.31858	-4.53868	0.94239	0.0148622	0.0427483	0.0735319
228	-4.05055	-3.7979	-4.729	-4.92859	0.933143	0.0169865	0.0498709	0.085099
229	-4.3497	-4.09426	-5.03568	-5.23277	0.933668	0.0168215	0.0495103	0.0844562
230	-3.85869	-3.57735	-4.60022	-4.81402	0.939252	0.0155985	0.0451495	0.0774516
231	-9.51119	-9.01439	-10.9014	-11.258	0.976029	0.00683079	0.0171398	0.0315506
232	-3.89614	-3.68575	-4.48963	-4.67383	0.923951	0.0191008	0.0569485	0.0965966
233	-3.88098	-3.59312	-4.63238	-4.84588	0.940168	0.0153598	0.0444722	0.076315
234	-3.74687	-3.50661	-4.40105	-4.59208	0.930406	0.0175691	0.0520246	0.0885371
235	-13.767	-13.2741	-15.3157	-15.74	0.980337	0.0058777	0.0137849	0.0261496
236	-7.63029	-7.30431	-8.5663	-8.84201	0.953608	0.0124686	0.0339237	0.0594386
237	-9.2703	-8.92422	-10.2709	-10.5482	0.957262	0.0115002	0.0312375	0.0549093
238	-17.1752	-16.6158	-19.2022	-19.7664	0.989543	0.00344119	0.00701624	0.0147403
239	-4.41092	-4.22339	-4.95541	-5.12948	0.918176	0.0203958	0.0614285	0.103831
240	-11.8637	-16.2181	-11.3114	-11.3097	0.0337082	0.210486	0.755806	1.21453
241	-10.3769	-9.87621	-11.9459	-12.3871	0.981091	0.00571976	0.0131889	0.0252015
242	-10.3493	-9.925	-11.5267	-11.8483	0.967584	0.00900765	0.0234087	0.0420379
254	-7.5618	-7.19514	-8.61233	-8.9114	0.960658	0.0107552	0.0285864	0.0506495
255	-21.0622	-35.028	-20.7143	-20.9511	3.43601e-06	0.261169	0.738828	1.2426
288	-24.9101	-28.7995	-26.3014	-26.836	0.364827	0.204883	0.43029	0.777191
289	-14.0003	-21.7633	-12.2236	-12.1936	0.000331747	0.212984	0.786685	1.25798
290	-17.2577	-24.9058	-15.5421	-15.6001	0.000423629	0.228093	0.771483	1.2529
389	-22.4089	-41.2646	-20.0546	-19.7676	2.30376e-09	0.173128	0.826872	1.27151
390	-4.32554	-4.17727	-4.77964	-4.92308	0.905944	0.0229097	0.0711463	0.119229
391	-7.75453	-7.58568	-8.34426	-8.53929	0.921295	0.0199286	0.0587762	0.0998469
392	-4.16387	-4.02704	-4.58567	-4.72103	0.901609	0.0238195	0.0745713	0.12468
393	-12.2827	-16.3379	-11.2951	-11.332	0.0304197	0.21765	0.75193	1.21654
394	-4.17335	-4.03321	-4.60423	-4.74204	0.902865	0.0235591	0.0735755	0.123099
395	-8.65258	-8.4184	-9.43158	-9.67285	0.939857	0.0157604	0.0443825	0.0765959
396	-8.42327	-12.6488	-7.36015	-7.30396	0.0223038	0.204042	0.773654	1.23178
397	-13.2997	-17.5714	-12.8218	-12.8953	0.0414785	0.221335	0.737186	1.20066
398	-9.13837	-8.8866	-9.98201	-10.2457	0.9452	0.0145989	0.0402006	0.0698901
399	-4.00523	-3.86184	-4.44516	-4.5852	0.904085	0.0233024	0.0726125	0.121566
400	-12.6731	-16.8126	-11.8803	-11.9279	0.0341272	0.218641	0.747232	1.2113
401	-19.0141	-27.8079	-16.8797	-16.715	7.43333e-05	0.191323	0.808603	1.26544
402	-6.22065	-6.13544	-6.49702	-6.59332	0.879578	0.0282987	0.0921234	0.152431
403	-4.16387	-4.02704	-4.58567	-4.72103	0.901609	0.0238195	0.0745713	0.12468
404	-23.9567	-32.6692	-21.7676	-21.6468	7.90911e-05	0.198211	0.80171	1.26317
405	-11.4909	-15.8569	-10.8807	-10.8805	0.0315534	0.211222	0.757225	1.21715
406	-4.16387	-4.02704	-4.58567	-4.72103	0.901609	0.0238195	0.0745713	0.12468
407	-13.3181	-22.0122	-10.9606	-10.736	6.25851e-05	0.182244	0.817693	1.26843
408	-11.4456	-15.3952	-10.6368	-10.7093	0.0410989	0.22127	0.737631	1.20119
409	-15.3031	-19.6076	-14.7047	-14.741	0.0348163	0.216581	0.748603	1.21106
410	-8.22826	-7.99007	-9.03514	-9.28968	0.942169	0.0153034	0.0425274	0.0736793
411	-4.00523	-3.86184	-4.44516	-4.5852	0.904085	0.0233024	0.0726125	0.121566
412	-15.2938	-24.4871	-13.1842	-12.9173	4.70148e-05	0.176014	0.823939	1.2705
413	-10.0348	-9.79828	-10.8228	-11.0727	0.940851	0.0155991	0.0435495	0.0753301
414	-11.8028	-11.5075	-12.8348	-13.1628	0.957968	0.011734	0.0302975	0.0538958
415	-13.0794	-17.193	-12.3229	-12.375	0.0363607	0.218886	0.744753	1.20826
416	-3.2909	-3.11355	-3.82244	-3.98383	0.915688	0.0208164	0.0634953	0.106992
417	-3.81383	-3.64469	-4.3251	-4.48183	0.913185	0.0213592	0.0654553	0.110134
418	-6.40565	-6.32082	-6.67942	-6.77389	0.879113	0.0283681	0.092519	0.153025
419	-12.9903	-12.6957	-14.0459	-14.4011	0.959643	0.0114883	0.0288688	0.0517556
420	-3.58972	-3.42047	-4.10007	-4.25642	0.913099	0.0213746	0.0655268	0.110244
421	-9.65912	-14.0467	-8.84925	-8.80881	0.0246775	0.206095	0.769228	1.22795
422	-7.83892	-12.0055	-6.79288	-6.74354	0.0241493	0.204763	0.771087	1.22909
423	-14.1741	-18.3039	-13.4957	-13.5654	0.0391019	0.221242	0.739656	1.20385
424	-11.5184	-11.2694	-12.4259	-12.7382	0.949989	0.0138035	0.0362077	0.0638002
425	-11.3624	-11.0763	-12.4033	-12.7479	0.958436	0.0117425	0.0298217	0.0532732
426	-10.4168	-14.7285	-9.71208	-9.70938	0.0302916	0.211075	0.758633	1.21887
427	-10.0825	-14.5156	-9.24964	-9.18775	0.0227032	0.203039	0.774258	1.23157
431	-3.73275	-3.60747	-4.12274	-4.24976	0.897112	0.0247511	0.0781372	0.130339
432	-3.74554	-3.61368	-4.15394	-4.28584	0.899731	0.0242104	0.0760585	0.127043
433	-3.81383	-3.64469	-4.3251	-4.48183	0.913185	0.0213592	0.0654553	0.110134
434	-3.73275	-3.60747	-4.12274	-4.24976	0.897112	0.0247511	0.0781372	0.130339
435	-15.1561	-19.0665	-14.5776	-14.7573	0.0573833	0.23594	0.706676	1.17477
436	-17.7283	-26.4219	-15.4645	-15.3036	7.24179e-05	0.191915	0.808012	1.26524
437	-15.8095	-20.1864	-15.4139	-15.4701	0.040063	0.218749	0.741188	1.20339
438	-9.18775	-8.95013	-9.98165	-10.2269	0.941049	0.0154938	0.0434577	0.0751032
439	-3.98954	-3.82705	-4.48352	-4.63631	0.911028	0.0218251	0.0671469	0.112842
440	-3.58972	-3.42047	-4.10007	-4.25642	0.913099	0.0213746	0.0655268	0.110244
441	-14.8834	-23.3587	-12.6039	-12.4723	9.0792e-05	0.196497	0.803412	1.26371
442	-13.4853	-17.7997	-12.8692	-12.9	0.03376	0.21588	0.75036	1.21269
443	-4.04564	-3.9217	-4.43235	-4.55889	0.896651	0.0248529	0.0784959	0.130917
444	-3.2909	-3.11355	-3.82244	-3.98383	0.915688	0.0208164	0.0634953	0.106992
445	-3.79872	-3.64756	-4.2621	-4.40835	0.907155	0.0226629	0.0701819	0.117704
446	-3.98954	-3.82705	-4.48352	-4.63631	0.911028	0.0218251	0.0671469	0.112842
447	-4.18235	-4.04057	-4.62442	-4.76649	0.904264	0.0232948	0.0724408	0.121331
448	-3.81383	-3.64469	-4.3251	-4.48183	0.913185	0.0213592	0.0654553	0.110134
449	-4.12855	-3.9772	-4.59469	-4.74194	0.907466	0.022604	0.0699297	0.117311
450	-3.2909	-3.11355	-3.82244	-3.98383	0.915688	0.0208164	0.0634953	0.106992
451	-3.5487	-3.4122	-3.97521	-4.11253	0.902127	0.0237292	0.0741434	0.124022
452	-4.12855	-3.9772	-4.59469	-4.74194	0.907466	0.022604	0.0699297	0.117311
453	-8.25881	-8.01596	-9.06991	-9.32515	0.942679	0.0151762	0.0421445	0.0730445
454	-4.13032	-3.98048	-4.58727	-4.73157	0.906375	0.0228197	0.070805	0.118687
455	-4.13032	-3.98048	-4.58727	-4.73157	0.906375	0.0228197	0.070805	0.118687
456	-11.1176	-10.927	-11.7474	-11.9488	0.925986	0.0188297	0.0551845	0.0939864
457	-3.2909	-3.11355	-3.82244	-3.98383	0.915688	0.0208164	0.0634953	0.106992
458	-3.73275	-3.60747	-4.12274	-4.24976	0.897112	0.0247511	0.0781372	0.130339
459	-15.5558	-15.2769	-16.5795	-16.9459	0.958081	0.0120284	0.0298908	0.0536503
460	-10.5022	-10.1995	-11.5795	-11.9254	0.960529	0.0111616	0.0283094	0.0506877
461	-11.8923	-11.6134	-12.9352	-13.2778	0.958168	0.0118008	0.0300313	0.0536094
462	-9.08171	-13.2296	-8.11391	-8.09777	0.027227	0.209523	0.76325	1.22345
463	-3.98954	-3.82705	-4.48352	-4.63631	0.911028	0.0218251	0.0671469	0.112842
464	-9.40307	-9.15704	-10.1897	-10.425	0.940703	0.0154708	0.0438262	0.075569
465	-3.73275	-3.60747	-4.12274	-4.24976	0.897112	0.0247511	0.0781372	0.130339
466	-11.7665	-15.9423	-11.0264	-11.1004	0.0353607	0.222843	0.741796	1.20828
467	-12.7092	-16.7827	-11.9862	-12.0852	0.0404056	0.225961	0.733634	1.20057
468	-6.91852	-6.81411	-7.24915	-7.35935	0.888203	0.0265524	0.0852446	0.141564
469	-15.0034	-19.3658	-14.625	-14.7299	0.0428044	0.226434	0.730761	1.19723
470	-3.58972	-3.42047	-4.10007	-4.25642	0.913099	0.0213746	0.0655268	0.110244
471	-3.56758	-3.43322	-3.98349	-4.11748	0.900772	0.0239973	0.0752308	0.125732
477	-7.06868	-6.96691	-7.39609	-7.50647	0.887633	0.0266912	0.0856761	0.142275
478	-9.29737	-9.08357	-10.0399	-10.2853	0.936742	0.0166272	0.046631	0.0804433
479	-18.3797	-27.3972	-16.2344	-16.0111	5.60561e-05	0.182431	0.817513	1.26838
480	-10.4115	-14.8369	-9.55581	-9.4973	0.0224285	0.203642	0.77393	1.23174
481	-11.451	-15.9133	-10.7054	-10.6685	0.0244935	0.206704	0.768802	1.228
482	-3.58972	-3.42047	-4.10007	-4.25642	0.913099	0.0213746	0.0655268	0.110244
483	-8.64953	-8.37147	-9.57973	-9.8638	0.951454	0.0131272	0.0354186	0.0620786
484	-4.23021	-4.06773	-4.72282	-4.87591	0.910934	0.021853	0.067213	0.112958
485	-12.7969	-12.4963	-13.8955	-14.2581	0.961695	0.0109622	0.0273425	0.0492062
486	-3.79872	-3.64756	-4.2621	-4.40835	0.907155	0.0226629	0.0701819	0.117704
487	-3.28455	-3.1096	-3.81009	-3.9701	0.914957	0.0209752	0.0640676	0.10791
488	-6.82677	-6.73439	-7.12868	-7.2345	0.883748	0.0275182	0.0887337	0.147156
489	-4.08324	-3.93515	-4.54488	-4.69109	0.906747	0.0227619	0.0704911	0.118213
490	-11.9927	-11.7855	-12.6803	-12.8989	0.931747	0.0175883	0.0506649	0.0867528
491	-4.47635	-4.29006	-5.03624	-5.20455	0.918912	0.020125	0.0609629	0.102943
