
Analysis Description
--------------------
MEME (Mixed Effects Model of Evolution) estimates a site-wise synonymous
(&alpha;) and a two-category mixture of non-synonymous (&beta;-, with
proportion p-, and &beta;+ with proportion [1-p-]) rates, and uses a
likelihood ratio test to determine if &beta;+ > &alpha; at a site. The
estimates aggregate information over a proportion of branches at a site,
so the signal is derived from episodic diversification, which is a
combination of strength of selection [effect size] and the proportion of
the tree affected. A subset of branches can be selected for testing as
well, in which case an additional (nuisance) parameter will be inferred
-- the non-synonymous rate on branches NOT selected for testing.
Multiple partitions within a NEXUS file are also supported for
recombination - aware analysis. 

- __Requirements__: in-frame codon alignment and a phylogenetic tree

- __Citation__: Detecting Individual Sites Subject to Episodic Diversifying Selection.
_PLoS Genet_ 8(7): e1002764.

- __Written by__: Sergei L. Kosakovsky Pond, Steven Weaver

- __Contact Information__: spond@temple.edu

- __Analysis Version__: 2.1.1


>code –> Universal

>Loaded a multiple sequence alignment with **23** sequences, **1016** codons, and **1** partitions from `/home/imelonie/DGINN/Sequences/ERFL_ENSG_results_202207221625/ERFL_sequences_filtered_longestORFs_mafft_mincov_prank_clustiso.fasta`

>branches –> All

>Select the p-value threshold to use when testing for selection (permissible range = [0,1], default value = 0.1): 
>pvalue –> 0.1


### Branches to include in the MEME analysis
Selected 37 branches to include in the MEME analysis: `traFra_ERFL_XM_033198263, pilTep_ERFL_XM_023229355, colAngPal_LOC105507874_XM_011936591, Node2, chlSab_ERFL_XM_007996944, macNem_LOC105495277_XM_011764608, macFas_ERFL_XM_045379538, macMul_LOC722195_XM_001118376, Node11, Node9, manLeu_LOC105542543_XM_011984131, papAnu_ERFL_XM_021930375, theGel_LOC112611967_XM_025365920, Node16, Node14, Node8, Node6, carSyr_LOC103273608_XM_008071041, lemCat_ERFL_XM_045531605, micMur_LOC105867990_XM_012758467, Node23, Node21, aotNan_LOC105723390_XM_012461345, calJac_ERFL_XM_008988092, calJac_ERFL_XM_035284598, Node28, Node26, Node20, nomLeu_ERFL_XM_030797138, gorGorGor_ERFL_XM_031004087, homSap_ERFL_ENSG00000268041, panPan_ERFL_XM_034946138, Node35, Node33, Node31, Node19, Node5`


### Obtaining branch lengths and nucleotide substitution biases under the nucleotide GTR model
Error:
The number of tree tips in 'VREMszYk.tree_0'(20) is not equal to the number of sequences in the data filter associated with the tree (23).

Function call stack
1 :  LikelihoodFunction VREMszYk.likelihoodFunction = (RzkTmxju.lf_components);

-------
2 :  ExecuteCommands(commands, /usr/lib/hyphy/TemplateBatchFiles/libv3/);
-------
3 :  [namespace = RzkTmxju] utility.ExecuteInGlobalNamespace("LikelihoodFunction `lfid` = (`&lf_components`)");
-------
4 :  [namespace = VREMszYk] df=estimators.CreateLFObject(this_namespace,data_filter,tree,model_template,initial_values,run_options,None);
-------
5 :  [namespace = GDxvZTnY] return estimators.FitSingleModel_Ext(data_filter,tree,"models.DNA.GTR.ModelDescription",initial_values,run_options);
-------
6 :  [namespace = XorrMbCb] return estimators.FitGTR_Ext(data_filter,tree,initial_values,{});
-------
7 :  [namespace = meme] gtr_results=estimators.FitGTR(filter_names,trees,gtr_results);
-------
8 :  [namespace = meme] doGTR("meme");
-------
9 :  namespace 

Step 0.doGTR("meme");;
-------
