Sites	Ll	Ll_YN98.omega_1=0.21646	Ll_YN98.omega_1=1	Ll_YN98.omega_1=2.12921	Pr_YN98.omega_1=0.21646	Pr_YN98.omega_1=1	Pr_YN98.omega_1=2.12921	mean
1	-6.01674	-4.78211	-6.38321	-7.85342	0.941046	0	0.0589543	0.329224
2	-7.6378	-6.53822	-7.7764	-8.886	0.885613	0	0.114387	0.435253
5	-7.15779	-6.05191	-7.48582	-8.66348	0.909742	0	0.090258	0.389101
6	-7.96006	-7.35645	-7.60518	-8.32873	0.661772	0	0.338228	0.863406
7	-12.8344	-14.2428	-12.7313	-12.8409	0.154073	0	0.845927	1.83451
8	-9.10255	-9.2921	-8.79997	-9.06473	0.370878	0	0.629122	1.41981
9	-12.7468	-14.1953	-12.6877	-12.4429	0.113702	0	0.886298	1.91173
10	-7.84669	-7.7113	-7.5049	-7.96926	0.489223	0	0.510777	1.19345
11	-9.70614	-12.1234	-9.96211	-9.54351	0.0530999	0	0.9469	2.02764
12	-6.83142	-5.81103	-7.07753	-8.16152	0.885888	0	0.114112	0.434728
17	-6.03339	-5.09792	-6.16127	-7.18312	0.856204	0	0.143796	0.491505
18	-4.62645	-4.17613	-4.51542	-4.95053	0.616169	0	0.383831	0.950634
19	-4.36732	-3.74815	-4.22345	-4.8092	0.681346	0	0.318654	0.825966
20	-5.12453	-4.6813	-5.01398	-5.44446	0.613506	0	0.386494	0.955727
21	-7.92375	-8.0649	-7.62487	-7.92617	0.391786	0	0.608214	1.37982
22	-7.00028	-6.12905	-7.18937	-8.04975	0.834742	0	0.165258	0.532558
23	-10.3021	-11.8086	-10.2456	-10.1084	0.119065	0	0.880935	1.90147
24	-9.49699	-11.1096	-9.39676	-9.25672	0.103958	0	0.896042	1.93037
25	-7.43268	-6.46003	-7.64683	-8.68965	0.873088	0	0.126912	0.459211
26	-6.45984	-5.67377	-6.50604	-7.35513	0.799035	0	0.200965	0.600855
27	-13.3243	-13.7571	-14.0021	-14.5093	0.610915	0	0.389085	0.960682
28	-8.69398	-9.29065	-8.49684	-8.52524	0.256071	0	0.743929	1.63941
29	-4.67219	-4.3839	-4.59678	-4.88184	0.549058	0	0.450942	1.079
30	-8.01622	-7.42549	-7.87441	-8.44231	0.671667	0	0.328333	0.844479
31	-5.20192	-4.63157	-5.0663	-5.61051	0.66326	0	0.33674	0.860559
32	-10.3373	-9.73018	-10.1928	-10.7801	0.678923	0	0.321077	0.8306
33	-4.99483	-4.68515	-4.91487	-5.2193	0.558004	0	0.441996	1.06189
34	-11.1976	-12.5898	-11.3639	-11.0122	0.132534	0	0.867466	1.87571
35	-9.90764	-11.1928	-10.0404	-9.77869	0.152489	0	0.847511	1.83754
36	-9.61543	-9.25627	-9.5229	-9.878	0.579484	0	0.420516	1.0208
37	-5.05766	-4.81204	-4.993	-5.23637	0.530774	0	0.469226	1.11397
38	-5.08874	-4.76275	-5.00518	-5.32471	0.564853	0	0.435147	1.04879
39	-8.9046	-8.34041	-8.76833	-9.31755	0.662859	0	0.337141	0.861326
40	-4.99483	-4.68515	-4.91487	-5.2193	0.558004	0	0.441996	1.06189
41	-4.55375	-4.10029	-4.44069	-4.88112	0.61769	0	0.38231	0.947724
42	-15.5937	-18.557	-15.9034	-14.9369	0.0194334	0	0.980567	2.09204
43	-8.04894	-7.58215	-7.68689	-8.32352	0.608327	0	0.391673	0.965633
44	-6.58645	-5.546	-6.77312	-7.8994	0.886182	0	0.113818	0.434165
45	-12.9722	-14.4176	-12.8211	-12.6583	0.113003	0	0.886997	1.91306
46	-7.66798	-7.28151	-7.30899	-7.91276	0.581801	0	0.418199	1.01637
47	-15.6303	-19.6634	-16.0712	-14.9015	0.00628675	0	0.993713	2.11719
48	-7.6179	-6.70715	-7.82148	-8.67838	0.841595	0	0.158405	0.519449
49	-7.42745	-6.79785	-6.98959	-7.79487	0.667285	0	0.332715	0.85286
50	-7.96859	-7.39613	-7.54226	-8.30789	0.648094	0	0.351906	0.889568
51	-7.71658	-6.97935	-7.32593	-8.16285	0.707323	0	0.292677	0.776277
52	-12.2634	-13.8867	-11.8765	-11.8342	0.0867842	0	0.913216	1.96321
53	-9.05257	-10.701	-9.05288	-9.00229	0.119229	0	0.880771	1.90115
54	-9.24907	-10.8169	-9.17436	-9.0141	0.108722	0	0.891278	1.92125
55	-6.11982	-5.14055	-6.26482	-7.2873	0.863618	0	0.136382	0.477324
56	-12.9015	-15.6971	-12.8903	-12.3568	0.0255459	0	0.974454	2.08035
57	-9.32861	-11.1196	-9.36257	-9.24701	0.102138	0	0.897862	1.93385
64	-8.3728	-8.241	-8.07943	-8.46784	0.481447	0	0.518553	1.20832
65	-12.2229	-13.2017	-11.9796	-12.2319	0.219109	0	0.780891	1.71011
66	-10.4279	-11.4195	-10.7059	-10.6782	0.260688	0	0.739312	1.63058
67	-10.2454	-9.18118	-10.4084	-11.522	0.884904	0	0.115096	0.43661
68	-13.8947	-13.5921	-13.5695	-14.1558	0.565272	0	0.434728	1.04799
69	-8.3728	-8.241	-8.07943	-8.46784	0.481447	0	0.518553	1.20832
93	-14.4665	-16.7296	-14.7029	-14.4748	0.0720334	0	0.927967	1.99143
94	-7.09608	-6.36239	-6.68346	-7.54516	0.707171	0	0.292829	0.776569
95	-10.1208	-11.2249	-10.3351	-10.2361	0.21588	0	0.78412	1.71629
96	-15.3674	-16.1218	-15.9158	-16.0671	0.411986	0	0.588014	1.34118
97	-12.4726	-14.3547	-12.4018	-11.9358	0.0618054	0	0.938195	2.01099
98	-13.6735	-15.2407	-13.539	-13.2571	0.0923982	0	0.907602	1.95248
99	-8.15303	-8.54185	-7.68765	-8.13924	0.330994	0	0.669006	1.4961
100	-9.66822	-10.776	-9.83704	-9.75195	0.209974	0	0.790026	1.72758
101	-4.23483	-3.63146	-4.09225	-4.66688	0.675757	0	0.324243	0.836656
102	-4.56842	-4.20531	-4.47591	-4.83115	0.580483	0	0.419517	1.01889
103	-4.99668	-4.46242	-4.86895	-5.37943	0.649293	0	0.350707	0.887275
104	-4.99598	-4.52124	-4.87818	-5.33862	0.62628	0	0.37372	0.931293
105	-9.65055	-10.8964	-9.77575	-9.54258	0.160454	0	0.839546	1.8223
106	-7.32866	-8.35007	-7.35397	-7.27183	0.201118	0	0.798882	1.74452
107	-15.4523	-18.2494	-15.7394	-14.9475	0.0265189	0	0.973481	2.07849
108	-4.48669	-4.09214	-4.38689	-4.77201	0.59358	0	0.40642	0.993839
109	-4.4147	-3.80698	-4.2715	-4.84963	0.677339	0	0.322661	0.833631
110	-4.23483	-3.63146	-4.09225	-4.66688	0.675757	0	0.324243	0.836656
111	-12.2122	-14.8775	-12.4355	-11.71	0.0302185	0	0.969781	2.07141
112	-4.23483	-3.63146	-4.09225	-4.66688	0.675757	0	0.324243	0.836656
113	-5.12828	-4.79605	-5.04221	-5.36968	0.567717	0	0.432283	1.04331
114	-5.41118	-5.06998	-5.32241	-5.65954	0.571623	0	0.428377	1.03584
115	-9.28121	-10.3064	-9.3029	-9.20754	0.197832	0	0.802168	1.75081
116	-12.2307	-11.7545	-12.11	-12.5803	0.628241	0	0.371759	0.927543
117	-11.35	-12.5596	-11.4763	-11.2915	0.172324	0	0.827676	1.7996
118	-5.09594	-4.62463	-4.97825	-5.43665	0.625025	0	0.374975	0.933693
119	-4.99483	-4.68515	-4.91487	-5.2193	0.558004	0	0.441996	1.06189
120	-4.74183	-4.4037	-4.65467	-4.98722	0.570144	0	0.429856	1.03867
121	-4.36732	-3.74815	-4.22345	-4.8092	0.681346	0	0.318654	0.825966
122	-8.8213	-8.39492	-8.7135	-9.13589	0.608232	0	0.391768	0.965815
123	-5.19583	-4.7214	-5.07916	-5.53776	0.626043	0	0.373957	0.931747
124	-9.21748	-10.3201	-9.30732	-9.21012	0.196061	0	0.803939	1.75419
125	-9.5695	-10.7593	-9.64525	-9.43235	0.164102	0	0.835898	1.81533
126	-4.99598	-4.52124	-4.87818	-5.33862	0.62628	0	0.37372	0.931293
127	-4.56527	-3.94489	-4.42146	-5.00778	0.681745	0	0.318255	0.825201
128	-4.48669	-4.09214	-4.38689	-4.77201	0.59358	0	0.40642	0.993839
129	-4.4147	-3.80698	-4.2715	-4.84963	0.677339	0	0.322661	0.833631
130	-4.67219	-4.3839	-4.59678	-4.88184	0.549058	0	0.450942	1.079
131	-5.09594	-4.62463	-4.97825	-5.43665	0.625025	0	0.374975	0.933693
132	-8.14812	-9.22674	-8.19845	-8.07348	0.189334	0	0.810666	1.76706
133	-5.37973	-5.04266	-5.29284	-5.62431	0.569686	0	0.430314	1.03954
134	-10.2649	-11.4723	-10.349	-10.1204	0.160705	0	0.839295	1.82182
135	-8.22849	-9.35954	-8.2887	-8.12693	0.177453	0	0.822547	1.78979
136	-5.19583	-4.7214	-5.07916	-5.53776	0.626043	0	0.373957	0.931747
137	-9.53602	-8.80913	-9.36977	-10.0662	0.72231	0	0.27769	0.747611
138	-9.53601	-10.7554	-9.62168	-9.37778	0.157263	0	0.842737	1.82841
139	-9.60328	-9.03934	-9.46626	-10.0158	0.66271	0	0.33729	0.861611
140	-4.9327	-4.6279	-4.8536	-5.15404	0.556027	0	0.443973	1.06567
141	-7.54836	-6.91172	-7.39875	-8.00515	0.688335	0	0.311665	0.812598
142	-7.82058	-7.35432	-7.70376	-8.16029	0.623606	0	0.376394	0.936407
143	-8.52105	-9.68338	-8.57532	-8.36965	0.165921	0	0.834079	1.81185
144	-4.50361	-4.05622	-4.3914	-4.82716	0.615351	0	0.384649	0.952198
145	-4.50361	-4.05622	-4.3914	-4.82716	0.615351	0	0.384649	0.952198
146	-10.2152	-11.2411	-10.2928	-10.249	0.215309	0	0.784691	1.71738
147	-4.36732	-3.74815	-4.22345	-4.8092	0.681346	0	0.318654	0.825966
148	-4.73595	-4.27808	-4.62205	-5.06635	0.619443	0	0.380557	0.94437
149	-4.81299	-4.34091	-4.69622	-5.15338	0.625131	0	0.374869	0.93349
150	-9.02184	-10.2509	-9.1136	-8.87475	0.157461	0	0.842539	1.82803
151	-4.55353	-4.01026	-4.42488	-4.94184	0.652602	0	0.347398	0.880945
152	-5.0212	-4.44655	-4.88448	-5.43301	0.664937	0	0.335063	0.857352
153	-4.56527	-3.94489	-4.42146	-5.00778	0.681745	0	0.318255	0.825201
154	-8.3469	-9.73552	-8.48038	-8.0956	0.125537	0	0.874463	1.88909
155	-5.12828	-4.79605	-5.04221	-5.36968	0.567717	0	0.432283	1.04331
156	-4.56842	-4.20531	-4.47591	-4.83115	0.580483	0	0.419517	1.01889
157	-5.37033	-4.77928	-5.2328	-5.79177	0.670712	0	0.329288	0.846306
158	-11.7881	-13.1807	-11.9563	-11.6067	0.132958	0	0.867042	1.8749
159	-8.07555	-7.558	-7.95057	-8.45721	0.645229	0	0.354771	0.895047
160	-4.85251	-4.56417	-4.77716	-5.06214	0.549064	0	0.450936	1.07899
161	-4.56527	-3.94489	-4.42146	-5.00778	0.681745	0	0.318255	0.825201
162	-8.87418	-9.91248	-8.95538	-8.89987	0.21187	0	0.78813	1.72396
163	-4.50361	-4.05622	-4.3914	-4.82716	0.615351	0	0.384649	0.952198
164	-5.09594	-4.62463	-4.97825	-5.43665	0.625025	0	0.374975	0.933693
165	-9.28173	-10.6019	-9.42484	-9.13026	0.145203	0	0.854797	1.85147
166	-4.67219	-4.3839	-4.59678	-4.88184	0.549058	0	0.450942	1.079
167	-11.4203	-12.4581	-11.4329	-11.3261	0.192611	0	0.807389	1.76079
168	-20.1854	-22.3438	-21.2565	-21.2357	0.196365	0	0.803635	1.75361
169	-7.6179	-6.70715	-7.82148	-8.67838	0.841595	0	0.158405	0.519449
170	-14.4246	-16.3491	-14.2237	-14.0699	0.0704144	0	0.929586	1.99453
171	-8.86355	-9.82466	-8.54138	-8.68693	0.191729	0	0.808271	1.76248
172	-17.0286	-19.079	-17.1028	-16.6372	0.0604924	0	0.939508	2.0135
173	-9.02767	-8.73953	-8.63319	-9.18605	0.536295	0	0.463705	1.10341
174	-6.61981	-5.55265	-6.81021	-7.91656	0.887238	0	0.112762	0.432146
175	-11.037	-11.0109	-10.7559	-11.1474	0.458958	0	0.541042	1.25134
177	-15.128	-16.6952	-16.1075	-16.0961	0.289014	0	0.710986	1.5764
178	-11.7989	-12.6019	-11.6581	-11.8713	0.262767	0	0.737233	1.6266
179	-8.19794	-8.23263	-7.85675	-8.23841	0.426705	0	0.573295	1.31303
183	-11.5898	-10.8435	-11.2876	-12.112	0.724614	0	0.275386	0.743204
184	-7.11233	-6.1903	-7.34938	-8.31787	0.861343	0	0.138657	0.481676
185	-8.10383	-7.6419	-7.66933	-8.35407	0.601349	0	0.398651	0.97898
186	-17.1725	-19.3146	-17.6958	-17.4062	0.0988992	0	0.901101	1.94004
187	-8.66215	-9.51451	-8.34662	-8.50776	0.212851	0	0.787149	1.72208
188	-15.915	-18.2677	-15.9067	-15.2689	0.035576	0	0.964424	2.06116
189	-6.61981	-5.55265	-6.81021	-7.91656	0.887238	0	0.112762	0.432146
190	-24.3552	-27.6168	-24.4713	-23.5384	0.0123759	0	0.987624	2.10554
191	-9.6114	-11.2205	-9.4768	-9.54202	0.121362	0	0.878638	1.89708
192	-12.4857	-13.5839	-12.3787	-12.3419	0.176091	0	0.823909	1.79239
193	-14.3831	-14.3492	-14.0439	-14.4714	0.455382	0	0.544618	1.25818
194	-9.59985	-10.9243	-9.41994	-9.3804	0.136459	0	0.863541	1.8682
195	-10.0902	-11.0718	-10.3118	-10.3524	0.264943	0	0.735057	1.62244
196	-10.6389	-11.7249	-10.432	-10.4644	0.173424	0	0.826576	1.79749
197	-16.6149	-19.4049	-16.6149	-15.9528	0.0229052	0	0.977095	2.0854
198	-13.1018	-15.7129	-12.9675	-12.4703	0.0280945	0	0.971905	2.07547
199	-13.1304	-14.2724	-12.976	-12.9564	0.165608	0	0.834392	1.81244
200	-4.83406	-4.26853	-4.69723	-5.24087	0.661783	0	0.338217	0.863384
201	-4.50361	-4.05622	-4.3914	-4.82716	0.615351	0	0.384649	0.952198
202	-4.52288	-3.99094	-4.3958	-4.90395	0.648381	0	0.351619	0.889019
203	-11.4717	-14.1083	-11.7015	-11.0057	0.0321807	0	0.967819	2.06766
204	-9.17887	-10.2307	-9.25391	-9.18766	0.206838	0	0.793162	1.73358
205	-5.06493	-4.5812	-4.94628	-5.41307	0.629666	0	0.370334	0.924816
206	-9.0607	-10.2846	-9.16942	-8.95112	0.163201	0	0.836799	1.81705
207	-5.41118	-5.06998	-5.32241	-5.65954	0.571623	0	0.428377	1.03584
208	-4.55353	-4.01026	-4.42488	-4.94184	0.652602	0	0.347398	0.880945
209	-4.74183	-4.4037	-4.65467	-4.98722	0.570144	0	0.429856	1.03867
210	-7.4548	-8.52407	-7.49308	-7.37115	0.189385	0	0.810615	1.76696
211	-5.76425	-4.55668	-6.04663	-7.29551	0.91966	0	0.0803396	0.370129
212	-11.1852	-10.1019	-11.3709	-12.4025	0.880749	0	0.119251	0.444557
213	-9.14403	-10.2768	-9.20563	-9.03796	0.176551	0	0.823449	1.79151
214	-4.81299	-4.34091	-4.69622	-5.15338	0.625131	0	0.374869	0.93349
215	-5.12453	-4.6813	-5.01398	-5.44446	0.613506	0	0.386494	0.955727
216	-4.56527	-3.94489	-4.42146	-5.00778	0.681745	0	0.318255	0.825201
217	-7.87532	-7.30551	-7.74021	-8.29302	0.665171	0	0.334829	0.856903
218	-4.50361	-4.05622	-4.3914	-4.82716	0.615351	0	0.384649	0.952198
219	-7.35415	-8.40076	-7.39005	-7.28351	0.194923	0	0.805077	1.75637
220	-4.74183	-4.4037	-4.65467	-4.98722	0.570144	0	0.429856	1.03867
221	-15.356	-18.2418	-15.6247	-14.7071	0.021128	0	0.978872	2.0888
222	-12.9244	-15.9018	-13.2511	-12.2852	0.0195	0	0.9805	2.09191
223	-21.07	-27.3868	-21.9136	-19.753	0.000357927	0	0.999642	2.12853
224	-16.9951	-19.9368	-17.3701	-16.5046	0.023355	0	0.976645	2.08454
225	-14.4214	-14.0178	-14.5864	-14.6938	0.592633	0	0.407367	0.995651
226	-14.3813	-17.8759	-14.6014	-13.8904	0.0135649	0	0.986435	2.10326
227	-10.2675	-10.9513	-10.5041	-10.7576	0.378764	0	0.621236	1.40473
228	-12.9412	-16.875	-13.3086	-12.2201	0.00699247	0	0.993008	2.11584
229	-5.90356	-4.79308	-6.12158	-7.239	0.895185	0	0.104815	0.416944
230	-8.2938	-8.30984	-7.98505	-8.32728	0.429561	0	0.570439	1.30757
231	-8.80312	-10.4296	-8.77199	-8.6789	0.113875	0	0.886125	1.9114
232	-5.93566	-4.94862	-6.0835	-7.12675	0.867272	0	0.132728	0.470334
233	-13.1404	-14.0404	-13.0223	-13.1469	0.232446	0	0.767554	1.6846
234	-10.0273	-10.1144	-9.87129	-10.1036	0.422659	0	0.577341	1.32077
235	-6.68324	-5.93547	-6.74019	-7.49179	0.778204	0	0.221796	0.640699
236	-7.94235	-9.32784	-8.07524	-7.69122	0.1259	0	0.8741	1.8884
237	-19.4508	-22.0032	-20.3074	-19.6974	0.0686968	0	0.931303	1.99781
238	-7.46916	-7.06073	-7.10174	-7.72332	0.589406	0	0.410594	1.00182
239	-11.466	-10.5059	-11.6421	-12.289	0.81489	0	0.18511	0.570529
240	-19.5758	-25.8096	-20.6667	-18.5754	0.000533616	0	0.999466	2.12819
241	-17.0501	-19.765	-17.1745	-16.5628	0.0292209	0	0.970779	2.07332
242	-9.14156	-8.68668	-8.78203	-9.41869	0.606094	0	0.393906	0.969905
243	-10.8294	-13.6771	-11.2274	-10.5653	0.0318976	0	0.968102	2.0682
244	-17.071	-18.7685	-17.1037	-16.748	0.0893534	0	0.910647	1.9583
245	-7.88773	-9.24961	-8.0135	-7.65259	0.130323	0	0.869677	1.87993
246	-8.66545	-10.0368	-8.79005	-8.41249	0.127259	0	0.872741	1.8858
247	-7.0486	-8.04394	-7.07228	-7.00655	0.20776	0	0.79224	1.73182
248	-7.48585	-8.66487	-7.55697	-7.34413	0.164953	0	0.835047	1.8137
249	-5.00034	-4.74734	-4.93315	-5.18495	0.534078	0	0.465922	1.10765
250	-11.0425	-13.0855	-11.3895	-10.6981	0.063659	0	0.936341	2.00745
251	-4.50361	-4.05622	-4.3914	-4.82716	0.615351	0	0.384649	0.952198
252	-9.92538	-10.6558	-10.2401	-10.4367	0.372806	0	0.627194	1.41613
253	-7.34272	-6.58153	-6.92019	-7.79806	0.714114	0	0.285886	0.763289
254	-14.4497	-17.6244	-14.5938	-13.8991	0.0175261	0	0.982474	2.09569
255	-13.6915	-18.0075	-14.0629	-13.0458	0.00515439	0	0.994846	2.11935
256	-11.0874	-11.7882	-11.5386	-11.8463	0.439559	0	0.560441	1.28844
257	-10.292	-11.55	-10.1363	-10.032	0.139547	0	0.860453	1.86229
258	-15.4609	-18.8571	-15.6597	-14.7936	0.0125602	0	0.98744	2.10519
259	-26.0947	-30.966	-26.6329	-24.9255	0.00175837	0	0.998242	2.12585
260	-18.6936	-20.2588	-18.6037	-18.4028	0.103666	0	0.896334	1.93092
261	-8.27527	-9.71463	-8.137	-8.10122	0.128478	0	0.871522	1.88347
262	-20.3511	-26.9749	-20.9187	-18.7116	0.000190747	0	0.999809	2.12885
263	-10.2617	-11.4706	-10.1511	-10.278	0.183368	0	0.816632	1.77847
264	-20.9593	-23.6742	-21.2162	-20.6447	0.0345353	0	0.965465	2.06315
265	-9.79821	-11.3571	-9.76159	-9.75015	0.129204	0	0.870796	1.88208
266	-17.2781	-21.4688	-18.2078	-17.0921	0.00921352	0	0.990786	2.11159
267	-6.45984	-5.67377	-6.50604	-7.35513	0.799035	0	0.200965	0.600855
268	-14.5344	-16.9032	-15.0243	-14.5899	0.0682178	0	0.931782	1.99873
269	-9.30381	-11.3096	-9.38954	-9.13838	0.077823	0	0.922177	1.98035
270	-15.8421	-17.2847	-15.6835	-15.527	0.113173	0	0.886827	1.91274
271	-5.00276	-4.70529	-4.92467	-5.21948	0.553076	0	0.446924	1.07131
272	-4.55353	-4.01026	-4.42488	-4.94184	0.652602	0	0.347398	0.880945
273	-11.698	-11.3079	-11.5978	-11.9833	0.592499	0	0.407501	0.995907
274	-17.9971	-20.3882	-18.7497	-18.3295	0.0862922	0	0.913708	1.96416
276	-6.42439	-5.41629	-6.59253	-7.7518	0.884364	0	0.115636	0.437642
277	-6.38492	-5.32766	-6.5718	-7.7313	0.891151	0	0.108849	0.424661
278	-7.93646	-6.85404	-8.10735	-9.17279	0.88264	0	0.11736	0.44094
279	-4.55353	-4.01026	-4.42488	-4.94184	0.652602	0	0.347398	0.880945
280	-5.06493	-4.5812	-4.94628	-5.41307	0.629666	0	0.370334	0.924816
281	-6.34679	-5.23175	-6.59927	-7.94749	0.917938	0	0.0820624	0.373425
284	-18.9451	-21.3744	-19.6725	-19.055	0.0678319	0	0.932168	1.99947
301	-12.763	-14.8236	-13.2959	-12.9519	0.10222	0	0.89778	1.93369
302	-17.2535	-20.7321	-17.3342	-16.2942	0.00867176	0	0.991328	2.11262
303	-10.2454	-9.18118	-10.4084	-11.522	0.884904	0	0.115096	0.43661
304	-13.4066	-16.628	-13.734	-12.9011	0.0175	0	0.9825	2.09574
306	-6.26001	-5.14853	-6.50389	-7.76003	0.909736	0	0.0902635	0.389111
307	-14.3881	-16.7504	-14.9873	-14.5655	0.0768478	0	0.923152	1.98222
310	-17.6913	-22.6156	-18.2579	-16.9901	0.00266068	0	0.997339	2.12412
311	-12.7388	-15.9355	-12.8569	-12.2432	0.0181027	0	0.981897	2.09458
312	-26.6661	-32.2026	-27.1743	-25.177	0.000657294	0	0.999343	2.12795
313	-13.6106	-16.1743	-14.1017	-13.6291	0.054874	0	0.945126	2.02425
314	-4.78586	-4.46932	-4.70396	-5.01559	0.560993	0	0.439007	1.05617
315	-12.8445	-15.5417	-13.0783	-12.3302	0.0289561	0	0.971044	2.07382
316	-10.8617	-12.0483	-10.9739	-10.7978	0.174863	0	0.825137	1.79474
317	-6.30292	-5.33882	-6.43889	-7.39982	0.853199	0	0.146801	0.497253
318	-11.0124	-12.3121	-10.8159	-10.7215	0.131051	0	0.868949	1.87854
321	-11.3095	-13.8155	-11.6302	-11.0878	0.0461432	0	0.953857	2.04095
322	-18.4411	-22.1702	-18.6789	-17.4542	0.00658031	0	0.99342	2.11662
323	-12.9496	-14.3311	-12.7812	-12.6881	0.125203	0	0.874797	1.88973
324	-11.3277	-12.0575	-11.7747	-12.025	0.417369	0	0.582631	1.33089
325	-8.74722	-8.48884	-8.36697	-8.89219	0.525546	0	0.474454	1.12397
326	-6.86738	-5.72109	-7.05126	-8.17053	0.895515	0	0.104485	0.416313
338	-8.04978	-7.88849	-7.74939	-8.16532	0.493935	0	0.506065	1.18444
339	-9.7668	-11.5333	-9.78298	-9.53541	0.0912115	0	0.908788	1.95475
340	-9.31323	-10.2465	-9.02277	-9.18522	0.203849	0	0.796151	1.7393
341	-9.1633	-9.68989	-9.55028	-9.93283	0.485469	0	0.514531	1.20063
342	-10.7063	-12.9376	-10.92	-10.4799	0.0595929	0	0.940407	2.01522
343	-10.2728	-10.8666	-10.7288	-11.0813	0.478441	0	0.521559	1.21407
344	-19.6405	-24.91	-19.9271	-18.5512	0.00127962	0	0.99872	2.12676
345	-7.66798	-7.28151	-7.30899	-7.91276	0.581801	0	0.418199	1.01637
346	-10.1288	-10.0898	-9.78055	-10.2331	0.46063	0	0.53937	1.24814
347	-9.21605	-10.789	-9.18087	-9.09628	0.119859	0	0.880141	1.89995
348	-8.71947	-7.78855	-8.8504	-9.77499	0.843611	0	0.156389	0.515592
349	-10.8251	-11.9836	-10.8899	-10.7119	0.17182	0	0.82818	1.80056
350	-4.55375	-4.10029	-4.44069	-4.88112	0.61769	0	0.38231	0.947724
351	-9.43272	-10.7114	-9.54662	-9.26741	0.148674	0	0.851326	1.84483
352	-15.255	-18.4831	-15.6862	-14.5278	0.0139757	0	0.986024	2.10248
353	-18.1211	-21.6944	-18.5558	-17.7695	0.0143996	0	0.9856	2.10167
354	-11.6093	-12.5633	-11.9681	-12.0817	0.313725	0	0.686275	1.52913
355	-10.6529	-12.7205	-10.7395	-10.4416	0.0704378	0	0.929562	1.99448
361	-13.5978	-12.4682	-13.8249	-14.9482	0.898338	0	0.101662	0.410914
362	-7.12355	-6.21361	-7.29533	-8.2486	0.849912	0	0.150088	0.50354
363	-8.65805	-9.12306	-8.41652	-8.52082	0.288367	0	0.711633	1.57764
364	-14.8926	-18.123	-15.0611	-14.0874	0.012912	0	0.987088	2.10451
365	-15.0035	-17.8035	-14.9785	-14.4275	0.0246738	0	0.975326	2.08202
367	-6.01674	-4.78211	-6.38321	-7.85342	0.941046	0	0.0589543	0.329224
368	-12.0505	-14.493	-11.9267	-11.4328	0.0335294	0	0.966471	2.06508
369	-9.44051	-9.9674	-9.86075	-10.2945	0.506511	0	0.493489	1.16038
372	-11.6445	-12.4686	-12.1946	-12.347	0.395894	0	0.604106	1.37196
373	-11.1086	-12.9063	-10.9449	-10.6714	0.0733783	0	0.926622	1.98886
374	-16.2794	-20.9473	-16.6379	-15.0848	0.00210029	0	0.9979	2.12519
375	-20.2841	-22.6987	-20.6789	-20.0713	0.0507654	0	0.949235	2.03211
376	-20.3868	-25.8037	-20.9446	-19.2713	0.00107602	0	0.998924	2.12715
377	-15.9939	-16.4473	-16.7865	-17.3319	0.64187	0	0.35813	0.901472
378	-11.9371	-12.2583	-11.5079	-11.9854	0.360311	0	0.639689	1.44002
379	-6.71338	-5.71393	-6.86727	-7.98441	0.877547	0	0.122453	0.450682
384	-8.30374	-7.34062	-8.57403	-9.57846	0.873996	0	0.126004	0.457473
385	-11.9546	-13.4655	-11.8368	-11.5892	0.101807	0	0.898193	1.93448
386	-18.6705	-21.3204	-19.3344	-18.6698	0.0496543	0	0.950346	2.03423
387	-8.85329	-9.97862	-8.66623	-8.73742	0.176203	0	0.823797	1.79218
388	-16.7958	-17.6177	-16.7921	-16.9889	0.28295	0	0.71705	1.588
389	-12.3012	-15.588	-12.4192	-11.6418	0.0141013	0	0.985899	2.10224
390	-9.41366	-11.3395	-9.45424	-9.25684	0.0844218	0	0.915578	1.96773
391	-22.5947	-25.9177	-22.7608	-21.7791	0.0116624	0	0.988338	2.1069
392	-11.8331	-12.6852	-11.639	-11.8456	0.242202	0	0.757798	1.66594
393	-12.8851	-14.9743	-12.8237	-12.3315	0.0500271	0	0.949973	2.03352
394	-12.9646	-13.9267	-13.3468	-13.07	0.239061	0	0.760939	1.67195
395	-8.19352	-9.39532	-8.27029	-8.04542	0.160976	0	0.839024	1.8213
396	-13.7033	-16.6137	-13.9943	-13.0667	0.0208749	0	0.979125	2.08928
397	-15.8432	-20.4523	-16.3281	-14.6879	0.00231624	0	0.997684	2.12478
398	-8.49516	-7.88484	-8.35321	-8.94258	0.680628	0	0.319372	0.827338
399	-7.4497	-8.53605	-7.47861	-7.3253	0.180668	0	0.819332	1.78364
400	-16.2827	-17.3616	-16.3318	-16.2245	0.191831	0	0.808169	1.76229
401	-12.9306	-16.0414	-13.3002	-12.2239	0.0160071	0	0.983993	2.09859
402	-9.16671	-9.08578	-8.84402	-9.24576	0.464782	0	0.535218	1.2402
403	-17.4097	-19.8555	-18.1193	-17.8461	0.0902557	0	0.909744	1.95657
404	-7.45316	-7.16196	-7.04045	-7.61317	0.53746	0	0.46254	1.10118
405	-14.5691	-15.5204	-14.2692	-14.5668	0.221885	0	0.778115	1.7048
406	-6.26053	-5.20514	-6.45794	-7.65036	0.89512	0	0.10488	0.41707
443	-14.4751	-15.3873	-14.7284	-14.6947	0.270189	0	0.729811	1.61241
444	-17.204	-21.0614	-17.9178	-16.7318	0.00965439	0	0.990346	2.11074
445	-8.63039	-8.27229	-8.27882	-8.85026	0.568783	0	0.431217	1.04127
446	-13.5193	-17.1395	-13.7666	-12.7901	0.0094673	0	0.990533	2.1111
447	-8.51521	-8.62216	-8.22224	-8.50031	0.395817	0	0.604183	1.37211
448	-10.6494	-9.75259	-10.3071	-11.2509	0.768024	0	0.231976	0.660173
449	-7.66798	-7.28151	-7.30899	-7.91276	0.581801	0	0.418199	1.01637
450	-9.8135	-11.8899	-9.97236	-9.70886	0.0771221	0	0.922878	1.9817
451	-15.8319	-18.9704	-15.8601	-15.1646	0.0161926	0	0.983807	2.09824
452	-16.9246	-20.2036	-16.9618	-16.5501	0.018805	0	0.981195	2.09324
453	-18.2121	-22.4111	-18.3526	-17.2053	0.00404206	0	0.995958	2.12148
454	-5.96253	-4.75962	-6.23874	-7.46731	0.91733	0	0.0826704	0.374588
455	-7.22226	-6.46902	-6.81621	-7.68419	0.713837	0	0.286163	0.763818
456	-5.96253	-4.75962	-6.23874	-7.46731	0.91733	0	0.0826704	0.374588
457	-10.4738	-11.104	-11.0239	-11.3383	0.483305	0	0.516695	1.20477
459	-12.4149	-15.7522	-12.5509	-11.6901	0.0125767	0	0.987423	2.10515
460	-12.4443	-15.1063	-12.3215	-11.8035	0.0264965	0	0.973503	2.07853
464	-9.58688	-11.5331	-9.64643	-9.40542	0.0810041	0	0.918996	1.97427
465	-9.28072	-9.18472	-8.94918	-9.33402	0.462127	0	0.537873	1.24528
466	-14.7002	-15.8543	-14.6379	-14.5539	0.167777	0	0.832223	1.8083
467	-17.4121	-21.2644	-17.4435	-16.3452	0.00537721	0	0.994623	2.11893
468	-11.9453	-14.3495	-11.8407	-11.418	0.037958	0	0.962042	2.05661
469	-20.263	-22.6481	-21.3559	-21.0294	0.127889	0	0.872111	1.88459
470	-21.9194	-24.9249	-22.5322	-21.2471	0.0183631	0	0.981637	2.09409
471	-16.0441	-16.0542	-15.796	-16.1695	0.453689	0	0.546311	1.26142
472	-9.44811	-9.52732	-9.16467	-9.4566	0.408106	0	0.591894	1.34861
473	-7.92106	-7.57943	-7.58132	-8.12251	0.560206	0	0.439794	1.05768
474	-9.53102	-11.3106	-9.53154	-9.42078	0.100574	0	0.899426	1.93684
475	-9.54198	-11.7754	-9.62259	-9.38643	0.063564	0	0.936436	2.00763
476	-6.85022	-5.92561	-7.11422	-8.08159	0.864701	0	0.135299	0.475253
477	-7.56957	-7.00143	-7.22974	-7.92204	0.650111	0	0.349889	0.88571
478	-6.55746	-5.48202	-6.91771	-8.04546	0.905711	0	0.0942891	0.396811
479	-13.4681	-15.1364	-13.4067	-13.0265	0.0823391	0	0.917661	1.97172
480	-11.728	-13.2429	-11.632	-11.3674	0.101875	0	0.898125	1.93435
481	-10.774	-9.84581	-11.0363	-11.9133	0.854011	0	0.145989	0.4957
