Sites	Ll	Ll_YN98.omega_1=0.204198	Ll_YN98.omega_1=0.879455	Ll_YN98.omega_1=0.998345	Ll_YN98.omega_1=0.999999	Pr_YN98.omega_1=0.204198	Pr_YN98.omega_1=0.879455	Pr_YN98.omega_1=0.998345	Pr_YN98.omega_1=0.999999	mean
1	-6.09577	-4.96136	-6.55629	-6.76337	-6.76617	0.652574	0.132421	0.107652	0.107352	0.464539
2	-7.66305	-6.72841	-7.96771	-8.12763	-8.12978	0.560966	0.162449	0.138441	0.138144	0.53377
5	-7.21711	-6.17491	-7.63552	-7.81358	-7.81595	0.617243	0.143258	0.119892	0.119607	0.491329
6	-7.73403	-7.3499	-7.76198	-7.86023	-7.86159	0.3494	0.231397	0.209743	0.20946	0.693706
7	-12.5202	-13.3784	-12.4756	-12.4979	-12.4983	0.12063	0.29753	0.290978	0.290861	0.867654
8	-8.99164	-9.22009	-8.92663	-8.95461	-8.95504	0.202077	0.270998	0.263519	0.263406	0.806083
9	-12.7522	-13.7767	-12.6343	-12.5895	-12.589	0.0935341	0.293156	0.306574	0.306736	0.889719
10	-7.74508	-7.75391	-7.71208	-7.76576	-7.76653	0.248856	0.259486	0.245924	0.245734	0.770273
11	-9.86687	-11.3644	-9.79888	-9.73764	-9.73693	0.0626425	0.299757	0.318687	0.318914	0.913487
12	-6.87532	-5.94364	-7.2247	-7.38556	-7.38772	0.571371	0.158693	0.135113	0.134823	0.525948
17	-6.12877	-5.34614	-6.38846	-6.53032	-6.53224	0.509154	0.179545	0.1558	0.155501	0.572913
18	-4.61703	-4.29392	-4.67902	-4.74051	-4.74135	0.337899	0.229902	0.216191	0.216008	0.703028
19	-4.29237	-3.84084	-4.37879	-4.46176	-4.46289	0.37619	0.219673	0.202183	0.201954	0.673812
20	-5.12013	-4.80347	-5.18085	-5.24146	-5.2423	0.336046	0.230412	0.216861	0.216681	0.70444
21	-7.91013	-8.1384	-7.8494	-7.87663	-7.87705	0.202716	0.270643	0.263376	0.263265	0.805617
22	-7.12813	-6.35911	-7.39956	-7.52836	-7.53008	0.506595	0.178977	0.157349	0.157078	0.575015
23	-10.2777	-11.2969	-10.1796	-10.1559	-10.1556	0.0969268	0.296254	0.303374	0.303445	0.886651
24	-9.50451	-10.6785	-9.39074	-9.35706	-9.35671	0.0824846	0.298975	0.309216	0.309325	0.897807
25	-7.51133	-6.6476	-7.82517	-7.97637	-7.9784	0.544337	0.167671	0.144142	0.14385	0.546365
26	-6.57236	-5.95544	-6.75841	-6.87154	-6.87308	0.444932	0.199328	0.178007	0.177733	0.6216
27	-13.462	-13.4191	-13.8962	-13.9782	-13.9793	0.361882	0.224569	0.206889	0.20666	0.6846
28	-8.85006	-9.4065	-8.75653	-8.74102	-8.74087	0.146916	0.281415	0.285814	0.285856	0.848688
29	-4.71495	-4.51052	-4.75423	-4.79456	-4.79511	0.304064	0.2383	0.228881	0.228754	0.72892
30	-7.6943	-7.21071	-7.78864	-7.88019	-7.88145	0.386942	0.217097	0.198104	0.197856	0.665573
31	-5.15531	-4.74784	-5.23333	-5.30926	-5.3103	0.362897	0.223326	0.206996	0.206781	0.683943
32	-9.96865	-9.48268	-10.064	-10.1561	-10.1573	0.387828	0.216856	0.197783	0.197533	0.664897
33	-5.05459	-4.83904	-5.09599	-5.13824	-5.13882	0.307145	0.237548	0.22772	0.227588	0.726561
34	-11.4854	-12.4877	-11.4152	-11.3521	-11.3513	0.0985118	0.287913	0.306668	0.306907	0.88639
35	-10.1334	-11.0486	-10.0758	-10.028	-10.0274	0.108735	0.287639	0.301727	0.301899	0.878296
36	-9.27368	-8.9854	-9.32981	-9.38667	-9.38745	0.328187	0.232564	0.219711	0.219539	0.71043
37	-5.10329	-4.93076	-5.13648	-5.17071	-5.17118	0.295244	0.240348	0.232259	0.232149	0.735687
38	-5.13943	-4.91125	-5.18326	-5.22779	-5.2284	0.310682	0.236692	0.226383	0.226244	0.723852
39	-8.61501	-8.15687	-8.70497	-8.79249	-8.79369	0.379272	0.219238	0.200866	0.200625	0.671414
40	-5.05459	-4.83904	-5.09599	-5.13824	-5.13882	0.307145	0.237548	0.22772	0.227588	0.726561
41	-4.53147	-4.20252	-4.59454	-4.65737	-4.65824	0.339647	0.229497	0.215521	0.215335	0.701686
42	-15.4759	-17.6291	-15.2708	-15.1111	-15.109	0.0274684	0.290415	0.340714	0.341402	0.942568
43	-7.83682	-7.57343	-7.84104	-7.92439	-7.92555	0.315218	0.241206	0.221916	0.22166	0.719705
44	-6.69519	-5.81316	-7.00056	-7.16045	-7.16261	0.548143	0.167191	0.142486	0.142179	0.543396
45	-12.9539	-14.0495	-12.8103	-12.7721	-12.7717	0.0859888	0.296922	0.308481	0.308609	0.895267
46	-7.48621	-7.28213	-7.48312	-7.56002	-7.56109	0.300132	0.245483	0.227315	0.227071	0.731186
47	-15.6535	-18.3814	-15.419	-15.2447	-15.2425	0.015049	0.291122	0.346538	0.34729	0.952357
48	-7.70178	-6.86237	-8.00073	-8.13942	-8.14127	0.532609	0.170619	0.148523	0.148249	0.555335
49	-7.24321	-6.94253	-7.24473	-7.34054	-7.34188	0.324508	0.239871	0.217956	0.217665	0.71248
50	-7.80303	-7.56973	-7.79544	-7.88468	-7.88594	0.307062	0.245019	0.2241	0.223819	0.725733
51	-7.44989	-6.98515	-7.48743	-7.59865	-7.60018	0.372131	0.225194	0.201491	0.201183	0.676378
52	-12.1887	-13.4258	-11.991	-11.9631	-11.9629	0.0722837	0.303501	0.312065	0.31215	0.905374
53	-9.22824	-10.3965	-9.17214	-9.1464	-9.14615	0.0878394	0.298833	0.306626	0.306702	0.893567
54	-9.4775	-10.604	-9.37136	-9.32853	-9.32804	0.0862568	0.295898	0.308847	0.308998	0.895176
55	-6.2292	-5.40532	-6.50328	-6.64964	-6.65162	0.523765	0.174702	0.150915	0.150617	0.561877
56	-12.8827	-14.7708	-12.6759	-12.5941	-12.5932	0.037358	0.303528	0.329398	0.329715	0.933136
57	-9.52015	-10.783	-9.45881	-9.42469	-9.42433	0.0797459	0.299777	0.310184	0.310293	0.899888
64	-8.24126	-8.19552	-8.21636	-8.26838	-8.26911	0.260541	0.255169	0.242234	0.242056	0.761501
65	-11.9107	-12.5017	-11.8614	-11.9018	-11.9024	0.152914	0.290078	0.278591	0.278417	0.842882
66	-10.8209	-11.4566	-10.8803	-10.8647	-10.8646	0.156382	0.278279	0.282646	0.282693	0.841537
67	-10.22	-9.26726	-10.5471	-10.7081	-10.7102	0.571093	0.158806	0.135196	0.134904	0.526155
68	-13.2418	-12.9252	-13.2736	-13.3746	-13.376	0.335461	0.236787	0.214024	0.213727	0.704141
69	-8.24126	-8.19552	-8.21636	-8.26838	-8.26911	0.260541	0.255169	0.242234	0.242056	0.761501
93	-14.0606	-15.3603	-14.0358	-14.0242	-14.0242	0.0808492	0.304018	0.307563	0.30757	0.898503
94	-6.89832	-6.47757	-6.92432	-7.03194	-7.03343	0.358717	0.229473	0.206058	0.205752	0.686529
95	-10.636	-11.4018	-10.644	-10.6119	-10.6115	0.13261	0.282941	0.292169	0.292279	0.859877
96	-15.536	-15.8418	-15.7863	-15.8061	-15.8064	0.242163	0.255982	0.250963	0.250893	0.776014
97	-12.6679	-14.1309	-12.47	-12.3805	-12.3794	0.0562295	0.296004	0.323705	0.324062	0.919035
98	-13.5925	-14.6285	-13.4529	-13.4083	-13.4078	0.0907627	0.294077	0.307499	0.307661	0.891812
99	-8.04038	-8.46211	-7.95759	-7.99562	-7.99621	0.171116	0.283399	0.272823	0.272663	0.829212
100	-10.1766	-10.9761	-10.1633	-10.1292	-10.1288	0.126262	0.284636	0.294493	0.294609	0.864721
101	-4.16669	-3.72555	-4.25109	-4.33272	-4.33384	0.373077	0.220577	0.203286	0.203059	0.676178
102	-4.60014	-4.34078	-4.64993	-4.70023	-4.70092	0.319518	0.23455	0.223043	0.222889	0.717083
103	-4.97309	-4.59607	-5.04534	-5.11598	-5.11695	0.353774	0.22574	0.210345	0.210141	0.690906
104	-4.9507	-4.60393	-5.01721	-5.08323	-5.08414	0.344906	0.228147	0.21357	0.213377	0.697668
105	-9.89711	-10.7856	-9.84379	-9.79953	-9.79901	0.112018	0.287275	0.300275	0.300432	0.875729
106	-7.46649	-8.19755	-7.41935	-7.39954	-7.39935	0.13123	0.28576	0.291477	0.291533	0.860637
107	-15.6969	-17.6945	-15.5304	-15.4002	-15.3986	0.0338326	0.294572	0.335527	0.336069	0.937011
108	-4.49017	-4.20801	-4.54432	-4.59878	-4.59953	0.326055	0.232936	0.220587	0.220422	0.71208
109	-4.34722	-3.90313	-4.43218	-4.51425	-4.51537	0.373966	0.220328	0.202967	0.202739	0.675502
110	-4.16669	-3.72555	-4.25109	-4.33272	-4.33384	0.373077	0.220577	0.203286	0.203059	0.676178
111	-12.4607	-14.3849	-12.2884	-12.1659	-12.1644	0.0363013	0.295411	0.333891	0.334397	0.934948
112	-4.16669	-3.72555	-4.25109	-4.33272	-4.33384	0.373077	0.220577	0.203286	0.203059	0.676178
113	-5.13524	-4.89647	-5.18111	-5.22789	-5.22853	0.313713	0.236	0.225216	0.225071	0.721525
114	-5.38275	-5.13011	-5.4313	-5.48083	-5.48151	0.317681	0.235062	0.223705	0.223552	0.718483
115	-9.35063	-10.0964	-9.29806	-9.2749	-9.27466	0.128702	0.285943	0.292643	0.292712	0.862625
116	-11.808	-11.4082	-11.8865	-11.9649	-11.966	0.361608	0.224143	0.207236	0.207012	0.684869
117	-11.5926	-12.4466	-11.5507	-11.5137	-11.5133	0.117177	0.28701	0.297843	0.297969	0.871659
118	-5.03462	-4.68504	-5.10168	-5.16839	-5.16931	0.345767	0.227949	0.213239	0.213044	0.697007
119	-5.05459	-4.83904	-5.09599	-5.13824	-5.13882	0.307145	0.237548	0.22772	0.227588	0.726561
120	-4.75138	-4.50982	-4.79779	-4.84499	-4.84564	0.31449	0.2358	0.224928	0.224782	0.720931
121	-4.29237	-3.84084	-4.37879	-4.46176	-4.46289	0.37619	0.219673	0.202183	0.201954	0.673812
122	-8.53308	-8.18856	-8.60077	-8.66841	-8.66934	0.344904	0.22839	0.213452	0.213254	0.69764
123	-5.12202	-4.76199	-5.19121	-5.25938	-5.26032	0.348836	0.227098	0.212132	0.211934	0.694669
124	-9.35082	-10.1088	-9.32211	-9.3019	-9.3017	0.130232	0.286012	0.29185	0.291907	0.861401
125	-9.61215	-10.4624	-9.54974	-9.51151	-9.51107	0.115363	0.28737	0.298568	0.298699	0.873059
126	-4.9507	-4.60393	-5.01721	-5.08323	-5.08414	0.344906	0.228147	0.21357	0.213377	0.697668
127	-4.49173	-4.03945	-4.57831	-4.66133	-4.66247	0.376411	0.219604	0.202107	0.201878	0.673645
128	-4.49017	-4.20801	-4.54432	-4.59878	-4.59953	0.326055	0.232936	0.220587	0.220422	0.71208
129	-4.34722	-3.90313	-4.43218	-4.51425	-4.51537	0.373966	0.220328	0.202967	0.202739	0.675502
130	-4.71495	-4.51052	-4.75423	-4.79456	-4.79511	0.304064	0.2383	0.228881	0.228754	0.72892
131	-5.03462	-4.68504	-5.10168	-5.16839	-5.16931	0.345767	0.227949	0.213239	0.213044	0.697007
132	-8.24121	-9.01009	-8.19187	-8.16571	-8.16543	0.126259	0.286164	0.293748	0.29383	0.864541
133	-5.40132	-5.16163	-5.44736	-5.4942	-5.49485	0.313956	0.235928	0.225131	0.224986	0.721341
134	-10.3572	-11.2268	-10.2926	-10.2504	-10.25	0.112919	0.287398	0.299768	0.299916	0.874998
135	-8.38438	-9.19248	-8.32908	-8.29779	-8.29744	0.120989	0.28689	0.29601	0.296112	0.868644
136	-5.12202	-4.76199	-5.19121	-5.25938	-5.26032	0.348836	0.227098	0.212132	0.211934	0.694669
137	-9.19649	-8.60064	-9.31408	-9.4248	-9.42631	0.422565	0.207038	0.185339	0.185059	0.638458
138	-9.67407	-10.5569	-9.60582	-9.56069	-9.56015	0.111035	0.287422	0.300691	0.300852	0.876493
139	-9.30972	-8.85156	-9.39956	-9.48719	-9.48839	0.379266	0.219255	0.20086	0.200619	0.671416
140	-4.96391	-4.74953	-5.00511	-5.04723	-5.04782	0.306836	0.237634	0.227831	0.227699	0.726797
141	-7.23996	-6.71948	-7.34137	-7.43864	-7.43997	0.398312	0.213863	0.194041	0.193784	0.656921
142	-7.56532	-7.19318	-7.63778	-7.70987	-7.71086	0.352924	0.226253	0.210516	0.210307	0.69152
143	-8.66474	-9.50967	-8.59611	-8.55759	-8.55714	0.115253	0.287348	0.298633	0.298766	0.873149
144	-4.45461	-4.12471	-4.51791	-4.5811	-4.58197	0.339965	0.22944	0.215391	0.215204	0.701441
145	-4.45461	-4.12471	-4.51791	-4.5811	-4.58197	0.339965	0.22944	0.215391	0.215204	0.701441
146	-10.3145	-11.0212	-10.294	-10.2797	-10.2796	0.137593	0.284729	0.288822	0.288857	0.855703
147	-4.29237	-3.84084	-4.37879	-4.46176	-4.46289	0.37619	0.219673	0.202183	0.201954	0.673812
148	-4.71486	-4.38307	-4.77846	-4.84176	-4.84263	0.340472	0.22928	0.215217	0.21503	0.701056
149	-4.77938	-4.43791	-4.84486	-4.90984	-4.91073	0.343323	0.228541	0.214163	0.213973	0.698879
150	-9.17199	-10.05	-9.1083	-9.06582	-9.06532	0.11215	0.28758	0.300061	0.30021	0.875588
151	-4.51157	-4.11162	-4.58823	-4.66252	-4.66353	0.3606	0.223889	0.207861	0.20765	0.685701
152	-4.96908	-4.55677	-5.04801	-5.12481	-5.12586	0.36436	0.222938	0.206459	0.206242	0.682826
153	-4.49173	-4.03945	-4.57831	-4.66133	-4.66247	0.376411	0.219604	0.202107	0.201878	0.673645
154	-8.5481	-9.55991	-8.46065	-8.39391	-8.39308	0.0959429	0.288015	0.307894	0.308148	0.88842
155	-5.13524	-4.89647	-5.18111	-5.22789	-5.22853	0.313713	0.236	0.225216	0.225071	0.721525
156	-4.60014	-4.34078	-4.64993	-4.70023	-4.70092	0.319518	0.23455	0.223043	0.222889	0.717083
157	-5.34131	-4.93042	-5.42001	-5.49611	-5.49715	0.36387	0.223008	0.206668	0.206453	0.683206
158	-12.0571	-13.0573	-11.9883	-11.9258	-11.9251	0.0988593	0.287921	0.306492	0.306728	0.886113
159	-7.8002	-7.38687	-7.88192	-7.96146	-7.96255	0.365659	0.222883	0.205842	0.205617	0.6818
160	-4.89857	-4.6945	-4.93779	-4.97803	-4.97859	0.303965	0.238321	0.22892	0.228793	0.728997
161	-4.49173	-4.03945	-4.57831	-4.66133	-4.66247	0.376411	0.219604	0.202107	0.201878	0.673645
162	-9.05213	-9.76985	-9.0298	-9.01357	-9.01342	0.135924	0.284902	0.289565	0.289608	0.857008
163	-4.45461	-4.12471	-4.51791	-4.5811	-4.58197	0.339965	0.22944	0.215391	0.215204	0.701441
164	-5.03462	-4.68504	-5.10168	-5.16839	-5.16931	0.345767	0.227949	0.213239	0.213044	0.697007
165	-9.54387	-10.4906	-9.48084	-9.42703	-9.42637	0.104815	0.287725	0.303631	0.303829	0.881402
166	-4.71495	-4.51052	-4.75423	-4.79456	-4.79511	0.304064	0.2383	0.228881	0.228754	0.72892
167	-11.1446	-11.8308	-11.0986	-11.0882	-11.0881	0.137317	0.285558	0.288554	0.288571	0.855822
168	-20.9499	-22.1153	-21.3616	-21.3467	-21.3466	0.13443	0.285662	0.289932	0.289976	0.858105
169	-7.70178	-6.86237	-8.00073	-8.13942	-8.14127	0.532609	0.170619	0.148523	0.148249	0.555335
170	-14.3508	-15.6928	-14.188	-14.1537	-14.1533	0.067448	0.303743	0.314348	0.31446	0.909189
171	-8.91085	-9.67761	-8.80264	-8.79999	-8.80004	0.121816	0.292216	0.29299	0.292977	0.867348
172	-16.882	-18.1981	-16.7492	-16.6838	-16.683	0.0696616	0.296671	0.31671	0.316957	0.908276
173	-8.77265	-8.60445	-8.7573	-8.83423	-8.8353	0.290123	0.249	0.230562	0.230315	0.738722
174	-6.72601	-5.8295	-7.03431	-7.19349	-7.19563	0.552341	0.165563	0.1412	0.140897	0.540255
175	-10.6539	-10.4921	-10.661	-10.7295	-10.7305	0.29231	0.246874	0.230518	0.230298	0.737238
177	-15.8317	-16.4872	-16.176	-16.1735	-16.1735	0.196002	0.267559	0.268218	0.268222	0.811324
178	-11.8482	-12.4112	-11.8094	-11.8238	-11.8241	0.155678	0.284174	0.28011	0.280038	0.841392
179	-8.1172	-8.28936	-8.05987	-8.09775	-8.09831	0.213689	0.268814	0.258822	0.258675	0.797113
183	-11.1327	-10.4908	-11.244	-11.3722	-11.374	0.435067	0.204855	0.180195	0.179883	0.62878
184	-7.21223	-6.37874	-7.52396	-7.66722	-7.66914	0.535045	0.170226	0.147506	0.147223	0.553446
185	-7.93271	-7.73135	-7.91593	-7.99712	-7.99826	0.297282	0.247177	0.2279	0.227641	0.733249
186	-17.4091	-18.7739	-17.4843	-17.43	-17.4294	0.0812926	0.295188	0.31166	0.31186	0.899208
187	-8.59614	-9.27468	-8.49248	-8.49925	-8.49941	0.13282	0.290382	0.288423	0.288375	0.85882
188	-15.9903	-17.7027	-15.7708	-15.6639	-15.6626	0.0429658	0.296569	0.330013	0.330451	0.929511
189	-6.72601	-5.8295	-7.03431	-7.19349	-7.19563	0.552341	0.165563	0.1412	0.140897	0.540255
190	-24.5131	-26.8458	-24.2579	-24.0982	-24.0962	0.0219583	0.292076	0.342636	0.34333	0.94675
191	-9.62665	-10.6191	-9.55927	-9.56058	-9.56069	0.103632	0.299061	0.298669	0.298637	0.880984
192	-12.4498	-13.2101	-12.3723	-12.359	-12.3589	0.125058	0.289052	0.292929	0.292962	0.86515
193	-13.8696	-13.8397	-13.8462	-13.9103	-13.9112	0.259308	0.25763	0.241641	0.241422	0.762186
194	-9.64526	-10.6615	-9.53106	-9.50792	-9.5077	0.0958129	0.296742	0.303689	0.303756	0.887478
195	-10.567	-11.2405	-10.6036	-10.5887	-10.5886	0.148609	0.280979	0.285186	0.285226	0.847394
196	-10.6131	-11.3857	-10.5119	-10.5078	-10.5078	0.121836	0.291918	0.293126	0.29312	0.867368
197	-16.5843	-18.5805	-16.3547	-16.2446	-16.2433	0.0323072	0.299212	0.334017	0.334464	0.937668
198	-13.203	-15.0064	-12.9715	-12.8856	-12.8845	0.0394672	0.301999	0.329097	0.329437	0.931643
199	-12.9512	-13.6461	-12.8818	-12.883	-12.883	0.134459	0.28874	0.288412	0.288389	0.857714
200	-4.7386	-4.31534	-4.8197	-4.89887	-4.89995	0.367762	0.222089	0.205185	0.204963	0.680222
201	-4.45461	-4.12471	-4.51791	-4.5811	-4.58197	0.339965	0.22944	0.215391	0.215204	0.701441
202	-4.46544	-4.0795	-4.53945	-4.61157	-4.61255	0.356441	0.225026	0.20937	0.209163	0.688871
203	-11.7841	-13.6741	-11.6235	-11.5066	-11.5051	0.038083	0.295995	0.332721	0.333201	0.933462
204	-9.28462	-10.0138	-9.25735	-9.23993	-9.23977	0.133917	0.285337	0.29035	0.290397	0.858552
205	-5.04185	-4.6948	-5.10839	-5.17418	-5.17508	0.344941	0.228099	0.213576	0.213383	0.697645
206	-9.2819	-10.1547	-9.2272	-9.18596	-9.18547	0.113657	0.287334	0.299433	0.299577	0.874419
207	-5.38275	-5.13011	-5.4313	-5.48083	-5.48151	0.317681	0.235062	0.223705	0.223552	0.718483
208	-4.51157	-4.11162	-4.58823	-4.66252	-4.66353	0.3606	0.223889	0.207861	0.20765	0.685701
209	-4.75138	-4.50982	-4.79779	-4.84499	-4.84564	0.31449	0.2358	0.224928	0.224782	0.720931
210	-7.6244	-8.39946	-7.57048	-7.54334	-7.54305	0.125005	0.286384	0.294263	0.294348	0.865511
211	-5.83712	-4.76808	-6.23397	-6.41887	-6.42135	0.619505	0.143026	0.118881	0.118587	0.489558
212	-11.1065	-10.1272	-11.4394	-11.5965	-11.5986	0.578409	0.155717	0.133077	0.132798	0.52071
213	-9.19644	-10.0003	-9.14104	-9.11001	-9.10966	0.121446	0.28679	0.295831	0.295933	0.868292
214	-4.77938	-4.43791	-4.84486	-4.90984	-4.91073	0.343323	0.228541	0.214163	0.213973	0.698879
215	-5.12013	-4.80347	-5.18085	-5.24146	-5.2423	0.336046	0.230412	0.216861	0.216681	0.70444
216	-4.49173	-4.03945	-4.57831	-4.66133	-4.66247	0.376411	0.219604	0.202107	0.201878	0.673645
217	-7.56906	-7.10037	-7.66162	-7.75074	-7.75196	0.38262	0.218283	0.19967	0.199427	0.668867
218	-4.45461	-4.12471	-4.51791	-4.5811	-4.58197	0.339965	0.22944	0.215391	0.215204	0.701441
219	-7.55096	-8.31581	-7.49917	-7.47287	-7.47259	0.126424	0.286082	0.293706	0.293788	0.864419
220	-4.75138	-4.50982	-4.79779	-4.84499	-4.84564	0.31449	0.2358	0.224928	0.224782	0.720931
221	-15.0791	-17.123	-14.8836	-14.7425	-14.7407	0.0312241	0.293105	0.337538	0.338133	0.939261
222	-13.2942	-15.4567	-13.094	-12.9326	-12.9306	0.0273182	0.290121	0.340932	0.341628	0.942723
223	-21.4008	-25.9405	-21.0141	-20.6592	-20.6547	0.00187616	0.258697	0.368878	0.370549	0.966712
224	-17.2172	-19.31	-17.0598	-16.9156	-16.9138	0.0308317	0.292595	0.337981	0.338592	0.939634
225	-13.9825	-13.3452	-14.1747	-14.222	-14.2226	0.440883	0.192341	0.183444	0.183331	0.625655
226	-14.3349	-16.6362	-14.1525	-14.0503	-14.0491	0.0252844	0.303021	0.335645	0.33605	0.942795
227	-10.569	-10.9531	-10.6884	-10.7149	-10.7153	0.206591	0.269196	0.262159	0.262054	0.80271
228	-13.1145	-15.7757	-12.877	-12.7126	-12.7105	0.0161341	0.29282	0.34517	0.345876	0.951291
229	-5.9877	-5.00683	-6.33422	-6.5007	-6.50293	0.583543	0.154737	0.131006	0.130714	0.516745
230	-8.19436	-8.30048	-8.14652	-8.18596	-8.18654	0.226837	0.264591	0.254359	0.254213	0.787166
231	-8.98083	-10.1688	-8.90237	-8.86904	-8.86869	0.0841303	0.29851	0.308626	0.308734	0.896554
232	-6.04193	-5.21172	-6.31927	-6.46771	-6.46972	0.526487	0.173934	0.14994	0.14964	0.559806
233	-12.8426	-13.3606	-12.8251	-12.8475	-12.8479	0.16533	0.282422	0.276174	0.276075	0.833929
234	-9.78628	-9.77345	-9.77758	-9.82124	-9.82186	0.256281	0.255226	0.244321	0.244171	0.76488
235	-6.83675	-6.23667	-7.01762	-7.12374	-7.12517	0.438383	0.200768	0.180554	0.180295	0.626633
236	-8.21642	-9.23371	-8.12794	-8.05975	-8.0589	0.0952934	0.287936	0.308255	0.308516	0.888946
237	-19.9387	-21.5427	-20.0873	-19.9851	-19.9838	0.0676276	0.289851	0.321048	0.321474	0.91071
238	-7.27408	-7.05241	-7.272	-7.35182	-7.35293	0.304456	0.244432	0.225681	0.22543	0.727874
239	-11.2346	-10.2768	-11.5436	-11.6632	-11.6648	0.561386	0.158166	0.140335	0.140114	0.53395
240	-20.1622	-24.4678	-19.8879	-19.5453	-19.541	0.00267537	0.260853	0.367428	0.369043	0.965818
241	-17.21	-19.0659	-17.0507	-16.9492	-16.9479	0.0398095	0.298647	0.330565	0.330978	0.931772
242	-8.87058	-8.59586	-8.87904	-8.96754	-8.96876	0.319316	0.240567	0.220192	0.219924	0.716523
243	-10.9217	-12.7628	-10.8335	-10.7394	-10.7383	0.0434398	0.299062	0.328563	0.328935	0.928836
244	-16.5982	-17.7341	-16.4878	-16.4361	-16.4355	0.0847234	0.294617	0.310233	0.310426	0.896549
245	-8.09995	-9.09445	-8.01538	-7.95175	-7.95097	0.0978972	0.288006	0.306928	0.307169	0.886867
246	-8.90566	-9.91283	-8.81654	-8.74979	-8.74896	0.0961999	0.287931	0.307807	0.308062	0.888226
247	-7.22526	-7.94727	-7.18036	-7.1607	-7.1605	0.132533	0.285359	0.291026	0.291082	0.859649
248	-7.70952	-8.57234	-7.64313	-7.60119	-7.6007	0.113433	0.28727	0.299575	0.299722	0.874605
249	-5.04469	-4.86423	-5.07938	-5.11531	-5.11581	0.297447	0.239866	0.231401	0.231286	0.733993
250	-11.1752	-12.5014	-11.0805	-10.9783	-10.977	0.0698314	0.289183	0.320286	0.320699	0.909038
251	-4.45461	-4.12471	-4.51791	-4.5811	-4.58197	0.339965	0.22944	0.215391	0.215204	0.701441
252	-10.3525	-10.7596	-10.4875	-10.5051	-10.5054	0.204406	0.26834	0.263664	0.263591	0.80455
253	-7.1358	-6.70495	-7.16149	-7.27076	-7.27227	0.361218	0.228821	0.205136	0.204826	0.684619
254	-14.3302	-16.4754	-14.1274	-14.0246	-14.0234	0.0288401	0.301804	0.334473	0.334884	0.940114
255	-13.9025	-16.7818	-13.6852	-13.5309	-13.529	0.0133691	0.295765	0.345108	0.345758	0.953136
256	-11.5308	-11.8731	-11.735	-11.7689	-11.7694	0.228983	0.262879	0.254132	0.254007	0.785665
257	-10.3532	-11.2314	-10.2394	-10.2148	-10.2146	0.108407	0.292336	0.29959	0.299666	0.877994
258	-15.7387	-18.1003	-15.5343	-15.3911	-15.3893	0.0226895	0.295256	0.340723	0.341332	0.945788
259	-26.2587	-29.7199	-25.9352	-25.6544	-25.6508	0.00617963	0.272048	0.360233	0.361539	0.961692
260	-18.1811	-19.242	-18.066	-18.036	-18.0357	0.0915512	0.296767	0.305792	0.305889	0.890863
261	-8.40185	-9.49283	-8.30379	-8.27795	-8.2777	0.0907069	0.297875	0.30567	0.305747	0.891402
262	-20.6409	-25.3909	-20.1337	-19.7753	-19.7708	0.00134494	0.258144	0.369412	0.371099	0.9672
263	-10.0545	-10.7475	-10.0103	-10.0357	-10.0361	0.139572	0.291709	0.284419	0.2843	0.853293
264	-20.8148	-22.6044	-20.7351	-20.6428	-20.6417	0.0460567	0.298607	0.327481	0.327856	0.92681
265	-9.80734	-10.7808	-9.75242	-9.74797	-9.748	0.106217	0.297047	0.298372	0.298364	0.879171
266	-17.9239	-20.7303	-17.8872	-17.6988	-17.6964	0.0167561	0.287705	0.347355	0.348184	0.951409
267	-6.57236	-5.95544	-6.75841	-6.87154	-6.87308	0.444932	0.199328	0.178007	0.177733	0.6216
268	-14.9775	-16.5443	-15.002	-14.9206	-14.9196	0.0631955	0.295458	0.320512	0.320834	0.913562
269	-9.61559	-11.0822	-9.53565	-9.47529	-9.47459	0.0638005	0.299567	0.318205	0.318428	0.912589
270	-15.6647	-16.6746	-15.5367	-15.5078	-15.5075	0.0948385	0.295916	0.304577	0.304668	0.888352
271	-5.00497	-4.78905	-5.04648	-5.08912	-5.08971	0.307301	0.237555	0.227639	0.227505	0.726436
272	-4.51157	-4.11162	-4.58823	-4.66252	-4.66353	0.3606	0.223889	0.207861	0.20765	0.685701
273	-11.4503	-11.1428	-11.5101	-11.5705	-11.5714	0.333773	0.231181	0.217613	0.217432	0.706155
274	-18.8351	-20.3437	-18.9659	-18.8864	-18.8854	0.0737486	0.292509	0.316714	0.317029	0.905526
276	-6.50914	-5.64859	-6.80799	-6.96687	-6.96902	0.541041	0.16971	0.14478	0.144469	0.548741
277	-6.48325	-5.5917	-6.79198	-6.95422	-6.95641	0.551699	0.166122	0.141244	0.140935	0.540697
278	-7.86698	-6.90041	-8.19493	-8.35579	-8.35794	0.574663	0.157475	0.134075	0.133787	0.523477
279	-4.51157	-4.11162	-4.58823	-4.66252	-4.66353	0.3606	0.223889	0.207861	0.20765	0.685701
280	-5.04185	-4.6948	-5.10839	-5.17418	-5.17508	0.344941	0.228099	0.213576	0.213383	0.697645
281	-6.41934	-5.42849	-6.791	-6.9755	-6.978	0.594793	0.152278	0.126622	0.126306	0.508096
284	-19.0979	-20.6823	-19.1586	-19.0512	-19.0498	0.0632286	0.290171	0.323079	0.323521	0.914169
301	-13.2425	-14.5696	-13.3352	-13.2718	-13.2711	0.0850238	0.292177	0.311279	0.31152	0.896602
302	-17.2304	-19.737	-16.9217	-16.7539	-16.7518	0.0174709	0.29174	0.345029	0.345759	0.950358
303	-10.22	-9.26726	-10.5471	-10.7081	-10.7102	0.571093	0.158806	0.135196	0.134904	0.526155
304	-13.417	-15.4275	-13.2511	-13.1379	-13.1365	0.0338166	0.29808	0.333825	0.334278	0.936604
306	-6.32104	-5.31122	-6.69713	-6.87599	-6.8784	0.599568	0.14995	0.125392	0.12509	0.504579
307	-15.1231	-16.6684	-15.1877	-15.1066	-15.1056	0.0669575	0.294331	0.319194	0.319517	0.910706
310	-17.8547	-21.1279	-17.6396	-17.4459	-17.4434	0.00882751	0.288927	0.350699	0.351547	0.957566
311	-12.8343	-15.061	-12.6477	-12.5479	-12.5467	0.0271207	0.30297	0.334757	0.335152	0.941342
312	-26.0371	-30.0078	-25.5944	-25.2756	-25.2715	0.00321422	0.26535	0.364971	0.366464	0.964851
313	-14.0108	-15.6959	-14.0454	-13.965	-13.964	0.0571215	0.297574	0.322494	0.32281	0.918138
314	-4.81735	-4.59231	-4.86059	-4.90469	-4.9053	0.309821	0.23692	0.226698	0.226561	0.724509
315	-13.0586	-15.0043	-12.8843	-12.759	-12.7574	0.0354181	0.295081	0.334491	0.33501	0.93569
316	-11.0389	-11.8797	-10.9949	-10.9591	-10.9587	0.118411	0.286859	0.297304	0.297426	0.870697
317	-6.42183	-5.61293	-6.68657	-6.82665	-6.82853	0.516693	0.176586	0.153505	0.153216	0.567273
318	-11.2088	-12.2281	-11.0651	-11.0304	-11.0301	0.0923709	0.29556	0.305976	0.306093	0.890356
321	-11.4035	-13.0107	-11.32	-11.2435	-11.2426	0.0551371	0.299004	0.322782	0.323077	0.919544
322	-18.7059	-21.4336	-18.39	-18.185	-18.1824	0.0135949	0.28522	0.350137	0.351048	0.95422
323	-13.0947	-14.1671	-12.9567	-12.9221	-12.9217	0.088479	0.296829	0.307289	0.307403	0.893298
324	-11.8641	-12.2326	-12.0538	-12.0803	-12.0807	0.221023	0.264304	0.257387	0.257286	0.791823
325	-8.63495	-8.58431	-8.6006	-8.66149	-8.66235	0.260791	0.256577	0.24142	0.241212	0.761133
326	-6.89531	-5.88772	-7.23742	-7.40391	-7.40614	0.588955	0.152727	0.129303	0.129015	0.512683
338	-7.88357	-7.80619	-7.86425	-7.92073	-7.92152	0.268353	0.253215	0.239311	0.239121	0.755524
339	-9.90856	-11.1789	-9.8048	-9.75373	-9.75314	0.075355	0.297753	0.313354	0.313538	0.903621
340	-9.26651	-9.97474	-9.17186	-9.17918	-9.17935	0.130498	0.291266	0.289144	0.289092	0.86056
341	-9.56757	-9.77678	-9.78663	-9.83356	-9.83423	0.257786	0.255261	0.243557	0.243395	0.763679
342	-10.8646	-12.3403	-10.7751	-10.7065	-10.7057	0.0623682	0.298347	0.319512	0.319773	0.913874
343	-10.5911	-10.7791	-10.8626	-10.9146	-10.9153	0.272801	0.250928	0.238221	0.23805	0.752262
344	-19.521	-23.129	-19.1548	-18.9451	-18.9425	0.00538765	0.286663	0.353516	0.354433	0.960571
345	-7.48621	-7.28213	-7.48312	-7.56002	-7.56109	0.300132	0.245483	0.227315	0.227071	0.731186
346	-9.92273	-9.96723	-9.88766	-9.94409	-9.9449	0.2422	0.262258	0.247871	0.24767	0.775232
347	-9.23531	-10.2354	-9.15985	-9.14377	-9.14364	0.101109	0.296415	0.301219	0.301258	0.883307
348	-8.65895	-7.8273	-8.9366	-9.07579	-9.07766	0.525451	0.173288	0.150771	0.15049	0.560706
349	-10.6639	-11.4772	-10.6084	-10.5789	-10.5786	0.120551	0.287393	0.295981	0.296075	0.868931
350	-4.53147	-4.20252	-4.59454	-4.65737	-4.65824	0.339647	0.229497	0.215521	0.215335	0.701686
351	-9.54996	-10.4693	-9.4823	-9.43221	-9.43161	0.107221	0.287681	0.302458	0.30264	0.879494
352	-15.231	-17.5565	-15.0175	-14.8285	-14.8261	0.0225694	0.285873	0.345361	0.346197	0.947007
353	-18.4456	-20.8719	-18.3574	-18.2255	-18.2239	0.0240448	0.297189	0.339105	0.339661	0.944479
354	-12.1867	-12.7779	-12.2904	-12.2888	-12.2889	0.169783	0.276446	0.27689	0.276882	0.831104
355	-10.7703	-12.2237	-10.6756	-10.6193	-10.6186	0.0638776	0.300368	0.317775	0.317979	0.912432
361	-13.5005	-12.467	-13.8687	-14.0385	-14.0408	0.60198	0.148202	0.125051	0.124767	0.502871
362	-7.21007	-6.4088	-7.49052	-7.62954	-7.63141	0.518542	0.175792	0.152976	0.152691	0.565899
363	-8.74034	-9.20081	-8.65156	-8.64896	-8.64898	0.161164	0.27913	0.279856	0.27985	0.837634
364	-15.258	-17.5988	-15.0029	-14.8371	-14.835	0.0216926	0.290895	0.343346	0.344067	0.947103
365	-14.8635	-16.7391	-14.6509	-14.5683	-14.5673	0.0375806	0.303284	0.329406	0.329729	0.932989
367	-6.09577	-4.96136	-6.55629	-6.76337	-6.76617	0.652574	0.132421	0.107652	0.107352	0.464539
368	-12.0955	-13.8483	-11.8656	-11.7793	-11.7783	0.041485	0.301302	0.328436	0.328777	0.930122
369	-9.85484	-10.0489	-10.0968	-10.1501	-10.1508	0.265947	0.253512	0.24036	0.24018	0.757401
372	-11.978	-12.3346	-12.2311	-12.2549	-12.2553	0.233949	0.259458	0.253338	0.253255	0.782127
373	-11.2109	-12.4737	-11.0398	-10.9863	-10.9857	0.0711772	0.298598	0.315015	0.31521	0.906841
374	-16.366	-19.632	-15.9933	-15.7519	-15.7489	0.00735058	0.279631	0.355966	0.357053	0.959853
375	-20.541	-22.0204	-20.4844	-20.3934	-20.3923	0.0631794	0.29352	0.321468	0.321833	0.913807
376	-20.7142	-24.4371	-20.3652	-20.104	-20.1007	0.00471071	0.276359	0.358873	0.360058	0.962343
377	-16.0402	-15.9496	-16.5881	-16.6806	-16.6818	0.401541	0.212055	0.19332	0.193084	0.65457
378	-11.4299	-11.5849	-11.3837	-11.4589	-11.4599	0.222698	0.272343	0.252615	0.252345	0.789529
379	-6.8178	-5.98191	-7.10052	-7.25528	-7.25737	0.530244	0.173249	0.148409	0.148099	0.556901
384	-8.24549	-7.30532	-8.61749	-8.77695	-8.77907	0.578754	0.155821	0.132853	0.132572	0.520423
385	-12.0919	-13.2299	-11.941	-11.8895	-11.8889	0.0814829	0.295691	0.311319	0.311507	0.898996
386	-19.1388	-20.8533	-19.1953	-19.086	-19.0846	0.055656	0.292138	0.325874	0.326332	0.919953
387	-8.81138	-9.60943	-8.72536	-8.72458	-8.72465	0.120981	0.292861	0.293089	0.293069	0.867935
388	-16.457	-16.8618	-16.5171	-16.5504	-16.5509	0.194497	0.274545	0.265543	0.265415	0.811684
389	-12.4137	-14.6099	-12.1819	-12.0635	-12.0621	0.0264016	0.299294	0.336908	0.337396	0.942353
390	-9.48172	-10.6811	-9.40179	-9.3709	-9.37058	0.0832668	0.299284	0.308675	0.308774	0.897148
391	-22.4357	-24.7374	-22.1961	-22.0458	-22.0439	0.0231296	0.293656	0.341281	0.341933	0.94563
392	-11.8942	-12.493	-11.841	-11.8557	-11.856	0.149225	0.286404	0.282223	0.282148	0.846255
393	-12.936	-14.5036	-12.7322	-12.6454	-12.6443	0.0507338	0.298275	0.325325	0.325667	0.923132
394	-13.0558	-13.4578	-13.2169	-13.1941	-13.1938	0.205078	0.26094	0.266951	0.267031	0.804901
395	-8.35978	-9.23009	-8.2933	-8.25135	-8.25086	0.112673	0.287516	0.299832	0.299979	0.87518
396	-13.9542	-16.0668	-13.7529	-13.5991	-13.5972	0.0287954	0.291237	0.339654	0.340313	0.941415
397	-16.0753	-19.4498	-15.7255	-15.4551	-15.4516	0.00661119	0.274002	0.359074	0.360313	0.961115
398	-8.16475	-7.66628	-8.26367	-8.35792	-8.35921	0.391986	0.215688	0.196289	0.196036	0.661732
399	-7.58971	-8.38351	-7.52569	-7.49444	-7.49409	0.121586	0.286701	0.295805	0.295908	0.868191
400	-16.0122	-16.7543	-15.9705	-15.9534	-15.9533	0.130799	0.286426	0.291366	0.291409	0.8609
401	-13.258	-15.5227	-13.044	-12.8649	-12.8626	0.0241048	0.287445	0.343833	0.344618	0.945598
402	-9.09014	-9.15837	-9.0451	-9.09008	-9.09073	0.234708	0.262859	0.251298	0.251135	0.781116
403	-18.2155	-19.781	-18.3456	-18.2802	-18.2794	0.0705436	0.296367	0.316419	0.31667	0.907612
404	-7.36765	-7.33723	-7.32655	-7.38776	-7.38864	0.255666	0.25841	0.243068	0.242855	0.764987
405	-14.1651	-14.8078	-14.1011	-14.1424	-14.1431	0.14458	0.293098	0.281252	0.28107	0.849146
406	-6.35891	-5.46099	-6.67487	-6.84062	-6.84286	0.55561	0.16504	0.139832	0.139519	0.537718
443	-14.4551	-14.9344	-14.5578	-14.5587	-14.5587	0.186238	0.271421	0.271177	0.271164	0.818624
444	-17.3918	-19.9515	-17.2983	-17.1163	-17.114	0.0202813	0.288	0.34546	0.346259	0.948571
445	-8.43686	-8.23683	-8.43179	-8.50655	-8.5076	0.298573	0.245687	0.227988	0.227751	0.732401
446	-13.6084	-16.0822	-13.3649	-13.2133	-13.2114	0.0194517	0.294493	0.342704	0.343351	0.948453
447	-8.44821	-8.63078	-8.38899	-8.41777	-8.41821	0.210625	0.268236	0.260626	0.260513	0.799618
448	-10.2481	-9.50775	-10.3655	-10.5073	-10.5092	0.463071	0.19639	0.170433	0.170106	0.607531
449	-7.48621	-7.28213	-7.48312	-7.56002	-7.56109	0.300132	0.245483	0.227315	0.227071	0.731186
450	-9.95061	-11.2756	-9.89056	-9.84821	-9.84774	0.0750023	0.299643	0.312604	0.31275	0.903675
451	-15.4474	-17.566	-15.2059	-15.1052	-15.104	0.0285433	0.302319	0.334368	0.33477	0.940289
452	-16.4963	-18.5846	-16.3313	-16.2833	-16.2829	0.0327891	0.312124	0.327467	0.327621	0.935739
453	-18.3556	-21.3002	-18.0201	-17.8373	-17.8351	0.0109331	0.290581	0.348845	0.349641	0.955694
454	-6.03566	-4.97161	-6.42822	-6.611	-6.61345	0.616999	0.143776	0.119759	0.119466	0.491461
455	-7.01686	-6.57536	-7.04777	-7.15724	-7.15875	0.364917	0.227525	0.203933	0.203625	0.681834
456	-6.03566	-4.97161	-6.42822	-6.611	-6.61345	0.616999	0.143776	0.119759	0.119466	0.491461
457	-10.8712	-11.0865	-11.154	-11.1971	-11.1977	0.268478	0.250953	0.240356	0.240212	0.755695
459	-12.5283	-14.7207	-12.2851	-12.1544	-12.1528	0.0259875	0.296859	0.338303	0.338851	0.942974
460	-12.4598	-14.2603	-12.2256	-12.1425	-12.1415	0.0395507	0.302555	0.328783	0.329111	0.93151
464	-9.82389	-11.2246	-9.73785	-9.68398	-9.68336	0.0677501	0.29963	0.316213	0.316407	0.909442
465	-9.03366	-9.00477	-9.00043	-9.05295	-9.05369	0.255783	0.256896	0.243751	0.243571	0.765076
466	-14.3581	-15.0643	-14.3144	-14.3061	-14.306	0.135393	0.286602	0.288994	0.289011	0.857227
467	-17.3664	-20.1275	-17.0155	-16.8367	-16.8344	0.0129442	0.290808	0.347732	0.348515	0.954068
468	-11.9217	-13.5559	-11.7237	-11.6521	-11.6513	0.0483675	0.302178	0.324591	0.324863	0.924546
469	-20.8718	-22.2175	-21.2583	-21.2055	-21.2049	0.109726	0.286354	0.301857	0.302063	0.877661
470	-21.6159	-23.6721	-21.4839	-21.2836	-21.281	0.031504	0.280993	0.343309	0.344194	0.940488
471	-15.3891	-15.2998	-15.3902	-15.4608	-15.4618	0.276599	0.252684	0.235475	0.235242	0.749032
472	-9.28237	-9.31334	-9.2475	-9.2883	-9.28889	0.242827	0.259352	0.248983	0.248838	0.775082
473	-7.74047	-7.56934	-7.73108	-7.80086	-7.80184	0.290991	0.247534	0.23085	0.230625	0.738207
474	-9.58337	-10.6837	-9.51593	-9.49687	-9.49671	0.0928591	0.298533	0.304279	0.304329	0.889612
475	-9.56534	-10.9751	-9.48605	-9.4515	-9.45115	0.0684349	0.303376	0.314039	0.31415	0.908449
476	-6.95039	-6.09967	-7.27678	-7.42204	-7.42398	0.543283	0.167423	0.144787	0.144507	0.547232
477	-7.34189	-6.97569	-7.36967	-7.46389	-7.46519	0.344704	0.232457	0.211556	0.211282	0.697312
478	-6.64784	-5.62204	-7.07057	-7.24417	-7.24648	0.613718	0.144172	0.121195	0.120915	0.494022
479	-13.5578	-14.81	-13.3946	-13.3237	-13.3228	0.0716165	0.294937	0.316585	0.316861	0.90693
480	-11.731	-12.8309	-11.5906	-11.5425	-11.5419	0.0853756	0.295109	0.30967	0.309845	0.895971
481	-10.761	-9.87195	-11.0999	-11.2377	-11.2395	0.55469	0.162461	0.141554	0.141295	0.538758
