Sites	Ll	Ll_SameAARate.DFPDistFreq.beta_1=0.998	Ll_SameAARate.DFPDistFreq.beta_1=1	Pr_SameAARate.DFPDistFreq.beta_1=0.998	Pr_SameAARate.DFPDistFreq.beta_1=1	mean
1	-6.2388	-6.23624	-6.23882	0.00548278	0.994517	0.999989
2	-8.20061	-8.19808	-8.20063	0.00548262	0.994517	0.999989
5	-8.27765	-8.27446	-8.27767	0.0054862	0.994514	0.999989
6	-8.27989	-8.27868	-8.2799	0.0054754	0.994525	0.999989
7	-11.7445	-11.7441	-11.7445	0.00547092	0.994529	0.999989
8	-8.99042	-8.98935	-8.99043	0.00547462	0.994525	0.999989
9	-12.2585	-12.2592	-12.2585	0.00546486	0.994535	0.999989
10	-8.10253	-8.10184	-8.10253	0.0054725	0.994527	0.999989
11	-9.69004	-9.69049	-9.69004	0.00546627	0.994534	0.999989
12	-6.97378	-6.9717	-6.97379	0.00548013	0.99452	0.999989
17	-5.93783	-5.93596	-5.93784	0.00547895	0.994521	0.999989
18	-4.81397	-4.81294	-4.81397	0.00547436	0.994526	0.999989
19	-4.12093	-4.12006	-4.12094	0.00547352	0.994526	0.999989
20	-4.94486	-4.94423	-4.94486	0.00547216	0.994528	0.999989
21	-8.21632	-8.21585	-8.21633	0.00547135	0.994529	0.999989
22	-7.18289	-7.18089	-7.1829	0.00547966	0.99452	0.999989
23	-11.5336	-11.5341	-11.5336	0.00546606	0.994534	0.999989
24	-10.1537	-10.1537	-10.1537	0.00546878	0.994531	0.999989
25	-7.60949	-7.60749	-7.6095	0.00547968	0.99452	0.999989
26	-5.81373	-5.8126	-5.81373	0.00547492	0.994525	0.999989
27	-13.8942	-13.8934	-13.8942	0.0054733	0.994527	0.999989
28	-9.38833	-9.38881	-9.38833	0.00546613	0.994534	0.999989
29	-4.92701	-4.92628	-4.92701	0.00547271	0.994527	0.999989
30	-8.04518	-8.04317	-8.04519	0.00547974	0.99452	0.999989
31	-4.80952	-4.80888	-4.80952	0.00547223	0.994528	0.999989
32	-10.5715	-10.5703	-10.5715	0.00547502	0.994525	0.999989
33	-4.86796	-4.86745	-4.86796	0.00547152	0.994528	0.999989
34	-12.4301	-12.4309	-12.4301	0.00546443	0.994536	0.999989
35	-10.1446	-10.1449	-10.1446	0.00546719	0.994533	0.999989
36	-9.54353	-9.54237	-9.54354	0.00547513	0.994525	0.999989
37	-5.33842	-5.33775	-5.33843	0.00547245	0.994528	0.999989
38	-4.94757	-4.94705	-4.94757	0.00547157	0.994528	0.999989
39	-8.83471	-8.83345	-8.83472	0.00547565	0.994524	0.999989
40	-4.86796	-4.86745	-4.86796	0.00547152	0.994528	0.999989
41	-4.60604	-4.60512	-4.60604	0.00547376	0.994526	0.999989
42	-15.6776	-15.6807	-15.6776	0.00545177	0.994548	0.999989
43	-6.93537	-6.93434	-6.93537	0.00547436	0.994526	0.999989
44	-7.22656	-7.22397	-7.22658	0.00548292	0.994517	0.999989
45	-13.6395	-13.6394	-13.6395	0.00546971	0.99453	0.999989
46	-7.40227	-7.40144	-7.40227	0.00547325	0.994527	0.999989
47	-15.9698	-15.9721	-15.9698	0.00545587	0.994544	0.999989
48	-7.76677	-7.76506	-7.76678	0.00547814	0.994522	0.999989
49	-7.48673	-7.4861	-7.48673	0.00547218	0.994528	0.999989
50	-8.29708	-8.29566	-8.29709	0.00547657	0.994523	0.999989
51	-7.46386	-7.46259	-7.46386	0.00547569	0.994524	0.999989
52	-12.1667	-12.1677	-12.1667	0.0054634	0.994537	0.999989
53	-9.22413	-9.22446	-9.22412	0.00546695	0.994533	0.999989
54	-9.19603	-9.19661	-9.19603	0.0054656	0.994534	0.999989
55	-6.66056	-6.65825	-6.66057	0.00548142	0.994519	0.999989
56	-12.5463	-12.5477	-12.5463	0.00546092	0.994539	0.999989
57	-9.64959	-9.64936	-9.64959	0.00547004	0.99453	0.999989
64	-7.68432	-7.68365	-7.68432	0.0054724	0.994528	0.999989
65	-11.8826	-11.8818	-11.8826	0.00547322	0.994527	0.999989
66	-11.8746	-11.8744	-11.8746	0.00546983	0.99453	0.999989
67	-10.49	-10.4877	-10.49	0.00548083	0.994519	0.999989
68	-12.7998	-12.7974	-12.7998	0.00548186	0.994518	0.999989
69	-7.68432	-7.68365	-7.68432	0.0054724	0.994528	0.999989
93	-13.7791	-13.7788	-13.7791	0.0054701	0.99453	0.999989
94	-6.8278	-6.82667	-6.82781	0.00547494	0.994525	0.999989
95	-11.5951	-11.5955	-11.5951	0.00546686	0.994533	0.999989
96	-16.2378	-16.2369	-16.2378	0.00547382	0.994526	0.999989
97	-13.803	-13.8045	-13.803	0.00546061	0.994539	0.999989
98	-12.6456	-12.6469	-12.6456	0.00546134	0.994539	0.999989
99	-8.08807	-8.08745	-8.08808	0.00547216	0.994528	0.999989
100	-10.9512	-10.9518	-10.9512	0.00546557	0.994534	0.999989
101	-4.25034	-4.24918	-4.25035	0.00547509	0.994525	0.999989
102	-4.59525	-4.59456	-4.59526	0.00547253	0.994527	0.999989
103	-4.71395	-4.71334	-4.71396	0.00547211	0.994528	0.999989
104	-5.03516	-5.03423	-5.03516	0.00547381	0.994526	0.999989
105	-10.0862	-10.0867	-10.0862	0.00546633	0.994534	0.999989
106	-7.07113	-7.07114	-7.07113	0.00546871	0.994531	0.999989
107	-15.5699	-15.572	-15.5699	0.00545707	0.994543	0.999989
108	-4.42643	-4.42569	-4.42643	0.00547277	0.994527	0.999989
109	-4.27912	-4.27812	-4.27913	0.00547423	0.994526	0.999989
110	-4.25034	-4.24918	-4.25035	0.00547509	0.994525	0.999989
111	-13.4016	-13.404	-13.4016	0.00545555	0.994544	0.999989
112	-4.25034	-4.24918	-4.25035	0.00547509	0.994525	0.999989
113	-5.07387	-5.07326	-5.07387	0.00547208	0.994528	0.999989
114	-5.29062	-5.29008	-5.29063	0.00547173	0.994528	0.999989
115	-10.6061	-10.6057	-10.6061	0.00547101	0.994529	0.999989
116	-12.061	-12.0599	-12.061	0.00547481	0.994525	0.999989
117	-12.0766	-12.0769	-12.0766	0.0054667	0.994533	0.999989
118	-4.92417	-4.92345	-4.92418	0.0054727	0.994527	0.999989
119	-4.86796	-4.86745	-4.86796	0.00547152	0.994528	0.999989
120	-5.10978	-5.10858	-5.10979	0.00547536	0.994525	0.999989
121	-4.12093	-4.12006	-4.12094	0.00547352	0.994526	0.999989
122	-8.72794	-8.72699	-8.72795	0.00547397	0.994526	0.999989
123	-4.80731	-4.80695	-4.80731	0.00547074	0.994529	0.999989
124	-10.4945	-10.4949	-10.4945	0.0054666	0.994533	0.999989
125	-9.65	-9.6505	-9.65	0.00546602	0.994534	0.999989
126	-5.03516	-5.03423	-5.03516	0.00547381	0.994526	0.999989
127	-4.35168	-4.35074	-4.35168	0.00547388	0.994526	0.999989
128	-4.42643	-4.42569	-4.42643	0.00547277	0.994527	0.999989
129	-4.27912	-4.27812	-4.27913	0.00547423	0.994526	0.999989
130	-4.92701	-4.92628	-4.92701	0.00547271	0.994527	0.999989
131	-4.92417	-4.92345	-4.92418	0.0054727	0.994527	0.999989
132	-7.73965	-7.74027	-7.73965	0.00546538	0.994535	0.999989
133	-5.60665	-5.60585	-5.60666	0.00547314	0.994527	0.999989
134	-9.63661	-9.63734	-9.63661	0.00546474	0.994535	0.999989
135	-8.16735	-8.16734	-8.16735	0.00546882	0.994531	0.999989
136	-4.80731	-4.80695	-4.80731	0.00547074	0.994529	0.999989
137	-9.38629	-9.38457	-9.3863	0.0054782	0.994522	0.999989
138	-10.2229	-10.2238	-10.2229	0.00546406	0.994536	0.999989
139	-9.53563	-9.53436	-9.53564	0.00547574	0.994524	0.999989
140	-4.70041	-4.70004	-4.70041	0.00547076	0.994529	0.999989
141	-7.40523	-7.40398	-7.40523	0.00547558	0.994524	0.999989
142	-7.66615	-7.66482	-7.66616	0.00547605	0.994524	0.999989
143	-8.76122	-8.7619	-8.76121	0.00546504	0.994535	0.999989
144	-4.74282	-4.74168	-4.74283	0.005475	0.994525	0.999989
145	-4.74282	-4.74168	-4.74283	0.005475	0.994525	0.999989
146	-9.38297	-9.38355	-9.38296	0.00546555	0.994534	0.999989
147	-4.12093	-4.12006	-4.12094	0.00547352	0.994526	0.999989
148	-4.69788	-4.69702	-4.69788	0.00547342	0.994527	0.999989
149	-4.71621	-4.71539	-4.71622	0.00547326	0.994527	0.999989
150	-9.1462	-9.14727	-9.1462	0.00546294	0.994537	0.999989
151	-4.5233	-4.52229	-4.5233	0.00547425	0.994526	0.999989
152	-5.47228	-5.47058	-5.47229	0.00547805	0.994522	0.999989
153	-4.35168	-4.35074	-4.35168	0.00547388	0.994526	0.999989
154	-7.46865	-7.46932	-7.46864	0.0054651	0.994535	0.999989
155	-5.07387	-5.07326	-5.07387	0.00547208	0.994528	0.999989
156	-4.59525	-4.59456	-4.59526	0.00547253	0.994527	0.999989
157	-5.04858	-5.04791	-5.04858	0.0054724	0.994528	0.999989
158	-11.2488	-11.249	-11.2488	0.00546768	0.994532	0.999989
159	-8.16654	-8.16553	-8.16654	0.00547424	0.994526	0.999989
160	-5.09878	-5.09803	-5.09878	0.00547281	0.994527	0.999989
161	-4.35168	-4.35074	-4.35168	0.00547388	0.994526	0.999989
162	-8.71572	-8.71636	-8.71572	0.00546529	0.994535	0.999989
163	-4.74282	-4.74168	-4.74283	0.005475	0.994525	0.999989
164	-4.92417	-4.92345	-4.92418	0.0054727	0.994527	0.999989
165	-10.6349	-10.636	-10.6349	0.0054629	0.994537	0.999989
166	-4.92701	-4.92628	-4.92701	0.00547271	0.994527	0.999989
167	-10.2204	-10.2211	-10.2204	0.00546483	0.994535	0.999989
168	-22.4856	-22.4854	-22.4856	0.0054696	0.99453	0.999989
169	-7.76677	-7.76506	-7.76678	0.00547814	0.994522	0.999989
170	-14.7211	-14.7218	-14.7211	0.0054648	0.994535	0.999989
171	-8.69959	-8.69909	-8.69959	0.0054715	0.994529	0.999989
172	-16.0897	-16.0912	-16.0897	0.00546031	0.99454	0.999989
173	-8.14452	-8.14297	-8.14453	0.00547725	0.994523	0.999989
174	-6.15575	-6.15404	-6.15576	0.00547808	0.994522	0.999989
175	-11.3012	-11.3001	-11.3013	0.0054752	0.994525	0.999989
177	-13.4683	-13.4684	-13.4683	0.00546793	0.994532	0.999989
178	-11.2538	-11.2539	-11.2538	0.00546822	0.994532	0.999989
179	-9.15234	-9.15226	-9.15234	0.00546917	0.994531	0.999989
183	-12.4561	-12.4545	-12.4561	0.00547766	0.994522	0.999989
184	-7.01803	-7.0163	-7.01804	0.0054782	0.994522	0.999989
185	-7.60609	-7.60549	-7.60609	0.00547203	0.994528	0.999989
186	-20.6124	-20.6132	-20.6124	0.00546432	0.994536	0.999989
187	-8.44224	-8.44193	-8.44224	0.00547042	0.99453	0.999989
188	-17.8504	-17.8517	-17.8503	0.00546124	0.994539	0.999989
189	-6.15575	-6.15404	-6.15576	0.00547808	0.994522	0.999989
190	-24.367	-24.37	-24.3669	0.00545222	0.994548	0.999989
191	-9.402	-9.40141	-9.402	0.00547201	0.994528	0.999989
192	-11.7472	-11.7474	-11.7472	0.00546771	0.994532	0.999989
193	-13.4563	-13.4545	-13.4563	0.00547855	0.994521	0.999989
194	-10.4862	-10.4872	-10.4862	0.00546307	0.994537	0.999989
195	-10.4179	-10.4181	-10.4179	0.00546765	0.994532	0.999989
196	-10.1142	-10.1143	-10.1142	0.00546808	0.994532	0.999989
197	-17.8302	-17.8327	-17.8302	0.00545553	0.994544	0.999989
198	-13.3578	-13.3593	-13.3578	0.00546044	0.99454	0.999989
199	-13.4845	-13.4852	-13.4845	0.00546463	0.994535	0.999989
200	-4.77421	-4.77314	-4.77422	0.00547461	0.994525	0.999989
201	-4.74282	-4.74168	-4.74283	0.005475	0.994525	0.999989
202	-4.22992	-4.22922	-4.22992	0.00547255	0.994527	0.999989
203	-13.5639	-13.5662	-13.5639	0.00545608	0.994544	0.999989
204	-9.73638	-9.73666	-9.73638	0.0054672	0.994533	0.999989
205	-5.26364	-5.26255	-5.26365	0.00547469	0.994525	0.999989
206	-9.11369	-9.11429	-9.11368	0.00546543	0.994535	0.999989
207	-5.29062	-5.29008	-5.29063	0.00547173	0.994528	0.999989
208	-4.5233	-4.52229	-4.5233	0.00547425	0.994526	0.999989
209	-5.10978	-5.10858	-5.10979	0.00547536	0.994525	0.999989
210	-8.24978	-8.25056	-8.24977	0.00546449	0.994536	0.999989
211	-5.43672	-5.43473	-5.43673	0.00547964	0.99452	0.999989
212	-11.5662	-11.5638	-11.5662	0.00548194	0.994518	0.999989
213	-11.6559	-11.6563	-11.6559	0.00546658	0.994533	0.999989
214	-4.71621	-4.71539	-4.71622	0.00547326	0.994527	0.999989
215	-4.94486	-4.94423	-4.94486	0.00547216	0.994528	0.999989
216	-4.35168	-4.35074	-4.35168	0.00547388	0.994526	0.999989
217	-7.73988	-7.73844	-7.73988	0.00547658	0.994523	0.999989
218	-4.74282	-4.74168	-4.74283	0.005475	0.994525	0.999989
219	-7.75711	-7.75787	-7.7571	0.0054646	0.994535	0.999989
220	-5.10978	-5.10858	-5.10979	0.00547536	0.994525	0.999989
221	-15.8366	-15.8391	-15.8366	0.00545507	0.994545	0.999989
222	-13.9623	-13.9651	-13.9623	0.00545348	0.994547	0.999989
223	-19.6436	-19.6475	-19.6435	0.00544722	0.994553	0.999989
224	-19.9565	-19.9589	-19.9565	0.00545553	0.994544	0.999989
225	-15.8245	-15.8226	-15.8245	0.00547911	0.994521	0.999989
226	-14.9873	-14.9885	-14.9873	0.00546197	0.994538	0.999989
227	-11.3083	-11.3078	-11.3083	0.00547171	0.994528	0.999989
228	-13.5888	-13.5908	-13.5888	0.00545756	0.994542	0.999989
229	-6.15719	-6.15476	-6.15721	0.0054821	0.994518	0.999989
230	-8.64858	-8.64801	-8.64858	0.00547187	0.994528	0.999989
231	-9.01704	-9.01688	-9.01704	0.00546966	0.99453	0.999989
232	-6.85806	-6.85528	-6.85808	0.00548399	0.994516	0.999989
233	-13.7555	-13.7555	-13.7555	0.00546908	0.994531	0.999989
234	-9.65632	-9.65528	-9.65633	0.00547446	0.994526	0.999989
235	-6.34378	-6.34236	-6.34378	0.00547649	0.994524	0.999989
236	-8.6248	-8.62561	-8.62479	0.00546431	0.994536	0.999989
237	-20.8273	-20.8284	-20.8273	0.0054627	0.994537	0.999989
238	-7.20658	-7.20588	-7.20659	0.00547262	0.994527	0.999989
239	-13.0292	-13.0261	-13.0293	0.00548573	0.994514	0.999989
240	-19.803	-19.8076	-19.803	0.00544373	0.994556	0.999989
241	-18.7568	-18.7588	-18.7568	0.00545766	0.994542	0.999989
242	-9.9949	-9.9946	-9.9949	0.0054704	0.99453	0.999989
243	-10.353	-10.3528	-10.353	0.00547007	0.99453	0.999989
244	-17.0998	-17.1002	-17.0998	0.00546679	0.994533	0.999989
245	-8.97872	-8.97942	-8.97872	0.00546491	0.994535	0.999989
246	-10.5463	-10.5466	-10.5463	0.00546696	0.994533	0.999989
247	-7.71061	-7.71133	-7.71061	0.0054648	0.994535	0.999989
248	-8.08497	-8.08568	-8.08497	0.00546489	0.994535	0.999989
249	-4.93783	-4.93741	-4.93784	0.00547104	0.994529	0.999989
250	-11.9299	-11.9315	-11.9298	0.00546003	0.99454	0.999989
251	-4.74282	-4.74168	-4.74283	0.005475	0.994525	0.999989
252	-11.1091	-11.1087	-11.1091	0.00547067	0.994529	0.999989
253	-7.14592	-7.14493	-7.14592	0.00547414	0.994526	0.999989
254	-14.8697	-14.8706	-14.8697	0.00546381	0.994536	0.999989
255	-13.4997	-13.5016	-13.4997	0.00545853	0.994541	0.999989
256	-12.3389	-12.3383	-12.3389	0.00547174	0.994528	0.999989
257	-10.4732	-10.4733	-10.4732	0.00546795	0.994532	0.999989
258	-15.1274	-15.1294	-15.1274	0.00545792	0.994542	0.999989
259	-25.8598	-25.8636	-25.8598	0.00544795	0.994552	0.999989
260	-18.0798	-18.0793	-18.0798	0.00547118	0.994529	0.999989
261	-9.08504	-9.08523	-9.08504	0.0054677	0.994532	0.999989
262	-20.1862	-20.1913	-20.1861	0.0054408	0.994559	0.999989
263	-10.597	-10.5969	-10.597	0.00546959	0.99453	0.999989
264	-23.0497	-23.0518	-23.0497	0.00545711	0.994543	0.999989
265	-9.81118	-9.81097	-9.81118	0.00546993	0.99453	0.999989
266	-18.1101	-18.1119	-18.1101	0.00545929	0.994541	0.999989
267	-5.81373	-5.8126	-5.81373	0.00547492	0.994525	0.999989
268	-14.4481	-14.4491	-14.4481	0.00546308	0.994537	0.999989
269	-8.82497	-8.82569	-8.82496	0.00546482	0.994535	0.999989
270	-15.3329	-15.3327	-15.3329	0.00547	0.99453	0.999989
271	-5.30009	-5.29917	-5.3001	0.00547378	0.994526	0.999989
272	-4.5233	-4.52229	-4.5233	0.00547425	0.994526	0.999989
273	-11.6856	-11.685	-11.6856	0.00547185	0.994528	0.999989
274	-19.5071	-19.5081	-19.5071	0.00546362	0.994536	0.999989
276	-7.41539	-7.41254	-7.4154	0.00548437	0.994516	0.999989
277	-6.03801	-6.03606	-6.03802	0.00547941	0.994521	0.999989
278	-8.82294	-8.82011	-8.82296	0.00548424	0.994516	0.999989
279	-4.5233	-4.52229	-4.5233	0.00547425	0.994526	0.999989
280	-5.26364	-5.26255	-5.26365	0.00547469	0.994525	0.999989
281	-6.1045	-6.10261	-6.10451	0.00547907	0.994521	0.999989
284	-21.0391	-21.0402	-21.0391	0.00546277	0.994537	0.999989
301	-15.3523	-15.3532	-15.3523	0.00546393	0.994536	0.999989
302	-17.3537	-17.3568	-17.3537	0.00545183	0.994548	0.999989
303	-10.49	-10.4877	-10.49	0.00548083	0.994519	0.999989
304	-15.0833	-15.085	-15.0833	0.00545947	0.994541	0.999989
306	-5.48596	-5.48458	-5.48597	0.00547631	0.994524	0.999989
307	-16.2122	-16.2136	-16.2122	0.00546131	0.994539	0.999989
310	-15.8535	-15.8555	-15.8535	0.00545782	0.994542	0.999989
311	-12.8382	-12.8396	-12.8382	0.00546145	0.994539	0.999989
312	-26.3107	-26.3143	-26.3107	0.00544942	0.994551	0.999989
313	-13.0019	-13.0023	-13.0019	0.00546678	0.994533	0.999989
314	-5.11146	-5.11055	-5.11146	0.00547371	0.994526	0.999989
315	-16.1701	-16.1719	-16.1701	0.00545899	0.994541	0.999989
316	-11.1994	-11.2001	-11.1994	0.00546474	0.994535	0.999989
317	-6.02896	-6.0271	-6.02897	0.00547896	0.994521	0.999989
318	-12.1694	-12.1703	-12.1694	0.00546382	0.994536	0.999989
321	-10.652	-10.6529	-10.652	0.00546426	0.994536	0.999989
322	-20.0482	-20.0515	-20.0481	0.00545033	0.99455	0.999989
323	-13.4032	-13.4047	-13.4032	0.00546031	0.99454	0.999989
324	-12.0353	-12.0349	-12.0353	0.00547089	0.994529	0.999989
325	-8.75467	-8.75399	-8.75468	0.00547246	0.994528	0.999989
326	-7.23699	-7.23449	-7.23701	0.00548247	0.994518	0.999989
338	-7.97161	-7.97091	-7.97161	0.00547256	0.994527	0.999989
339	-8.85181	-8.85241	-8.8518	0.00546545	0.994535	0.999989
340	-9.80873	-9.80832	-9.80873	0.00547101	0.994529	0.999989
341	-10.5158	-10.5155	-10.5158	0.00546998	0.99453	0.999989
342	-10.4177	-10.4186	-10.4177	0.00546395	0.994536	0.999989
343	-11.3221	-11.3211	-11.3221	0.00547408	0.994526	0.999989
344	-21.9719	-21.9766	-21.9718	0.00544274	0.994557	0.999989
345	-7.40227	-7.40144	-7.40227	0.00547325	0.994527	0.999989
346	-9.61682	-9.61673	-9.61682	0.00546925	0.994531	0.999989
347	-8.87935	-8.87921	-8.87935	0.00546952	0.99453	0.999989
348	-9.39256	-9.39017	-9.39258	0.00548186	0.994518	0.999989
349	-11.9433	-11.9444	-11.9433	0.00546303	0.994537	0.999989
350	-4.60604	-4.60512	-4.60604	0.00547376	0.994526	0.999989
351	-11.11	-11.1104	-11.11	0.00546662	0.994533	0.999989
352	-15.1822	-15.1848	-15.1822	0.00545448	0.994546	0.999989
353	-16.5161	-16.5175	-16.5161	0.00546135	0.994539	0.999989
354	-12.9426	-12.9425	-12.9426	0.00546928	0.994531	0.999989
355	-10.5893	-10.5895	-10.5893	0.00546798	0.994532	0.999989
361	-14.3796	-14.3767	-14.3796	0.00548472	0.994515	0.999989
362	-7.66275	-7.66057	-7.66277	0.00548072	0.994519	0.999989
363	-8.65594	-8.65545	-8.65594	0.00547142	0.994529	0.999989
364	-15.7908	-15.7927	-15.7908	0.00545822	0.994542	0.999989
365	-15.2934	-15.2963	-15.2934	0.00545312	0.994547	0.999989
367	-6.2388	-6.23624	-6.23882	0.00548278	0.994517	0.999989
368	-13.8043	-13.8056	-13.8043	0.00546147	0.994539	0.999989
369	-10.311	-10.3102	-10.311	0.0054732	0.994527	0.999989
372	-12.9189	-12.9184	-12.9189	0.00547142	0.994529	0.999989
373	-11.7511	-11.7516	-11.7511	0.00546569	0.994534	0.999989
374	-16.5806	-16.5844	-16.5806	0.00544768	0.994552	0.999989
375	-16.9374	-16.938	-16.9374	0.00546546	0.994535	0.999989
376	-21.8538	-21.8577	-21.8538	0.00544775	0.994552	0.999989
377	-17.3948	-17.393	-17.3948	0.00547854	0.994521	0.999989
378	-11.155	-11.1531	-11.155	0.00547932	0.994521	0.999989
379	-6.34011	-6.3385	-6.34011	0.00547756	0.994522	0.999989
384	-8.91514	-8.91286	-8.91515	0.00548124	0.994519	0.999989
385	-13.8944	-13.8957	-13.8944	0.00546163	0.994538	0.999989
386	-20.837	-20.8387	-20.837	0.00545956	0.99454	0.999989
387	-8.46074	-8.46057	-8.46074	0.00546968	0.99453	0.999989
388	-16.9585	-16.9584	-16.9585	0.00546949	0.994531	0.999989
389	-12.0844	-12.0858	-12.0844	0.0054611	0.994539	0.999989
390	-9.74496	-9.74485	-9.74496	0.00546933	0.994531	0.999989
391	-22.0874	-22.0892	-22.0874	0.00545861	0.994541	0.999989
392	-11.4659	-11.466	-11.4659	0.00546797	0.994532	0.999989
393	-13.8659	-13.8667	-13.8659	0.00546406	0.994536	0.999989
394	-13.942	-13.9427	-13.942	0.00546494	0.994535	0.999989
395	-9.84982	-9.85088	-9.84981	0.00546295	0.994537	0.999989
396	-13.5189	-13.5212	-13.5189	0.00545652	0.994543	0.999989
397	-16.0312	-16.0348	-16.0312	0.00544916	0.994551	0.999989
398	-8.59742	-8.59657	-8.59742	0.00547336	0.994527	0.999989
399	-7.83846	-7.8394	-7.83846	0.0054636	0.994536	0.999989
400	-17.1059	-17.1062	-17.1059	0.00546678	0.994533	0.999989
401	-12.4701	-12.4723	-12.47	0.00545629	0.994544	0.999989
402	-7.90097	-7.90067	-7.90097	0.00547037	0.99453	0.999989
403	-19.1582	-19.1592	-19.1582	0.00546317	0.994537	0.999989
404	-7.84058	-7.83969	-7.84058	0.00547358	0.994526	0.999989
405	-15.1925	-15.1919	-15.1925	0.00547245	0.994528	0.999989
406	-6.17195	-6.16994	-6.17196	0.00547973	0.99452	0.999989
443	-15.1444	-15.1444	-15.1444	0.00546862	0.994531	0.999989
444	-15.3876	-15.3883	-15.3876	0.0054647	0.994535	0.999989
445	-7.42772	-7.42673	-7.42772	0.00547414	0.994526	0.999989
446	-12.9204	-12.9218	-12.9204	0.00546126	0.994539	0.999989
447	-8.4691	-8.46874	-8.4691	0.00547071	0.994529	0.999989
448	-10.7081	-10.7058	-10.7081	0.00548127	0.994519	0.999989
449	-7.40227	-7.40144	-7.40227	0.00547325	0.994527	0.999989
450	-8.75996	-8.76038	-8.75996	0.00546644	0.994534	0.999989
451	-16.0396	-16.0406	-16.0396	0.00546343	0.994537	0.999989
452	-17.2945	-17.2961	-17.2945	0.00545972	0.99454	0.999989
453	-18.4958	-18.4983	-18.4958	0.00545543	0.994545	0.999989
454	-5.79177	-5.78959	-5.79178	0.00548068	0.994519	0.999989
455	-7.2767	-7.27617	-7.2767	0.00547162	0.994528	0.999989
456	-5.79177	-5.78959	-5.79178	0.00548068	0.994519	0.999989
457	-10.7358	-10.7351	-10.7358	0.00547273	0.994527	0.999989
459	-14.1386	-14.1406	-14.1386	0.00545813	0.994542	0.999989
460	-12.6452	-12.6469	-12.6452	0.0054595	0.99454	0.999989
464	-9.681	-9.68122	-9.681	0.00546756	0.994532	0.999989
465	-10.03	-10.0292	-10.03	0.00547322	0.994527	0.999989
466	-15.039	-15.0393	-15.039	0.00546695	0.994533	0.999989
467	-20.3401	-20.3436	-20.3401	0.00544961	0.99455	0.999989
468	-12.6595	-12.6606	-12.6595	0.00546257	0.994537	0.999989
469	-22.5481	-22.5485	-22.5481	0.00546651	0.994533	0.999989
470	-23.0565	-23.059	-23.0565	0.00545492	0.994545	0.999989
471	-16.9801	-16.9797	-16.9801	0.00547117	0.994529	0.999989
472	-10.4449	-10.4452	-10.4449	0.0054674	0.994533	0.999989
473	-6.87101	-6.87012	-6.87101	0.00547357	0.994526	0.999989
474	-9.40866	-9.40872	-9.40866	0.00546845	0.994532	0.999989
475	-9.69603	-9.69684	-9.69603	0.00546432	0.994536	0.999989
476	-8.35014	-8.34705	-8.35016	0.00548568	0.994514	0.999989
477	-7.24763	-7.24677	-7.24764	0.00547348	0.994527	0.999989
478	-7.04973	-7.04729	-7.04975	0.00548211	0.994518	0.999989
479	-12.6404	-12.6418	-12.6404	0.0054609	0.994539	0.999989
480	-11.5128	-11.5131	-11.5128	0.00546747	0.994533	0.999989
481	-11.3365	-11.334	-11.3365	0.00548239	0.994518	0.999989
