Sites	Ll	Ll_YN98.omega_1=0.015985	Ll_YN98.omega_1=0.238406	Ll_YN98.omega_1=0.797809	Ll_YN98.omega_1=0.994776	Ll_YN98.omega_1=2.26837	Pr_YN98.omega_1=0.015985	Pr_YN98.omega_1=0.238406	Pr_YN98.omega_1=0.797809	Pr_YN98.omega_1=0.994776	Pr_YN98.omega_1=2.26837	mean
1	-6.01442	-4.19362	-4.84007	-6.02125	-6.34838	-7.93991	0.53243	0.278942	0.0856115	0.0617253	0.0412913	0.298381
2	-7.64623	-6.08373	-6.58998	-7.51156	-7.76468	-8.97301	0.452182	0.272554	0.108446	0.0841949	0.082623	0.4299
5	-7.16515	-5.50732	-6.11369	-7.19046	-7.47562	-8.75318	0.500318	0.272836	0.0929544	0.0698919	0.0639992	0.361904
6	-7.99977	-9.25991	-7.33698	-7.47163	-7.60271	-8.39079	0.0371748	0.254312	0.222276	0.194969	0.291268	1.09321
7	-12.8178	-18.943	-14.0698	-12.8192	-12.7327	-12.8962	0.000404016	0.0528225	0.184472	0.201145	0.561157	1.63278
8	-9.09582	-11.5602	-9.23821	-8.80729	-8.81286	-9.11387	0.0124346	0.126787	0.195084	0.193999	0.471696	1.44903
9	-12.7904	-18.7825	-14.059	-12.8346	-12.7029	-12.4533	0.000360309	0.040556	0.137976	0.157398	0.66371	1.78187
10	-7.83468	-9.83011	-7.67113	-7.4524	-7.50451	-8.0129	0.019648	0.170197	0.211809	0.201055	0.397291	1.31108
11	-9.73281	-17.1195	-11.9354	-10.1911	-9.9752	-9.55513	0.000113603	0.0202696	0.115974	0.143927	0.719715	1.87311
12	-6.83987	-5.3309	-5.86636	-6.81431	-7.06979	-8.24879	0.461778	0.270325	0.10476	0.0811411	0.0819962	0.422122
17	-6.02437	-4.71224	-5.12846	-5.90572	-6.12738	-7.23572	0.405021	0.267124	0.122787	0.0983761	0.106692	0.507997
18	-4.62186	-4.08448	-4.18722	-4.4317	-4.51341	-4.99542	0.218273	0.196961	0.154242	0.14214	0.288384	0.969059
19	-4.36096	-3.616	-3.76371	-4.10759	-4.22027	-4.86615	0.2524	0.217742	0.154382	0.137931	0.237545	0.855162
20	-5.11996	-4.59212	-4.69231	-4.93173	-5.01205	-5.48903	0.216748	0.196083	0.154334	0.142422	0.290413	0.973783
21	-7.90575	-10.2948	-8.0144	-7.61682	-7.62708	-7.95946	0.0135708	0.132724	0.197522	0.195506	0.460677	1.42891
22	-7.00541	-5.71396	-6.1748	-6.96961	-7.17759	-8.11535	0.409054	0.258012	0.116536	0.0946525	0.121746	0.531347
23	-10.2901	-16.4684	-11.655	-10.3796	-10.2583	-10.135	0.000343313	0.0422782	0.151364	0.170892	0.635122	1.74153
24	-9.47747	-15.8686	-10.9474	-9.54604	-9.40741	-9.28556	0.000269587	0.0369767	0.150156	0.172484	0.640113	1.75221
25	-7.44358	-6.02503	-6.51048	-7.39485	-7.63719	-8.77173	0.438644	0.26995	0.111483	0.0874907	0.0924325	0.457016
26	-6.44916	-5.38534	-5.69372	-6.29887	-6.47686	-7.39915	0.343645	0.252454	0.137839	0.115364	0.1507	0.632252
27	-13.2915	-15.5572	-13.7321	-13.898	-14.0062	-14.568	0.0384467	0.238509	0.202043	0.18132	0.339681	1.16956
28	-8.67492	-11.6592	-9.22609	-8.5603	-8.50186	-8.53709	0.0075393	0.0859067	0.167178	0.177238	0.562138	1.60543
29	-4.66989	-4.32845	-4.3913	-4.54413	-4.59624	-4.91386	0.187276	0.175867	0.150943	0.143279	0.342634	1.0851
30	-8.01612	-7.29738	-7.43602	-7.76546	-7.87519	-8.51443	0.248097	0.215979	0.155359	0.139213	0.241352	0.865365
31	-5.19577	-4.51195	-4.64568	-4.95962	-5.06326	-5.66409	0.242238	0.211915	0.154818	0.139575	0.251454	0.887146
32	-10.3424	-9.60408	-9.7467	-10.0859	-10.199	-10.8593	0.251714	0.218256	0.155476	0.138854	0.2357	0.85288
33	-4.9917	-4.62493	-4.69303	-4.8578	-4.91372	-5.25196	0.191183	0.178598	0.151467	0.143229	0.335523	1.07005
34	-11.2066	-15.1112	-12.5006	-11.5151	-11.3701	-11.0029	0.0034116	0.0464245	0.124377	0.143791	0.681997	1.80041
35	-9.91589	-13.6925	-11.1049	-10.1735	-10.0463	-9.77981	0.0039879	0.0530307	0.134592	0.152857	0.655533	1.75913
36	-9.61928	-9.18566	-9.26586	-9.46086	-9.52728	-9.93007	0.201875	0.186316	0.153307	0.143455	0.315047	1.0273
37	-5.05633	-4.76521	-4.81858	-4.94864	-4.99308	-5.26492	0.179535	0.170204	0.149447	0.142951	0.357863	1.11665
38	-5.08544	-4.69885	-4.77097	-4.945	-5.00391	-5.35881	0.194271	0.180754	0.151883	0.143194	0.329898	1.05815
39	-8.90491	-8.2204	-8.35141	-8.66467	-8.76965	-9.38786	0.242827	0.213011	0.155723	0.140204	0.248235	0.881462
40	-4.9917	-4.62493	-4.69303	-4.8578	-4.91372	-5.25196	0.191183	0.178598	0.151467	0.143229	0.335523	1.07005
41	-4.54944	-4.0091	-4.11166	-4.35678	-4.43903	-4.92721	0.218763	0.197439	0.154517	0.142317	0.286965	0.966357
42	-15.5764	-23.6162	-18.3345	-16.2192	-15.8806	-14.8579	3.99628e-05	0.00786054	0.0651849	0.0914508	0.835464	2.03999
43	-8.07819	-9.55118	-7.55723	-7.58145	-7.68734	-8.38128	0.0307256	0.225664	0.220263	0.198134	0.325213	1.16482
44	-6.57878	-5.0992	-5.58212	-6.48302	-6.73604	-7.9584	0.444347	0.274152	0.111362	0.0864676	0.0836705	0.43712
45	-12.9849	-19.0891	-14.2779	-12.9708	-12.8359	-12.6798	0.000323253	0.0397212	0.146799	0.167989	0.645168	1.75718
46	-7.67156	-9.28098	-7.25236	-7.21576	-7.30787	-7.96717	0.0278504	0.211762	0.219656	0.200326	0.340404	1.19762
47	-15.6367	-27.0893	-19.3606	-16.491	-16.0589	-14.8336	1.25858e-06	0.00286024	0.0504285	0.0776789	0.869031	2.08947
48	-7.63493	-6.30184	-6.75563	-7.59414	-7.81455	-8.74074	0.413763	0.26283	0.113635	0.0911576	0.118615	0.519677
49	-7.43302	-8.75409	-6.77024	-6.84781	-6.97796	-7.85238	0.0344823	0.250711	0.231998	0.203687	0.279121	1.08119
50	-7.97475	-9.36291	-7.36721	-7.40982	-7.53093	-8.36412	0.0327076	0.240642	0.230604	0.2043	0.291746	1.10689
51	-7.74866	-8.84749	-6.96387	-7.16956	-7.32185	-8.23264	0.0423627	0.27863	0.226829	0.194786	0.257392	1.0257
52	-12.1885	-20.7309	-13.6764	-12.0235	-11.893	-11.8658	2.67659e-05	0.0309984	0.161877	0.184436	0.622661	1.73243
53	-9.05476	-15.4638	-10.5567	-9.19636	-9.07129	-9.03486	0.000303398	0.0410336	0.159924	0.181231	0.617508	1.71839
54	-9.23166	-15.5237	-10.6724	-9.32827	-9.19032	-9.02871	0.000297905	0.0381037	0.146122	0.167736	0.64774	1.76184
55	-6.11124	-4.72599	-5.17324	-6.00037	-6.23099	-7.34142	0.419942	0.268502	0.117417	0.0932343	0.100904	0.486037
56	-12.8724	-22.8731	-15.4314	-13.1611	-12.8929	-12.3546	6.19776e-06	0.0105712	0.10235	0.133839	0.753234	1.92593
57	-9.33541	-15.9275	-10.9693	-9.52465	-9.38113	-9.27681	0.000250979	0.0357248	0.151487	0.174865	0.637672	1.7498
64	-8.39408	-10.3156	-8.20717	-8.03766	-8.09042	-8.51981	0.0208163	0.171429	0.203097	0.192659	0.411998	1.32945
65	-12.1865	-17.7567	-13.0429	-12.0224	-11.9838	-12.2951	0.000659223	0.0734916	0.2039	0.211922	0.510027	1.54795
66	-10.4473	-13.7186	-11.357	-10.7656	-10.7136	-10.6926	0.00842556	0.0893754	0.161458	0.170083	0.570658	1.61391
67	-10.2554	-8.7259	-9.2312	-10.1493	-10.4017	-11.6165	0.451701	0.272522	0.108811	0.0845433	0.0824228	0.430068
68	-13.899	-15.6658	-13.5278	-13.467	-13.5689	-14.232	0.0247413	0.209871	0.223018	0.201414	0.340956	1.20213
69	-8.39408	-10.3156	-8.20717	-8.03766	-8.09042	-8.51981	0.0208163	0.171429	0.203097	0.192659	0.411998	1.32945
93	-14.4711	-21.5812	-16.5107	-14.8663	-14.6822	-14.4961	0.000169515	0.0269964	0.139781	0.168047	0.665006	1.7936
94	-7.12543	-8.25053	-6.34111	-6.52078	-6.671	-7.60593	0.0408156	0.275471	0.230169	0.198065	0.25548	1.02651
95	-10.1359	-13.6268	-11.1545	-10.4204	-10.34	-10.2363	0.00617975	0.0732308	0.152587	0.165366	0.602637	1.6708
96	-15.3609	-18.1213	-16.0793	-15.8998	-15.9192	-16.0902	0.0192253	0.148156	0.177288	0.173877	0.481454	1.44215
97	-12.4757	-19.1531	-14.1976	-12.6185	-12.413	-11.9249	0.000161191	0.0228831	0.110994	0.136315	0.729646	1.88472
98	-13.6845	-19.9766	-15.0784	-13.705	-13.553	-13.2671	0.000251577	0.0337229	0.133156	0.155014	0.677856	1.80611
99	-8.06955	-12.9336	-8.42885	-7.68281	-7.69439	-8.18921	0.00117887	0.106619	0.224823	0.222234	0.445144	1.43563
100	-9.67702	-13.2114	-10.7009	-9.92437	-9.83921	-9.75107	0.00575436	0.0708404	0.154004	0.167694	0.601707	1.67156
101	-4.22843	-3.5044	-3.64646	-3.97939	-4.08911	-4.72308	0.248884	0.215923	0.154778	0.138695	0.241721	0.865221
102	-4.56462	-4.13409	-4.21472	-4.40886	-4.47446	-4.86834	0.201194	0.185609	0.152856	0.143151	0.317191	1.03132
103	-4.99064	-4.35088	-4.47565	-4.76893	-4.8659	-5.42958	0.23498	0.207418	0.154695	0.140398	0.262509	0.911754
104	-4.99181	-4.4248	-4.53272	-4.7903	-4.8766	-5.38753	0.223087	0.200265	0.154789	0.141991	0.279869	0.950896
105	-9.659	-13.3864	-10.8101	-9.90235	-9.782	-9.54582	0.00422925	0.0556114	0.13784	0.155469	0.64685	1.74525
106	-7.33374	-10.8039	-8.26675	-7.45077	-7.3604	-7.29231	0.0054469	0.0688659	0.155733	0.170462	0.599492	1.67019
107	-15.4524	-23.2837	-18.0472	-16.0379	-15.7342	-14.9066	5.62706e-05	0.01058	0.0789043	0.106906	0.803553	1.99458
108	-4.48315	-4.01404	-4.10229	-4.31426	-4.38572	-4.81314	0.207327	0.189814	0.153557	0.142967	0.306335	1.00818
109	-4.40816	-3.67876	-3.82211	-4.15774	-4.26824	-4.90587	0.249778	0.216419	0.154717	0.138531	0.240555	0.862497
110	-4.22843	-3.5044	-3.64646	-3.97939	-4.08911	-4.72308	0.248884	0.215923	0.154778	0.138695	0.241721	0.865221
111	-12.2206	-19.9017	-14.6884	-12.7296	-12.4411	-11.6843	6.49441e-05	0.0119308	0.0845945	0.112885	0.790525	1.97583
112	-4.22843	-3.5044	-3.64646	-3.97939	-4.08911	-4.72308	0.248884	0.215923	0.154778	0.138695	0.241721	0.865221
113	-5.12583	-4.73129	-4.80436	-4.98146	-5.04166	-5.40663	0.195556	0.181778	0.152275	0.143378	0.327013	1.05236
114	-5.40894	-5.00341	-5.07827	-5.2601	-5.32201	-5.69837	0.197302	0.183072	0.152635	0.143471	0.32352	1.04516
115	-9.29075	-12.7664	-10.2278	-9.40665	-9.31418	-9.23115	0.00535562	0.0678168	0.154149	0.169083	0.603596	1.67661
116	-12.2258	-11.6481	-11.7558	-12.0167	-12.1053	-12.6398	0.225151	0.202178	0.155742	0.142533	0.274397	0.940272
117	-11.3591	-15.0394	-12.4744	-11.594	-11.4828	-11.3008	0.00457642	0.059497	0.143499	0.160372	0.632057	1.72201
118	-5.09211	-4.52932	-4.63596	-4.89121	-4.97694	-5.48617	0.222407	0.19991	0.154874	0.14215	0.280659	0.952821
119	-4.9917	-4.62493	-4.69303	-4.8578	-4.91372	-5.25196	0.191183	0.178598	0.151467	0.143229	0.335523	1.07005
120	-4.73936	-4.33769	-4.41233	-4.59288	-4.65414	-5.02449	0.196667	0.182522	0.152371	0.143317	0.325122	1.04829
121	-4.36096	-3.616	-3.76371	-4.10759	-4.22027	-4.86615	0.2524	0.217742	0.154382	0.137931	0.237545	0.855162
122	-8.82053	-8.30509	-8.40116	-8.63417	-8.71336	-9.19182	0.215222	0.195508	0.154871	0.143079	0.29132	0.97676
123	-5.19191	-4.62381	-4.73252	-4.9912	-5.07762	-5.58701	0.223281	0.200281	0.154631	0.141828	0.279978	0.950864
124	-9.22449	-12.7768	-10.2339	-9.40597	-9.31222	-9.22936	0.00529487	0.0673341	0.154092	0.169237	0.604042	1.67762
125	-9.57868	-13.2497	-10.6741	-9.77142	-9.65378	-9.44334	0.00433283	0.0569317	0.140404	0.157932	0.640399	1.73543
126	-4.99181	-4.4248	-4.53272	-4.7903	-4.8766	-5.38753	0.223087	0.200265	0.154789	0.141991	0.279869	0.950896
127	-4.55883	-3.81226	-3.9605	-4.3053	-4.41819	-5.06455	0.252673	0.217862	0.154324	0.13785	0.237292	0.854494
128	-4.48315	-4.01404	-4.10229	-4.31426	-4.38572	-4.81314	0.207327	0.189814	0.153557	0.142967	0.306335	1.00818
129	-4.40816	-3.67876	-3.82211	-4.15774	-4.26824	-4.90587	0.249778	0.216419	0.154717	0.138531	0.240555	0.862497
130	-4.66989	-4.32845	-4.3913	-4.54413	-4.59624	-4.91386	0.187276	0.175867	0.150943	0.143279	0.342634	1.0851
131	-5.09211	-4.52932	-4.63596	-4.89121	-4.97694	-5.48617	0.222407	0.19991	0.154874	0.14215	0.280659	0.952821
132	-8.15841	-11.6943	-9.14747	-8.30776	-8.2093	-8.09296	0.00509308	0.065018	0.150562	0.166141	0.613186	1.69191
133	-5.37692	-4.97676	-5.05112	-5.23099	-5.29202	-5.66093	0.196426	0.18235	0.152332	0.143313	0.325579	1.04924
134	-10.2753	-13.9665	-11.3885	-10.479	-10.3587	-10.1295	0.00423454	0.0557703	0.138483	0.156186	0.645326	1.74305
135	-8.23416	-11.8356	-9.27318	-8.40176	-8.29432	-8.13916	0.00471968	0.0611984	0.146283	0.162875	0.624924	1.71095
136	-5.19191	-4.62381	-4.73252	-4.9912	-5.07762	-5.58701	0.223281	0.200281	0.154631	0.141828	0.279978	0.950864
137	-9.53606	-8.64857	-8.82335	-9.23502	-9.37094	-10.1513	0.276809	0.232422	0.153989	0.134418	0.202363	0.775438
138	-9.54728	-13.2548	-10.6736	-9.75591	-9.63271	-9.38503	0.00412907	0.0545572	0.136587	0.154495	0.650231	1.75069
139	-9.60345	-8.91961	-9.05013	-9.36261	-9.46746	-10.0862	0.242655	0.212964	0.15581	0.140302	0.24827	0.881693
140	-4.93051	-4.56881	-4.63575	-4.79801	-4.85318	-5.188	0.190415	0.178086	0.151411	0.143284	0.336804	1.07283
141	-7.54875	-6.77274	-6.92432	-7.28189	-7.40015	-8.08085	0.257567	0.221342	0.1548	0.137534	0.228756	0.836107
142	-7.82075	-7.25699	-7.36306	-7.61856	-7.70482	-8.22019	0.222772	0.200353	0.155179	0.142354	0.279343	0.950391
143	-8.52552	-12.1692	-9.59527	-8.69667	-8.58036	-8.37719	0.0043818	0.0574763	0.141172	0.158584	0.638387	1.73225
144	-4.5	-3.96611	-4.06702	-4.30887	-4.3902	-4.87449	0.217733	0.196835	0.154549	0.142476	0.288407	0.969652
145	-4.5	-3.96611	-4.06702	-4.30887	-4.3902	-4.87449	0.217733	0.196835	0.154549	0.142476	0.288407	0.969652
146	-10.2282	-13.6837	-11.1645	-10.3846	-10.3043	-10.2766	0.00591697	0.0734786	0.160273	0.173685	0.586646	1.64899
147	-4.36096	-3.616	-3.76371	-4.10759	-4.22027	-4.86615	0.2524	0.217742	0.154382	0.137931	0.237545	0.855162
148	-4.7315	-4.18587	-4.28957	-4.53725	-4.62028	-5.11256	0.219616	0.197981	0.154547	0.142233	0.285622	0.963396
149	-4.80865	-4.24492	-4.35245	-4.60874	-4.6945	-5.20142	0.222551	0.199863	0.154678	0.141965	0.280942	0.953113
150	-9.02733	-12.7445	-10.1611	-9.24104	-9.1179	-8.87833	0.00413265	0.054725	0.137336	0.155332	0.648474	1.74818
151	-4.54753	-3.89611	-4.02382	-4.32316	-4.42184	-4.9924	0.236891	0.20849	0.154556	0.140032	0.26003	0.905942
152	-5.01513	-4.32606	-4.46076	-4.77708	-4.88154	-5.48721	0.243103	0.212465	0.154851	0.139492	0.250089	0.884138
153	-4.55883	-3.81226	-3.9605	-4.3053	-4.41819	-5.06455	0.252673	0.217862	0.154324	0.13785	0.237292	0.854494
154	-8.35272	-12.263	-9.64301	-8.63623	-8.48442	-8.08156	0.00321389	0.0441458	0.120817	0.140622	0.691201	1.81475
155	-5.12583	-4.73129	-4.80436	-4.98146	-5.04166	-5.40663	0.195556	0.181778	0.152275	0.143378	0.327013	1.05236
156	-4.56462	-4.13409	-4.21472	-4.40886	-4.47446	-4.86834	0.201194	0.185609	0.152856	0.143151	0.317191	1.03132
157	-5.36296	-4.65319	-4.79391	-5.12137	-5.22866	-5.84432	0.246568	0.214202	0.154387	0.13868	0.246163	0.874524
158	-11.7971	-15.7013	-13.0912	-12.1069	-11.9623	-11.5979	0.00342486	0.0465817	0.124646	0.144041	0.681307	1.79935
159	-8.07595	-7.4478	-7.56782	-7.85527	-7.95179	-8.52299	0.233785	0.207345	0.155545	0.141233	0.262093	0.912282
160	-4.85015	-4.50869	-4.57158	-4.72446	-4.77656	-5.09399	0.187276	0.17586	0.15093	0.143267	0.342668	1.08515
161	-4.55883	-3.81226	-3.9605	-4.3053	-4.41819	-5.06455	0.252673	0.217862	0.154324	0.13785	0.237292	0.854494
162	-8.88266	-12.3528	-9.831	-9.0447	-8.96215	-8.92149	0.00581259	0.0723705	0.158872	0.172544	0.5904	1.65498
163	-4.5	-3.96611	-4.06702	-4.30887	-4.3902	-4.87449	0.217733	0.196835	0.154549	0.142476	0.288407	0.969652
164	-5.09211	-4.52932	-4.63596	-4.89121	-4.97694	-5.48617	0.222407	0.19991	0.154874	0.14215	0.280659	0.952821
165	-9.29091	-13.1097	-10.5147	-9.56506	-9.43158	-9.1277	0.00377666	0.0505972	0.130781	0.149457	0.665389	1.77448
166	-4.66989	-4.32845	-4.3913	-4.54413	-4.59624	-4.91386	0.187276	0.175867	0.150943	0.143279	0.342634	1.0851
167	-11.4196	-14.9059	-12.3592	-11.5261	-11.4315	-11.3474	0.00524195	0.0669164	0.153941	0.169212	0.604688	1.67884
168	-20.1808	-26.7483	-22.2286	-21.3279	-21.2662	-21.2468	0.000733008	0.067296	0.165645	0.176188	0.590138	1.66213
169	-7.63493	-6.30184	-6.75563	-7.59414	-7.81455	-8.74074	0.413763	0.26283	0.113635	0.0911576	0.118615	0.519677
170	-14.3742	-23.2223	-16.1318	-14.3938	-14.2396	-14.0978	2.16715e-05	0.0260163	0.147924	0.172594	0.653444	1.77816
171	-8.80355	-14.3996	-9.69039	-8.61788	-8.55255	-8.72028	0.000573303	0.0636157	0.18593	0.198482	0.551398	1.61173
172	-17.0335	-23.8974	-18.9008	-17.3138	-17.1083	-16.6338	0.00015505	0.0229326	0.112118	0.137705	0.72709	1.88121
173	-9.04031	-10.8442	-8.69113	-8.55903	-8.64123	-9.25567	0.0224327	0.193175	0.220456	0.203058	0.360878	1.2429
174	-6.60445	-5.06653	-5.58884	-6.51657	-6.77085	-7.97433	0.456834	0.270972	0.107156	0.0830968	0.0819414	0.42593
175	-11.0378	-13.0625	-10.9461	-10.7175	-10.7604	-11.2116	0.019746	0.163921	0.206021	0.197372	0.412941	1.3368
177	-15.1634	-18.9477	-16.6353	-16.1489	-16.1153	-16.1021	0.00989523	0.0999261	0.162539	0.168082	0.559558	1.59014
178	-11.8956	-16.9692	-12.4926	-11.6921	-11.6684	-11.9065	0.000995641	0.0875511	0.194942	0.199623	0.516888	1.54749
179	-8.17719	-10.4633	-8.18381	-7.83219	-7.85931	-8.2791	0.0148439	0.145058	0.20618	0.200663	0.433255	1.38171
183	-11.688	-12.6519	-10.8111	-11.1196	-11.2912	-12.2045	0.0476872	0.300525	0.220754	0.185946	0.245088	0.989452
184	-7.12076	-5.74851	-6.24097	-7.10891	-7.34045	-8.39432	0.433972	0.265209	0.111339	0.0883261	0.101155	0.476312
185	-8.10472	-9.69141	-7.60631	-7.56231	-7.66507	-8.40922	0.0271139	0.218143	0.227956	0.205694	0.321092	1.16728
186	-17.1755	-23.9378	-19.1475	-17.8364	-17.6865	-17.3971	0.000297394	0.035788	0.132788	0.154251	0.676876	1.80332
187	-8.60962	-14.0185	-9.39008	-8.41141	-8.36093	-8.54802	0.000693138	0.0709463	0.188781	0.198555	0.541024	1.5923
188	-15.891	-23.3871	-18.0654	-16.1656	-15.9083	-15.2386	6.7999e-05	0.013922	0.0930627	0.120365	0.772583	1.9498
189	-6.60445	-5.06653	-5.58884	-6.51657	-6.77085	-7.97433	0.456834	0.270972	0.107156	0.0830968	0.0819414	0.42593
190	-24.3676	-34.8906	-27.3399	-24.8185	-24.4689	-23.4782	2.80679e-06	0.00533865	0.0664462	0.0942499	0.833962	2.03977
191	-9.59349	-16.4287	-11.0287	-9.59183	-9.49241	-9.58822	0.000190314	0.0421374	0.177288	0.195819	0.584565	1.67229
192	-12.5489	-18.0208	-13.4553	-12.4689	-12.3908	-12.3708	0.000637932	0.0613146	0.16441	0.177774	0.595864	1.67428
193	-14.3807	-16.5371	-14.2873	-14.0051	-14.0522	-14.543	0.0168936	0.160242	0.212484	0.202706	0.407673	1.33439
194	-9.57071	-15.5908	-10.7796	-9.54081	-9.43543	-9.41507	0.000384733	0.047272	0.163164	0.181297	0.607883	1.7007
195	-10.1053	-13.4256	-11.006	-10.3672	-10.315	-10.3642	0.00792813	0.0891226	0.16881	0.177864	0.556275	1.59482
196	-10.6648	-16.2701	-11.59	-10.5191	-10.4421	-10.4947	0.000548951	0.0591665	0.172633	0.186461	0.581191	1.65568
197	-16.6388	-26.4974	-19.1502	-16.9049	-16.6163	-15.9346	6.14208e-06	0.00953123	0.0900081	0.120122	0.780332	1.96366
198	-13.0565	-22.8751	-15.4576	-13.2381	-12.9815	-12.4726	6.89556e-06	0.0114805	0.105649	0.136557	0.746306	1.91577
199	-13.1606	-18.7854	-14.1189	-13.0591	-12.9809	-12.9822	0.000545053	0.0579538	0.167245	0.180858	0.593398	1.67321
200	-4.82923	-4.15094	-4.28198	-4.59218	-4.69528	-5.29757	0.241287	0.211653	0.155206	0.140001	0.251853	0.888706
201	-4.5	-3.96611	-4.06702	-4.30887	-4.3902	-4.87449	0.217733	0.196835	0.154549	0.142476	0.288407	0.969652
202	-4.51813	-3.87984	-4.00432	-4.29703	-4.39381	-4.95594	0.23474	0.207265	0.154669	0.140402	0.262924	0.912638
203	-11.4759	-19.1156	-13.9152	-11.9832	-11.7024	-10.9776	6.97555e-05	0.0126505	0.0873269	0.115641	0.784312	1.96683
204	-9.19137	-12.6831	-10.153	-9.35148	-9.26514	-9.21354	0.00563154	0.0706961	0.157583	0.171793	0.594296	1.66164
205	-5.06002	-4.48225	-4.59306	-4.85628	-4.9441	-5.46094	0.224828	0.201246	0.154672	0.141668	0.277587	0.945567
206	-9.06875	-12.7742	-10.1985	-9.2943	-9.1758	-8.95707	0.00430023	0.0565111	0.139576	0.157136	0.642477	1.73858
207	-5.40894	-5.00341	-5.07827	-5.2601	-5.32201	-5.69837	0.197302	0.183072	0.152635	0.143471	0.32352	1.04516
208	-4.54753	-3.89611	-4.02382	-4.32316	-4.42184	-4.9924	0.236891	0.20849	0.154556	0.140032	0.26003	0.905942
209	-4.73936	-4.33769	-4.41233	-4.59288	-4.65414	-5.02449	0.196667	0.182522	0.152371	0.143317	0.325122	1.04829
210	-7.46048	-10.9888	-8.44037	-7.59847	-7.49983	-7.38758	0.00508638	0.0650406	0.150943	0.166592	0.612338	1.69074
211	-5.74664	-3.95382	-4.60949	-5.71702	-6.01067	-7.36708	0.519038	0.269429	0.089012	0.066362	0.0561595	0.33695
212	-11.1892	-9.58699	-10.1589	-11.1167	-11.3642	-12.4912	0.46944	0.26498	0.101683	0.0793904	0.0845065	0.422468
213	-9.15332	-12.7547	-10.1934	-9.32253	-9.2147	-9.05353	0.00470801	0.0609791	0.145683	0.162271	0.626359	1.71308
214	-4.80865	-4.24492	-4.35245	-4.60874	-4.6945	-5.20142	0.222551	0.199863	0.154678	0.141965	0.280942	0.953113
215	-5.11996	-4.59212	-4.69231	-4.93173	-5.01205	-5.48903	0.216748	0.196083	0.154334	0.142422	0.290413	0.973783
216	-4.55883	-3.81226	-3.9605	-4.3053	-4.41819	-5.06455	0.252673	0.217862	0.154324	0.13785	0.237292	0.854494
217	-7.87538	-7.18209	-7.31591	-7.63464	-7.74104	-8.36334	0.244449	0.213832	0.155471	0.139778	0.246471	0.877057
218	-4.5	-3.96611	-4.06702	-4.30887	-4.3902	-4.87449	0.217733	0.196835	0.154549	0.142476	0.288407	0.969652
219	-7.36017	-10.8598	-8.319	-7.49208	-7.39748	-7.30057	0.00526226	0.0667786	0.152673	0.167821	0.607465	1.68271
220	-4.73936	-4.33769	-4.41233	-4.59288	-4.65414	-5.02449	0.196667	0.182522	0.152371	0.143317	0.325122	1.04829
221	-15.3438	-23.2909	-18.0206	-15.9351	-15.607	-14.6442	4.41845e-05	0.00859259	0.0691609	0.0960195	0.826183	2.02683
222	-12.9266	-20.9809	-15.7003	-13.5864	-13.248	-12.2229	3.99904e-05	0.00785762	0.0650648	0.091268	0.83577	2.04041
223	-21.0507	-37.5627	-26.9495	-22.5968	-21.8777	-19.571	4.47223e-09	0.000181861	0.0141291	0.0290014	0.956688	2.21028
224	-17.0087	-24.9993	-19.7454	-17.6941	-17.3761	-16.4643	4.89038e-05	0.0093558	0.0727735	0.100015	0.817807	2.01487
225	-14.4053	-13.4349	-14.0553	-14.5526	-14.5898	-14.7229	0.324049	0.174246	0.105975	0.102102	0.293629	0.898895
226	-14.3875	-25.3357	-17.5795	-14.9373	-14.6016	-13.8837	2.56316e-06	0.00598738	0.0840913	0.117629	0.79229	1.98273
227	-10.2901	-13.1747	-10.8958	-10.5027	-10.5115	-10.7991	0.0133472	0.130352	0.193121	0.191442	0.471738	1.44588
228	-12.9441	-24.3475	-16.5703	-13.7152	-13.2993	-12.1622	1.33288e-06	0.00317958	0.0552505	0.0837486	0.85782	2.074
229	-5.89168	-4.26575	-4.83918	-5.82649	-6.08917	-7.30237	0.477844	0.269308	0.100338	0.0771588	0.0753508	0.399572
230	-8.2971	-10.4795	-8.26812	-7.96708	-7.99659	-8.37812	0.0163125	0.148899	0.201202	0.195351	0.438235	1.38469
231	-8.79803	-15.1754	-10.2868	-8.92126	-8.78942	-8.70609	0.00029705	0.0394359	0.154507	0.17628	0.62948	1.73592
232	-5.92759	-4.53301	-4.98183	-5.81592	-6.04966	-7.18246	0.422423	0.269666	0.117108	0.0926987	0.0981049	0.479224
233	-13.2072	-18.4198	-13.8954	-13.0537	-13.0198	-13.1805	0.000871057	0.0803453	0.186428	0.192852	0.539504	1.58354
234	-10.0525	-12.194	-10.0709	-9.85441	-9.88194	-10.1491	0.0181091	0.151337	0.187917	0.182815	0.459821	1.41119
235	-6.66734	-5.63869	-5.95038	-6.53864	-6.7054	-7.52154	0.335252	0.245475	0.13631	0.115373	0.16759	0.667557
236	-7.94995	-11.8572	-9.2381	-8.23288	-8.08139	-7.67813	0.0032216	0.044211	0.120806	0.140566	0.691195	1.81469
237	-19.4574	-26.6168	-21.8632	-20.5088	-20.3187	-19.6525	0.000218037	0.025293	0.0979965	0.118506	0.757987	1.92149
238	-7.47245	-9.07716	-7.03077	-7.00366	-7.10064	-7.77898	0.0278215	0.215337	0.221255	0.200805	0.334782	1.18747
239	-11.442	-9.8341	-10.566	-11.4707	-11.6451	-12.3628	0.475933	0.228911	0.092634	0.0778079	0.124714	0.496385
240	-19.581	-35.7343	-25.4	-21.3207	-20.6387	-18.4012	8.60727e-09	0.000264864	0.0156537	0.0309615	0.95312	2.20538
241	-17.1166	-26.7893	-19.5294	-17.4434	-17.1836	-16.545	8.3252e-06	0.0118395	0.0953361	0.123628	0.769188	1.94667
242	-9.17326	-10.6958	-8.65507	-8.67814	-8.79125	-9.49116	0.029506	0.227081	0.221904	0.19817	0.32334	1.16223
243	-10.8563	-18.7117	-13.4731	-11.5064	-11.2265	-10.5487	6.73636e-05	0.0126915	0.0907083	0.120002	0.77653	1.95623
244	-17.07	-23.423	-18.587	-17.2419	-17.089	-16.7214	0.000259922	0.0327417	0.125687	0.146448	0.694863	1.82997
245	-7.89403	-11.7723	-9.15819	-8.16537	-8.0182	-7.64201	0.00334955	0.0457393	0.123443	0.143015	0.684453	1.8043
246	-8.67246	-12.5637	-9.94658	-8.94588	-8.79581	-8.40011	0.00326279	0.044686	0.121554	0.141236	0.689261	1.81168
247	-7.05438	-10.4909	-7.96328	-7.16546	-7.07979	-7.02759	0.00566552	0.0709506	0.15756	0.171654	0.59417	1.66126
248	-7.4924	-11.1525	-8.5795	-7.68077	-7.56374	-7.35045	0.00435435	0.0570657	0.140181	0.157584	0.640814	1.73588
249	-4.99869	-4.69948	-4.754	-4.88732	-4.93302	-5.21416	0.180797	0.171204	0.149835	0.143142	0.355023	1.11096
250	-11.0521	-15.787	-12.9623	-11.6215	-11.3875	-10.6575	0.00139139	0.0234521	0.0896435	0.113267	0.772246	1.94154
251	-4.5	-3.96611	-4.06702	-4.30887	-4.3902	-4.87449	0.217733	0.196835	0.154549	0.142476	0.288407	0.969652
252	-9.93515	-12.806	-10.6062	-10.2379	-10.2386	-10.4566	0.0141794	0.127944	0.184915	0.184794	0.488169	1.46943
253	-7.36318	-8.45201	-6.5616	-6.7543	-6.90709	-7.85922	0.0421682	0.279242	0.230299	0.197669	0.250622	1.01612
254	-14.4368	-24.8769	-17.3436	-14.9019	-14.5905	-13.8835	4.03043e-06	0.00753395	0.0865867	0.118221	0.787655	1.97517
255	-13.7066	-26.1598	-17.6612	-14.488	-14.0578	-13.0078	5.01416e-07	0.00246067	0.0587725	0.090363	0.848403	2.06186
256	-11.1048	-13.8995	-11.7488	-11.5046	-11.538	-11.8735	0.0178307	0.153191	0.195561	0.189127	0.444291	1.38878
257	-10.3155	-16.0949	-11.4134	-10.2573	-10.1475	-10.052	0.000450836	0.0486598	0.154617	0.172563	0.623709	1.72143
258	-15.4589	-26.1765	-18.5826	-16.0151	-15.6652	-14.7572	2.74913e-06	0.00545971	0.0711552	0.100963	0.822419	2.02405
259	-26.1717	-40.6014	-30.6093	-27.1658	-26.6249	-24.7828	3.81241e-08	0.000833162	0.0260746	0.0447831	0.928309	2.1713
260	-18.6948	-24.9678	-20.0826	-18.735	-18.5998	-18.4116	0.000282734	0.0374129	0.143961	0.164798	0.653545	1.7702
261	-8.25121	-14.4332	-9.57028	-8.26717	-8.15193	-8.12979	0.000340542	0.0440679	0.162202	0.182014	0.611376	1.70781
262	-20.2914	-39.3459	-26.4574	-21.6296	-20.8749	-18.5229	2.64213e-10	0.000104558	0.0130631	0.0277856	0.959047	2.21356
263	-10.2482	-16.0592	-11.3144	-10.2231	-10.161	-10.3327	0.000546101	0.0627971	0.187006	0.199001	0.55065	1.61121
264	-21.0404	-30.6046	-23.4128	-21.4359	-21.201	-20.6058	1.049e-05	0.0139356	0.100618	0.127265	0.75817	1.93001
265	-9.79467	-16.1291	-11.1938	-9.8824	-9.77628	-9.79069	0.000323645	0.0450255	0.167104	0.185813	0.601734	1.69385
266	-17.2871	-28.7186	-21.1938	-18.5914	-18.198	-17.0146	2.16608e-06	0.00401497	0.0541835	0.080301	0.861498	2.07826
267	-6.44916	-5.38534	-5.69372	-6.29887	-6.47686	-7.39915	0.343645	0.252454	0.137839	0.115364	0.1507	0.632252
268	-14.5582	-21.6884	-16.7407	-15.2219	-15.0321	-14.5772	0.000178918	0.0251986	0.115081	0.139137	0.720404	1.87037
269	-9.31351	-16.1881	-11.1563	-9.58561	-9.40843	-9.1548	0.000181951	0.0278782	0.13409	0.160083	0.677767	1.8103
270	-15.8469	-21.9573	-17.1209	-15.8152	-15.6856	-15.5437	0.000319927	0.040316	0.148771	0.169352	0.641241	1.75135
271	-5.00089	-4.64788	-4.71268	-4.87054	-4.92445	-5.25381	0.189093	0.177227	0.151346	0.143404	0.33893	1.07749
272	-4.54753	-3.89611	-4.02382	-4.32316	-4.42184	-4.9924	0.236891	0.20849	0.154556	0.140032	0.26003	0.905942
273	-11.6983	-11.2275	-11.3148	-11.5266	-11.5987	-12.0354	0.207796	0.190431	0.154074	0.143359	0.30434	1.00461
274	-18.0052	-24.9817	-20.2498	-18.9252	-18.755	-18.3059	0.000273769	0.0310752	0.116864	0.138551	0.713236	1.85636
276	-6.42229	-5.00801	-5.45303	-6.31174	-6.55986	-7.81593	0.430592	0.275927	0.116912	0.0912231	0.0853465	0.450283
277	-6.37561	-4.87099	-5.36452	-6.2774	-6.53459	-7.79367	0.450114	0.274779	0.110287	0.0852768	0.0795435	0.425957
278	-7.95304	-6.39238	-6.91057	-7.85173	-8.10553	-9.26472	0.455763	0.271451	0.105913	0.0821725	0.0846998	0.430373
279	-4.54753	-3.89611	-4.02382	-4.32316	-4.42184	-4.9924	0.236891	0.20849	0.154556	0.140032	0.26003	0.905942
280	-5.06002	-4.48225	-4.59306	-4.85628	-4.9441	-5.46094	0.224828	0.201246	0.154672	0.141668	0.277587	0.945567
281	-6.35142	-4.76336	-5.27802	-6.27883	-6.56749	-8.02689	0.474452	0.283579	0.104239	0.078103	0.059627	0.371304
284	-18.9191	-25.8825	-21.2226	-19.8701	-19.665	-19.0045	0.000237772	0.0251155	0.0971265	0.119233	0.758288	1.92216
301	-12.7522	-19.2951	-14.6843	-13.4543	-13.2992	-12.9446	0.000366402	0.0368459	0.12606	0.147218	0.68951	1.81987
302	-17.2303	-28.1484	-20.4311	-17.7076	-17.3235	-16.2245	1.71748e-06	0.00385899	0.0587826	0.0863128	0.851044	2.06416
303	-10.2554	-8.7259	-9.2312	-10.1493	-10.4017	-11.6165	0.451701	0.272522	0.108811	0.0845433	0.0824228	0.430068
304	-13.4211	-21.499	-16.3966	-14.0821	-13.7231	-12.8765	4.45205e-05	0.00731997	0.0740752	0.10607	0.81249	2.00939
306	-6.26218	-4.65917	-5.19727	-6.19825	-6.47768	-7.83765	0.476751	0.278353	0.1023	0.077361	0.0652348	0.380531
307	-14.4103	-21.4619	-16.6016	-15.1733	-14.9939	-14.5451	0.000216076	0.0278891	0.116334	0.139196	0.716365	1.86291
310	-17.6667	-32.4124	-22.2155	-18.7226	-18.2392	-16.9105	4.98024e-08	0.00133567	0.0439182	0.0712231	0.883523	2.11036
311	-12.7415	-23.2807	-15.6705	-13.1775	-12.8694	-12.2461	3.79791e-06	0.00766648	0.0927502	0.126217	0.773363	1.95565
312	-26.6156	-42.1599	-31.7536	-27.756	-27.1114	-24.969	9.86971e-09	0.000326373	0.017777	0.0338678	0.948029	2.19843
313	-13.6345	-21.0583	-15.9855	-14.312	-14.0989	-13.6127	0.000130042	0.0207573	0.110651	0.136926	0.731535	1.88883
314	-4.78322	-4.40772	-4.47734	-4.64594	-4.70321	-5.05012	0.19256	0.179612	0.151744	0.143298	0.332786	1.06439
315	-12.8515	-20.57	-15.3497	-13.3753	-13.0819	-12.3011	6.20308e-05	0.0114752	0.0826521	0.110833	0.794978	1.98223
316	-10.8756	-14.5316	-11.9695	-11.0953	-10.986	-10.8124	0.00464796	0.0602529	0.144419	0.1611	0.62958	1.71803
317	-6.28981	-4.91487	-5.36961	-6.18237	-6.40398	-7.44869	0.416245	0.264154	0.117187	0.0938938	0.10852	0.502689
318	-11.025	-16.9474	-12.1715	-10.9395	-10.8253	-10.7354	0.000381618	0.045266	0.155172	0.173945	0.625236	1.7259
321	-11.3319	-18.7375	-13.6268	-11.8699	-11.6341	-11.0818	0.000107707	0.0178566	0.103465	0.130984	0.747587	1.91291
322	-18.4538	-29.5529	-21.9068	-19.1203	-18.6906	-17.3853	1.38787e-06	0.00290422	0.0471169	0.0724116	0.877566	2.10096
323	-12.9565	-19.0208	-14.1914	-12.9145	-12.7944	-12.7082	0.000345711	0.0432626	0.155114	0.174912	0.626366	1.7289
324	-11.3362	-14.1526	-12.0128	-11.7464	-11.7685	-12.0428	0.0170853	0.145182	0.189503	0.185355	0.462875	1.42043
325	-8.75905	-10.5911	-8.45034	-8.30076	-8.3735	-8.95212	0.0219824	0.186988	0.217158	0.201924	0.371948	1.26276
326	-6.8699	-5.20086	-5.77831	-6.77431	-7.03777	-8.25401	0.480061	0.269471	0.0995305	0.076478	0.0744592	0.396303
338	-8.0704	-9.9551	-7.85388	-7.70213	-7.76054	-8.22143	0.0216132	0.176713	0.20567	0.194	0.402004	1.31144
339	-9.76681	-16.2734	-11.3837	-9.95843	-9.79969	-9.55568	0.000246835	0.032808	0.136444	0.159917	0.670584	1.79689
340	-9.26737	-14.7856	-10.1167	-9.09378	-9.03789	-9.22841	0.00063746	0.0679421	0.188966	0.199829	0.542625	1.59662
341	-9.16968	-11.719	-9.65188	-9.49596	-9.54669	-9.96623	0.0217988	0.172253	0.201318	0.19136	0.41327	1.32984
342	-10.7263	-17.7622	-12.7695	-11.1418	-10.9326	-10.4853	0.000152077	0.0224061	0.114095	0.140639	0.722709	1.87564
343	-10.2944	-12.9499	-10.8227	-10.6777	-10.7352	-11.1237	0.0205533	0.172465	0.199378	0.188237	0.419367	1.33904
344	-19.6022	-35.2355	-24.462	-20.4561	-19.9072	-18.4731	1.43293e-08	0.000684091	0.0375686	0.0650444	0.896703	2.12889
345	-7.67156	-9.28098	-7.25236	-7.21576	-7.30787	-7.96717	0.0278504	0.211762	0.219656	0.200326	0.340404	1.19762
346	-10.1205	-12.304	-10.0395	-9.74617	-9.79338	-10.3009	0.0166118	0.159903	0.214421	0.204533	0.404531	1.33054
347	-9.21058	-15.5192	-10.629	-9.31406	-9.19582	-9.12977	0.000318142	0.0423051	0.157573	0.177352	0.622452	1.72418
348	-8.73805	-7.40598	-7.83792	-8.63497	-8.85246	-9.85963	0.406552	0.263954	0.118952	0.0957017	0.114841	0.52003
349	-10.8192	-14.449	-11.8791	-10.993	-10.8818	-10.7174	0.00458072	0.0598428	0.145152	0.162224	0.628201	1.71651
350	-4.54944	-4.0091	-4.11166	-4.35678	-4.43903	-4.92721	0.218763	0.197439	0.154517	0.142317	0.286965	0.966357
351	-9.44389	-13.2175	-10.6265	-9.68646	-9.55615	-9.27058	0.00388314	0.0518136	0.132649	0.151111	0.660543	1.76692
352	-15.2285	-23.5724	-18.2479	-16.027	-15.6523	-14.411	2.76731e-05	0.00568146	0.052356	0.0761604	0.865775	2.08278
353	-18.1443	-29.0215	-21.4238	-18.8955	-18.5642	-17.7402	3.10181e-06	0.00618355	0.0774943	0.107928	0.808391	2.00439
354	-11.6279	-14.8378	-12.5047	-11.992	-11.9662	-12.0898	0.0102584	0.105764	0.176614	0.181217	0.526147	1.54005
355	-10.6615	-17.6011	-12.5502	-10.9387	-10.7521	-10.462	0.000166031	0.0259291	0.129904	0.156561	0.68744	1.82493
361	-13.605	-11.9332	-12.5292	-13.5524	-13.8199	-15.0465	0.488594	0.26922	0.0967722	0.0740538	0.0713602	0.384737
362	-7.1353	-5.82115	-6.25972	-7.06572	-7.28664	-8.32479	0.411068	0.265121	0.118414	0.0949423	0.110455	0.509247
363	-8.63842	-11.4724	-9.06208	-8.46206	-8.42303	-8.54126	0.00868578	0.0967374	0.176271	0.183286	0.53502	1.55978
364	-14.9214	-25.3365	-17.8678	-15.4161	-15.0643	-14.0268	3.13365e-06	0.00549104	0.0637431	0.0906182	0.840145	2.04807
365	-14.9636	-24.9835	-17.5257	-15.2447	-14.9762	-14.4213	5.95758e-06	0.010327	0.101062	0.132186	0.756419	1.93042
367	-6.01442	-4.19362	-4.84007	-6.02125	-6.34838	-7.93991	0.53243	0.278942	0.0856115	0.0617253	0.0412913	0.298381
368	-12.0026	-21.5326	-14.2459	-12.1713	-11.9328	-11.427	9.23592e-06	0.0134917	0.107405	0.136338	0.742756	1.90937
369	-9.45214	-12.0119	-9.9296	-9.79582	-9.85745	-10.3307	0.0224889	0.180423	0.206249	0.193922	0.396917	1.30118
372	-11.6631	-14.5746	-12.4233	-12.1794	-12.2026	-12.3641	0.0163265	0.140351	0.179108	0.175003	0.489212	1.46042
373	-11.088	-17.8419	-12.7285	-11.1351	-10.958	-10.6853	0.000161937	0.0269188	0.132449	0.158119	0.682351	1.8172
374	-16.2605	-28.8567	-20.5981	-17.1649	-16.6204	-14.9762	2.60699e-07	0.00100651	0.0311762	0.0537436	0.914073	2.15203
375	-20.3411	-27.5213	-22.5239	-20.9127	-20.6853	-20.0469	0.000131386	0.0194498	0.09742	0.122288	0.76071	1.92958
376	-20.3689	-35.7465	-25.39	-21.513	-20.9204	-19.1495	1.74426e-08	0.000548759	0.0264917	0.0479148	0.925045	2.16727
377	-15.9686	-18.283	-16.4117	-16.6529	-16.7889	-17.3843	0.0397998	0.258546	0.203149	0.17732	0.321185	1.12931
378	-11.8729	-16.5828	-12.1247	-11.4758	-11.5125	-12.0602	0.00140009	0.12086	0.231264	0.222944	0.423532	1.39585
379	-6.70626	-5.31126	-5.74518	-6.5866	-6.8294	-8.04171	0.423622	0.274492	0.118333	0.0928239	0.0907289	0.464765
384	-8.32633	-6.90256	-7.39444	-8.3235	-8.57516	-9.6621	0.44469	0.271918	0.107387	0.0834946	0.0925103	0.450515
385	-11.9741	-18.1257	-13.3243	-11.9965	-11.8486	-11.5956	0.000297071	0.0361476	0.13638	0.158114	0.669062	1.79239
386	-18.691	-26.1301	-21.1448	-19.5545	-19.3339	-18.6145	0.000128327	0.0187673	0.0920662	0.114788	0.77425	1.9484
387	-8.82481	-14.5528	-9.8483	-8.7574	-8.68233	-8.77618	0.000539146	0.0595466	0.177268	0.191087	0.571559	1.64222
388	-16.9317	-21.9232	-17.4774	-16.79	-16.79	-17.0233	0.00115401	0.0984001	0.195677	0.195667	0.509102	1.52907
389	-12.2832	-22.9205	-15.2987	-12.7513	-12.4187	-11.6164	3.02005e-06	0.0061675	0.0787828	0.109869	0.805178	2.00006
390	-9.41799	-16.2295	-11.1609	-9.62635	-9.46814	-9.28394	0.000193303	0.030727	0.142547	0.166981	0.659552	1.78327
391	-22.6074	-33.2025	-25.6304	-23.1019	-22.7524	-21.7077	2.60762e-06	0.00506754	0.0635194	0.0900904	0.84132	2.04993
392	-11.9087	-17.1344	-12.5597	-11.6784	-11.6472	-11.881	0.000832017	0.0807035	0.194811	0.200987	0.522666	1.56021
393	-12.8705	-19.8989	-14.7925	-13.0544	-12.8271	-12.3226	0.000115016	0.0189874	0.107967	0.135517	0.737414	1.8982
394	-12.9514	-15.9596	-13.8662	-13.4336	-13.35	-13.0622	0.010553	0.0856112	0.131946	0.143444	0.628445	1.69409
395	-8.1996	-11.8873	-9.30751	-8.3962	-8.27596	-8.05115	0.00423189	0.0558377	0.138899	0.156647	0.644384	1.74172
396	-13.7087	-21.6878	-16.417	-14.3261	-13.9953	-13.0133	4.3128e-05	0.00839164	0.0679034	0.0945286	0.829133	2.03099
397	-15.8287	-28.0949	-20.1289	-16.85	-16.306	-14.554	3.69353e-07	0.00106413	0.0282507	0.0486711	0.922014	2.16267
398	-8.49538	-7.75086	-7.89594	-8.23988	-8.35417	-9.01715	0.253084	0.218906	0.155198	0.138437	0.234375	0.849415
399	-7.45431	-11.0079	-8.45097	-7.58988	-7.48507	-7.3386	0.00482755	0.0622541	0.147278	0.163551	0.62209	1.70624
400	-16.2811	-19.8115	-17.2628	-16.4244	-16.3283	-16.2427	0.00519542	0.0664538	0.153678	0.169185	0.605487	1.6803
401	-12.9292	-21.1426	-15.8336	-13.6529	-13.2925	-12.1434	3.20933e-05	0.00648736	0.0574288	0.0823479	0.853704	2.0658
402	-9.16208	-11.2317	-9.04579	-8.80215	-8.846	-9.28592	0.0181447	0.161462	0.206007	0.197167	0.417221	1.34568
403	-17.443	-24.6017	-19.7081	-18.2893	-18.1303	-17.841	0.000239897	0.0320103	0.132282	0.155068	0.6804	1.81083
404	-7.43752	-9.26701	-7.12015	-6.95962	-7.03294	-7.65609	0.0220287	0.18852	0.221348	0.205701	0.362403	1.24858
405	-14.5198	-20.1185	-15.3542	-14.3047	-14.2697	-14.6369	0.000629226	0.0737761	0.210725	0.218234	0.496635	1.52936
406	-6.257	-4.76261	-5.24367	-6.1608	-6.42251	-7.71531	0.44907	0.277582	0.11094	0.0853948	0.0770125	0.421506
443	-14.4655	-17.5732	-15.3056	-14.7714	-14.7225	-14.7057	0.0097816	0.0944558	0.161149	0.169225	0.565389	1.60209
444	-17.243	-28.2211	-20.7872	-18.2921	-17.9021	-16.6411	2.47618e-06	0.00419076	0.0508034	0.0750328	0.869971	2.08958
445	-8.63975	-10.2988	-8.24126	-8.19227	-8.28064	-8.90546	0.0264523	0.207025	0.217421	0.199032	0.350069	1.21532
446	-13.512	-24.5554	-16.8479	-14.1441	-13.7658	-12.7438	1.89791e-06	0.00422272	0.0630761	0.0920815	0.840618	2.04976
447	-8.51741	-10.8222	-8.57732	-8.21956	-8.23426	-8.54619	0.014444	0.136341	0.194982	0.192137	0.462096	1.42763
448	-10.7392	-11.5343	-9.72902	-10.1149	-10.3092	-11.347	0.0538145	0.327268	0.222504	0.183201	0.213213	0.922287
449	-7.67156	-9.28098	-7.25236	-7.21576	-7.30787	-7.96717	0.0278504	0.211762	0.219656	0.200326	0.340404	1.19762
450	-9.83249	-16.7818	-11.7193	-10.1608	-9.98832	-9.7322	0.000178964	0.0282725	0.13435	0.159637	0.677562	1.80969
451	-15.7762	-26.2867	-18.6512	-16.1446	-15.8303	-15.1256	3.40919e-06	0.0070582	0.0865602	0.118522	0.787856	1.97579
452	-16.881	-27.8422	-19.8542	-17.2158	-16.9344	-16.5567	2.77408e-06	0.00817135	0.114313	0.151473	0.72604	1.89075
453	-18.1586	-32.0507	-22.045	-18.7866	-18.3439	-17.1381	8.82051e-08	0.00195406	0.0508189	0.0791222	0.868105	2.0889
454	-5.94416	-4.15623	-4.8122	-5.91283	-6.20316	-7.53768	0.517493	0.268546	0.089335	0.0668238	0.0578022	0.341159
455	-7.25511	-8.33203	-6.44957	-6.65107	-6.80436	-7.74658	0.0426479	0.280183	0.229051	0.196499	0.25162	1.01646
456	-5.94416	-4.15623	-4.8122	-5.91283	-6.20316	-7.53768	0.517493	0.268546	0.089335	0.0668238	0.0578022	0.341159
457	-10.4761	-13.0919	-11.0736	-10.9714	-11.0241	-11.3656	0.0231312	0.174079	0.1928	0.182911	0.427078	1.34641
459	-12.3968	-23.0632	-15.4605	-12.8968	-12.5495	-11.6531	2.76804e-06	0.00554604	0.0720033	0.101901	0.820547	2.02144
460	-12.388	-22.3633	-14.829	-12.5792	-12.3252	-11.7958	5.87721e-06	0.0109974	0.104316	0.134488	0.750193	1.92134
464	-9.59311	-16.3839	-11.3788	-9.83652	-9.66463	-9.42414	0.000194688	0.0290405	0.135774	0.161239	0.673752	1.80396
465	-9.29804	-11.3247	-9.13537	-8.91024	-8.96094	-9.38914	0.0183477	0.163824	0.205188	0.195044	0.417595	1.34434
466	-14.768	-20.2825	-15.6986	-14.7092	-14.6294	-14.5595	0.000605286	0.0592559	0.159373	0.17261	0.608156	1.69251
467	-17.3503	-30.7669	-20.9117	-17.8466	-17.4366	-16.2737	1.33101e-07	0.00253664	0.0543764	0.0819329	0.861154	2.0789
468	-11.9138	-20.1643	-14.1207	-12.0868	-11.8535	-11.4265	3.54709e-05	0.0149484	0.114257	0.144277	0.726483	1.88617
469	-20.2413	-27.108	-22.5148	-21.4744	-21.3631	-21.0056	0.00046287	0.045738	0.129447	0.144694	0.679658	1.79984
470	-21.8532	-29.4454	-24.7327	-22.8826	-22.4932	-21.1194	6.47914e-05	0.007215	0.0458886	0.0677349	0.879097	2.09983
471	-16.0498	-18.1706	-15.9892	-15.7531	-15.7988	-16.2328	0.0183143	0.162236	0.205433	0.196258	0.417759	1.34573
472	-9.44688	-11.7014	-9.4743	-9.15481	-9.17627	-9.50188	0.0153456	0.142298	0.195862	0.191704	0.45479	1.41276
473	-7.9508	-9.59294	-7.5505	-7.49772	-7.58328	-8.17296	0.0263927	0.203472	0.214501	0.19691	0.358724	1.22966
474	-9.52988	-16.1925	-11.1365	-9.68156	-9.54623	-9.45227	0.000228354	0.0358453	0.153565	0.175819	0.634543	1.74534
475	-9.54756	-17.047	-11.5665	-9.8117	-9.63198	-9.41195	9.91203e-05	0.0237858	0.137541	0.164622	0.673952	1.80794
476	-6.85761	-5.46563	-5.97823	-6.87098	-7.10627	-8.15763	0.442352	0.26494	0.108501	0.0857523	0.0984545	0.465433
477	-7.6115	-8.88816	-6.98271	-7.10505	-7.22867	-7.98399	0.0369795	0.248593	0.219968	0.194388	0.300071	1.10939
478	-6.55845	-4.91608	-5.54489	-6.62558	-6.90592	-8.12889	0.504257	0.268883	0.0912484	0.0689407	0.0666709	0.364777
479	-13.4955	-19.8371	-14.9843	-13.5859	-13.4182	-13.0199	0.000234645	0.0300572	0.121683	0.143901	0.704124	1.84461
480	-11.7503	-17.9001	-13.0907	-11.7826	-11.6393	-11.3723	0.000298712	0.0366381	0.135536	0.156415	0.671113	1.7948
481	-10.7758	-9.33744	-9.90089	-10.8126	-11.0362	-11.996	0.452276	0.257454	0.103457	0.0827298	0.104083	0.469544
