Sites	Ll	Ll_YN98.omega_1=0.998	Ll_YN98.omega_1=1	Pr_YN98.omega_1=0.998	Pr_YN98.omega_1=1	mean
1	-6.31007	-6.30732	-6.31007	0	1	1
2	-7.86589	-7.86362	-7.86589	0	1	1
5	-7.58225	-7.57972	-7.58225	0	1	1
6	-7.6981	-7.69689	-7.6981	0	1	1
7	-12.6457	-12.6455	-12.6457	0	1	1
8	-8.95285	-8.95254	-8.95285	0	1	1
9	-12.7296	-12.7304	-12.7296	0	1	1
10	-7.60191	-7.60137	-7.60191	0	1	1
11	-9.9277	-9.92884	-9.9277	0	1	1
12	-7.17727	-7.17497	-7.17727	0	1	1
17	-6.06886	-6.06697	-6.06886	0	1	1
18	-4.59334	-4.59249	-4.59334	0	1	1
19	-4.30151	-4.30038	-4.30151	0	1	1
20	-5.09267	-5.09185	-5.09267	0	1	1
21	-7.72919	-7.72901	-7.72919	0	1	1
22	-7.26518	-7.26333	-7.26518	0	1	1
23	-10.2819	-10.2824	-10.2819	0	1	1
24	-9.44484	-9.44547	-9.44484	0	1	1
25	-7.74049	-7.73833	-7.74049	0	1	1
26	-6.43921	-6.43769	-6.43921	0	1	1
27	-14.0439	-14.0427	-14.0439	0	1	1
28	-8.6038	-8.60425	-8.6038	0	1	1
29	-4.67115	-4.6706	-4.67115	0	1	1
30	-7.91105	-7.9097	-7.91105	0	1	1
31	-5.14536	-5.14431	-5.14536	0	1	1
32	-10.2398	-10.2385	-10.2398	0	1	1
33	-4.99312	-4.99254	-4.99312	0	1	1
34	-11.3873	-11.3884	-11.3873	0	1	1
35	-10.065	-10.0658	-10.065	0	1	1
36	-9.50956	-9.50872	-9.50956	0	1	1
37	-5.0635	-5.06302	-5.0635	0	1	1
38	-5.0831	-5.08249	-5.0831	0	1	1
39	-8.81504	-8.81376	-8.81504	0	1	1
40	-4.99312	-4.99254	-4.99312	0	1	1
41	-4.51826	-4.5174	-4.51826	0	1	1
42	-15.3799	-15.3825	-15.3799	0	1	1
43	-7.78841	-7.7874	-7.78841	0	1	1
44	-6.67188	-6.66973	-6.67188	0	1	1
45	-12.8774	-12.8782	-12.8774	0	1	1
46	-7.4015	-7.40062	-7.4015	0	1	1
47	-15.5838	-15.5867	-15.5838	0	1	1
48	-7.92621	-7.92425	-7.92621	0	1	1
49	-7.05812	-7.057	-7.05812	0	1	1
50	-7.6073	-7.60625	-7.6073	0	1	1
51	-7.41528	-7.4139	-7.41528	0	1	1
52	-12.0096	-12.0102	-12.0096	0	1	1
53	-9.19227	-9.19291	-9.19227	0	1	1
54	-9.32424	-9.32513	-9.32424	0	1	1
55	-6.18242	-6.18044	-6.18242	0	1	1
56	-12.755	-12.7565	-12.755	0	1	1
57	-9.48825	-9.489	-9.48825	0	1	1
64	-8.23793	-8.23728	-8.23793	0	1	1
65	-11.9877	-11.9872	-11.9877	0	1	1
66	-10.8263	-10.8266	-10.8263	0	1	1
67	-10.5182	-10.5159	-10.5182	0	1	1
68	-13.5093	-13.5078	-13.5093	0	1	1
69	-8.23793	-8.23728	-8.23793	0	1	1
93	-14.2759	-14.2763	-14.2759	0	1	1
94	-6.74863	-6.74735	-6.74863	0	1	1
95	-10.4608	-10.4615	-10.4608	0	1	1
96	-15.9046	-15.9043	-15.9046	0	1	1
97	-12.4462	-12.4477	-12.4462	0	1	1
98	-13.5583	-13.5591	-13.5583	0	1	1
99	-7.86425	-7.86397	-7.86425	0	1	1
100	-9.95046	-9.95115	-9.95046	0	1	1
101	-4.17138	-4.17026	-4.17138	0	1	1
102	-4.55393	-4.55325	-4.55393	0	1	1
103	-4.94771	-4.94674	-4.94771	0	1	1
104	-4.9539	-4.95299	-4.9539	0	1	1
105	-9.81843	-9.81922	-9.81843	0	1	1
106	-7.41211	-7.41255	-7.41211	0	1	1
107	-15.531	-15.5332	-15.531	0	1	1
108	-4.46392	-4.46317	-4.46392	0	1	1
109	-4.35062	-4.3495	-4.35062	0	1	1
110	-4.17138	-4.17026	-4.17138	0	1	1
111	-12.3256	-12.3277	-12.3256	0	1	1
112	-4.17138	-4.17026	-4.17138	0	1	1
113	-5.11421	-5.11356	-5.11421	0	1	1
114	-5.38728	-5.3866	-5.38728	0	1	1
115	-9.35457	-9.35505	-9.35457	0	1	1
116	-12.0448	-12.0437	-12.0448	0	1	1
117	-11.528	-11.5287	-11.528	0	1	1
118	-5.05121	-5.05029	-5.05121	0	1	1
119	-4.99312	-4.99254	-4.99312	0	1	1
120	-4.72805	-4.7274	-4.72805	0	1	1
121	-4.30151	-4.30038	-4.30151	0	1	1
122	-8.71781	-8.71681	-8.71781	0	1	1
123	-5.14816	-5.14722	-5.14816	0	1	1
124	-9.33428	-9.33471	-9.33428	0	1	1
125	-9.63143	-9.63213	-9.63143	0	1	1
126	-4.9539	-4.95299	-4.9539	0	1	1
127	-4.49942	-4.49829	-4.49942	0	1	1
128	-4.46392	-4.46317	-4.46392	0	1	1
129	-4.35062	-4.3495	-4.35062	0	1	1
130	-4.67115	-4.6706	-4.67115	0	1	1
131	-5.05121	-5.05029	-5.05121	0	1	1
132	-8.2442	-8.24474	-8.2442	0	1	1
133	-5.36795	-5.3673	-5.36795	0	1	1
134	-10.3571	-10.3578	-10.3571	0	1	1
135	-8.32396	-8.32457	-8.32396	0	1	1
136	-5.14816	-5.14722	-5.14816	0	1	1
137	-9.43289	-9.43127	-9.43289	0	1	1
138	-9.65326	-9.65407	-9.65326	0	1	1
139	-9.51081	-9.50953	-9.51081	0	1	1
140	-4.92762	-4.92703	-4.92762	0	1	1
141	-7.45457	-7.45315	-7.45457	0	1	1
142	-7.73819	-7.73713	-7.73819	0	1	1
143	-8.59424	-8.59494	-8.59424	0	1	1
144	-4.46416	-4.46329	-4.46416	0	1	1
145	-4.46416	-4.46329	-4.46416	0	1	1
146	-10.3531	-10.3535	-10.3531	0	1	1
147	-4.30151	-4.30038	-4.30151	0	1	1
148	-4.69995	-4.69909	-4.69995	0	1	1
149	-4.77329	-4.77239	-4.77329	0	1	1
150	-9.11408	-9.11484	-9.11408	0	1	1
151	-4.50261	-4.5016	-4.50261	0	1	1
152	-4.96358	-4.96252	-4.96358	0	1	1
153	-4.49942	-4.49829	-4.49942	0	1	1
154	-8.45793	-8.45905	-8.45793	0	1	1
155	-5.11421	-5.11356	-5.11421	0	1	1
156	-4.55393	-4.55325	-4.55393	0	1	1
157	-5.30954	-5.30849	-5.30954	0	1	1
158	-11.9714	-11.9724	-11.9714	0	1	1
159	-7.98982	-7.98864	-7.98982	0	1	1
160	-4.8521	-4.85154	-4.8521	0	1	1
161	-4.49942	-4.49829	-4.49942	0	1	1
162	-9.02156	-9.02194	-9.02156	0	1	1
163	-4.46416	-4.46329	-4.46416	0	1	1
164	-5.05121	-5.05029	-5.05121	0	1	1
165	-9.46013	-9.46106	-9.46013	0	1	1
166	-4.67115	-4.6706	-4.67115	0	1	1
167	-11.2743	-11.2746	-11.2743	0	1	1
168	-21.3499	-21.3503	-21.3499	0	1	1
169	-7.92621	-7.92425	-7.92621	0	1	1
170	-14.2814	-14.2821	-14.2814	0	1	1
171	-8.71804	-8.71833	-8.71804	0	1	1
172	-16.9301	-16.9313	-16.9301	0	1	1
173	-8.79358	-8.79252	-8.79358	0	1	1
174	-6.6879	-6.68572	-6.6879	0	1	1
175	-10.7969	-10.796	-10.7969	0	1	1
177	-16.1832	-16.1834	-16.1832	0	1	1
178	-11.7917	-11.7917	-11.7917	0	1	1
179	-7.9624	-7.96206	-7.9624	0	1	1
183	-11.3891	-11.3871	-11.3891	0	1	1
184	-7.44149	-7.43942	-7.44149	0	1	1
185	-7.77888	-7.77794	-7.77888	0	1	1
186	-17.5164	-17.5173	-17.5164	0	1	1
187	-8.49925	-8.49936	-8.49925	0	1	1
188	-15.7888	-15.7905	-15.7888	0	1	1
189	-6.6879	-6.68572	-6.6879	0	1	1
190	-24.2578	-24.2604	-24.2578	0	1	1
191	-9.61134	-9.61151	-9.61134	0	1	1
192	-12.4482	-12.4485	-12.4482	0	1	1
193	-14.0573	-14.0564	-14.0573	0	1	1
194	-9.55366	-9.55413	-9.55366	0	1	1
195	-10.4305	-10.4309	-10.4305	0	1	1
196	-10.5266	-10.5268	-10.5266	0	1	1
197	-16.4373	-16.4391	-16.4373	0	1	1
198	-13	-13.0015	-13	0	1	1
199	-12.9702	-12.9703	-12.9702	0	1	1
200	-4.7724	-4.77131	-4.7724	0	1	1
201	-4.46416	-4.46329	-4.46416	0	1	1
202	-4.47242	-4.47143	-4.47242	0	1	1
203	-11.6	-11.6019	-11.6	0	1	1
204	-9.31188	-9.31229	-9.31188	0	1	1
205	-5.02485	-5.02394	-5.02485	0	1	1
206	-9.21074	-9.21149	-9.21074	0	1	1
207	-5.38728	-5.3866	-5.38728	0	1	1
208	-4.50261	-4.5016	-4.50261	0	1	1
209	-4.72805	-4.7274	-4.72805	0	1	1
210	-7.55373	-7.55427	-7.55373	0	1	1
211	-5.9518	-5.94927	-5.9518	0	1	1
212	-11.4413	-11.4391	-11.4413	0	1	1
213	-9.21283	-9.21343	-9.21283	0	1	1
214	-4.77329	-4.77239	-4.77329	0	1	1
215	-5.09267	-5.09185	-5.09267	0	1	1
216	-4.49942	-4.49829	-4.49942	0	1	1
217	-7.77849	-7.77718	-7.77849	0	1	1
218	-4.46416	-4.46329	-4.46416	0	1	1
219	-7.46835	-7.46887	-7.46835	0	1	1
220	-4.72805	-4.7274	-4.72805	0	1	1
221	-15.0909	-15.0932	-15.0909	0	1	1
222	-13.0596	-13.0622	-13.0596	0	1	1
223	-21.0514	-21.0572	-21.0514	0	1	1
224	-17.1712	-17.1735	-17.1712	0	1	1
225	-14.4585	-14.4579	-14.4585	0	1	1
226	-14.3307	-14.3324	-14.3307	0	1	1
227	-10.6519	-10.6516	-10.6519	0	1	1
228	-12.9498	-12.9526	-12.9498	0	1	1
229	-6.05376	-6.05149	-6.05376	0	1	1
230	-8.14883	-8.14837	-8.14883	0	1	1
231	-8.90598	-8.90672	-8.90598	0	1	1
232	-6.00149	-5.99948	-6.00149	0	1	1
233	-12.9434	-12.9431	-12.9434	0	1	1
234	-9.92565	-9.9251	-9.92565	0	1	1
235	-6.63778	-6.63636	-6.63778	0	1	1
236	-8.09621	-8.09735	-8.09621	0	1	1
237	-20.2122	-20.2139	-20.2122	0	1	1
238	-7.19491	-7.19399	-7.19491	0	1	1
239	-11.7061	-11.7043	-11.7061	0	1	1
240	-19.9111	-19.9166	-19.9111	0	1	1
241	-17.1051	-17.1068	-17.1051	0	1	1
242	-8.93905	-8.93781	-8.93905	0	1	1
243	-10.9831	-10.9847	-10.9831	0	1	1
244	-16.7095	-16.7104	-16.7095	0	1	1
245	-8.00655	-8.00762	-8.00655	0	1	1
246	-8.79866	-8.79978	-8.79866	0	1	1
247	-7.15483	-7.15527	-7.15483	0	1	1
248	-7.61208	-7.61283	-7.61208	0	1	1
249	-5.00436	-5.00387	-5.00436	0	1	1
250	-11.1749	-11.1766	-11.1749	0	1	1
251	-4.46416	-4.46329	-4.46416	0	1	1
252	-10.3333	-10.3332	-10.3333	0	1	1
253	-6.97916	-6.97787	-6.97916	0	1	1
254	-14.2978	-14.2995	-14.2978	0	1	1
255	-13.7568	-13.7594	-13.7568	0	1	1
256	-11.6175	-11.6172	-11.6175	0	1	1
257	-10.234	-10.2345	-10.234	0	1	1
258	-15.543	-15.5454	-15.543	0	1	1
259	-26.0744	-26.0789	-26.0744	0	1	1
260	-18.3242	-18.3248	-18.3242	0	1	1
261	-8.27998	-8.28059	-8.27998	0	1	1
262	-20.0672	-20.0731	-20.0672	0	1	1
263	-10.17	-10.1697	-10.17	0	1	1
264	-20.854	-20.8555	-20.854	0	1	1
265	-9.84456	-9.84481	-9.84456	0	1	1
266	-17.8856	-17.8886	-17.8856	0	1	1
267	-6.43921	-6.43769	-6.43921	0	1	1
268	-15.0152	-15.0165	-15.0152	0	1	1
269	-9.52105	-9.52219	-9.52105	0	1	1
270	-15.6124	-15.6129	-15.6124	0	1	1
271	-4.99119	-4.9906	-4.99119	0	1	1
272	-4.50261	-4.5016	-4.50261	0	1	1
273	-11.6154	-11.6145	-11.6154	0	1	1
274	-18.8273	-18.8287	-18.8273	0	1	1
276	-6.51737	-6.51527	-6.51737	0	1	1
277	-6.46753	-6.46533	-6.46753	0	1	1
278	-8.22192	-8.2196	-8.22192	0	1	1
279	-4.50261	-4.5016	-4.50261	0	1	1
280	-5.02485	-5.02394	-5.02485	0	1	1
281	-6.53975	-6.53731	-6.53975	0	1	1
284	-19.3278	-19.3295	-19.3278	0	1	1
301	-13.3022	-13.3032	-13.3022	0	1	1
302	-16.9852	-16.9879	-16.9852	0	1	1
303	-10.5182	-10.5159	-10.5182	0	1	1
304	-13.3731	-13.3751	-13.3731	0	1	1
306	-6.48478	-6.48238	-6.48478	0	1	1
307	-15.0655	-15.0669	-15.0655	0	1	1
310	-17.739	-17.7422	-17.739	0	1	1
311	-12.7652	-12.767	-12.7652	0	1	1
312	-25.8752	-25.8804	-25.8752	0	1	1
313	-14.0211	-14.0224	-14.0211	0	1	1
314	-4.77876	-4.77815	-4.77876	0	1	1
315	-12.933	-12.935	-12.933	0	1	1
316	-11.0331	-11.0338	-11.0331	0	1	1
317	-6.3469	-6.34498	-6.3469	0	1	1
318	-10.9604	-10.9611	-10.9604	0	1	1
321	-11.4688	-11.4701	-11.4688	0	1	1
322	-18.4721	-18.4754	-18.4721	0	1	1
323	-12.912	-12.9127	-12.912	0	1	1
324	-11.8525	-11.8523	-11.8525	0	1	1
325	-8.54674	-8.54594	-8.54674	0	1	1
326	-7.12981	-7.12747	-7.12981	0	1	1
338	-7.90354	-7.90282	-7.90354	0	1	1
339	-9.8629	-9.86382	-9.8629	0	1	1
340	-9.18177	-9.18187	-9.18177	0	1	1
341	-9.64565	-9.64515	-9.64565	0	1	1
342	-10.8887	-10.8899	-10.8887	0	1	1
343	-10.8672	-10.8665	-10.8672	0	1	1
344	-19.3159	-19.3194	-19.3159	0	1	1
345	-7.4015	-7.40062	-7.4015	0	1	1
346	-9.94318	-9.94244	-9.94318	0	1	1
347	-9.253	-9.25341	-9.253	0	1	1
348	-8.9768	-8.97479	-8.9768	0	1	1
349	-10.7061	-10.7066	-10.7061	0	1	1
350	-4.51826	-4.5174	-4.51826	0	1	1
351	-9.5451	-9.54597	-9.5451	0	1	1
352	-15.0592	-15.0622	-15.0592	0	1	1
353	-18.429	-18.4312	-18.429	0	1	1
354	-12.0704	-12.0706	-12.0704	0	1	1
355	-10.755	-10.756	-10.755	0	1	1
361	-13.9051	-13.9026	-13.9051	0	1	1
362	-7.39501	-7.39302	-7.39501	0	1	1
363	-8.53429	-8.53454	-8.53429	0	1	1
364	-14.941	-14.9437	-14.941	0	1	1
365	-14.7727	-14.7741	-14.7727	0	1	1
367	-6.31007	-6.30732	-6.31007	0	1	1
368	-11.8882	-11.8896	-11.8882	0	1	1
369	-9.96058	-9.95999	-9.96058	0	1	1
372	-12.2802	-12.2799	-12.2802	0	1	1
373	-11.033	-11.034	-11.033	0	1	1
374	-16.0771	-16.0811	-16.0771	0	1	1
375	-20.5668	-20.5684	-20.5668	0	1	1
376	-20.3635	-20.3678	-20.3635	0	1	1
377	-16.7858	-16.7844	-16.7858	0	1	1
378	-11.5377	-11.5366	-11.5377	0	1	1
379	-6.75885	-6.75679	-6.75885	0	1	1
384	-8.69214	-8.68983	-8.69214	0	1	1
385	-11.9189	-11.9199	-11.9189	0	1	1
386	-19.2048	-19.2065	-19.2048	0	1	1
387	-8.78503	-8.78526	-8.78503	0	1	1
388	-16.6932	-16.6927	-16.6932	0	1	1
389	-12.2361	-12.2381	-12.2361	0	1	1
390	-9.49658	-9.49724	-9.49658	0	1	1
391	-22.3625	-22.3649	-22.3625	0	1	1
392	-11.7872	-11.7872	-11.7872	0	1	1
393	-12.7543	-12.7557	-12.7543	0	1	1
394	-13.3023	-13.3028	-13.3023	0	1	1
395	-8.2923	-8.29305	-8.2923	0	1	1
396	-13.7922	-13.7947	-13.7922	0	1	1
397	-15.7405	-15.7449	-15.7405	0	1	1
398	-8.39135	-8.38997	-8.39135	0	1	1
399	-7.52253	-7.52313	-7.52253	0	1	1
400	-16.1445	-16.1449	-16.1445	0	1	1
401	-13.023	-13.0259	-13.023	0	1	1
402	-8.94841	-8.94797	-8.94841	0	1	1
403	-18.2412	-18.2424	-18.2412	0	1	1
404	-7.12874	-7.12809	-7.12874	0	1	1
405	-14.2388	-14.2382	-14.2388	0	1	1
406	-6.3689	-6.36668	-6.3689	0	1	1
443	-14.6332	-14.6332	-14.6332	0	1	1
444	-17.4196	-17.4226	-17.4196	0	1	1
445	-8.38426	-8.38339	-8.38426	0	1	1
446	-13.4814	-13.4839	-13.4814	0	1	1
447	-8.38493	-8.38461	-8.38493	0	1	1
448	-10.4465	-10.4444	-10.4465	0	1	1
449	-7.4015	-7.40062	-7.4015	0	1	1
450	-10.0029	-10.0037	-10.0029	0	1	1
451	-15.3305	-15.3323	-15.3305	0	1	1
452	-16.4888	-16.4897	-16.4888	0	1	1
453	-18.0256	-18.0286	-18.0256	0	1	1
454	-6.146	-6.1435	-6.146	0	1	1
455	-6.88193	-6.88061	-6.88193	0	1	1
456	-6.146	-6.1435	-6.146	0	1	1
457	-11.094	-11.0936	-11.094	0	1	1
459	-12.3403	-12.3425	-12.3403	0	1	1
460	-12.2523	-12.2537	-12.2523	0	1	1
464	-9.7554	-9.75644	-9.7554	0	1	1
465	-9.08233	-9.08161	-9.08233	0	1	1
466	-14.4428	-14.4431	-14.4428	0	1	1
467	-17.0909	-17.0938	-17.0909	0	1	1
468	-11.8168	-11.8181	-11.8168	0	1	1
469	-21.3289	-21.3298	-21.3289	0	1	1
470	-21.6979	-21.7012	-21.6979	0	1	1
471	-15.6832	-15.6822	-15.6832	0	1	1
472	-9.29821	-9.29777	-9.29821	0	1	1
473	-7.68401	-7.68319	-7.68401	0	1	1
474	-9.60037	-9.60086	-9.60037	0	1	1
475	-9.59786	-9.59856	-9.59786	0	1	1
476	-7.211	-7.2089	-7.211	0	1	1
477	-7.32262	-7.32145	-7.32262	0	1	1
478	-7.00214	-6.99966	-7.00214	0	1	1
479	-13.4337	-13.4349	-13.4337	0	1	1
480	-11.6321	-11.633	-11.6321	0	1	1
481	-11.1634	-11.1613	-11.1634	0	1	1
