
Analysis Description
--------------------
MEME (Mixed Effects Model of Evolution) estimates a site-wise synonymous
(&alpha;) and a two-category mixture of non-synonymous (&beta;-, with
proportion p-, and &beta;+ with proportion [1-p-]) rates, and uses a
likelihood ratio test to determine if &beta;+ > &alpha; at a site. The
estimates aggregate information over a proportion of branches at a site,
so the signal is derived from episodic diversification, which is a
combination of strength of selection [effect size] and the proportion of
the tree affected. A subset of branches can be selected for testing as
well, in which case an additional (nuisance) parameter will be inferred
-- the non-synonymous rate on branches NOT selected for testing.
Multiple partitions within a NEXUS file are also supported for
recombination - aware analysis. 

- __Requirements__: in-frame codon alignment and a phylogenetic tree

- __Citation__: Detecting Individual Sites Subject to Episodic Diversifying Selection.
_PLoS Genet_ 8(7): e1002764.

- __Written by__: Sergei L. Kosakovsky Pond, Steven Weaver

- __Contact Information__: spond@temple.edu

- __Analysis Version__: 2.1.1


>code –> Universal

>Loaded a multiple sequence alignment with **9** sequences, **470** codons, and **1** partitions from `/home/imelonie/DGINN/Sequences/NFILZ_ENSG_results_202207260705/NFILZ_sequences_filtered_longestORFs_mafft_mincov_prank.best.prepaired.fas`

>branches –> All

>Select the p-value threshold to use when testing for selection (permissible range = [0,1], default value = 0.1): 
>pvalue –> 0.1


### Branches to include in the MEME analysis
Selected 15 branches to include in the MEME analysis: `calJac_NFILZ_XM_035286919, saiBolBol_NFILZ_XM_039465724, lemCat_NFILZ_XM_045548187, panPan_NFILZ_XM_034944102, homSap_NFILZ_ENSG00000268480, Node6, chlSab_NFILZ_XM_037992418, macFas_NFILZ_XM_045379968, Node10, rhiRox_LOC115899017_XM_030934992, traFra_NFILZ_XM_033197231, Node13, Node9, Node5, Node3`


### Obtaining branch lengths and nucleotide substitution biases under the nucleotide GTR model
* Log(L) = -2372.79, AIC-c =  4791.67 (23 estimated parameters)

### Obtaining the global omega estimate based on relative GTR branch lengths and nucleotide substitution biases
* Log(L) = -2340.60, AIC-c =  4741.65 (30 estimated parameters)
* non-synonymous/synonymous rate ratio for *test* =   0.5167

### Improving branch lengths, nucleotide substitution biases, and global dN/dS ratios under a full codon model
* Log(L) = -2340.24
* non-synonymous/synonymous rate ratio for *test* =   0.5035

### For partition 1 these sites are significant at p <=0.1

|   Codon    | Partition  |   alpha    |   beta+    |     p+     |    LRT     |Episodic selection detected?| # branches |
|:----------:|:----------:|:----------:|:----------:|:----------:|:----------:|:--------------------------:|:----------:|
|    190     |     1      |    0.000   |  115.283   |    0.084   |    3.472   |      Yes, p =  0.0833      |     1      |
|    324     |     1      |    0.000   |   55.066   |    0.260   |    6.722   |      Yes, p =  0.0156      |     0      |
|    432     |     1      |    0.000   |  196.040   |    0.078   |    3.677   |      Yes, p =  0.0749      |     1      |
|    470     |     1      |    0.000   |   56.050   |    0.203   |    5.909   |      Yes, p =  0.0236      |     0      |

### ** Found _4_ sites under episodic diversifying positive selection at p <= 0.1**
