Sites	Ll	Ll_YN98.omega_1=0.00869127	Ll_YN98.omega_1=0.196776	Ll_YN98.omega_1=0.850656	Ll_YN98.omega_1=0.999247	Pr_YN98.omega_1=0.00869127	Pr_YN98.omega_1=0.196776	Pr_YN98.omega_1=0.850656	Pr_YN98.omega_1=0.999247	mean
1	-8.59683	-12.0808	-9.19256	-8.44242	-8.42694	0.0104584	0.187853	0.397741	0.403947	0.77904
2	-7.19236	-10.222	-7.43823	-6.98663	-7.02831	0.0149313	0.241586	0.379488	0.363995	0.734203
3	-6.76172	-6.0219	-6.33416	-7.28103	-7.47109	0.444356	0.325174	0.126153	0.104317	0.2794
4	-4.79143	-4.49497	-4.61182	-4.99441	-5.07675	0.327279	0.291187	0.198616	0.182918	0.411877
5	-4.79143	-4.49497	-4.61182	-4.99441	-5.07675	0.327279	0.291187	0.198616	0.182918	0.411877
6	-9.1743	-8.69456	-8.89023	-9.50935	-9.63837	0.376767	0.30981	0.166806	0.146616	0.352638
7	-4.16358	-3.69049	-3.88411	-4.49162	-4.61775	0.374753	0.308783	0.168197	0.148266	0.355251
8	-7.22319	-6.66789	-6.90237	-7.62183	-7.76782	0.39855	0.315246	0.15353	0.132674	0.328672
9	-4.48523	-4.04713	-4.22458	-4.78875	-4.90701	0.365369	0.305961	0.174041	0.15463	0.365943
10	-9.32545	-8.84923	-9.04395	-9.65748	-9.78493	0.375798	0.309305	0.167468	0.147429	0.353906
11	-9.21437	-12.497	-9.70556	-9.221	-9.25469	0.0144158	0.235047	0.38159	0.368947	0.739648
12	-13.5453	-13.1629	-13.3147	-13.8134	-13.9198	0.35087	0.301458	0.183076	0.164596	0.382576
13	-6.35499	-5.76081	-6.00615	-6.7688	-6.9253	0.406593	0.318131	0.148386	0.12689	0.319154
14	-20.5189	-32.4417	-23.3232	-19.7297	-19.4194	1.26068e-06	0.0115004	0.418179	0.570319	0.927879
15	-6.72909	-6.26997	-6.45749	-7.05438	-7.17936	0.372	0.308393	0.169777	0.149831	0.358057
16	-5.87034	-5.50995	-5.65903	-6.1327	-6.23171	0.346756	0.298732	0.186024	0.168488	0.388401
17	-9.66742	-12.9673	-10.1677	-9.66726	-9.69873	0.0141185	0.232097	0.382822	0.370962	0.742127
18	-4.57065	-4.07997	-4.28062	-4.9116	-5.04282	0.379457	0.310472	0.165193	0.144878	0.349683
19	-8.4241	-11.9434	-9.03628	-8.24103	-8.21866	0.00987132	0.180677	0.400199	0.409252	0.785015
20	-15.9978	-20.5685	-17.3104	-15.7993	-15.6686	0.00358287	0.0931538	0.422158	0.481105	0.858216
21	-13.4752	-16.3774	-13.632	-13.318	-13.3889	0.0173188	0.269669	0.369146	0.343867	0.710839
22	-7.65128	-11.1631	-8.2155	-7.30897	-7.26648	0.00858465	0.163629	0.4051	0.422687	0.799242
23	-4.888	-4.59046	-4.7081	-5.09171	-5.17395	0.327575	0.291219	0.198436	0.18277	0.411585
24	-16.0285	-23.6352	-17.6008	-15.3331	-15.1506	0.000107631	0.0449455	0.434039	0.520908	0.898579
25	-4.4947	-4.13455	-4.27883	-4.74242	-4.84059	0.344381	0.298114	0.187519	0.169986	0.391027
26	-9.61203	-17.291	-11.3429	-9.34203	-9.21318	0.000155303	0.0594849	0.439929	0.500431	0.885989
27	-22.3695	-29.6464	-23.6728	-21.6107	-21.4731	0.000142283	0.0559066	0.439543	0.504408	0.88893
28	-5.85851	-5.11043	-5.43179	-6.38652	-6.57709	0.44743	0.324461	0.124889	0.10322	0.277115
29	-5.69046	-5.24696	-5.42742	-5.99742	-6.11649	0.366813	0.306248	0.17319	0.153749	0.364409
30	-5.53659	-5.09626	-5.27413	-5.84163	-5.96104	0.365932	0.306302	0.173655	0.15411	0.365168
31	-5.39483	-4.65626	-4.97215	-5.91633	-6.1055	0.444935	0.32442	0.126198	0.104447	0.279425
32	-5.24165	-4.63149	-4.88435	-5.67034	-5.83185	0.411267	0.319378	0.14553	0.123826	0.313949
33	-14.8848	-18.2444	-15.4246	-14.8897	-14.918	0.013468	0.225916	0.385681	0.374935	0.747306
34	-5.06604	-4.78178	-4.89345	-5.26052	-5.33977	0.324016	0.28978	0.20075	0.185454	0.415922
35	-12.9841	-16.5135	-13.6164	-12.8563	-12.8417	0.0102887	0.186436	0.398708	0.404567	0.780201
36	-10.6149	-14.2002	-11.2703	-10.4047	-10.3681	0.00905908	0.169645	0.403126	0.41817	0.794237
37	-11.0067	-14.452	-11.5936	-10.9338	-10.9364	0.0116553	0.203201	0.393077	0.392067	0.766231
38	-8.41843	-7.90967	-8.11498	-8.76998	-8.90728	0.383703	0.312485	0.162318	0.141494	0.344288
39	-4.64201	-4.3725	-4.47847	-4.82613	-4.90102	0.320077	0.287893	0.203351	0.188678	0.42095
40	-14.748	-18.2142	-15.286	-14.4524	-14.4271	0.00935888	0.174957	0.402689	0.412995	0.789742
41	-6.82217	-10.072	-7.21176	-6.55687	-6.56225	0.0116918	0.204215	0.393101	0.390992	0.765377
42	-4.54676	-4.07705	-4.26781	-4.87287	-4.99954	0.373822	0.3089	0.168673	0.148604	0.356008
43	-4.91312	-4.41411	-4.61697	-5.26069	-5.39541	0.381667	0.311588	0.163689	0.143056	0.346822
44	-5.3255	-4.58699	-4.90418	-5.84626	-6.0342	0.444982	0.324033	0.126313	0.104671	0.279671
45	-7.87219	-11.1816	-8.30243	-7.59466	-7.59025	0.0109647	0.195158	0.396063	0.397814	0.772925
46	-5.14701	-4.44811	-4.74496	-5.63933	-5.81937	0.434633	0.323	0.132063	0.110304	0.289897
47	-10.5589	-14.0846	-11.188	-10.432	-10.4186	0.010333	0.187142	0.398579	0.403946	0.77961
48	-5.06604	-4.78178	-4.89345	-5.26052	-5.33977	0.324016	0.28978	0.20075	0.185454	0.415922
49	-12.3771	-15.7652	-12.9302	-12.3395	-12.3557	0.0126539	0.215506	0.389037	0.382803	0.755968
50	-7.4743	-10.6329	-7.8032	-7.22977	-7.24969	0.0129096	0.21869	0.388027	0.380374	0.75331
51	-10.5075	-13.9459	-11.0877	-10.4337	-10.4382	0.0117201	0.20429	0.392886	0.391104	0.765321
52	-13.0261	-12.5948	-12.7689	-13.3362	-13.4571	0.365118	0.306786	0.173954	0.154142	0.365542
53	-9.36816	-12.7475	-9.91102	-9.31075	-9.32431	0.0125298	0.213706	0.389505	0.384259	0.757465
54	-10.5218	-13.7569	-10.8968	-10.2636	-10.2767	0.0119294	0.208335	0.392429	0.387307	0.761936
55	-5.69046	-5.24696	-5.42742	-5.99742	-6.11649	0.366813	0.306248	0.17319	0.153749	0.364409
56	-16.8528	-20.6019	-17.6102	-16.5613	-16.4884	0.00719708	0.143368	0.409239	0.440195	0.81626
57	-5.39012	-4.74592	-5.01755	-5.84193	-6.00872	0.420309	0.320334	0.140468	0.118889	0.304976
58	-4.54676	-4.07705	-4.26781	-4.87287	-4.99954	0.373822	0.3089	0.168673	0.148604	0.356008
59	-7.22319	-6.66789	-6.90237	-7.62183	-7.76782	0.39855	0.315246	0.15353	0.132674	0.328672
60	-4.16358	-3.69049	-3.88411	-4.49162	-4.61775	0.374753	0.308783	0.168197	0.148266	0.355251
61	-10.0983	-13.3966	-10.6068	-10.1351	-10.1719	0.0145959	0.237586	0.380782	0.367036	0.737552
62	-15.5817	-19.0738	-16.1896	-15.4831	-15.4818	0.0109337	0.195609	0.396473	0.396984	0.772533
63	-5.05697	-4.47972	-4.72057	-5.46005	-5.61124	0.402628	0.316448	0.15106	0.129865	0.324035
64	-4.79143	-4.49497	-4.61182	-4.99441	-5.07675	0.327279	0.291187	0.198616	0.182918	0.411877
65	-4.48523	-4.04713	-4.22458	-4.78875	-4.90701	0.365369	0.305961	0.174041	0.15463	0.365943
66	-4.78136	-4.56173	-4.64756	-4.93076	-4.99209	0.306803	0.281567	0.212124	0.199506	0.437873
67	-7.83798	-7.46752	-7.61818	-8.10186	-8.20388	0.34852	0.299775	0.184815	0.16689	0.385996
68	-10.8935	-14.2659	-11.4365	-10.8768	-10.9007	0.0130697	0.221336	0.387378	0.378216	0.751124
69	-7.07806	-10.4318	-7.53622	-6.78397	-6.77155	0.0103783	0.187782	0.398431	0.403408	0.779073
70	-12.1375	-15.4307	-12.5468	-11.8533	-11.857	0.0110725	0.198025	0.396177	0.394726	0.770501
71	-16.1669	-27.568	-18.4413	-14.8044	-14.4819	1.18955e-06	0.0109408	0.415478	0.57358	0.92873
72	-4.88966	-4.21867	-4.50265	-5.36126	-5.53451	0.427346	0.321698	0.136321	0.114636	0.297528
73	-15.9054	-23.237	-17.2429	-15.1128	-14.9606	0.000129744	0.0520359	0.437913	0.509921	0.892291
74	-6.39164	-5.88778	-6.09637	-6.74942	-6.8843	0.38412	0.311801	0.162277	0.141802	0.344431
75	-8.15816	-7.89083	-7.99582	-8.34133	-8.41591	0.319576	0.287725	0.203667	0.189031	0.421535
76	-5.05697	-4.47972	-4.72057	-5.46005	-5.61124	0.402628	0.316448	0.15106	0.129865	0.324035
77	-7.83798	-7.46752	-7.61818	-8.10186	-8.20388	0.34852	0.299775	0.184815	0.16689	0.385996
78	-6.64953	-6.38143	-6.48917	-6.83944	-6.91419	0.320782	0.288017	0.202908	0.188293	0.420219
79	-8.32755	-11.5412	-8.69535	-8.07981	-8.0925	0.0122639	0.211146	0.390758	0.385832	0.759597
80	-9.80365	-13.3405	-10.4316	-9.64056	-9.62076	0.00989709	0.181491	0.400303	0.408309	0.784321
81	-5.06604	-4.78178	-4.89345	-5.26052	-5.33977	0.324016	0.28978	0.20075	0.185454	0.415922
82	-4.79143	-4.49497	-4.61182	-4.99441	-5.07675	0.327279	0.291187	0.198616	0.182918	0.411877
83	-13.4709	-13.0663	-13.228	-13.754	-13.8663	0.356786	0.303532	0.179366	0.160316	0.375603
84	-9.48442	-13.0054	-10.1118	-9.35486	-9.33956	0.0103471	0.186848	0.398332	0.404473	0.779869
85	-5.2382	-4.83173	-4.99646	-5.51865	-5.62804	0.356858	0.302659	0.179544	0.160939	0.376206
86	-9.29805	-12.8965	-9.95806	-9.07038	-9.03001	0.00880715	0.166334	0.404106	0.420753	0.796998
87	-7.19343	-6.49255	-6.79309	-7.69928	-7.8805	0.436837	0.323444	0.130691	0.109029	0.287562
88	-4.16358	-3.69049	-3.88411	-4.49162	-4.61775	0.374753	0.308783	0.168197	0.148266	0.355251
89	-5.24165	-4.63149	-4.88435	-5.67034	-5.83185	0.411267	0.319378	0.14553	0.123826	0.313949
90	-8.3638	-7.74877	-8.00804	-8.80187	-8.96072	0.413551	0.3191	0.14427	0.123079	0.312096
91	-4.79143	-4.49497	-4.61182	-4.99441	-5.07675	0.327279	0.291187	0.198616	0.182918	0.411877
92	-7.65128	-11.1631	-8.2155	-7.30897	-7.26648	0.00858465	0.163629	0.4051	0.422687	0.799242
93	-12.7197	-16.2909	-13.3756	-12.5635	-12.539	0.00964982	0.178079	0.401145	0.411126	0.787179
94	-13.5082	-16.5386	-13.7493	-13.3078	-13.3549	0.0149916	0.243904	0.379272	0.361832	0.732314
95	-10.3446	-9.83867	-10.0443	-10.7014	-10.8394	0.384056	0.312679	0.162077	0.141188	0.343819
96	-9.47557	-8.86465	-9.12125	-9.90743	-10.0668	0.412085	0.31882	0.145249	0.123845	0.313627
97	-4.88966	-4.21867	-4.50265	-5.36126	-5.53451	0.427346	0.321698	0.136321	0.114636	0.297528
98	-7.41836	-10.9385	-7.98797	-7.07189	-7.02734	0.00848515	0.162203	0.405423	0.42389	0.800437
99	-11.2534	-14.7265	-11.8563	-11.1748	-11.1754	0.011317	0.199639	0.394636	0.394408	0.769193
100	-4.64201	-4.3725	-4.47847	-4.82613	-4.90102	0.320077	0.287893	0.203351	0.188678	0.42095
101	-12.9499	-12.2656	-12.5563	-13.4532	-13.6355	0.433508	0.324126	0.132197	0.110169	0.290088
102	-7.52306	-6.69671	-7.05156	-8.10483	-8.31294	0.466301	0.32701	0.114059	0.0926295	0.257985
103	-5.66245	-5.08059	-5.32338	-6.06917	-6.22172	0.403878	0.316816	0.150284	0.129022	0.322617
104	-11.7352	-15.343	-12.411	-11.5461	-11.5108	0.00905	0.169831	0.403321	0.417798	0.794068
105	-5.39012	-4.74592	-5.01755	-5.84193	-6.00872	0.420309	0.320334	0.140468	0.118889	0.304976
106	-14.5796	-22.0242	-16.0533	-13.9632	-13.8133	0.000138071	0.0541033	0.437507	0.508252	0.890684
107	-4.79143	-4.49497	-4.61182	-4.99441	-5.07675	0.327279	0.291187	0.198616	0.182918	0.411877
108	-11.2029	-19.1153	-13.1098	-10.9368	-10.7742	0.000122513	0.0496932	0.436573	0.513611	0.894377
109	-4.95821	-4.52419	-4.70014	-5.25843	-5.37537	0.364239	0.305473	0.174789	0.155498	0.367342
110	-4.16358	-3.69049	-3.88411	-4.49162	-4.61775	0.374753	0.308783	0.168197	0.148266	0.355251
111	-4.87929	-4.50791	-4.65652	-5.13509	-5.2366	0.347397	0.299425	0.185544	0.167634	0.387281
112	-4.79143	-4.49497	-4.61182	-4.99441	-5.07675	0.327279	0.291187	0.198616	0.182918	0.411877
113	-4.16358	-3.69049	-3.88411	-4.49162	-4.61775	0.374753	0.308783	0.168197	0.148266	0.355251
114	-5.14701	-4.44811	-4.74496	-5.63933	-5.81937	0.434633	0.323	0.132063	0.110304	0.289897
115	-6.2574	-5.79333	-5.98255	-6.57916	-6.70363	0.372336	0.308146	0.169689	0.14983	0.357935
116	-8.62537	-8.2805	-8.41726	-8.86418	-8.95999	0.340496	0.296972	0.189943	0.172589	0.395431
117	-9.47363	-12.8335	-10.0114	-9.4478	-9.46767	0.0131051	0.220327	0.387093	0.379475	0.751941
118	-7.41863	-6.79051	-7.04969	-7.85838	-8.02458	0.415536	0.320663	0.142836	0.120965	0.309089
119	-11.5654	-10.8986	-11.1826	-12.0546	-12.2309	0.428938	0.322877	0.135007	0.113178	0.295199
120	-4.57065	-4.07997	-4.28062	-4.9116	-5.04282	0.379457	0.310472	0.165193	0.144878	0.349683
121	-10.6785	-14.6414	-11.5551	-10.2356	-10.1115	0.00506138	0.110829	0.414677	0.469433	0.843679
122	-4.44059	-3.90369	-4.12612	-4.81446	-4.95588	0.391857	0.313708	0.15761	0.136826	0.33593
123	-16.4049	-20.0048	-17.0786	-16.2296	-16.1966	0.00923092	0.172224	0.402517	0.416028	0.792088
124	-13.6833	-20.9651	-15.009	-13.0017	-12.873	0.000153161	0.0591339	0.440128	0.500585	0.886243
125	-10.4378	-9.66	-9.98805	-10.9921	-11.1944	0.454583	0.327445	0.119972	0.0980004	0.268366
126	-8.53765	-8.32987	-8.409	-8.67632	-8.73541	0.303238	0.280169	0.214448	0.202144	0.44218
127	-4.11418	-3.89841	-3.98092	-4.25685	-4.31731	0.305126	0.28096	0.213212	0.200702	0.439859
128	-23.2435	-35.7362	-26.2882	-21.8344	-21.3671	3.51811e-07	0.00446225	0.383521	0.612017	0.938678
129	-7.3753	-6.93613	-7.10739	-7.66448	-7.78335	0.363119	0.305966	0.17528	0.155635	0.367984
130	-4.29865	-4.04333	-4.14135	-4.46737	-4.53843	0.315405	0.285954	0.2064	0.192242	0.426682
131	-5.39012	-4.74592	-5.01755	-5.84193	-6.00872	0.420309	0.320334	0.140468	0.118889	0.304976
132	-5.25428	-4.75088	-4.95837	-5.60414	-5.73765	0.382932	0.311179	0.163139	0.142749	0.345978
133	-8.73115	-8.00848	-8.31899	-9.25582	-9.44324	0.44277	0.324582	0.127193	0.105455	0.281292
134	-7.55532	-10.9387	-8.03026	-7.2405	-7.22088	0.0099129	0.181688	0.400233	0.408166	0.784157
135	-23.2847	-34.4917	-25.4347	-22.0089	-21.7281	1.60863e-06	0.0137996	0.424329	0.56187	0.92512
136	-15.364	-18.7811	-15.8731	-15.089	-15.0713	0.00997031	0.182659	0.400106	0.407265	0.78334
137	-18.8025	-30.5353	-21.4495	-17.9371	-17.6393	1.42137e-06	0.0125493	0.420737	0.566713	0.926657
