Sites	Ll	Ll_YN98.omega_1=0.002	Ll_YN98.omega_1=1	Pr_YN98.omega_1=0.002	Pr_YN98.omega_1=1	mean
1	-8.57562	-13.54	-8.41363	0.00530828	0.994692	0.994702
2	-7.26633	-11.6789	-7.01517	0.00840402	0.991596	0.991613
3	-6.75077	-6.01351	-7.45849	0.792184	0.207816	0.209401
4	-4.78892	-4.48598	-5.07032	0.617156	0.382844	0.384078
5	-4.78892	-4.48598	-5.07032	0.617156	0.382844	0.384078
6	-9.16815	-8.68652	-9.62612	0.696938	0.303062	0.304456
7	-4.1591	-3.67885	-4.61303	0.695792	0.304208	0.3056
8	-7.21163	-6.65865	-7.75538	0.729065	0.270935	0.272393
9	-4.48289	-4.04065	-4.89993	0.679711	0.320289	0.321648
10	-9.31824	-8.83989	-9.77232	0.695421	0.304579	0.30597
11	-9.18366	-13.9537	-9.24161	0.00801062	0.991989	0.992005
12	-13.5889	-13.2101	-13.9481	0.652753	0.347247	0.348552
13	-6.34736	-5.75216	-6.91236	0.741419	0.258581	0.260064
14	-20.4236	-36.9357	-19.4682	2.33125e-08	1	1
15	-6.72385	-6.26439	-7.16774	0.689227	0.310773	0.312152
16	-5.8661	-5.50756	-6.22304	0.647629	0.352371	0.353667
17	-9.63795	-14.4272	-9.68524	0.00777714	0.992223	0.992238
18	-4.5662	-4.06839	-5.03795	0.703228	0.296772	0.298178
19	-8.40787	-13.4072	-8.20583	0.0049266	0.995073	0.995083
20	-15.9298	-22.1103	-15.6996	0.00147525	0.998525	0.998528
21	-13.5892	-17.8773	-13.3898	0.0100076	0.989992	0.990012
22	-7.67619	-12.627	-7.25433	0.00415388	0.995846	0.995854
23	-4.88515	-4.58067	-5.16794	0.617849	0.382151	0.383386
24	-16.0263	-26.6147	-15.1671	9.59371e-06	0.99999	0.99999
25	-4.49171	-4.12416	-4.83527	0.646633	0.353367	0.354661
26	-9.48599	-20.2393	-9.20089	1.44439e-05	0.999986	0.999986
27	-22.449	-32.6372	-21.4933	1.29976e-05	0.999987	0.999987
28	-5.84779	-5.09478	-6.57883	0.798542	0.201458	0.203055
29	-5.68716	-5.23548	-6.11307	0.683682	0.316318	0.317685
30	-5.53362	-5.08584	-5.95608	0.682091	0.317909	0.319273
31	-5.38464	-4.64102	-6.10654	0.795546	0.204454	0.206045
32	-5.23629	-4.6222	-5.82647	0.749778	0.250222	0.251721
33	-14.8671	-19.7303	-14.9138	0.00722229	0.992778	0.992792
34	-5.06426	-4.77405	-5.33353	0.611268	0.388732	0.389955
35	-12.9626	-17.9864	-12.8352	0.00517892	0.994821	0.994831
36	-10.598	-15.666	-10.3606	0.00444164	0.995558	0.995567
37	-10.9798	-15.9187	-10.9286	0.00607809	0.993922	0.993934
38	-8.42407	-7.91416	-8.90268	0.70717	0.29283	0.294244
39	-4.63917	-4.36334	-4.89459	0.604539	0.395461	0.39667
40	-14.8184	-19.7363	-14.4563	0.00455575	0.995444	0.995453
41	-6.87235	-11.5329	-6.54847	0.0061125	0.993888	0.9939
42	-4.54319	-4.0666	-4.99415	0.694387	0.305613	0.307002
43	-4.90982	-4.4046	-5.38975	0.706471	0.293529	0.294942
44	-5.31499	-4.57146	-6.0359	0.795369	0.204631	0.206222
45	-7.91548	-12.6436	-7.57734	0.00563503	0.994365	0.994376
46	-5.13797	-4.43372	-5.81902	0.782188	0.217812	0.219376
47	-10.5321	-15.5511	-10.4066	0.00521319	0.994787	0.994797
48	-5.06426	-4.77405	-5.33353	0.611268	0.388732	0.389955
49	-12.3505	-17.231	-12.348	0.00676088	0.993239	0.993253
50	-7.53529	-12.0919	-7.23602	0.00694506	0.993055	0.993069
51	-10.4769	-15.407	-10.4248	0.00612642	0.993874	0.993886
52	-13.0474	-12.6199	-13.4659	0.676817	0.323183	0.324537
53	-9.34026	-14.2064	-9.31075	0.00667657	0.993323	0.993337
54	-10.5874	-15.2407	-10.2693	0.00619276	0.993807	0.99382
55	-5.68716	-5.23548	-6.11307	0.683682	0.316318	0.317685
56	-16.8533	-22.0959	-16.501	0.00332904	0.996671	0.996678
57	-5.38248	-4.73293	-6.00676	0.762601	0.237399	0.238924
58	-4.54319	-4.0666	-4.99415	0.694387	0.305613	0.307002
59	-7.21163	-6.65865	-7.75538	0.729065	0.270935	0.272393
60	-4.1591	-3.67885	-4.61303	0.695792	0.304208	0.3056
61	-10.0619	-14.8583	-10.1589	0.00811175	0.991888	0.991904
62	-15.5863	-20.5787	-15.4917	0.00552012	0.99448	0.994491
63	-5.05059	-4.46545	-5.60953	0.738317	0.261683	0.263159
64	-4.78892	-4.48598	-5.07032	0.617156	0.382844	0.384078
65	-4.48289	-4.04065	-4.89993	0.679711	0.320289	0.321648
66	-4.77871	-4.55368	-4.98593	0.58064	0.41936	0.420521
67	-7.84131	-7.47117	-8.2006	0.650807	0.349193	0.350495
68	-10.8677	-15.7377	-10.8891	0.00699538	0.993005	0.993019
69	-7.11836	-11.8954	-6.75833	0.00525184	0.994748	0.994759
70	-12.2236	-16.941	-11.8705	0.00561104	0.994389	0.9944
71	-16.2142	-32.0102	-14.49	2.21144e-08	1	1
72	-4.88139	-4.20486	-5.53359	0.772397	0.227603	0.229148
73	-15.9717	-26.2146	-14.9721	1.17772e-05	0.999988	0.999988
74	-6.38308	-5.87912	-6.87183	0.708037	0.291963	0.293379
75	-8.15845	-7.8886	-8.40881	0.601894	0.398106	0.39931
76	-5.05059	-4.46545	-5.60953	0.738317	0.261683	0.263159
77	-7.84131	-7.47117	-8.2006	0.650807	0.349193	0.350495
78	-6.64914	-6.38045	-6.90802	0.603658	0.396342	0.397549
79	-8.37898	-13.0006	-8.07902	0.00650685	0.993493	0.993506
80	-9.78401	-14.8079	-9.6094	0.00494042	0.99506	0.995069
81	-5.06426	-4.77405	-5.33353	0.611268	0.388732	0.389955
82	-4.78892	-4.48598	-5.07032	0.617156	0.382844	0.384078
83	-13.4797	-13.0762	-13.8629	0.663707	0.336293	0.33762
84	-9.45531	-14.4685	-9.32644	0.00522557	0.994774	0.994785
85	-5.2349	-4.82018	-5.62429	0.667582	0.332418	0.333753
86	-9.2794	-14.3589	-9.01767	0.00428614	0.995714	0.995722
87	-7.17775	-6.48195	-7.86784	0.782289	0.217711	0.219276
88	-4.1591	-3.67885	-4.61303	0.695792	0.304208	0.3056
89	-5.23629	-4.6222	-5.82647	0.749778	0.250222	0.251721
90	-8.35783	-7.74516	-8.95377	0.750593	0.249407	0.250908
91	-4.78892	-4.48598	-5.07032	0.617156	0.382844	0.384078
92	-7.67619	-12.627	-7.25433	0.00415388	0.995846	0.995854
93	-12.7086	-17.7769	-12.5391	0.00475108	0.995249	0.995258
94	-13.5967	-18.0217	-13.3481	0.00832275	0.991677	0.991694
95	-10.3488	-9.84296	-10.8349	0.707869	0.292131	0.293547
96	-9.46501	-8.85561	-10.054	0.748671	0.251329	0.252827
97	-4.88139	-4.20486	-5.53359	0.772397	0.227603	0.229148
98	-7.44236	-12.4016	-7.01495	0.00409651	0.995903	0.995912
99	-11.2223	-16.1914	-11.1627	0.00584954	0.99415	0.994162
100	-4.63917	-4.36334	-4.89459	0.604539	0.395461	0.39667
101	-12.9486	-12.2757	-13.6274	0.776419	0.223581	0.225134
102	-7.50669	-6.68462	-8.30047	0.818914	0.181086	0.182724
103	-5.65727	-5.06716	-6.22168	0.74033	0.25967	0.26115
104	-11.7126	-16.8111	-11.5037	0.00443285	0.995567	0.995576
105	-5.38248	-4.73293	-6.00676	0.762601	0.237399	0.238924
106	-14.5503	-24.9675	-13.8008	1.27043e-05	0.999987	0.999987
107	-4.78892	-4.48598	-5.07032	0.617156	0.382844	0.384078
108	-11.0636	-22.0655	-10.7685	1.11516e-05	0.999989	0.999989
109	-4.95485	-4.51494	-5.36912	0.678598	0.321402	0.322759
110	-4.1591	-3.67885	-4.61303	0.695792	0.304208	0.3056
111	-4.87641	-4.49766	-5.231	0.651694	0.348306	0.349609
112	-4.78892	-4.48598	-5.07032	0.617156	0.382844	0.384078
113	-4.1591	-3.67885	-4.61303	0.695792	0.304208	0.3056
114	-5.13797	-4.43372	-5.81902	0.782188	0.217812	0.219376
115	-6.25423	-5.78189	-6.70068	0.692524	0.307476	0.308861
116	-8.62433	-8.27729	-8.95043	0.63791	0.36209	0.363366
117	-9.44068	-14.292	-9.45412	0.00707067	0.992929	0.992943
118	-7.41321	-6.78575	-8.01224	0.753923	0.246077	0.247585
119	-11.5631	-10.9079	-12.222	0.769801	0.230199	0.231739
120	-4.5662	-4.06839	-5.03795	0.703228	0.296772	0.298178
121	-10.6579	-16.1098	-10.104	0.00220997	0.99779	0.997794
122	-4.43506	-3.89079	-4.95276	0.722145	0.277855	0.279299
123	-16.4051	-21.5034	-16.2082	0.00448721	0.995513	0.995522
124	-13.7139	-23.9328	-12.872	1.41241e-05	0.999986	0.999986
125	-10.4359	-9.66845	-11.1829	0.803382	0.196618	0.198225
126	-8.5452	-8.33488	-8.73452	0.572683	0.427317	0.428462
127	-4.11338	-3.89174	-4.31102	0.57748	0.42252	0.423675
128	-23.2149	-40.2478	-21.44	6.10154e-09	1	1
129	-7.37872	-6.93383	-7.77381	0.675493	0.324507	0.325858
130	-4.30044	-4.03978	-4.53275	0.595351	0.404649	0.40584
131	-5.38248	-4.73293	-6.00676	0.762601	0.237399	0.238924
132	-5.25027	-4.7376	-5.73671	0.709358	0.290642	0.29206
133	-8.71807	-8.00383	-9.4306	0.789169	0.210831	0.212409
134	-7.59722	-12.4045	-7.2084	0.00495238	0.995048	0.995058
135	-23.3922	-38.9885	-21.7796	3.01912e-08	1	1
136	-15.4122	-20.2759	-15.0781	0.0049437	0.995056	0.995066
137	-18.7219	-35.001	-17.6649	2.65826e-08	1	1
