Sites	Ll	Ll_YN98.omega_1=0.00806646	Ll_YN98.omega_1=0.127927	Ll_YN98.omega_1=0.66306	Ll_YN98.omega_1=0.987672	Ll_YN98.omega_1=7.62412	Pr_YN98.omega_1=0.00806646	Pr_YN98.omega_1=0.127927	Pr_YN98.omega_1=0.66306	Pr_YN98.omega_1=0.987672	Pr_YN98.omega_1=7.62412	mean
1	-8.58016	-12.1579	-9.5335	-8.46455	-8.38342	-10.496	0.01011	0.139475	0.406198	0.440522	0.00369476	0.750519
2	-7.26408	-10.3032	-7.74202	-6.92354	-6.97409	-10.7326	0.0140309	0.181718	0.411961	0.391657	0.000633469	0.688173
3	-6.73587	-6.03853	-6.22545	-6.99166	-7.40882	-12.6511	0.404995	0.335946	0.156139	0.102882	3.77375e-05	0.251674
4	-4.7712	-4.47427	-4.54639	-4.85673	-5.03644	-7.88235	0.313984	0.292138	0.214195	0.178962	0.00072096	0.364181
5	-4.7712	-4.47427	-4.54639	-4.85673	-5.03644	-7.88235	0.313984	0.292138	0.214195	0.178962	0.00072096	0.364181
6	-9.15651	-8.69822	-8.81546	-9.30902	-9.58678	-13.4291	0.351599	0.312702	0.190888	0.144595	0.000215061	0.313862
7	-4.13713	-3.67044	-3.79055	-4.29304	-4.57431	-8.51901	0.353491	0.313486	0.189666	0.143164	0.000192214	0.31158
8	-7.19765	-6.67207	-6.81307	-7.3939	-7.71224	-11.6901	0.369249	0.320688	0.179403	0.13049	0.000169481	0.293132
9	-4.47059	-4.04606	-4.15352	-4.60755	-4.86458	-8.58279	0.343607	0.308599	0.195979	0.151559	0.000255211	0.323833
10	-9.30407	-8.84804	-8.96507	-9.45619	-9.73157	-13.5065	0.351137	0.312356	0.191144	0.145133	0.000230907	0.314635
11	-9.17027	-12.5767	-10.0113	-9.16865	-9.20208	-12.5388	0.0136058	0.176961	0.410983	0.39747	0.000980124	0.695297
12	-13.7016	-13.3571	-13.4433	-13.8141	-14.0266	-16.5092	0.326204	0.299274	0.20655	0.167004	0.000967567	0.350194
13	-6.33363	-5.76881	-5.91581	-6.52777	-6.86754	-11.3996	0.375236	0.32394	0.175667	0.125063	9.33245e-05	0.285179
14	-20.5468	-32.9947	-24.8378	-20.4836	-19.6265	-18.3236	9.2818e-07	0.00323688	0.25185	0.593443	0.151468	1.90835
15	-6.71685	-6.28154	-6.39326	-6.86539	-7.13228	-10.8577	0.34724	0.310535	0.193672	0.148305	0.000247929	0.31931
16	-5.86558	-5.52796	-5.61646	-5.98929	-6.19917	-9.0351	0.326914	0.299225	0.2061	0.167081	0.00067985	0.347777
17	-9.62472	-13.0566	-10.4849	-9.62208	-9.64733	-12.8954	0.0132569	0.17352	0.411196	0.400946	0.00108038	0.699193
18	-4.54441	-4.06148	-4.18563	-4.70632	-4.9986	-9.14383	0.35712	0.315425	0.187397	0.139904	0.000153706	0.306839
19	-8.41892	-12.0334	-9.39627	-8.28153	-8.18023	-10.2249	0.00951121	0.132901	0.405183	0.44838	0.00402506	0.759279
20	-15.6717	-20.8701	-17.9909	-16.1744	-15.7955	-15.8964	0.00335337	0.0596916	0.367113	0.53622	0.0336223	1.03703
21	-13.633	-16.608	-14.0605	-13.3062	-13.3944	-17.1776	0.0151872	0.194028	0.412506	0.377682	0.000595936	0.67603
22	-7.72835	-11.2483	-8.58697	-7.37963	-7.23258	-8.93189	0.00837781	0.119933	0.401127	0.464671	0.00589188	0.785244
23	-4.86546	-4.56647	-4.63951	-4.95286	-5.13357	-7.92123	0.314598	0.292439	0.213771	0.17843	0.000761927	0.363731
24	-16.0886	-23.9651	-18.5544	-15.7595	-15.244	-15.0678	9.50222e-05	0.021263	0.347911	0.582539	0.0481919	1.17619
25	-4.47092	-4.11143	-4.20108	-4.58201	-4.79917	-8.01859	0.328624	0.300444	0.205271	0.165202	0.000458095	0.343851
26	-9.64728	-17.5224	-12.1641	-9.58887	-9.19581	-10.5997	0.000138786	0.0294735	0.38711	0.573507	0.00977135	0.901383
27	-22.5261	-30.0152	-24.639	-21.9955	-21.5695	-22.6465	0.000124648	0.0269499	0.37896	0.580256	0.0137089	0.932344
28	-5.82275	-5.09179	-5.29283	-6.10345	-6.53946	-12.1001	0.413793	0.338432	0.150461	0.0972892	2.59557e-05	0.242685
29	-5.66491	-5.22389	-5.33649	-5.80961	-6.07587	-9.88336	0.347533	0.310521	0.193472	0.148246	0.000228309	0.31897
30	-5.5135	-5.07842	-5.18835	-5.65398	-5.91841	-9.81054	0.345946	0.309934	0.194558	0.14935	0.000211342	0.320564
31	-5.35967	-4.63876	-4.83587	-5.63469	-6.06654	-11.6569	0.411459	0.337847	0.151984	0.0986841	2.55571e-05	0.244976
32	-5.21848	-4.62998	-4.784	-5.42687	-5.78512	-10.7553	0.381222	0.326803	0.171827	0.12009	5.78245e-05	0.277864
33	-14.8457	-18.4195	-15.8302	-14.9084	-14.9086	-17.8761	0.0122845	0.163636	0.411363	0.41125	0.0014671	0.711156
34	-5.04913	-4.76507	-4.83366	-5.12964	-5.30159	-8.05921	0.310988	0.290372	0.215981	0.181859	0.000800257	0.368582
35	-12.9062	-16.6294	-13.9973	-12.9061	-12.8193	-15.1014	0.00982515	0.136596	0.406792	0.443646	0.00314093	0.749405
36	-10.5899	-14.2875	-11.6378	-10.4711	-10.341	-11.9707	0.00884594	0.125168	0.401972	0.457791	0.00622327	0.782209
37	-10.93	-14.5519	-11.9446	-10.9462	-10.9038	-13.4772	0.0111146	0.150734	0.409098	0.426795	0.00225817	0.729379
38	-8.43394	-7.95247	-8.07379	-8.58761	-8.87873	-12.903	0.355602	0.314974	0.188419	0.14083	0.000174618	0.30852
39	-4.62051	-4.34964	-4.41523	-4.69775	-4.86142	-7.40969	0.308146	0.288583	0.217557	0.184711	0.00100208	0.373731
40	-14.9761	-18.4964	-15.8416	-14.6656	-14.5386	-16.4894	0.00875781	0.124557	0.403751	0.458413	0.00452023	0.770941
41	-6.89998	-10.1576	-7.54903	-6.55182	-6.51451	-9.38523	0.0111424	0.151305	0.410144	0.425736	0.00167307	0.724639
42	-4.52358	-4.06194	-4.17944	-4.67531	-4.9557	-9.03716	0.352081	0.31305	0.190659	0.144041	0.000168671	0.312858
43	-4.89153	-4.40421	-4.52843	-5.05343	-5.35067	-9.70225	0.357898	0.31609	0.186984	0.138904	0.000124154	0.305443
44	-5.29007	-4.5681	-4.76664	-5.56678	-5.99678	-11.4556	0.411865	0.337698	0.151716	0.0986921	2.91508e-05	0.244818
45	-7.9513	-11.2677	-8.64774	-7.606	-7.54607	-10.21	0.0105049	0.144285	0.408926	0.434185	0.00209825	0.734515
46	-5.11343	-4.43138	-4.61613	-5.36922	-5.77854	-11.1006	0.402763	0.334822	0.157671	0.104709	3.54597e-05	0.254315
47	-10.4808	-14.1855	-11.5539	-10.4664	-10.3827	-12.7252	0.00987693	0.137245	0.407188	0.44274	0.00295079	0.747406
48	-5.04913	-4.76507	-4.83366	-5.12964	-5.30159	-8.05921	0.310988	0.290372	0.215981	0.181859	0.000800257	0.368582
49	-12.3107	-15.8637	-13.2707	-12.3305	-12.3198	-15.3245	0.0120013	0.160457	0.410849	0.415266	0.00142721	0.714069
50	-7.55026	-10.7163	-8.12672	-7.20119	-7.19903	-10.4213	0.0122359	0.163028	0.411355	0.412242	0.00113985	0.709557
51	-10.4304	-14.0314	-11.4242	-10.4293	-10.3911	-13.0878	0.0111705	0.151493	0.409691	0.425654	0.00199067	0.726704
52	-13.1049	-12.7088	-12.8092	-13.2392	-13.486	-16.8647	0.338558	0.306239	0.199196	0.155639	0.000368011	0.330512
53	-9.32326	-12.8295	-10.2361	-9.29065	-9.27504	-12.1702	0.011918	0.159404	0.410312	0.416768	0.00159826	0.716365
54	-10.6578	-13.9256	-11.312	-10.3031	-10.2653	-13.1665	0.0109767	0.14982	0.410874	0.426702	0.00162653	0.725532
55	-5.66491	-5.22389	-5.33649	-5.80961	-6.07587	-9.88336	0.347533	0.310521	0.193472	0.148246	0.000228309	0.31897
56	-16.8617	-20.7791	-18.0895	-16.7602	-16.5419	-16.8419	0.0069376	0.102163	0.386026	0.480201	0.0246723	0.931469
57	-5.35984	-4.73154	-4.89998	-5.58972	-5.96653	-10.9333	0.390642	0.330084	0.165606	0.113613	5.48902e-05	0.267815
58	-4.52358	-4.06194	-4.17944	-4.67531	-4.9557	-9.03716	0.352081	0.31305	0.190659	0.144041	0.000168671	0.312858
59	-7.19765	-6.67207	-6.81307	-7.3939	-7.71224	-11.6901	0.369249	0.320688	0.179403	0.13049	0.000169481	0.293132
60	-4.13713	-3.67044	-3.79055	-4.29304	-4.57431	-8.51901	0.353491	0.313486	0.189666	0.143164	0.000192214	0.31158
61	-10.0087	-13.4932	-10.9267	-10.0854	-10.1217	-13.444	0.0136212	0.177348	0.411355	0.396684	0.000992437	0.694911
62	-15.6152	-19.3041	-16.6749	-15.6008	-15.5268	-17.9517	0.0100598	0.139457	0.408231	0.439555	0.00269785	0.743308
63	-5.02597	-4.45618	-4.60693	-5.22816	-5.57038	-10.2141	0.377279	0.324484	0.174339	0.123814	8.26314e-05	0.283069
64	-4.7712	-4.47427	-4.54639	-4.85673	-5.03644	-7.88235	0.313984	0.292138	0.214195	0.178962	0.00072096	0.364181
65	-4.47059	-4.04606	-4.15352	-4.60755	-4.86458	-8.58279	0.343607	0.308599	0.195979	0.151559	0.000255211	0.323833
66	-4.7625	-4.54075	-4.59381	-4.82303	-4.95633	-7.07426	0.296926	0.281581	0.223901	0.195958	0.00163482	0.392883
67	-7.85025	-7.50118	-7.59041	-7.96915	-8.18439	-11.1629	0.328118	0.300109	0.205491	0.165698	0.000584637	0.345404
68	-10.8344	-14.3928	-11.7995	-10.866	-10.8629	-13.9551	0.0121045	0.16188	0.411733	0.412982	0.00130056	0.711616
69	-7.16159	-10.5226	-7.89216	-6.81018	-6.73007	-9.18189	0.00995399	0.138155	0.407627	0.441626	0.00263847	0.744333
70	-12.3554	-15.6895	-13.06	-11.9909	-11.9238	-14.5812	0.0101361	0.140543	0.409377	0.437814	0.00212962	0.738156
71	-16.3391	-27.9541	-19.7959	-15.4281	-14.5579	-13.0289	8.72007e-07	0.00304483	0.240146	0.57334	0.183469	2.12468
72	-4.8576	-4.20247	-4.37907	-5.10045	-5.49343	-10.6281	0.396728	0.332503	0.161623	0.109102	4.45636e-05	0.260999
73	-16.0426	-23.5659	-18.1787	-15.4879	-15.0344	-15.7529	0.000115123	0.0251641	0.371032	0.583945	0.0197442	0.976515
74	-6.36997	-5.891	-6.01619	-6.53927	-6.83098	-10.7453	0.357596	0.315516	0.187005	0.13969	0.000193338	0.306685
75	-8.16235	-7.90422	-7.96656	-8.23543	-8.39142	-10.8053	0.30527	0.286823	0.219202	0.187542	0.00116385	0.378602
76	-5.02597	-4.45618	-4.60693	-5.22816	-5.57038	-10.2141	0.377279	0.324484	0.174339	0.123814	8.26314e-05	0.283069
77	-7.85025	-7.50118	-7.59041	-7.96915	-8.18439	-11.1629	0.328118	0.300109	0.205491	0.165698	0.000584637	0.345404
78	-6.65362	-6.39956	-6.46345	-6.73659	-6.89326	-9.18346	0.306124	0.287179	0.218539	0.186846	0.00131214	0.378659
79	-8.40326	-11.622	-9.02271	-8.0613	-8.0424	-11.1744	0.0116805	0.157157	0.411027	0.418868	0.00126764	0.716103
80	-9.77371	-13.443	-10.804	-9.68699	-9.58829	-11.8097	0.00949203	0.13289	0.406063	0.448183	0.0033714	0.754683
81	-5.04913	-4.76507	-4.83366	-5.12964	-5.30159	-8.05921	0.310988	0.290372	0.215981	0.181859	0.000800257	0.368582
82	-4.7712	-4.47427	-4.54639	-4.85673	-5.03644	-7.88235	0.313984	0.292138	0.214195	0.178962	0.00072096	0.364181
83	-13.5114	-13.1339	-13.2277	-13.6294	-13.8602	-17.2335	0.332829	0.303023	0.202775	0.160991	0.000382717	0.337825
84	-9.40571	-13.0947	-10.4658	-9.38348	-9.29873	-11.4557	0.0099359	0.137701	0.406433	0.442381	0.00354933	0.751173
85	-5.21209	-4.80597	-4.90907	-5.34294	-5.58752	-9.08661	0.339535	0.306272	0.198464	0.155403	0.00032579	0.329484
86	-9.27834	-12.9775	-10.3222	-9.1343	-8.99418	-10.5988	0.00859495	0.122302	0.401165	0.461506	0.00643265	0.786571
87	-7.16094	-6.49977	-6.68064	-7.41837	-7.81787	-12.7089	0.399777	0.333629	0.159541	0.106997	5.57608e-05	0.257794
88	-4.13713	-3.67044	-3.79055	-4.29304	-4.57431	-8.51901	0.353491	0.313486	0.189666	0.143164	0.000192214	0.31158
89	-5.21848	-4.62998	-4.784	-5.42687	-5.78512	-10.7553	0.381222	0.326803	0.171827	0.12009	5.78245e-05	0.277864
90	-8.34734	-7.77031	-7.92588	-8.56816	-8.91688	-12.4898	0.381014	0.326123	0.171569	0.121058	0.000235737	0.279917
91	-4.7712	-4.47427	-4.54639	-4.85673	-5.03644	-7.88235	0.313984	0.292138	0.214195	0.178962	0.00072096	0.364181
92	-7.72835	-11.2483	-8.58697	-7.37963	-7.23258	-8.93189	0.00837781	0.119933	0.401127	0.464671	0.00589188	0.785244
93	-12.7034	-16.4553	-13.8103	-12.6663	-12.5507	-14.323	0.00913118	0.128603	0.403726	0.453198	0.00534198	0.772559
94	-13.6355	-16.7085	-14.1375	-13.2915	-13.3338	-16.9139	0.0135449	0.17716	0.412821	0.39571	0.000765053	0.693162
95	-10.3577	-9.88086	-10.0024	-10.518	-10.8107	-14.9316	0.355952	0.315202	0.188223	0.140466	0.00015812	0.307936
96	-9.45077	-8.87268	-9.02667	-9.66103	-10.0088	-14.4651	0.379768	0.325568	0.17264	0.121926	9.81491e-05	0.280354
97	-4.8576	-4.20247	-4.37907	-5.10045	-5.49343	-10.6281	0.396728	0.332503	0.161623	0.109102	4.45636e-05	0.260999
98	-7.49293	-11.0205	-8.35759	-7.14346	-6.99244	-8.62762	0.0082968	0.118958	0.400572	0.465875	0.00629844	0.78904
99	-11.1512	-14.8249	-12.2094	-11.1852	-11.1341	-13.8035	0.0107498	0.146995	0.409373	0.430812	0.00207055	0.731617
100	-4.62051	-4.34964	-4.41523	-4.69775	-4.86142	-7.40969	0.308146	0.288583	0.217557	0.184711	0.00100208	0.373731
101	-12.9774	-12.3492	-12.5189	-13.2201	-13.6051	-18.414	0.392551	0.331273	0.16431	0.111803	6.32562e-05	0.2654
102	-7.48539	-6.7056	-6.91941	-7.78317	-8.246	-13.8282	0.423321	0.341832	0.144107	0.0907159	2.36856e-05	0.232474
103	-5.63293	-5.05763	-5.20991	-5.83785	-6.18391	-10.8673	0.378573	0.325098	0.173502	0.122747	7.87301e-05	0.281519
104	-11.6554	-15.4383	-12.7867	-11.6159	-11.4865	-13.2683	0.00880839	0.124882	0.402664	0.458295	0.00535098	0.776479
105	-5.35984	-4.73154	-4.89998	-5.58972	-5.96653	-10.9333	0.390642	0.330084	0.165606	0.113613	5.48902e-05	0.267815
106	-14.5613	-22.236	-16.8657	-14.2294	-13.7958	-14.474	0.000124857	0.0268365	0.374669	0.578022	0.0203476	0.977891
107	-4.7712	-4.47427	-4.54639	-4.85673	-5.03644	-7.88235	0.313984	0.292138	0.214195	0.178962	0.00072096	0.364181
108	-11.0549	-19.341	-13.9499	-11.2407	-10.7759	-11.4343	0.00011174	0.024521	0.368219	0.586103	0.0210454	0.986619
109	-4.93665	-4.51098	-4.61893	-5.07421	-5.33149	-9.05365	0.343881	0.308692	0.195795	0.151378	0.000253901	0.323535
110	-4.13713	-3.67044	-3.79055	-4.29304	-4.57431	-8.51901	0.353491	0.313486	0.189666	0.143164	0.000192214	0.31158
111	-4.85631	-4.48659	-4.57864	-4.97062	-5.19464	-8.55125	0.330891	0.301791	0.203926	0.162998	0.000394037	0.340484
112	-4.7712	-4.47427	-4.54639	-4.85673	-5.03644	-7.88235	0.313984	0.292138	0.214195	0.178962	0.00072096	0.364181
113	-4.13713	-3.67044	-3.79055	-4.29304	-4.57431	-8.51901	0.353491	0.313486	0.189666	0.143164	0.000192214	0.31158
114	-5.11343	-4.43138	-4.61613	-5.36922	-5.77854	-11.1006	0.402763	0.334822	0.157671	0.104709	3.54597e-05	0.254315
115	-6.23199	-5.7711	-5.88914	-6.38467	-6.6633	-10.6533	0.352068	0.312869	0.190616	0.144261	0.000185116	0.313148
116	-8.62322	-8.29402	-8.3751	-8.72357	-8.92476	-11.9327	0.321861	0.296793	0.209467	0.171293	0.000586838	0.353108
117	-9.40272	-12.9157	-10.331	-9.41759	-9.41706	-12.4279	0.0124235	0.164716	0.41062	0.410837	0.00140342	0.70991
118	-7.40591	-6.81349	-6.96752	-7.61095	-7.96932	-12.7568	0.381286	0.326858	0.171759	0.120027	6.93804e-05	0.277853
119	-11.588	-10.9775	-11.143	-11.8248	-12.1973	-16.6805	0.388881	0.329542	0.166663	0.114824	8.99745e-05	0.269896
120	-4.54441	-4.06148	-4.18563	-4.70632	-4.9986	-9.14383	0.35712	0.315425	0.187397	0.139904	0.000153706	0.306839
121	-10.6225	-14.7246	-11.9791	-10.4334	-10.1059	-9.78799	0.00498371	0.0776081	0.364084	0.505173	0.0481512	1.11743
122	-4.41158	-3.88259	-4.02115	-4.59544	-4.91352	-9.24572	0.367937	0.32033	0.180379	0.131234	0.000119594	0.294077
123	-16.4429	-20.2091	-17.5571	-16.3824	-16.2478	-17.3796	0.00871156	0.123545	0.399934	0.457576	0.010234	0.811015
124	-13.8106	-21.2551	-15.8883	-13.2915	-12.8914	-14.1253	0.000133969	0.0286907	0.38506	0.574513	0.0116025	0.914878
125	-10.4553	-9.74164	-9.93292	-10.7199	-11.1493	-16.302	0.408717	0.337561	0.153661	0.100021	4.01252e-05	0.24746
126	-8.56956	-8.36521	-8.41156	-8.615	-8.73566	-10.7989	0.29153	0.278327	0.227091	0.201278	0.00177353	0.400851
127	-4.10448	-3.88288	-3.93338	-4.1537	-4.28344	-6.47122	0.295101	0.28057	0.225089	0.197702	0.00153809	0.394512
128	-23.0979	-36.3112	-27.9478	-22.8714	-21.6719	-17.5614	7.93081e-08	0.00034001	0.0544666	0.180744	0.764449	6.04293
129	-7.38521	-6.95719	-7.05868	-7.4941	-7.7449	-11.515	0.339713	0.306929	0.198579	0.154532	0.000247051	0.328185
130	-4.29975	-4.04274	-4.10177	-4.35853	-4.50911	-6.98976	0.302772	0.285418	0.220786	0.189922	0.00110244	0.381335
131	-5.35984	-4.73154	-4.89998	-5.58972	-5.96653	-10.9333	0.390642	0.330084	0.165606	0.113613	5.48902e-05	0.267815
132	-5.226	-4.72392	-4.8546	-5.39765	-5.69977	-9.92239	0.361722	0.317411	0.184406	0.136322	0.000138618	0.301494
133	-8.71304	-8.04071	-8.22562	-8.97902	-9.38672	-14.3817	0.402759	0.334766	0.157596	0.104829	4.92371e-05	0.254482
134	-7.64432	-11.0351	-8.39655	-7.28168	-7.18408	-9.42295	0.00951932	0.133204	0.406162	0.447804	0.00331032	0.753949
135	-23.6203	-35.0553	-26.9358	-22.7239	-21.9357	-21.1751	1.24574e-06	0.00418493	0.282433	0.6212	0.0921806	1.50414
136	-15.5039	-18.9705	-16.3292	-15.2034	-15.1001	-17.1901	0.00937626	0.131562	0.405536	0.449668	0.00385767	0.759336
137	-18.4333	-30.9929	-22.8575	-18.5822	-17.7614	-16.606	1.07607e-06	0.003673	0.264072	0.600098	0.132156	1.77584
