Sites	Ll	Ll_SameAARate.DFPDistFreq.beta_1=0.153813	Ll_SameAARate.DFPDistFreq.beta_1=1	Pr_SameAARate.DFPDistFreq.beta_1=0.153813	Pr_SameAARate.DFPDistFreq.beta_1=1	mean
1	-8.41956	-9.17139	-8.19619	0.377317	0.622683	0.680719
2	-7.54963	-8.1263	-7.1991	0.388659	0.611341	0.671122
3	-6.88482	-6.63391	-7.30153	0.758024	0.241976	0.35857
4	-4.91592	-4.69072	-5.28728	0.74475	0.25525	0.369802
5	-4.91592	-4.69072	-5.28728	0.74475	0.25525	0.369802
6	-9.19522	-8.80596	-9.85058	0.820372	0.179628	0.305812
7	-4.11147	-3.83433	-4.57108	0.770476	0.229524	0.348033
8	-7.50022	-6.96478	-8.4504	0.876519	0.123481	0.258301
9	-4.22696	-4.10134	-4.43212	0.691048	0.308952	0.415244
10	-9.47835	-9.02858	-10.2418	0.843894	0.156106	0.285908
11	-9.99724	-10.8017	-9.75474	0.360603	0.639397	0.694863
12	-13.2011	-12.8953	-13.7097	0.783917	0.216083	0.33666
13	-6.36456	-5.89312	-7.15429	0.850104	0.149896	0.280653
14	-17.6251	-19.1765	-16.7746	0.127006	0.872994	0.892529
15	-6.93695	-6.42716	-7.82985	0.867258	0.132742	0.266137
16	-5.84544	-5.62665	-6.22577	0.745236	0.254764	0.369391
17	-9.15201	-9.56688	-9.57499	0.618305	0.381695	0.476799
18	-5.09024	-4.55421	-6.00926	0.873172	0.126828	0.261133
19	-8.65769	-9.36008	-8.49188	0.402767	0.597233	0.659184
20	-15.1856	-16.5362	-15.0045	0.257792	0.742208	0.78186
21	-12.4895	-12.8935	-12.3271	0.476978	0.523022	0.596388
22	-8.2359	-8.76156	-8.04444	0.439581	0.560419	0.628033
23	-5.29431	-4.99912	-5.78551	0.779136	0.220864	0.340705
24	-16.4223	-18.1094	-15.8723	0.146441	0.853559	0.876083
25	-4.46082	-4.24453	-4.81719	0.740182	0.259818	0.373668
26	-9.50131	-10.4701	-9.30049	0.33285	0.66715	0.718346
27	-23.5661	-25.2215	-22.6047	0.105029	0.894971	0.911126
28	-5.78188	-5.33904	-6.52989	0.84092	0.15908	0.288424
29	-5.97169	-5.53419	-6.71258	0.839248	0.160752	0.28984
30	-5.79065	-5.44152	-6.37275	0.803052	0.196948	0.320468
31	-5.1601	-4.78639	-5.78626	0.813682	0.186318	0.311473
32	-5.25026	-4.8479	-5.92655	0.825332	0.174668	0.301615
33	-14.9747	-15.5596	-15.1867	0.525298	0.474702	0.5555
34	-5.22911	-4.97647	-5.64695	0.758546	0.241454	0.358128
35	-13.3974	-14.0865	-13.4104	0.449707	0.550293	0.619464
36	-10.1483	-10.7924	-10.109	0.447911	0.552089	0.620984
37	-10.8646	-11.5095	-10.9344	0.474809	0.525191	0.598222
38	-8.27871	-7.93652	-8.84801	0.799912	0.200088	0.323125
39	-4.66335	-4.47158	-4.97853	0.727345	0.272655	0.38453
40	-13.7134	-14.3884	-13.3619	0.365342	0.634658	0.690852
41	-7.62346	-8.02872	-7.47066	0.479057	0.520943	0.594628
42	-4.5937	-4.28898	-5.10055	0.783439	0.216561	0.337064
43	-4.76172	-4.50613	-5.18465	0.760017	0.239983	0.356884
44	-5.47328	-5.0156	-6.24856	0.846473	0.153527	0.283726
45	-9.08847	-9.9194	-8.59196	0.298765	0.701235	0.747189
46	-5.04698	-4.64115	-5.73072	0.8269	0.1731	0.300288
47	-10.5918	-11.3661	-10.4454	0.390218	0.609782	0.669803
48	-5.22911	-4.97647	-5.64695	0.758546	0.241454	0.358128
49	-10.9591	-11.6944	-10.8627	0.411569	0.588431	0.651736
50	-8.47593	-9.01976	-8.11687	0.394451	0.605549	0.666221
51	-11.2855	-12.0157	-11.2048	0.416616	0.583384	0.647465
52	-12.5424	-12.1152	-13.2823	0.837717	0.162283	0.291135
53	-10.2255	-11.0345	-9.93778	0.349213	0.650787	0.704501
54	-10.8251	-11.0705	-10.9052	0.576622	0.423378	0.51207
55	-5.97169	-5.53419	-6.71258	0.839248	0.160752	0.28984
56	-16.8473	-17.7467	-16.5038	0.316768	0.683232	0.731955
57	-5.24556	-4.89758	-5.82664	0.802709	0.197291	0.320758
58	-4.5937	-4.28898	-5.10055	0.783439	0.216561	0.337064
59	-7.50022	-6.96478	-8.4504	0.876519	0.123481	0.258301
60	-4.11147	-3.83433	-4.57108	0.770476	0.229524	0.348033
61	-11.3609	-12.2282	-11.0569	0.332462	0.667538	0.718675
62	-17.8481	-18.8077	-17.3905	0.280309	0.719691	0.762806
63	-4.62987	-4.39525	-5.01734	0.749572	0.250428	0.365722
64	-4.91592	-4.69072	-5.28728	0.74475	0.25525	0.369802
65	-4.22696	-4.10134	-4.43212	0.691048	0.308952	0.415244
66	-5.27076	-4.93647	-5.8297	0.796973	0.203027	0.325612
67	-7.81683	-7.56668	-8.24124	0.759292	0.240708	0.357497
68	-11.0128	-11.6727	-11.0551	0.464235	0.535765	0.607171
69	-7.7675	-8.42747	-7.40683	0.366701	0.633299	0.689702
70	-12.2453	-12.535	-12.2863	0.556144	0.443856	0.529398
71	-19.8015	-22.5623	-17.9109	0.0151102	0.98489	0.987214
72	-4.36118	-4.13914	-4.72769	0.743225	0.256775	0.371093
73	-15.5276	-17.1289	-14.5255	0.106301	0.893699	0.91005
74	-6.41742	-6.01588	-7.10604	0.826985	0.173015	0.300216
75	-8.36934	-7.96347	-9.055	0.827181	0.172819	0.30005
76	-4.62987	-4.39525	-5.01734	0.749572	0.250428	0.365722
77	-7.81683	-7.56668	-8.24124	0.759292	0.240708	0.357497
78	-6.81591	-6.42916	-7.51433	0.82627	0.17373	0.300821
79	-9.556	-10.2043	-9.24753	0.381663	0.618337	0.677042
80	-9.99152	-10.7081	-9.89677	0.416509	0.583491	0.647556
81	-5.22911	-4.97647	-5.64695	0.758546	0.241454	0.358128
82	-4.91592	-4.69072	-5.28728	0.74475	0.25525	0.369802
83	-13.1259	-12.7531	-13.7612	0.814928	0.185072	0.310419
84	-9.84509	-10.6227	-9.6641	0.38123	0.61877	0.677409
85	-5.7625	-5.37894	-6.40953	0.818294	0.181706	0.30757
86	-10.1693	-10.8719	-10.0277	0.408545	0.591455	0.654294
87	-7.16512	-6.79253	-7.78759	0.812953	0.187047	0.31209
88	-4.11147	-3.83433	-4.57108	0.770476	0.229524	0.348033
89	-5.25026	-4.8479	-5.92655	0.825332	0.174668	0.301615
90	-8.39522	-8.14699	-8.81026	0.757224	0.242776	0.359247
91	-4.91592	-4.69072	-5.28728	0.74475	0.25525	0.369802
92	-8.2359	-8.76156	-8.04444	0.439581	0.560419	0.628033
93	-13.2053	-14.0252	-12.9761	0.36012	0.63988	0.695271
94	-14.958	-15.4234	-14.6642	0.429252	0.570748	0.636773
95	-10.1422	-9.73499	-10.8312	0.827852	0.172148	0.299482
96	-9.59884	-9.04153	-10.5603	0.880064	0.119936	0.255301
97	-4.36118	-4.13914	-4.72769	0.743225	0.256775	0.371093
98	-7.89801	-8.56815	-7.47815	0.350747	0.649253	0.703202
99	-12.1154	-12.7123	-12.2847	0.511664	0.488336	0.567036
100	-4.66335	-4.47158	-4.97853	0.727345	0.272655	0.38453
101	-13.5156	-13.2293	-14.0093	0.778044	0.221956	0.341629
102	-7.48308	-6.98674	-8.31966	0.85902	0.14098	0.273109
103	-5.8731	-5.50994	-6.48259	0.80952	0.19048	0.314995
104	-12.2279	-13.0679	-11.9578	0.346195	0.653805	0.707054
105	-5.24556	-4.89758	-5.82664	0.802709	0.197291	0.320758
106	-16.4727	-18.3845	-15.4573	0.0792216	0.920778	0.932964
107	-4.91592	-4.69072	-5.28728	0.74475	0.25525	0.369802
108	-9.87696	-11.0682	-9.32235	0.218987	0.781013	0.814696
109	-5.23677	-4.85637	-5.8747	0.816465	0.183535	0.309118
110	-4.11147	-3.83433	-4.57108	0.770476	0.229524	0.348033
111	-5.36187	-4.94042	-6.07458	0.833189	0.166811	0.294966
112	-4.91592	-4.69072	-5.28728	0.74475	0.25525	0.369802
113	-4.11147	-3.83433	-4.57108	0.770476	0.229524	0.348033
114	-5.04698	-4.64115	-5.73072	0.8269	0.1731	0.300288
115	-6.07124	-5.82248	-6.48124	0.756394	0.243606	0.359949
116	-8.60229	-8.34176	-9.03749	0.76314	0.23686	0.354241
117	-9.91015	-10.7747	-9.58352	0.328067	0.671933	0.722394
118	-7.35964	-6.86962	-8.17976	0.856237	0.143763	0.275463
119	-11.7141	-11.3651	-12.3125	0.805595	0.194405	0.318316
120	-5.09024	-4.55421	-6.00926	0.873172	0.126828	0.261133
121	-11.727	-12.7218	-11.1577	0.251641	0.748359	0.787065
122	-4.77283	-4.35127	-5.48311	0.832867	0.167133	0.295239
123	-16.9439	-17.4544	-17.324	0.585115	0.414885	0.504883
124	-15.0461	-16.719	-14.0752	0.102516	0.897484	0.913252
125	-10.7407	-9.99404	-12.0423	0.925703	0.0742965	0.216682
126	-8.34629	-8.11579	-8.71345	0.74496	0.25504	0.369624
127	-4.09336	-3.96196	-4.30228	0.693083	0.306917	0.413522
128	-27.1972	-30.6327	-25.0999	0.00631452	0.993685	0.994657
129	-7.55927	-7.38721	-7.83329	0.715109	0.284891	0.394884
130	-4.14403	-4.07301	-4.25759	0.658996	0.341004	0.442366
131	-5.24556	-4.89758	-5.82664	0.802709	0.197291	0.320758
132	-4.78286	-4.57788	-5.12013	0.73429	0.26571	0.378653
133	-8.9229	-8.63128	-9.41867	0.779309	0.220691	0.340559
134	-8.62647	-9.14088	-8.39625	0.432814	0.567186	0.633759
135	-23.1739	-25.639	-21.6382	0.0285648	0.971435	0.975829
136	-15.3624	-16.0681	-15.0166	0.359557	0.640443	0.695748
137	-17.4343	-19.4332	-16.5161	0.0799591	0.920041	0.93234
