Sites	Ll	Ll_YN98.omega_1=0.250272	Ll_YN98.omega_1=1	Ll_YN98.omega_1=5.54176	Pr_YN98.omega_1=0.250272	Pr_YN98.omega_1=1	Pr_YN98.omega_1=5.54176	mean
1	-8.58525	-9.00357	-8.38562	-9.7632	0.683415	0.302819	0.013766	0.550146
2	-7.23332	-7.27367	-6.97972	-9.56393	0.754814	0.241896	0.00329018	0.449038
3	-6.7399	-6.41279	-7.42656	-11.3493	0.919984	0.0797321	0.000284392	0.311554
4	-4.76987	-4.61869	-5.04144	-7.08721	0.861955	0.134901	0.00314377	0.368046
5	-4.76987	-4.61869	-5.04144	-7.08721	0.861955	0.134901	0.00314377	0.368046
6	-9.15884	-8.93525	-9.60023	-12.4435	0.889579	0.109274	0.00114709	0.338267
7	-4.13538	-3.90964	-4.58112	-7.47441	0.890266	0.108649	0.00108489	0.33747
8	-7.20176	-6.95548	-7.72681	-10.7269	0.899738	0.0993707	0.000891704	0.329491
9	-4.46993	-4.26114	-4.87328	-7.58891	0.884136	0.114498	0.00136557	0.34334
10	-9.30659	-9.08465	-9.74481	-12.5421	0.889058	0.109736	0.00120617	0.338926
11	-9.17717	-9.53809	-9.20714	-11.5174	0.747107	0.248449	0.00444442	0.460058
12	-13.6916	-13.5204	-14.0298	-16.0055	0.871759	0.125114	0.00312732	0.360621
13	-6.33641	-6.06471	-6.88308	-10.2476	0.904138	0.0952679	0.000593824	0.324839
14	-20.5877	-22.9399	-19.5911	-18.1091	0.0757859	0.515319	0.408895	2.80028
15	-6.71905	-6.50743	-7.14558	-9.90413	0.886824	0.111897	0.00127849	0.340929
16	-5.86746	-5.70686	-6.21014	-8.33406	0.871454	0.125834	0.00271201	0.358964
17	-9.63055	-10.0058	-9.65273	-11.9015	0.742699	0.252497	0.00480325	0.464992
18	-4.54273	-4.30901	-5.00594	-8.03803	0.89285	0.106227	0.000923236	0.334798
19	-8.4232	-8.85375	-8.18217	-9.49181	0.671025	0.313711	0.0152637	0.566237
20	-15.6526	-17.2311	-15.7798	-15.567	0.445048	0.453759	0.101193	1.12593
21	-13.5859	-13.599	-13.4024	-16.1303	0.772693	0.22466	0.00264682	0.432711
22	-7.73568	-8.02118	-7.23295	-8.25491	0.641259	0.336886	0.0218552	0.618491
23	-4.86379	-4.71247	-5.1381	-7.15503	0.86222	0.134553	0.00322742	0.368227
24	-16.0849	-17.3213	-15.2278	-14.7406	0.285179	0.55266	0.162161	1.52269
25	-4.46888	-4.29024	-4.80433	-7.14723	0.873121	0.12472	0.00215938	0.355204
26	-9.7506	-10.9914	-9.19117	-9.84462	0.387463	0.560018	0.0525185	0.948034
27	-22.5093	-23.4383	-21.5561	-22.013	0.363929	0.570904	0.0651673	1.02313
28	-5.82326	-5.48876	-6.54728	-10.6888	0.923266	0.0765147	0.000219292	0.308797
29	-5.66245	-5.44781	-6.08143	-8.86457	0.886397	0.112351	0.00125249	0.341132
30	-5.51161	-5.29795	-5.92522	-8.75399	0.885805	0.112991	0.00120344	0.341352
31	-5.35989	-5.02859	-6.07476	-10.2239	0.922389	0.0773914	0.000220107	0.309459
32	-5.21779	-4.9374	-5.79569	-9.43602	0.907668	0.091897	0.000434737	0.32147
33	-14.8482	-15.3311	-14.9145	-16.9833	0.729638	0.264341	0.00602017	0.480312
34	-5.04801	-4.90259	-5.3067	-7.28526	0.859533	0.137051	0.00341592	0.371098
35	-12.9082	-13.4584	-12.8207	-14.3027	0.680073	0.307341	0.0125863	0.547294
36	-10.5923	-11.0821	-10.3405	-11.353	0.651773	0.326823	0.0214043	0.608561
37	-10.9326	-11.4302	-10.9063	-12.638	0.706114	0.2848	0.00908563	0.511871
38	-8.43436	-8.1958	-8.89176	-11.8905	0.89273	0.106314	0.000955328	0.335034
39	-4.61912	-4.48094	-4.86582	-6.71063	0.856767	0.139265	0.00396779	0.375678
40	-14.9728	-15.2699	-14.532	-15.7995	0.655777	0.327597	0.0166258	0.583856
41	-6.89155	-7.03511	-6.51835	-8.43018	0.708654	0.283785	0.0075612	0.503043
42	-4.52206	-4.29668	-4.96336	-7.93249	0.889867	0.109123	0.00101005	0.337429
43	-4.89011	-4.65259	-5.35925	-8.51751	0.893875	0.105319	0.000806844	0.333501
44	-5.29047	-4.96005	-6.00444	-10.0713	0.922243	0.0775173	0.000239368	0.309655
45	-7.94806	-8.12258	-7.54905	-9.2958	0.695815	0.294917	0.00926826	0.520422
46	-5.11308	-4.79733	-5.78688	-9.73751	0.91819	0.0815273	0.000282794	0.312891
47	-10.4831	-11.0169	-10.3853	-11.9106	0.681765	0.306225	0.01201	0.543408
48	-5.04801	-4.90259	-5.3067	-7.28526	0.859533	0.137051	0.00341592	0.371098
49	-12.3131	-12.7703	-12.3229	-14.3664	0.7234	0.270288	0.00631279	0.486318
50	-7.53184	-7.63115	-7.2037	-9.38025	0.727947	0.266602	0.00545134	0.478996
51	-10.4332	-10.9112	-10.3947	-12.2099	0.708164	0.283515	0.00832056	0.506859
52	-13.1016	-12.9068	-13.496	-16.0533	0.881557	0.11681	0.00163219	0.346484
53	-9.3279	-9.73637	-9.27923	-11.2448	0.721082	0.272048	0.0068696	0.490584
54	-10.6505	-10.7903	-10.2706	-12.2427	0.708348	0.284515	0.0071368	0.501345
55	-5.66245	-5.44781	-6.08143	-8.86457	0.886397	0.112351	0.00125249	0.341132
56	-16.8596	-17.4898	-16.5361	-16.6292	0.580805	0.360062	0.059133	0.833122
57	-5.35937	-5.06571	-5.97509	-9.65025	0.911874	0.0877251	0.000400794	0.318162
58	-4.52206	-4.29668	-4.96336	-7.93249	0.889867	0.109123	0.00101005	0.337429
59	-7.20176	-6.95548	-7.72681	-10.7269	0.899738	0.0993707	0.000891704	0.329491
60	-4.13538	-3.90964	-4.58112	-7.47441	0.890266	0.108649	0.00108489	0.33747
61	-10.0142	-10.4526	-10.1275	-12.4432	0.748235	0.247364	0.00440098	0.459015
62	-15.6112	-16.1328	-15.5268	-17.1642	0.688146	0.301291	0.0105634	0.532054
63	-5.02439	-4.75521	-5.57724	-8.99496	0.904483	0.0949561	0.000561214	0.324433
64	-4.76987	-4.61869	-5.04144	-7.08721	0.861955	0.134901	0.00314377	0.368046
65	-4.46993	-4.26114	-4.87328	-7.58891	0.884136	0.114498	0.00136557	0.34334
66	-4.76152	-4.6471	-4.96015	-6.48865	0.846397	0.147824	0.00577867	0.391677
67	-7.85081	-7.68058	-8.19452	-10.4267	0.872884	0.124704	0.00241182	0.356528
68	-10.8365	-11.2992	-10.8685	-12.9926	0.727089	0.267154	0.00575657	0.481026
69	-7.16204	-7.35681	-6.73283	-8.3234	0.683922	0.304877	0.0112008	0.538115
70	-12.3454	-12.5162	-11.9229	-13.7356	0.692045	0.299153	0.00880199	0.521131
71	-16.3345	-17.9102	-14.5332	-12.8371	0.067258	0.470386	0.462356	3.04948
72	-4.85708	-4.55248	-5.50173	-9.3088	0.91507	0.0845914	0.00033872	0.315485
73	-16.0299	-16.97	-15.0219	-15.2049	0.341625	0.572439	0.085936	1.13417
74	-6.37291	-6.14364	-6.84488	-9.7568	0.893158	0.105805	0.001037	0.335084
75	-8.16414	-8.0314	-8.40029	-10.1634	0.854502	0.141135	0.00436351	0.379174
76	-5.02439	-4.75521	-5.57724	-8.99496	0.904483	0.0949561	0.000561214	0.324433
77	-7.85081	-7.68058	-8.19452	-10.4267	0.872884	0.124704	0.00241182	0.356528
78	-6.65504	-6.52942	-6.90201	-8.5961	0.854695	0.140646	0.004659	0.380371
79	-8.39335	-8.51779	-8.04636	-10.1374	0.718788	0.275085	0.006127	0.488932
80	-9.77539	-10.2595	-9.59042	-11.0164	0.672696	0.313716	0.0135877	0.557372
81	-5.04801	-4.90259	-5.3067	-7.28526	0.859533	0.137051	0.00341592	0.371098
82	-4.76987	-4.61869	-5.04144	-7.08721	0.861955	0.134901	0.00314377	0.368046
83	-13.5119	-13.3222	-13.8723	-16.3723	0.877323	0.120888	0.00178875	0.35037
84	-9.40838	-9.93138	-9.30118	-10.712	0.681067	0.305499	0.0134339	0.550398
85	-5.20947	-5.01083	-5.59232	-8.1534	0.880754	0.117609	0.00163713	0.347109
86	-9.28156	-9.76203	-8.99461	-9.97092	0.645381	0.332071	0.0225488	0.618551
87	-7.16682	-6.86189	-7.83471	-11.5207	0.916845	0.0827811	0.000374127	0.314315
88	-4.13538	-3.90964	-4.58112	-7.47441	0.890266	0.108649	0.00108489	0.33747
89	-5.21779	-4.9374	-5.79569	-9.43602	0.907668	0.091897	0.000434737	0.32147
90	-8.34829	-8.08194	-8.93129	-11.7326	0.906394	0.0925925	0.00101366	0.325055
91	-4.76987	-4.61869	-5.04144	-7.08721	0.861955	0.134901	0.00314377	0.368046
92	-7.73568	-8.02118	-7.23295	-8.25491	0.641259	0.336886	0.0218552	0.618491
93	-12.7034	-13.2566	-12.5514	-13.7048	0.661812	0.319985	0.0182034	0.586496
94	-13.6064	-13.6571	-13.3418	-15.8446	0.750624	0.24575	0.00362613	0.453705
95	-10.3581	-10.1248	-10.8238	-13.8734	0.89306	0.106035	0.00090553	0.33456
96	-9.45452	-9.18187	-10.0244	-13.3576	0.906196	0.0932041	0.00059947	0.323321
97	-4.85708	-4.55248	-5.50173	-9.3088	0.91507	0.0845914	0.00033872	0.315485
98	-7.50035	-7.79033	-6.99265	-7.9692	0.638429	0.338585	0.0229858	0.625747
99	-11.155	-11.6882	-11.1378	-12.9156	0.700881	0.290276	0.00884343	0.514694
100	-4.61912	-4.48094	-4.86582	-6.71063	0.856767	0.139265	0.00396779	0.375678
101	-12.9812	-12.6872	-13.6238	-17.2582	0.914022	0.0855703	0.000407224	0.316581
102	-7.49143	-7.1324	-8.26437	-12.474	0.928323	0.0714851	0.000191377	0.304879
103	-5.63048	-5.35907	-6.1898	-9.64249	0.905249	0.0942135	0.000537689	0.323751
104	-11.6573	-12.2292	-11.4862	-12.5906	0.652705	0.327717	0.0195778	0.599566
105	-5.35937	-5.06571	-5.97509	-9.65025	0.911874	0.0877251	0.000400794	0.318162
106	-14.5681	-15.6811	-13.7896	-13.9305	0.353189	0.559248	0.0875627	1.13289
107	-4.76987	-4.61869	-5.04144	-7.08721	0.861955	0.134901	0.00314377	0.368046
108	-11.0708	-12.7445	-10.7673	-10.8457	0.331944	0.572621	0.095435	1.18457
109	-4.93535	-4.72659	-5.33885	-8.05504	0.88415	0.114485	0.00136466	0.343326
110	-4.13538	-3.90964	-4.58112	-7.47441	0.890266	0.108649	0.00108489	0.33747
111	-4.85447	-4.67049	-5.20033	-7.63678	0.875023	0.123037	0.00194	0.352782
112	-4.76987	-4.61869	-5.04144	-7.08721	0.861955	0.134901	0.00314377	0.368046
113	-4.13538	-3.90964	-4.58112	-7.47441	0.890266	0.108649	0.00108489	0.33747
114	-5.11308	-4.79733	-5.78688	-9.73751	0.91819	0.0815273	0.000282794	0.312891
115	-6.22941	-6.00573	-6.66898	-9.58259	0.889479	0.10945	0.00107091	0.337996
116	-8.6252	-8.45888	-8.93563	-11.1513	0.868664	0.128803	0.00253256	0.36024
117	-9.40729	-9.83955	-9.42155	-11.483	0.729332	0.264598	0.00607033	0.480769
118	-7.40833	-7.1231	-7.98577	-11.5385	0.907998	0.0915293	0.000472634	0.321395
119	-11.5921	-11.3074	-12.2158	-15.6394	0.911694	0.0877906	0.000515819	0.31882
120	-4.54273	-4.30901	-5.00594	-8.03803	0.89285	0.106227	0.000923236	0.334798
121	-10.6262	-11.3305	-10.0994	-9.57829	0.48395	0.395882	0.120168	1.18294
122	-4.40987	-4.15788	-4.9205	-8.11234	0.89909	0.100168	0.00074205	0.329297
123	-16.4401	-16.9934	-16.2451	-17.0094	0.646345	0.326268	0.0273872	0.639803
124	-13.8189	-14.7047	-12.8842	-13.4397	0.380605	0.561332	0.0580629	0.978357
125	-10.459	-10.1228	-11.1703	-15.0954	0.922432	0.077293	0.000275046	0.309676
126	-8.57066	-8.4593	-8.74225	-10.2274	0.842222	0.15159	0.00618863	0.39667
127	-4.10415	-3.98451	-4.28775	-5.84784	0.84527	0.149084	0.00564666	0.391923
128	-23.0722	-25.8567	-21.6168	-17.8029	0.00653495	0.108336	0.885129	5.01514
129	-7.38734	-7.16271	-7.75757	-10.5097	0.882398	0.116265	0.00133698	0.344513
130	-4.29972	-4.16159	-4.51483	-6.29396	0.852605	0.143043	0.00435212	0.380544
131	-5.35937	-5.06571	-5.97509	-9.65025	0.911874	0.0877251	0.000400794	0.318162
132	-5.22312	-4.98274	-5.70471	-8.79733	0.89527	0.10388	0.000849819	0.33265
133	-8.71906	-8.41025	-9.40529	-13.1748	0.91855	0.0811123	0.000337225	0.312868
134	-7.64457	-7.85288	-7.18627	-8.62221	0.673338	0.31323	0.0134321	0.556184
135	-23.5941	-25.0734	-21.9025	-20.8404	0.103527	0.589239	0.307234	2.31777
136	-15.5032	-15.7776	-15.1	-16.4659	0.670252	0.315249	0.0144999	0.563348
137	-18.4216	-20.9886	-17.7344	-16.3694	0.0865684	0.535467	0.377965	2.65172
