Sites	Ll	Ll_YN98.omega_1=0.0023885	Ll_YN98.omega_1=0.0112609	Ll_YN98.omega_1=0.0545121	Ll_YN98.omega_1=0.32729	Pr_YN98.omega_1=0.0023885	Pr_YN98.omega_1=0.0112609	Pr_YN98.omega_1=0.0545121	Pr_YN98.omega_1=0.32729	mean
270	-4.42421	-4.24315	-4.26177	-4.34802	-4.7548	0.287233	0.281933	0.258636	0.172197	0.0743181
301	-3.79647	-3.70817	-3.71688	-3.75799	-3.9749	0.269643	0.267305	0.256538	0.206513	0.0852284
302	-5.66922	-5.605	-5.61121	-5.64078	-5.80366	0.264657	0.263017	0.255353	0.216972	0.0885267
303	-4.4147	-4.33818	-4.34563	-4.38097	-4.57238	0.267244	0.265261	0.25605	0.211446	0.0867873
304	-7.45844	-7.28876	-7.30517	-7.38361	-7.82133	0.28733	0.282653	0.261328	0.168689	0.073325
305	-13.2401	-16.7338	-15.2055	-13.7347	-12.5106	0.0106461	0.049082	0.213652	0.72662	0.25004
306	-4.53789	-4.47181	-4.47825	-4.5088	-4.67584	0.265062	0.26336	0.255436	0.216141	0.088264
307	-3.73236	-3.65493	-3.66246	-3.69823	-3.89183	0.267439	0.26543	0.256105	0.211026	0.0866553
308	-5.08264	-4.99664	-5.00508	-5.04496	-5.2562	0.269121	0.266858	0.256425	0.207596	0.0855702
309	-3.9518	-3.84988	-3.85999	-3.90751	-4.15242	0.272267	0.269527	0.257018	0.201188	0.0835428
310	-4.50003	-4.3835	-4.39518	-4.44977	-4.72423	0.275065	0.27187	0.257425	0.19564	0.0817822
311	-9.33577	-12.8605	-11.3263	-9.82706	-8.4422	0.00914401	0.0424047	0.189907	0.758544	0.259116
312	-4.11211	-4.03587	-4.04336	-4.07874	-4.26788	0.267128	0.265134	0.25592	0.211817	0.0869001
313	-3.91062	-3.83507	-3.84249	-3.87755	-4.06532	0.266998	0.265023	0.255893	0.212086	0.0869849
314	-8.34333	-8.17422	-8.19106	-8.27039	-8.68479	0.286388	0.281606	0.260129	0.171877	0.074289
315	-7.64039	-7.50477	-7.51789	-7.58056	-7.93035	0.280319	0.276666	0.259858	0.183157	0.0778959
316	-4.11211	-4.03587	-4.04336	-4.07874	-4.26788	0.267128	0.265134	0.25592	0.211817	0.0869001
317	-5.04954	-4.9919	-4.99747	-5.02402	-5.17162	0.263274	0.261809	0.254952	0.219965	0.0894675
318	-3.9518	-3.84988	-3.85999	-3.90751	-4.15242	0.272267	0.269527	0.257018	0.201188	0.0835428
319	-4.32279	-4.25693	-4.26323	-4.2934	-4.4646	0.265225	0.26356	0.255726	0.215489	0.0880689
320	-4.38073	-4.30938	-4.31637	-4.34943	-4.52791	0.266137	0.264283	0.255688	0.213893	0.0875548
321	-17.6362	-17.2131	-17.2554	-17.4574	-18.5596	0.333112	0.319313	0.260912	0.0866626	0.0469781
355	-4.2616	-4.19377	-4.20037	-4.23172	-4.40313	0.265443	0.263697	0.255559	0.215301	0.0880004
356	-5.7084	-5.59794	-5.60905	-5.66095	-5.92267	0.273928	0.270901	0.257199	0.197972	0.0825197
357	-3.99566	-3.91923	-3.92676	-3.96233	-4.15355	0.267279	0.265273	0.256002	0.211446	0.0867852
358	-4.57161	-4.44012	-4.45354	-4.51579	-4.81882	0.277891	0.274185	0.257638	0.190286	0.0800745
359	-12.9375	-12.7444	-12.764	-12.8555	-13.3212	0.290935	0.285303	0.260345	0.163417	0.0715843
360	-8.49627	-8.31314	-8.33096	-8.4161	-8.88837	0.290102	0.284977	0.261718	0.163203	0.0715836
361	-4.33742	-4.25732	-4.26507	-4.30202	-4.50687	0.268261	0.266191	0.256533	0.209016	0.0860313
362	-9.60946	-9.43097	-9.44902	-9.53357	-9.96671	0.288197	0.283042	0.260096	0.168664	0.0732562
363	-8.25873	-8.06955	-8.0881	-8.17646	-8.65881	0.291124	0.285773	0.261606	0.161497	0.0710304
364	-4.40664	-4.32822	-4.33589	-4.37224	-4.56826	0.267674	0.265629	0.256147	0.210551	0.0865048
365	-11.8093	-11.4703	-11.5044	-11.666	-12.521	0.318627	0.307955	0.261994	0.111424	0.0549788
366	-3.8659	-3.78753	-3.79519	-3.83152	-4.02741	0.267663	0.265619	0.256143	0.210575	0.0865125
367	-18.9879	-18.6293	-18.6647	-18.8352	-19.8271	0.324569	0.313284	0.264179	0.0979679	0.050768
368	-4.64721	-4.57619	-4.58315	-4.61611	-4.79577	0.266184	0.264338	0.255768	0.213709	0.0874999
369	-8.39851	-8.23847	-8.25451	-8.32991	-8.7234	0.284702	0.280173	0.259823	0.175302	0.0753732
370	-4.04229	-3.96715	-3.97451	-4.00936	-4.19691	0.266947	0.26499	0.255913	0.212149	0.0870064
371	-16.4248	-16.1959	-16.2189	-16.3275	-16.9006	0.298673	0.291882	0.261827	0.147617	0.0665865
372	-4.7166	-4.6413	-4.64865	-4.68353	-4.87207	0.267006	0.265049	0.255964	0.211981	0.0869548
373	-3.86616	-3.81204	-3.81723	-3.84207	-3.98256	0.262573	0.261213	0.254805	0.221409	0.0899235
374	-4.46832	-4.3479	-4.36009	-4.41685	-4.69871	0.275833	0.272492	0.257455	0.194219	0.0813278
375	-3.86616	-3.81204	-3.81723	-3.84207	-3.98256	0.262573	0.261213	0.254805	0.221409	0.0899235
376	-4.44508	-4.38915	-4.39455	-4.42028	-4.56395	0.26291	0.261494	0.254851	0.220745	0.0897128
377	-4.33742	-4.25732	-4.26507	-4.30202	-4.50687	0.268261	0.266191	0.256533	0.209016	0.0860313
378	-3.82442	-3.72938	-3.7388	-3.78315	-4.01441	0.270983	0.268443	0.256798	0.203777	0.0843628
379	-5.7084	-5.59794	-5.60905	-5.66095	-5.92267	0.273928	0.270901	0.257199	0.197972	0.0825197
380	-4.46832	-4.3479	-4.36009	-4.41685	-4.69871	0.275833	0.272492	0.257455	0.194219	0.0813278
381	-4.44508	-4.38915	-4.39455	-4.42028	-4.56395	0.26291	0.261494	0.254851	0.220745	0.0897128
382	-3.8659	-3.78753	-3.79519	-3.83152	-4.02741	0.267663	0.265619	0.256143	0.210575	0.0865125
383	-4.44508	-4.38915	-4.39455	-4.42028	-4.56395	0.26291	0.261494	0.254851	0.220745	0.0897128
384	-4.44508	-4.38915	-4.39455	-4.42028	-4.56395	0.26291	0.261494	0.254851	0.220745	0.0897128
385	-3.86616	-3.81204	-3.81723	-3.84207	-3.98256	0.262573	0.261213	0.254805	0.221409	0.0899235
386	-4.40664	-4.32822	-4.33589	-4.37224	-4.56826	0.267674	0.265629	0.256147	0.210551	0.0865048
387	-11.942	-11.7048	-11.7275	-11.8372	-12.4882	0.302071	0.295293	0.264627	0.138009	0.0636412
388	-3.8659	-3.78753	-3.79519	-3.83152	-4.02741	0.267663	0.265619	0.256143	0.210575	0.0865125
389	-4.22719	-4.14591	-4.15391	-4.19174	-4.39271	0.268202	0.266063	0.256188	0.209546	0.0861844
390	-3.86616	-3.81204	-3.81723	-3.84207	-3.98256	0.262573	0.261213	0.254805	0.221409	0.0899235
391	-18.0443	-17.7511	-17.779	-17.9144	-18.7496	0.313446	0.304833	0.266235	0.115486	0.0564917
392	-7.9029	-7.64284	-7.66893	-7.79192	-8.42364	0.303601	0.295784	0.261554	0.139061	0.0638271
393	-18.962	-18.5268	-18.5689	-18.7731	-20.0016	0.336785	0.322888	0.263266	0.0770619	0.0440132
394	-7.27671	-7.09303	-7.11162	-7.19868	-7.64336	0.289178	0.283852	0.260184	0.166787	0.0726579
395	-4.33742	-4.25732	-4.26507	-4.30202	-4.50687	0.268261	0.266191	0.256533	0.209016	0.0860313
396	-3.86616	-3.81204	-3.81723	-3.84207	-3.98256	0.262573	0.261213	0.254805	0.221409	0.0899235
397	-8.17901	-8.02474	-8.03968	-8.11117	-8.51166	0.284344	0.280125	0.260799	0.174733	0.0752386
398	-3.79647	-3.70817	-3.71688	-3.75799	-3.9749	0.269643	0.267305	0.256538	0.206513	0.0852284
399	-9.91163	-9.65316	-9.6781	-9.79822	-10.4964	0.30575	0.298218	0.264464	0.131568	0.0615658
400	-8.60447	-8.45018	-8.46512	-8.53659	-8.93841	0.284405	0.280189	0.260863	0.174544	0.0751811
401	-5.28486	-5.21994	-5.22623	-5.25617	-5.42133	0.264848	0.263188	0.255425	0.216539	0.0883911
402	-14.3762	-13.9562	-13.9977	-14.1966	-15.2963	0.332509	0.318981	0.261451	0.0870589	0.047132
403	-4.00335	-3.88995	-3.90138	-3.95473	-4.22243	0.274496	0.271375	0.257277	0.196852	0.082164
404	-4.46832	-4.3479	-4.36009	-4.41685	-4.69871	0.275833	0.272492	0.257455	0.194219	0.0813278
405	-10.0888	-9.91899	-9.93544	-10.0142	-10.4582	0.287684	0.282989	0.26155	0.167777	0.0730433
406	-3.79647	-3.70817	-3.71688	-3.75799	-3.9749	0.269643	0.267305	0.256538	0.206513	0.0852284
407	-20.1441	-19.6565	-19.7044	-19.9359	-21.3297	0.345157	0.329041	0.261031	0.0647715	0.0399581
408	-18.4889	-18.1757	-18.2055	-18.3504	-19.2459	0.317129	0.307815	0.2663	0.108756	0.0543351
409	-3.8659	-3.78753	-3.79519	-3.83152	-4.02741	0.267663	0.265619	0.256143	0.210575	0.0865125
410	-4.20752	-4.1055	-4.11568	-4.16342	-4.40867	0.272326	0.269569	0.257	0.201105	0.0835155
411	-3.99566	-3.91923	-3.92676	-3.96233	-4.15355	0.267279	0.265273	0.256002	0.211446	0.0867852
412	-8.29487	-8.14387	-8.15851	-8.22852	-8.62013	0.283656	0.279533	0.260632	0.176179	0.0756946
413	-10.6648	-10.4751	-10.4939	-10.5834	-11.059	0.291005	0.285565	0.261142	0.162288	0.0712615
414	-4.33742	-4.25732	-4.26507	-4.30202	-4.50687	0.268261	0.266191	0.256533	0.209016	0.0860313
415	-9.76536	-9.58766	-9.60501	-9.68778	-10.1432	0.288911	0.28394	0.261386	0.165763	0.0723887
416	-9.49602	-9.22775	-9.25455	-9.38139	-10.0436	0.305493	0.297414	0.261985	0.135108	0.0625797
417	-4.0664	-3.98646	-3.99432	-4.03146	-4.22962	0.26793	0.265833	0.256141	0.210097	0.0863588
418	-9.65709	-9.48939	-9.5056	-9.58331	-10.0243	0.287357	0.282737	0.261596	0.168311	0.0732168
419	-4.53339	-4.44587	-4.45453	-4.49533	-4.70974	0.269456	0.267133	0.256451	0.20696	0.0853675
420	-4.40664	-4.32822	-4.33589	-4.37224	-4.56826	0.267674	0.265629	0.256147	0.210551	0.0865048
421	-4.01409	-3.93262	-3.94068	-3.97867	-4.18094	0.268306	0.266152	0.256233	0.209308	0.0861103
422	-3.82442	-3.72938	-3.7388	-3.78315	-4.01441	0.270983	0.268443	0.256798	0.203777	0.0843628
423	-4.42421	-4.24315	-4.26177	-4.34802	-4.7548	0.287233	0.281933	0.258636	0.172197	0.0743181
424	-8.34371	-8.17055	-8.18741	-8.26793	-8.71399	0.288082	0.283264	0.261351	0.167303	0.0728812
425	-4.22719	-4.14591	-4.15391	-4.19174	-4.39271	0.268202	0.266063	0.256188	0.209546	0.0861844
426	-3.79647	-3.70817	-3.71688	-3.75799	-3.9749	0.269643	0.267305	0.256538	0.206513	0.0852284
427	-7.52029	-7.34796	-7.36465	-7.44451	-7.89278	0.288072	0.283304	0.261558	0.167066	0.0728155
428	-4.44508	-4.38915	-4.39455	-4.42028	-4.56395	0.26291	0.261494	0.254851	0.220745	0.0897128
429	-4.48016	-4.3931	-4.40169	-4.44221	-4.65629	0.269387	0.267084	0.256477	0.207051	0.085398
430	-4.31392	-4.24637	-4.25295	-4.28417	-4.45481	0.265378	0.263639	0.255534	0.215448	0.0880464
431	-3.99566	-3.91923	-3.92676	-3.96233	-4.15355	0.267279	0.265273	0.256002	0.211446	0.0867852
432	-4.44508	-4.38915	-4.39455	-4.42028	-4.56395	0.26291	0.261494	0.254851	0.220745	0.0897128
433	-5.20571	-5.13931	-5.14577	-5.17645	-5.34433	0.265131	0.263424	0.255463	0.215982	0.0882144
434	-4.22719	-4.14591	-4.15391	-4.19174	-4.39271	0.268202	0.266063	0.256188	0.209546	0.0861844
435	-4.22719	-4.14591	-4.15391	-4.19174	-4.39271	0.268202	0.266063	0.256188	0.209546	0.0861844
436	-8.25873	-8.06955	-8.0881	-8.17646	-8.65881	0.291124	0.285773	0.261606	0.161497	0.0710304
437	-4.28684	-4.19848	-4.2072	-4.24833	-4.46538	0.269655	0.267315	0.256542	0.206488	0.0852204
438	-8.6967	-8.51721	-8.5346	-8.61784	-9.08631	0.289597	0.284606	0.261873	0.163923	0.0718223
439	-4.31392	-4.24637	-4.25295	-4.28417	-4.45481	0.265378	0.263639	0.255534	0.215448	0.0880464
440	-5.60283	-5.50153	-5.51164	-5.55906	-5.80233	0.272164	0.269426	0.256948	0.201462	0.0836274
441	-11.1063	-10.8425	-10.869	-10.9937	-11.6354	0.304306	0.296368	0.261618	0.137708	0.063396
442	-7.58595	-7.37071	-7.39185	-7.49246	-8.03835	0.296087	0.289895	0.262148	0.151869	0.0679672
443	-4.40664	-4.32822	-4.33589	-4.37224	-4.56826	0.267674	0.265629	0.256147	0.210551	0.0865048
444	-4.4849	-4.40799	-4.41557	-4.45137	-4.64362	0.267375	0.265355	0.256024	0.211246	0.0867218
445	-5.79442	-5.72946	-5.73575	-5.76571	-5.93098	0.264858	0.263197	0.255429	0.216517	0.0883842
446	-9.14496	-8.981	-8.9969	-9.07296	-9.49899	0.286362	0.281845	0.261203	0.170591	0.0739292
447	-4.40664	-4.32822	-4.33589	-4.37224	-4.56826	0.267674	0.265629	0.256147	0.210551	0.0865048
448	-4.7166	-4.6413	-4.64865	-4.68353	-4.87207	0.267006	0.265049	0.255964	0.211981	0.0869548
449	-4.57161	-4.44012	-4.45354	-4.51579	-4.81882	0.277891	0.274185	0.257638	0.190286	0.0800745
450	-4.4849	-4.40799	-4.41557	-4.45137	-4.64362	0.267375	0.265355	0.256024	0.211246	0.0867218
451	-4.22719	-4.14591	-4.15391	-4.19174	-4.39271	0.268202	0.266063	0.256188	0.209546	0.0861844
452	-4.40664	-4.32822	-4.33589	-4.37224	-4.56826	0.267674	0.265629	0.256147	0.210551	0.0865048
453	-4.57161	-4.44012	-4.45354	-4.51579	-4.81882	0.277891	0.274185	0.257638	0.190286	0.0800745
454	-4.28684	-4.19848	-4.2072	-4.24833	-4.46538	0.269655	0.267315	0.256542	0.206488	0.0852204
455	-12.3495	-11.9093	-11.9526	-12.1608	-13.3305	0.335958	0.3217	0.261237	0.0811058	0.0452107
456	-4.48016	-4.3931	-4.40169	-4.44221	-4.65629	0.269387	0.267084	0.256477	0.207051	0.085398
457	-5.79442	-5.72946	-5.73575	-5.76571	-5.93098	0.264858	0.263197	0.255429	0.216517	0.0883842
458	-13.1081	-12.7421	-12.7781	-12.9505	-13.917	0.324109	0.312659	0.263135	0.100097	0.0513997
459	-4.20752	-4.1055	-4.11568	-4.16342	-4.40867	0.272326	0.269569	0.257	0.201105	0.0835155
460	-10.6884	-10.4647	-10.4869	-10.592	-11.1449	0.297176	0.290648	0.26165	0.150526	0.0675116
461	-7.9029	-7.64284	-7.66893	-7.79192	-8.42364	0.303601	0.295784	0.261554	0.139061	0.0638271
462	-5.42812	-5.35378	-5.36104	-5.39547	-5.58159	0.266794	0.264864	0.2559	0.212442	0.0870997
463	-8.6257	-8.43036	-8.44954	-8.54083	-9.03836	0.292323	0.286772	0.261752	0.159153	0.0702854
464	-11.2008	-10.8666	-10.9002	-11.0595	-11.8922	0.317463	0.306954	0.26175	0.113833	0.0557397
465	-4.44508	-4.38915	-4.39455	-4.42028	-4.56395	0.26291	0.261494	0.254851	0.220745	0.0897128
466	-7.66191	-7.52348	-7.53702	-7.60143	-7.95445	0.280785	0.27701	0.259728	0.182477	0.0776712
467	-12.1609	-11.8593	-11.888	-12.0276	-12.8767	0.314638	0.305715	0.265901	0.113746	0.0559168
468	-11.4037	-14.8403	-13.3157	-11.8623	-10.7234	0.011546	0.0530343	0.226872	0.708548	0.244893
469	-4.18564	-4.11491	-4.12185	-4.15468	-4.33274	0.266073	0.264234	0.255699	0.213994	0.0875879
470	-9.94232	-9.81295	-9.8257	-9.88609	-10.2125	0.278751	0.27522	0.259091	0.186939	0.0790718
471	-5.1575	-5.09552	-5.10154	-5.13018	-5.28898	0.264268	0.262682	0.255266	0.217784	0.088783
472	-8.09326	-7.89706	-7.91699	-8.01024	-8.48209	0.291516	0.285763	0.260321	0.1624	0.0712568
473	-16.318	-19.6493	-18.1344	-16.7288	-15.8965	0.0149834	0.0681578	0.277956	0.638903	0.225062
474	-7.09792	-6.92587	-6.94265	-7.02268	-7.4626	0.28771	0.28292	0.261161	0.16821	0.073163
475	-4.64721	-4.57619	-4.58315	-4.61611	-4.79577	0.266184	0.264338	0.255768	0.213709	0.0874999
476	-5.56764	-5.49781	-5.50464	-5.53698	-5.7137	0.265914	0.264106	0.2557	0.21428	0.0876798
477	-10.5262	-13.9664	-12.4414	-10.9851	-9.81671	0.0112708	0.0517943	0.222189	0.714745	0.246651
478	-4.90531	-4.82523	-4.83311	-4.87033	-5.06844	0.267942	0.265838	0.256124	0.210096	0.0863577
479	-4.44508	-4.38915	-4.39455	-4.42028	-4.56395	0.26291	0.261494	0.254851	0.220745	0.0897128
480	-4.4849	-4.40799	-4.41557	-4.45137	-4.64362	0.267375	0.265355	0.256024	0.211246	0.0867218
481	-4.01409	-3.93262	-3.94068	-3.97867	-4.18094	0.268306	0.266152	0.256233	0.209308	0.0861103
482	-8.50268	-8.33143	-8.34812	-8.42777	-8.8683	0.287672	0.282911	0.261251	0.168166	0.0731535
483	-7.24837	-7.04811	-7.06845	-7.16359	-7.64477	0.292274	0.286388	0.260399	0.16094	0.0707919
484	-16.3653	-15.9225	-15.9654	-16.1731	-17.406	0.337477	0.323295	0.262676	0.0765521	0.0438204
485	-32.7324	-43.895	-39.2562	-34.5907	-29.6639	6.55118e-07	6.77523e-05	0.00719692	0.992735	0.325305
486	-4.2616	-4.19377	-4.20037	-4.23172	-4.40313	0.265443	0.263697	0.255559	0.215301	0.0880004
487	-7.27671	-7.09303	-7.11162	-7.19868	-7.64336	0.289178	0.283852	0.260184	0.166787	0.0726579
488	-11.2904	-11.1115	-11.1295	-11.2142	-11.6484	0.288256	0.283103	0.260131	0.168509	0.0732082
489	-4.2616	-4.19377	-4.20037	-4.23172	-4.40313	0.265443	0.263697	0.255559	0.215301	0.0880004
490	-5.56764	-5.49781	-5.50464	-5.53698	-5.7137	0.265914	0.264106	0.2557	0.21428	0.0876798
491	-16.1991	-19.663	-18.1359	-16.6724	-15.5471	0.0115194	0.0530458	0.229218	0.706217	0.244258
492	-5.1575	-5.09552	-5.10154	-5.13018	-5.28898	0.264268	0.262682	0.255266	0.217784	0.088783
493	-10.8408	-14.3915	-12.8557	-11.3487	-9.9262	0.00880645	0.0409062	0.184619	0.765668	0.261141
494	-11.3365	-11.0097	-11.0428	-11.1989	-12.0036	0.315933	0.305651	0.261483	0.116933	0.0567217
495	-4.0243	-3.90964	-3.92121	-3.97516	-4.24548	0.274739	0.27158	0.257315	0.196366	0.08201
496	-4.4849	-4.40799	-4.41557	-4.45137	-4.64362	0.267375	0.265355	0.256024	0.211246	0.0867218
497	-5.17418	-5.10802	-5.11447	-5.14509	-5.3135	0.26515	0.263446	0.255503	0.215901	0.0881903
498	-3.8659	-3.78753	-3.79519	-3.83152	-4.02741	0.267663	0.265619	0.256143	0.210575	0.0865125
599	-4.4849	-4.40799	-4.41557	-4.45137	-4.64362	0.267375	0.265355	0.256024	0.211246	0.0867218
600	-15.6226	-15.3655	-15.3901	-15.509	-16.2199	0.306034	0.298602	0.265128	0.130237	0.0611715
601	-9.57049	-9.45362	-9.46476	-9.5184	-9.83234	0.276936	0.273869	0.259565	0.18963	0.0799588
602	-7.7397	-7.55545	-7.57411	-7.66153	-8.10803	0.289324	0.283975	0.260204	0.166497	0.0725658
603	-4.43485	-4.37943	-4.38478	-4.41029	-4.55278	0.262804	0.261401	0.254818	0.220977	0.0897854
604	-4.56306	-4.43329	-4.44653	-4.50797	-4.80802	0.277596	0.273945	0.257619	0.190839	0.0802511
605	-5.79708	-5.73985	-5.74539	-5.77178	-5.91977	0.263269	0.261815	0.254995	0.21992	0.0894551
606	-16.6825	-16.3826	-16.413	-16.5565	-17.302	0.3116	0.302273	0.261869	0.124258	0.0590915
607	-5.55556	-5.48624	-5.49302	-5.52514	-5.70061	0.265806	0.264011	0.255664	0.214519	0.0877546
608	-7.83488	-7.65201	-7.66991	-7.75519	-8.22252	0.2899	0.284758	0.261479	0.163863	0.0717834
609	-4.43485	-4.37943	-4.38478	-4.41029	-4.55278	0.262804	0.261401	0.254818	0.220977	0.0897854
610	-5.53248	-5.47968	-5.48476	-5.50903	-5.64561	0.262253	0.260924	0.254667	0.222155	0.0901564
611	-3.85891	-3.78171	-3.78925	-3.82504	-4.0185	0.267435	0.265425	0.256093	0.211047	0.0866616
612	-8.78976	-8.60796	-8.62627	-8.71224	-9.15547	0.288915	0.283675	0.260306	0.167105	0.0727661
613	-4.25357	-4.18662	-4.19313	-4.22407	-4.39361	0.265268	0.263547	0.255516	0.215669	0.0881164
614	-11.2201	-14.7592	-13.2263	-11.7323	-10.3669	0.00933773	0.0432498	0.192659	0.754753	0.258035
615	-10.9035	-10.7506	-10.7654	-10.8364	-11.2328	0.284053	0.279869	0.260703	0.175375	0.07544
616	-15.4657	-15.155	-15.1856	-15.3323	-16.1644	0.315262	0.305773	0.264065	0.1149	0.0561967
617	-9.41747	-12.9265	-11.3945	-9.90441	-8.55586	0.0095004	0.0439656	0.195087	0.751447	0.257094
618	-11.0368	-10.9053	-10.9181	-10.9791	-11.3161	0.279388	0.275835	0.259512	0.185265	0.0785556
619	-7.57356	-7.28092	-7.31049	-7.4496	-8.15209	0.309204	0.300195	0.261211	0.12939	0.0607063
620	-27.006	-37.7043	-33.0932	-28.5585	-24.3101	1.50224e-06	0.00015112	0.0140835	0.985764	0.3234
621	-22.9444	-26.2102	-24.6977	-23.3055	-22.6365	0.016822	0.0763416	0.307169	0.599667	0.213909
622	-3.85891	-3.78171	-3.78925	-3.82504	-4.0185	0.267435	0.265425	0.256093	0.211047	0.0866616
623	-12.1512	-11.8694	-11.8974	-12.031	-12.7591	0.309228	0.300678	0.263078	0.127016	0.0600365
624	-12.4789	-12.2201	-12.245	-12.3652	-13.0756	0.306237	0.298708	0.264877	0.130178	0.0611403
625	-5.787	-5.72294	-5.72915	-5.75869	-5.922	0.264676	0.263039	0.255382	0.216903	0.0885059
626	-18.5574	-22.0053	-20.4785	-19.0171	-17.9199	0.0117766	0.054211	0.233756	0.700257	0.242568
627	-10.4363	-10.2834	-10.2982	-10.3689	-10.7658	0.284029	0.279863	0.260762	0.175346	0.0754335
628	-8.82507	-8.68036	-8.6945	-8.76178	-9.13042	0.282058	0.278099	0.260005	0.179837	0.0768378
629	-3.78882	-3.70175	-3.71033	-3.75087	-3.96533	0.26941	0.267107	0.256495	0.206987	0.0853782
630	-8.61839	-8.41678	-8.4365	-8.53057	-9.04821	0.293707	0.287973	0.262118	0.156203	0.0693565
631	-10.079	-13.6033	-12.0674	-10.56	-9.13632	0.0087944	0.0408535	0.184443	0.765909	0.26121
632	-4.56306	-4.43329	-4.44653	-4.50797	-4.80802	0.277596	0.273945	0.257619	0.190839	0.0802511
633	-16.9568	-16.5029	-16.5475	-16.7628	-18.0309	0.339622	0.32481	0.261882	0.0736864	0.0428614
634	-4.56306	-4.43329	-4.44653	-4.50797	-4.80802	0.277596	0.273945	0.257619	0.190839	0.0802511
635	-4.43485	-4.37943	-4.38478	-4.41029	-4.55278	0.262804	0.261401	0.254818	0.220977	0.0897854
636	-11.259	-14.8024	-13.2684	-11.771	-10.4172	0.00937962	0.0434883	0.194392	0.75274	0.257473
637	-5.79708	-5.73985	-5.74539	-5.77178	-5.91977	0.263269	0.261815	0.254995	0.21992	0.0894551
638	-5.17466	-5.11283	-5.11883	-5.14736	-5.30483	0.264174	0.262594	0.255207	0.218025	0.0888575
639	-3.98326	-3.90735	-3.91484	-3.95019	-4.14013	0.26717	0.265177	0.255966	0.211686	0.0868603
640	-22.0682	-29.2006	-26.1293	-23.117	-20.2692	0.000124578	0.00268714	0.0546443	0.942544	0.311495
641	-11.1525	-14.688	-13.1542	-11.6573	-10.3065	0.00940688	0.0436099	0.194834	0.752149	0.257305
642	-8.87064	-8.7028	-8.71917	-8.79732	-9.22986	0.287034	0.282373	0.261146	0.169447	0.0735593
643	-4.63426	-4.56372	-4.57063	-4.6034	-4.78188	0.266086	0.264251	0.255733	0.21393	0.0875691
644	-4.39968	-4.32243	-4.32998	-4.36579	-4.55937	0.267445	0.265434	0.256097	0.211024	0.0866544
645	-4.00181	-3.92091	-3.92892	-3.96667	-4.16758	0.26819	0.26605	0.256196	0.209564	0.0861905
646	-15.1338	-18.371	-16.8555	-15.4466	-14.5825	0.0146271	0.0665776	0.272412	0.646383	0.227189
647	-4.03384	-3.95962	-3.96689	-4.00132	-4.18694	0.266767	0.264835	0.255873	0.212525	0.087125
648	-4.43485	-4.37943	-4.38478	-4.41029	-4.55278	0.262804	0.261401	0.254818	0.220977	0.0897854
649	-4.43485	-4.37943	-4.38478	-4.41029	-4.55278	0.262804	0.261401	0.254818	0.220977	0.0897854
650	-5.17466	-5.11283	-5.11883	-5.14736	-5.30483	0.264174	0.262594	0.255207	0.218025	0.0888575
651	-5.16162	-5.09592	-5.10233	-5.13276	-5.30003	0.265054	0.26336	0.255468	0.216117	0.088258
652	-8.87064	-8.7028	-8.71917	-8.79732	-9.22986	0.287034	0.282373	0.261146	0.169447	0.0735593
653	-7.07803	-6.90857	-6.92509	-7.00393	-7.43867	0.287258	0.282549	0.26113	0.169063	0.0734354
654	-4.05803	-3.9791	-3.98685	-4.02353	-4.21964	0.267736	0.265668	0.2561	0.210495	0.0864846
655	-3.98326	-3.90735	-3.91484	-3.95019	-4.14013	0.26717	0.265177	0.255966	0.211686	0.0868603
656	-4.56306	-4.43329	-4.44653	-4.50797	-4.80802	0.277596	0.273945	0.257619	0.190839	0.0802511
657	-5.16162	-5.09592	-5.10233	-5.13276	-5.30003	0.265054	0.26336	0.255468	0.216117	0.088258
658	-3.85891	-3.78171	-3.78925	-3.82504	-4.0185	0.267435	0.265425	0.256093	0.211047	0.0866616
659	-4.2187	-4.13843	-4.14633	-4.18369	-4.3826	0.268009	0.265898	0.256148	0.209945	0.0863104
660	-4.00181	-3.92091	-3.92892	-3.96667	-4.16758	0.26819	0.26605	0.256196	0.209564	0.0861905
661	-4.33563	-4.25727	-4.26485	-4.301	-4.50192	0.267906	0.265884	0.256444	0.209766	0.0862675
662	-4.27922	-4.19209	-4.20068	-4.24124	-4.45583	0.269421	0.267117	0.256499	0.206963	0.0853708
663	-5.69962	-5.59051	-5.60148	-5.65275	-5.91197	0.273685	0.270699	0.25717	0.198446	0.0826703
664	-4.27922	-4.19209	-4.20068	-4.24124	-4.45583	0.269421	0.267117	0.256499	0.206963	0.0853708
665	-17.5752	-17.1187	-17.1635	-17.3802	-18.6612	0.340147	0.325231	0.261878	0.072743	0.0425584
666	-4.2187	-4.13843	-4.14633	-4.18369	-4.3826	0.268009	0.265898	0.256148	0.209945	0.0863104
667	-8.35091	-8.08989	-8.116	-8.23937	-8.87941	0.304003	0.296168	0.261793	0.138036	0.0635101
668	-18.3887	-17.9911	-18.03	-18.2178	-19.3313	0.331034	0.318413	0.26389	0.0866633	0.0471255
669	-7.07803	-6.90857	-6.92509	-7.00393	-7.43867	0.287258	0.282549	0.26113	0.169063	0.0734354
670	-4.00181	-3.92091	-3.92892	-3.96667	-4.16758	0.26819	0.26605	0.256196	0.209564	0.0861905
671	-4.56306	-4.43329	-4.44653	-4.50797	-4.80802	0.277596	0.273945	0.257619	0.190839	0.0802511
672	-4.00181	-3.92091	-3.92892	-3.96667	-4.16758	0.26819	0.26605	0.256196	0.209564	0.0861905
673	-4.39968	-4.32243	-4.32998	-4.36579	-4.55937	0.267445	0.265434	0.256097	0.211024	0.0866544
674	-4.43485	-4.37943	-4.38478	-4.41029	-4.55278	0.262804	0.261401	0.254818	0.220977	0.0897854
675	-11.4572	-11.154	-11.1846	-11.3294	-12.0883	0.31232	0.302906	0.262077	0.122697	0.058601
676	-7.49537	-7.2944	-7.31478	-7.4102	-7.89337	0.292409	0.28651	0.260437	0.160644	0.0706989
677	-5.79708	-5.73985	-5.74539	-5.77178	-5.91977	0.263269	0.261815	0.254995	0.21992	0.0894551
678	-10.0688	-9.83065	-9.85441	-9.96676	-10.5535	0.299884	0.292842	0.261723	0.145551	0.0659184
679	-9.37736	-9.19297	-9.21108	-9.29727	-9.76681	0.29016	0.284954	0.261422	0.163464	0.0716527
680	-7.71132	-7.50066	-7.52215	-7.62257	-8.12649	0.294222	0.287967	0.260454	0.157356	0.0696444
681	-10.842	-10.4973	-10.5318	-10.6957	-11.5722	0.319749	0.308911	0.2622	0.109139	0.0542556
682	-15.1661	-14.8464	-14.877	-15.0255	-15.9295	0.318016	0.308432	0.265886	0.107666	0.0539648
683	-4.56306	-4.43329	-4.44653	-4.50797	-4.80802	0.277596	0.273945	0.257619	0.190839	0.0802511
684	-12.678	-12.4162	-12.4415	-12.5635	-13.2738	0.306536	0.298874	0.264561	0.130029	0.0610769
685	-8.74817	-8.54085	-8.56196	-8.66061	-9.15689	0.293571	0.28744	0.260436	0.158552	0.0700276
686	-4.27922	-4.19209	-4.20068	-4.24124	-4.45583	0.269421	0.267117	0.256499	0.206963	0.0853708
687	-8.81415	-8.64294	-8.66018	-8.74113	-9.1592	0.286851	0.281948	0.260022	0.171178	0.0740594
688	-8.8523	-8.71292	-8.72651	-8.79124	-9.14744	0.280997	0.277205	0.259831	0.181967	0.0775126
689	-3.99566	-3.91923	-3.92676	-3.96233	-4.15355	0.267279	0.265273	0.256002	0.211446	0.0867852
690	-23.6394	-31.8379	-28.7632	-25.7382	-22.9405	0.000128509	0.00278136	0.0572775	0.939813	0.310745
691	-4.64721	-4.57619	-4.58315	-4.61611	-4.79577	0.266184	0.264338	0.255768	0.213709	0.0874999
692	-8.8523	-8.71292	-8.72651	-8.79124	-9.14744	0.280997	0.277205	0.259831	0.181967	0.0775126
693	-11.7174	-15.2583	-13.7246	-12.2283	-10.8804	0.00943365	0.0437289	0.195256	0.751582	0.257144
694	-6.86355	-6.65543	-6.67584	-6.77305	-7.30236	0.29477	0.288814	0.26206	0.154356	0.0687609
695	-4.43485	-4.37943	-4.38478	-4.41029	-4.55278	0.262804	0.261401	0.254818	0.220977	0.0897854
696	-4.00181	-3.92091	-3.92892	-3.96667	-4.16758	0.26819	0.26605	0.256196	0.209564	0.0861905
697	-15.8894	-15.547	-15.5809	-15.7436	-16.6625	0.320939	0.310231	0.263643	0.105187	0.0530585
698	-15.2986	-18.8949	-17.3566	-15.8383	-14.3645	0.0083541	0.0389011	0.177563	0.775182	0.263847
699	-4.25357	-4.18662	-4.19313	-4.22407	-4.39361	0.265268	0.263547	0.255516	0.215669	0.0881164
700	-5.52786	-5.47272	-5.47805	-5.50346	-5.6459	0.262785	0.261388	0.254829	0.220998	0.0897929
701	-11.5698	-15.1197	-13.5836	-12.076	-10.6728	0.00892894	0.0414893	0.187361	0.76222	0.260169
702	-5.53248	-5.47968	-5.48476	-5.50903	-5.64561	0.262253	0.260924	0.254667	0.222155	0.0901564
703	-4.03384	-3.95962	-3.96689	-4.00132	-4.18694	0.266767	0.264835	0.255873	0.212525	0.087125
704	-4.00181	-3.92091	-3.92892	-3.96667	-4.16758	0.26819	0.26605	0.256196	0.209564	0.0861905
705	-6.01694	-5.96146	-5.96682	-5.99239	-6.13564	0.262859	0.261452	0.254851	0.220839	0.0897428
706	-6.56724	-6.39355	-6.41105	-6.49317	-6.91706	0.287335	0.28235	0.260089	0.170227	0.0737573
707	-43.0472	-61.2669	-53.5448	-45.8104	-37.7461	6.09385e-11	1.37578e-07	0.000314477	0.999685	0.327204
708	-4.00181	-3.92091	-3.92892	-3.96667	-4.16758	0.26819	0.26605	0.256196	0.209564	0.0861905
709	-4.43485	-4.37943	-4.38478	-4.41029	-4.55278	0.262804	0.261401	0.254818	0.220977	0.0897854
710	-10.554	-10.4024	-10.4172	-10.4878	-10.8735	0.283473	0.279298	0.260262	0.176967	0.0759291
711	-7.4531	-7.26458	-7.28362	-7.37293	-7.82969	0.29013	0.284656	0.260335	0.164879	0.0720531
712	-14.2723	-17.7687	-16.239	-14.7614	-13.4995	0.0102765	0.0474423	0.20792	0.734361	0.252242
713	-9.31477	-9.17952	-9.19289	-9.25618	-9.59619	0.279943	0.276224	0.259284	0.184549	0.0783143
714	-4.25357	-4.18662	-4.19313	-4.22407	-4.39361	0.265268	0.263547	0.255516	0.215669	0.0881164
715	-3.85891	-3.78171	-3.78925	-3.82504	-4.0185	0.267435	0.265425	0.256093	0.211047	0.0866616
716	-17.4682	-24.6214	-21.5409	-18.4872	-15.4955	0.000103368	0.0022503	0.0476918	0.949955	0.313536
717	-4.43485	-4.37943	-4.38478	-4.41029	-4.55278	0.262804	0.261401	0.254818	0.220977	0.0897854
718	-13.3493	-16.9005	-15.3665	-13.869	-12.5143	0.00937225	0.0434556	0.194277	0.752895	0.257517
719	-10.168	-9.81159	-9.8475	-10.0179	-10.9195	0.321695	0.310347	0.261722	0.106236	0.0533003
720	-3.85891	-3.78171	-3.78925	-3.82504	-4.0185	0.267435	0.265425	0.256093	0.211047	0.0866616
721	-11.9098	-11.684	-11.7057	-11.8102	-12.4257	0.299731	0.293309	0.264202	0.142759	0.0651446
722	-6.60686	-6.42131	-6.44009	-6.52803	-6.97722	0.289542	0.284156	0.260235	0.166067	0.0724295
723	-27.5475	-34.5798	-31.5112	-28.5158	-25.8918	0.000156647	0.00336963	0.067371	0.929103	0.307797
724	-4.03384	-3.95962	-3.96689	-4.00132	-4.18694	0.266767	0.264835	0.255873	0.212525	0.087125
725	-4.43485	-4.37943	-4.38478	-4.41029	-4.55278	0.262804	0.261401	0.254818	0.220977	0.0897854
726	-8.82223	-8.68789	-8.70117	-8.76402	-9.10193	0.279761	0.276071	0.259253	0.184915	0.0784304
727	-6.88816	-6.72619	-6.74237	-6.81858	-7.21867	0.285158	0.280584	0.259995	0.174264	0.0750484
728	-3.98326	-3.90735	-3.91484	-3.95019	-4.14013	0.26717	0.265177	0.255966	0.211686	0.0868603
729	-8.92152	-8.72592	-8.74583	-8.839	-9.31048	0.291485	0.285738	0.260318	0.16246	0.0712758
730	-15.3043	-15.0446	-15.0697	-15.1905	-15.8951	0.306118	0.298539	0.264566	0.130776	0.0613169
731	-8.82507	-8.68036	-8.6945	-8.76178	-9.13042	0.282058	0.278099	0.260005	0.179837	0.0768378
732	-12.7372	-12.4615	-12.4888	-12.619	-13.331	0.308025	0.299726	0.263132	0.129116	0.0607133
733	-9.8123	-9.66754	-9.68173	-9.74923	-10.1192	0.282163	0.278189	0.26003	0.179619	0.0767688
734	-19.2577	-18.8009	-18.8458	-19.0626	-20.3512	0.34035	0.325426	0.262002	0.0722225	0.0423975
735	-4.25357	-4.18662	-4.19313	-4.22407	-4.39361	0.265268	0.263547	0.255516	0.215669	0.0881164
736	-18.5905	-25.7734	-22.6965	-19.6576	-16.682	0.000106898	0.00231889	0.0484242	0.94915	0.313314
737	-4.25357	-4.18662	-4.19313	-4.22407	-4.39361	0.265268	0.263547	0.255516	0.215669	0.0881164
738	-8.81914	-8.67146	-8.68579	-8.75427	-9.13701	0.282958	0.278933	0.260471	0.177638	0.0761549
739	-32.3459	-42.9836	-38.3692	-33.8206	-29.5667	1.46864e-06	0.000148223	0.0140066	0.985844	0.323422
740	-3.85891	-3.78171	-3.78925	-3.82504	-4.0185	0.267435	0.265425	0.256093	0.211047	0.0866616
741	-8.77504	-8.61462	-8.63071	-8.70641	-9.10093	0.284802	0.280255	0.259823	0.17512	0.0753148
742	-15.7181	-19.1176	-17.5982	-16.1695	-15.1618	0.0130075	0.0594363	0.248055	0.679501	0.236617
743	-11.6497	-11.4664	-11.4843	-11.5698	-12.0297	0.289589	0.284424	0.261128	0.164859	0.072086
744	-5.17466	-5.11283	-5.11883	-5.14736	-5.30483	0.264174	0.262594	0.255207	0.218025	0.0888575
745	-8.1594	-8.00681	-8.02159	-8.09231	-8.48942	0.284046	0.279878	0.26077	0.175305	0.075421
746	-4.39968	-4.32243	-4.32998	-4.36579	-4.55937	0.267445	0.265434	0.256097	0.211024	0.0866544
747	-3.85891	-3.78171	-3.78925	-3.82504	-4.0185	0.267435	0.265425	0.256093	0.211047	0.0866616
748	-3.78882	-3.70175	-3.71033	-3.75087	-3.96533	0.26941	0.267107	0.256495	0.206987	0.0853782
749	-4.47235	-4.38648	-4.39494	-4.43492	-4.64661	0.269162	0.266893	0.256434	0.20751	0.0855432
750	-3.78882	-3.70175	-3.71033	-3.75087	-3.96533	0.26941	0.267107	0.256495	0.206987	0.0853782
751	-8.04745	-7.91638	-7.9294	-7.99094	-8.3203	0.279103	0.275492	0.259049	0.186355	0.0788825
752	-3.85891	-3.78171	-3.78925	-3.82504	-4.0185	0.267435	0.265425	0.256093	0.211047	0.0866616
753	-9.42697	-9.29442	-9.30733	-9.36881	-9.70823	0.279594	0.276009	0.25955	0.184847	0.0784232
754	-3.85891	-3.78171	-3.78925	-3.82504	-4.0185	0.267435	0.265425	0.256093	0.211047	0.0866616
755	-13.7608	-13.3828	-13.4199	-13.5979	-14.6008	0.326177	0.314298	0.263039	0.0964867	0.0502363
756	-4.47253	-4.39615	-4.40368	-4.43926	-4.63023	0.267266	0.265259	0.255988	0.211487	0.0867975
757	-9.28444	-9.08867	-9.10783	-9.19916	-9.69998	0.292479	0.286929	0.261882	0.15871	0.0701498
758	-3.99467	-3.88269	-3.89398	-3.94667	-4.21176	0.274243	0.271166	0.257248	0.197343	0.0823202
759	-13.1525	-12.8856	-12.9114	-13.0353	-13.7618	0.307505	0.2997	0.264751	0.128044	0.060449
760	-4.03384	-3.95962	-3.96689	-4.00132	-4.18694	0.266767	0.264835	0.255873	0.212525	0.087125
761	-4.52486	-4.43844	-4.44698	-4.48729	-4.69953	0.26925	0.266958	0.256412	0.207379	0.0855
762	-4.47235	-4.38648	-4.39494	-4.43492	-4.64661	0.269162	0.266893	0.256434	0.20751	0.0855432
763	-5.79708	-5.73985	-5.74539	-5.77178	-5.91977	0.263269	0.261815	0.254995	0.21992	0.0894551
764	-3.78882	-3.70175	-3.71033	-3.75087	-3.96533	0.26941	0.267107	0.256495	0.206987	0.0853782
765	-11.4608	-11.204	-11.2286	-11.3476	-12.0495	0.305695	0.298254	0.264803	0.131248	0.0614798
766	-3.85891	-3.78171	-3.78925	-3.82504	-4.0185	0.267435	0.265425	0.256093	0.211047	0.0866616
767	-7.07803	-6.90857	-6.92509	-7.00393	-7.43867	0.287258	0.282549	0.26113	0.169063	0.0734354
768	-8.54311	-8.37219	-8.3888	-8.46821	-8.91004	0.28769	0.282949	0.26135	0.168011	0.0731086
769	-3.85891	-3.78171	-3.78925	-3.82504	-4.0185	0.267435	0.265425	0.256093	0.211047	0.0866616
770	-18.3734	-21.849	-20.3217	-18.8572	-17.7192	0.0114032	0.0525199	0.227175	0.708902	0.245019
771	-7.92597	-7.66692	-7.69287	-7.81538	-8.44805	0.303554	0.295778	0.261674	0.138993	0.0638114
772	-24.469	-31.4492	-28.3915	-25.4481	-23.1158	0.00021802	0.00463933	0.0880558	0.907087	0.301734
773	-15.7936	-19.1996	-17.679	-16.2466	-15.2828	0.0133377	0.0610185	0.255597	0.670047	0.233952
774	-4.00181	-3.92091	-3.92892	-3.96667	-4.16758	0.26819	0.26605	0.256196	0.209564	0.0861905
775	-4.00181	-3.92091	-3.92892	-3.96667	-4.16758	0.26819	0.26605	0.256196	0.209564	0.0861905
776	-4.39968	-4.32243	-4.32998	-4.36579	-4.55937	0.267445	0.265434	0.256097	0.211024	0.0866544
777	-11.0079	-10.8384	-10.8555	-10.936	-11.3535	0.286734	0.281873	0.260085	0.171308	0.0741043
778	-4.39968	-4.32243	-4.32998	-4.36579	-4.55937	0.267445	0.265434	0.256097	0.211024	0.0866544
779	-9.98658	-9.82477	-9.84097	-9.9173	-10.3172	0.285171	0.280588	0.259966	0.174274	0.0750504
780	-4.03384	-3.95962	-3.96689	-4.00132	-4.18694	0.266767	0.264835	0.255873	0.212525	0.087125
781	-5.787	-5.72294	-5.72915	-5.75869	-5.922	0.264676	0.263039	0.255382	0.216903	0.0885059
782	-4.25357	-4.18662	-4.19313	-4.22407	-4.39361	0.265268	0.263547	0.255516	0.215669	0.0881164
783	-8.1594	-8.00681	-8.02159	-8.09231	-8.48942	0.284046	0.279878	0.26077	0.175305	0.075421
784	-22.8657	-29.762	-26.7044	-23.7617	-21.4403	0.000220355	0.00468844	0.0889295	0.906162	0.301479
785	-9.21597	-9.0414	-9.05838	-9.13946	-9.58897	0.288342	0.283487	0.261408	0.166763	0.072711
786	-4.48016	-4.3931	-4.40169	-4.44221	-4.65629	0.269387	0.267084	0.256477	0.207051	0.085398
