Sites	Ll	Ll_YN98.omega_1=0.0524795	Ll_YN98.omega_1=1	Ll_YN98.omega_1=11.031	Pr_YN98.omega_1=0.0524795	Pr_YN98.omega_1=1	Pr_YN98.omega_1=11.031	mean
270	-4.40942	-4.33821	-5.24196	-7.48659	0.999226	0.000429134	0.000344995	0.0566737
301	-3.78223	-3.73826	-4.28591	-5.9954	0.998547	0.000612286	0.000840579	0.062288
302	-5.65636	-5.62037	-6.05262	-7.53132	0.998125	0.000686885	0.0011878	0.0661707
303	-4.4047	-4.3636	-4.85774	-6.41905	0.998326	0.000645794	0.00102819	0.0643794
304	-7.48262	-7.4039	-8.56077	-11.4201	0.999522	0.00033327	0.000144902	0.0543861
305	-12.9498	-13.7854	-12.2637	-12.9177	0.976551	0.00474218	0.018707	0.262348
306	-4.50355	-4.46782	-4.92046	-6.72265	0.998484	0.000673268	0.000842465	0.0623665
307	-3.72283	-3.68127	-4.18027	-5.7455	0.998338	0.000642672	0.00101923	0.0642781
308	-5.06779	-5.02236	-5.56466	-7.28065	0.998545	0.000615567	0.000839612	0.0622805
309	-3.93625	-3.88543	-4.49659	-6.35321	0.998744	0.00057472	0.00068106	0.0605011
310	-4.48533	-4.43027	-5.09683	-7.08114	0.998889	0.000543825	0.000567193	0.0592217
311	-9.4691	-9.85865	-7.97236	-8.3492	0.958418	0.00670169	0.03488	0.441762
312	-4.08248	-4.04256	-4.54351	-6.38207	0.998584	0.00064158	0.000774145	0.0615864
313	-3.88025	-3.84077	-4.33866	-6.21602	0.998609	0.000643561	0.000746988	0.0612901
314	-8.33585	-8.26402	-9.3395	-12.1308	0.99947	0.000361511	0.000168244	0.0546691
315	-7.65245	-7.58891	-8.53813	-11.0502	0.999338	0.000410103	0.000252329	0.0556383
316	-4.08248	-4.04256	-4.54351	-6.38207	0.998584	0.00064158	0.000774145	0.0615864
317	-5.01808	-4.98543	-5.39187	-7.03782	0.998264	0.000704945	0.00103128	0.0644694
318	-3.93625	-3.88543	-4.49659	-6.35321	0.998744	0.00057472	0.00068106	0.0605011
319	-4.32638	-4.28912	-4.7442	-6.13349	0.998059	0.000671341	0.0012695	0.0670529
320	-4.35005	-4.31227	-4.78894	-6.60687	0.998533	0.000657313	0.000809662	0.0619912
321	-17.6389	-17.5154	-20.302	-26.7346	0.999934	6.53409e-05	7.97243e-07	0.0525502
355	-4.2436	-4.20694	-4.66089	-6.19029	0.998223	0.000672215	0.00110495	0.0652472
356	-5.68929	-5.63766	-6.28266	-8.32919	0.9989	0.000555687	0.000544605	0.058985
357	-3.95921	-3.92057	-4.42981	-6.47756	0.998741	0.000636386	0.000622932	0.0599214
358	-4.55077	-4.49325	-5.21801	-7.45425	0.999071	0.000513172	0.00041603	0.0575331
359	-12.9798	-12.9038	-14.0968	-17.0579	0.999552	0.000321458	0.000126237	0.05417
360	-8.51627	-8.43667	-9.66734	-12.5858	0.999564	0.000309574	0.000126862	0.0541656
361	-4.33819	-4.2968	-4.82342	-6.31802	0.998311	0.000625146	0.00106398	0.0647528
362	-9.59441	-9.52276	-10.6439	-13.5428	0.99951	0.000345375	0.000144345	0.0543914
363	-8.27486	-8.19495	-9.4359	-12.3499	0.999567	0.000306409	0.000126129	0.0541545
364	-4.39522	-4.35469	-4.85917	-6.44433	0.998367	0.000639174	0.000993671	0.0639942
365	-11.7654	-11.6572	-13.7975	-18.4839	0.999867	0.000124702	8.72227e-06	0.0526934
366	-3.85437	-3.81389	-4.31805	-5.90355	0.998367	0.000639386	0.00099366	0.0639943
367	-18.9489	-18.8437	-21.6086	-28.8467	0.999933	6.67767e-05	3.64078e-07	0.0525468
368	-4.60702	-4.57032	-5.05545	-7.09407	0.998704	0.000651884	0.000643959	0.0601669
369	-8.38758	-8.31987	-9.35768	-12.1597	0.999452	0.00037538	0.000172831	0.0547326
370	-4.02323	-3.98395	-4.47299	-6.10001	0.998383	0.000649137	0.000967781	0.0637194
371	-16.4598	-16.3769	-17.8852	-22.0005	0.999736	0.000234547	2.90422e-05	0.0530206
372	-4.70172	-4.66225	-5.15157	-6.73403	0.99834	0.000648928	0.00101156	0.0641998
373	-3.85685	-3.82582	-4.20493	-5.53245	0.997819	0.000724154	0.00145662	0.0691572
374	-4.44815	-4.39353	-5.07842	-7.18596	0.998974	0.00053399	0.000492366	0.0583909
375	-3.85685	-3.82582	-4.20493	-5.53245	0.997819	0.000724154	0.00145662	0.0691572
376	-4.42148	-4.38893	-4.78491	-6.3141	0.998117	0.000712249	0.00117102	0.0660105
377	-4.33819	-4.2968	-4.82342	-6.31802	0.998311	0.000625146	0.00106398	0.0647528
378	-3.80986	-3.76354	-4.34149	-6.11648	0.998642	0.000594068	0.000763864	0.0614285
379	-5.68929	-5.63766	-6.28266	-8.32919	0.9989	0.000555687	0.000544605	0.058985
380	-4.44815	-4.39353	-5.07842	-7.18596	0.998974	0.00053399	0.000492366	0.0583909
381	-4.42148	-4.38893	-4.78491	-6.3141	0.998117	0.000712249	0.00117102	0.0660105
382	-3.85437	-3.81389	-4.31805	-5.90355	0.998367	0.000639386	0.00099366	0.0639943
383	-4.42148	-4.38893	-4.78491	-6.3141	0.998117	0.000712249	0.00117102	0.0660105
384	-4.42148	-4.38893	-4.78491	-6.3141	0.998117	0.000712249	0.00117102	0.0660105
385	-3.85685	-3.82582	-4.20493	-5.53245	0.997819	0.000724154	0.00145662	0.0691572
386	-4.39522	-4.35469	-4.85917	-6.44433	0.998367	0.000639174	0.000993671	0.0639942
387	-11.9873	-11.8888	-13.7479	-18.5736	0.999825	0.000165171	1.00511e-05	0.0527463
388	-3.85437	-3.81389	-4.31805	-5.90355	0.998367	0.000639386	0.00099366	0.0639943
389	-4.21073	-4.16985	-4.68553	-6.36847	0.998477	0.000632129	0.000891173	0.0628622
390	-3.85685	-3.82582	-4.20493	-5.53245	0.997819	0.000724154	0.00145662	0.0691572
391	-18.1211	-18.0067	-20.6044	-29.041	0.999921	7.89269e-05	1.29811e-07	0.0525557
392	-7.89741	-7.79928	-9.32974	-12.4812	0.999696	0.000229414	7.44771e-05	0.0535145
393	-19.0499	-18.9124	-22.4191	-29.8912	0.999968	3.1805e-05	1.37231e-07	0.0525111
394	-7.26124	-7.18811	-8.3329	-11.2478	0.999524	0.000337321	0.000138723	0.0543221
395	-4.33819	-4.2968	-4.82342	-6.31802	0.998311	0.000625146	0.00106398	0.0647528
396	-3.85685	-3.82582	-4.20493	-5.53245	0.997819	0.000724154	0.00145662	0.0691572
397	-8.19181	-8.12009	-9.19677	-11.9976	0.999472	0.000361076	0.000166446	0.0546489
398	-3.78223	-3.73826	-4.28591	-5.9954	0.998547	0.000612286	0.000840579	0.062288
399	-9.94161	-9.83941	-11.7634	-16.5245	0.999835	0.000154807	1.00489e-05	0.0527365
400	-8.61861	-8.54671	-9.63011	-12.4392	0.999477	0.000358659	0.000163974	0.0546195
401	-5.27276	-5.23722	-5.67483	-7.14722	0.998128	0.000683215	0.00118893	0.0661796
402	-14.3657	-14.2346	-16.9437	-21.9882	0.999926	7.06044e-05	3.45189e-06	0.0525843
403	-3.98148	-3.92885	-4.58859	-6.66247	0.99893	0.000547573	0.000522175	0.058731
404	-4.44815	-4.39353	-5.07842	-7.18596	0.998974	0.00053399	0.000492366	0.0583909
405	-10.1134	-10.0384	-11.221	-14.1169	0.999539	0.000324818	0.000136146	0.054282
406	-3.78223	-3.73826	-4.28591	-5.9954	0.998547	0.000612286	0.000840579	0.062288
407	-20.1975	-20.0642	-24.1257	-34.254	0.999982	1.82622e-05	5.53283e-09	0.0524969
408	-18.5841	-18.4669	-21.2495	-30.0074	0.999934	6.56094e-05	7.82528e-08	0.0525425
409	-3.85437	-3.81389	-4.31805	-5.90355	0.998367	0.000639386	0.00099366	0.0639943
410	-4.18798	-4.13867	-4.75202	-6.64988	0.998774	0.000573478	0.000652135	0.0601824
411	-3.95921	-3.92057	-4.42981	-6.47756	0.998741	0.000636386	0.000622932	0.0599214
412	-8.30303	-8.23291	-9.29086	-12.0726	0.999459	0.000367898	0.000172852	0.0547257
413	-10.7251	-10.6497	-11.8685	-14.7798	0.999557	0.00031327	0.000129304	0.0541959
414	-4.33819	-4.2968	-4.82342	-6.31802	0.998311	0.000625146	0.00106398	0.0647528
415	-9.77506	-9.69761	-10.8877	-13.7713	0.999541	0.000322376	0.000136807	0.0542869
416	-9.49546	-9.3967	-10.9983	-14.1804	0.999719	0.000213674	6.72666e-05	0.0534204
417	-4.04754	-4.00639	-4.5188	-6.19494	0.998466	0.000634195	0.000900187	0.0629632
418	-9.68412	-9.60916	-10.7941	-13.711	0.999543	0.000324044	0.000133011	0.0542468
419	-4.51628	-4.47315	-5.01681	-6.76884	0.998576	0.000614749	0.000808818	0.0619416
420	-4.39522	-4.35469	-4.85917	-6.44433	0.998367	0.000639174	0.000993671	0.0639942
421	-3.97802	-3.93745	-4.47175	-6.59793	0.998818	0.000620681	0.000561731	0.0592346
422	-3.80986	-3.76354	-4.34149	-6.11648	0.998642	0.000594068	0.000763864	0.0614285
423	-4.40942	-4.33821	-5.24196	-7.48659	0.999226	0.000429134	0.000344995	0.0566737
424	-8.363	-8.28612	-9.45407	-12.3152	0.999527	0.000329596	0.000143047	0.0543622
425	-4.21073	-4.16985	-4.68553	-6.36847	0.998477	0.000632129	0.000891173	0.0628622
426	-3.78223	-3.73826	-4.28591	-5.9954	0.998547	0.000612286	0.000840579	0.062288
427	-7.54479	-7.46716	-8.65573	-11.5452	0.999541	0.000322878	0.00013621	0.0542808
428	-4.42148	-4.38893	-4.78491	-6.3141	0.998117	0.000712249	0.00117102	0.0660105
429	-4.46547	-4.42203	-4.9638	-6.66928	0.998535	0.000615888	0.000848929	0.0623831
430	-4.29363	-4.25715	-4.71158	-6.25478	0.998239	0.000671902	0.0010893	0.0650751
431	-3.95921	-3.92057	-4.42981	-6.47756	0.998741	0.000636386	0.000622932	0.0599214
432	-4.42148	-4.38893	-4.78491	-6.3141	0.998117	0.000712249	0.00117102	0.0660105
433	-5.18684	-5.15064	-5.59727	-7.14295	0.998228	0.000677149	0.0010951	0.0651437
434	-4.21073	-4.16985	-4.68553	-6.36847	0.998477	0.000632129	0.000891173	0.0628622
435	-4.21073	-4.16985	-4.68553	-6.36847	0.998477	0.000632129	0.000891173	0.0628622
436	-8.27486	-8.19495	-9.4359	-12.3499	0.999567	0.000306409	0.000126129	0.0541545
437	-4.27271	-4.22868	-4.77663	-6.48543	0.998547	0.000612097	0.000840909	0.0622914
438	-8.72281	-8.64331	-9.88378	-12.8288	0.999571	0.000306556	0.00012233	0.054113
439	-4.29363	-4.25715	-4.71158	-6.25478	0.998239	0.000671902	0.0010893	0.0650751
440	-5.58406	-5.53511	-6.14385	-8.07697	0.998791	0.00057614	0.000632456	0.0599688
441	-11.1621	-11.0629	-12.6143	-15.7764	0.999703	0.000224671	7.21611e-05	0.0534846
442	-7.60083	-7.51249	-8.89018	-11.9059	0.999633	0.000267266	9.93767e-05	0.0538237
443	-4.39522	-4.35469	-4.85917	-6.44433	0.998367	0.000639174	0.000993671	0.0639942
444	-4.44857	-4.40974	-4.92127	-6.97402	0.998747	0.000634929	0.000618412	0.0598704
445	-5.78244	-5.74684	-6.18476	-7.65681	0.998128	0.000683011	0.00118898	0.0661799
446	-9.21596	-9.14399	-10.2811	-13.066	0.999501	0.000339914	0.000159207	0.0545494
447	-4.39522	-4.35469	-4.85917	-6.44433	0.998367	0.000639174	0.000993671	0.0639942
448	-4.70172	-4.66225	-5.15157	-6.73403	0.99834	0.000648928	0.00101156	0.0641998
449	-4.55077	-4.49325	-5.21801	-7.45425	0.999071	0.000513172	0.00041603	0.0575331
450	-4.44857	-4.40974	-4.92127	-6.97402	0.998747	0.000634929	0.000618412	0.0598704
451	-4.21073	-4.16985	-4.68553	-6.36847	0.998477	0.000632129	0.000891173	0.0628622
452	-4.39522	-4.35469	-4.85917	-6.44433	0.998367	0.000639174	0.000993671	0.0639942
453	-4.55077	-4.49325	-5.21801	-7.45425	0.999071	0.000513172	0.00041603	0.0575331
454	-4.27271	-4.22868	-4.77663	-6.48543	0.998547	0.000612097	0.000840909	0.0622914
455	-12.3456	-12.2086	-15.1146	-20.2749	0.999939	5.79873e-05	2.52513e-06	0.0525622
456	-4.46547	-4.42203	-4.9638	-6.66928	0.998535	0.000615888	0.000848929	0.0623831
457	-5.78244	-5.74684	-6.18476	-7.65681	0.998128	0.000683011	0.00118898	0.0661799
458	-13.1007	-12.9782	-15.4495	-20.4205	0.999906	8.95557e-05	4.71289e-06	0.0526161
459	-4.18798	-4.13867	-4.75202	-6.64988	0.998774	0.000573478	0.000652135	0.0601824
460	-10.6902	-10.5994	-11.9801	-15.0155	0.999636	0.000266454	9.71452e-05	0.0537985
461	-7.89741	-7.79928	-9.32974	-12.4812	0.999696	0.000229414	7.44771e-05	0.0535145
462	-5.41402	-5.37486	-5.85786	-7.44695	0.998336	0.000653031	0.00101123	0.0642001
463	-8.64127	-8.55992	-9.83437	-12.7763	0.999585	0.000296318	0.00011862	0.0540625
464	-11.2193	-11.1113	-13.1899	-17.8161	0.999858	0.000132636	9.85303e-06	0.0527133
465	-4.42148	-4.38893	-4.78491	-6.3141	0.998117	0.000712249	0.00117102	0.0660105
466	-7.66644	-7.6039	-8.5526	-11.0719	0.999339	0.000410319	0.000250645	0.05562
467	-12.2224	-12.1063	-14.6375	-21.5259	0.999915	8.43521e-05	6.52429e-07	0.0525666
468	-11.5025	-11.9149	-10.5635	-11.3296	0.981798	0.00402132	0.0141804	0.21197
469	-4.15055	-4.11382	-4.59229	-6.46643	0.99858	0.000656167	0.00076407	0.0614896
470	-9.93383	-9.87391	-10.7627	-13.3792	0.999323	0.000435636	0.000241467	0.0555432
471	-5.12057	-5.08698	-5.52293	-7.36715	0.998494	0.000684608	0.000821397	0.0621459
472	-8.07578	-8.00005	-9.19791	-12.1494	0.999553	0.000319895	0.000126835	0.0541751
473	-16.488	-16.7688	-16.3386	-20.1623	0.998103	0.00162707	0.000269699	0.0569821
474	-7.10766	-7.031	-8.18446	-11.0411	0.99952	0.000334406	0.000145786	0.0543969
475	-4.60702	-4.57032	-5.05545	-7.09407	0.998704	0.000651884	0.000643959	0.0601669
476	-5.53195	-5.49486	-5.97403	-7.91886	0.998633	0.000655742	0.000711458	0.0609116
477	-10.6377	-11.0313	-9.60156	-10.3379	0.97989	0.00434051	0.0157694	0.229717
478	-4.88411	-4.84242	-5.36007	-7.20183	0.99861	0.000630968	0.000758912	0.0614091
479	-4.42148	-4.38893	-4.78491	-6.3141	0.998117	0.000712249	0.00117102	0.0660105
480	-4.44857	-4.40974	-4.92127	-6.97402	0.998747	0.000634929	0.000618412	0.0598704
481	-3.97802	-3.93745	-4.47175	-6.59793	0.998818	0.000620681	0.000561731	0.0592346
482	-8.5211	-8.44514	-9.59835	-12.445	0.999518	0.00033449	0.000147277	0.0544133
483	-7.23155	-7.15364	-8.37811	-11.3789	0.999571	0.000311501	0.000117563	0.0540653
484	-16.3817	-16.2397	-19.6302	-26.8029	0.999964	3.5725e-05	2.07937e-07	0.0525156
485	-31.4418	-35.0448	-27.7357	-26.7894	0.0298149	0.0472247	0.92296	10.23
486	-4.2436	-4.20694	-4.66089	-6.19029	0.998223	0.000672215	0.00110495	0.0652472
487	-7.26124	-7.18811	-8.3329	-11.2478	0.999524	0.000337321	0.000138723	0.0543221
488	-11.3392	-11.2665	-12.383	-15.2328	0.999501	0.000347012	0.000152312	0.0544805
489	-4.2436	-4.20694	-4.66089	-6.19029	0.998223	0.000672215	0.00110495	0.0652472
490	-5.53195	-5.49486	-5.97403	-7.91886	0.998633	0.000655742	0.000711458	0.0609116
491	-16.3024	-16.8143	-15.734	-18.084	0.994646	0.00310641	0.00224763	0.0800986
492	-5.12057	-5.08698	-5.52293	-7.36715	0.998494	0.000684608	0.000821397	0.0621459
493	-10.9004	-11.3761	-9.41714	-9.77006	0.954562	0.00717754	0.0382608	0.479328
494	-11.359	-11.2528	-13.2608	-17.8241	0.999846	0.000142332	1.12594e-05	0.052738
495	-4.00285	-3.94973	-4.61437	-6.68959	0.998936	0.000544895	0.000518923	0.0586928
496	-4.44857	-4.40974	-4.92127	-6.97402	0.998747	0.000634929	0.000618412	0.0598704
497	-5.13785	-5.1025	-5.56128	-7.4755	0.998582	0.000669212	0.000748647	0.0613326
498	-3.85437	-3.81389	-4.31805	-5.90355	0.998367	0.000639386	0.00099366	0.0639943
599	-4.44857	-4.40974	-4.92127	-6.97402	0.998747	0.000634929	0.000618412	0.0598704
600	-15.6465	-15.542	-17.6335	-23.7585	0.999867	0.000130937	2.17302e-06	0.0526274
601	-9.60423	-9.54481	-10.4312	-13.1003	0.999334	0.000436687	0.000229635	0.0554143
602	-7.72351	-7.65159	-8.79847	-11.7036	0.999524	0.000336615	0.000139798	0.0543332
603	-4.41131	-4.37936	-4.77221	-6.286	0.998093	0.000714462	0.00119289	0.0662527
604	-4.5419	-4.48579	-5.20429	-7.40914	0.999052	0.000516385	0.000431984	0.0577113
605	-5.7564	-5.72513	-6.13638	-7.94068	0.998422	0.000701679	0.00087617	0.0627634
606	-16.7087	-16.612	-18.4887	-22.9308	0.999823	0.0001623	1.44941e-05	0.0527924
607	-5.51991	-5.48355	-5.95924	-7.87653	0.998608	0.000658009	0.000733857	0.0611596
608	-7.84353	-7.76527	-8.98055	-11.8839	0.999555	0.000314373	0.000130792	0.0542133
609	-4.41131	-4.37936	-4.77221	-6.286	0.998093	0.000714462	0.00119289	0.0662527
610	-5.51451	-5.48437	-5.85962	-7.22385	0.997863	0.000726987	0.0014096	0.0686437
611	-3.84725	-3.80772	-4.3067	-5.87735	0.998344	0.000642689	0.00101374	0.0642178
612	-8.77301	-8.70073	-9.84787	-12.7466	0.999523	0.000336528	0.000140655	0.0543425
613	-4.23554	-4.19968	-4.64933	-6.16451	0.998199	0.000675096	0.00112559	0.0654765
614	-11.0759	-11.7601	-9.91784	-10.3791	0.962745	0.00644207	0.0308131	0.396867
615	-10.9102	-10.8412	-11.9101	-14.7003	0.999467	0.000363868	0.000169527	0.0546854
616	-15.4293	-15.3261	-17.5776	-23.5213	0.999886	0.000111577	2.21961e-06	0.0526096
617	-9.53103	-9.93232	-8.12712	-8.63595	0.965385	0.0062246	0.0283909	0.370068
618	-11.0454	-10.9814	-11.8987	-14.5462	0.999349	0.000423436	0.000227517	0.0553785
619	-7.56703	-7.46448	-9.11858	-12.3527	0.999737	0.000202742	6.05947e-05	0.0533368
620	-27.0607	-28.8168	-23.0403	-23.5154	0.338327	0.115728	0.545945	6.15582
621	-23.3957	-23.4514	-23.8665	-30.9577	0.999296	0.000699554	4.41769e-06	0.0531908
622	-3.84725	-3.80772	-4.3067	-5.87735	0.998344	0.000642689	0.00101374	0.0642178
623	-12.1182	-12.0237	-13.9151	-18.4535	0.999827	0.000159939	1.29719e-05	0.0527734
624	-12.5163	-12.4166	-14.4157	-19.3453	0.999849	0.000143592	7.87587e-06	0.052702
625	-5.77494	-5.74014	-6.17366	-7.63281	0.998104	0.000686002	0.00120969	0.0664101
626	-18.7512	-19.0893	-18.2041	-21.9313	0.996971	0.00256174	0.000467605	0.0600404
627	-10.5102	-10.4398	-11.5087	-14.2771	0.999463	0.000363895	0.000173265	0.0547265
628	-8.83025	-8.76585	-9.75348	-12.4417	0.999402	0.000394677	0.000203617	0.0550889
629	-3.77442	-3.73148	-4.2739	-5.9657	0.998524	0.000615477	0.000860049	0.0625048
630	-8.63569	-8.55258	-9.87975	-12.8665	0.999611	0.000281109	0.000107593	0.0539271
631	-10.2975	-10.5878	-8.62521	-8.96838	0.954043	0.00720008	0.0387569	0.484797
632	-4.5419	-4.48579	-5.20429	-7.40914	0.999052	0.000516385	0.000431984	0.0577113
633	-16.9117	-16.7843	-20.2975	-28.6282	0.999968	3.15971e-05	5.77679e-08	0.0525101
634	-4.5419	-4.48579	-5.20429	-7.40914	0.999052	0.000516385	0.000431984	0.0577113
635	-4.41131	-4.37936	-4.77221	-6.286	0.998093	0.000714462	0.00119289	0.0662527
636	-11.1475	-11.8179	-10.0213	-10.4722	0.96405	0.00616322	0.0297869	0.385337
637	-5.7564	-5.72513	-6.13638	-7.94068	0.998422	0.000701679	0.00087617	0.0627634
638	-5.1554	-5.12154	-5.54407	-7.03403	0.99812	0.000693593	0.00118598	0.066157
639	-3.94683	-3.90896	-4.41463	-6.4317	0.998717	0.000638647	0.000644621	0.0601616
640	-21.8686	-23.3083	-19.2733	-18.9039	0.582045	0.0348949	0.38306	4.29099
641	-11.1606	-11.7072	-9.91598	-10.3701	0.964328	0.00613167	0.0295406	0.382602
642	-8.88786	-8.81544	-9.95335	-12.7935	0.99951	0.000339643	0.000150524	0.0544538
643	-4.59417	-4.55818	-5.03997	-7.04734	0.998679	0.000654052	0.000666608	0.0604176
644	-4.38812	-4.34854	-4.84784	-6.41817	0.998344	0.000642487	0.00101374	0.0642176
645	-3.96573	-3.92598	-4.45651	-6.55018	0.998795	0.000623008	0.000582472	0.0594645
646	-15.4974	-15.4798	-14.9532	-18.7608	0.997907	0.00179145	0.000301739	0.0574896
647	-4.01471	-3.9763	-4.46091	-6.07153	0.99836	0.000651996	0.000988122	0.0639454
648	-4.41131	-4.37936	-4.77221	-6.286	0.998093	0.000714462	0.00119289	0.0662527
649	-4.41131	-4.37936	-4.77221	-6.286	0.998093	0.000714462	0.00119289	0.0662527
650	-5.1554	-5.12154	-5.54407	-7.03403	0.99812	0.000693593	0.00118598	0.066157
651	-5.12539	-5.09071	-5.54626	-7.43309	0.998557	0.000671356	0.000771905	0.06159
652	-8.88786	-8.81544	-9.95335	-12.7935	0.99951	0.000339643	0.000150524	0.0544538
653	-7.08754	-7.0129	-8.15674	-11.006	0.999514	0.000337639	0.000148278	0.0544273
654	-4.03908	-3.99885	-4.50661	-6.16536	0.998443	0.00063713	0.000920218	0.0631858
655	-3.94683	-3.90896	-4.41463	-6.4317	0.998717	0.000638647	0.000644621	0.0601616
656	-4.5419	-4.48579	-5.20429	-7.40914	0.999052	0.000516385	0.000431984	0.0577113
657	-5.12539	-5.09071	-5.54626	-7.43309	0.998557	0.000671356	0.000771905	0.06159
658	-3.84725	-3.80772	-4.3067	-5.87735	0.998344	0.000642689	0.00101374	0.0642178
659	-4.20213	-4.16215	-4.67321	-6.3384	0.998454	0.000635043	0.000911313	0.0630861
660	-3.96573	-3.92598	-4.45651	-6.55018	0.998795	0.000623008	0.000582472	0.0594645
661	-4.33611	-4.29589	-4.8143	-6.29648	0.998284	0.000630283	0.00108613	0.0650008
662	-4.26492	-4.22192	-4.76464	-6.45577	0.998524	0.000615296	0.000860368	0.0625081
663	-5.68025	-5.62983	-6.26932	-8.28929	0.998879	0.000558742	0.000562338	0.0591826
664	-4.26492	-4.22192	-4.76464	-6.45577	0.998524	0.000615296	0.000860368	0.0625081
665	-17.5349	-17.4068	-20.9834	-29.4368	0.99997	2.96562e-05	4.796e-08	0.0525081
666	-4.20213	-4.16215	-4.67321	-6.3384	0.998454	0.000635043	0.000911313	0.0630861
667	-8.34656	-8.2493	-9.80225	-12.9543	0.999703	0.000224317	7.27737e-05	0.053491
668	-18.3622	-18.2429	-21.4026	-29.3859	0.999955	4.49938e-05	1.16438e-07	0.0525234
669	-7.08754	-7.0129	-8.15674	-11.006	0.999514	0.000337639	0.000148278	0.0544273
670	-3.96573	-3.92598	-4.45651	-6.55018	0.998795	0.000623008	0.000582472	0.0594645
671	-4.5419	-4.48579	-5.20429	-7.40914	0.999052	0.000516385	0.000431984	0.0577113
672	-3.96573	-3.92598	-4.45651	-6.55018	0.998795	0.000623008	0.000582472	0.0594645
673	-4.38812	-4.34854	-4.84784	-6.41817	0.998344	0.000642487	0.00101374	0.0642176
674	-4.41131	-4.37936	-4.77221	-6.286	0.998093	0.000714462	0.00119289	0.0662527
675	-11.483	-11.385	-13.3046	-17.8208	0.999832	0.000155479	1.28929e-05	0.0527684
676	-7.47825	-7.40104	-8.62569	-11.5966	0.999567	0.000311441	0.000121109	0.0541042
677	-5.7564	-5.72513	-6.13638	-7.94068	0.998422	0.000701679	0.00087617	0.0627634
678	-10.1291	-10.0361	-11.4828	-14.5624	0.999664	0.000249456	8.70167e-05	0.0536712
679	-9.39105	-9.31425	-10.5244	-13.4149	0.999551	0.000316003	0.000133159	0.0542408
680	-7.69129	-7.61326	-8.87766	-11.8892	0.999589	0.000299314	0.000111761	0.0539901
681	-10.7983	-10.6893	-12.8848	-17.6221	0.999874	0.000118009	7.84406e-06	0.0526774
682	-15.2278	-15.111	-17.8078	-24.9255	0.999928	7.1479e-05	4.39599e-07	0.052552
683	-4.5419	-4.48579	-5.20429	-7.40914	0.999052	0.000516385	0.000431984	0.0577113
684	-12.7084	-12.6083	-14.5686	-19.3646	0.999841	0.000149285	9.35797e-06	0.0527237
685	-8.78893	-8.71156	-9.96201	-12.9654	0.999582	0.000303513	0.000114252	0.0540214
686	-4.26492	-4.22192	-4.76464	-6.45577	0.998524	0.000615296	0.000860368	0.0625081
687	-8.80093	-8.73188	-9.81696	-12.6405	0.999481	0.00035806	0.000161343	0.0545901
688	-8.85806	-8.79473	-9.75446	-12.4095	0.999378	0.000405833	0.000216428	0.0552401
689	-3.95921	-3.92057	-4.42981	-6.47756	0.998741	0.000636386	0.000622932	0.0599214
690	-20.4597	-26.0111	-22.4752	-24.4087	0.92908	0.0338157	0.0371043	0.491872
691	-4.60702	-4.57032	-5.05545	-7.09407	0.998704	0.000651884	0.000643959	0.0601669
692	-8.85806	-8.79473	-9.75446	-12.4095	0.999378	0.000405833	0.000216428	0.0552401
693	-11.6104	-12.2769	-10.4929	-10.954	0.964775	0.00608982	0.0291351	0.378111
694	-6.87801	-6.79279	-8.13725	-11.1265	0.999618	0.000276293	0.000105488	0.0538994
695	-4.41131	-4.37936	-4.77221	-6.286	0.998093	0.000714462	0.00119289	0.0662527
696	-3.96573	-3.92598	-4.45651	-6.55018	0.998795	0.000623008	0.000582472	0.0594645
697	-15.9106	-15.8069	-18.2592	-24.2993	0.999907	9.12764e-05	1.64904e-06	0.0525841
698	-15.027	-15.9248	-13.8475	-14.0347	0.941869	0.00797238	0.0501584	0.6107
699	-4.23554	-4.19968	-4.64933	-6.16451	0.998199	0.000675096	0.00112559	0.0654765
700	-5.49225	-5.46162	-5.8574	-7.50583	0.998248	0.000712489	0.00103973	0.0645694
701	-11.6577	-12.1822	-10.2838	-10.6556	0.957761	0.00677891	0.03546	0.448202
702	-5.51451	-5.48437	-5.85962	-7.22385	0.997863	0.000726987	0.0014096	0.0686437
703	-4.01471	-3.9763	-4.46091	-6.07153	0.99836	0.000651996	0.000988122	0.0639454
704	-3.96573	-3.92598	-4.45651	-6.55018	0.998795	0.000623008	0.000582472	0.0594645
705	-5.98152	-5.95069	-6.34838	-8.00101	0.998255	0.000711131	0.0010334	0.0644986
706	-6.55284	-6.48304	-7.58708	-10.4666	0.999499	0.00035134	0.000149705	0.0544559
707	-43.5373	-46.1979	-34.1159	-34.3968	0.000792774	0.148499	0.850708	9.53273
708	-3.96573	-3.92598	-4.45651	-6.55018	0.998795	0.000623008	0.000582472	0.0594645
709	-4.41131	-4.37936	-4.77221	-6.286	0.998093	0.000714462	0.00119289	0.0662527
710	-10.6214	-10.5529	-11.5799	-14.3262	0.999436	0.000379477	0.000184728	0.0548671
711	-7.43732	-7.36339	-8.53248	-11.4432	0.999535	0.000329226	0.000135967	0.0542842
712	-14.2756	-14.8492	-13.3182	-14.9761	0.988155	0.00484385	0.0070016	0.133937
713	-9.30496	-9.24472	-10.1617	-12.7957	0.999346	0.000423538	0.000230681	0.0554133
714	-4.23554	-4.19968	-4.64933	-6.16451	0.998199	0.000675096	0.00112559	0.0654765
715	-3.84725	-3.80772	-4.3067	-5.87735	0.998344	0.000642689	0.00101374	0.0642178
716	-17.8923	-18.6539	-14.4473	-14.2463	0.577584	0.041111	0.381305	4.27761
717	-4.41131	-4.37936	-4.77221	-6.286	0.998093	0.000714462	0.00119289	0.0662527
718	-13.0393	-13.9158	-12.1174	-12.567	0.963952	0.0061731	0.0298746	0.386308
719	-10.1243	-10.0142	-12.2583	-17.0787	0.999881	0.000112399	6.87595e-06	0.0526615
720	-3.84725	-3.80772	-4.3067	-5.87735	0.998344	0.000642689	0.00101374	0.0642178
721	-12.0009	-11.9064	-13.657	-18.2929	0.999802	0.000184108	1.35445e-05	0.0528026
722	-6.59124	-6.51824	-7.67683	-10.6216	0.999535	0.0003327	0.000132799	0.0542527
723	-27.82	-28.7784	-25.7635	-29.7014	0.975788	0.0210927	0.00311889	0.106706
724	-4.01471	-3.9763	-4.46091	-6.07153	0.99836	0.000651996	0.000988122	0.0639454
725	-4.41131	-4.37936	-4.77221	-6.286	0.998093	0.000714462	0.00119289	0.0662527
726	-8.81246	-8.75246	-9.66468	-12.2961	0.999342	0.000425568	0.00023238	0.0554339
727	-6.87433	-6.80677	-7.85889	-10.6522	0.999458	0.00037005	0.000171874	0.054717
728	-3.94683	-3.90896	-4.41463	-6.4317	0.998717	0.000638647	0.000644621	0.0601616
729	-8.90252	-8.82968	-10.0243	-12.9574	0.999549	0.000320915	0.000129614	0.0542065
730	-15.3828	-15.2844	-17.2378	-22.0121	0.99984	0.00015031	9.62944e-06	0.0527276
731	-8.83025	-8.76585	-9.75348	-12.4417	0.999402	0.000394677	0.000203617	0.0550889
732	-12.7069	-12.6114	-14.466	-18.9988	0.999821	0.000165925	1.35326e-05	0.0527853
733	-9.87975	-9.81332	-10.805	-13.517	0.999409	0.000393098	0.000198026	0.055026
734	-19.2955	-19.1673	-22.8016	-31.3653	0.999972	2.79923e-05	4.05434e-08	0.0525065
735	-4.23554	-4.19968	-4.64933	-6.16451	0.998199	0.000675096	0.00112559	0.0654765
736	-18.3807	-19.7277	-15.4233	-14.8569	0.469997	0.0368906	0.493112	5.50109
737	-4.23554	-4.19968	-4.64933	-6.16451	0.998199	0.000675096	0.00112559	0.0654765
738	-8.83109	-8.76298	-9.79285	-12.5446	0.999438	0.000378369	0.000183187	0.0548491
739	-33.2093	-34.2122	-28.8534	-32.7127	0.792822	0.178612	0.028566	0.535331
740	-3.84725	-3.80772	-4.3067	-5.87735	0.998344	0.000642689	0.00101374	0.0642178
741	-8.76274	-8.69675	-9.73012	-12.4925	0.999442	0.000377044	0.00018062	0.0548197
742	-15.6996	-16.2678	-15.2911	-17.412	0.994651	0.00280073	0.00254839	0.0831108
743	-11.7197	-11.6378	-12.8264	-15.7083	0.99954	0.000322862	0.000137233	0.054292
744	-5.1554	-5.12154	-5.54407	-7.03403	0.99812	0.000693593	0.00118598	0.066157
745	-8.17208	-8.1019	-9.17239	-11.9693	0.999469	0.000363315	0.00016814	0.0546697
746	-4.38812	-4.34854	-4.84784	-6.41817	0.998344	0.000642487	0.00101374	0.0642176
747	-3.84725	-3.80772	-4.3067	-5.87735	0.998344	0.000642689	0.00101374	0.0642178
748	-3.77442	-3.73148	-4.2739	-5.9657	0.998524	0.000615477	0.000860049	0.0625048
749	-4.4575	-4.41507	-4.95174	-6.6395	0.998512	0.000619023	0.000868503	0.0626009
750	-3.77442	-3.73148	-4.2739	-5.9657	0.998524	0.000615477	0.000860049	0.0625048
751	-8.03422	-7.97746	-8.87082	-11.4785	0.999324	0.000433661	0.0002425	0.0555527
752	-3.84725	-3.80772	-4.3067	-5.87735	0.998344	0.000642689	0.00101374	0.0642178
753	-9.4339	-9.37123	-10.2937	-12.9392	0.999352	0.000421221	0.000226807	0.0553686
754	-3.84725	-3.80772	-4.3067	-5.87735	0.998344	0.000642689	0.00101374	0.0642178
755	-13.7586	-13.6348	-16.1959	-21.2218	0.999914	8.18687e-05	4.07794e-06	0.0526018
756	-4.43622	-4.39816	-4.9061	-6.92809	0.998723	0.000637198	0.00064001	0.0601096
757	-9.30035	-9.21876	-10.5036	-13.4596	0.999591	0.000293251	0.000115753	0.0540281
758	-3.97256	-3.92118	-4.57521	-6.62187	0.99891	0.000550692	0.000539643	0.0589258
759	-13.1843	-13.0816	-15.0927	-19.9502	0.99985	0.000141891	8.36402e-06	0.0527058
760	-4.01471	-3.9763	-4.46091	-6.07153	0.99836	0.000651996	0.000988122	0.0639454
761	-4.50761	-4.46546	-5.0043	-6.73704	0.998554	0.000617709	0.000828537	0.0621609
762	-4.4575	-4.41507	-4.95174	-6.6395	0.998512	0.000619023	0.000868503	0.0626009
763	-5.7564	-5.72513	-6.13638	-7.94068	0.998422	0.000701679	0.00087617	0.0627634
764	-3.77442	-3.73148	-4.2739	-5.9657	0.998524	0.000615477	0.000860049	0.0625048
765	-11.5006	-11.3978	-13.3667	-18.2314	0.999843	0.000148	8.66187e-06	0.0527148
766	-3.84725	-3.80772	-4.3067	-5.87735	0.998344	0.000642689	0.00101374	0.0642178
767	-7.08754	-7.0129	-8.15674	-11.006	0.999514	0.000337639	0.000148278	0.0544273
768	-8.56265	-8.48748	-9.64922	-12.5116	0.999525	0.000331653	0.000143756	0.054372
769	-3.84725	-3.80772	-4.3067	-5.87735	0.998344	0.000642689	0.00101374	0.0642178
770	-18.2482	-18.9821	-17.8527	-20.1191	0.994174	0.00326119	0.00256522	0.0837319
771	-7.92054	-7.82409	-9.35954	-12.5075	0.999697	0.000228274	7.43658e-05	0.0535122
772	-24.4356	-25.6343	-23.2826	-26.8574	0.986677	0.0109874	0.00233593	0.0885354
773	-15.6747	-16.3107	-15.5797	-18.0829	0.996443	0.00219456	0.00136233	0.0695153
774	-3.96573	-3.92598	-4.45651	-6.55018	0.998795	0.000623008	0.000582472	0.0594645
775	-3.96573	-3.92598	-4.45651	-6.55018	0.998795	0.000623008	0.000582472	0.0594645
776	-4.38812	-4.34854	-4.84784	-6.41817	0.998344	0.000642487	0.00101374	0.0642176
777	-11.0546	-10.9892	-12.066	-14.8426	0.999468	0.000361023	0.000170508	0.0546935
778	-4.38812	-4.34854	-4.84784	-6.41817	0.998344	0.000642487	0.00101374	0.0642176
779	-9.97131	-9.90549	-10.9531	-13.7255	0.999452	0.000371711	0.000176292	0.0547671
780	-4.01471	-3.9763	-4.46091	-6.07153	0.99836	0.000651996	0.000988122	0.0639454
781	-5.77494	-5.74014	-6.17366	-7.63281	0.998104	0.000686002	0.00120969	0.0664101
782	-4.23554	-4.19968	-4.64933	-6.16451	0.998199	0.000675096	0.00112559	0.0654765
783	-8.17208	-8.1019	-9.17239	-11.9693	0.999469	0.000363315	0.00016814	0.0546697
784	-23.4771	-23.8996	-21.6677	-26.5595	0.989665	0.00977786	0.000556932	0.0678585
785	-9.28533	-9.21087	-10.3932	-13.2234	0.99953	0.000324908	0.000145422	0.0543839
786	-4.46547	-4.42203	-4.9638	-6.66928	0.998535	0.000615888	0.000848929	0.0623831
