Sites	Ll	Ll_YN98.omega_1=0.002	Ll_YN98.omega_1=1	Pr_YN98.omega_1=0.002	Pr_YN98.omega_1=1	mean
270	-4.41612	-4.24228	-5.27359	0.960492	0.0395076	0.0414286
301	-3.79204	-3.70476	-4.3177	0.941176	0.0588236	0.060706
302	-5.66583	-5.6011	-6.08144	0.933391	0.0666088	0.0684756
303	-4.41215	-4.33531	-4.88704	0.937695	0.062305	0.0641804
304	-7.46621	-7.29657	-8.57555	0.96889	0.0311098	0.0330476
305	-13.1865	-16.9171	-12.2773	0.0772616	0.922738	0.922893
306	-4.52617	-4.46024	-4.95878	0.934514	0.0654864	0.0673554
307	-3.72995	-3.65217	-4.20948	0.93802	0.06198	0.063856
308	-5.0785	-4.99223	-5.59398	0.940554	0.0594464	0.0613275
309	-3.94726	-3.84575	-4.52699	0.944846	0.0551543	0.057044
310	-4.49544	-4.3803	-5.12854	0.948235	0.0517651	0.0536615
311	-9.39261	-13.043	-7.99454	0.0527073	0.947293	0.947398
312	-4.10254	-4.02659	-4.57959	0.937769	0.0622313	0.0641069
313	-3.90044	-3.82532	-4.37554	0.937606	0.0623941	0.0642693
314	-8.3448	-8.17922	-9.36177	0.965848	0.0341518	0.0360835
315	-7.64813	-7.51218	-8.5504	0.960754	0.039246	0.0411675
316	-4.10254	-4.02659	-4.57959	0.937769	0.0622313	0.0641069
317	-5.03889	-4.98102	-5.42803	0.931289	0.0687109	0.0705735
318	-3.94726	-3.84575	-4.52699	0.944846	0.0551543	0.057044
319	-4.32342	-4.25663	-4.76993	0.935412	0.0645885	0.0664593
320	-4.37046	-4.29942	-4.82581	0.936198	0.0638023	0.0656747
321	-17.6119	-17.2273	-20.2766	0.994562	0.00543788	0.00742701
355	-4.25648	-4.18863	-4.69153	0.93478	0.0652201	0.0670896
356	-5.70169	-5.59357	-6.31596	0.946951	0.0530489	0.0549428
357	-3.9825	-3.9073	-4.46975	0.938318	0.0616821	0.0635588
358	-4.56363	-4.43619	-5.25249	0.951476	0.0485243	0.0504272
359	-12.9497	-12.7643	-14.0773	0.969898	0.0301018	0.0320416
360	-8.50083	-8.32078	-9.68437	0.971342	0.0286585	0.0306012
361	-4.33695	-4.25695	-4.85192	0.940174	0.0598265	0.0617068
362	-9.60659	-9.43524	-10.6697	0.967518	0.0324815	0.0344166
363	-8.26189	-8.07733	-9.45125	0.971628	0.0283721	0.0303153
364	-4.40333	-4.3253	-4.88837	0.938354	0.0616461	0.0635228
365	-11.784	-11.4702	-13.8176	0.98909	0.0109104	0.0128886
366	-3.86256	-3.78458	-4.34729	0.938333	0.0616671	0.0635438
367	-18.9444	-18.6204	-21.6417	0.994408	0.00559158	0.0075804
368	-4.63257	-4.56252	-5.09691	0.936674	0.063326	0.0651993
369	-8.39811	-8.24301	-9.38188	0.964378	0.0356223	0.0375511
370	-4.03658	-3.96186	-4.50493	0.937187	0.0628129	0.0646873
371	-16.4316	-16.2155	-17.8629	0.978269	0.0217314	0.023688
372	-4.71232	-4.63729	-5.18216	0.937292	0.0627075	0.0645821
373	-3.86386	-3.80931	-4.23295	0.929778	0.0702218	0.0720813
374	-4.46105	-4.34361	-5.11165	0.949198	0.0508017	0.0527001
375	-3.86386	-3.80931	-4.23295	0.929778	0.0702218	0.0720813
376	-4.43755	-4.38125	-4.81647	0.930531	0.0694694	0.0713305
377	-4.33695	-4.25695	-4.85192	0.940174	0.0598265	0.0617068
378	-3.81975	-3.72605	-4.3733	0.943047	0.056953	0.0588391
379	-5.70169	-5.59357	-6.31596	0.946951	0.0530489	0.0549428
380	-4.46105	-4.34361	-5.11165	0.949198	0.0508017	0.0527001
381	-4.43755	-4.38125	-4.81647	0.930531	0.0694694	0.0713305
382	-3.86256	-3.78458	-4.34729	0.938333	0.0616671	0.0635438
383	-4.43755	-4.38125	-4.81647	0.930531	0.0694694	0.0713305
384	-4.43755	-4.38125	-4.81647	0.930531	0.0694694	0.0713305
385	-3.86386	-3.80931	-4.23295	0.929778	0.0702218	0.0720813
386	-4.40333	-4.3253	-4.88837	0.938354	0.0616461	0.0635228
387	-11.9413	-11.7093	-13.7618	0.9854	0.0145996	0.0165704
388	-3.86256	-3.78458	-4.34729	0.938333	0.0616671	0.0635438
389	-4.222	-4.14169	-4.71663	0.939037	0.0609631	0.0628411
390	-3.86386	-3.80931	-4.23295	0.929778	0.0702218	0.0720813
391	-18.0308	-17.7471	-20.6207	0.993525	0.00647499	0.00846204
392	-7.89781	-7.64839	-9.34601	0.979311	0.0206886	0.0226472
393	-18.9461	-18.5415	-22.3903	0.997548	0.00245191	0.004447
394	-7.27348	-7.09732	-8.35841	0.968346	0.0316536	0.0335903
395	-4.33695	-4.25695	-4.85192	0.940174	0.0598265	0.0617068
396	-3.86386	-3.80931	-4.23295	0.929778	0.0702218	0.0720813
397	-8.18337	-8.03017	-9.21386	0.965886	0.0341143	0.036046
398	-3.79204	-3.70476	-4.3177	0.941176	0.0588236	0.060706
399	-9.90908	-9.65858	-11.7767	0.986316	0.0136838	0.0156564
400	-8.60866	-8.45543	-9.64688	0.966141	0.0338592	0.0357915
401	-5.28159	-5.21651	-5.70314	0.933781	0.0662191	0.0680866
402	-14.3495	-13.9606	-16.9551	0.994258	0.00574218	0.0077307
403	-3.99575	-3.88478	-4.62187	0.947685	0.0523154	0.0542108
404	-4.46105	-4.34361	-5.11165	0.949198	0.0508017	0.0527001
405	-10.0938	-9.92644	-11.2355	0.969783	0.0302172	0.0321568
406	-3.79204	-3.70476	-4.3177	0.941176	0.0588236	0.060706
407	-20.0978	-19.6622	-24.129	0.998677	0.00132306	0.00332042
408	-18.4756	-18.1748	-21.2626	0.994766	0.00523379	0.00722332
409	-3.86256	-3.78458	-4.34729	0.938333	0.0616671	0.0635438
410	-4.20117	-4.1006	-4.78371	0.944943	0.0550571	0.056947
411	-3.9825	-3.9073	-4.46975	0.938318	0.0616821	0.0635588
412	-8.29833	-8.14838	-9.30734	0.965062	0.0349383	0.0368685
413	-10.6799	-10.4979	-11.8391	0.970712	0.0292883	0.0312297
414	-4.33695	-4.25695	-4.85192	0.940174	0.0598265	0.0617068
415	-9.76779	-9.59326	-10.9059	0.969888	0.0301115	0.0320513
416	-9.48964	-9.23392	-11.0134	0.980907	0.0190927	0.0210546
417	-4.06068	-3.98132	-4.55068	0.938717	0.0612831	0.0631606
418	-9.66219	-9.49671	-10.8081	0.969853	0.0301468	0.0320865
419	-4.52788	-4.44166	-5.04923	0.940878	0.0591218	0.0610035
420	-4.40333	-4.3253	-4.88837	0.938354	0.0616461	0.0635228
421	-4.001	-3.92101	-4.51166	0.93993	0.0600698	0.0619496
422	-3.81975	-3.72605	-4.3733	0.943047	0.056953	0.0588391
423	-4.41612	-4.24228	-5.27359	0.960492	0.0395076	0.0414286
424	-8.34887	-8.17849	-9.47085	0.969291	0.0307092	0.0326478
425	-4.222	-4.14169	-4.71663	0.939037	0.0609631	0.0628411
426	-3.79204	-3.70476	-4.3177	0.941176	0.0588236	0.060706
427	-7.52614	-7.35553	-8.67048	0.969956	0.030044	0.0319839
428	-4.43755	-4.38125	-4.81647	0.930531	0.0694694	0.0713305
429	-4.47559	-4.38955	-4.99569	0.940799	0.0592008	0.0610824
430	-4.30812	-4.24052	-4.74219	0.934705	0.065295	0.0671644
431	-3.9825	-3.9073	-4.46975	0.938318	0.0616821	0.0635588
432	-4.43755	-4.38125	-4.81647	0.930531	0.0694694	0.0713305
433	-5.2002	-5.13376	-5.62809	0.934256	0.0657443	0.0676128
434	-4.222	-4.14169	-4.71663	0.939037	0.0609631	0.0628411
435	-4.222	-4.14169	-4.71663	0.939037	0.0609631	0.0628411
436	-8.26189	-8.07733	-9.45125	0.971628	0.0283721	0.0303153
437	-4.28244	-4.1951	-4.80838	0.941195	0.0588047	0.0606871
438	-8.70155	-8.52447	-9.8986	0.971634	0.0283661	0.0303094
439	-4.30812	-4.24052	-4.74219	0.934705	0.065295	0.0671644
440	-5.59658	-5.49686	-6.17592	0.944732	0.0552679	0.0571574
441	-11.1172	-10.8643	-12.5859	0.979792	0.0202085	0.0221681
442	-7.58771	-7.37814	-8.90747	0.975612	0.024388	0.0263392
443	-4.40333	-4.3253	-4.88837	0.938354	0.0616461	0.0635228
444	-4.47178	-4.39613	-4.96119	0.938469	0.0615315	0.0634084
445	-5.79118	-5.72605	-6.21301	0.933801	0.0661988	0.0680664
446	-9.16424	-9.0023	-10.2543	0.968067	0.0319326	0.0338687
447	-4.40333	-4.3253	-4.88837	0.938354	0.0616461	0.0635228
448	-4.71232	-4.63729	-5.18216	0.937292	0.0627075	0.0645821
449	-4.56363	-4.43619	-5.25249	0.951476	0.0485243	0.0504272
450	-4.47178	-4.39613	-4.96119	0.938469	0.0615315	0.0634084
451	-4.222	-4.14169	-4.71663	0.939037	0.0609631	0.0628411
452	-4.40333	-4.3253	-4.88837	0.938354	0.0616461	0.0635228
453	-4.56363	-4.43619	-5.25249	0.951476	0.0485243	0.0504272
454	-4.28244	-4.1951	-4.80838	0.941195	0.0588047	0.0606871
455	-12.3197	-11.9124	-15.1265	0.995384	0.00461564	0.00660641
456	-4.47559	-4.38955	-4.99569	0.940799	0.0592008	0.0610824
457	-5.79118	-5.72605	-6.21301	0.933801	0.0661988	0.0680664
458	-13.0878	-12.744	-15.4596	0.992424	0.00757552	0.00956036
459	-4.20117	-4.1006	-4.78371	0.944943	0.0550571	0.056947
460	-10.6882	-10.4707	-11.9949	0.975491	0.024509	0.02646
461	-7.89781	-7.64839	-9.34601	0.979311	0.0206886	0.0226472
462	-5.42401	-5.34997	-5.88855	0.936922	0.0630785	0.0649523
463	-8.62828	-8.43806	-9.84992	0.972655	0.0273447	0.02929
464	-11.1947	-10.8838	-13.166	0.988363	0.0116369	0.0136137
465	-4.43755	-4.38125	-4.81647	0.930531	0.0694694	0.0713305
466	-7.66703	-7.53057	-8.56734	0.9607	0.0393005	0.0412219
467	-12.1519	-11.8606	-14.6599	0.993029	0.00697132	0.00895738
468	-11.4262	-15.0228	-10.5785	0.0923993	0.907601	0.907785
469	-4.17351	-4.10359	-4.63113	0.936266	0.0637342	0.0656068
470	-9.94424	-9.81689	-10.7872	0.958112	0.0418883	0.0438045
471	-5.14418	-5.08259	-5.5621	0.933339	0.0666607	0.0685274
472	-8.08832	-7.90114	-9.22336	0.970167	0.0298326	0.0317729
473	-16.3398	-19.8242	-16.3615	0.213655	0.786345	0.786772
474	-7.10158	-6.93181	-8.20251	0.96864	0.0313604	0.0332976
475	-4.63257	-4.56252	-5.09691	0.936674	0.063326	0.0651993
476	-5.55506	-5.48573	-6.01265	0.936229	0.0637708	0.0656433
477	-10.5607	-14.1496	-9.61747	0.0852969	0.914703	0.914874
478	-4.89818	-4.81877	-5.39296	0.938994	0.0610059	0.0628839
479	-4.43755	-4.38125	-4.81647	0.930531	0.0694694	0.0713305
480	-4.47178	-4.39613	-4.96119	0.938469	0.0615315	0.0634084
481	-4.001	-3.92101	-4.51166	0.93993	0.0600698	0.0619496
482	-8.50789	-8.33946	-9.61524	0.968794	0.0312064	0.033144
483	-7.24402	-7.05259	-8.40293	0.970971	0.0290294	0.0309714
484	-16.3366	-15.9236	-19.6438	0.997212	0.00278767	0.0047821
485	-32.2723	-44.4882	-27.5608	3.85878e-07	1	1
486	-4.25648	-4.18863	-4.69153	0.93478	0.0652201	0.0670896
487	-7.27348	-7.09732	-8.35841	0.968346	0.0316536	0.0335903
488	-11.3048	-11.1323	-12.3617	0.967361	0.0326392	0.0345739
489	-4.25648	-4.18863	-4.69153	0.93478	0.0652201	0.0670896
490	-5.55506	-5.48573	-6.01265	0.936229	0.0637708	0.0656433
491	-16.2059	-19.8619	-15.707	0.1197	0.8803	0.88054
492	-5.14418	-5.08259	-5.5621	0.933339	0.0666607	0.0685274
493	-10.8649	-14.5734	-9.44151	0.0486964	0.951304	0.951401
494	-11.3326	-11.0289	-13.2378	0.98749	0.01251	0.014485
495	-4.01683	-3.90463	-4.64745	0.947968	0.0520316	0.0539275
496	-4.47178	-4.39613	-4.96119	0.938469	0.0615315	0.0634084
497	-5.16107	-5.09544	-5.60039	0.934905	0.0650953	0.0669651
498	-3.86256	-3.78458	-4.34729	0.938333	0.0616671	0.0635438
599	-4.47178	-4.39613	-4.96119	0.938469	0.0615315	0.0634084
600	-15.6177	-15.3664	-17.6482	0.988359	0.0116413	0.013618
601	-9.57878	-9.46127	-10.4466	0.958712	0.0412881	0.0432056
602	-7.73591	-7.55983	-8.82356	0.968427	0.031573	0.0335098
603	-4.42742	-4.3717	-4.80348	0.930308	0.0696921	0.0715527
604	-4.55498	-4.42945	-5.23846	0.951138	0.0488621	0.0507643
605	-5.78231	-5.72541	-6.17675	0.931565	0.0684346	0.0702977
606	-16.6788	-16.4019	-18.4663	0.985571	0.0144293	0.0164005
607	-5.5431	-5.47439	-5.99752	0.936003	0.063997	0.065869
608	-7.83693	-7.65777	-8.99781	0.970679	0.0293213	0.0312626
609	-4.42742	-4.3717	-4.80348	0.930308	0.0696921	0.0715527
610	-5.52761	-5.47438	-5.8878	0.929108	0.070892	0.0727502
611	-3.85556	-3.77883	-4.33567	0.937992	0.0620077	0.0638837
612	-8.78677	-8.61188	-9.87114	0.96829	0.0317098	0.0336464
613	-4.24848	-4.18159	-4.67969	0.934487	0.0655132	0.0673822
614	-11.1873	-14.9411	-9.94312	0.055289	0.944711	0.944822
615	-10.9064	-10.7551	-11.9264	0.965477	0.0345234	0.0364544
616	-15.4417	-15.1523	-17.6019	0.990138	0.0098619	0.0118422
617	-9.46341	-13.1084	-8.15213	0.0575052	0.942495	0.94261
618	-11.0433	-10.9123	-11.9132	0.959322	0.0406785	0.0425971
619	-7.5653	-7.28822	-9.13594	0.982143	0.0178565	0.0198208
620	-27.022	-38.2651	-22.9771	1.98811e-06	0.999998	0.999998
621	-23.0891	-26.3928	-23.8777	0.412068	0.587932	0.588756
622	-3.85556	-3.77883	-4.33567	0.937992	0.0620077	0.0638837
623	-12.1326	-11.8694	-13.9376	0.985627	0.0143733	0.0163445
624	-12.4738	-12.2244	-14.4336	0.987492	0.0125077	0.0144826
625	-5.78377	-5.71962	-6.20165	0.933496	0.0665041	0.068371
626	-18.5852	-22.1834	-18.2195	0.141331	0.858669	0.858952
627	-10.458	-10.3054	-11.4804	0.965598	0.0344019	0.0363331
628	-8.83077	-8.68745	-9.76789	0.962315	0.0376845	0.0396092
629	-3.78438	-3.69842	-4.3054	0.940846	0.0591545	0.0610362
630	-8.62051	-8.42412	-9.89762	0.974248	0.0257522	0.0277007
631	-10.1912	-13.7852	-8.64923	0.0485057	0.951494	0.951591
632	-4.55498	-4.42945	-5.23846	0.951138	0.0488621	0.0507643
633	-16.9034	-16.4937	-20.33	0.997517	0.00248275	0.00447779
634	-4.55498	-4.42945	-5.23846	0.951138	0.0488621	0.0507643
635	-4.42742	-4.3717	-4.80348	0.930308	0.0696921	0.0715527
636	-11.2324	-14.9858	-10.0392	0.0580341	0.941966	0.942082
637	-5.78231	-5.72541	-6.17675	0.931565	0.0684346	0.0702977
638	-5.16912	-5.10725	-5.5747	0.932586	0.0674143	0.0692795
639	-3.97019	-3.89566	-4.45422	0.938093	0.0619072	0.0637834
640	-22.0227	-29.5913	-19.2069	0.000267876	0.999732	0.999733
641	-11.1516	-14.872	-9.93395	0.0585042	0.941496	0.941613
642	-8.87538	-8.71082	-9.96747	0.96821	0.0317901	0.0337265
643	-4.61976	-4.55029	-5.08106	0.936459	0.0635411	0.065414
644	-4.39636	-4.31958	-4.87676	0.938012	0.0619877	0.0638637
645	-3.9888	-3.90953	-4.49608	0.939698	0.0603018	0.0621812
646	-15.4981	-18.5482	-14.9701	0.194901	0.805099	0.805489
647	-4.02816	-3.95445	-4.49256	0.936895	0.0631053	0.0649791
648	-4.42742	-4.3717	-4.80348	0.930308	0.0696921	0.0715527
649	-4.42742	-4.3717	-4.80348	0.930308	0.0696921	0.0715527
650	-5.16912	-5.10725	-5.5747	0.932586	0.0674143	0.0692795
651	-5.14864	-5.08358	-5.58502	0.934691	0.0653086	0.067178
652	-8.87538	-8.71082	-9.96747	0.96821	0.0317901	0.0337265
653	-7.08147	-6.91452	-8.1745	0.968312	0.0316875	0.0336241
654	-4.05232	-3.97406	-4.5382	0.938416	0.0615842	0.063461
655	-3.97019	-3.89566	-4.45422	0.938093	0.0619072	0.0637834
656	-4.55498	-4.42945	-5.23846	0.951138	0.0488621	0.0507643
657	-5.14864	-5.08358	-5.58502	0.934691	0.0653086	0.067178
658	-3.85556	-3.77883	-4.33567	0.937992	0.0620077	0.0638837
659	-4.21351	-4.13431	-4.70403	0.938737	0.0612629	0.0631403
660	-3.9888	-3.90953	-4.49608	0.939698	0.0603018	0.0621812
661	-4.33511	-4.25691	-4.8425	0.939643	0.0603566	0.0622359
662	-4.2748	-4.18879	-4.79609	0.940864	0.0591365	0.0610182
663	-5.69286	-5.58624	-6.30231	0.946633	0.0533671	0.0552604
664	-4.2748	-4.18879	-4.79609	0.940864	0.0591365	0.0610182
665	-17.5205	-17.1091	-21.0182	0.997691	0.00230866	0.00430405
666	-4.21351	-4.13431	-4.70403	0.938737	0.0612629	0.0631403
667	-8.3451	-8.09524	-9.81763	0.979807	0.0201926	0.0221522
668	-18.3452	-17.9818	-21.4433	0.996393	0.00360743	0.00560021
669	-7.08147	-6.91452	-8.1745	0.968312	0.0316875	0.0336241
670	-3.9888	-3.90953	-4.49608	0.939698	0.0603018	0.0621812
671	-4.55498	-4.42945	-5.23846	0.951138	0.0488621	0.0507643
672	-3.9888	-3.90953	-4.49608	0.939698	0.0603018	0.0621812
673	-4.39636	-4.31958	-4.87676	0.938012	0.0619877	0.0638637
674	-4.42742	-4.3717	-4.80348	0.930308	0.0696921	0.0715527
675	-11.4541	-11.1734	-13.2792	0.986148	0.013852	0.0158242
676	-7.49104	-7.2989	-8.64972	0.970984	0.0290159	0.0309579
677	-5.78231	-5.72541	-6.17675	0.931565	0.0684346	0.0702977
678	-10.0821	-9.85275	-11.4537	0.97726	0.02274	0.0246945
679	-9.38045	-9.20094	-10.5397	0.970644	0.0293563	0.0312976
680	-7.70453	-7.50489	-8.9023	0.972268	0.0277317	0.0296763
681	-10.8162	-10.4964	-12.904	0.98972	0.0102798	0.0122592
682	-15.1526	-14.8472	-17.8273	0.994175	0.00582503	0.00781338
683	-4.55498	-4.42945	-5.23846	0.951138	0.0488621	0.0507643
684	-12.6729	-12.4213	-14.5819	0.986879	0.0131212	0.015095
685	-8.75851	-8.5613	-9.94237	0.971824	0.0281756	0.0301192
686	-4.2748	-4.18879	-4.79609	0.940864	0.0591365	0.0610182
687	-8.81217	-8.64748	-9.84057	0.966194	0.0338056	0.035738
688	-8.8582	-8.7198	-9.76879	0.961158	0.0388419	0.0407642
689	-3.9825	-3.9073	-4.46975	0.938318	0.0616821	0.0635588
690	-22.3552	-32.2268	-22.4073	0.000471183	0.999529	0.99953
691	-4.63257	-4.56252	-5.09691	0.936674	0.063326	0.0651993
692	-8.8582	-8.7198	-9.76879	0.961158	0.0388419	0.0407642
693	-11.6915	-15.4421	-10.5109	0.0588832	0.941117	0.941235
694	-6.86578	-6.66295	-8.15416	0.974688	0.0253115	0.0272609
695	-4.42742	-4.3717	-4.80348	0.930308	0.0696921	0.0715527
696	-3.9888	-3.90953	-4.49608	0.939698	0.0603018	0.0621812
697	-15.8724	-15.5595	-18.2376	0.992137	0.00786264	0.00984691
698	-15.2578	-19.0926	-13.8273	0.0428746	0.957125	0.957211
699	-4.24848	-4.18159	-4.67969	0.934487	0.0655132	0.0673822
700	-5.51561	-5.46059	-5.89525	0.930494	0.0695056	0.0713666
701	-11.6119	-15.3188	-10.257	0.0520468	0.947953	0.948057
702	-5.52761	-5.47438	-5.8878	0.929108	0.070892	0.0727502
703	-4.02816	-3.95445	-4.49256	0.936895	0.0631053	0.0649791
704	-3.9888	-3.90953	-4.49608	0.939698	0.0603018	0.0621812
705	-6.00475	-5.94939	-6.38619	0.930633	0.0693672	0.0712285
706	-6.56517	-6.39812	-7.6122	0.966873	0.0331269	0.0350606
707	-43.0006	-62.1408	-34.0206	5.31445e-12	1	1
708	-3.9888	-3.90953	-4.49608	0.939698	0.0603018	0.0621812
709	-4.42742	-4.3717	-4.80348	0.930308	0.0696921	0.0715527
710	-10.5752	-10.4255	-11.5498	0.963876	0.0361242	0.038052
711	-7.44982	-7.26904	-8.55682	0.969155	0.0308455	0.0327838
712	-14.2808	-17.9664	-13.2938	0.0749544	0.925046	0.925195
713	-9.31593	-9.18355	-10.1857	0.95937	0.0406302	0.042549
714	-4.24848	-4.18159	-4.67969	0.934487	0.0655132	0.0673822
715	-3.85556	-3.77883	-4.33567	0.937992	0.0620077	0.0638837
716	-17.6387	-24.9953	-14.4218	0.000221718	0.999778	0.999779
717	-4.42742	-4.3717	-4.80348	0.930308	0.0696921	0.0715527
718	-13.2938	-17.0839	-12.1354	0.0579262	0.942074	0.94219
719	-10.1394	-9.81241	-12.2785	0.990298	0.00970182	0.0116824
720	-3.85556	-3.77883	-4.33567	0.937992	0.0620077	0.0638837
721	-11.9246	-11.7035	-13.6263	0.983414	0.0165864	0.0185533
722	-6.60384	-6.42596	-7.70164	0.96879	0.0312097	0.0331473
723	-27.6832	-34.9547	-25.7049	0.000832542	0.999167	0.999169
724	-4.02816	-3.95445	-4.49256	0.936895	0.0631053	0.0649791
725	-4.42742	-4.3717	-4.80348	0.930308	0.0696921	0.0715527
726	-8.82341	-8.6919	-9.68868	0.959161	0.0408388	0.0427571
727	-6.88722	-6.73012	-7.88366	0.964879	0.0351214	0.0370512
728	-3.97019	-3.89566	-4.45422	0.938093	0.0619072	0.0637834
729	-8.91537	-8.73014	-10.0488	0.970064	0.0299364	0.0318765
730	-15.3141	-15.0632	-17.2103	0.986702	0.0132977	0.0152711
731	-8.83077	-8.68745	-9.76789	0.962315	0.0376845	0.0396092
732	-12.7212	-12.4614	-14.4882	0.985026	0.0149739	0.0169439
733	-9.8329	-9.69051	-10.7751	0.962465	0.0375355	0.0394604
734	-19.2198	-18.8086	-22.7915	0.997855	0.00214477	0.00414048
735	-4.24848	-4.18159	-4.67969	0.934487	0.0655132	0.0673822
736	-18.5344	-26.1332	-15.4435	0.000197414	0.999803	0.999803
737	-4.24848	-4.18159	-4.67969	0.934487	0.0655132	0.0673822
738	-8.82402	-8.67763	-9.80952	0.964137	0.0358628	0.0377911
739	-32.6788	-43.5536	-28.7553	3.24411e-06	0.999997	0.999997
740	-3.85556	-3.77883	-4.33567	0.937992	0.0620077	0.0638837
741	-8.77382	-8.61908	-9.75405	0.964244	0.0357563	0.0376847
742	-15.6984	-19.3138	-15.2677	0.131656	0.868344	0.868607
743	-11.6707	-11.4892	-12.7962	0.969723	0.0302775	0.0322169
744	-5.16912	-5.10725	-5.5747	0.932586	0.0674143	0.0692795
745	-8.16358	-8.01226	-9.18927	0.965665	0.0343348	0.0362661
746	-4.39636	-4.31958	-4.87676	0.938012	0.0619877	0.0638637
747	-3.85556	-3.77883	-4.33567	0.937992	0.0620077	0.0638837
748	-3.78438	-3.69842	-4.3054	0.940846	0.0591545	0.0610362
749	-4.46776	-4.38301	-4.98334	0.940475	0.0595255	0.0614064
750	-3.78438	-3.69842	-4.3054	0.940846	0.0591545	0.0610362
751	-8.04706	-7.91979	-8.89534	0.958322	0.0416784	0.0435951
752	-3.85556	-3.77883	-4.33567	0.937992	0.0620077	0.0638837
753	-9.43346	-9.3014	-10.3082	0.959552	0.040448	0.0423671
754	-3.85556	-3.77883	-4.33567	0.937992	0.0620077	0.0638837
755	-13.7402	-13.3858	-16.2059	0.993171	0.00682891	0.00881525
756	-4.4595	-4.38452	-4.94567	0.938243	0.0617574	0.0636339
757	-9.28732	-9.09628	-10.5215	0.973008	0.0269924	0.0289384
758	-3.98703	-3.87764	-4.60819	0.94736	0.0526401	0.0545349
759	-13.1482	-12.8904	-15.1109	0.987632	0.0123685	0.0143437
760	-4.02816	-3.95445	-4.49256	0.936895	0.0631053	0.0649791
761	-4.51935	-4.43433	-5.03641	0.940573	0.0594274	0.0613086
762	-4.46776	-4.38301	-4.98334	0.940475	0.0595255	0.0614064
763	-5.78231	-5.72541	-6.17675	0.931565	0.0684346	0.0702977
764	-3.78438	-3.69842	-4.3054	0.940846	0.0591545	0.0610362
765	-11.4583	-11.2084	-13.3844	0.987076	0.0129244	0.0148986
766	-3.85556	-3.77883	-4.33567	0.937992	0.0620077	0.0638837
767	-7.08147	-6.91452	-8.1745	0.968312	0.0316875	0.0336241
768	-8.54835	-8.38005	-9.66577	0.969093	0.0309073	0.0328455
769	-3.85556	-3.77883	-4.33567	0.937992	0.0620077	0.0638837
770	-18.3426	-22.0451	-17.8266	0.113156	0.886844	0.88707
771	-7.92044	-7.67246	-9.37518	0.979414	0.0205855	0.0225443
772	-24.3939	-31.8123	-23.2717	0.00169062	0.998309	0.998313
773	-15.749	-19.3783	-15.5919	0.16427	0.83573	0.836059
774	-3.9888	-3.90953	-4.49608	0.939698	0.0603018	0.0621812
775	-3.9888	-3.90953	-4.49608	0.939698	0.0603018	0.0621812
776	-4.39636	-4.31958	-4.87676	0.938012	0.0619877	0.0638637
777	-11.0201	-10.8593	-12.0452	0.965961	0.0340391	0.035971
778	-4.39636	-4.31958	-4.87676	0.938012	0.0619877	0.0638637
779	-9.98429	-9.82844	-10.9779	0.964741	0.0352588	0.0371883
780	-4.02816	-3.95445	-4.49256	0.936895	0.0631053	0.0649791
781	-5.78377	-5.71962	-6.20165	0.933496	0.0665041	0.068371
782	-4.24848	-4.18159	-4.67969	0.934487	0.0655132	0.0673822
783	-8.16358	-8.01226	-9.18927	0.965665	0.0343348	0.0362661
784	-23.0793	-30.1069	-21.7132	0.00195754	0.998042	0.998046
785	-9.2353	-9.06312	-10.3666	0.969619	0.030381	0.0323202
786	-4.47559	-4.38955	-4.99569	0.940799	0.0592008	0.0610824
