Sites	Ll	Ll_YN98.omega_1=0.00208255	Ll_YN98.omega_1=0.00783074	Ll_YN98.omega_1=0.0305686	Ll_YN98.omega_1=0.17311	Ll_YN98.omega_1=10.4178	Pr_YN98.omega_1=0.00208255	Pr_YN98.omega_1=0.00783074	Pr_YN98.omega_1=0.0305686	Pr_YN98.omega_1=0.17311	Pr_YN98.omega_1=10.4178	mean
270	-4.40986	-4.24224	-4.25367	-4.29763	-4.53374	-7.37708	0.271489	0.268406	0.256861	0.202843	0.000402114	0.0498223
301	-3.78255	-3.69283	-3.69814	-3.71881	-3.83656	-5.92058	0.260495	0.259115	0.253815	0.22562	0.000955734	0.059344
302	-5.65663	-5.58764	-5.59144	-5.60627	-5.69282	-7.47034	0.257527	0.25655	0.252772	0.231816	0.00133418	0.0643011
303	-4.40508	-4.32464	-4.32918	-4.34688	-4.44929	-6.35489	0.259017	0.257844	0.25332	0.228662	0.00115782	0.0619478
304	-7.48418	-7.31656	-7.32673	-7.36657	-7.60183	-11.3407	0.270745	0.268005	0.257537	0.203548	0.000164789	0.047488
305	-12.9495	-16.8922	-15.5817	-14.2746	-12.8576	-12.886	0.0130208	0.0482777	0.17841	0.735939	0.0243521	0.386952
306	-4.50342	-4.43313	-4.43713	-4.4527	-4.54269	-6.63312	0.257956	0.256927	0.252956	0.231188	0.000973058	0.0604397
307	-3.72323	-3.64186	-3.64645	-3.66436	-3.76797	-5.68132	0.259127	0.25794	0.253361	0.228424	0.00114769	0.0618034
308	-5.06818	-4.97759	-4.98283	-5.00318	-5.11926	-7.20503	0.260343	0.258984	0.253765	0.225953	0.00095548	0.0593962
309	-3.93671	-3.83207	-3.83834	-3.86265	-3.99916	-6.26815	0.262279	0.26064	0.254379	0.221921	0.000781319	0.0569196
310	-4.48584	-4.36932	-4.37652	-4.40433	-4.55836	-6.98685	0.263945	0.262053	0.254864	0.218482	0.000655806	0.0550462
311	-9.46639	-12.9969	-11.6829	-10.3617	-8.85866	-8.31578	0.0117605	0.0437605	0.164011	0.737273	0.0431954	0.583011
312	-4.08254	-4.00245	-4.00711	-4.02525	-4.1287	-6.29254	0.259225	0.258019	0.253383	0.228479	0.000893599	0.0591673
313	-3.88024	-3.8011	-3.8057	-3.82361	-3.92586	-6.12288	0.259123	0.257931	0.253353	0.228728	0.000865382	0.0589146
314	-8.33729	-8.17367	-8.18435	-8.22587	-8.46101	-12.0392	0.271041	0.26816	0.257255	0.203351	0.000193323	0.0477443
315	-7.65401	-7.51829	-7.52655	-7.55891	-7.74963	-10.9814	0.266916	0.264719	0.256291	0.211789	0.000284712	0.0500922
316	-4.08254	-4.00245	-4.00711	-4.02525	-4.1287	-6.29254	0.259225	0.258019	0.253383	0.228479	0.000893599	0.0591673
317	-5.01793	-4.95533	-4.95878	-4.97226	-5.05098	-6.95866	0.256863	0.255977	0.252549	0.233432	0.00117951	0.0629568
318	-3.93671	-3.83207	-3.83834	-3.86265	-3.99916	-6.26815	0.262279	0.26064	0.254379	0.221921	0.000781319	0.0569196
319	-4.32678	-4.25659	-4.26036	-4.27511	-4.36283	-6.08349	0.257561	0.256593	0.252835	0.231601	0.00141094	0.0650658
320	-4.35002	-4.27487	-4.2792	-4.29606	-4.39279	-6.51759	0.258593	0.257474	0.25317	0.229829	0.000934659	0.0598166
321	-17.638	-17.2866	-17.3132	-17.4171	-18.0282	-26.5812	0.300498	0.292625	0.263732	0.143144	9.40387e-07	0.0357687
355	-4.24383	-4.17198	-4.17604	-4.19189	-4.28396	-6.12632	0.258058	0.257011	0.252969	0.230718	0.0012445	0.0631874
356	-5.68958	-5.57959	-5.58644	-5.61292	-5.7595	-8.22828	0.263287	0.261489	0.254655	0.219935	0.000634097	0.0550592
357	-3.95899	-3.88023	-3.8849	-3.90305	-4.00677	-6.37062	0.259286	0.258078	0.253436	0.228468	0.000731571	0.0574796
358	-4.55106	-4.42354	-4.43182	-4.4637	-4.63649	-7.33993	0.265785	0.263594	0.255324	0.214807	0.000489777	0.0527102
359	-12.9811	-12.7988	-12.8113	-12.8597	-13.1289	-16.9514	0.274124	0.270721	0.25794	0.197068	0.000146743	0.0462189
360	-8.51758	-8.34205	-8.35307	-8.39621	-8.65033	-12.5053	0.272364	0.269379	0.258005	0.200108	0.000144246	0.046707
361	-4.33861	-4.25691	-4.26154	-4.27965	-4.38606	-6.26296	0.259315	0.258117	0.253484	0.227897	0.00118754	0.0621327
362	-9.59545	-9.42603	-9.43752	-9.48203	-9.73027	-13.4365	0.272301	0.269189	0.257471	0.200871	0.000168022	0.0470688
363	-8.27609	-8.09623	-8.10776	-8.15283	-8.41596	-12.2675	0.273196	0.270064	0.258163	0.198434	0.000143537	0.0464218
364	-4.39555	-4.31454	-4.31922	-4.33746	-4.44276	-6.37862	0.259293	0.258082	0.253415	0.22809	0.00112049	0.0614652
365	-11.7653	-11.4727	-11.4942	-11.5783	-12.0635	-18.3679	0.29135	0.285137	0.262134	0.161368	1.0044e-05	0.0388918
366	-3.8547	-3.77377	-3.77844	-3.79668	-3.9019	-5.83777	0.259286	0.258076	0.253413	0.228104	0.00112055	0.0614681
367	-18.947	-18.6514	-18.6735	-18.7602	-19.2842	-28.6206	0.293577	0.287176	0.263329	0.155918	4.67942e-07	0.0379057
368	-4.60671	-4.53281	-4.53713	-4.55393	-4.65075	-6.98663	0.258634	0.25752	0.253229	0.22986	0.000756911	0.0579725
369	-8.38876	-8.23365	-8.24388	-8.28354	-8.50709	-12.0599	0.270076	0.267328	0.256933	0.205463	0.000200351	0.0481648
370	-4.02345	-3.94507	-3.9496	-3.96724	-4.06874	-6.02928	0.25897	0.257799	0.253291	0.228844	0.0010968	0.0613422
371	-16.4609	-16.252	-16.2667	-16.3241	-16.6512	-21.8907	0.278793	0.274717	0.259417	0.187039	3.37668e-05	0.043392
372	-4.70201	-4.6236	-4.6281	-4.64565	-4.74702	-6.66756	0.258933	0.25777	0.253285	0.22887	0.00114168	0.0618139
373	-3.85709	-3.79877	-3.8019	-3.81416	-3.88682	-5.48104	0.256171	0.25537	0.252259	0.234579	0.00162168	0.0677467
374	-4.44846	-4.3298	-4.33734	-4.36644	-4.5261	-7.08137	0.264519	0.262532	0.255002	0.217373	0.000574782	0.0540192
375	-3.85709	-3.79877	-3.8019	-3.81416	-3.88682	-5.48104	0.256171	0.25537	0.252259	0.234579	0.00162168	0.0677467
376	-4.42147	-4.35986	-4.36321	-4.37629	-4.45295	-6.24553	0.256631	0.255774	0.252449	0.23382	0.0013256	0.0645408
377	-4.33861	-4.25691	-4.26154	-4.27965	-4.38606	-6.26296	0.259315	0.258117	0.253484	0.227897	0.00118754	0.0621327
378	-3.81021	-3.71441	-3.72017	-3.74254	-3.86913	-6.03723	0.261335	0.259834	0.254086	0.223874	0.000871863	0.0581837
379	-5.68958	-5.57959	-5.58644	-5.61292	-5.7595	-8.22828	0.263287	0.261489	0.254655	0.219935	0.000634097	0.0550592
380	-4.44846	-4.3298	-4.33734	-4.36644	-4.5261	-7.08137	0.264519	0.262532	0.255002	0.217373	0.000574782	0.0540192
381	-4.42147	-4.35986	-4.36321	-4.37629	-4.45295	-6.24553	0.256631	0.255774	0.252449	0.23382	0.0013256	0.0645408
382	-3.8547	-3.77377	-3.77844	-3.79668	-3.9019	-5.83777	0.259286	0.258076	0.253413	0.228104	0.00112055	0.0614681
383	-4.42147	-4.35986	-4.36321	-4.37629	-4.45295	-6.24553	0.256631	0.255774	0.252449	0.23382	0.0013256	0.0645408
384	-4.42147	-4.35986	-4.36321	-4.37629	-4.45295	-6.24553	0.256631	0.255774	0.252449	0.23382	0.0013256	0.0645408
385	-3.85709	-3.79877	-3.8019	-3.81416	-3.88682	-5.48104	0.256171	0.25537	0.252259	0.234579	0.00162168	0.0677467
386	-4.39555	-4.31454	-4.31922	-4.33746	-4.44276	-6.37862	0.259293	0.258082	0.253415	0.22809	0.00112049	0.0614652
387	-11.988	-11.7666	-11.7805	-11.8356	-12.1714	-18.4443	0.278822	0.27495	0.260221	0.185995	1.19466e-05	0.0430105
388	-3.8547	-3.77377	-3.77844	-3.79668	-3.9019	-5.83777	0.259286	0.258076	0.253413	0.228104	0.00112055	0.0614681
389	-4.21097	-4.12783	-4.13273	-4.15182	-4.26088	-6.29412	0.259692	0.258421	0.253534	0.227339	0.00101318	0.0602244
390	-3.85709	-3.79877	-3.8019	-3.81416	-3.88682	-5.48104	0.256171	0.25537	0.252259	0.234579	0.00162168	0.0677467
391	-18.1204	-17.855	-17.8721	-17.9397	-18.3591	-28.7886	0.285232	0.280393	0.262072	0.172302	1.73319e-07	0.0406299
392	-7.89852	-7.65966	-7.67608	-7.73994	-8.10127	-12.3795	0.2817	0.277112	0.259969	0.181134	8.55083e-05	0.0429504
393	-19.0488	-18.6834	-18.7095	-18.8124	-19.4448	-29.7229	0.301188	0.293428	0.26473	0.140654	1.64612e-07	0.0353677
394	-7.26228	-7.08847	-7.10031	-7.14614	-7.40157	-11.1419	0.272929	0.269717	0.257633	0.19956	0.000161322	0.0467824
395	-4.33861	-4.25691	-4.26154	-4.27965	-4.38606	-6.26296	0.259315	0.258117	0.253484	0.227897	0.00118754	0.0621327
396	-3.85709	-3.79877	-3.8019	-3.81416	-3.88682	-5.48104	0.256171	0.25537	0.252259	0.234579	0.00162168	0.0677467
397	-8.19311	-8.04001	-8.04935	-8.0859	-8.30208	-11.9187	0.269104	0.266605	0.257036	0.207065	0.000189438	0.048324
398	-3.78255	-3.69283	-3.69814	-3.71881	-3.83656	-5.92058	0.260495	0.259115	0.253815	0.22562	0.000955734	0.059344
399	-9.94247	-9.70515	-9.72059	-9.7813	-10.1479	-16.4013	0.2814	0.277088	0.260768	0.180732	1.1838e-05	0.0421371
400	-8.61987	-8.46669	-8.476	-8.51251	-8.72883	-12.3603	0.269104	0.266608	0.257052	0.20705	0.000186631	0.0482926
401	-5.27302	-5.20414	-5.20798	-5.22298	-5.31062	-7.08737	0.257621	0.256633	0.252812	0.2316	0.00133396	0.0642635
402	-14.3654	-14.0111	-14.0369	-14.1382	-14.7374	-21.8713	0.299508	0.29187	0.263758	0.14486	3.93379e-06	0.0360897
403	-3.98176	-3.86872	-3.87582	-3.90326	-4.05455	-6.55986	0.263735	0.261868	0.254781	0.219007	0.000608774	0.0546427
404	-4.44846	-4.3298	-4.33734	-4.36644	-4.5261	-7.08137	0.264519	0.262532	0.255002	0.217373	0.000574782	0.0540192
405	-10.1145	-9.95083	-9.961	-10.0009	-10.2376	-14.0373	0.270832	0.268091	0.257611	0.20331	0.00015488	0.0473468
406	-3.78255	-3.69283	-3.69814	-3.71881	-3.83656	-5.92058	0.260495	0.259115	0.253815	0.22562	0.000955734	0.059344
407	-20.1939	-19.8049	-19.8344	-19.9508	-20.6651	-33.9552	0.306916	0.297989	0.265253	0.129842	7.47555e-09	0.0335582
408	-18.5831	-18.3052	-18.3234	-18.3955	-18.8428	-29.7511	0.287377	0.282184	0.262575	0.167864	1.04613e-07	0.0398948
409	-3.8547	-3.77377	-3.77844	-3.79668	-3.9019	-5.83777	0.259286	0.258076	0.253413	0.228104	0.00112055	0.0614681
410	-4.1883	-4.08491	-4.09123	-4.11572	-4.25284	-6.56109	0.262355	0.260702	0.254394	0.221799	0.000750822	0.0565819
411	-3.95899	-3.88023	-3.8849	-3.90305	-4.00677	-6.37062	0.259286	0.258078	0.253436	0.228468	0.000731571	0.0574796
412	-8.30431	-8.15404	-8.16324	-8.19926	-8.41205	-11.9939	0.268821	0.266359	0.256936	0.207687	0.000196732	0.0485021
413	-10.7263	-10.5485	-10.5604	-10.6069	-10.8738	-14.6927	0.273645	0.270405	0.258137	0.197665	0.000147722	0.0463351
414	-4.33861	-4.25691	-4.26154	-4.27965	-4.38606	-6.26296	0.259315	0.258117	0.253484	0.227897	0.00118754	0.0621327
415	-9.77634	-9.60489	-9.61571	-9.65803	-9.90615	-13.6902	0.271891	0.268965	0.25782	0.201168	0.000155675	0.0469996
416	-9.49635	-9.25353	-9.27031	-9.33567	-9.70927	-14.0822	0.282585	0.277883	0.260302	0.179154	7.69371e-05	0.0425364
417	-4.04778	-3.9649	-3.96974	-3.98859	-4.09645	-6.12114	0.259576	0.258322	0.2535	0.227579	0.00102296	0.0603659
418	-9.68526	-9.5228	-9.53281	-9.5721	-9.80617	-13.6313	0.270583	0.267886	0.257565	0.203814	0.000151369	0.0473938
419	-4.51653	-4.42787	-4.43317	-4.45376	-4.57063	-6.68974	0.260439	0.259062	0.253783	0.225792	0.000923486	0.0590365
420	-4.39555	-4.31454	-4.31922	-4.33746	-4.44276	-6.37862	0.259293	0.258082	0.253415	0.22809	0.00112049	0.0614652
421	-3.97783	-3.89437	-3.89937	-3.91879	-4.02912	-6.48583	0.259918	0.258621	0.253647	0.227151	0.000662854	0.0565477
422	-3.81021	-3.71441	-3.72017	-3.74254	-3.86913	-6.03723	0.261335	0.259834	0.254086	0.223874	0.000871863	0.0581837
423	-4.40986	-4.24224	-4.25367	-4.29763	-4.53374	-7.37708	0.271489	0.268406	0.256861	0.202843	0.000402114	0.0498223
424	-8.36432	-8.19657	-8.20701	-8.24789	-8.48839	-12.2357	0.271217	0.268399	0.25765	0.202572	0.000162624	0.0473041
425	-4.21097	-4.12783	-4.13273	-4.15182	-4.26088	-6.29412	0.259692	0.258421	0.253534	0.227339	0.00101318	0.0602244
426	-3.78255	-3.69283	-3.69814	-3.71881	-3.83656	-5.92058	0.260495	0.259115	0.253815	0.22562	0.000955734	0.059344
427	-7.5461	-7.37832	-7.38865	-7.42913	-7.66891	-11.4662	0.271107	0.268321	0.257678	0.20274	0.000154829	0.0472519
428	-4.42147	-4.35986	-4.36321	-4.37629	-4.45295	-6.24553	0.256631	0.255774	0.252449	0.23382	0.0013256	0.0645408
429	-4.46577	-4.37723	-4.38247	-4.40285	-4.51898	-6.59447	0.260347	0.258986	0.253763	0.225939	0.000965287	0.0594958
430	-4.29384	-4.22208	-4.22615	-4.24205	-4.33427	-6.18956	0.258079	0.257029	0.252975	0.230688	0.00122836	0.0630146
431	-3.95899	-3.88023	-3.8849	-3.90305	-4.00677	-6.37062	0.259286	0.258078	0.253436	0.228468	0.000731571	0.0574796
432	-4.42147	-4.35986	-4.36321	-4.37629	-4.45295	-6.24553	0.256631	0.255774	0.252449	0.23382	0.0013256	0.0645408
433	-5.18702	-5.11634	-5.12033	-5.13586	-5.22604	-7.0769	0.257892	0.256867	0.252907	0.231098	0.00123599	0.0631613
434	-4.21097	-4.12783	-4.13273	-4.15182	-4.26088	-6.29412	0.259692	0.258421	0.253534	0.227339	0.00101318	0.0602244
435	-4.21097	-4.12783	-4.13273	-4.15182	-4.26088	-6.29412	0.259692	0.258421	0.253534	0.227339	0.00101318	0.0602244
436	-8.27609	-8.09623	-8.10776	-8.15283	-8.41596	-12.2675	0.273196	0.270064	0.258163	0.198434	0.000143537	0.0464218
437	-4.27304	-4.18322	-4.18854	-4.20922	-4.32705	-6.4107	0.260502	0.25912	0.253817	0.225605	0.000956023	0.0593445
438	-8.72404	-8.55076	-8.56151	-8.60362	-8.8535	-12.7487	0.271951	0.269045	0.25795	0.200915	0.000139124	0.0467882
439	-4.29384	-4.22208	-4.22615	-4.24205	-4.33427	-6.18956	0.258079	0.257029	0.252975	0.230688	0.00122836	0.0630146
440	-5.58436	-5.4819	-5.48816	-5.51239	-5.6479	-7.98466	0.262222	0.260586	0.254347	0.222114	0.00073076	0.0564248
441	-11.1634	-10.9217	-10.9383	-11.003	-11.3695	-15.675	0.282109	0.277456	0.260077	0.180274	8.28132e-05	0.0427805
442	-7.60212	-7.40025	-7.41335	-7.46453	-7.76282	-11.8209	0.276165	0.272571	0.258971	0.19218	0.000113071	0.0450722
443	-4.39555	-4.31454	-4.31922	-4.33746	-4.44276	-6.37862	0.259293	0.258082	0.253415	0.22809	0.00112049	0.0614652
444	-4.44836	-4.36915	-4.37385	-4.39212	-4.49645	-6.86678	0.259345	0.258129	0.253456	0.228344	0.000726453	0.0574059
445	-5.7827	-5.71375	-5.71759	-5.7326	-5.8203	-7.59702	0.257626	0.256638	0.252814	0.231588	0.00133393	0.0642612
446	-9.21745	-9.05907	-9.06898	-9.1078	-9.33749	-12.9905	0.270253	0.267589	0.257401	0.204577	0.000180481	0.0478212
447	-4.39555	-4.31454	-4.31922	-4.33746	-4.44276	-6.37862	0.259293	0.258082	0.253415	0.22809	0.00112049	0.0614652
448	-4.70201	-4.6236	-4.6281	-4.64565	-4.74702	-6.66756	0.258933	0.25777	0.253285	0.22887	0.00114168	0.0618139
449	-4.55106	-4.42354	-4.43182	-4.4637	-4.63649	-7.33993	0.265785	0.263594	0.255324	0.214807	0.000489777	0.0527102
450	-4.44836	-4.36915	-4.37385	-4.39212	-4.49645	-6.86678	0.259345	0.258129	0.253456	0.228344	0.000726453	0.0574059
451	-4.21097	-4.12783	-4.13273	-4.15182	-4.26088	-6.29412	0.259692	0.258421	0.253534	0.227339	0.00101318	0.0602244
452	-4.39555	-4.31454	-4.31922	-4.33746	-4.44276	-6.37862	0.259293	0.258082	0.253415	0.22809	0.00112049	0.0614652
453	-4.55106	-4.42354	-4.43182	-4.4637	-4.63649	-7.33993	0.265785	0.263594	0.255324	0.214807	0.000489777	0.0527102
454	-4.27304	-4.18322	-4.18854	-4.20922	-4.32705	-6.4107	0.260502	0.25912	0.253817	0.225605	0.000956023	0.0593445
455	-12.345	-11.975	-12.0019	-12.1076	-12.7374	-20.157	0.301578	0.293572	0.264144	0.140703	2.87114e-06	0.0353884
456	-4.46577	-4.37723	-4.38247	-4.40285	-4.51898	-6.59447	0.260347	0.258986	0.253763	0.225939	0.000965287	0.0594958
457	-5.7827	-5.71375	-5.71759	-5.7326	-5.8203	-7.59702	0.257626	0.256638	0.252814	0.231588	0.00133393	0.0642612
458	-13.1009	-12.7835	-12.806	-12.8942	-13.4187	-20.3074	0.293872	0.28734	0.263085	0.155698	5.40254e-06	0.0379135
459	-4.1883	-4.08491	-4.09123	-4.11572	-4.25284	-6.56109	0.262355	0.260702	0.254394	0.221799	0.000750822	0.0565819
460	-10.6916	-10.4802	-10.4942	-10.5487	-10.8609	-14.923	0.277499	0.273641	0.259117	0.189633	0.000111117	0.0446265
461	-7.89852	-7.65966	-7.67608	-7.73994	-8.10127	-12.3795	0.2817	0.277112	0.259969	0.181134	8.55083e-05	0.0429504
462	-5.41429	-5.33681	-5.34124	-5.35851	-5.45824	-7.37941	0.258787	0.257643	0.253232	0.229196	0.00114259	0.0618768
463	-8.64248	-8.45792	-8.46983	-8.51638	-8.78799	-12.6931	0.273917	0.270674	0.258363	0.196912	0.000134999	0.0460816
464	-11.2198	-10.9293	-10.9507	-11.0338	-11.51	-17.7002	0.290764	0.284625	0.261914	0.162685	1.13508e-05	0.0391215
465	-4.42147	-4.35986	-4.36321	-4.37629	-4.45295	-6.24553	0.256631	0.255774	0.252449	0.23382	0.0013256	0.0645408
466	-7.66782	-7.53096	-7.53953	-7.57302	-7.76823	-11.0015	0.267371	0.265089	0.25636	0.210897	0.000283098	0.0499269
467	-12.2224	-11.9509	-11.9686	-12.0382	-12.4676	-21.3272	0.286081	0.28108	0.262185	0.170653	8.25027e-07	0.0403619
468	-11.4965	-15.0022	-13.694	-12.3958	-11.0281	-11.292	0.013728	0.0507841	0.18602	0.73037	0.0190974	0.3315
469	-4.1504	-4.07656	-4.08087	-4.09764	-4.19402	-6.37228	0.258568	0.257456	0.253176	0.229914	0.000886329	0.0593277
470	-9.9351	-9.8051	-9.81323	-9.84488	-10.0271	-13.2934	0.266322	0.264166	0.255935	0.2133	0.000277017	0.0502571
471	-5.12027	-5.05443	-5.05816	-5.0727	-5.15741	-7.27254	0.257465	0.256507	0.252804	0.232271	0.000953768	0.0604172
472	-8.07673	-7.89337	-7.90605	-7.9551	-8.2275	-12.0432	0.274421	0.270964	0.257992	0.196475	0.000147307	0.0461262
473	-16.4811	-19.8021	-18.5	-17.2258	-16.0132	-20.0504	0.0161128	0.059247	0.211863	0.71235	0.000427935	0.134747
474	-7.10904	-6.94127	-6.95176	-6.99275	-7.23286	-10.9602	0.271217	0.268388	0.257609	0.20262	0.000165936	0.0473455
475	-4.60671	-4.53281	-4.53713	-4.55393	-4.65075	-6.98663	0.258634	0.25752	0.253229	0.22986	0.000756911	0.0579725
476	-5.53176	-5.45802	-5.46227	-5.47881	-5.57428	-7.81842	0.258488	0.257393	0.25317	0.230119	0.000830562	0.0587814
477	-10.6331	-14.1211	-12.8127	-11.5135	-10.1352	-10.2954	0.0135761	0.0502323	0.184177	0.730816	0.0211982	0.353402
478	-4.88423	-4.80064	-4.80551	-4.82444	-4.93234	-7.11284	0.259632	0.258371	0.253526	0.227595	0.000875432	0.058833
479	-4.42147	-4.35986	-4.36321	-4.37629	-4.45295	-6.24553	0.256631	0.255774	0.252449	0.23382	0.0013256	0.0645408
480	-4.44836	-4.36915	-4.37385	-4.39212	-4.49645	-6.86678	0.259345	0.258129	0.253456	0.228344	0.000726453	0.0574059
481	-3.97783	-3.89437	-3.89937	-3.91879	-4.02912	-6.48583	0.259918	0.258621	0.253647	0.227151	0.000662854	0.0565477
482	-8.52242	-8.35654	-8.36688	-8.40734	-8.64516	-12.3656	0.270995	0.268208	0.257573	0.203057	0.000167445	0.0474339
483	-7.23257	-7.04453	-7.05751	-7.10769	-7.38605	-11.2701	0.274944	0.271401	0.258118	0.195401	0.000136823	0.0458394
484	-16.381	-16.0071	-16.0337	-16.1384	-16.7784	-26.6432	0.301827	0.293912	0.264693	0.139567	2.46951e-07	0.0351845
485	-31.4343	-44.6548	-40.6892	-36.6345	-31.6392	-26.7742	4.10466e-07	2.16539e-05	0.00124878	0.184461	0.814269	8.51484
486	-4.24383	-4.17198	-4.17604	-4.19189	-4.28396	-6.12632	0.258058	0.257011	0.252969	0.230718	0.0012445	0.0631874
487	-7.26228	-7.08847	-7.10031	-7.14614	-7.40157	-11.1419	0.272929	0.269717	0.257633	0.19956	0.000161322	0.0467824
488	-11.3406	-11.1701	-11.1815	-11.226	-11.4749	-15.1332	0.272322	0.269216	0.257511	0.200775	0.000176173	0.0471386
489	-4.24383	-4.17198	-4.17604	-4.19189	-4.28396	-6.12632	0.258058	0.257011	0.252969	0.230718	0.0012445	0.0631874
490	-5.53176	-5.45802	-5.46227	-5.47881	-5.57428	-7.81842	0.258488	0.257393	0.25317	0.230119	0.000830562	0.0587814
491	-16.2926	-19.915	-18.6051	-17.3002	-15.9127	-18.016	0.0136384	0.0505442	0.186362	0.746354	0.0031012	0.16763
492	-5.12027	-5.05443	-5.05816	-5.0727	-5.15741	-7.27254	0.257465	0.256507	0.252804	0.232271	0.000953768	0.0604172
493	-10.8946	-14.5228	-13.2079	-11.8828	-10.3576	-9.72925	0.0114606	0.0426871	0.160612	0.738135	0.0471061	0.623788
494	-11.3595	-11.0743	-11.0953	-11.177	-11.6405	-17.7071	0.289911	0.283887	0.261619	0.16457	1.29933e-05	0.0394482
495	-4.00314	-3.88892	-3.8961	-3.92385	-4.07677	-6.58705	0.263884	0.261995	0.254825	0.21869	0.000604875	0.0545497
496	-4.44836	-4.36915	-4.37385	-4.39212	-4.49645	-6.86678	0.259345	0.258129	0.253456	0.228344	0.000726453	0.0574059
497	-5.13759	-5.06771	-5.07171	-5.08729	-5.17758	-7.37644	0.258	0.256971	0.252999	0.231157	0.000872954	0.0593932
498	-3.8547	-3.77377	-3.77844	-3.79668	-3.9019	-5.83777	0.259286	0.258076	0.253413	0.228104	0.00112055	0.0614681
599	-4.44836	-4.36915	-4.37385	-4.39212	-4.49645	-6.86678	0.259345	0.258129	0.253456	0.228344	0.000726453	0.0574059
600	-15.6475	-15.4081	-15.4234	-15.4838	-15.8533	-23.5661	0.281487	0.277207	0.260965	0.180339	2.74495e-06	0.0419814
601	-9.60527	-9.48606	-9.49286	-9.5196	-9.68131	-13.022	0.26428	0.262489	0.255563	0.217405	0.000262095	0.0507836
602	-7.72449	-7.55159	-7.56347	-7.60946	-7.86593	-11.5995	0.273013	0.26979	0.257663	0.199372	0.000162271	0.0467615
603	-4.4113	-4.35056	-4.35387	-4.36684	-4.44285	-6.21862	0.256566	0.255716	0.252422	0.233947	0.0013488	0.064803
604	-4.54217	-4.41701	-4.42517	-4.45662	-4.62746	-7.29734	0.265593	0.263433	0.255278	0.215189	0.000507393	0.0529567
605	-5.756	-5.695	-5.69843	-5.71183	-5.79037	-7.84772	0.256879	0.256	0.252593	0.233512	0.00101591	0.0612679
606	-16.709	-16.4483	-16.4676	-16.5425	-16.969	-22.8167	0.286927	0.281456	0.261137	0.170463	1.67515e-05	0.0404676
607	-5.51973	-5.44696	-5.45118	-5.46761	-5.56243	-7.77828	0.258424	0.257336	0.253142	0.230243	0.000854854	0.0590546
608	-7.84481	-7.66956	-7.68073	-7.72443	-7.98004	-11.802	0.272544	0.269515	0.257992	0.199801	0.000148854	0.0467028
609	-4.4113	-4.35056	-4.35387	-4.36684	-4.44285	-6.21862	0.256566	0.255716	0.252422	0.233947	0.0013488	0.064803
610	-5.51466	-5.45722	-5.46035	-5.47263	-5.54505	-7.16878	0.256172	0.255369	0.252253	0.23463	0.00157489	0.067268
611	-3.84757	-3.7682	-3.77281	-3.79076	-3.89452	-5.81262	0.259146	0.257955	0.253364	0.228393	0.00114209	0.0617398
612	-8.77413	-8.60197	-8.61367	-8.65907	-8.91388	-12.6467	0.272815	0.269639	0.257672	0.199712	0.00016266	0.046823
613	-4.23577	-4.16518	-4.16919	-4.18483	-4.27579	-6.10153	0.257949	0.256917	0.252929	0.230939	0.00126655	0.0634533
614	-11.0699	-14.8919	-13.5787	-12.2605	-10.771	-10.3338	0.0119799	0.0445404	0.166431	0.738139	0.0389095	0.538591
615	-10.9115	-10.7612	-10.7705	-10.807	-11.0226	-14.6214	0.269058	0.266562	0.257009	0.207179	0.000192936	0.0483788
616	-15.4293	-15.1602	-15.1794	-15.2546	-15.7041	-23.3518	0.288057	0.282592	0.262124	0.167225	2.71629e-06	0.0398023
617	-9.52742	-13.0595	-11.7469	-10.4308	-8.95204	-8.58776	0.0121444	0.0451271	0.168268	0.738281	0.0361795	0.510237
618	-11.0468	-10.9124	-10.9205	-10.9522	-11.1377	-14.4681	0.266514	0.264362	0.256116	0.212749	0.000259142	0.049983
619	-7.5679	-7.3075	-7.32599	-7.3978	-7.80101	-12.2448	0.28522	0.279995	0.260594	0.174122	6.96567e-05	0.0416205
620	-27.0435	-38.2767	-34.3287	-30.3427	-25.7406	-23.45	2.66952e-06	0.000138363	0.00744896	0.742608	0.249802	2.73116
621	-23.4051	-26.4717	-25.1707	-23.9014	-22.7384	-30.7182	0.0167904	0.0616697	0.219446	0.702086	8.18181e-06	0.12885
622	-3.84757	-3.7682	-3.77281	-3.79076	-3.89452	-5.81262	0.259146	0.257955	0.253364	0.228393	0.00114209	0.0617398
623	-12.1184	-11.8719	-11.8896	-11.9587	-12.363	-18.3399	0.284786	0.279798	0.261114	0.174286	1.50512e-05	0.0410936
624	-12.5168	-12.2829	-12.2982	-12.3584	-12.7253	-19.2185	0.281333	0.277059	0.260854	0.180744	9.31434e-06	0.0421151
625	-5.77521	-5.70751	-5.7113	-5.7261	-5.81264	-7.57387	0.257515	0.256541	0.252773	0.231816	0.0013561	0.0645293
626	-18.7425	-22.1859	-20.8763	-19.573	-18.1991	-21.7948	0.0138366	0.0512593	0.188697	0.74551	0.000696485	0.14251
627	-10.5119	-10.3608	-10.3701	-10.4062	-10.6202	-14.2001	0.268907	0.266438	0.256981	0.207478	0.00019691	0.0484699
628	-8.83179	-8.68975	-8.69869	-8.73359	-8.93715	-12.3636	0.268103	0.265718	0.256604	0.209343	0.000231646	0.0491358
629	-3.77474	-3.68669	-3.69193	-3.7123	-3.82855	-5.89224	0.260349	0.25899	0.253767	0.225917	0.00097665	0.0596107
630	-8.63689	-8.448	-8.46018	-8.50783	-8.78749	-12.7839	0.274545	0.271221	0.258601	0.195511	0.000122346	0.0457202
631	-10.3022	-13.735	-12.42	-11.0947	-9.56872	-8.92915	0.0114443	0.0426285	0.160424	0.737884	0.0476198	0.629089
632	-4.54217	-4.41701	-4.42517	-4.45662	-4.62746	-7.29734	0.265593	0.263433	0.255278	0.215189	0.000507393	0.0529567
633	-16.9094	-16.5422	-16.5699	-16.6789	-17.3425	-28.3862	0.303569	0.29528	0.264787	0.136364	7.42198e-08	0.0346454
634	-4.54217	-4.41701	-4.42517	-4.45662	-4.62746	-7.29734	0.265593	0.263433	0.255278	0.215189	0.000507393	0.0529567
635	-4.4113	-4.35056	-4.35387	-4.36684	-4.44285	-6.21862	0.256566	0.255716	0.252422	0.233947	0.0013488	0.064803
636	-11.1409	-14.9554	-13.6414	-12.3203	-10.8254	-10.4487	0.0119147	0.0443364	0.166156	0.740834	0.0367585	0.516639
637	-5.756	-5.695	-5.69843	-5.71183	-5.79037	-7.84772	0.256879	0.256	0.252593	0.233512	0.00101591	0.0612679
638	-5.15556	-5.0897	-5.09339	-5.1078	-5.19189	-6.9713	0.257306	0.256358	0.25269	0.232312	0.0013345	0.0643858
639	-3.94663	-3.86888	-3.87352	-3.89156	-3.99463	-6.32717	0.259222	0.258022	0.253409	0.228592	0.000755245	0.0577463
640	-21.8573	-29.6004	-26.9705	-24.3207	-21.2746	-18.9046	0.000171119	0.00237379	0.0335902	0.706557	0.257308	2.80393
641	-11.1529	-14.8444	-13.5304	-12.2094	-10.7155	-10.3467	0.0119284	0.0443857	0.166317	0.740896	0.036473	0.513681
642	-8.88911	-8.72819	-8.73837	-8.77822	-9.01242	-12.7135	0.270687	0.267945	0.257479	0.203718	0.000171273	0.0475826
643	-4.59386	-4.52089	-4.52519	-4.5419	-4.63813	-6.94233	0.258576	0.257469	0.253202	0.229971	0.000781644	0.0582481
644	-4.38845	-4.309	-4.31361	-4.33158	-4.43541	-6.3535	0.259152	0.25796	0.253367	0.22838	0.00114203	0.061737
645	-3.96554	-3.88318	-3.88815	-3.90745	-4.01707	-6.44062	0.259849	0.258561	0.253619	0.227286	0.000685607	0.0568067
646	-15.5466	-18.5156	-17.2133	-15.9382	-14.7165	-18.6587	0.0159919	0.0588149	0.210511	0.71421	0.00047184	0.135482
647	-4.01494	-3.93791	-3.94238	-3.9598	-4.06013	-6.00204	0.258856	0.257701	0.253251	0.229073	0.00111855	0.0616064
648	-4.4113	-4.35056	-4.35387	-4.36684	-4.44285	-6.21862	0.256566	0.255716	0.252422	0.233947	0.0013488	0.064803
649	-4.4113	-4.35056	-4.35387	-4.36684	-4.44285	-6.21862	0.256566	0.255716	0.252422	0.233947	0.0013488	0.064803
650	-5.15556	-5.0897	-5.09339	-5.1078	-5.19189	-6.9713	0.257306	0.256358	0.25269	0.232312	0.0013345	0.0643858
651	-5.12513	-5.05614	-5.06011	-5.07559	-5.16531	-7.3362	0.257943	0.25692	0.252973	0.231266	0.000898138	0.0596731
652	-8.88911	-8.72819	-8.73837	-8.77822	-9.01242	-12.7135	0.270687	0.267945	0.257479	0.203718	0.000171273	0.0475826
653	-7.08888	-6.92456	-6.93487	-6.97523	-7.21199	-10.9256	0.270919	0.268138	0.257534	0.203241	0.000168753	0.0474774
654	-4.03932	-3.95789	-3.96267	-3.98127	-4.08789	-6.0929	0.259454	0.258217	0.253459	0.227826	0.00104442	0.0606298
655	-3.94663	-3.86888	-3.87352	-3.89156	-3.99463	-6.32717	0.259222	0.258022	0.253409	0.228592	0.000755245	0.0577463
656	-4.54217	-4.41701	-4.42517	-4.45662	-4.62746	-7.29734	0.265593	0.263433	0.255278	0.215189	0.000507393	0.0529567
657	-5.12513	-5.05614	-5.06011	-5.07559	-5.16531	-7.3362	0.257943	0.25692	0.252973	0.231266	0.000898138	0.0596731
658	-3.84757	-3.7682	-3.77281	-3.79076	-3.89452	-5.81262	0.259146	0.257955	0.253364	0.228393	0.00114209	0.0617398
659	-4.20236	-4.12066	-4.12551	-4.14436	-4.25217	-6.26542	0.259571	0.258317	0.253493	0.227584	0.00103476	0.0604894
660	-3.96554	-3.88318	-3.88815	-3.90745	-4.01707	-6.44062	0.259849	0.258561	0.253619	0.227286	0.000685607	0.0568067
661	-4.33653	-4.25687	-4.2614	-4.27911	-4.38332	-6.24207	0.259109	0.257938	0.253409	0.228332	0.00121161	0.0624546
662	-4.26524	-4.17711	-4.18235	-4.20274	-4.31906	-6.3824	0.260355	0.258995	0.25377	0.225903	0.000976927	0.0596113
663	-5.68053	-5.57248	-5.57924	-5.60539	-5.75038	-8.19054	0.263131	0.261358	0.254611	0.220247	0.000653434	0.055312
664	-4.26524	-4.17711	-4.18235	-4.20274	-4.31906	-6.3824	0.260355	0.258995	0.25377	0.225903	0.000976927	0.0596113
665	-17.5323	-17.1634	-17.1912	-17.3007	-17.9687	-29.1924	0.303844	0.295509	0.264847	0.135801	6.17397e-08	0.0345519
666	-4.20236	-4.12066	-4.12551	-4.14436	-4.25217	-6.26542	0.259571	0.258317	0.253493	0.227584	0.00103476	0.0604894
667	-8.34759	-8.10948	-8.12589	-8.18978	-8.55343	-12.8554	0.28182	0.277233	0.260077	0.180787	8.33491e-05	0.0428724
668	-18.3604	-18.0322	-18.0563	-18.151	-18.7291	-29.1467	0.297409	0.29034	0.264095	0.148156	1.50812e-07	0.0366148
669	-7.08888	-6.92456	-6.93487	-6.97523	-7.21199	-10.9256	0.270919	0.268138	0.257534	0.203241	0.000168753	0.0474774
670	-3.96554	-3.88318	-3.88815	-3.90745	-4.01707	-6.44062	0.259849	0.258561	0.253619	0.227286	0.000685607	0.0568067
671	-4.54217	-4.41701	-4.42517	-4.45662	-4.62746	-7.29734	0.265593	0.263433	0.255278	0.215189	0.000507393	0.0529567
672	-3.96554	-3.88318	-3.88815	-3.90745	-4.01707	-6.44062	0.259849	0.258561	0.253619	0.227286	0.000685607	0.0568067
673	-4.38845	-4.309	-4.31361	-4.33158	-4.43541	-6.3535	0.259152	0.25796	0.253367	0.22838	0.00114203	0.061737
674	-4.4113	-4.35056	-4.35387	-4.36684	-4.44285	-6.21862	0.256566	0.255716	0.252422	0.233947	0.0013488	0.064803
675	-11.4834	-11.2196	-11.239	-11.3147	-11.7477	-17.707	0.287368	0.281842	0.261309	0.169466	1.48942e-05	0.0402848
676	-7.4793	-7.29173	-7.30471	-7.35497	-7.63441	-11.4925	0.275013	0.271466	0.25816	0.195221	0.000140288	0.0458463
677	-5.756	-5.695	-5.69843	-5.71183	-5.79037	-7.84772	0.256879	0.256	0.252593	0.233512	0.00101591	0.0612679
678	-10.1305	-9.90898	-9.92393	-9.98215	-10.3144	-14.4675	0.279198	0.275054	0.259498	0.18615	9.95912e-05	0.0439297
679	-9.39228	-9.2179	-9.22916	-9.27318	-9.52984	-13.3327	0.272659	0.269604	0.257994	0.199592	0.000151577	0.046696
680	-7.69212	-7.49825	-7.51192	-7.5648	-7.85735	-11.7807	0.276181	0.272431	0.2584	0.192859	0.000129838	0.0453458
681	-10.7983	-10.5027	-10.5244	-10.6094	-11.1026	-17.5074	0.291875	0.285596	0.262333	0.160187	9.01802e-06	0.0386874
682	-15.2273	-14.9454	-14.9642	-15.0383	-15.4961	-24.7259	0.288255	0.282888	0.262668	0.166189	5.54874e-07	0.0396198
683	-4.54217	-4.41701	-4.42517	-4.45662	-4.62746	-7.29734	0.265593	0.263433	0.255278	0.215189	0.000507393	0.0529567
684	-12.709	-12.4721	-12.4877	-12.5493	-12.9214	-19.241	0.281827	0.27745	0.260886	0.179826	1.10241e-05	0.041979
685	-8.79009	-8.59873	-8.61217	-8.66414	-8.95198	-12.8576	0.275769	0.272089	0.258308	0.193701	0.000132728	0.0455154
686	-4.26524	-4.17711	-4.18235	-4.20274	-4.31906	-6.3824	0.260355	0.258995	0.25377	0.225903	0.000976927	0.0596113
687	-8.80202	-8.63932	-8.6503	-8.69287	-8.93184	-12.5426	0.271443	0.268479	0.257291	0.2026	0.000186442	0.0475472
688	-8.85958	-8.72153	-8.73012	-8.7637	-8.95997	-12.3326	0.267456	0.265168	0.256413	0.210717	0.000246056	0.0495122
689	-3.95899	-3.88023	-3.8849	-3.90305	-4.00677	-6.37062	0.259286	0.258078	0.253436	0.228468	0.000731571	0.0574796
690	-20.5008	-32.3214	-29.6888	-27.0294	-23.9591	-24.3241	0.000217521	0.00302568	0.0432306	0.931512	0.0220138	0.391935
691	-4.60671	-4.53281	-4.53713	-4.55393	-4.65075	-6.98663	0.258634	0.25752	0.253229	0.22986	0.000756911	0.0579725
692	-8.85958	-8.72153	-8.73012	-8.7637	-8.95997	-12.3326	0.267456	0.265168	0.256413	0.210717	0.000246056	0.0495122
693	-11.6037	-15.4133	-14.0994	-12.7788	-11.2868	-10.9304	0.0119574	0.0444894	0.166648	0.740884	0.0360214	0.508985
694	-6.87932	-6.68435	-6.697	-6.74646	-7.03516	-11.043	0.275349	0.271887	0.258767	0.193878	0.00011995	0.0454245
695	-4.4113	-4.35056	-4.35387	-4.36684	-4.44285	-6.21862	0.256566	0.255716	0.252422	0.233947	0.0013488	0.064803
696	-3.96554	-3.88318	-3.88815	-3.90745	-4.01707	-6.44062	0.259849	0.258561	0.253619	0.227286	0.000685607	0.0568067
697	-15.9099	-15.6231	-15.6444	-15.7277	-16.2244	-24.1325	0.291728	0.285599	0.26277	0.159902	2.0019e-06	0.038578
698	-15.0277	-19.0849	-17.7684	-16.4373	-14.8809	-14.0081	0.0109576	0.0408779	0.154734	0.733644	0.0597861	0.754913
699	-4.23577	-4.16518	-4.16919	-4.18483	-4.27579	-6.10153	0.257949	0.256917	0.252929	0.230939	0.00126655	0.0634533
700	-5.492	-5.43273	-5.43603	-5.44893	-5.5246	-7.42552	0.256575	0.255729	0.252451	0.234053	0.00119068	0.0631752
701	-11.6542	-15.3314	-14.016	-12.6896	-11.1658	-10.6344	0.011504	0.0428663	0.161493	0.741204	0.0429327	0.58087
702	-5.51466	-5.45722	-5.46035	-5.47263	-5.54505	-7.16878	0.256172	0.255369	0.252253	0.23463	0.00157489	0.067268
703	-4.01494	-3.93791	-3.94238	-3.9598	-4.06013	-6.00204	0.258856	0.257701	0.253251	0.229073	0.00111855	0.0616064
704	-3.96554	-3.88318	-3.88815	-3.90745	-4.01707	-6.44062	0.259849	0.258561	0.253619	0.227286	0.000685607	0.0568067
705	-5.98128	-5.92161	-5.92494	-5.93793	-6.01406	-7.92049	0.25662	0.255768	0.252468	0.23396	0.00118366	0.0630869
706	-6.55396	-6.38908	-6.40024	-6.44346	-6.68562	-10.363	0.271738	0.268724	0.257357	0.202008	0.000173919	0.0473187
707	-43.4755	-62.1601	-55.557	-48.823	-40.6137	-34.3237	2.26849e-11	1.67271e-08	1.40581e-05	0.0516669	0.948319	9.88832
708	-3.96554	-3.88318	-3.88815	-3.90745	-4.01707	-6.44062	0.259849	0.258561	0.253619	0.227286	0.000685607	0.0568067
709	-4.4113	-4.35056	-4.35387	-4.36684	-4.44285	-6.21862	0.256566	0.255716	0.252422	0.233947	0.0013488	0.064803
710	-10.623	-10.4733	-10.4826	-10.5193	-10.7326	-14.2461	0.268954	0.266444	0.256865	0.207526	0.000210465	0.0486161
711	-7.43841	-7.2612	-7.27332	-7.32031	-7.58295	-11.3431	0.273523	0.270226	0.257823	0.198271	0.00015714	0.0465267
712	-14.2702	-17.9619	-16.6509	-15.3414	-13.9086	-14.9223	0.0130298	0.0483387	0.179057	0.750305	0.00926936	0.232331
713	-9.3062	-9.17261	-9.18113	-9.21429	-9.40476	-12.7108	0.267058	0.264792	0.256154	0.211731	0.000264268	0.0498659
714	-4.23577	-4.16518	-4.16919	-4.18483	-4.27579	-6.10153	0.257949	0.256917	0.252929	0.230939	0.00126655	0.0634533
715	-3.84757	-3.7682	-3.77281	-3.79076	-3.89452	-5.81262	0.259146	0.257955	0.253364	0.228393	0.00114209	0.0617398
716	-17.8878	-24.9956	-22.3595	-19.6864	-16.5268	-14.2326	0.000151772	0.00211842	0.0306866	0.722959	0.244085	2.66893
717	-4.4113	-4.35056	-4.35387	-4.36684	-4.44285	-6.21862	0.256566	0.255716	0.252422	0.233947	0.0013488	0.064803
718	-13.0396	-17.0535	-15.7394	-14.4182	-12.9229	-12.5436	0.0119084	0.0443137	0.166084	0.740838	0.0368559	0.517652
719	-10.1239	-9.82022	-9.84285	-9.93121	-10.4411	-16.9599	0.293252	0.286688	0.262445	0.157608	7.91724e-06	0.0382442
720	-3.84757	-3.7682	-3.77281	-3.79076	-3.89452	-5.81262	0.259146	0.257955	0.253364	0.228393	0.00114209	0.0617398
721	-12.002	-11.7896	-11.803	-11.8559	-12.177	-18.1676	0.277671	0.273966	0.259862	0.188485	1.60555e-05	0.0434631
722	-6.59232	-6.41748	-6.42945	-6.47581	-6.73402	-10.5138	0.273175	0.269922	0.257695	0.199053	0.000154695	0.0466297
723	-27.8205	-35.054	-32.4253	-29.7812	-26.8032	-29.5619	0.000246976	0.0034221	0.0481543	0.946135	0.00204117	0.186549
724	-4.01494	-3.93791	-3.94238	-3.9598	-4.06013	-6.00204	0.258856	0.257701	0.253251	0.229073	0.00111855	0.0616064
725	-4.4113	-4.35056	-4.35387	-4.36684	-4.44285	-6.21862	0.256566	0.255716	0.252422	0.233947	0.0013488	0.064803
726	-8.81369	-8.68084	-8.6893	-8.72224	-8.91145	-12.211	0.266946	0.264697	0.256121	0.211969	0.000266273	0.049926
727	-6.87555	-6.71964	-6.72995	-6.77	-6.99711	-10.559	0.270339	0.267566	0.257062	0.204835	0.000197935	0.0480373
728	-3.94663	-3.86888	-3.87352	-3.89156	-3.99463	-6.32717	0.259222	0.258022	0.253409	0.228592	0.000755245	0.0577463
729	-8.90331	-8.72307	-8.73574	-8.78475	-9.05704	-12.8524	0.274406	0.270953	0.257993	0.196497	0.000150351	0.0461617
730	-15.3838	-15.1493	-15.1648	-15.2259	-15.5958	-21.8904	0.281638	0.277294	0.260851	0.180206	1.1326e-05	0.0420453
731	-8.83179	-8.68975	-8.69869	-8.73359	-8.93715	-12.3636	0.268103	0.265718	0.256604	0.209343	0.000231646	0.0491358
732	-12.7074	-12.4636	-12.4808	-12.5481	-12.9425	-18.8846	0.283981	0.279137	0.260966	0.1759	1.57295e-05	0.0413686
733	-9.88125	-9.73713	-9.7461	-9.78114	-9.98549	-13.4379	0.268173	0.265778	0.256628	0.209196	0.000225539	0.049048
734	-19.293	-18.9242	-18.9519	-19.0613	-19.7295	-31.1201	0.30382	0.295501	0.264887	0.135793	5.22426e-08	0.0345516
735	-4.23577	-4.16518	-4.16919	-4.18483	-4.27579	-6.10153	0.257949	0.256917	0.252929	0.230939	0.00126655	0.0634533
736	-18.3656	-26.0493	-23.4159	-20.7526	-17.6309	-14.8613	0.000138801	0.00193226	0.0277176	0.628745	0.341466	3.66702
737	-4.23577	-4.16518	-4.16919	-4.18483	-4.27579	-6.10153	0.257949	0.256917	0.252929	0.230939	0.00126655	0.0634533
738	-8.8324	-8.68632	-8.69527	-8.7303	-8.93722	-12.4662	0.268317	0.265926	0.25677	0.208778	0.000208492	0.0488039
739	-33.2176	-43.6881	-39.7379	-35.7436	-31.1084	-32.5644	3.38098e-06	0.00017563	0.00953432	0.982488	0.00779891	0.251619
740	-3.84757	-3.7682	-3.77281	-3.79076	-3.89452	-5.81262	0.259146	0.257955	0.253364	0.228393	0.00114209	0.0617398
741	-8.76384	-8.61033	-8.62057	-8.66031	-8.88459	-12.3981	0.270128	0.267375	0.256956	0.205333	0.000208251	0.0482258
742	-15.691	-19.3264	-18.0216	-16.7365	-15.4453	-17.3563	0.0149844	0.0552444	0.199703	0.72641	0.00365816	0.170427
743	-11.7215	-11.5413	-11.5526	-11.5969	-11.853	-15.6242	0.272671	0.269596	0.257925	0.199651	0.000156498	0.0467554
744	-5.15556	-5.0897	-5.09339	-5.1078	-5.19189	-6.9713	0.257306	0.256358	0.25269	0.232312	0.0013345	0.0643858
745	-8.17335	-8.02273	-8.03195	-8.06808	-8.28204	-11.8905	0.268906	0.266438	0.256983	0.207482	0.000191379	0.048413
746	-4.38845	-4.309	-4.31361	-4.33158	-4.43541	-6.3535	0.259152	0.25796	0.253367	0.22838	0.00114203	0.061737
747	-3.84757	-3.7682	-3.77281	-3.79076	-3.89452	-5.81262	0.259146	0.257955	0.253364	0.228393	0.00114209	0.0617398
748	-3.77474	-3.68669	-3.69193	-3.7123	-3.82855	-5.89224	0.260349	0.25899	0.253767	0.225917	0.00097665	0.0596107
749	-4.4578	-4.3709	-4.37606	-4.39615	-4.51084	-6.56605	0.260206	0.258865	0.253717	0.226226	0.000986303	0.0597618
750	-3.77474	-3.68669	-3.69193	-3.7123	-3.82855	-5.89224	0.260349	0.25899	0.253767	0.225917	0.00097665	0.0596107
751	-8.03529	-7.90713	-7.91545	-7.94781	-8.13271	-11.3881	0.2666	0.26439	0.255971	0.212759	0.000279339	0.0501912
752	-3.84757	-3.7682	-3.77281	-3.79076	-3.89452	-5.81262	0.259146	0.257955	0.253364	0.228393	0.00114209	0.0617398
753	-9.43544	-9.30165	-9.30983	-9.34177	-9.52869	-12.8614	0.266638	0.264468	0.256153	0.212482	0.000258226	0.0499295
754	-3.84757	-3.7682	-3.77281	-3.79076	-3.89452	-5.81262	0.259146	0.257955	0.253364	0.228393	0.00114209	0.0617398
755	-13.7587	-13.4344	-13.4575	-13.5482	-14.0891	-21.1084	0.295055	0.288314	0.263314	0.153313	4.66851e-06	0.0375099
756	-4.43602	-4.35783	-4.3625	-4.38066	-4.48433	-6.82327	0.25928	0.258072	0.253428	0.22847	0.000750035	0.0576719
757	-9.30162	-9.11714	-9.12899	-9.17534	-9.4468	-13.377	0.273873	0.270646	0.258388	0.196961	0.000131689	0.0460562
758	-3.97283	-3.86181	-3.86882	-3.8959	-4.04552	-6.52146	0.26357	0.261729	0.254736	0.219336	0.000627859	0.0548956
759	-13.185	-12.9436	-12.9595	-13.0217	-13.3994	-19.8271	0.282233	0.277801	0.261028	0.178928	9.84487e-06	0.0418192
760	-4.01494	-3.93791	-3.94238	-3.9598	-4.06013	-6.00204	0.258856	0.257701	0.253251	0.229073	0.00111855	0.0616064
761	-4.50786	-4.42076	-4.42599	-4.44631	-4.56186	-6.65945	0.260309	0.258951	0.253741	0.226054	0.000944665	0.0592999
762	-4.4578	-4.3709	-4.37606	-4.39615	-4.51084	-6.56605	0.260206	0.258865	0.253717	0.226226	0.000986303	0.0597618
763	-5.756	-5.695	-5.69843	-5.71183	-5.79037	-7.84772	0.256879	0.256	0.252593	0.233512	0.00101591	0.0612679
764	-3.77474	-3.68669	-3.69193	-3.7123	-3.82855	-5.89224	0.260349	0.25899	0.253767	0.225917	0.00097665	0.0596107
765	-11.5014	-11.2655	-11.2807	-11.3403	-11.7031	-18.1052	0.281014	0.276789	0.260765	0.181422	1.02403e-05	0.0422365
766	-3.84757	-3.7682	-3.77281	-3.79076	-3.89452	-5.81262	0.259146	0.257955	0.253364	0.228393	0.00114209	0.0617398
767	-7.08888	-6.92456	-6.93487	-6.97523	-7.21199	-10.9256	0.270919	0.268138	0.257534	0.203241	0.000168753	0.0474774
768	-8.56397	-8.39924	-8.40952	-8.44978	-8.68723	-12.432	0.27094	0.268168	0.257586	0.203143	0.000163489	0.0474076
769	-3.84757	-3.7682	-3.77281	-3.79076	-3.89452	-5.81262	0.259146	0.257955	0.253364	0.228393	0.00114209	0.0617398
770	-18.2438	-22.083	-20.773	-19.4682	-18.0787	-20.0526	0.013612	0.0504461	0.186008	0.746404	0.00352994	0.172094
771	-7.92159	-7.68513	-7.70146	-7.76499	-8.12561	-12.4075	0.281605	0.277043	0.25999	0.181276	8.52681e-05	0.0429725
772	-24.4116	-31.8515	-29.2296	-26.6121	-23.7933	-26.7336	0.000296836	0.00408517	0.0559745	0.937956	0.00168761	0.181695
773	-15.6668	-19.3744	-18.0687	-16.7806	-15.4899	-18.0252	0.0149608	0.0552076	0.200175	0.727694	0.00196306	0.153004
774	-3.96554	-3.88318	-3.88815	-3.90745	-4.01707	-6.44062	0.259849	0.258561	0.253619	0.227286	0.000685607	0.0568067
775	-3.96554	-3.88318	-3.88815	-3.90745	-4.01707	-6.44062	0.259849	0.258561	0.253619	0.227286	0.000685607	0.0568067
776	-4.38845	-4.309	-4.31361	-4.33158	-4.43541	-6.3535	0.259152	0.25796	0.253367	0.22838	0.00114203	0.061737
777	-11.0556	-10.8978	-10.9087	-10.9508	-11.1881	-14.75	0.271262	0.268337	0.257283	0.202922	0.000196082	0.0477016
778	-4.38845	-4.309	-4.31361	-4.33158	-4.43541	-6.3535	0.259152	0.25796	0.253367	0.22838	0.00114203	0.061737
779	-9.97238	-9.81829	-9.8286	-9.86868	-10.0958	-13.6334	0.270342	0.267567	0.257055	0.204833	0.000202791	0.0480874
780	-4.01494	-3.93791	-3.94238	-3.9598	-4.06013	-6.00204	0.258856	0.257701	0.253251	0.229073	0.00111855	0.0616064
781	-5.77521	-5.70751	-5.7113	-5.7261	-5.81264	-7.57387	0.257515	0.256541	0.252773	0.231816	0.0013561	0.0645293
782	-4.23577	-4.16518	-4.16919	-4.18483	-4.27579	-6.10153	0.257949	0.256917	0.252929	0.230939	0.00126655	0.0634533
783	-8.17335	-8.02273	-8.03195	-8.06808	-8.28204	-11.8905	0.268906	0.266438	0.256983	0.207482	0.000191379	0.048413
784	-23.485	-30.1163	-27.4944	-24.8768	-22.0587	-26.3795	0.000297398	0.00409295	0.056083	0.939102	0.000424876	0.168741
785	-9.28693	-9.1203	-9.13089	-9.1723	-9.41607	-13.1461	0.27149	0.268632	0.257735	0.201978	0.000164976	0.0472306
786	-4.46577	-4.37723	-4.38247	-4.40285	-4.51898	-6.59447	0.260347	0.258986	0.253763	0.225939	0.000965287	0.0594958
