
Analysis Description
--------------------
BUSTED (branch-site unrestricted statistical test of episodic
diversification) uses a random effects branch-site model fitted jointly
to all or a subset of tree branches in order to test for alignment-wide
evidence of episodic diversifying selection. Assuming there is evidence
of positive selection (i.e. there is an omega > 1), BUSTED will also
perform a quick evidence-ratio style analysis to explore which
individual sites may have been subject to selection. v2.0 adds support
for synonymous rate variation, and relaxes the test statistic to 0.5
(chi^2_0 + chi^2_2). Version 2.1 adds a grid search for the initial
starting point. Version 2.2 changes the grid search to LHC, and adds an
initial search phase to use adaptive Nedler-Mead. 

- __Requirements__: in-frame codon alignment and a phylogenetic tree (optionally annotated
with {})

- __Citation__: *Gene-wide identification of episodic selection*, Mol Biol Evol.
32(5):1365-71

- __Written by__: Sergei L Kosakovsky Pond

- __Contact Information__: spond@temple.edu

- __Analysis Version__: 2.2


>code –> Universal

>Loaded a multiple sequence alignment with **23** sequences, **1016** codons, and **1** partitions from `/home/imelonie/DGINN/Sequences/ERFL_ENSG_results_202207221625/ERFL_sequences_filtered_longestORFs_mafft_mincov_prank_clustiso.fasta`

>branches –> All

>srv –> Yes
The number omega rate classes to include in the model (permissible range = [1,10], default value = 3, integer): 
>rates –> 3
The number omega rate classes to include in the model (permissible range = [1,10], default value = 3, integer): 
>syn-rates –> 3
The number of points in the initial distributional guess for likelihood fitting (permissible range = [1,10000], default value = 250, integer): 
>grid-size –> 250
The number of initial random guesses to 'seed' rate values optimization (permissible range = [1,25], default value = 1, integer): 
>starting-points –> 1


### Branches to test for selection in the BUSTED analysis
* Selected 37 branches to test in the BUSTED analysis: `traFra_ERFL_XM_033198263, pilTep_ERFL_XM_023229355, colAngPal_LOC105507874_XM_011936591, Node2, chlSab_ERFL_XM_007996944, macNem_LOC105495277_XM_011764608, macFas_ERFL_XM_045379538, macMul_LOC722195_XM_001118376, Node11, Node9, manLeu_LOC105542543_XM_011984131, papAnu_ERFL_XM_021930375, theGel_LOC112611967_XM_025365920, Node16, Node14, Node8, Node6, carSyr_LOC103273608_XM_008071041, lemCat_ERFL_XM_045531605, micMur_LOC105867990_XM_012758467, Node23, Node21, aotNan_LOC105723390_XM_012461345, calJac_ERFL_XM_008988092, calJac_ERFL_XM_035284598, Node28, Node26, Node20, nomLeu_ERFL_XM_030797138, gorGorGor_ERFL_XM_031004087, homSap_ERFL_ENSG00000268041, panPan_ERFL_XM_034946138, Node35, Node33, Node31, Node19, Node5`


### Obtaining branch lengths and nucleotide substitution biases under the nucleotide GTR model
Error:
The number of tree tips in 'mNdYFOip.tree_0'(20) is not equal to the number of sequences in the data filter associated with the tree (23).

Function call stack
1 :  LikelihoodFunction mNdYFOip.likelihoodFunction = (JPKZxTWR.lf_components);

-------
2 :  ExecuteCommands(commands, /usr/lib/hyphy/TemplateBatchFiles/libv3/);
-------
3 :  [namespace = JPKZxTWR] utility.ExecuteInGlobalNamespace("LikelihoodFunction `lfid` = (`&lf_components`)");
-------
4 :  [namespace = mNdYFOip] df=estimators.CreateLFObject(this_namespace,data_filter,tree,model_template,initial_values,run_options,None);
-------
5 :  [namespace = nkjyAUFr] return estimators.FitSingleModel_Ext(data_filter,tree,"models.DNA.GTR.ModelDescription",initial_values,run_options);
-------
6 :  [namespace = wCCNqYJD] return estimators.FitGTR_Ext(data_filter,tree,initial_values,{});
-------
7 :  [namespace = busted] gtr_results=estimators.FitGTR(filter_names,trees,gtr_results);
-------
8 :  [namespace = busted] doGTR("busted");
-------
9 :  namespace 

Step 0.doGTR("busted");;
-------
