Sites	Ll	Ll_YN98.omega_1=0.0159853	Ll_YN98.omega_1=0.238413	Ll_YN98.omega_1=0.797821	Ll_YN98.omega_1=0.994776	Ll_YN98.omega_1=2.26838	Pr_YN98.omega_1=0.0159853	Pr_YN98.omega_1=0.238413	Pr_YN98.omega_1=0.797821	Pr_YN98.omega_1=0.994776	Pr_YN98.omega_1=2.26838	mean
1	-6.01442	-4.19362	-4.84009	-6.02127	-6.34838	-7.93992	0.532434	0.278939	0.0856106	0.0617258	0.0412906	0.298382
2	-7.64623	-6.08373	-6.58999	-7.51158	-7.76468	-8.97302	0.452185	0.272552	0.108445	0.0841955	0.0826219	0.429902
5	-7.16515	-5.50732	-6.11371	-7.19047	-7.47562	-8.75319	0.500322	0.272834	0.0929536	0.0698924	0.0639983	0.361905
6	-7.99977	-9.2599	-7.33697	-7.47163	-7.60271	-8.39079	0.0371756	0.254315	0.222275	0.19497	0.291264	1.09321
7	-12.8178	-18.943	-14.0698	-12.8192	-12.7327	-12.8962	0.000404031	0.0528251	0.184474	0.201146	0.561151	1.63278
8	-9.09581	-11.5602	-9.23819	-8.80729	-8.81286	-9.11387	0.0124349	0.12679	0.195085	0.194	0.47169	1.44903
9	-12.7904	-18.7824	-14.0589	-12.8346	-12.7029	-12.4533	0.000360322	0.0405579	0.137978	0.157399	0.663705	1.78187
10	-7.83467	-9.83009	-7.67111	-7.4524	-7.50451	-8.0129	0.0196484	0.1702	0.21181	0.201056	0.397286	1.31108
11	-9.73281	-17.1195	-11.9353	-10.1911	-9.9752	-9.55513	0.000113608	0.0202708	0.115977	0.143928	0.719711	1.87312
12	-6.83987	-5.3309	-5.86637	-6.81432	-7.06979	-8.2488	0.461781	0.270323	0.104759	0.0811417	0.0819952	0.422123
17	-6.02437	-4.71224	-5.12847	-5.90573	-6.12738	-7.23573	0.405024	0.267123	0.122787	0.0983768	0.10669	0.507998
18	-4.62186	-4.08447	-4.18722	-4.4317	-4.51341	-4.99542	0.218274	0.196962	0.154242	0.142141	0.288381	0.969061
19	-4.36096	-3.616	-3.76371	-4.1076	-4.22027	-4.86615	0.252402	0.217743	0.154382	0.137932	0.237542	0.855163
20	-5.11996	-4.59212	-4.69231	-4.93173	-5.01205	-5.48903	0.216749	0.196084	0.154334	0.142423	0.29041	0.973784
21	-7.90575	-10.2947	-8.01439	-7.61682	-7.62708	-7.95947	0.0135711	0.132727	0.197523	0.195507	0.460671	1.42891
22	-7.00541	-5.71396	-6.17481	-6.96962	-7.17759	-8.11535	0.409056	0.258011	0.116535	0.0946532	0.121745	0.531348
23	-10.2901	-16.4684	-11.655	-10.3796	-10.2583	-10.135	0.000343326	0.0422802	0.151366	0.170893	0.635117	1.74153
24	-9.47747	-15.8686	-10.9474	-9.54603	-9.40741	-9.28556	0.000269598	0.0369786	0.150159	0.172485	0.640108	1.75221
25	-7.44358	-6.02503	-6.5105	-7.39486	-7.63719	-8.77173	0.438647	0.269948	0.111482	0.0874913	0.0924313	0.457018
26	-6.44916	-5.38534	-5.69373	-6.29888	-6.47686	-7.39915	0.343647	0.252453	0.137838	0.115364	0.150698	0.632253
27	-13.2915	-15.5572	-13.7321	-13.898	-14.0062	-14.568	0.0384475	0.238511	0.202043	0.181321	0.339677	1.16956
28	-8.67492	-11.6592	-9.22607	-8.56029	-8.50186	-8.53709	0.00753947	0.0859092	0.167179	0.177239	0.562133	1.60543
29	-4.66989	-4.32845	-4.39131	-4.54414	-4.59624	-4.91386	0.187277	0.175868	0.150943	0.14328	0.342631	1.0851
30	-8.01612	-7.29738	-7.43602	-7.76547	-7.87519	-8.51443	0.248098	0.215979	0.155359	0.139214	0.24135	0.865366
31	-5.19577	-4.51195	-4.64569	-4.95962	-5.06326	-5.6641	0.242239	0.211915	0.154818	0.139576	0.251452	0.887147
32	-10.3424	-9.60408	-9.74671	-10.0859	-10.199	-10.8593	0.251715	0.218257	0.155476	0.138855	0.235697	0.852881
33	-4.9917	-4.62493	-4.69303	-4.8578	-4.91372	-5.25196	0.191185	0.178599	0.151467	0.14323	0.33552	1.07005
34	-11.2066	-15.1112	-12.5006	-11.5151	-11.3701	-11.0029	0.00341168	0.046426	0.124379	0.143791	0.681992	1.80041
35	-9.91589	-13.6925	-11.1049	-10.1735	-10.0463	-9.77981	0.00398799	0.0530324	0.134594	0.152857	0.655528	1.75913
36	-9.61928	-9.18566	-9.26586	-9.46086	-9.52728	-9.93007	0.201876	0.186317	0.153307	0.143456	0.315044	1.02731
37	-5.05633	-4.76521	-4.81858	-4.94864	-4.99308	-5.26492	0.179536	0.170205	0.149447	0.142952	0.35786	1.11665
38	-5.08544	-4.69885	-4.77098	-4.945	-5.00391	-5.35881	0.194273	0.180754	0.151883	0.143194	0.329895	1.05815
39	-8.90492	-8.2204	-8.35141	-8.66468	-8.76965	-9.38787	0.242829	0.213011	0.155723	0.140205	0.248232	0.881463
40	-4.9917	-4.62493	-4.69303	-4.8578	-4.91372	-5.25196	0.191185	0.178599	0.151467	0.14323	0.33552	1.07005
41	-4.54944	-4.0091	-4.11166	-4.35679	-4.43903	-4.92722	0.218764	0.197439	0.154517	0.142318	0.286962	0.966358
42	-15.5764	-23.6162	-18.3345	-16.2191	-15.8806	-14.8579	3.99643e-05	0.00786103	0.0651867	0.0914513	0.835461	2.04
43	-8.07819	-9.55116	-7.55722	-7.58146	-7.68734	-8.38129	0.0307262	0.225668	0.220263	0.198134	0.325208	1.16482
44	-6.57878	-5.0992	-5.58214	-6.48303	-6.73604	-7.95841	0.444351	0.274151	0.111361	0.0864682	0.0836693	0.437121
45	-12.9849	-19.0891	-14.2779	-12.9707	-12.8359	-12.6798	0.000323265	0.0397231	0.146801	0.16799	0.645163	1.75718
46	-7.67156	-9.28096	-7.25235	-7.21576	-7.30787	-7.96718	0.027851	0.211766	0.219656	0.200327	0.3404	1.19762
47	-15.6367	-27.0892	-19.3605	-16.4909	-16.0589	-14.8336	1.25865e-06	0.00286048	0.0504302	0.0776793	0.869029	2.08948
48	-7.63493	-6.30184	-6.75564	-7.59416	-7.81455	-8.74074	0.413765	0.262828	0.113635	0.0911583	0.118614	0.519679
49	-7.43302	-8.75408	-6.77023	-6.84782	-6.97795	-7.85239	0.034483	0.250715	0.231997	0.203688	0.279117	1.08118
50	-7.97474	-9.3629	-7.3672	-7.40982	-7.53093	-8.36413	0.0327083	0.240646	0.230603	0.204301	0.291741	1.10689
51	-7.74865	-8.84747	-6.96386	-7.16957	-7.32185	-8.23265	0.0423636	0.278633	0.226828	0.194787	0.257388	1.0257
52	-12.1885	-20.7309	-13.6763	-12.0235	-11.893	-11.8658	2.67674e-05	0.0310004	0.16188	0.184437	0.622655	1.73243
53	-9.05476	-15.4637	-10.5566	-9.19635	-9.07129	-9.03486	0.000303409	0.0410357	0.159926	0.181232	0.617502	1.7184
54	-9.23166	-15.5237	-10.6724	-9.32826	-9.19031	-9.02871	0.000297917	0.0381056	0.146124	0.167737	0.647735	1.76184
55	-6.11124	-4.72599	-5.17326	-6.00038	-6.23099	-7.34142	0.419945	0.268501	0.117416	0.0932349	0.100903	0.486039
56	-12.8724	-22.8731	-15.4313	-13.1611	-12.8929	-12.3546	6.19812e-06	0.010572	0.102352	0.13384	0.753229	1.92593
57	-9.33541	-15.9275	-10.9693	-9.52464	-9.38113	-9.27681	0.000250989	0.0357267	0.151489	0.174867	0.637667	1.74981
64	-8.39408	-10.3156	-8.20716	-8.03766	-8.09042	-8.51981	0.0208167	0.171432	0.203097	0.19266	0.411993	1.32945
65	-12.1865	-17.7567	-13.0428	-12.0224	-11.9838	-12.2951	0.000659246	0.0734948	0.203902	0.211923	0.510021	1.54795
66	-10.4473	-13.7186	-11.357	-10.7656	-10.7136	-10.6926	0.00842578	0.089378	0.161459	0.170084	0.570653	1.61391
67	-10.2554	-8.7259	-9.23121	-10.1493	-10.4017	-11.6166	0.451704	0.27252	0.10881	0.0845439	0.0824216	0.43007
68	-13.899	-15.6658	-13.5278	-13.467	-13.5689	-14.232	0.0247417	0.209874	0.223018	0.201415	0.340952	1.20213
69	-8.39408	-10.3156	-8.20716	-8.03766	-8.09042	-8.51981	0.0208167	0.171432	0.203097	0.19266	0.411993	1.32945
93	-14.4711	-21.5812	-16.5107	-14.8663	-14.6822	-14.4961	0.000169521	0.0269978	0.139784	0.168048	0.665001	1.79361
94	-7.12543	-8.25051	-6.3411	-6.52079	-6.671	-7.60594	0.0408164	0.275474	0.230168	0.198065	0.255476	1.02651
95	-10.1359	-13.6268	-11.1545	-10.4204	-10.3399	-10.2363	0.00617991	0.0732331	0.152589	0.165367	0.602631	1.6708
96	-15.3609	-18.1213	-16.0793	-15.8998	-15.9192	-16.0902	0.0192257	0.148158	0.177289	0.173878	0.48145	1.44215
97	-12.4757	-19.1531	-14.1975	-12.6185	-12.413	-11.9249	0.000161198	0.0228843	0.110997	0.136316	0.729642	1.88472
98	-13.6845	-19.9765	-15.0783	-13.705	-13.553	-13.2671	0.000251586	0.0337246	0.133158	0.155015	0.677851	1.80611
99	-8.06955	-12.9335	-8.42882	-7.6828	-7.69439	-8.18921	0.00117891	0.106623	0.224824	0.222235	0.445138	1.43563
100	-9.67702	-13.2114	-10.7009	-9.92436	-9.83921	-9.75107	0.00575452	0.0708427	0.154006	0.167695	0.601702	1.67156
101	-4.22843	-3.5044	-3.64647	-3.9794	-4.08911	-4.72309	0.248885	0.215923	0.154778	0.138696	0.241718	0.865223
102	-4.56462	-4.13409	-4.21472	-4.40887	-4.47446	-4.86834	0.201195	0.185609	0.152856	0.143152	0.317188	1.03133
103	-4.99064	-4.35088	-4.47565	-4.76893	-4.8659	-5.42959	0.234982	0.207418	0.154695	0.140399	0.262506	0.911756
104	-4.99181	-4.4248	-4.53273	-4.79031	-4.8766	-5.38753	0.223088	0.200265	0.154789	0.141992	0.279866	0.950898
105	-9.659	-13.3864	-10.81	-9.90234	-9.782	-9.54582	0.00422934	0.0556132	0.137842	0.15547	0.646845	1.74525
106	-7.33374	-10.8038	-8.26672	-7.45076	-7.3604	-7.29231	0.00544702	0.068868	0.155735	0.170463	0.599487	1.67019
107	-15.4524	-23.2837	-18.0471	-16.0379	-15.7342	-14.9066	5.62728e-05	0.0105807	0.0789063	0.106907	0.80355	1.99458
108	-4.48315	-4.01404	-4.10229	-4.31427	-4.38572	-4.81314	0.207328	0.189815	0.153557	0.142968	0.306332	1.00818
109	-4.40816	-3.67876	-3.82212	-4.15774	-4.26824	-4.90587	0.24978	0.21642	0.154717	0.138532	0.240552	0.862498
110	-4.22843	-3.5044	-3.64647	-3.9794	-4.08911	-4.72309	0.248885	0.215923	0.154778	0.138696	0.241718	0.865223
111	-12.2206	-19.9017	-14.6883	-12.7296	-12.4411	-11.6843	6.49466e-05	0.0119315	0.0845966	0.112885	0.790522	1.97584
112	-4.22843	-3.5044	-3.64647	-3.9794	-4.08911	-4.72309	0.248885	0.215923	0.154778	0.138696	0.241718	0.865223
113	-5.12583	-4.73129	-4.80436	-4.98146	-5.04166	-5.40663	0.195558	0.181779	0.152275	0.143379	0.32701	1.05236
114	-5.40894	-5.00341	-5.07827	-5.2601	-5.32201	-5.69838	0.197303	0.183073	0.152636	0.143472	0.323517	1.04516
115	-9.29075	-12.7664	-10.2277	-9.40665	-9.31418	-9.23115	0.00535573	0.0678189	0.154151	0.169084	0.603591	1.67661
116	-12.2258	-11.6481	-11.7558	-12.0167	-12.1053	-12.6398	0.225152	0.202178	0.155742	0.142534	0.274394	0.940274
117	-11.3591	-15.0394	-12.4743	-11.594	-11.4828	-11.3008	0.00457652	0.0594989	0.1435	0.160372	0.632052	1.72201
118	-5.09211	-4.52932	-4.63596	-4.89121	-4.97694	-5.48617	0.222408	0.19991	0.154874	0.142151	0.280656	0.952822
119	-4.9917	-4.62493	-4.69303	-4.8578	-4.91372	-5.25196	0.191185	0.178599	0.151467	0.14323	0.33552	1.07005
120	-4.73936	-4.33769	-4.41233	-4.59289	-4.65414	-5.02449	0.196668	0.182523	0.152372	0.143318	0.325119	1.04829
121	-4.36096	-3.616	-3.76371	-4.1076	-4.22027	-4.86615	0.252402	0.217743	0.154382	0.137932	0.237542	0.855163
122	-8.82053	-8.30509	-8.40116	-8.63417	-8.71336	-9.19183	0.215223	0.195509	0.154871	0.14308	0.291317	0.976761
123	-5.19191	-4.62381	-4.73252	-4.9912	-5.07762	-5.58702	0.223283	0.200282	0.154632	0.141829	0.279975	0.950865
124	-9.22449	-12.7768	-10.2338	-9.40597	-9.31222	-9.22936	0.00529499	0.0673361	0.154094	0.169238	0.604037	1.67762
125	-9.57868	-13.2497	-10.6741	-9.77141	-9.65378	-9.44334	0.00433293	0.0569335	0.140406	0.157933	0.640394	1.73543
126	-4.99181	-4.4248	-4.53273	-4.79031	-4.8766	-5.38753	0.223088	0.200265	0.154789	0.141992	0.279866	0.950898
127	-4.55883	-3.81226	-3.9605	-4.30531	-4.41819	-5.06456	0.252674	0.217862	0.154324	0.137851	0.237289	0.854495
128	-4.48315	-4.01404	-4.10229	-4.31427	-4.38572	-4.81314	0.207328	0.189815	0.153557	0.142968	0.306332	1.00818
129	-4.40816	-3.67876	-3.82212	-4.15774	-4.26824	-4.90587	0.24978	0.21642	0.154717	0.138532	0.240552	0.862498
130	-4.66989	-4.32845	-4.39131	-4.54414	-4.59624	-4.91386	0.187277	0.175868	0.150943	0.14328	0.342631	1.0851
131	-5.09211	-4.52932	-4.63596	-4.89121	-4.97694	-5.48617	0.222408	0.19991	0.154874	0.142151	0.280656	0.952822
132	-8.15841	-11.6942	-9.14745	-8.30776	-8.2093	-8.09296	0.00509319	0.06502	0.150564	0.166142	0.613181	1.69191
133	-5.37692	-4.97676	-5.05112	-5.23099	-5.29202	-5.66093	0.196427	0.182351	0.152332	0.143314	0.325576	1.04924
134	-10.2753	-13.9665	-11.3885	-10.479	-10.3587	-10.1295	0.00423463	0.0557721	0.138485	0.156187	0.645322	1.74306
135	-8.23416	-11.8355	-9.27315	-8.40175	-8.29432	-8.13916	0.00471978	0.0612003	0.146285	0.162876	0.624919	1.71095
136	-5.19191	-4.62381	-4.73252	-4.9912	-5.07762	-5.58702	0.223283	0.200282	0.154632	0.141829	0.279975	0.950865
137	-9.53606	-8.64857	-8.82335	-9.23503	-9.37095	-10.1513	0.27681	0.232422	0.153988	0.134419	0.20236	0.77544
138	-9.54728	-13.2548	-10.6736	-9.7559	-9.63271	-9.38503	0.00412916	0.054559	0.136589	0.154496	0.650227	1.7507
139	-9.60345	-8.91961	-9.05014	-9.36262	-9.46746	-10.0862	0.242656	0.212964	0.15581	0.140303	0.248267	0.881694
140	-4.93051	-4.56881	-4.63575	-4.79801	-4.85318	-5.188	0.190416	0.178087	0.151412	0.143285	0.336801	1.07283
141	-7.54875	-6.77275	-6.92432	-7.2819	-7.40015	-8.08086	0.257569	0.221342	0.1548	0.137535	0.228754	0.836108
142	-7.82075	-7.25699	-7.36306	-7.61857	-7.70482	-8.22019	0.222773	0.200353	0.155179	0.142355	0.27934	0.950393
143	-8.52552	-12.1692	-9.59525	-8.69666	-8.58036	-8.37719	0.0043819	0.0574782	0.141174	0.158585	0.638382	1.73225
144	-4.5	-3.96611	-4.06702	-4.30887	-4.3902	-4.8745	0.217735	0.196835	0.154549	0.142477	0.288404	0.969653
145	-4.5	-3.96611	-4.06702	-4.30887	-4.3902	-4.8745	0.217735	0.196835	0.154549	0.142477	0.288404	0.969653
146	-10.2282	-13.6837	-11.1645	-10.3846	-10.3043	-10.2766	0.0059171	0.0734808	0.160275	0.173686	0.586641	1.64899
147	-4.36096	-3.616	-3.76371	-4.1076	-4.22027	-4.86615	0.252402	0.217743	0.154382	0.137932	0.237542	0.855163
148	-4.7315	-4.18587	-4.28958	-4.53725	-4.62028	-5.11257	0.219618	0.197982	0.154548	0.142233	0.285619	0.963397
149	-4.80865	-4.24492	-4.35245	-4.60874	-4.6945	-5.20142	0.222553	0.199864	0.154678	0.141966	0.280939	0.953114
150	-9.02733	-12.7445	-10.1611	-9.24103	-9.1179	-8.87833	0.00413274	0.0547267	0.137338	0.155333	0.648469	1.74818
151	-4.54753	-3.89611	-4.02382	-4.32316	-4.42184	-4.99241	0.236893	0.208491	0.154556	0.140033	0.260027	0.905943
152	-5.01513	-4.32606	-4.46077	-4.77709	-4.88154	-5.48721	0.243104	0.212466	0.154851	0.139493	0.250086	0.884139
153	-4.55883	-3.81226	-3.9605	-4.30531	-4.41819	-5.06456	0.252674	0.217862	0.154324	0.137851	0.237289	0.854495
154	-8.35272	-12.263	-9.64298	-8.63622	-8.48442	-8.08156	0.00321396	0.0441473	0.120818	0.140623	0.691197	1.81475
155	-5.12583	-4.73129	-4.80436	-4.98146	-5.04166	-5.40663	0.195558	0.181779	0.152275	0.143379	0.32701	1.05236
156	-4.56462	-4.13409	-4.21472	-4.40887	-4.47446	-4.86834	0.201195	0.185609	0.152856	0.143152	0.317188	1.03133
157	-5.36296	-4.65319	-4.79391	-5.12137	-5.22866	-5.84432	0.24657	0.214202	0.154387	0.138681	0.24616	0.874525
158	-11.7971	-15.7013	-13.0911	-12.1069	-11.9623	-11.5979	0.00342494	0.0465832	0.124648	0.144041	0.681303	1.79935
159	-8.07595	-7.4478	-7.56782	-7.85528	-7.9518	-8.52299	0.233786	0.207346	0.155545	0.141234	0.26209	0.912283
160	-4.85015	-4.50869	-4.57158	-4.72446	-4.77656	-5.094	0.187277	0.175861	0.15093	0.143267	0.342665	1.08515
161	-4.55883	-3.81226	-3.9605	-4.30531	-4.41819	-5.06456	0.252674	0.217862	0.154324	0.137851	0.237289	0.854495
162	-8.88266	-12.3528	-9.83098	-9.0447	-8.96215	-8.92149	0.00581272	0.0723727	0.158874	0.172545	0.590395	1.65498
163	-4.5	-3.96611	-4.06702	-4.30887	-4.3902	-4.8745	0.217735	0.196835	0.154549	0.142477	0.288404	0.969653
164	-5.09211	-4.52932	-4.63596	-4.89121	-4.97694	-5.48617	0.222408	0.19991	0.154874	0.142151	0.280656	0.952822
165	-9.29091	-13.1097	-10.5147	-9.56505	-9.43158	-9.1277	0.00377674	0.0505989	0.130783	0.149457	0.665384	1.77449
166	-4.66989	-4.32845	-4.39131	-4.54414	-4.59624	-4.91386	0.187277	0.175868	0.150943	0.14328	0.342631	1.0851
167	-11.4196	-14.9059	-12.3592	-11.526	-11.4315	-11.3474	0.00524206	0.0669184	0.153943	0.169213	0.604683	1.67884
168	-20.1808	-26.7483	-22.2286	-21.3279	-21.2662	-21.2468	0.000733035	0.0672987	0.165647	0.176189	0.590132	1.66213
169	-7.63493	-6.30184	-6.75564	-7.59416	-7.81455	-8.74074	0.413765	0.262828	0.113635	0.0911583	0.118614	0.519679
170	-14.3742	-23.2222	-16.1318	-14.3938	-14.2396	-14.0978	2.16726e-05	0.026018	0.147927	0.172595	0.653439	1.77816
171	-8.80355	-14.3996	-9.69035	-8.61787	-8.55255	-8.72028	0.000573325	0.0636186	0.185932	0.198483	0.551392	1.61173
172	-17.0335	-23.8974	-18.9008	-17.3138	-17.1083	-16.6338	0.000155055	0.0229338	0.11212	0.137706	0.727085	1.88121
173	-9.04031	-10.8442	-8.69112	-8.55903	-8.64123	-9.25568	0.0224331	0.193179	0.220456	0.203059	0.360873	1.24289
174	-6.60445	-5.06653	-5.58885	-6.51659	-6.77085	-7.97434	0.456837	0.27097	0.107155	0.0830974	0.0819403	0.425931
175	-11.0378	-13.0625	-10.9461	-10.7175	-10.7604	-11.2116	0.0197464	0.163924	0.206021	0.197373	0.412936	1.3368
177	-15.1634	-18.9477	-16.6353	-16.1489	-16.1153	-16.1021	0.00989544	0.0999285	0.16254	0.168083	0.559553	1.59014
178	-11.8956	-16.9691	-12.4925	-11.6921	-11.6684	-11.9065	0.000995677	0.0875545	0.194943	0.199624	0.516882	1.54749
179	-8.17719	-10.4633	-8.18379	-7.83219	-7.85931	-8.2791	0.0148443	0.145061	0.206181	0.200664	0.43325	1.38171
183	-11.688	-12.6519	-10.8111	-11.1196	-11.2912	-12.2045	0.0476881	0.300528	0.220753	0.185947	0.245084	0.989453
184	-7.12076	-5.74851	-6.24098	-7.10893	-7.34045	-8.39433	0.433975	0.265207	0.111338	0.0883268	0.101154	0.476314
185	-8.10472	-9.6914	-7.6063	-7.56231	-7.66507	-8.40923	0.0271145	0.218147	0.227956	0.205695	0.321087	1.16728
186	-17.1755	-23.9378	-19.1475	-17.8363	-17.6865	-17.3971	0.000297404	0.0357897	0.13279	0.154252	0.676871	1.80333
187	-8.60962	-14.0185	-9.39004	-8.41141	-8.36093	-8.54802	0.000693163	0.0709494	0.188783	0.198556	0.541018	1.5923
188	-15.891	-23.3871	-18.0653	-16.1655	-15.9083	-15.2386	6.80016e-05	0.0139228	0.0930649	0.120365	0.772579	1.94981
189	-6.60445	-5.06653	-5.58885	-6.51659	-6.77085	-7.97434	0.456837	0.27097	0.107155	0.0830974	0.0819403	0.425931
190	-24.3676	-34.8906	-27.3398	-24.8185	-24.4689	-23.4782	2.80694e-06	0.00533908	0.0664481	0.0942504	0.83396	2.03978
191	-9.59349	-16.4287	-11.0286	-9.59182	-9.49241	-9.58823	0.000190321	0.0421398	0.177291	0.19582	0.584559	1.67229
192	-12.5489	-18.0208	-13.4552	-12.4689	-12.3908	-12.3708	0.000637958	0.0613173	0.164412	0.177775	0.595858	1.67428
193	-14.3807	-16.537	-14.2873	-14.0051	-14.0522	-14.543	0.016894	0.160246	0.212485	0.202707	0.407668	1.33439
194	-9.57071	-15.5907	-10.7796	-9.54081	-9.43543	-9.41507	0.000384747	0.0472743	0.163166	0.181298	0.607877	1.7007
195	-10.1053	-13.4255	-11.0059	-10.3672	-10.3149	-10.3642	0.00792833	0.0891253	0.168812	0.177865	0.556269	1.59482
196	-10.6648	-16.27	-11.5899	-10.5191	-10.4421	-10.4947	0.000548969	0.0591689	0.172635	0.186462	0.581186	1.65568
197	-16.6388	-26.4973	-19.1502	-16.9049	-16.6163	-15.9346	6.14241e-06	0.00953194	0.0900104	0.120123	0.780329	1.96366
198	-13.0565	-22.875	-15.4575	-13.2381	-12.9815	-12.4726	6.89594e-06	0.0114813	0.105652	0.136558	0.746302	1.91577
199	-13.1606	-18.7854	-14.1189	-13.0591	-12.9809	-12.9822	0.000545073	0.0579563	0.167247	0.180859	0.593392	1.67321
200	-4.82923	-4.15094	-4.28198	-4.59218	-4.69528	-5.29757	0.241288	0.211654	0.155206	0.140002	0.25185	0.888707
201	-4.5	-3.96611	-4.06702	-4.30887	-4.3902	-4.8745	0.217735	0.196835	0.154549	0.142477	0.288404	0.969653
202	-4.51814	-3.87984	-4.00433	-4.29704	-4.39381	-4.95595	0.234742	0.207265	0.154669	0.140402	0.262921	0.912639
203	-11.4759	-19.1156	-13.9151	-11.9832	-11.7024	-10.9775	6.97582e-05	0.0126512	0.087329	0.115642	0.784308	1.96684
204	-9.19137	-12.683	-10.153	-9.35147	-9.26514	-9.21354	0.00563166	0.0706982	0.157585	0.171794	0.594291	1.66164
205	-5.06002	-4.48225	-4.59306	-4.85628	-4.9441	-5.46094	0.224829	0.201246	0.154672	0.141668	0.277584	0.945568
206	-9.06875	-12.7742	-10.1984	-9.29429	-9.1758	-8.95707	0.00430032	0.0565129	0.139578	0.157137	0.642472	1.73859
207	-5.40894	-5.00341	-5.07827	-5.2601	-5.32201	-5.69838	0.197303	0.183073	0.152636	0.143472	0.323517	1.04516
208	-4.54753	-3.89611	-4.02382	-4.32316	-4.42184	-4.99241	0.236893	0.208491	0.154556	0.140033	0.260027	0.905943
209	-4.73936	-4.33769	-4.41233	-4.59289	-4.65414	-5.02449	0.196668	0.182523	0.152372	0.143318	0.325119	1.04829
210	-7.46048	-10.9888	-8.44034	-7.59847	-7.49983	-7.38758	0.00508649	0.0650426	0.150945	0.166593	0.612333	1.69074
211	-5.74664	-3.95382	-4.60951	-5.71704	-6.01067	-7.36709	0.519042	0.269426	0.0890112	0.0663625	0.0561587	0.336952
212	-11.1892	-9.58699	-10.1589	-11.1167	-11.3642	-12.4912	0.469443	0.264978	0.101683	0.079391	0.0845055	0.42247
213	-9.15332	-12.7547	-10.1934	-9.32252	-9.2147	-9.05353	0.00470811	0.060981	0.145685	0.162272	0.626354	1.71308
214	-4.80865	-4.24492	-4.35245	-4.60874	-4.6945	-5.20142	0.222553	0.199864	0.154678	0.141966	0.280939	0.953114
215	-5.11996	-4.59212	-4.69231	-4.93173	-5.01205	-5.48903	0.216749	0.196084	0.154334	0.142423	0.29041	0.973784
216	-4.55883	-3.81226	-3.9605	-4.30531	-4.41819	-5.06456	0.252674	0.217862	0.154324	0.137851	0.237289	0.854495
217	-7.87539	-7.18209	-7.31591	-7.63464	-7.74104	-8.36334	0.24445	0.213832	0.155471	0.139779	0.246469	0.877058
218	-4.5	-3.96611	-4.06702	-4.30887	-4.3902	-4.8745	0.217735	0.196835	0.154549	0.142477	0.288404	0.969653
219	-7.36017	-10.8598	-8.31897	-7.49208	-7.39748	-7.30057	0.00526238	0.0667807	0.152675	0.167822	0.60746	1.68271
220	-4.73936	-4.33769	-4.41233	-4.59289	-4.65414	-5.02449	0.196668	0.182523	0.152372	0.143318	0.325119	1.04829
221	-15.3438	-23.2909	-18.0206	-15.9351	-15.607	-14.6442	4.41862e-05	0.00859312	0.0691627	0.09602	0.82618	2.02684
222	-12.9266	-20.9808	-15.7002	-13.5863	-13.248	-12.2229	3.9992e-05	0.00785811	0.0650666	0.0912685	0.835767	2.04041
223	-21.0507	-37.5626	-26.9494	-22.5967	-21.8777	-19.571	4.47253e-09	0.000181882	0.0141298	0.0290014	0.956687	2.21029
224	-17.0087	-24.9993	-19.7454	-17.694	-17.3761	-16.4643	4.89057e-05	0.00935638	0.0727754	0.100015	0.817804	2.01488
225	-14.4053	-13.4349	-14.0553	-14.5526	-14.5898	-14.7229	0.32405	0.174244	0.105976	0.102102	0.293627	0.898898
226	-14.3875	-25.3356	-17.5794	-14.9372	-14.6016	-13.8837	2.5633e-06	0.00598788	0.0840937	0.11763	0.792286	1.98274
227	-10.2901	-13.1747	-10.8958	-10.5027	-10.5115	-10.7991	0.0133475	0.130355	0.193122	0.191443	0.471733	1.44588
228	-12.9441	-24.3474	-16.5702	-13.7152	-13.2993	-12.1622	1.33295e-06	0.00317985	0.0552523	0.083749	0.857817	2.07401
229	-5.89168	-4.26575	-4.83919	-5.82651	-6.08917	-7.30237	0.477848	0.269306	0.100337	0.0771594	0.0753498	0.399574
230	-8.2971	-10.4794	-8.2681	-7.96708	-7.99659	-8.37812	0.0163128	0.148902	0.201203	0.195352	0.43823	1.38469
231	-8.79803	-15.1753	-10.2868	-8.92125	-8.78942	-8.70609	0.000297061	0.0394379	0.15451	0.176281	0.629474	1.73592
232	-5.92759	-4.53301	-4.98184	-5.81594	-6.04966	-7.18247	0.422426	0.269665	0.117107	0.0926994	0.0981036	0.479226
233	-13.2072	-18.4197	-13.8953	-13.0537	-13.0198	-13.1805	0.000871086	0.0803484	0.186429	0.192853	0.539499	1.58354
234	-10.0525	-12.194	-10.0709	-9.85441	-9.88194	-10.1491	0.0181094	0.15134	0.187918	0.182816	0.459816	1.41119
235	-6.66734	-5.63869	-5.95039	-6.53865	-6.7054	-7.52154	0.335254	0.245474	0.13631	0.115374	0.167588	0.667559
236	-7.94995	-11.8572	-9.23807	-8.23287	-8.08139	-7.67813	0.00322168	0.0442125	0.120808	0.140567	0.69119	1.81469
237	-19.4574	-26.6168	-21.8631	-20.5088	-20.3187	-19.6525	0.000218045	0.0252942	0.0979982	0.118506	0.757983	1.9215
238	-7.47245	-9.07715	-7.03075	-7.00366	-7.10064	-7.77898	0.027822	0.21534	0.221255	0.200806	0.334777	1.18747
239	-11.442	-9.8341	-10.5661	-11.4707	-11.6451	-12.3628	0.475936	0.228908	0.0926337	0.0778085	0.124713	0.496386
240	-19.581	-35.7343	-25.3999	-21.3207	-20.6387	-18.4011	8.60778e-09	0.000264892	0.0156544	0.0309615	0.953119	2.20539
241	-17.1166	-26.7893	-19.5293	-17.4434	-17.1836	-16.545	8.32565e-06	0.0118403	0.0953384	0.123629	0.769184	1.94667
242	-9.17326	-10.6958	-8.65506	-8.67814	-8.79125	-9.49117	0.0295066	0.227084	0.221903	0.198171	0.323335	1.16223
243	-10.8563	-18.7116	-13.473	-11.5063	-11.2265	-10.5487	6.73662e-05	0.0126922	0.0907105	0.120003	0.776527	1.95623
244	-17.07	-23.423	-18.587	-17.2419	-17.089	-16.7214	0.000259932	0.0327432	0.125688	0.146449	0.694859	1.82998
245	-7.89403	-11.7723	-9.15816	-8.16536	-8.0182	-7.64201	0.00334963	0.0457408	0.123445	0.143016	0.684449	1.8043
246	-8.67246	-12.5636	-9.94655	-8.94587	-8.79581	-8.40011	0.00326286	0.0446875	0.121556	0.141236	0.689257	1.81168
247	-7.05438	-10.4909	-7.96326	-7.16545	-7.07979	-7.02759	0.00566564	0.0709528	0.157562	0.171655	0.594165	1.66126
248	-7.4924	-11.1525	-8.57947	-7.68076	-7.56374	-7.35045	0.00435445	0.0570676	0.140183	0.157585	0.64081	1.73588
249	-4.99869	-4.69948	-4.754	-4.88733	-4.93302	-5.21416	0.180798	0.171205	0.149835	0.143142	0.35502	1.11096
250	-11.0521	-15.787	-12.9623	-11.6214	-11.3875	-10.6575	0.00139142	0.023453	0.0896453	0.113268	0.772242	1.94155
251	-4.5	-3.96611	-4.06702	-4.30887	-4.3902	-4.8745	0.217735	0.196835	0.154549	0.142477	0.288404	0.969653
252	-9.93516	-12.806	-10.6062	-10.2379	-10.2386	-10.4566	0.0141796	0.127946	0.184915	0.184795	0.488164	1.46943
253	-7.36318	-8.452	-6.56159	-6.75431	-6.90709	-7.85923	0.0421691	0.279245	0.230298	0.19767	0.250618	1.01612
254	-14.4368	-24.8769	-17.3436	-14.9019	-14.5905	-13.8835	4.03065e-06	0.00753456	0.0865891	0.118222	0.787651	1.97517
255	-13.7066	-26.1597	-17.6612	-14.488	-14.0578	-13.0078	5.01444e-07	0.00246091	0.0587746	0.0903635	0.848401	2.06186
256	-11.1048	-13.8995	-11.7488	-11.5046	-11.538	-11.8735	0.0178311	0.153194	0.195561	0.189128	0.444286	1.38878
257	-10.3155	-16.0949	-11.4134	-10.2573	-10.1475	-10.052	0.000450852	0.0486619	0.154619	0.172564	0.623704	1.72143
258	-15.4589	-26.1764	-18.5825	-16.0151	-15.6652	-14.7572	2.74927e-06	0.00546014	0.0711572	0.100964	0.822416	2.02406
259	-26.1717	-40.6013	-30.6092	-27.1657	-26.6249	-24.7828	3.81268e-08	0.000833248	0.0260756	0.0447833	0.928308	2.17131
260	-18.6948	-24.9678	-20.0825	-18.735	-18.5998	-18.4116	0.000282745	0.0374147	0.143963	0.164799	0.65354	1.7702
261	-8.25121	-14.4332	-9.57024	-8.26716	-8.15193	-8.12979	0.000340555	0.0440701	0.162204	0.182015	0.61137	1.70781
262	-20.2914	-39.3458	-26.4573	-21.6295	-20.8749	-18.5229	2.64235e-10	0.000104572	0.0130638	0.0277857	0.959046	2.21357
263	-10.2482	-16.0592	-11.3143	-10.2231	-10.161	-10.3327	0.00054612	0.0627999	0.187008	0.199002	0.550644	1.61121
264	-21.0404	-30.6046	-23.4128	-21.4359	-21.201	-20.6058	1.04906e-05	0.0139366	0.10062	0.127266	0.758166	1.93001
265	-9.79467	-16.1291	-11.1937	-9.88239	-9.77628	-9.79069	0.000323657	0.0450277	0.167107	0.185814	0.601728	1.69385
266	-17.2871	-28.7186	-21.1937	-18.5914	-18.198	-17.0146	2.16617e-06	0.00401527	0.054185	0.0803013	0.861496	2.07827
267	-6.44916	-5.38534	-5.69373	-6.29888	-6.47686	-7.39915	0.343647	0.252453	0.137838	0.115364	0.150698	0.632253
268	-14.5582	-21.6883	-16.7407	-15.2219	-15.0321	-14.5772	0.000178925	0.0252001	0.115083	0.139138	0.7204	1.87038
269	-9.31351	-16.1881	-11.1562	-9.58559	-9.40843	-9.1548	0.000181958	0.0278798	0.134093	0.160084	0.677762	1.8103
270	-15.8469	-21.9572	-17.1208	-15.8152	-15.6856	-15.5437	0.000319939	0.040318	0.148773	0.169353	0.641236	1.75135
271	-5.00089	-4.64788	-4.71269	-4.87055	-4.92445	-5.25381	0.189094	0.177228	0.151347	0.143405	0.338927	1.07749
272	-4.54753	-3.89611	-4.02382	-4.32316	-4.42184	-4.99241	0.236893	0.208491	0.154556	0.140033	0.260027	0.905943
273	-11.6983	-11.2275	-11.3148	-11.5266	-11.5987	-12.0354	0.207797	0.190431	0.154074	0.14336	0.304337	1.00461
274	-18.0052	-24.9817	-20.2498	-18.9252	-18.755	-18.3059	0.000273779	0.0310766	0.116866	0.138552	0.713231	1.85636
276	-6.42229	-5.00801	-5.45304	-6.31176	-6.55986	-7.81594	0.430595	0.275925	0.116911	0.0912238	0.0853452	0.450284
277	-6.37561	-4.87099	-5.36454	-6.27741	-6.53459	-7.79368	0.450117	0.274777	0.110286	0.0852774	0.0795424	0.425959
278	-7.95305	-6.39238	-6.91058	-7.85175	-8.10553	-9.26473	0.455767	0.271449	0.105912	0.0821731	0.0846987	0.430374
279	-4.54753	-3.89611	-4.02382	-4.32316	-4.42184	-4.99241	0.236893	0.208491	0.154556	0.140033	0.260027	0.905943
280	-5.06002	-4.48225	-4.59306	-4.85628	-4.9441	-5.46094	0.224829	0.201246	0.154672	0.141668	0.277584	0.945568
281	-6.35142	-4.76336	-5.27804	-6.27885	-6.56749	-8.0269	0.474456	0.283577	0.104238	0.0781036	0.059626	0.371306
284	-18.9191	-25.8825	-21.2226	-19.8701	-19.665	-19.0045	0.000237783	0.0251168	0.0971285	0.119233	0.758284	1.92217
301	-12.7522	-19.2951	-14.6843	-13.4543	-13.2992	-12.9446	0.000366413	0.0368474	0.126062	0.147218	0.689506	1.81988
302	-17.2303	-28.1483	-20.431	-17.7076	-17.3235	-16.2245	1.71757e-06	0.0038593	0.0587844	0.0863133	0.851041	2.06417
303	-10.2554	-8.7259	-9.23121	-10.1493	-10.4017	-11.6166	0.451704	0.27252	0.10881	0.0845439	0.0824216	0.43007
304	-13.4211	-21.4989	-16.3965	-14.0821	-13.7231	-12.8765	4.45221e-05	0.00732043	0.0740773	0.106071	0.812487	2.00939
305	-6.26218	-4.65917	-5.19728	-6.19827	-6.47768	-7.83766	0.476754	0.278351	0.102299	0.0773616	0.0652338	0.380533
307	-14.4103	-21.4619	-16.6015	-15.1733	-14.9939	-14.5451	0.000216086	0.0278906	0.116337	0.139197	0.71636	1.86291
310	-17.6666	-32.4124	-22.2154	-18.7226	-18.2392	-16.9105	4.98059e-08	0.00133581	0.0439198	0.0712234	0.883521	2.11037
311	-12.7416	-23.2806	-15.6704	-13.1774	-12.8694	-12.2461	3.79812e-06	0.00766709	0.0927527	0.126217	0.773359	1.95566
312	-26.6156	-42.1599	-31.7535	-27.7559	-27.1114	-24.969	9.87033e-09	0.000326408	0.0177778	0.0338677	0.948028	2.19844
313	-13.6345	-21.0582	-15.9854	-14.312	-14.0989	-13.6127	0.000130047	0.0207585	0.110654	0.136927	0.731531	1.88883
314	-4.78322	-4.40772	-4.47734	-4.64594	-4.70321	-5.05012	0.192561	0.179612	0.151745	0.143299	0.332783	1.06439
315	-12.8515	-20.57	-15.3497	-13.3752	-13.0819	-12.3011	6.20332e-05	0.0114759	0.0826542	0.110834	0.794974	1.98224
316	-10.8756	-14.5316	-11.9694	-11.0953	-10.986	-10.8124	0.00464806	0.0602549	0.144421	0.161101	0.629575	1.71804
317	-6.28981	-4.91487	-5.36962	-6.18238	-6.40398	-7.4487	0.416248	0.264153	0.117186	0.0938945	0.108518	0.50269
318	-11.025	-16.9473	-12.1714	-10.9395	-10.8253	-10.7354	0.000381631	0.0452681	0.155174	0.173946	0.625231	1.7259
321	-11.3319	-18.7375	-13.6267	-11.8699	-11.6341	-11.0818	0.000107711	0.0178576	0.103467	0.130985	0.747583	1.91291
322	-18.4538	-29.5529	-21.9067	-19.1203	-18.6906	-17.3853	1.38794e-06	0.00290445	0.0471184	0.0724119	0.877564	2.10097
323	-12.9565	-19.0208	-14.1913	-12.9145	-12.7944	-12.7082	0.000345724	0.0432647	0.155116	0.174913	0.626361	1.7289
324	-11.3362	-14.1525	-12.0128	-11.7464	-11.7685	-12.0428	0.0170856	0.145185	0.189504	0.185356	0.46287	1.42043
325	-8.75905	-10.5911	-8.45033	-8.30076	-8.3735	-8.95212	0.0219829	0.186991	0.217158	0.201924	0.371943	1.26276
326	-6.8699	-5.20086	-5.77833	-6.77432	-7.03777	-8.25401	0.480065	0.269469	0.0995297	0.0764786	0.0744582	0.396304
338	-8.0704	-9.95508	-7.85386	-7.70213	-7.76054	-8.22143	0.0216136	0.176716	0.20567	0.194001	0.401999	1.31144
339	-9.76681	-16.2733	-11.3836	-9.95842	-9.79969	-9.55568	0.000246844	0.0328097	0.136446	0.159918	0.670579	1.7969
340	-9.26737	-14.7856	-10.1167	-9.09377	-9.03788	-9.22842	0.000637483	0.0679451	0.188968	0.19983	0.542619	1.59662
341	-9.16968	-11.719	-9.65187	-9.49596	-9.54669	-9.96623	0.0217992	0.172256	0.201318	0.191361	0.413266	1.32984
342	-10.7263	-17.7622	-12.7695	-11.1418	-10.9326	-10.4853	0.000152083	0.0224073	0.114097	0.140639	0.722704	1.87565
343	-10.2944	-12.9499	-10.8227	-10.6777	-10.7352	-11.1237	0.0205538	0.172469	0.199378	0.188238	0.419362	1.33904
344	-19.6022	-35.2355	-24.4619	-20.4561	-19.9072	-18.4731	1.43303e-08	0.000684173	0.0375702	0.0650447	0.896701	2.1289
345	-7.67156	-9.28096	-7.25235	-7.21576	-7.30787	-7.96718	0.027851	0.211766	0.219656	0.200327	0.3404	1.19762
346	-10.1205	-12.304	-10.0395	-9.74617	-9.79338	-10.3009	0.0166122	0.159906	0.214422	0.204534	0.404526	1.33054
347	-9.21058	-15.5192	-10.629	-9.31405	-9.19582	-9.12977	0.000318154	0.0423072	0.157576	0.177353	0.622446	1.72418
348	-8.73805	-7.40598	-7.83793	-8.63499	-8.85246	-9.85964	0.406555	0.263952	0.118951	0.0957024	0.114839	0.520032
349	-10.8192	-14.449	-11.8791	-10.993	-10.8818	-10.7175	0.00458082	0.0598447	0.145153	0.162224	0.628197	1.71651
350	-4.54944	-4.0091	-4.11166	-4.35679	-4.43903	-4.92722	0.218764	0.197439	0.154517	0.142318	0.286962	0.966358
351	-9.44389	-13.2175	-10.6265	-9.68645	-9.55615	-9.27058	0.00388323	0.0518153	0.132651	0.151112	0.660539	1.76692
352	-15.2285	-23.5724	-18.2478	-16.027	-15.6523	-14.411	2.76742e-05	0.00568182	0.0523575	0.0761607	0.865772	2.08279
353	-18.1443	-29.0214	-21.4237	-18.8955	-18.5642	-17.7401	3.10198e-06	0.00618405	0.0774965	0.107929	0.808387	2.0044
354	-11.6279	-14.8378	-12.5047	-11.992	-11.9662	-12.0898	0.0102587	0.105767	0.176615	0.181218	0.526142	1.54005
355	-10.6615	-17.6011	-12.5501	-10.9387	-10.7521	-10.462	0.000166038	0.0259305	0.129907	0.156562	0.687435	1.82493
361	-13.605	-11.9332	-12.5292	-13.5524	-13.8199	-15.0465	0.488598	0.269217	0.0967714	0.0740544	0.0713592	0.384739
362	-7.1353	-5.82115	-6.25973	-7.06573	-7.28664	-8.32479	0.411071	0.26512	0.118413	0.094943	0.110453	0.509249
363	-8.63842	-11.4724	-9.06206	-8.46205	-8.42303	-8.54126	0.00868597	0.09674	0.176272	0.183287	0.535015	1.55978
364	-14.9214	-25.3364	-17.8677	-15.4161	-15.0643	-14.0268	3.13382e-06	0.00549147	0.063745	0.0906187	0.840142	2.04807
365	-14.9636	-24.9835	-17.5256	-15.2447	-14.9762	-14.4213	5.9579e-06	0.0103278	0.101065	0.132186	0.756415	1.93043
367	-6.01442	-4.19362	-4.84009	-6.02127	-6.34838	-7.93992	0.532434	0.278939	0.0856106	0.0617258	0.0412906	0.298382
368	-12.0026	-21.5325	-14.2458	-12.1713	-11.9328	-11.427	9.23642e-06	0.0134927	0.107407	0.136339	0.742752	1.90938
369	-9.45214	-12.0119	-9.92959	-9.79582	-9.85745	-10.3307	0.0224893	0.180425	0.206249	0.193923	0.396913	1.30118
372	-11.6631	-14.5746	-12.4232	-12.1794	-12.2026	-12.3641	0.0163268	0.140354	0.179108	0.175003	0.489208	1.46042
373	-11.088	-17.8419	-12.7285	-11.1351	-10.958	-10.6853	0.000161942	0.0269202	0.132452	0.15812	0.682346	1.81721
374	-16.2605	-28.8567	-20.598	-17.1649	-16.6204	-14.9762	2.60712e-07	0.0010066	0.0311774	0.0537437	0.914072	2.15204
375	-20.3411	-27.5213	-22.5238	-20.9127	-20.6853	-20.0469	0.000131391	0.0194508	0.097422	0.122289	0.760707	1.92959
376	-20.3689	-35.7464	-25.3898	-21.513	-20.9204	-19.1495	1.74438e-08	0.00054882	0.0264928	0.047915	0.925043	2.16728
377	-15.9686	-18.2829	-16.4117	-16.6529	-16.7889	-17.3843	0.0398006	0.258549	0.203148	0.177321	0.321181	1.12931
378	-11.8729	-16.5828	-12.1247	-11.4758	-11.5125	-12.0602	0.00140013	0.120864	0.231265	0.222945	0.423526	1.39584
379	-6.70626	-5.31126	-5.74519	-6.58661	-6.8294	-8.04172	0.423626	0.27449	0.118332	0.0928245	0.0907276	0.464766
384	-8.32634	-6.90256	-7.39445	-8.32352	-8.57516	-9.66211	0.444693	0.271916	0.107386	0.0834953	0.0925092	0.450517
385	-11.9741	-18.1257	-13.3243	-11.9965	-11.8486	-11.5956	0.000297082	0.0361494	0.136382	0.158115	0.669057	1.7924
386	-18.691	-26.1301	-21.1448	-19.5544	-19.3339	-18.6145	0.000128332	0.0187683	0.0920681	0.114788	0.774247	1.9484
387	-8.82481	-14.5528	-9.84826	-8.75739	-8.68233	-8.77618	0.000539166	0.0595493	0.17727	0.191088	0.571553	1.64222
388	-16.9317	-21.9232	-17.4774	-16.79	-16.79	-17.0233	0.00115406	0.0984037	0.195678	0.195668	0.509096	1.52906
389	-12.2832	-22.9204	-15.2986	-12.7513	-12.4187	-11.6164	3.02022e-06	0.00616801	0.078785	0.10987	0.805174	2.00006
390	-9.41799	-16.2295	-11.1608	-9.62634	-9.46814	-9.28394	0.00019331	0.0307287	0.142549	0.166982	0.659547	1.78327
391	-22.6074	-33.2025	-25.6303	-23.1018	-22.7524	-21.7077	2.60776e-06	0.00506794	0.0635212	0.0900909	0.841317	2.04993
392	-11.9087	-17.1343	-12.5597	-11.6784	-11.6472	-11.881	0.000832047	0.0807067	0.194813	0.200988	0.52266	1.56021
393	-12.8705	-19.8989	-14.7924	-13.0544	-12.8271	-12.3226	0.000115021	0.0189885	0.107969	0.135518	0.737409	1.8982
394	-12.9514	-15.9595	-13.8661	-13.4336	-13.35	-13.0622	0.0105533	0.0856128	0.131948	0.143445	0.628441	1.69409
395	-8.1996	-11.8873	-9.30748	-8.3962	-8.27596	-8.05115	0.00423199	0.0558395	0.138901	0.156648	0.644379	1.74172
396	-13.7087	-21.6878	-16.4169	-14.3261	-13.9953	-13.0133	4.31297e-05	0.00839216	0.0679053	0.0945292	0.82913	2.03099
397	-15.8287	-28.0948	-20.1289	-16.8499	-16.306	-14.554	3.69373e-07	0.00106423	0.0282518	0.0486712	0.922012	2.16268
398	-8.49538	-7.75086	-7.89595	-8.23989	-8.35417	-9.01715	0.253085	0.218906	0.155198	0.138438	0.234373	0.849416
399	-7.45431	-11.0078	-8.45095	-7.58987	-7.48507	-7.3386	0.00482765	0.0622561	0.14728	0.163552	0.622085	1.70624
400	-16.2811	-19.8115	-17.2627	-16.4244	-16.3283	-16.2427	0.00519553	0.0664558	0.15368	0.169186	0.605482	1.6803
401	-12.9292	-21.1425	-15.8335	-13.6529	-13.2925	-12.1434	3.20945e-05	0.00648777	0.0574304	0.0823483	0.853701	2.0658
402	-9.16208	-11.2317	-9.04577	-8.80215	-8.846	-9.28593	0.0181451	0.161465	0.206007	0.197167	0.417215	1.34568
403	-17.443	-24.6017	-19.7081	-18.2892	-18.1303	-17.841	0.000239906	0.0320119	0.132284	0.155069	0.680396	1.81083
404	-7.43752	-9.26699	-7.12014	-6.95962	-7.03293	-7.65609	0.0220292	0.188523	0.221348	0.205702	0.362397	1.24858
405	-14.5198	-20.1185	-15.3542	-14.3047	-14.2697	-14.6369	0.000629249	0.0737794	0.210727	0.218235	0.496629	1.52936
406	-6.257	-4.76261	-5.24369	-6.16081	-6.42251	-7.71532	0.449073	0.277581	0.110939	0.0853954	0.0770113	0.421507
443	-14.4656	-17.5732	-15.3056	-14.7714	-14.7225	-14.7057	0.00978173	0.0944575	0.16115	0.169226	0.565385	1.60209
444	-17.2429	-28.2211	-20.7871	-18.2921	-17.9021	-16.6411	2.47632e-06	0.00419108	0.0508049	0.0750332	0.869968	2.08959
445	-8.63975	-10.2987	-8.24125	-8.19227	-8.28064	-8.90546	0.0264528	0.207029	0.217421	0.199033	0.350064	1.21532
446	-13.512	-24.5554	-16.8479	-14.1441	-13.7658	-12.7438	1.89801e-06	0.00422308	0.0630781	0.0920821	0.840615	2.04977
447	-8.51741	-10.8222	-8.5773	-8.21956	-8.23426	-8.54619	0.0144443	0.136344	0.194983	0.192138	0.462091	1.42763
448	-10.7392	-11.5342	-9.72902	-10.1149	-10.3092	-11.347	0.0538155	0.327271	0.222503	0.183202	0.21321	0.922288
449	-7.67156	-9.28096	-7.25235	-7.21576	-7.30787	-7.96718	0.027851	0.211766	0.219656	0.200327	0.3404	1.19762
450	-9.83249	-16.7818	-11.7193	-10.1608	-9.98832	-9.7322	0.000178971	0.028274	0.134352	0.159638	0.677557	1.80969
451	-15.7762	-26.2867	-18.6512	-16.1446	-15.8303	-15.1256	3.40937e-06	0.00705877	0.0865626	0.118522	0.787853	1.9758
452	-16.881	-27.8422	-19.8541	-17.2158	-16.9344	-16.5567	2.77423e-06	0.00817206	0.114316	0.151474	0.726035	1.89076
453	-18.1586	-32.0507	-22.0449	-18.7866	-18.3439	-17.1381	8.82113e-08	0.00195426	0.0508206	0.0791226	0.868102	2.08891
454	-5.94417	-4.15623	-4.81222	-5.91284	-6.20316	-7.53769	0.517497	0.268543	0.0893342	0.0668244	0.0578014	0.34116
455	-7.25511	-8.33202	-6.44956	-6.65108	-6.80436	-7.74658	0.0426488	0.280186	0.22905	0.1965	0.251616	1.01646
456	-5.94417	-4.15623	-4.81222	-5.91284	-6.20316	-7.53769	0.517497	0.268543	0.0893342	0.0668244	0.0578014	0.34116
457	-10.4761	-13.0919	-11.0736	-10.9714	-11.0241	-11.3656	0.0231317	0.174082	0.192801	0.182912	0.427074	1.34642
459	-12.3968	-23.0631	-15.4604	-12.8968	-12.5495	-11.6531	2.76819e-06	0.00554649	0.0720054	0.101902	0.820544	2.02144
460	-12.388	-22.3633	-14.8289	-12.5792	-12.3252	-11.7958	5.87752e-06	0.0109983	0.104318	0.134489	0.750189	1.92135
464	-9.59311	-16.3838	-11.3788	-9.83651	-9.66463	-9.42414	0.000194696	0.0290421	0.135777	0.16124	0.673747	1.80396
465	-9.29804	-11.3246	-9.13535	-8.91024	-8.96094	-9.38914	0.0183481	0.163828	0.205189	0.195045	0.417591	1.34434
466	-14.768	-20.2825	-15.6986	-14.7092	-14.6294	-14.5595	0.000605309	0.0592584	0.159374	0.172611	0.60815	1.69252
467	-17.3503	-30.7669	-20.9116	-17.8466	-17.4366	-16.2737	1.3311e-07	0.00253689	0.0543781	0.0819333	0.861152	2.07891
468	-11.9138	-20.1643	-14.1206	-12.0868	-11.8535	-11.4265	3.54725e-05	0.0149494	0.114259	0.144278	0.726478	1.88617
469	-20.2413	-27.108	-22.5147	-21.4744	-21.3631	-21.0056	0.000462887	0.0457399	0.129449	0.144695	0.679653	1.79984
470	-21.8532	-29.4454	-24.7326	-22.8826	-22.4932	-21.1194	6.47941e-05	0.00721538	0.04589	0.0677353	0.879095	2.09983
471	-16.0498	-18.1706	-15.9892	-15.7531	-15.7988	-16.2328	0.0183146	0.162239	0.205434	0.196259	0.417754	1.34573
472	-9.44688	-11.7014	-9.47429	-9.15482	-9.17627	-9.50188	0.0153459	0.142301	0.195863	0.191705	0.454785	1.41276
473	-7.9508	-9.59293	-7.55049	-7.49772	-7.58328	-8.17297	0.0263932	0.203476	0.214501	0.196911	0.35872	1.22966
474	-9.52988	-16.1925	-11.1364	-9.68155	-9.54623	-9.45227	0.000228363	0.0358472	0.153567	0.17582	0.634537	1.74534
475	-9.54756	-17.047	-11.5665	-9.81169	-9.63198	-9.41195	9.91241e-05	0.0237872	0.137544	0.164623	0.673947	1.80794
476	-6.85761	-5.46563	-5.97825	-6.87099	-7.10627	-8.15763	0.442355	0.264939	0.1085	0.085753	0.0984534	0.465434
477	-7.6115	-8.88815	-6.9827	-7.10505	-7.22867	-7.984	0.0369802	0.248596	0.219967	0.194389	0.300067	1.10939
478	-6.55845	-4.91608	-5.54491	-6.6256	-6.90592	-8.12889	0.504261	0.26888	0.0912476	0.0689413	0.0666701	0.364779
479	-13.4954	-19.837	-14.9842	-13.5859	-13.4182	-13.0199	0.000234654	0.0300588	0.121685	0.143902	0.70412	1.84461
480	-11.7503	-17.9	-13.0907	-11.7826	-11.6393	-11.3723	0.000298723	0.0366399	0.135538	0.156416	0.671108	1.7948
481	-10.7758	-9.33745	-9.90091	-10.8126	-11.0362	-11.996	0.452279	0.257452	0.103457	0.0827305	0.104082	0.469545
