
Analysis Description
--------------------
MEME (Mixed Effects Model of Evolution) estimates a site-wise synonymous
(&alpha;) and a two-category mixture of non-synonymous (&beta;-, with
proportion p-, and &beta;+ with proportion [1-p-]) rates, and uses a
likelihood ratio test to determine if &beta;+ > &alpha; at a site. The
estimates aggregate information over a proportion of branches at a site,
so the signal is derived from episodic diversification, which is a
combination of strength of selection [effect size] and the proportion of
the tree affected. A subset of branches can be selected for testing as
well, in which case an additional (nuisance) parameter will be inferred
-- the non-synonymous rate on branches NOT selected for testing.
Multiple partitions within a NEXUS file are also supported for
recombination - aware analysis. 

- __Requirements__: in-frame codon alignment and a phylogenetic tree

- __Citation__: Detecting Individual Sites Subject to Episodic Diversifying Selection.
_PLoS Genet_ 8(7): e1002764.

- __Written by__: Sergei L. Kosakovsky Pond, Steven Weaver

- __Contact Information__: spond@temple.edu

- __Analysis Version__: 2.1.1


>code –> Universal

>Loaded a multiple sequence alignment with **11** sequences, **137** codons, and **1** partitions from `/home/imelonie/DGINN/Sequences/NFILZ_ENSG_results_202207260705/NFIL3_sequences_filtered_longestORFs_mafft_mincov_prank_clustiso_frag_998_1410.best.fas`

>branches –> All

>Select the p-value threshold to use when testing for selection (permissible range = [0,1], default value = 0.1): 
>pvalue –> 0.1


### Branches to include in the MEME analysis
Selected 19 branches to include in the MEME analysis: `calJac_NFILZ_XM_035286919, saiBolBol_NFILZ_XM_039465724, lemCat_NFILZ_XM_045548187, homSap_NFIL3_ENSG00000268480, panPan_NFILZ_XM_034944102, Node6, macFas_NFILZ_XM_045379968, papAnu_LOC116271699_XM_031659989_clust, Node10, chlSab_NFILZ_XM_037992418, pilTep_LOC111530288_XM_026455565_clust, traFra_NFILZ_XM_033197231, rhiRox_LOC115899017_XM_030934992, Node17, Node15, Node13, Node9, Node5, Node3`


### Obtaining branch lengths and nucleotide substitution biases under the nucleotide GTR model
* Log(L) = -1195.13, AIC-c =  2444.60 (27 estimated parameters)

### Obtaining the global omega estimate based on relative GTR branch lengths and nucleotide substitution biases
* Log(L) = -1182.72, AIC-c =  2435.07 (34 estimated parameters)
* non-synonymous/synonymous rate ratio for *test* =   0.5640

### Improving branch lengths, nucleotide substitution biases, and global dN/dS ratios under a full codon model
* Log(L) = -1182.62
* non-synonymous/synonymous rate ratio for *test* =   0.5588

### For partition 1 these sites are significant at p <=0.1

|   Codon    | Partition  |   alpha    |   beta+    |     p+     |    LRT     |Episodic selection detected?| # branches |
|:----------:|:----------:|:----------:|:----------:|:----------:|:----------:|:--------------------------:|:----------:|
|     99     |     1      |    0.000   |  187.863   |    0.065   |    3.617   |      Yes, p =  0.0773      |     1      |
|    137     |     1      |    0.000   |   45.864   |    0.210   |    5.615   |      Yes, p =  0.0275      |     0      |

### ** Found _2_ sites under episodic diversifying positive selection at p <= 0.1**
