Sites	Ll	Ll_YN98.omega_1=0.362286	Ll_YN98.omega_1=1	Ll_YN98.omega_1=1.002	Pr_YN98.omega_1=0.362286	Pr_YN98.omega_1=1	Pr_YN98.omega_1=1.002	mean
1	-10.9759	-10.9759	-13.32	-13.3269	1	0	0	0.362286
13	-8.07333	-8.07333	-10.3877	-10.3943	1	0	0	0.362286
14	-19.0232	-19.0232	-18.1755	-18.1762	1	0	0	0.362286
47	-22.8964	-22.8964	-24.0706	-24.0751	1	0	0	0.362286
48	-10.9179	-10.9179	-11.1575	-11.1604	1	0	0	0.362286
49	-15.0109	-15.0109	-14.9489	-14.9508	1	0	0	0.362286
148	-19.2646	-19.2646	-18.2553	-18.2555	1	0	0	0.362286
149	-5.02732	-5.02732	-5.85794	-5.86052	1	0	0	0.362286
150	-8.08836	-8.08836	-8.75861	-8.76068	1	0	0	0.362286
151	-9.46371	-9.46371	-9.4665	-9.46757	1	0	0	0.362286
152	-12.2932	-12.2932	-12.0464	-12.0468	1	0	0	0.362286
153	-4.36936	-4.36936	-5.36293	-5.36595	1	0	0	0.362286
154	-8.71438	-8.71438	-9.59375	-9.59645	1	0	0	0.362286
155	-7.64546	-7.64546	-7.36362	-7.36389	1	0	0	0.362286
156	-12.6674	-12.6674	-12.4237	-12.4241	1	0	0	0.362286
157	-9.02336	-9.02336	-9.9079	-9.91064	1	0	0	0.362286
158	-8.15913	-8.15913	-8.10157	-8.10252	1	0	0	0.362286
159	-12.4654	-12.4654	-12.2333	-12.2337	1	0	0	0.362286
160	-17.6558	-17.6558	-16.299	-16.2972	1	0	0	0.362286
161	-6.15704	-6.15704	-6.80698	-6.80899	1	0	0	0.362286
162	-4.55983	-4.55983	-5.6177	-5.6209	1	0	0	0.362286
163	-22.3392	-22.3392	-21.0317	-21.0299	1	0	0	0.362286
164	-10.4185	-10.4185	-10.39	-10.391	1	0	0	0.362286
165	-8.08768	-8.08768	-9.13295	-9.13611	1	0	0	0.362286
166	-14.0856	-14.0856	-12.8449	-12.8434	1	0	0	0.362286
167	-15.2934	-15.2934	-14.0386	-14.037	1	0	0	0.362286
168	-13.5951	-13.5951	-13.4514	-13.452	1	0	0	0.362286
169	-8.679	-8.679	-9.50959	-9.51215	1	0	0	0.362286
170	-8.15913	-8.15913	-8.10157	-8.10252	1	0	0	0.362286
171	-15.7214	-15.7214	-14.288	-14.2859	1	0	0	0.362286
172	-10.0892	-10.0892	-10.9882	-10.991	1	0	0	0.362286
173	-11.0662	-11.0662	-11.8151	-11.8174	1	0	0	0.362286
174	-11.7817	-11.7817	-11.6968	-11.6976	1	0	0	0.362286
175	-3.91964	-3.91964	-4.85757	-4.86047	1	0	0	0.362286
176	-4.6406	-4.6406	-5.4352	-5.43767	1	0	0	0.362286
177	-6.07596	-6.07596	-6.77321	-6.77535	1	0	0	0.362286
178	-11.7975	-11.7975	-12.5545	-12.5568	1	0	0	0.362286
179	-4.04143	-4.04143	-5.03318	-5.03624	1	0	0	0.362286
180	-9.13317	-9.13317	-8.89521	-8.89562	1	0	0	0.362286
181	-7.08093	-7.08093	-6.88671	-6.88725	1	0	0	0.362286
182	-13.0954	-13.0954	-13.0449	-13.0459	1	0	0	0.362286
183	-11.8304	-11.8304	-12.4341	-12.4359	1	0	0	0.362286
184	-10.3353	-10.3353	-11.1787	-11.1813	1	0	0	0.362286
185	-8.9711	-8.9711	-8.91375	-8.9147	1	0	0	0.362286
186	-9.62218	-9.62218	-9.43921	-9.43975	1	0	0	0.362286
190	-4.3787	-4.3787	-5.21449	-5.21704	1	0	0	0.362286
191	-4.20455	-4.20455	-5.02126	-5.02375	1	0	0	0.362286
192	-4.6406	-4.6406	-5.4352	-5.43767	1	0	0	0.362286
193	-4.3787	-4.3787	-5.21449	-5.21704	1	0	0	0.362286
194	-18.6721	-18.6721	-17.415	-17.4134	1	0	0	0.362286
195	-16.2349	-16.2349	-14.9368	-14.935	1	0	0	0.362286
196	-14.681	-14.681	-14.6589	-14.6599	1	0	0	0.362286
197	-8.69213	-8.69213	-9.56645	-9.56913	1	0	0	0.362286
198	-4.96116	-4.96116	-5.76495	-5.76746	1	0	0	0.362286
199	-4.04143	-4.04143	-5.03318	-5.03624	1	0	0	0.362286
200	-13.816	-13.816	-12.7536	-12.7526	1	0	0	0.362286
201	-12.6656	-12.6656	-12.4552	-12.4557	1	0	0	0.362286
202	-4.5139	-4.5139	-5.47733	-5.48028	1	0	0	0.362286
203	-7.29646	-7.29646	-8.22306	-8.22592	1	0	0	0.362286
204	-4.35426	-4.35426	-5.20364	-5.20628	1	0	0	0.362286
205	-4.96116	-4.96116	-5.76495	-5.76746	1	0	0	0.362286
206	-5.33499	-5.33499	-6.03164	-6.03382	1	0	0	0.362286
207	-4.6406	-4.6406	-5.4352	-5.43767	1	0	0	0.362286
208	-5.02282	-5.02282	-5.64909	-5.65105	1	0	0	0.362286
209	-3.91964	-3.91964	-4.85757	-4.86047	1	0	0	0.362286
210	-4.92974	-4.92974	-5.56895	-5.57096	1	0	0	0.362286
211	-5.02282	-5.02282	-5.64909	-5.65105	1	0	0	0.362286
212	-8.54219	-8.54219	-9.42699	-9.42972	1	0	0	0.362286
213	-5.29181	-5.29181	-6.0664	-6.06883	1	0	0	0.362286
214	-5.29181	-5.29181	-6.0664	-6.06883	1	0	0	0.362286
215	-9.8872	-9.8872	-10.4801	-10.4819	1	0	0	0.362286
216	-3.91964	-3.91964	-4.85757	-4.86047	1	0	0	0.362286
217	-4.3787	-4.3787	-5.21449	-5.21704	1	0	0	0.362286
218	-15.4586	-15.4586	-16.1297	-16.1318	1	0	0	0.362286
219	-9.57815	-9.57815	-10.3384	-10.3407	1	0	0	0.362286
220	-12.0102	-12.0102	-12.7622	-12.7645	1	0	0	0.362286
221	-8.43138	-8.43138	-8.24347	-8.24404	1	0	0	0.362286
222	-4.96116	-4.96116	-5.76495	-5.76746	1	0	0	0.362286
223	-12.6518	-12.6518	-13.6818	-13.6849	1	0	0	0.362286
224	-4.3787	-4.3787	-5.21449	-5.21704	1	0	0	0.362286
225	-11.325	-11.325	-10.9841	-10.9842	1	0	0	0.362286
226	-11.6125	-11.6125	-11.3972	-11.3977	1	0	0	0.362286
227	-6.03291	-6.03291	-6.57053	-6.57219	1	0	0	0.362286
228	-14.6945	-14.6945	-14.477	-14.4775	1	0	0	0.362286
229	-4.04143	-4.04143	-5.03318	-5.03624	1	0	0	0.362286
230	-13.1303	-13.1303	-12.8698	-12.8701	1	0	0	0.362286
236	-6.65869	-6.65869	-7.05576	-7.05701	1	0	0	0.362286
237	-9.4409	-9.4409	-9.97558	-9.97726	1	0	0	0.362286
238	-16.0941	-16.0941	-14.7349	-14.7329	1	0	0	0.362286
239	-9.51725	-9.51725	-9.346	-9.34657	1	0	0	0.362286
240	-10.4839	-10.4839	-10.2538	-10.2542	1	0	0	0.362286
241	-3.95091	-3.95091	-4.83212	-4.83483	1	0	0	0.362286
242	-9.26628	-9.26628	-10.0089	-10.0112	1	0	0	0.362286
243	-4.52018	-4.52018	-5.48251	-5.4855	1	0	0	0.362286
244	-13.9924	-13.9924	-14.7556	-14.758	1	0	0	0.362286
245	-4.35426	-4.35426	-5.20364	-5.20628	1	0	0	0.362286
246	-4.07408	-4.07408	-5.08094	-5.08405	1	0	0	0.362286
247	-8.14643	-8.14643	-8.64183	-8.6434	1	0	0	0.362286
248	-4.79718	-4.79718	-5.51784	-5.52011	1	0	0	0.362286
249	-11.344	-11.344	-11.8461	-11.8476	1	0	0	0.362286
250	-5.25176	-5.25176	-6.06221	-6.06474	1	0	0	0.362286
