Sites	Ll	Ll_YN98.omega_1=0.28105	Ll_YN98.omega_1=0.339954	Ll_YN98.omega_1=0.382991	Ll_YN98.omega_1=0.447844	Pr_YN98.omega_1=0.28105	Pr_YN98.omega_1=0.339954	Pr_YN98.omega_1=0.382991	Pr_YN98.omega_1=0.447844	mean
1	-10.9715	-10.6539	-10.8869	-11.0555	-11.3068	0.335356	0.265647	0.224437	0.17456	0.348692
13	-8.06796	-7.74622	-7.98261	-8.15299	-8.40602	0.336447	0.265617	0.224007	0.173928	0.348541
14	-19.0166	-19.4969	-19.1361	-18.9312	-18.6908	0.155411	0.222945	0.273647	0.347997	0.380122
47	-22.8944	-22.8546	-22.8803	-22.9174	-22.9943	0.264304	0.257621	0.248228	0.229847	0.359866
48	-10.9291	-11.1241	-10.9627	-10.8834	-10.8089	0.207562	0.243922	0.264039	0.284478	0.369783
49	-15.0183	-15.2533	-15.0661	-14.9678	-14.8641	0.199525	0.240585	0.265441	0.29445	0.371393
148	-19.2636	-19.7594	-19.3831	-19.1669	-18.9098	0.151418	0.220608	0.273837	0.354137	0.381028
149	-5.02694	-4.9197	-4.99726	-5.05384	-5.13896	0.277551	0.256837	0.242708	0.222904	0.3581
150	-8.08883	-8.00154	-8.06463	-8.11061	-8.17969	0.272306	0.255656	0.244168	0.22787	0.359007
151	-9.46326	-9.58256	-9.49029	-9.44229	-9.39251	0.224387	0.246079	0.258178	0.271355	0.367124
152	-12.2966	-12.4482	-12.3302	-12.2637	-12.1864	0.216109	0.24318	0.259913	0.280799	0.368705
153	-4.36835	-4.23735	-4.33229	-4.40134	-4.50487	0.283812	0.258106	0.240887	0.217195	0.357036
154	-8.71429	-8.59945	-8.6826	-8.74315	-8.83408	0.279546	0.257243	0.242128	0.221083	0.357761
155	-7.64733	-7.80465	-7.68324	-7.61423	-7.53324	0.215023	0.242781	0.260127	0.282069	0.368916
156	-12.6667	-12.8214	-12.704	-12.6379	-12.5612	0.216307	0.243245	0.259867	0.28058	0.368668
157	-9.02362	-8.90894	-8.9919	-9.05238	-9.14331	0.279498	0.257248	0.242151	0.221103	0.357767
158	-8.15892	-8.288	-8.18819	-8.13487	-8.0774	0.221982	0.245283	0.258715	0.27402	0.367577
159	-12.4679	-12.6191	-12.5025	-12.437	-12.3613	0.216572	0.243349	0.25982	0.280259	0.368616
160	-17.6557	-18.0831	-17.7616	-17.5669	-17.3204	0.161321	0.222477	0.270318	0.345884	0.379403
161	-6.15696	-6.07237	-6.13348	-6.17802	-6.24495	0.271595	0.255495	0.244365	0.228545	0.35913
162	-4.5587	-4.41835	-4.52016	-4.59412	-4.70492	0.286299	0.258587	0.240151	0.214963	0.356617
163	-22.3404	-22.7546	-22.4423	-22.2536	-22.0154	0.163628	0.223615	0.270057	0.342699	0.378912
164	-10.4182	-10.545	-10.4475	-10.396	-10.3412	0.222768	0.245567	0.258556	0.273109	0.367425
165	-8.08774	-7.94912	-8.04966	-8.12272	-8.23217	0.285841	0.258498	0.240286	0.215375	0.356695
166	-14.088	-14.4919	-14.1858	-14.0016	-13.7703	0.16532	0.22453	0.269936	0.340214	0.378539
167	-15.2962	-15.7019	-15.3942	-15.2089	-14.9759	0.164904	0.224311	0.269971	0.340814	0.37863
168	-13.5962	-13.7356	-13.6287	-13.5702	-13.5046	0.219652	0.244433	0.259179	0.276736	0.368027
169	-8.67924	-8.5715	-8.64945	-8.70628	-8.79171	0.27768	0.256856	0.242667	0.222797	0.358079
170	-8.15892	-8.288	-8.18819	-8.13487	-8.0774	0.221982	0.245283	0.258715	0.27402	0.367577
171	-15.7201	-16.1538	-15.8283	-15.6303	-15.3782	0.160139	0.221735	0.270313	0.347813	0.37968
172	-10.0895	-9.97333	-10.0573	-10.1185	-10.2106	0.27987	0.257335	0.242049	0.220746	0.357702
173	-11.067	-10.9691	-11.0399	-11.0915	-11.169	0.275101	0.256277	0.243386	0.225237	0.358525
174	-11.784	-11.9143	-11.8124	-11.7575	-11.6975	0.221279	0.245024	0.258853	0.274844	0.367713
175	-3.91935	-3.79788	-3.88573	-3.94978	-4.04611	0.281282	0.257626	0.241641	0.21945	0.357461
176	-4.64039	-4.53823	-4.61208	-4.66598	-4.74714	0.276216	0.256553	0.243089	0.224141	0.358328
177	-6.07557	-5.98429	-6.05029	-6.09834	-6.1705	0.273341	0.255883	0.243877	0.2269	0.358829
178	-11.7981	-11.6999	-11.7709	-11.8226	-11.9005	0.275162	0.256305	0.243376	0.225156	0.358512
179	-4.04112	-3.9122	-4.00551	-4.07351	-4.17569	0.283261	0.258026	0.241065	0.217648	0.357125
180	-9.13157	-9.28601	-9.16879	-9.10283	-9.02643	0.216367	0.243276	0.259862	0.280495	0.368655
181	-7.08294	-7.2278	-7.11471	-7.05177	-6.97989	0.217697	0.243761	0.259597	0.278945	0.368398
182	-13.0982	-13.2237	-13.125	-13.0724	-13.016	0.222321	0.245392	0.258637	0.27365	0.367513
183	-11.8319	-11.7533	-11.8101	-11.8515	-11.9137	0.270044	0.255135	0.244791	0.23003	0.3594
184	-10.3365	-10.2265	-10.3061	-10.364	-10.451	0.27824	0.256969	0.242503	0.222288	0.357984
185	-8.9717	-9.10124	-9.00114	-8.94765	-8.88996	0.221899	0.245261	0.258737	0.274104	0.367591
186	-9.62024	-9.76602	-9.6551	-9.59362	-9.52377	0.218361	0.243977	0.259446	0.278216	0.368274
190	-4.37767	-4.26766	-4.34732	-4.40527	-4.4922	0.278261	0.256954	0.242486	0.222298	0.357983
191	-4.2036	-4.0964	-4.17399	-4.23046	-4.31521	0.27752	0.2568	0.2427	0.222979	0.358109
192	-4.64039	-4.53823	-4.61208	-4.66598	-4.74714	0.276216	0.256553	0.243089	0.224141	0.358328
193	-4.37767	-4.26766	-4.34732	-4.40527	-4.4922	0.278261	0.256954	0.242486	0.222298	0.357983
194	-18.6754	-19.0816	-18.7736	-18.5881	-18.3548	0.164825	0.224271	0.269979	0.340926	0.378647
195	-16.2359	-16.6488	-16.3371	-16.1489	-15.9115	0.163813	0.223721	0.270049	0.342417	0.37887
196	-14.68	-14.8033	-14.709	-14.6595	-14.6073	0.223703	0.245836	0.25832	0.272142	0.367256
197	-8.69203	-8.57782	-8.66053	-8.72075	-8.81119	0.279384	0.257208	0.242174	0.221234	0.357788
198	-4.96101	-4.85785	-4.93244	-4.9869	-5.0689	0.276488	0.256616	0.243015	0.223881	0.358281
199	-4.04112	-3.9122	-4.00551	-4.07351	-4.17569	0.283261	0.258026	0.241065	0.217648	0.357125
200	-13.8195	-14.2005	-13.9107	-13.7384	-13.5249	0.169811	0.22691	0.269571	0.333707	0.377557
201	-12.6641	-12.8135	-12.7	-12.6367	-12.564	0.217529	0.243675	0.259613	0.279183	0.368435
202	-4.5131	-4.38675	-4.47825	-4.54485	-4.6448	0.282574	0.257866	0.241253	0.218307	0.357245
203	-7.29671	-7.17646	-7.26344	-7.32684	-7.42216	0.28096	0.257555	0.241731	0.219754	0.357517
204	-4.35406	-4.24443	-4.32365	-4.38144	-4.46841	0.278155	0.25697	0.242538	0.222337	0.357995
205	-4.96101	-4.85785	-4.93244	-4.9869	-5.0689	0.276488	0.256616	0.243015	0.223881	0.358281
206	-5.33498	-5.24532	-5.31008	-5.35734	-5.42849	0.272929	0.255816	0.244006	0.227249	0.358896
207	-4.64039	-4.53823	-4.61208	-4.66598	-4.74714	0.276216	0.256553	0.243089	0.224141	0.358328
208	-5.02283	-4.94227	-5.00042	-5.04286	-5.10677	0.270553	0.255271	0.244662	0.229515	0.359309
209	-3.91935	-3.79788	-3.88573	-3.94978	-4.04611	0.281282	0.257626	0.241641	0.21945	0.357461
210	-4.92959	-4.84803	-4.90696	-4.95003	-5.01495	0.270851	0.255351	0.244586	0.229211	0.359255
211	-5.02283	-4.94227	-5.00042	-5.04286	-5.10677	0.270553	0.255271	0.244662	0.229515	0.359309
212	-8.54307	-8.42831	-8.51127	-8.57176	-8.6627	0.2795	0.257249	0.24215	0.221101	0.357766
213	-5.29094	-5.19279	-5.26381	-5.31578	-5.39423	0.275234	0.256366	0.243381	0.225019	0.358493
214	-5.29094	-5.19279	-5.26381	-5.31578	-5.39423	0.275234	0.256366	0.243381	0.225019	0.358493
215	-9.88706	-9.80959	-9.86556	-9.90634	-9.96758	0.269745	0.255061	0.24487	0.230324	0.359453
216	-3.91935	-3.79788	-3.88573	-3.94978	-4.04611	0.281282	0.257626	0.241641	0.21945	0.357461
217	-4.37767	-4.26766	-4.34732	-4.40527	-4.4922	0.278261	0.256954	0.242486	0.222298	0.357983
218	-15.4597	-15.3729	-15.4356	-15.4813	-15.5501	0.272176	0.255637	0.24421	0.227977	0.359028
219	-9.57907	-9.47972	-9.55155	-9.60386	-9.68243	0.275448	0.256356	0.24329	0.224907	0.358464
220	-12.0108	-11.9124	-11.9837	-12.0356	-12.1136	0.275258	0.256308	0.243339	0.225094	0.358498
221	-8.43374	-8.57876	-8.46573	-8.40287	-8.33121	0.21773	0.243785	0.2596	0.278885	0.36839
222	-4.96101	-4.85785	-4.93244	-4.9869	-5.0689	0.276488	0.256616	0.243015	0.223881	0.358281
223	-12.6524	-12.5158	-12.6149	-12.6869	-12.7948	0.285313	0.258393	0.24044	0.215854	0.356784
224	-4.37767	-4.26766	-4.34732	-4.40527	-4.4922	0.278261	0.256954	0.242486	0.222298	0.357983
225	-11.3274	-11.4945	-11.3662	-11.2924	-11.2044	0.212887	0.242014	0.260561	0.284539	0.369327
226	-11.6151	-11.7635	-11.6483	-11.5838	-11.5096	0.217019	0.243517	0.259735	0.279729	0.368529
227	-6.03227	-5.96228	-6.01282	-6.04966	-6.10502	0.267808	0.254608	0.2454	0.232184	0.359791
228	-14.6946	-14.8462	-14.731	-14.6665	-14.5923	0.217012	0.243511	0.259733	0.279744	0.368531
229	-4.04112	-3.9122	-4.00551	-4.07351	-4.17569	0.283261	0.258026	0.241065	0.217648	0.357125
230	-13.1312	-13.2876	-13.1684	-13.101	-13.0225	0.215734	0.243039	0.259984	0.281242	0.368778
236	-6.65856	-6.60781	-6.64442	-6.67118	-6.7115	0.26287	0.25342	0.24673	0.23698	0.360656
237	-9.44129	-9.3732	-9.42241	-9.45839	-9.51263	0.267367	0.254529	0.245534	0.23257	0.359864
238	-16.0934	-16.5141	-16.1983	-16.0068	-15.7643	0.162631	0.223042	0.270098	0.344228	0.379137
239	-9.51607	-9.66065	-9.55072	-9.48997	-9.42125	0.218684	0.244096	0.259383	0.277837	0.368211
240	-10.4824	-10.6364	-10.5196	-10.454	-10.3781	0.216508	0.243335	0.25984	0.280317	0.368627
241	-3.95061	-3.83597	-3.91896	-3.97943	-4.07028	0.279498	0.25724	0.242147	0.221115	0.357768
242	-9.2667	-9.17123	-9.24021	-9.29057	-9.36638	0.274456	0.256163	0.243583	0.225798	0.358632
243	-4.51997	-4.39572	-4.48555	-4.55108	-4.64967	0.282013	0.257785	0.241434	0.218767	0.357336
244	-13.9936	-13.8943	-13.9661	-14.0184	-14.097	0.275429	0.25636	0.2433	0.224911	0.358467
245	-4.35406	-4.24443	-4.32365	-4.38144	-4.46841	0.278155	0.25697	0.242538	0.222337	0.357995
246	-4.07372	-3.94307	-4.03761	-4.10652	-4.21011	0.283717	0.258124	0.240935	0.217225	0.357047
247	-8.14662	-8.08368	-8.12911	-8.16233	-8.21245	0.266019	0.254205	0.245898	0.233878	0.3601
248	-4.79704	-4.70589	-4.77178	-4.82001	-4.89281	0.273381	0.255949	0.243898	0.226772	0.358814
249	-11.3448	-11.2805	-11.3269	-11.3608	-11.4118	0.266345	0.254277	0.245806	0.233571	0.360044
250	-5.2518	-5.14747	-5.22285	-5.27787	-5.36068	0.276768	0.256673	0.242933	0.223626	0.358233
