Sites	Ll	Ll_YN98.omega_1=0.362283	Ll_YN98.omega_1=1	Pr_YN98.omega_1=0.362283	Pr_YN98.omega_1=1	mean
1	-10.9759	-10.9759	-13.32	1	0	0.362283
13	-8.07331	-8.07331	-10.3877	1	0	0.362283
14	-19.0232	-19.0232	-18.1755	1	0	0.362283
47	-22.8964	-22.8964	-24.0706	1	0	0.362283
48	-10.9179	-10.9179	-11.1575	1	0	0.362283
49	-15.0109	-15.0109	-14.9489	1	0	0.362283
148	-19.2647	-19.2647	-18.2553	1	0	0.362283
149	-5.02732	-5.02732	-5.85794	1	0	0.362283
150	-8.08836	-8.08836	-8.75862	1	0	0.362283
151	-9.46371	-9.46371	-9.46649	1	0	0.362283
152	-12.2932	-12.2932	-12.0464	1	0	0.362283
153	-4.36935	-4.36935	-5.36293	1	0	0.362283
154	-8.71438	-8.71438	-9.59376	1	0	0.362283
155	-7.64547	-7.64547	-7.36362	1	0	0.362283
156	-12.6674	-12.6674	-12.4237	1	0	0.362283
157	-9.02336	-9.02336	-9.90791	1	0	0.362283
158	-8.15914	-8.15914	-8.10158	1	0	0.362283
159	-12.4654	-12.4654	-12.2333	1	0	0.362283
160	-17.6558	-17.6558	-16.299	1	0	0.362283
161	-6.15704	-6.15704	-6.80698	1	0	0.362283
162	-4.55983	-4.55983	-5.61769	1	0	0.362283
163	-22.3392	-22.3392	-21.0317	1	0	0.362283
164	-10.4185	-10.4185	-10.39	1	0	0.362283
165	-8.08768	-8.08768	-9.13295	1	0	0.362283
166	-14.0856	-14.0856	-12.8449	1	0	0.362283
167	-15.2934	-15.2934	-14.0386	1	0	0.362283
168	-13.5951	-13.5951	-13.4514	1	0	0.362283
169	-8.679	-8.679	-9.5096	1	0	0.362283
170	-8.15914	-8.15914	-8.10158	1	0	0.362283
171	-15.7214	-15.7214	-14.288	1	0	0.362283
172	-10.0892	-10.0892	-10.9882	1	0	0.362283
173	-11.0662	-11.0662	-11.8151	1	0	0.362283
174	-11.7817	-11.7817	-11.6968	1	0	0.362283
175	-3.91963	-3.91963	-4.85757	1	0	0.362283
176	-4.64059	-4.64059	-5.4352	1	0	0.362283
177	-6.07596	-6.07596	-6.77321	1	0	0.362283
178	-11.7975	-11.7975	-12.5545	1	0	0.362283
179	-4.04143	-4.04143	-5.03318	1	0	0.362283
180	-9.13318	-9.13318	-8.89522	1	0	0.362283
181	-7.08094	-7.08094	-6.88672	1	0	0.362283
182	-13.0954	-13.0954	-13.0449	1	0	0.362283
183	-11.8304	-11.8304	-12.4341	1	0	0.362283
184	-10.3353	-10.3353	-11.1787	1	0	0.362283
185	-8.9711	-8.9711	-8.91375	1	0	0.362283
186	-9.62219	-9.62219	-9.43922	1	0	0.362283
190	-4.37869	-4.37869	-5.21448	1	0	0.362283
191	-4.20455	-4.20455	-5.02125	1	0	0.362283
192	-4.64059	-4.64059	-5.4352	1	0	0.362283
193	-4.37869	-4.37869	-5.21448	1	0	0.362283
194	-18.6721	-18.6721	-17.415	1	0	0.362283
195	-16.2349	-16.2349	-14.9368	1	0	0.362283
196	-14.681	-14.681	-14.6589	1	0	0.362283
197	-8.69214	-8.69214	-9.56646	1	0	0.362283
198	-4.96116	-4.96116	-5.76495	1	0	0.362283
199	-4.04143	-4.04143	-5.03318	1	0	0.362283
200	-13.816	-13.816	-12.7536	1	0	0.362283
201	-12.6656	-12.6656	-12.4553	1	0	0.362283
202	-4.51389	-4.51389	-5.47733	1	0	0.362283
203	-7.29646	-7.29646	-8.22306	1	0	0.362283
204	-4.35426	-4.35426	-5.20364	1	0	0.362283
205	-4.96116	-4.96116	-5.76495	1	0	0.362283
206	-5.33499	-5.33499	-6.03164	1	0	0.362283
207	-4.64059	-4.64059	-5.4352	1	0	0.362283
208	-5.02282	-5.02282	-5.64909	1	0	0.362283
209	-3.91963	-3.91963	-4.85757	1	0	0.362283
210	-4.92974	-4.92974	-5.56895	1	0	0.362283
211	-5.02282	-5.02282	-5.64909	1	0	0.362283
212	-8.54218	-8.54218	-9.42698	1	0	0.362283
213	-5.29181	-5.29181	-6.0664	1	0	0.362283
214	-5.29181	-5.29181	-6.0664	1	0	0.362283
215	-9.8872	-9.8872	-10.4801	1	0	0.362283
216	-3.91963	-3.91963	-4.85757	1	0	0.362283
217	-4.37869	-4.37869	-5.21448	1	0	0.362283
218	-15.4586	-15.4586	-16.1297	1	0	0.362283
219	-9.57815	-9.57815	-10.3384	1	0	0.362283
220	-12.0102	-12.0102	-12.7622	1	0	0.362283
221	-8.43138	-8.43138	-8.24347	1	0	0.362283
222	-4.96116	-4.96116	-5.76495	1	0	0.362283
223	-12.6518	-12.6518	-13.6818	1	0	0.362283
224	-4.37869	-4.37869	-5.21448	1	0	0.362283
225	-11.325	-11.325	-10.9841	1	0	0.362283
226	-11.6125	-11.6125	-11.3972	1	0	0.362283
227	-6.03291	-6.03291	-6.57053	1	0	0.362283
228	-14.6945	-14.6945	-14.477	1	0	0.362283
229	-4.04143	-4.04143	-5.03318	1	0	0.362283
230	-13.1303	-13.1303	-12.8698	1	0	0.362283
236	-6.65869	-6.65869	-7.05576	1	0	0.362283
237	-9.4409	-9.4409	-9.97558	1	0	0.362283
238	-16.0941	-16.0941	-14.7349	1	0	0.362283
239	-9.51725	-9.51725	-9.346	1	0	0.362283
240	-10.4839	-10.4839	-10.2538	1	0	0.362283
241	-3.9509	-3.9509	-4.83212	1	0	0.362283
242	-9.26628	-9.26628	-10.0089	1	0	0.362283
243	-4.52017	-4.52017	-5.48251	1	0	0.362283
244	-13.9924	-13.9924	-14.7556	1	0	0.362283
245	-4.35426	-4.35426	-5.20364	1	0	0.362283
246	-4.07407	-4.07407	-5.08094	1	0	0.362283
247	-8.14643	-8.14643	-8.64184	1	0	0.362283
248	-4.79718	-4.79718	-5.51784	1	0	0.362283
249	-11.344	-11.344	-11.8461	1	0	0.362283
250	-5.25175	-5.25175	-6.06221	1	0	0.362283
