Sites	Ll	Ll_SameAARate.DFPDistFreq.beta_1=0.366881	Ll_SameAARate.DFPDistFreq.beta_1=1	Pr_SameAARate.DFPDistFreq.beta_1=0.366881	Pr_SameAARate.DFPDistFreq.beta_1=1	mean
1	-10.7159	-10.7159	-12.0986	1	0	0.366881
13	-7.45006	-7.45006	-8.7933	1	0	0.366881
14	-18.9526	-18.9526	-18.8765	1	0	0.366881
47	-22.6323	-22.6323	-23.3989	1	0	0.366881
48	-11.9313	-11.9313	-11.726	1	0	0.366881
49	-16.0658	-16.0658	-15.5098	1	0	0.366881
148	-20.2678	-20.2678	-18.8132	1	0	0.366881
149	-5.9404	-5.9404	-7.72569	1	0	0.366881
150	-8.17761	-8.17761	-8.75585	1	0	0.366881
151	-8.97468	-8.97468	-8.80902	1	0	0.366881
152	-13.1565	-13.1565	-12.7841	1	0	0.366881
153	-4.65055	-4.65055	-5.66558	1	0	0.366881
154	-8.5578	-8.5578	-9.10297	1	0	0.366881
155	-7.77001	-7.77001	-7.43767	1	0	0.366881
156	-12.8636	-12.8636	-12.9198	1	0	0.366881
157	-8.90148	-8.90148	-9.85192	1	0	0.366881
158	-8.58842	-8.58842	-8.177	1	0	0.366881
159	-13.2302	-13.2302	-12.9152	1	0	0.366881
160	-18.4876	-18.4876	-17.4716	1	0	0.366881
161	-6.07745	-6.07745	-6.56587	1	0	0.366881
162	-4.1164	-4.1164	-4.84312	1	0	0.366881
163	-23.1337	-23.1337	-21.9057	1	0	0.366881
164	-9.52765	-9.52765	-9.37528	1	0	0.366881
165	-8.41562	-8.41562	-9.25023	1	0	0.366881
166	-15.4157	-15.4157	-14.4401	1	0	0.366881
167	-14.8981	-14.8981	-14.0713	1	0	0.366881
168	-13.7597	-13.7597	-13.6565	1	0	0.366881
169	-8.55757	-8.55757	-9.45605	1	0	0.366881
170	-8.58842	-8.58842	-8.177	1	0	0.366881
171	-18.0781	-18.0781	-16.7689	1	0	0.366881
172	-9.92914	-9.92914	-10.4777	1	0	0.366881
173	-11.296	-11.296	-12.286	1	0	0.366881
174	-11.8259	-11.8259	-11.7293	1	0	0.366881
175	-4.01566	-4.01566	-4.81946	1	0	0.366881
176	-5.59398	-5.59398	-7.24966	1	0	0.366881
177	-6.31812	-6.31812	-7.08424	1	0	0.366881
178	-11.8844	-11.8844	-12.6108	1	0	0.366881
179	-3.98168	-3.98168	-4.71363	1	0	0.366881
180	-8.7141	-8.7141	-8.39611	1	0	0.366881
181	-7.80307	-7.80307	-7.725	1	0	0.366881
182	-12.8093	-12.8093	-12.7533	1	0	0.366881
183	-12.4228	-12.4228	-12.9768	1	0	0.366881
184	-10.2346	-10.2346	-10.9303	1	0	0.366881
185	-8.06461	-8.06461	-7.94392	1	0	0.366881
186	-9.99727	-9.99727	-9.60593	1	0	0.366881
190	-3.8796	-3.8796	-4.40463	1	0	0.366881
191	-4.50712	-4.50712	-5.32394	1	0	0.366881
192	-5.59398	-5.59398	-7.24966	1	0	0.366881
193	-3.8796	-3.8796	-4.40463	1	0	0.366881
194	-18.0873	-18.0873	-17.3486	1	0	0.366881
195	-17.1451	-17.1451	-15.8594	1	0	0.366881
196	-14.3564	-14.3564	-14.3147	1	0	0.366881
197	-8.53733	-8.53733	-9.08064	1	0	0.366881
198	-4.7955	-4.7955	-5.28889	1	0	0.366881
199	-3.98168	-3.98168	-4.71363	1	0	0.366881
200	-13.5838	-13.5838	-12.7643	1	0	0.366881
201	-13.2065	-13.2065	-12.8952	1	0	0.366881
202	-4.36445	-4.36445	-4.95787	1	0	0.366881
203	-7.22672	-7.22672	-8.13547	1	0	0.366881
204	-4.20269	-4.20269	-4.82119	1	0	0.366881
205	-4.7955	-4.7955	-5.28889	1	0	0.366881
206	-5.15409	-5.15409	-5.54134	1	0	0.366881
207	-5.59398	-5.59398	-7.24966	1	0	0.366881
208	-5.2747	-5.2747	-6.01927	1	0	0.366881
209	-4.01566	-4.01566	-4.81946	1	0	0.366881
210	-4.81949	-4.81949	-5.27229	1	0	0.366881
211	-5.2747	-5.2747	-6.01927	1	0	0.366881
212	-8.86278	-8.86278	-9.4201	1	0	0.366881
213	-5.6026	-5.6026	-6.34361	1	0	0.366881
214	-5.6026	-5.6026	-6.34361	1	0	0.366881
215	-9.82578	-9.82578	-10.3182	1	0	0.366881
216	-4.01566	-4.01566	-4.81946	1	0	0.366881
217	-3.8796	-3.8796	-4.40463	1	0	0.366881
218	-15.2694	-15.2694	-15.7641	1	0	0.366881
219	-10.0291	-10.0291	-10.6899	1	0	0.366881
220	-11.9785	-11.9785	-12.5336	1	0	0.366881
221	-7.53651	-7.53651	-7.23028	1	0	0.366881
222	-4.7955	-4.7955	-5.28889	1	0	0.366881
223	-13.1173	-13.1173	-14.0676	1	0	0.366881
224	-3.8796	-3.8796	-4.40463	1	0	0.366881
225	-12.0518	-12.0518	-11.4542	1	0	0.366881
226	-10.6774	-10.6774	-10.4351	1	0	0.366881
227	-6.38832	-6.38832	-6.99692	1	0	0.366881
228	-13.5864	-13.5864	-13.6076	1	0	0.366881
229	-3.98168	-3.98168	-4.71363	1	0	0.366881
230	-12.6404	-12.6404	-12.3186	1	0	0.366881
236	-7.30614	-7.30614	-8.45548	1	0	0.366881
237	-9.49192	-9.49192	-9.94402	1	0	0.366881
238	-17.0237	-17.0237	-15.9945	1	0	0.366881
239	-10.8305	-10.8305	-10.4439	1	0	0.366881
240	-12.2588	-12.2588	-11.7388	1	0	0.366881
241	-3.89921	-3.89921	-4.55739	1	0	0.366881
242	-8.99955	-8.99955	-9.90973	1	0	0.366881
243	-4.51689	-4.51689	-5.24675	1	0	0.366881
244	-14.5518	-14.5518	-15.2846	1	0	0.366881
245	-4.20269	-4.20269	-4.82119	1	0	0.366881
246	-4.17989	-4.17989	-5.07354	1	0	0.366881
247	-7.76797	-7.76797	-7.83466	1	0	0.366881
248	-4.53878	-4.53878	-4.78288	1	0	0.366881
249	-11.7634	-11.7634	-12.4473	1	0	0.366881
250	-5.2475	-5.2475	-5.98431	1	0	0.366881
