Sites	Ll	Ll_YN98.omega_1=0.283739	Ll_YN98.omega_1=0.340849	Ll_YN98.omega_1=0.382467	Ll_YN98.omega_1=0.445137	Ll_YN98.omega_1=1	Pr_YN98.omega_1=0.283739	Pr_YN98.omega_1=0.340849	Pr_YN98.omega_1=0.382467	Pr_YN98.omega_1=0.445137	Pr_YN98.omega_1=1	mean
1	-10.972	-10.6644	-10.8902	-11.0532	-11.2961	-13.3166	0.332516	0.265299	0.225398	0.176787	0	0.349676
13	-8.0684	-7.75683	-7.98589	-8.15063	-8.39523	-10.3836	0.333566	0.265279	0.224987	0.176169	0	0.349535
14	-19.0168	-19.4782	-19.1316	-18.9336	-18.6997	-18.1751	0.158315	0.223903	0.27292	0.344863	0	0.379131
47	-22.8948	-22.8551	-22.8809	-22.9169	-22.9907	-24.0704	0.264011	0.257275	0.248187	0.230527	0	0.360142
48	-10.9281	-11.1151	-10.9607	-10.8842	-10.811	-11.1557	0.209118	0.244025	0.26343	0.283427	0	0.369428
49	-15.0177	-15.2431	-15.0638	-14.9689	-14.8675	-14.9481	0.201295	0.240829	0.264818	0.293059	0	0.370937
148	-19.2631	-19.7398	-19.3782	-19.1693	-18.9191	-18.2547	0.154398	0.221666	0.273143	0.350793	0	0.379983
149	-5.02701	-4.92317	-4.99836	-5.05307	-5.13532	-5.85643	0.276656	0.256617	0.242955	0.223772	0	0.358497
150	-8.08904	-8.00452	-8.06568	-8.11014	-8.17689	-8.75824	0.271583	0.255471	0.244363	0.228583	0	0.359347
151	-9.46307	-9.57746	-9.48907	-9.44271	-9.39404	-9.46548	0.225327	0.246152	0.257831	0.270689	0	0.366941
152	-12.2964	-12.4423	-12.3289	-12.2646	-12.1894	-12.0467	0.21729	0.243369	0.259527	0.279814	0	0.368422
153	-4.36842	-4.24158	-4.3336	-4.40036	-4.50042	-5.3607	0.282709	0.257853	0.241201	0.218236	0	0.357501
154	-8.71448	-8.60329	-8.68389	-8.74243	-8.83031	-9.59265	0.278585	0.257012	0.242397	0.222006	0	0.35818
155	-7.64696	-7.79824	-7.6816	-7.61493	-7.5361	-7.3631	0.216236	0.242986	0.259737	0.281041	0	0.368619
156	-12.6667	-12.8153	-12.7026	-12.6387	-12.564	-12.4236	0.217483	0.243431	0.259483	0.279602	0	0.368387
157	-9.02383	-8.91279	-8.99321	-9.05169	-9.13956	-9.90701	0.278539	0.257017	0.242418	0.222026	0	0.358185
158	-8.15877	-8.28265	-8.18695	-8.13546	-8.07935	-8.10038	0.222993	0.245387	0.258354	0.273265	0	0.367365
159	-12.4676	-12.6129	-12.501	-12.4377	-12.364	-12.2339	0.217741	0.24353	0.259436	0.279293	0	0.368338
160	-17.6554	-18.0669	-17.7575	-17.5693	-17.3299	-16.2997	0.16401	0.223488	0.269771	0.342731	0	0.378453
161	-6.15704	-6.07513	-6.13437	-6.17744	-6.24212	-6.80592	0.270896	0.255314	0.244553	0.229237	0	0.359463
162	-4.55877	-4.42288	-4.52156	-4.59308	-4.70015	-5.6154	0.285113	0.258323	0.240493	0.216072	0	0.357109
163	-22.3401	-22.739	-22.4384	-22.256	-22.0247	-21.033	0.166266	0.224579	0.269503	0.339652	0	0.377991
164	-10.418	-10.5397	-10.4463	-10.3965	-10.343	-10.3896	0.223756	0.24566	0.258199	0.272386	0	0.367223
165	-8.08788	-7.95366	-8.05112	-8.12176	-8.22753	-9.13191	0.28467	0.258236	0.240623	0.216472	0	0.357181
166	-14.0875	-14.4765	-14.1819	-14.0039	-13.7791	-12.8455	0.167921	0.225455	0.269371	0.337253	0	0.377641
167	-15.2957	-15.6863	-15.3902	-15.2112	-14.9849	-14.0392	0.167514	0.225245	0.269408	0.337832	0	0.377726
168	-13.5961	-13.73	-13.6274	-13.5708	-13.5069	-13.4521	0.22073	0.244572	0.258809	0.275888	0	0.367786
169	-8.67945	-8.57512	-8.65069	-8.70563	-8.78819	-9.50877	0.276781	0.256636	0.242915	0.223668	0	0.358478
170	-8.15877	-8.28265	-8.18695	-8.13546	-8.07935	-8.10038	0.222993	0.245387	0.258354	0.273265	0	0.367365
171	-15.7197	-16.1373	-15.824	-15.6326	-15.3878	-14.2882	0.162851	0.222779	0.26978	0.34459	0	0.378713
172	-10.0897	-9.9772	-10.0586	-10.1178	-10.2068	-10.9873	0.278899	0.257101	0.24232	0.22168	0	0.358125
173	-11.0672	-10.9723	-11.041	-11.091	-11.1658	-11.815	0.274286	0.256074	0.243608	0.226032	0	0.358896
174	-11.7838	-11.9089	-11.8112	-11.7581	-11.6996	-11.6965	0.222311	0.245139	0.25849	0.274061	0	0.367492
175	-3.91943	-3.80181	-3.88697	-3.94891	-4.04199	-4.85593	0.280264	0.257385	0.241927	0.220424	0	0.357899
176	-4.64046	-4.54153	-4.61312	-4.66525	-4.74367	-5.43382	0.275366	0.256342	0.243322	0.22497	0	0.358711
177	-6.07562	-5.98724	-6.05122	-6.09769	-6.16741	-6.77178	0.272584	0.255691	0.244082	0.227643	0	0.35918
178	-11.7984	-11.7033	-11.7721	-11.8222	-11.8974	-12.5542	0.274346	0.2561	0.243599	0.225954	0	0.358884
179	-4.04122	-3.91639	-4.00684	-4.07259	-4.17133	-5.03158	0.282177	0.257775	0.241372	0.218677	0	0.357585
180	-9.13146	-9.27985	-9.16728	-9.10357	-9.02916	-8.89417	0.217541	0.24346	0.259478	0.279521	0	0.368375
181	-7.08256	-7.22179	-7.11324	-7.05243	-6.9824	-6.88531	0.218833	0.243926	0.259218	0.278023	0	0.368134
182	-13.098	-13.2185	-13.1238	-13.073	-13.018	-13.0447	0.223322	0.245492	0.258278	0.272907	0	0.367305
183	-11.8321	-11.756	-11.8111	-11.8511	-11.9112	-12.4348	0.269396	0.254966	0.244964	0.230675	0	0.359716
184	-10.3367	-10.2302	-10.3073	-10.3634	-10.4475	-11.1789	0.277322	0.256746	0.242758	0.223174	0	0.358389
185	-8.97151	-9.09583	-8.99986	-8.94819	-8.89187	-8.91337	0.222912	0.245366	0.258376	0.273346	0	0.367378
186	-9.6201	-9.76011	-9.65364	-9.59426	-9.52619	-9.43772	0.219478	0.244134	0.259071	0.277318	0	0.368018
190	-4.37767	-4.27115	-4.34837	-4.4044	-4.48841	-5.21231	0.277342	0.256732	0.242742	0.223184	0	0.358388
191	-4.2036	-4.0998	-4.17502	-4.22962	-4.31152	-5.01914	0.276626	0.256583	0.242948	0.223844	0	0.358506
192	-4.64046	-4.54153	-4.61312	-4.66525	-4.74367	-5.43382	0.275366	0.256342	0.243322	0.22497	0	0.358711
193	-4.37767	-4.27115	-4.34837	-4.4044	-4.48841	-5.21231	0.277342	0.256732	0.242742	0.223184	0	0.358388
194	-18.675	-19.0662	-18.7698	-18.5905	-18.3639	-17.4163	0.167437	0.225206	0.269416	0.33794	0	0.377742
195	-16.2355	-16.6331	-16.3331	-16.1512	-15.9207	-14.9373	0.166447	0.22468	0.269493	0.33938	0	0.377952
196	-14.68	-14.7983	-14.7079	-14.66	-14.6091	-14.6586	0.224662	0.245919	0.25797	0.271449	0	0.367064
197	-8.69222	-8.58164	-8.66181	-8.72004	-8.80743	-9.56536	0.278428	0.256978	0.242441	0.222153	0	0.358206
198	-4.96109	-4.8612	-4.9335	-4.98616	-5.0654	-5.7637	0.275628	0.256402	0.24325	0.224719	0	0.358667
199	-4.04122	-3.91639	-4.00684	-4.07259	-4.17133	-5.03158	0.282177	0.257775	0.241372	0.218677	0	0.357585
200	-13.8189	-14.1857	-13.9068	-13.7403	-13.533	-12.7544	0.172314	0.227733	0.268981	0.330972	0	0.376719
201	-12.6641	-12.8076	-12.6987	-12.6375	-12.5667	-12.4545	0.218669	0.243844	0.259235	0.278252	0	0.368168
202	-4.51316	-4.39083	-4.47952	-4.54391	-4.64049	-5.47535	0.281512	0.257619	0.241553	0.219315	0	0.357697
203	-7.29691	-7.18048	-7.2648	-7.32611	-7.41821	-8.22212	0.279953	0.257315	0.242013	0.220719	0	0.357951
204	-4.35413	-4.24797	-4.32477	-4.38065	-4.46468	-5.20224	0.27724	0.256746	0.242791	0.223223	0	0.3584
205	-4.96109	-4.8612	-4.9335	-4.98616	-5.0654	-5.7637	0.275628	0.256402	0.24325	0.224719	0	0.358667
206	-5.33504	-5.24823	-5.311	-5.3567	-5.42545	-6.03059	0.272186	0.255625	0.244206	0.227982	0	0.359244
207	-4.64046	-4.54153	-4.61312	-4.66525	-4.74367	-5.43382	0.275366	0.256342	0.243322	0.22497	0	0.358711
208	-5.02288	-4.94488	-5.00125	-5.04229	-5.10404	-5.64813	0.269888	0.255096	0.244839	0.230177	0	0.35963
209	-3.91943	-3.80181	-3.88697	-3.94891	-4.04199	-4.85593	0.280264	0.257385	0.241927	0.220424	0	0.357899
210	-4.92963	-4.85065	-4.90778	-4.94943	-5.01216	-5.56788	0.270177	0.255175	0.244766	0.229883	0	0.35958
211	-5.02288	-4.94488	-5.00125	-5.04229	-5.10404	-5.64813	0.269888	0.255096	0.244839	0.230177	0	0.35963
212	-8.54319	-8.43209	-8.5125	-8.57099	-8.65886	-9.42669	0.278541	0.257018	0.242418	0.222024	0	0.358185
213	-5.29096	-5.19591	-5.26476	-5.31502	-5.39081	-6.06453	0.274417	0.256158	0.243603	0.225822	0	0.358866
214	-5.29096	-5.19591	-5.26476	-5.31502	-5.39081	-6.06453	0.274417	0.256158	0.243603	0.225822	0	0.358866
215	-9.88716	-9.81215	-9.86641	-9.90583	-9.96501	-10.4791	0.269106	0.254894	0.24504	0.23096	0	0.359765
216	-3.91943	-3.80181	-3.88697	-3.94891	-4.04199	-4.85593	0.280264	0.257385	0.241927	0.220424	0	0.357899
217	-4.37767	-4.27115	-4.34837	-4.4044	-4.48841	-5.21231	0.277342	0.256732	0.242742	0.223184	0	0.358388
218	-15.46	-15.3759	-15.4367	-15.4809	-15.5474	-16.1301	0.271458	0.255452	0.244403	0.228687	0	0.359367
219	-9.57926	-9.48306	-9.55269	-9.60327	-9.6792	-10.3383	0.274622	0.256151	0.243516	0.225712	0	0.358839
220	-12.0112	-11.9158	-11.985	-12.0352	-12.1105	-12.7622	0.274438	0.256104	0.243564	0.225893	0	0.358871
221	-8.43344	-8.57282	-8.46432	-8.4036	-8.33378	-8.2428	0.218865	0.243949	0.25922	0.277966	0	0.368127
222	-4.96109	-4.8612	-4.9335	-4.98616	-5.0654	-5.7637	0.275628	0.256402	0.24325	0.224719	0	0.358667
223	-12.6527	-12.5204	-12.6164	-12.6861	-12.7903	-13.6815	0.284159	0.258133	0.240772	0.216936	0	0.357265
224	-4.37767	-4.27115	-4.34837	-4.4044	-4.48841	-5.21231	0.277342	0.256732	0.242742	0.223184	0	0.358388
225	-11.3272	-11.4879	-11.3646	-11.2933	-11.2077	-10.9847	0.214161	0.242249	0.260162	0.283427	0	0.369004
226	-11.6149	-11.7576	-11.647	-11.5847	-11.5124	-11.3973	0.218174	0.243692	0.259353	0.278781	0	0.368256
227	-6.03224	-5.96447	-6.01347	-6.04908	-6.10258	-6.56894	0.267233	0.254455	0.245552	0.232761	0	0.360081
228	-14.6946	-14.8402	-14.7296	-14.6673	-14.595	-14.4776	0.218168	0.243686	0.259351	0.278795	0	0.368258
229	-4.04122	-3.91639	-4.00684	-4.07259	-4.17133	-5.03158	0.282177	0.257775	0.241372	0.218677	0	0.357585
230	-13.131	-13.2814	-13.1669	-13.1018	-13.0253	-12.8705	0.216927	0.243233	0.259597	0.280243	0	0.36849
236	-6.65857	-6.60944	-6.64493	-6.67079	-6.70975	-7.05497	0.262456	0.253304	0.246836	0.237404	0	0.360892
237	-9.44145	-9.37552	-9.42323	-9.45801	-9.51043	-9.97535	0.266807	0.254377	0.245681	0.233135	0	0.36015
238	-16.0931	-16.4983	-16.1942	-16.0092	-15.7737	-14.7358	0.16529	0.224031	0.269552	0.341127	0	0.378203
239	-9.51593	-9.65477	-9.54926	-9.49058	-9.4236	-9.34546	0.219791	0.244248	0.259009	0.276952	0	0.367959
240	-10.4823	-10.6303	-10.5181	-10.4547	-10.3808	-10.2531	0.217678	0.243517	0.259456	0.27935	0	0.368348
241	-3.9507	-3.8397	-3.92014	-3.97861	-4.06641	-4.83069	0.278538	0.25701	0.242414	0.222038	0	0.358187
242	-9.26689	-9.17445	-9.24132	-9.29001	-9.36327	-10.0083	0.273664	0.255962	0.243798	0.226577	0	0.358996
243	-4.52006	-4.39976	-4.48683	-4.55019	-4.64546	-5.48101	0.280971	0.257539	0.241728	0.219762	0	0.357782
244	-13.9938	-13.8977	-13.9673	-14.0178	-14.0938	-14.7558	0.274604	0.256154	0.243525	0.225717	0	0.358841
245	-4.35413	-4.24797	-4.32477	-4.38065	-4.46468	-5.20224	0.27724	0.256746	0.242791	0.223223	0	0.3584
246	-4.07381	-3.9473	-4.03895	-4.10558	-4.20568	-5.07922	0.282618	0.257869	0.241246	0.218267	0	0.357512
247	-8.1467	-8.08576	-8.1298	-8.16193	-8.21035	-8.64132	0.265503	0.254064	0.246032	0.234402	0	0.360371
248	-4.79714	-4.70887	-4.77275	-4.81939	-4.88973	-5.51667	0.272625	0.255754	0.244101	0.22752	0	0.359166
249	-11.3448	-11.2826	-11.3276	-11.3603	-11.4097	-11.8461	0.265818	0.254134	0.245943	0.234105	0	0.360318
250	-5.25189	-5.15087	-5.22395	-5.27714	-5.35716	-6.06112	0.275899	0.256457	0.243171	0.224472	0	0.358623
