Sites	Ll	Ll_YN98.omega_1=0.228435	Ll_YN98.omega_1=0.369923	Ll_YN98.omega_1=0.483215	Ll_YN98.omega_1=0.643876	Pr_YN98.omega_1=0.228435	Pr_YN98.omega_1=0.369923	Pr_YN98.omega_1=0.483215	Pr_YN98.omega_1=0.643876	mean
182	-4.40351	-4.17354	-4.33831	-4.46649	-4.64283	0.310598	0.263414	0.231725	0.194263	0.405449
183	-4.82251	-4.67103	-4.77863	-4.86309	-4.98038	0.289254	0.259746	0.238709	0.212291	0.414199
184	-4.16049	-3.98167	-4.10915	-4.2088	-4.34662	0.296616	0.261115	0.236349	0.20592	0.411144
185	-4.76586	-4.63604	-4.72807	-4.80045	-4.90118	0.283481	0.258557	0.240504	0.217459	0.416635
186	-14.0306	-14.9508	-14.2109	-13.851	-13.5168	0.0971353	0.203571	0.291754	0.40754	0.50088
187	-9.251	-9.71921	-9.3538	-9.17812	-9.01802	0.16194	0.233372	0.278193	0.326495	0.467972
188	-7.15586	-7.51848	-7.21061	-7.07916	-6.97912	0.177712	0.241782	0.275747	0.30476	0.459509
189	-13.349	-13.1657	-13.2965	-13.3989	-13.541	0.297932	0.261414	0.235949	0.204705	0.41058
190	-12.4161	-12.9701	-12.5454	-12.3237	-12.1002	0.14653	0.224054	0.279684	0.349732	0.476687
191	-6.64777	-6.45503	-6.59328	-6.70109	-6.84976	0.300605	0.261792	0.235036	0.202567	0.409513
192	-9.93433	-10.342	-10.0067	-9.85484	-9.72804	0.170248	0.238068	0.27711	0.314574	0.463408
193	-5.73285	-5.58075	-5.68896	-5.77368	-5.89108	0.289419	0.259738	0.238638	0.212205	0.414144
194	-3.95744	-3.79447	-3.91048	-4.0013	-4.12707	0.292339	0.260318	0.237719	0.209624	0.412919
195	-8.30911	-8.75961	-8.39519	-8.22054	-8.06222	0.16227	0.233615	0.278196	0.325919	0.467768
196	-8.12815	-8.55709	-8.20686	-8.04308	-7.89947	0.16607	0.235719	0.277666	0.320546	0.465698
197	-7.55116	-7.90229	-7.60269	-7.47762	-7.38624	0.180056	0.242953	0.275323	0.301668	0.458282
198	-8.94885	-9.37757	-9.04066	-8.88681	-8.75625	0.169619	0.237572	0.277083	0.315727	0.463809
199	-5.14386	-4.91611	-5.07978	-5.20639	-5.37972	0.309974	0.263175	0.231876	0.194976	0.40575
200	-4.80885	-4.66917	-4.76833	-4.84618	-4.95434	0.286103	0.259093	0.239687	0.215117	0.41553
201	-10.8499	-11.3126	-10.9526	-10.7814	-10.6276	0.163447	0.234267	0.278031	0.324255	0.467127
202	-3.97173	-3.79991	-3.92232	-4.01806	-4.15057	0.294723	0.260769	0.236958	0.20755	0.411928
203	-10.2988	-10.7824	-10.4065	-10.2225	-10.0508	0.159099	0.231699	0.278507	0.330695	0.46956
204	-4.26887	-4.09147	-4.21813	-4.31689	-4.45312	0.296231	0.26099	0.236446	0.206332	0.411323
205	-4.47285	-4.2661	-4.41403	-4.52917	-4.68772	0.304213	0.262382	0.233846	0.19956	0.408044
206	-4.30857	-4.12255	-4.25526	-4.35892	-4.50217	0.298566	0.261461	0.235716	0.204257	0.410341
207	-11.4327	-11.1984	-11.3665	-11.4973	-11.6773	0.311882	0.263622	0.231298	0.193198	0.404927
208	-6.90196	-6.65436	-6.83194	-6.96945	-7.15774	0.315308	0.264005	0.230089	0.190598	0.403593
209	-20.0155	-21.5665	-20.3452	-19.7193	-19.1003	0.044423	0.150656	0.281732	0.523189	0.538885
210	-8.22872	-8.67047	-8.30906	-8.13672	-7.98154	0.163072	0.234066	0.278089	0.324772	0.467328
211	-5.04582	-4.90643	-5.00542	-5.08309	-5.19095	0.286026	0.259069	0.239707	0.215198	0.415565
212	-8.02729	-7.78018	-7.95746	-8.09505	-8.28361	0.315271	0.264053	0.230111	0.190565	0.403592
213	-3.95744	-3.79447	-3.91048	-4.0013	-4.12707	0.292339	0.260318	0.237719	0.209624	0.412919
214	-9.05246	-8.85425	-8.99614	-9.10672	-9.2591	0.301961	0.262017	0.234589	0.201433	0.408959
215	-3.80705	-3.61663	-3.75259	-3.85868	-4.00513	0.299763	0.261657	0.235319	0.203261	0.409854
216	-5.27525	-5.02623	-5.20508	-5.34378	-5.53407	0.315862	0.264132	0.229923	0.190083	0.403355
217	-9.7608	-10.1316	-9.83788	-9.7173	-9.63197	0.181721	0.243769	0.275007	0.299504	0.457418
218	-7.08134	-6.96568	-7.04848	-7.11321	-7.2027	0.279928	0.257684	0.241533	0.220855	0.418184
219	-4.81921	-4.7334	-4.79384	-4.84174	-4.9089	0.271909	0.25596	0.24399	0.228142	0.421593
220	-15.5415	-15.9436	-15.6272	-15.4896	-15.3819	0.175427	0.240717	0.276215	0.307641	0.460674
221	-4.21339	-4.02137	-4.15852	-4.26549	-4.41309	0.3002	0.261725	0.235173	0.202903	0.409677
222	-4.21339	-4.02137	-4.15852	-4.26549	-4.41309	0.3002	0.261725	0.235173	0.202903	0.409677
223	-4.52675	-4.29589	-4.46146	-4.59002	-4.76661	0.310834	0.263405	0.231628	0.194132	0.405368
224	-11.9832	-11.8519	-11.9457	-12.0193	-12.1213	0.284088	0.258637	0.24029	0.216985	0.416395
225	-4.95873	-4.81978	-4.91838	-4.99584	-5.10354	0.285909	0.259064	0.239753	0.215274	0.415608
226	-9.76885	-9.5187	-9.69869	-9.83814	-10.0292	0.316252	0.264157	0.229774	0.189818	0.40321
227	-4.11813	-3.9662	-4.07414	-4.15886	-4.27649	0.289378	0.25977	0.23867	0.212182	0.414147
228	-3.80705	-3.61663	-3.75259	-3.85868	-4.00513	0.299763	0.261657	0.235319	0.203261	0.409854
229	-4.21339	-4.02137	-4.15852	-4.26549	-4.41309	0.3002	0.261725	0.235173	0.202903	0.409677
230	-4.26887	-4.09147	-4.21813	-4.31689	-4.45312	0.296231	0.26099	0.236446	0.206332	0.411323
231	-9.91718	-9.72839	-9.86362	-9.96936	-10.1156	0.29955	0.261663	0.235406	0.203381	0.409927
232	-4.21339	-4.02137	-4.15852	-4.26549	-4.41309	0.3002	0.261725	0.235173	0.202903	0.409677
233	-4.89593	-4.6632	-4.83018	-4.95976	-5.13767	0.311352	0.263472	0.231449	0.193727	0.405164
234	-5.19761	-5.04462	-5.15333	-5.23862	-5.35703	0.289661	0.259822	0.238579	0.211938	0.41403
235	-14.0102	-13.7814	-13.9455	-14.0738	-14.2514	0.310541	0.263552	0.231806	0.194101	0.405422
236	-6.98287	-6.87334	-6.95154	-7.01287	-7.09795	0.278291	0.257356	0.242047	0.222305	0.418871
237	-4.77211	-4.54353	-4.70776	-4.83486	-5.00893	0.310203	0.263222	0.231804	0.194771	0.405653
238	-10.4215	-10.8395	-10.5126	-10.3664	-10.2464	0.172382	0.239033	0.276644	0.311942	0.462332
239	-5.14408	-5.06395	-5.12036	-5.16509	-5.22784	0.270433	0.255597	0.244418	0.229552	0.422237
240	-5.42922	-5.18628	-5.36102	-5.49613	-5.68095	0.314168	0.263799	0.230462	0.191571	0.404063
241	-7.68194	-7.49271	-7.63109	-7.73486	-7.87191	0.299391	0.260699	0.235003	0.204906	0.410322
242	-4.81921	-4.7334	-4.79384	-4.84174	-4.9089	0.271909	0.25596	0.24399	0.228142	0.421593
243	-4.21339	-4.02137	-4.15852	-4.26549	-4.41309	0.3002	0.261725	0.235173	0.202903	0.409677
244	-12.3636	-12.2632	-12.335	-12.3913	-12.4694	0.275928	0.25681	0.24275	0.224512	0.41989
245	-5.04582	-4.90643	-5.00542	-5.08309	-5.19095	0.286026	0.259069	0.239707	0.215198	0.415565
246	-10.813	-11.1843	-10.8907	-10.7694	-10.6818	0.181537	0.243492	0.27491	0.300061	0.457585
247	-10.463	-10.2398	-10.4002	-10.5254	-10.6981	0.309053	0.263244	0.232269	0.195434	0.40605
248	-4.82251	-4.67103	-4.77863	-4.86309	-4.98038	0.289254	0.259746	0.238709	0.212291	0.414199
249	-6.98287	-6.87334	-6.95154	-7.01287	-7.09795	0.278291	0.257356	0.242047	0.222305	0.418871
250	-4.77211	-4.54353	-4.70776	-4.83486	-5.00893	0.310203	0.263222	0.231804	0.194771	0.405653
251	-15.8885	-16.3173	-15.9811	-15.8285	-15.7005	0.169979	0.237912	0.277141	0.314968	0.463557
252	-3.80705	-3.61663	-3.75259	-3.85868	-4.00513	0.299763	0.261657	0.235319	0.203261	0.409854
253	-7.15586	-7.51848	-7.21061	-7.07916	-6.97912	0.177712	0.241782	0.275747	0.30476	0.459509
254	-4.30857	-4.12255	-4.25526	-4.35892	-4.50217	0.298566	0.261461	0.235716	0.204257	0.410341
255	-9.20693	-9.04479	-9.16026	-9.2507	-9.37599	0.292148	0.260289	0.237782	0.209781	0.412997
256	-6.66011	-6.4741	-6.60766	-6.7116	-6.85467	0.29877	0.261418	0.23561	0.204202	0.410285
257	-5.20396	-5.13551	-5.18368	-5.22186	-5.27542	0.267402	0.254826	0.245281	0.232491	0.423569
258	-4.5577	-4.41696	-4.51696	-4.59536	-4.70412	0.286381	0.259129	0.23959	0.2149	0.41542
259	-12.0736	-12.4526	-12.1544	-12.0304	-11.9405	0.180453	0.243145	0.275243	0.301159	0.458077
260	-3.80705	-3.61663	-3.75259	-3.85868	-4.00513	0.299763	0.261657	0.235319	0.203261	0.409854
261	-3.80705	-3.61663	-3.75259	-3.85868	-4.00513	0.299763	0.261657	0.235319	0.203261	0.409854
262	-10.9296	-10.7062	-10.8668	-10.9921	-11.1649	0.309105	0.263251	0.232251	0.195392	0.406029
263	-7.1571	-7.49878	-7.20544	-7.08475	-6.99874	0.181732	0.243685	0.274944	0.299639	0.457446
264	-4.5577	-4.41696	-4.51696	-4.59536	-4.70412	0.286381	0.259129	0.23959	0.2149	0.41542
265	-4.94336	-4.70767	-4.87698	-5.00812	-5.18783	0.312167	0.263545	0.231155	0.193133	0.404853
266	-8.9485	-9.36769	-9.03761	-8.88912	-8.76598	0.171524	0.238605	0.276799	0.313072	0.46278
267	-13.8513	-14.9524	-14.0959	-13.6465	-13.1908	0.0777169	0.183	0.286845	0.452438	0.515371
268	-3.80705	-3.61663	-3.75259	-3.85868	-4.00513	0.299763	0.261657	0.235319	0.203261	0.409854
269	-4.5577	-4.41696	-4.51696	-4.59536	-4.70412	0.286381	0.259129	0.23959	0.2149	0.41542
270	-12.9809	-13.4814	-13.1019	-12.9052	-12.7033	0.155814	0.227723	0.277227	0.339236	0.47222
271	-4.23074	-4.04313	-4.17721	-4.28165	-4.42556	0.298996	0.261479	0.235549	0.203976	0.410184
272	-4.94336	-4.70767	-4.87698	-5.00812	-5.18783	0.312167	0.263545	0.231155	0.193133	0.404853
273	-4.21339	-4.02137	-4.15852	-4.26549	-4.41309	0.3002	0.261725	0.235173	0.202903	0.409677
274	-5.23799	-5.08914	-5.19495	-5.27789	-5.39294	0.288551	0.259579	0.238917	0.212953	0.414503
275	-12.1769	-12.4784	-12.2104	-12.1097	-12.0517	0.189204	0.24736	0.273547	0.28989	0.45356
276	-5.5397	-5.37732	-5.49277	-5.58333	-5.70898	0.292183	0.260323	0.237786	0.209708	0.412972
277	-4.47285	-4.2661	-4.41403	-4.52917	-4.68772	0.304213	0.262382	0.233846	0.19956	0.408044
278	-12.2421	-13.1699	-12.4245	-12.06	-11.7193	0.0960853	0.202498	0.291535	0.409882	0.501645
279	-4.5577	-4.41696	-4.51696	-4.59536	-4.70412	0.286381	0.259129	0.23959	0.2149	0.41542
280	-12.0774	-12.6152	-12.2075	-12.0057	-11.8174	0.152356	0.229037	0.280268	0.338339	0.472808
281	-9.66617	-10.0572	-9.729	-9.58207	-9.46119	0.172072	0.238915	0.276728	0.312285	0.462479
282	-8.50656	-8.32689	-8.45545	-8.55577	-8.69417	0.296964	0.26114	0.236213	0.205683	0.411015
283	-4.76586	-4.63604	-4.72807	-4.80045	-4.90118	0.283481	0.258557	0.240504	0.217459	0.416635
284	-7.25346	-7.0464	-7.19475	-7.3105	-7.47	0.304441	0.262468	0.23378	0.199312	0.407936
285	-5.03716	-4.80333	-4.97165	-5.10154	-5.27891	0.311647	0.263367	0.231288	0.193697	0.405096
286	-13.5469	-14.5877	-13.7842	-13.3752	-12.9739	0.0860837	0.192248	0.289398	0.432271	0.508951
287	-6.81586	-6.57403	-6.74719	-6.88162	-7.06616	0.313721	0.26384	0.230653	0.191785	0.404207
288	-18.8391	-19.9272	-19.0914	-18.6579	-18.224	0.0809272	0.186674	0.287974	0.444425	0.512849
289	-5.03716	-4.80333	-4.97165	-5.10154	-5.27891	0.311647	0.263367	0.231288	0.193697	0.405096
290	-4.5577	-4.41696	-4.51696	-4.59536	-4.70412	0.286381	0.259129	0.23959	0.2149	0.41542
291	-3.95744	-3.79447	-3.91048	-4.0013	-4.12707	0.292339	0.260318	0.237719	0.209624	0.412919
292	-12.8295	-13.1459	-12.8696	-12.7636	-12.6996	0.187031	0.246557	0.274144	0.292268	0.454586
293	-11.3994	-11.8717	-11.5047	-11.3278	-11.1657	0.161501	0.233093	0.278225	0.327181	0.468225
294	-5.39631	-5.34413	-5.38078	-5.40989	-5.45082	0.263214	0.253744	0.246464	0.236578	0.425415
295	-10.3964	-10.8604	-10.4989	-10.3264	-10.1709	0.163025	0.234026	0.278084	0.324865	0.467359
296	-4.81921	-4.7334	-4.79384	-4.84174	-4.9089	0.271909	0.25596	0.24399	0.228142	0.421593
297	-12.8016	-13.1675	-12.8618	-12.7326	-12.6363	0.17846	0.242275	0.275698	0.303567	0.459071
298	-5.03716	-4.80333	-4.97165	-5.10154	-5.27891	0.311647	0.263367	0.231288	0.193697	0.405096
299	-4.11813	-3.9662	-4.07414	-4.15886	-4.27649	0.289378	0.25977	0.23867	0.212182	0.414147
300	-9.36285	-9.19439	-9.31444	-9.40833	-9.53823	0.293831	0.260593	0.237238	0.208338	0.412302
301	-9.46979	-9.27529	-9.41415	-9.52279	-9.67311	0.300944	0.261926	0.234961	0.202169	0.409347
302	-4.52675	-4.29589	-4.46146	-4.59002	-4.76661	0.310834	0.263405	0.231628	0.194132	0.405368
303	-15.3891	-16.3625	-15.6088	-15.2363	-14.8822	0.0943144	0.200405	0.290857	0.414424	0.503063
304	-19.9499	-20.9574	-20.1815	-19.7922	-19.4155	0.0904707	0.196566	0.290122	0.422841	0.50583
305	-5.39379	-5.24656	-5.35137	-5.43333	-5.54672	0.288116	0.259446	0.239031	0.213408	0.414702
306	-9.928	-10.3677	-10.0236	-9.86438	-9.72668	0.167694	0.236563	0.277395	0.318348	0.464835
307	-5.0964	-4.95236	-5.05476	-5.13499	-5.24622	0.287263	0.259304	0.239312	0.214121	0.41505
308	-4.81921	-4.7334	-4.79384	-4.84174	-4.9089	0.271909	0.25596	0.24399	0.228142	0.421593
309	-11.1315	-11.6599	-11.2449	-11.0308	-10.818	0.149006	0.225649	0.279529	0.345817	0.475246
310	-12.5051	-12.2836	-12.443	-12.5671	-12.7376	0.308554	0.263087	0.232401	0.195958	0.406279
311	-7.42702	-7.32317	-7.39741	-7.45552	-7.53597	0.276794	0.256988	0.242481	0.223737	0.419525
312	-10.231	-11.2379	-10.4993	-10.1408	-9.80879	0.0974311	0.20392	0.291869	0.406779	0.500642
313	-4.80885	-4.66917	-4.76833	-4.84618	-4.95434	0.286103	0.259093	0.239687	0.215117	0.41553
314	-5.73285	-5.58075	-5.68896	-5.77368	-5.89108	0.289419	0.259738	0.238638	0.212205	0.414144
315	-8.29912	-8.70204	-8.3707	-8.22112	-8.09633	0.171146	0.238378	0.27684	0.313635	0.462993
316	-15.903	-16.2788	-15.9835	-15.8611	-15.7723	0.181107	0.243329	0.275018	0.300546	0.457791
317	-4.80562	-4.54697	-4.73322	-4.87711	-5.07379	0.318535	0.264406	0.228971	0.188088	0.402322
318	-19.4207	-20.411	-19.6276	-19.2349	-18.857	0.0895991	0.196124	0.290459	0.423819	0.506259
319	-9.73224	-9.45634	-9.65512	-9.80912	-10.02	0.323459	0.265149	0.227306	0.184086	0.40034
320	-12.3272	-12.6406	-12.3641	-12.2569	-12.19	0.186724	0.246201	0.274054	0.293021	0.454826
321	-5.6005	-5.53879	-5.58214	-5.61658	-5.66502	0.265665	0.254393	0.245781	0.234161	0.424329
322	-4.30857	-4.12255	-4.25526	-4.35892	-4.50217	0.298566	0.261461	0.235716	0.204257	0.410341
323	-5.49886	-5.42675	-5.47756	-5.51776	-5.57409	0.26835	0.255057	0.245005	0.231588	0.423156
324	-22.9313	-24.6379	-23.3314	-22.6401	-21.9325	0.0369997	0.136648	0.272815	0.553537	0.547239
325	-5.42922	-5.18628	-5.36102	-5.49613	-5.68095	0.314168	0.263799	0.230462	0.191571	0.404063
326	-9.40331	-9.25706	-9.36125	-9.44293	-9.55623	0.287946	0.259456	0.239105	0.213493	0.414758
327	-4.82251	-4.67103	-4.77863	-4.86309	-4.98038	0.289254	0.259746	0.238709	0.212291	0.414199
328	-5.0964	-4.95236	-5.05476	-5.13499	-5.24622	0.287263	0.259304	0.239312	0.214121	0.41505
329	-3.97173	-3.79991	-3.92232	-4.01806	-4.15057	0.294723	0.260769	0.236958	0.20755	0.411928
330	-14.7218	-15.802	-14.9584	-14.5189	-14.0768	0.0797098	0.1853	0.287569	0.447421	0.513796
331	-9.0792	-9.62473	-9.19946	-8.97731	-8.75344	0.1464	0.223992	0.279712	0.349895	0.476753
332	-4.80555	-4.74783	-4.78839	-4.82059	-4.86586	0.264638	0.25412	0.246066	0.235175	0.424784
333	-7.14174	-6.94406	-7.08604	-7.19663	-7.34893	0.301977	0.262007	0.234577	0.201439	0.408957
