Sites	Ll	Ll_YN98.omega_1=0.221562	Ll_YN98.omega_1=0.36726	Ll_YN98.omega_1=0.485111	Ll_YN98.omega_1=0.651524	Ll_YN98.omega_1=1	Pr_YN98.omega_1=0.221562	Pr_YN98.omega_1=0.36726	Pr_YN98.omega_1=0.485111	Pr_YN98.omega_1=0.651524	Pr_YN98.omega_1=1	mean
182	-4.40324	-4.16541	-4.33531	-4.46868	-4.65122	-5.0133	0.312758	0.263892	0.23094	0.19241	0	0.403603
183	-4.8225	-4.66584	-4.77676	-4.86465	-4.9861	-5.23099	0.29064	0.260126	0.238239	0.210994	0	0.412969
184	-4.16037	-3.97543	-4.10686	-4.21056	-4.35325	-4.63896	0.29827	0.261536	0.235773	0.204421	0	0.409698
185	-4.7659	-4.63162	-4.72649	-4.80181	-4.90612	-5.11724	0.28466	0.258898	0.240113	0.216329	0	0.415578
186	-14.0329	-15.001	-14.2212	-13.846	-13.5042	-13.1378	0.092401	0.201524	0.293284	0.41279	0	0.505702
187	-9.25077	-9.74376	-9.35857	-9.17542	-9.01185	-8.84783	0.158371	0.23279	0.279579	0.32926	0	0.470731
188	-7.15734	-7.54016	-7.21429	-7.07715	-6.97571	-6.93177	0.174443	0.241644	0.277161	0.306752	0	0.461706
189	-13.3485	-13.1591	-13.2938	-13.4003	-13.5473	-13.8421	0.299588	0.261837	0.23537	0.203205	0	0.409113
190	-12.4157	-12.9975	-12.5513	-12.3202	-12.091	-11.797	0.14272	0.222992	0.280964	0.353324	0	0.480015
191	-6.64716	-6.44794	-6.59042	-6.70256	-6.85638	-7.16243	0.302378	0.262226	0.234409	0.200987	0	0.407963
192	-9.93545	-10.3653	-10.011	-9.8526	-9.72344	-9.62924	0.166813	0.237724	0.278531	0.316932	0	0.465873
193	-5.73293	-5.5756	-5.68716	-5.77535	-5.89691	-6.14112	0.290819	0.260119	0.238162	0.2109	0	0.412907
194	-3.95731	-3.78878	-3.90836	-4.00286	-4.13306	-4.39433	0.293831	0.260714	0.237206	0.208248	0	0.411602
195	-8.31006	-8.78412	-8.39994	-8.21786	-8.05614	-7.89704	0.158705	0.233046	0.279588	0.328661	0	0.470513
196	-8.12919	-8.58088	-8.21133	-8.04056	-7.89408	-7.76423	0.162575	0.235261	0.279069	0.323095	0	0.468306
197	-7.55264	-7.92357	-7.60623	-7.47572	-7.38323	-7.35662	0.176835	0.242877	0.276736	0.303552	0	0.460398
198	-8.94857	-9.40075	-9.04492	-8.88447	-8.75144	-8.64601	0.166186	0.237207	0.278491	0.318116	0	0.466296
199	-5.14373	-4.90813	-5.07696	-5.20875	-5.38816	-5.74146	0.312132	0.263643	0.23109	0.193135	0	0.403918
200	-4.80888	-4.66441	-4.76663	-4.84765	-4.95964	-5.18567	0.287376	0.259452	0.239261	0.213911	0	0.414394
201	-10.8498	-11.3373	-10.9576	-10.779	-10.622	-10.4716	0.159896	0.233727	0.279427	0.326949	0	0.469834
202	-3.97162	-3.79392	-3.92011	-4.01975	-4.15694	-4.43195	0.296308	0.26118	0.23641	0.206103	0	0.410537
203	-10.2985	-10.8075	-10.4114	-10.2197	-10.044	-9.85535	0.155484	0.231031	0.279877	0.333608	0	0.472422
204	-4.26878	-4.08527	-4.21588	-4.31866	-4.45971	-4.74088	0.297877	0.261407	0.235873	0.204843	0	0.409887
205	-4.47272	-4.25887	-4.41141	-4.53124	-4.69538	-5.02174	0.306149	0.262836	0.233155	0.197861	0	0.406377
206	-4.30842	-4.11605	-4.25286	-4.36073	-4.50903	-4.80553	0.300289	0.261892	0.235112	0.202707	0	0.408839
207	-11.4323	-11.1901	-11.3633	-11.4994	-11.6856	-12.0549	0.314062	0.2641	0.230502	0.191336	0	0.403056
208	-6.90127	-6.64524	-6.82833	-6.97138	-7.16621	-7.54961	0.317628	0.264487	0.229232	0.188653	0	0.401625
209	-20.0186	-21.6478	-20.3633	-19.7109	-19.0765	-18.2889	0.0405964	0.146665	0.281626	0.531113	0	0.545511
210	-8.23003	-8.69489	-8.31379	-8.1341	-7.97563	-7.82277	0.159519	0.233519	0.279484	0.327478	0	0.470046
211	-5.04588	-4.9017	-5.00375	-5.08459	-5.19629	-5.4215	0.2873	0.259428	0.23928	0.213993	0	0.414431
212	-8.02683	-7.77136	-7.9541	-8.09722	-8.2923	-8.67509	0.317575	0.264537	0.22926	0.188628	0	0.401629
213	-3.95731	-3.78878	-3.90836	-4.00286	-4.13306	-4.39433	0.293831	0.260714	0.237206	0.208248	0	0.411602
214	-9.05183	-8.84693	-8.99317	-9.10819	-9.26586	-9.57926	0.303786	0.262458	0.233941	0.199816	0	0.407369
215	-3.80688	-3.60996	-3.75012	-3.86052	-4.01213	-4.31465	0.301528	0.262092	0.234697	0.201682	0	0.408318
216	-5.27502	-5.01745	-5.20191	-5.34627	-5.54324	-5.93239	0.318226	0.264622	0.229052	0.188101	0	0.401359
217	-9.76027	-10.1527	-9.84134	-9.7155	-9.62925	-9.61419	0.178528	0.243733	0.276419	0.30132	0	0.459479
218	-7.08083	-6.96127	-7.0466	-7.11393	-7.20655	-7.39178	0.280969	0.257988	0.241189	0.219854	0	0.417244
219	-4.81925	-4.73051	-4.79279	-4.84262	-4.91218	-5.05485	0.27267	0.256206	0.243751	0.227373	0	0.420893
220	-15.5415	-15.9663	-15.6315	-15.488	-15.3785	-15.3208	0.172088	0.240511	0.277638	0.309763	0	0.462961
221	-4.21322	-4.01463	-4.15604	-4.26735	-4.42014	-4.72477	0.301981	0.262162	0.234544	0.201313	0	0.408129
222	-4.21322	-4.01463	-4.15604	-4.26735	-4.42014	-4.72477	0.301981	0.262162	0.234544	0.201313	0	0.408129
223	-4.52655	-4.28778	-4.45852	-4.59231	-4.77512	-5.13702	0.313012	0.263882	0.230836	0.19227	0	0.403514
224	-11.983	-11.8473	-11.944	-12.0205	-12.126	-12.3379	0.285258	0.258973	0.239898	0.215871	0	0.415335
225	-4.95876	-4.81504	-4.91668	-4.9973	-5.10882	-5.33413	0.287177	0.259422	0.239328	0.214072	0	0.414477
226	-9.76812	-9.50953	-9.69508	-9.84013	-10.0378	-10.4267	0.318594	0.26464	0.228907	0.187859	0	0.40122
227	-4.11798	-3.9609	-4.07213	-4.16027	-4.28206	-4.52754	0.290759	0.26015	0.238201	0.21089	0	0.412917
228	-3.80688	-3.60996	-3.75012	-3.86052	-4.01213	-4.31465	0.301528	0.262092	0.234697	0.201682	0	0.408318
229	-4.21322	-4.01463	-4.15604	-4.26735	-4.42014	-4.72477	0.301981	0.262162	0.234544	0.201313	0	0.408129
230	-4.26878	-4.08527	-4.21588	-4.31866	-4.45971	-4.74088	0.297877	0.261407	0.235873	0.204843	0	0.409887
231	-9.91659	-9.72149	-9.86082	-9.9708	-10.1221	-10.4247	0.301279	0.262095	0.234798	0.201828	0	0.408408
232	-4.21322	-4.01463	-4.15604	-4.26735	-4.42014	-4.72477	0.301981	0.262162	0.234544	0.201313	0	0.408129
233	-4.89573	-4.65502	-4.82722	-4.96208	-5.14624	-5.51056	0.31355	0.263949	0.230648	0.191853	0	0.403295
234	-5.19761	-5.03938	-5.15144	-5.24021	-5.36282	-5.60989	0.291062	0.260205	0.238104	0.210629	0	0.412788
235	-14.0097	-13.7734	-13.9424	-14.0758	-14.2594	-14.6264	0.312637	0.264029	0.231045	0.192289	0	0.403599
236	-6.98239	-6.86918	-6.94976	-7.01355	-7.1016	-7.27877	0.279271	0.25765	0.241727	0.221353	0	0.417981
237	-4.77197	-4.53551	-4.70492	-4.83722	-5.0174	-5.37241	0.312369	0.263692	0.231015	0.192925	0	0.403815
238	-10.4209	-10.8621	-10.5166	-10.3642	-10.242	-10.1574	0.169002	0.238746	0.278056	0.314196	0	0.46472
239	-5.14411	-5.06124	-5.11938	-5.16591	-5.2309	-5.36434	0.271142	0.255829	0.244197	0.228832	0	0.421583
240	-5.42906	-5.17774	-5.35801	-5.49863	-5.68995	-6.06635	0.316482	0.264279	0.22961	0.189628	0	0.402113
241	-7.68143	-7.48571	-7.62853	-7.73647	-7.87805	-8.13799	0.30115	0.261072	0.234359	0.20342	0	0.408827
242	-4.81925	-4.73051	-4.79279	-4.84262	-4.91218	-5.05485	0.27267	0.256206	0.243751	0.227373	0	0.420893
243	-4.21322	-4.01463	-4.15604	-4.26735	-4.42014	-4.72477	0.301981	0.262162	0.234544	0.201313	0	0.408129
244	-12.3635	-12.2598	-12.3337	-12.3923	-12.4731	-12.6356	0.276814	0.257081	0.242462	0.223643	0	0.419077
245	-5.04588	-4.9017	-5.00375	-5.08459	-5.19629	-5.4215	0.2873	0.259428	0.23928	0.213993	0	0.414431
246	-10.8127	-11.2055	-10.8944	-10.7678	-10.6792	-10.6561	0.178356	0.243446	0.276309	0.301889	0	0.459653
247	-10.4623	-10.2318	-10.397	-10.5272	-10.7058	-11.061	0.311104	0.263712	0.231526	0.193658	0	0.404268
248	-4.8225	-4.66584	-4.77676	-4.86465	-4.9861	-5.23099	0.29064	0.260126	0.238239	0.210994	0	0.412969
249	-6.98239	-6.86918	-6.94976	-7.01355	-7.1016	-7.27877	0.279271	0.25765	0.241727	0.221353	0	0.417981
250	-4.77197	-4.53551	-4.70492	-4.83722	-5.0174	-5.37241	0.312369	0.263692	0.231015	0.192925	0	0.403815
251	-15.8884	-16.3409	-15.9857	-15.8265	-15.6961	-15.5992	0.166539	0.23756	0.278561	0.31734	0	0.466032
252	-3.80688	-3.60996	-3.75012	-3.86052	-4.01213	-4.31465	0.301528	0.262092	0.234697	0.201682	0	0.408318
253	-7.15734	-7.54016	-7.21429	-7.07715	-6.97571	-6.93177	0.174443	0.241644	0.277161	0.306752	0	0.461706
254	-4.30842	-4.11605	-4.25286	-4.36073	-4.50903	-4.80553	0.300289	0.261892	0.235112	0.202707	0	0.408839
255	-9.20642	-9.03881	-9.15779	-9.25186	-9.38152	-9.64178	0.293619	0.260681	0.237277	0.208423	0	0.411691
256	-6.65948	-6.46719	-6.60486	-6.71299	-6.86103	-7.1548	0.300487	0.261841	0.235005	0.202668	0	0.408786
257	-5.20405	-5.13326	-5.18291	-5.22264	-5.27811	-5.39197	0.268008	0.255028	0.245095	0.231869	0	0.423008
258	-4.55775	-4.41218	-4.51527	-4.59686	-4.70949	-4.93626	0.287669	0.259489	0.239158	0.213684	0	0.414275
259	-12.0732	-12.4742	-12.1582	-12.0288	-11.9378	-11.9134	0.177234	0.243077	0.276656	0.303033	0	0.460183
260	-3.80688	-3.60996	-3.75012	-3.86052	-4.01213	-4.31465	0.301528	0.262092	0.234697	0.201682	0	0.408318
261	-3.80688	-3.60996	-3.75012	-3.86052	-4.01213	-4.31465	0.301528	0.262092	0.234697	0.201682	0	0.408318
262	-10.9289	-10.6982	-10.8636	-10.9939	-11.1726	-11.5281	0.311157	0.263719	0.231508	0.193616	0	0.404246
263	-7.15862	-7.51969	-7.20884	-7.08291	-6.99598	-6.97823	0.178553	0.243651	0.276349	0.301447	0	0.459504
264	-4.55775	-4.41218	-4.51527	-4.59686	-4.70949	-4.93626	0.287669	0.259489	0.239158	0.213684	0	0.414275
265	-4.9432	-4.69939	-4.87404	-5.01053	-5.19656	-5.56355	0.314404	0.264022	0.230337	0.191237	0	0.402959
266	-8.94817	-9.3905	-9.04171	-8.88685	-8.7615	-8.67139	0.168129	0.238296	0.278211	0.315363	0	0.465198
267	-13.8525	-15.0083	-14.1084	-13.6401	-13.1727	-12.5645	0.0732243	0.180078	0.287653	0.459045	0	0.520981
268	-3.80688	-3.60996	-3.75012	-3.86052	-4.01213	-4.31465	0.301528	0.262092	0.234697	0.201682	0	0.408318
269	-4.55775	-4.41218	-4.51527	-4.59686	-4.70949	-4.93626	0.287669	0.259489	0.239158	0.213684	0	0.414275
270	-12.9806	-13.5067	-13.1075	-12.9025	-12.6953	-12.4086	0.152168	0.226827	0.278444	0.342561	0	0.475282
271	-4.23062	-4.03657	-4.17482	-4.28352	-4.43251	-4.729	0.300742	0.261909	0.234934	0.202414	0	0.408669
272	-4.9432	-4.69939	-4.87404	-5.01053	-5.19656	-5.56355	0.314404	0.264022	0.230337	0.191237	0	0.402959
273	-4.21322	-4.01463	-4.15604	-4.26735	-4.42014	-4.72477	0.301981	0.262162	0.234544	0.201313	0	0.408129
274	-5.23804	-5.08407	-5.19316	-5.27949	-5.39862	-5.63838	0.289917	0.259955	0.238455	0.211673	0	0.413293
275	-12.1787	-12.4982	-12.2133	-12.1082	-12.0501	-12.0902	0.186157	0.247509	0.274948	0.291386	0	0.455371
276	-5.53968	-5.37173	-5.49075	-5.58499	-5.7151	-5.97708	0.293676	0.260722	0.237275	0.208327	0	0.411655
277	-4.47272	-4.25887	-4.41141	-4.53124	-4.69538	-5.02174	0.306149	0.262836	0.233155	0.197861	0	0.406377
278	-12.2441	-13.22	-12.4345	-12.0546	-11.7061	-11.3258	0.0913626	0.200404	0.29303	0.415203	0	0.506509
279	-4.55775	-4.41218	-4.51527	-4.59686	-4.70949	-4.93626	0.287669	0.259489	0.239158	0.213684	0	0.414275
280	-12.0767	-12.6427	-12.2135	-12.003	-11.8105	-11.6107	0.148578	0.228225	0.281687	0.34151	0	0.475888
281	-9.66795	-10.0802	-9.73334	-9.58006	-9.45701	-9.37166	0.168675	0.238617	0.278143	0.314565	0	0.464883
282	-8.50622	-8.3205	-8.45299	-8.55734	-8.70055	-8.98547	0.298609	0.261557	0.235638	0.204197	0	0.409569
283	-4.7659	-4.63162	-4.72649	-4.80181	-4.90612	-5.11724	0.28466	0.258898	0.240113	0.216329	0	0.415578
284	-7.25309	-7.03907	-7.19194	-7.31234	-7.47737	-7.80429	0.306347	0.26292	0.233097	0.197636	0	0.406277
285	-5.03705	-4.79513	-4.96879	-5.10399	-5.28758	-5.64772	0.313873	0.263837	0.230473	0.191817	0	0.403217
286	-13.5467	-14.6407	-13.7954	-13.3691	-12.958	-12.4567	0.0814666	0.189703	0.290547	0.438283	0	0.51422
287	-6.81519	-6.56515	-6.74365	-6.8835	-7.07444	-7.45165	0.315977	0.264321	0.229825	0.189877	0	0.402283
288	-18.8394	-19.9824	-19.1038	-18.652	-18.2071	-17.643	0.0763819	0.183898	0.288924	0.450796	0	0.518326
289	-5.03705	-4.79513	-4.96879	-5.10399	-5.28758	-5.64772	0.313873	0.263837	0.230473	0.191817	0	0.403217
290	-4.55775	-4.41218	-4.51527	-4.59686	-4.70949	-4.93626	0.287669	0.259489	0.239158	0.213684	0	0.414275
291	-3.95731	-3.78878	-3.90836	-4.00286	-4.13306	-4.39433	0.293831	0.260714	0.237206	0.208248	0	0.411602
292	-12.8314	-13.1666	-12.8731	-12.7623	-12.698	-12.7312	0.183921	0.246658	0.275565	0.293856	0	0.456471
293	-11.3993	-11.8965	-11.5098	-11.3252	-11.1596	-10.9909	0.157927	0.232498	0.279607	0.329968	0	0.471
294	-5.39642	-5.34246	-5.38021	-5.41051	-5.45291	-5.54035	0.263672	0.253902	0.246326	0.236099	0	0.424988
295	-10.3964	-10.8851	-10.5039	-10.324	-10.1652	-10.0114	0.159467	0.233474	0.279478	0.32758	0	0.470082
296	-4.81925	-4.73051	-4.79279	-4.84262	-4.91218	-5.05485	0.27267	0.256206	0.243751	0.227373	0	0.420893
297	-12.8029	-13.1895	-12.8657	-12.7309	-12.6332	-12.599	0.175184	0.242154	0.277122	0.30554	0	0.461249
298	-5.03705	-4.79513	-4.96879	-5.10399	-5.28758	-5.64772	0.313873	0.263837	0.230473	0.191817	0	0.403217
299	-4.11798	-3.9609	-4.07213	-4.16027	-4.28206	-4.52754	0.290759	0.26015	0.238201	0.21089	0	0.412917
300	-9.36233	-9.18817	-9.31189	-9.40956	-9.544	-9.81313	0.295366	0.260995	0.236707	0.206932	0	0.410945
301	-9.46922	-9.26817	-9.41126	-9.52426	-9.6798	-9.99118	0.302725	0.262366	0.234333	0.200576	0	0.407786
302	-4.52655	-4.28778	-4.45852	-4.59231	-4.77512	-5.13702	0.313012	0.263882	0.230836	0.19227	0	0.403514
303	-15.389	-16.4131	-15.6193	-15.231	-14.8686	-14.4534	0.0896115	0.198216	0.292266	0.419907	0	0.508012
304	-19.9502	-21.0099	-20.193	-19.7872	-19.4014	-18.9397	0.0857955	0.194196	0.291401	0.428608	0	0.510939
305	-5.39393	-5.24162	-5.34971	-5.43501	-5.55243	-5.78773	0.289472	0.259816	0.238571	0.212141	0	0.413504
306	-9.92788	-10.3914	-10.0282	-9.86218	-9.72178	-9.60266	0.164228	0.236147	0.2788	0.320825	0	0.467388
307	-5.09648	-4.9475	-5.05307	-5.13658	-5.25176	-5.48335	0.288584	0.25967	0.238867	0.212879	0	0.413878
308	-4.81925	-4.73051	-4.79279	-4.84262	-4.91218	-5.05485	0.27267	0.256206	0.243751	0.227373	0	0.420893
309	-11.1323	-11.6873	-11.2509	-11.0278	-10.8096	-10.5382	0.145222	0.224663	0.280834	0.349281	0	0.478486
310	-12.5049	-12.2761	-12.4403	-12.5693	-12.7457	-13.0949	0.310594	0.263548	0.231662	0.194196	0	0.404511
311	-7.42655	-7.31921	-7.39571	-7.45616	-7.53942	-7.70634	0.277723	0.257267	0.242178	0.222831	0	0.41868
312	-10.2266	-11.2877	-10.5093	-10.1354	-9.79599	-9.43597	0.092697	0.201893	0.293415	0.411995	0	0.505448
313	-4.80888	-4.66441	-4.76663	-4.84765	-4.95964	-5.18567	0.287376	0.259452	0.239261	0.213911	0	0.414394
314	-5.73293	-5.5756	-5.68716	-5.77535	-5.89691	-6.14112	0.290819	0.260119	0.238162	0.2109	0	0.412907
315	-8.30034	-8.72513	-8.37507	-8.21907	-8.09202	-7.99816	0.167747	0.238059	0.27825	0.315944	0	0.465423
316	-15.9027	-16.3003	-15.9874	-15.8596	-15.7697	-15.7441	0.17789	0.243261	0.276424	0.302425	0	0.459887
317	-4.80538	-4.53783	-4.72995	-4.87971	-5.08329	-5.48312	0.321004	0.264896	0.228052	0.186047	0	0.400253
318	-19.4229	-20.4639	-19.6393	-19.2299	-18.843	-18.393	0.0849298	0.193736	0.291751	0.429583	0	0.511384
319	-9.73144	-9.44624	-9.65115	-9.81134	-10.0295	-10.4584	0.32606	0.265648	0.226327	0.181965	0	0.398152
320	-12.3291	-12.6609	-12.3672	-12.2553	-12.188	-12.2104	0.183623	0.246289	0.275461	0.294627	0	0.456721
321	-5.60057	-5.53676	-5.58142	-5.61726	-5.66742	-5.77086	0.266207	0.254578	0.245616	0.233599	0	0.423824
322	-4.30842	-4.11605	-4.25286	-4.36073	-4.50903	-4.80553	0.300289	0.261892	0.235112	0.202707	0	0.408839
323	-5.49901	-5.42442	-5.47678	-5.51863	-5.57697	-5.69641	0.268991	0.255269	0.244807	0.230933	0	0.422565
324	-22.9316	-24.7232	-23.3508	-22.6304	-21.9044	-20.9415	0.0335482	0.132335	0.271997	0.56212	0	0.554217
325	-5.42906	-5.17774	-5.35801	-5.49863	-5.68995	-6.06635	0.316482	0.264279	0.22961	0.189628	0	0.402113
326	-9.40281	-9.25163	-9.35898	-9.44395	-9.5612	-9.79706	0.289267	0.259822	0.238658	0.212253	0	0.413576
327	-4.8225	-4.66584	-4.77676	-4.86465	-4.9861	-5.23099	0.29064	0.260126	0.238239	0.210994	0	0.412969
328	-5.09648	-4.9475	-5.05307	-5.13658	-5.25176	-5.48335	0.288584	0.25967	0.238867	0.212879	0	0.413878
329	-3.97162	-3.79392	-3.92011	-4.01975	-4.15694	-4.43195	0.296308	0.26118	0.23641	0.206103	0	0.410537
330	-14.7232	-15.8573	-14.9706	-14.5126	-14.0594	-13.4789	0.0751839	0.182469	0.288467	0.45388	0	0.519323
331	-9.0795	-9.65218	-9.20529	-8.9738	-8.74427	-8.45017	0.142588	0.222928	0.280993	0.353492	0	0.480085
332	-4.8056	-4.74591	-4.78769	-4.82121	-4.8681	-4.96471	0.265145	0.254294	0.245913	0.234648	0	0.424312
333	-7.14111	-6.93679	-7.08312	-7.19815	-7.35573	-7.66858	0.303802	0.262446	0.233929	0.199823	0	0.407368
