Sites	Ll	Ll_YN98.omega_1=0.431369	Ll_YN98.omega_1=1	Ll_YN98.omega_1=1.002	Pr_YN98.omega_1=0.431369	Pr_YN98.omega_1=1	Pr_YN98.omega_1=1.002	mean
182	-4.40734	-4.40734	-5.00857	-5.01056	1	0	0	0.431369
183	-4.82259	-4.82259	-5.22613	-5.22749	1	0	0	0.431369
184	-4.1622	-4.1622	-4.63438	-4.63596	1	0	0	0.431369
185	-4.76546	-4.76546	-5.11269	-5.11386	1	0	0	0.431369
186	-13.999	-13.999	-13.1424	-13.1411	1	0	0	0.431369
187	-9.2541	-9.2541	-8.85268	-8.85215	1	0	0	0.431369
188	-7.13545	-7.13545	-6.93638	-6.93651	1	0	0	0.431369
189	-13.3561	-13.3561	-13.8493	-13.851	1	0	0	0.431369
190	-12.4212	-12.4212	-11.8022	-11.8009	1	0	0	0.431369
191	-6.6563	-6.6563	-7.16729	-7.16899	1	0	0	0.431369
192	-9.91881	-9.91881	-9.63612	-9.636	1	0	0	0.431369
193	-5.73179	-5.73179	-6.13406	-6.13541	1	0	0	0.431369
194	-3.95929	-3.95929	-4.39164	-4.39308	1	0	0	0.431369
195	-8.296	-8.296	-7.90194	-7.90145	1	0	0	0.431369
196	-8.11375	-8.11375	-7.76879	-7.76846	1	0	0	0.431369
197	-7.53091	-7.53091	-7.36122	-7.36144	1	0	0	0.431369
198	-8.95269	-8.95269	-8.65133	-8.65113	1	0	0	0.431369
199	-5.14567	-5.14567	-5.73262	-5.73454	1	0	0	0.431369
200	-4.80849	-4.80849	-5.18081	-5.18207	1	0	0	0.431369
201	-10.8512	-10.8512	-10.4734	-10.473	1	0	0	0.431369
202	-3.97332	-3.97332	-4.4277	-4.42923	1	0	0	0.431369
203	-10.3026	-10.3026	-9.85999	-9.85933	1	0	0	0.431369
204	-4.27023	-4.27023	-4.73537	-4.73692	1	0	0	0.431369
205	-4.47473	-4.47473	-5.01524	-5.01703	1	0	0	0.431369
206	-4.31061	-4.31061	-4.80114	-4.80278	1	0	0	0.431369
207	-11.4388	-11.4388	-12.0559	-12.0579	1	0	0	0.431369
208	-6.9116	-6.9116	-7.55289	-7.55499	1	0	0	0.431369
209	-19.9728	-19.9728	-18.2883	-18.2851	1	0	0	0.431369
210	-8.21069	-8.21069	-7.82775	-7.8273	1	0	0	0.431369
211	-5.04502	-5.04502	-5.41572	-5.41697	1	0	0	0.431369
212	-8.03382	-8.03382	-8.67607	-8.67816	1	0	0	0.431369
213	-3.95929	-3.95929	-4.39164	-4.39308	1	0	0	0.431369
214	-9.06124	-9.06124	-9.58433	-9.58606	1	0	0	0.431369
215	-3.80939	-3.80939	-4.31059	-4.31226	1	0	0	0.431369
216	-5.27849	-5.27849	-5.92458	-5.92671	1	0	0	0.431369
217	-9.76815	-9.76815	-9.61935	-9.61963	1	0	0	0.431369
218	-7.08848	-7.08848	-7.39684	-7.39787	1	0	0	0.431369
219	-4.81873	-4.81873	-5.05263	-5.05344	1	0	0	0.431369
220	-15.5422	-15.5422	-15.3232	-15.3233	1	0	0	0.431369
221	-4.21578	-4.21578	-4.72065	-4.72233	1	0	0	0.431369
222	-4.21578	-4.21578	-4.72065	-4.72233	1	0	0	0.431369
223	-4.52952	-4.52952	-5.13017	-5.13216	1	0	0	0.431369
224	-11.9861	-11.9861	-12.3405	-12.3417	1	0	0	0.431369
225	-4.95842	-4.95842	-5.32915	-5.3304	1	0	0	0.431369
226	-9.77895	-9.77895	-10.4309	-10.4331	1	0	0	0.431369
227	-4.12015	-4.12015	-4.52603	-4.5274	1	0	0	0.431369
228	-3.80939	-3.80939	-4.31059	-4.31226	1	0	0	0.431369
229	-4.21578	-4.21578	-4.72065	-4.72233	1	0	0	0.431369
230	-4.27023	-4.27023	-4.73537	-4.73692	1	0	0	0.431369
231	-9.92534	-9.92534	-10.4299	-10.4316	1	0	0	0.431369
232	-4.21578	-4.21578	-4.72065	-4.72233	1	0	0	0.431369
233	-4.89873	-4.89873	-5.50354	-5.50553	1	0	0	0.431369
234	-5.19762	-5.19762	-5.60483	-5.6062	1	0	0	0.431369
235	-14.017	-14.017	-14.6325	-14.6346	1	0	0	0.431369
236	-6.98948	-6.98948	-7.28393	-7.28492	1	0	0	0.431369
237	-4.77402	-4.77402	-5.3637	-5.36563	1	0	0	0.431369
238	-10.4289	-10.4289	-10.1627	-10.1626	1	0	0	0.431369
239	-5.14366	-5.14366	-5.36235	-5.3631	1	0	0	0.431369
240	-5.43144	-5.43144	-6.0568	-6.05885	1	0	0	0.431369
241	-7.68909	-7.68909	-8.13977	-8.14113	1	0	0	0.431369
242	-4.81873	-4.81873	-5.05263	-5.05344	1	0	0	0.431369
243	-4.21578	-4.21578	-4.72065	-4.72233	1	0	0	0.431369
244	-12.3651	-12.3651	-12.6369	-12.6378	1	0	0	0.431369
245	-5.04502	-5.04502	-5.41572	-5.41697	1	0	0	0.431369
246	-10.8178	-10.8178	-10.6563	-10.6565	1	0	0	0.431369
247	-10.4719	-10.4719	-11.0684	-11.0704	1	0	0	0.431369
248	-4.82259	-4.82259	-5.22613	-5.22749	1	0	0	0.431369
249	-6.98948	-6.98948	-7.28393	-7.28492	1	0	0	0.431369
250	-4.77402	-4.77402	-5.3637	-5.36563	1	0	0	0.431369
251	-15.8894	-15.8894	-15.6024	-15.6022	1	0	0	0.431369
252	-3.80939	-3.80939	-4.31059	-4.31226	1	0	0	0.431369
253	-7.13545	-7.13545	-6.93638	-6.93651	1	0	0	0.431369
254	-4.31061	-4.31061	-4.80114	-4.80278	1	0	0	0.431369
255	-9.21402	-9.21402	-9.64672	-9.64817	1	0	0	0.431369
256	-6.66886	-6.66886	-7.15905	-7.16067	1	0	0	0.431369
257	-5.20261	-5.20261	-5.38884	-5.38948	1	0	0	0.431369
258	-4.55702	-4.55702	-4.93052	-4.93178	1	0	0	0.431369
259	-12.0794	-12.0794	-11.9149	-11.9151	1	0	0	0.431369
260	-3.80939	-3.80939	-4.31059	-4.31226	1	0	0	0.431369
261	-3.80939	-3.80939	-4.31059	-4.31226	1	0	0	0.431369
262	-10.9384	-10.9384	-11.5355	-11.5374	1	0	0	0.431369
263	-7.13634	-7.13634	-6.9819	-6.98216	1	0	0	0.431369
264	-4.55702	-4.55702	-4.93052	-4.93178	1	0	0	0.431369
265	-4.94562	-4.94562	-5.55484	-5.55684	1	0	0	0.431369
266	-8.95292	-8.95292	-8.67669	-8.67657	1	0	0	0.431369
267	-13.8344	-13.8344	-12.567	-12.5644	1	0	0	0.431369
268	-3.80939	-3.80939	-4.31059	-4.31226	1	0	0	0.431369
269	-4.55702	-4.55702	-4.93052	-4.93178	1	0	0	0.431369
270	-12.9857	-12.9857	-12.4097	-12.4084	1	0	0	0.431369
271	-4.23246	-4.23246	-4.72346	-4.72509	1	0	0	0.431369
272	-4.94562	-4.94562	-5.55484	-5.55684	1	0	0	0.431369
273	-4.21578	-4.21578	-4.72065	-4.72233	1	0	0	0.431369
274	-5.2373	-5.2373	-5.63213	-5.63346	1	0	0	0.431369
275	-12.1521	-12.1521	-12.0988	-12.0994	1	0	0	0.431369
276	-5.54007	-5.54007	-5.97192	-5.97337	1	0	0	0.431369
277	-4.47473	-4.47473	-5.01524	-5.01703	1	0	0	0.431369
278	-12.2147	-12.2147	-11.3345	-11.3331	1	0	0	0.431369
279	-4.55702	-4.55702	-4.93052	-4.93178	1	0	0	0.431369
280	-12.0862	-12.0862	-11.6119	-11.6112	1	0	0	0.431369
281	-9.6418	-9.6418	-9.37582	-9.37574	1	0	0	0.431369
282	-8.51136	-8.51136	-8.98674	-8.98832	1	0	0	0.431369
283	-4.76546	-4.76546	-5.11269	-5.11386	1	0	0	0.431369
284	-7.25879	-7.25879	-7.80589	-7.80769	1	0	0	0.431369
285	-5.0388	-5.0388	-5.63787	-5.63983	1	0	0	0.431369
286	-13.5491	-13.5491	-12.4642	-12.4622	1	0	0	0.431369
287	-6.82518	-6.82518	-7.45555	-7.45762	1	0	0	0.431369
288	-18.835	-18.835	-17.6422	-17.6398	1	0	0	0.431369
289	-5.0388	-5.0388	-5.63787	-5.63983	1	0	0	0.431369
290	-4.55702	-4.55702	-4.93052	-4.93178	1	0	0	0.431369
291	-3.95929	-3.95929	-4.39164	-4.39308	1	0	0	0.431369
292	-12.8037	-12.8037	-12.7377	-12.7383	1	0	0	0.431369
293	-11.4014	-11.4014	-10.9922	-10.9916	1	0	0	0.431369
294	-5.39477	-5.39477	-5.53758	-5.53807	1	0	0	0.431369
295	-10.3968	-10.3968	-10.0132	-10.0127	1	0	0	0.431369
296	-4.81873	-4.81873	-5.05263	-5.05344	1	0	0	0.431369
297	-12.7839	-12.7839	-12.6036	-12.6038	1	0	0	0.431369
298	-5.0388	-5.0388	-5.63787	-5.63983	1	0	0	0.431369
299	-4.12015	-4.12015	-4.52603	-4.5274	1	0	0	0.431369
300	-9.37006	-9.37006	-9.81756	-9.81905	1	0	0	0.431369
301	-9.47778	-9.47778	-9.99649	-9.99822	1	0	0	0.431369
302	-4.52952	-4.52952	-5.13017	-5.13216	1	0	0	0.431369
303	-15.3916	-15.3916	-14.4581	-14.4565	1	0	0	0.431369
304	-19.9463	-19.9463	-18.9382	-18.9364	1	0	0	0.431369
305	-5.39184	-5.39184	-5.77963	-5.78093	1	0	0	0.431369
306	-9.92975	-9.92975	-9.60428	-9.604	1	0	0	0.431369
307	-5.09522	-5.09522	-5.47666	-5.47795	1	0	0	0.431369
308	-4.81873	-4.81873	-5.05263	-5.05344	1	0	0	0.431369
309	-11.1197	-11.1197	-10.5398	-10.5387	1	0	0	0.431369
310	-12.5079	-12.5079	-13.0952	-13.0971	1	0	0	0.431369
311	-7.4335	-7.4335	-7.71122	-7.71215	1	0	0	0.431369
312	-10.2931	-10.2931	-9.44501	-9.44376	1	0	0	0.431369
313	-4.80849	-4.80849	-5.18081	-5.18207	1	0	0	0.431369
314	-5.73179	-5.73179	-6.13406	-6.13541	1	0	0	0.431369
315	-8.28221	-8.28221	-7.99947	-7.99933	1	0	0	0.431369
316	-15.9082	-15.9082	-15.7474	-15.7476	1	0	0	0.431369
317	-4.80899	-4.80899	-5.4743	-5.47647	1	0	0	0.431369
318	-19.3903	-19.3903	-18.3922	-18.3905	1	0	0	0.431369
319	-9.74347	-9.74347	-10.4625	-10.4649	1	0	0	0.431369
320	-12.3017	-12.3017	-12.2185	-12.219	1	0	0	0.431369
321	-5.59949	-5.59949	-5.76871	-5.7693	1	0	0	0.431369
322	-4.31061	-4.31061	-4.80114	-4.80278	1	0	0	0.431369
323	-5.49685	-5.49685	-5.69222	-5.69289	1	0	0	0.431369
324	-22.9268	-22.9268	-20.9431	-20.939	1	0	0	0.431369
325	-5.43144	-5.43144	-6.0568	-6.05885	1	0	0	0.431369
326	-9.4103	-9.4103	-9.80218	-9.80349	1	0	0	0.431369
327	-4.82259	-4.82259	-5.22613	-5.22749	1	0	0	0.431369
328	-5.09522	-5.09522	-5.47666	-5.47795	1	0	0	0.431369
329	-3.97332	-3.97332	-4.4277	-4.42923	1	0	0	0.431369
330	-14.7022	-14.7022	-13.4816	-13.4791	1	0	0	0.431369
331	-9.07487	-9.07487	-8.45525	-8.45402	1	0	0	0.431369
332	-4.80486	-4.80486	-4.96283	-4.96338	1	0	0	0.431369
333	-7.15051	-7.15051	-7.67315	-7.67488	1	0	0	0.431369
