Sites	Ll	Ll_YN98.omega_1=0.431389	Ll_YN98.omega_1=1	Pr_YN98.omega_1=0.431389	Pr_YN98.omega_1=1	mean
182	-4.40735	-4.40735	-5.00853	1	0	0.431389
183	-4.82258	-4.82258	-5.22609	1	0	0.431389
184	-4.1622	-4.1622	-4.63434	1	0	0.431389
185	-4.76544	-4.76544	-5.11265	1	0	0.431389
186	-13.999	-13.999	-13.1424	1	0	0.431389
187	-9.2541	-9.2541	-8.8527	1	0	0.431389
188	-7.13546	-7.13546	-6.9364	1	0	0.431389
189	-13.3562	-13.3562	-13.8494	1	0	0.431389
190	-12.4212	-12.4212	-11.8022	1	0	0.431389
191	-6.65635	-6.65635	-7.16731	1	0	0.431389
192	-9.91885	-9.91885	-9.63618	1	0	0.431389
193	-5.73177	-5.73177	-6.134	1	0	0.431389
194	-3.95929	-3.95929	-4.39161	1	0	0.431389
195	-8.296	-8.296	-7.90196	1	0	0.431389
196	-8.11375	-8.11375	-7.76881	1	0	0.431389
197	-7.53092	-7.53092	-7.36124	1	0	0.431389
198	-8.9527	-8.9527	-8.65136	1	0	0.431389
199	-5.14566	-5.14566	-5.73255	1	0	0.431389
200	-4.80848	-4.80848	-5.18077	1	0	0.431389
201	-10.8511	-10.8511	-10.4734	1	0	0.431389
202	-3.97332	-3.97332	-4.42767	1	0	0.431389
203	-10.3026	-10.3026	-9.86001	1	0	0.431389
204	-4.27023	-4.27023	-4.73532	1	0	0.431389
205	-4.47472	-4.47472	-5.01518	1	0	0.431389
206	-4.31061	-4.31061	-4.8011	1	0	0.431389
207	-11.4388	-11.4388	-12.0558	1	0	0.431389
208	-6.91165	-6.91165	-7.5529	1	0	0.431389
209	-19.9727	-19.9727	-18.2883	1	0	0.431389
210	-8.21069	-8.21069	-7.82779	1	0	0.431389
211	-5.045	-5.045	-5.41567	1	0	0.431389
212	-8.03384	-8.03384	-8.67605	1	0	0.431389
213	-3.95929	-3.95929	-4.39161	1	0	0.431389
214	-9.0613	-9.0613	-9.58436	1	0	0.431389
215	-3.80939	-3.80939	-4.31056	1	0	0.431389
216	-5.27849	-5.27849	-5.92452	1	0	0.431389
217	-9.76816	-9.76816	-9.61937	1	0	0.431389
218	-7.08853	-7.08853	-7.39686	1	0	0.431389
219	-4.81872	-4.81872	-5.05261	1	0	0.431389
220	-15.5422	-15.5422	-15.3232	1	0	0.431389
221	-4.21578	-4.21578	-4.72061	1	0	0.431389
222	-4.21578	-4.21578	-4.72061	1	0	0.431389
223	-4.52952	-4.52952	-5.13012	1	0	0.431389
224	-11.9861	-11.9861	-12.3405	1	0	0.431389
225	-4.95841	-4.95841	-5.3291	1	0	0.431389
226	-9.779	-9.779	-10.431	1	0	0.431389
227	-4.12016	-4.12016	-4.52601	1	0	0.431389
228	-3.80939	-3.80939	-4.31056	1	0	0.431389
229	-4.21578	-4.21578	-4.72061	1	0	0.431389
230	-4.27023	-4.27023	-4.73532	1	0	0.431389
231	-9.92539	-9.92539	-10.43	1	0	0.431389
232	-4.21578	-4.21578	-4.72061	1	0	0.431389
233	-4.89873	-4.89873	-5.50348	1	0	0.431389
234	-5.19761	-5.19761	-5.60478	1	0	0.431389
235	-14.0171	-14.0171	-14.6326	1	0	0.431389
236	-6.98953	-6.98953	-7.28396	1	0	0.431389
237	-4.77401	-4.77401	-5.36363	1	0	0.431389
238	-10.4289	-10.4289	-10.1627	1	0	0.431389
239	-5.14365	-5.14365	-5.36232	1	0	0.431389
240	-5.43143	-5.43143	-6.05673	1	0	0.431389
241	-7.68911	-7.68911	-8.13976	1	0	0.431389
242	-4.81872	-4.81872	-5.05261	1	0	0.431389
243	-4.21578	-4.21578	-4.72061	1	0	0.431389
244	-12.3652	-12.3652	-12.6369	1	0	0.431389
245	-5.045	-5.045	-5.41567	1	0	0.431389
246	-10.8177	-10.8177	-10.6562	1	0	0.431389
247	-10.472	-10.472	-11.0685	1	0	0.431389
248	-4.82258	-4.82258	-5.22609	1	0	0.431389
249	-6.98953	-6.98953	-7.28396	1	0	0.431389
250	-4.77401	-4.77401	-5.36363	1	0	0.431389
251	-15.8894	-15.8894	-15.6024	1	0	0.431389
252	-3.80939	-3.80939	-4.31056	1	0	0.431389
253	-7.13546	-7.13546	-6.9364	1	0	0.431389
254	-4.31061	-4.31061	-4.8011	1	0	0.431389
255	-9.21407	-9.21407	-9.64674	1	0	0.431389
256	-6.66891	-6.66891	-7.15907	1	0	0.431389
257	-5.20259	-5.20259	-5.3888	1	0	0.431389
258	-4.557	-4.557	-4.93047	1	0	0.431389
259	-12.0794	-12.0794	-11.9149	1	0	0.431389
260	-3.80939	-3.80939	-4.31056	1	0	0.431389
261	-3.80939	-3.80939	-4.31056	1	0	0.431389
262	-10.9385	-10.9385	-11.5355	1	0	0.431389
263	-7.13635	-7.13635	-6.98191	1	0	0.431389
264	-4.557	-4.557	-4.93047	1	0	0.431389
265	-4.94561	-4.94561	-5.55477	1	0	0.431389
266	-8.95293	-8.95293	-8.67672	1	0	0.431389
267	-13.8344	-13.8344	-12.567	1	0	0.431389
268	-3.80939	-3.80939	-4.31056	1	0	0.431389
269	-4.557	-4.557	-4.93047	1	0	0.431389
270	-12.9856	-12.9856	-12.4097	1	0	0.431389
271	-4.23246	-4.23246	-4.72341	1	0	0.431389
272	-4.94561	-4.94561	-5.55477	1	0	0.431389
273	-4.21578	-4.21578	-4.72061	1	0	0.431389
274	-5.23728	-5.23728	-5.63208	1	0	0.431389
275	-12.1521	-12.1521	-12.0989	1	0	0.431389
276	-5.54006	-5.54006	-5.97187	1	0	0.431389
277	-4.47472	-4.47472	-5.01518	1	0	0.431389
278	-12.2147	-12.2147	-11.3345	1	0	0.431389
279	-4.557	-4.557	-4.93047	1	0	0.431389
280	-12.0861	-12.0861	-11.6119	1	0	0.431389
281	-9.6418	-9.6418	-9.37585	1	0	0.431389
282	-8.51137	-8.51137	-8.98673	1	0	0.431389
283	-4.76544	-4.76544	-5.11265	1	0	0.431389
284	-7.25881	-7.25881	-7.80588	1	0	0.431389
285	-5.03878	-5.03878	-5.6378	1	0	0.431389
286	-13.5491	-13.5491	-12.4643	1	0	0.431389
287	-6.82523	-6.82523	-7.45556	1	0	0.431389
288	-18.8349	-18.8349	-17.6421	1	0	0.431389
289	-5.03878	-5.03878	-5.6378	1	0	0.431389
290	-4.557	-4.557	-4.93047	1	0	0.431389
291	-3.95929	-3.95929	-4.39161	1	0	0.431389
292	-12.8037	-12.8037	-12.7378	1	0	0.431389
293	-11.4014	-11.4014	-10.9921	1	0	0.431389
294	-5.39476	-5.39476	-5.53755	1	0	0.431389
295	-10.3968	-10.3968	-10.0132	1	0	0.431389
296	-4.81872	-4.81872	-5.05261	1	0	0.431389
297	-12.7839	-12.7839	-12.6036	1	0	0.431389
298	-5.03878	-5.03878	-5.6378	1	0	0.431389
299	-4.12016	-4.12016	-4.52601	1	0	0.431389
300	-9.37011	-9.37011	-9.81757	1	0	0.431389
301	-9.47783	-9.47783	-9.99652	1	0	0.431389
302	-4.52952	-4.52952	-5.13012	1	0	0.431389
303	-15.3915	-15.3915	-14.4581	1	0	0.431389
304	-19.9463	-19.9463	-18.9382	1	0	0.431389
305	-5.39181	-5.39181	-5.77956	1	0	0.431389
306	-9.92972	-9.92972	-9.60427	1	0	0.431389
307	-5.0952	-5.0952	-5.47661	1	0	0.431389
308	-4.81872	-4.81872	-5.05261	1	0	0.431389
309	-11.1197	-11.1197	-10.5398	1	0	0.431389
310	-12.5079	-12.5079	-13.0951	1	0	0.431389
311	-7.43354	-7.43354	-7.71125	1	0	0.431389
312	-10.2931	-10.2931	-9.44506	1	0	0.431389
313	-4.80848	-4.80848	-5.18077	1	0	0.431389
314	-5.73177	-5.73177	-6.134	1	0	0.431389
315	-8.28218	-8.28218	-7.99946	1	0	0.431389
316	-15.9082	-15.9082	-15.7474	1	0	0.431389
317	-4.80898	-4.80898	-5.47423	1	0	0.431389
318	-19.3902	-19.3902	-18.3922	1	0	0.431389
319	-9.74353	-9.74353	-10.4625	1	0	0.431389
320	-12.3018	-12.3018	-12.2185	1	0	0.431389
321	-5.59948	-5.59948	-5.76869	1	0	0.431389
322	-4.31061	-4.31061	-4.8011	1	0	0.431389
323	-5.49683	-5.49683	-5.69218	1	0	0.431389
324	-22.9267	-22.9267	-20.9432	1	0	0.431389
325	-5.43143	-5.43143	-6.05673	1	0	0.431389
326	-9.41034	-9.41034	-9.8022	1	0	0.431389
327	-4.82258	-4.82258	-5.22609	1	0	0.431389
328	-5.0952	-5.0952	-5.47661	1	0	0.431389
329	-3.97332	-3.97332	-4.42767	1	0	0.431389
330	-14.7021	-14.7021	-13.4816	1	0	0.431389
331	-9.07486	-9.07486	-8.45528	1	0	0.431389
332	-4.80485	-4.80485	-4.96281	1	0	0.431389
333	-7.15055	-7.15055	-7.67317	1	0	0.431389
