Sites	Ll	Ll_SameAARate.DFPDistFreq.beta_1=0.188598	Ll_SameAARate.DFPDistFreq.beta_1=1	Pr_SameAARate.DFPDistFreq.beta_1=0.188598	Pr_SameAARate.DFPDistFreq.beta_1=1	mean
182	-4.38031	-4.11909	-4.93656	0.82652	0.17348	0.32936
183	-4.86296	-4.66379	-5.28583	0.796692	0.203308	0.353563
184	-4.22707	-4.00796	-4.6927	0.806658	0.193342	0.345476
185	-4.56896	-4.45598	-4.80801	0.749458	0.250542	0.391888
186	-13.6355	-14.9595	-12.4382	0.144603	0.855397	0.882669
187	-9.9971	-10.6314	-9.62766	0.435342	0.564658	0.646762
188	-8.05898	-8.60697	-7.59811	0.434094	0.565906	0.647775
189	-13.5866	-13.3773	-14.0456	0.804072	0.195928	0.347575
190	-12.9028	-13.6715	-12.313	0.350962	0.649038	0.715229
191	-6.68284	-6.44108	-7.20158	0.818199	0.181801	0.336111
192	-10.4312	-10.8532	-10.1321	0.505648	0.494352	0.589716
193	-5.93044	-5.74611	-6.32193	0.789101	0.210899	0.359722
194	-4.12992	-3.87652	-4.66879	0.822877	0.177123	0.332316
195	-8.33306	-8.74034	-8.07335	0.519167	0.480833	0.578747
196	-8.98404	-9.53693	-8.54389	0.437984	0.562016	0.644619
197	-7.67373	-7.87073	-7.65875	0.629883	0.370117	0.488912
198	-7.32569	-7.85682	-7.09351	0.495099	0.504901	0.598276
199	-5.35659	-5.03896	-6.03552	0.85072	0.14928	0.309724
200	-4.7152	-4.55548	-5.05377	0.77591	0.22409	0.370425
201	-10.9187	-11.678	-10.3322	0.353856	0.646144	0.71288
202	-3.81467	-3.65476	-4.15396	0.776069	0.223931	0.370296
203	-10.6415	-11.273	-10.2937	0.441378	0.558622	0.641865
204	-4.22275	-4.0484	-4.59256	0.783785	0.216215	0.364035
205	-4.25151	-4.07763	-4.62018	0.783511	0.216489	0.364258
206	-4.92045	-4.42111	-6.00056	0.910776	0.0892244	0.260995
207	-11.6359	-11.4218	-12.1	0.805638	0.194362	0.346303
208	-6.9282	-6.71207	-7.38793	0.805268	0.194732	0.346604
209	-18.7072	-20.5242	-17.1059	0.064493	0.935507	0.94767
210	-8.32109	-8.7214	-7.99105	0.503337	0.496663	0.591591
211	-4.94739	-4.86435	-5.12283	0.731487	0.268513	0.40647
212	-7.80432	-7.62343	-8.19762	0.788829	0.211171	0.359942
213	-4.12992	-3.87652	-4.66879	0.822877	0.177123	0.332316
214	-8.90214	-8.68892	-9.364	0.805147	0.194853	0.346702
215	-3.83247	-3.60128	-4.32366	0.81246	0.18754	0.340768
216	-4.94938	-4.7777	-5.31373	0.782402	0.217598	0.365158
217	-10.023	-10.5577	-9.91194	0.524457	0.475543	0.574454
218	-7.219	-7.09209	-7.49935	0.759684	0.240316	0.383591
219	-4.96344	-4.80699	-5.29512	0.774137	0.225863	0.371864
220	-14.3408	-14.8742	-14.2432	0.52813	0.47187	0.571474
221	-4.20322	-3.98801	-4.6572	0.804221	0.195779	0.347453
222	-4.20322	-3.98801	-4.6572	0.804221	0.195779	0.347453
223	-4.4816	-4.23359	-5.00886	0.820386	0.179614	0.334337
224	-11.7752	-11.5459	-12.3017	0.817507	0.182493	0.336673
225	-5.16084	-4.95034	-5.60756	0.802329	0.197671	0.348989
226	-9.95657	-9.7531	-10.3971	0.80022	0.19978	0.3507
227	-3.92951	-3.8482	-4.10163	0.730495	0.269505	0.407275
228	-3.83247	-3.60128	-4.32366	0.81246	0.18754	0.340768
229	-4.20322	-3.98801	-4.6572	0.804221	0.195779	0.347453
230	-4.22275	-4.0484	-4.59256	0.783785	0.216215	0.364035
231	-10.4779	-9.94018	-11.7186	0.925677	0.0743231	0.248904
232	-4.20322	-3.98801	-4.6572	0.804221	0.195779	0.347453
233	-4.98688	-4.69111	-5.61617	0.84141	0.15859	0.317278
234	-5.32603	-5.11564	-5.77278	0.802317	0.197683	0.348998
235	-13.7284	-13.416	-14.4372	0.85383	0.14617	0.307201
236	-7.01463	-6.82549	-7.44164	0.795736	0.204264	0.354339
237	-4.879	-4.59681	-5.47988	0.835726	0.164274	0.32189
238	-10.169	-10.7246	-9.99027	0.502332	0.497668	0.592406
239	-5.49873	-5.23856	-6.05297	0.826082	0.173918	0.329715
240	-5.56631	-5.27818	-6.18087	0.838402	0.161598	0.319719
241	-8.3052	-7.75591	-9.42009	0.917426	0.0825737	0.255599
242	-4.96344	-4.80699	-5.29512	0.774137	0.225863	0.371864
243	-4.20322	-3.98801	-4.6572	0.804221	0.195779	0.347453
244	-12.2035	-12.0783	-12.4848	0.759539	0.240461	0.383709
245	-4.94739	-4.86435	-5.12283	0.731487	0.268513	0.40647
246	-11.7023	-12.312	-11.4226	0.463656	0.536344	0.623788
247	-10.2423	-9.90681	-11.0058	0.863265	0.136735	0.299545
248	-4.86296	-4.66379	-5.28583	0.796692	0.203308	0.353563
249	-7.01463	-6.82549	-7.44164	0.795736	0.204264	0.354339
250	-4.879	-4.59681	-5.47988	0.835726	0.164274	0.32189
251	-15.708	-16.2546	-15.5742	0.515811	0.484189	0.58147
252	-3.83247	-3.60128	-4.32366	0.81246	0.18754	0.340768
253	-8.05898	-8.60697	-7.59811	0.434094	0.565906	0.647775
254	-4.92045	-4.42111	-6.00056	0.910776	0.0892244	0.260995
255	-9.29956	-9.11997	-9.68466	0.787242	0.212758	0.36123
256	-6.66392	-6.41283	-7.21728	0.824647	0.175353	0.33088
257	-5.37869	-5.26125	-5.62722	0.752068	0.247932	0.38977
258	-4.38607	-4.24713	-4.68032	0.764388	0.235612	0.379774
259	-13.257	-13.7512	-13.2378	0.557331	0.442669	0.54778
260	-3.83247	-3.60128	-4.32366	0.81246	0.18754	0.340768
261	-3.83247	-3.60128	-4.32366	0.81246	0.18754	0.340768
262	-10.7029	-10.3668	-11.4688	0.863615	0.136385	0.299261
263	-7.8797	-8.22273	-7.63437	0.538756	0.461244	0.562852
264	-4.38607	-4.24713	-4.68032	0.764388	0.235612	0.379774
265	-4.71924	-4.51585	-5.151	0.798806	0.201194	0.351847
266	-7.9699	-8.22478	-8.41425	0.717718	0.282282	0.417642
267	-14.7275	-16.1373	-13.4409	0.124256	0.875744	0.899178
268	-3.83247	-3.60128	-4.32366	0.81246	0.18754	0.340768
269	-4.38607	-4.24713	-4.68032	0.764388	0.235612	0.379774
270	-11.4846	-12.0058	-11.3651	0.525717	0.474283	0.573432
271	-4.42011	-4.13128	-5.03553	0.838613	0.161387	0.319548
272	-4.71924	-4.51585	-5.151	0.798806	0.201194	0.351847
273	-4.20322	-3.98801	-4.6572	0.804221	0.195779	0.347453
274	-5.04621	-4.91355	-5.3271	0.760833	0.239167	0.382659
275	-12.7496	-13.2153	-12.3202	0.46222	0.53778	0.624954
276	-5.2494	-5.1351	-5.49145	0.750269	0.249731	0.391231
277	-4.25151	-4.07763	-4.62018	0.783511	0.216489	0.364258
278	-14.2703	-15.5689	-13.1276	0.154789	0.845211	0.874404
279	-4.38607	-4.24713	-4.68032	0.764388	0.235612	0.379774
280	-11.2734	-12.1773	-10.7326	0.331604	0.668396	0.730936
281	-11.6902	-12.2511	-11.2223	0.429198	0.570802	0.651748
282	-8.60973	-8.32599	-9.23123	0.838747	0.161253	0.319439
283	-4.56896	-4.45598	-4.80801	0.749458	0.250542	0.391888
284	-7.50759	-7.30723	-7.94172	0.798699	0.201301	0.351934
285	-4.70393	-4.51823	-5.09798	0.789753	0.210247	0.359193
286	-13.0159	-14.4443	-11.9572	0.148885	0.851115	0.879194
287	-6.80214	-6.47403	-7.49614	0.853935	0.146065	0.307115
288	-17.3059	-18.7923	-16.2084	0.137024	0.862976	0.888819
289	-4.70393	-4.51823	-5.09798	0.789753	0.210247	0.359193
290	-4.38607	-4.24713	-4.68032	0.764388	0.235612	0.379774
291	-4.12992	-3.87652	-4.66879	0.822877	0.177123	0.332316
292	-13.0264	-13.2619	-12.9623	0.609223	0.390777	0.505675
293	-10.5537	-11.2395	-10.1208	0.407332	0.592668	0.66949
294	-5.2645	-5.20589	-5.38819	0.716262	0.283738	0.418823
295	-10.4828	-11.2303	-9.90595	0.358782	0.641218	0.708884
296	-4.96344	-4.80699	-5.29512	0.774137	0.225863	0.371864
297	-11.9148	-12.154	-11.8051	0.597434	0.402566	0.515241
298	-4.70393	-4.51823	-5.09798	0.789753	0.210247	0.359193
299	-3.92951	-3.8482	-4.10163	0.730495	0.269505	0.407275
300	-9.41326	-9.14576	-9.98747	0.829969	0.170031	0.326562
301	-9.62955	-9.43276	-10.0561	0.796896	0.203104	0.353397
302	-4.4816	-4.23359	-5.00886	0.820386	0.179614	0.334337
303	-16.9561	-18.3715	-15.9522	0.157667	0.842333	0.872068
304	-20.0478	-21.5633	-18.9709	0.136026	0.863974	0.889629
305	-5.07467	-4.95235	-5.33357	0.754899	0.245101	0.387473
306	-9.3656	-10.0116	-8.97985	0.428485	0.571515	0.652327
307	-5.23995	-5.05481	-5.63292	0.789481	0.210519	0.359413
308	-4.96344	-4.80699	-5.29512	0.774137	0.225863	0.371864
309	-10.2113	-10.7062	-9.74603	0.446087	0.553913	0.638044
310	-12.9073	-12.6722	-13.4324	0.818148	0.181852	0.336153
311	-7.40301	-7.23914	-7.77143	0.781766	0.218234	0.365674
312	-11.4241	-13.0972	-10.9209	0.192695	0.807305	0.843647
313	-4.7152	-4.55548	-5.05377	0.77591	0.22409	0.370425
314	-5.93044	-5.74611	-6.32193	0.789101	0.210899	0.359722
315	-7.90296	-8.3928	-7.46745	0.45471	0.54529	0.631047
316	-14.5692	-15.0582	-14.5817	0.566404	0.433596	0.540419
317	-4.71501	-4.44602	-5.28797	0.830002	0.169998	0.326534
318	-17.9814	-18.8042	-17.4515	0.352274	0.647726	0.714164
319	-10.0196	-9.83747	-10.414	0.789224	0.210776	0.359622
320	-12.7332	-13.1933	-12.3675	0.479492	0.520508	0.61094
321	-5.52533	-5.44992	-5.68467	0.7268	0.2732	0.410273
322	-4.92045	-4.42111	-6.00056	0.910776	0.0892244	0.260995
323	-5.26741	-5.18951	-5.43199	0.728333	0.271667	0.40903
324	-27.91	-30.333	-25.8799	0.0239069	0.976093	0.980602
325	-5.56631	-5.27818	-6.18087	0.838402	0.161598	0.319719
326	-9.49119	-9.332	-9.83649	0.776985	0.223015	0.369553
327	-4.86296	-4.66379	-5.28583	0.796692	0.203308	0.353563
328	-5.23995	-5.05481	-5.63292	0.789481	0.210519	0.359413
329	-3.81467	-3.65476	-4.15396	0.776069	0.223931	0.370296
330	-13.0279	-14.3688	-11.832	0.142697	0.857303	0.884216
331	-9.69751	-10.4119	-9.05078	0.350367	0.649633	0.715712
332	-4.67368	-4.61349	-4.80079	0.717277	0.282723	0.418
333	-7.47598	-7.32898	-7.79509	0.770264	0.229736	0.375006
