Sites	Ll	Ll_YN98.omega_1=0.002	Ll_YN98.omega_1=1	Ll_YN98.omega_1=2.49843	Pr_YN98.omega_1=0.002	Pr_YN98.omega_1=1	Pr_YN98.omega_1=2.49843	mean
57	-4.30075	-4.13482	-5.63621	-7.16265	0.99762	0	0.00238048	0.00794269
58	-11.0239	-10.945	-11.6502	-12.5262	0.989964	0	0.0100361	0.0270543
59	-6.45586	-6.17727	-8.92758	-11.2936	0.999704	0	0.000295504	0.0027377
60	-18.4466	-26.0612	-16.8864	-17.7104	0.00477024	0	0.99523	2.48652
61	-9.42079	-9.26781	-10.7262	-12.2183	0.997429	0	0.00257148	0.0084195
62	-3.97157	-3.79864	-5.39355	-7.02252	0.998042	0	0.00195751	0.00688679
63	-6.38089	-6.31388	-6.90023	-7.62411	0.986881	0	0.0131193	0.0347512
64	-4.30596	-4.13696	-5.71201	-7.36892	0.998058	0	0.00194177	0.00684749
65	-3.0731	-2.87565	-4.70594	-6.52253	0.998717	0	0.00128319	0.00520339
66	-8.07453	-7.8524	-10.0071	-11.9765	0.999203	0	0.000796582	0.00398861
67	-3.62335	-3.41413	-5.35669	-7.27738	0.998966	0	0.00103378	0.00458075
68	-3.73136	-3.57255	-5.0028	-6.47898	0.997313	0	0.00268693	0.00870771
69	-9.88843	-9.76053	-10.9255	-12.1876	0.995668	0	0.0043323	0.0128153
70	-15.9607	-23.1347	-13.5139	-14.1149	0.002449	0	0.997551	2.49231
71	-7.60203	-7.34078	-10.0066	-12.3048	0.999656	0	0.000344076	0.00285896
72	-13.7445	-17.4357	-13.6913	-14.9695	0.632768	0	0.367232	0.918769
73	-3.46561	-3.2243	-5.54559	-7.83139	0.999508	0	0.000491611	0.00322727
74	-14.1057	-20.6814	-11.7324	-12.6551	0.00658698	0	0.993413	2.48198
75	-9.14654	-12.6435	-8.7581	-9.92071	0.571378	0	0.428622	1.07202
76	-12.1059	-11.9088	-13.8831	-15.7649	0.998959	0	0.0010412	0.00459928
77	-7.92186	-7.70516	-9.81577	-11.7793	0.999163	0	0.000837375	0.00409045
78	-17.5641	-24.5407	-14.88	-15.424	0.00222348	0	0.997777	2.49288
79	-3.73546	-3.50852	-5.64446	-7.74856	0.999291	0	0.000709471	0.00377114
80	-7.76976	-7.55432	-9.5889	-11.4934	0.999042	0	0.000958343	0.00439243
81	-6.45586	-6.17727	-8.92758	-11.2936	0.999704	0	0.000295504	0.0027377
82	-18.8915	-22.4691	-18.873	-20.4556	0.730418	0	0.269582	0.674992
83	-19.3191	-26.6104	-17.3885	-18.2241	0.0046044	0	0.995396	2.48693
84	-10.1072	-13.5153	-9.56648	-10.6934	0.54694	0	0.45306	1.13303
85	-9.47393	-9.28777	-11.1006	-12.7951	0.998525	0	0.00147504	0.00568232
86	-3.96345	-3.78413	-5.42364	-7.10487	0.998223	0	0.00177711	0.00643643
87	-4.85569	-4.70072	-6.11995	-7.63316	0.997382	0	0.0026181	0.0085359
88	-4.93628	-4.794	-6.10643	-7.54994	0.996878	0	0.00312192	0.00979364
89	-4.30596	-4.13696	-5.71201	-7.36892	0.998058	0	0.00194177	0.00684749
90	-10.253	-10.0742	-11.7811	-13.4589	0.998333	0	0.00166712	0.00616185
91	-3.0731	-2.87565	-4.70594	-6.52253	0.998717	0	0.00128319	0.00520339
95	-3.73546	-3.50852	-5.64446	-7.74856	0.999291	0	0.000709471	0.00377114
96	-3.0731	-2.87565	-4.70594	-6.52253	0.998717	0	0.00128319	0.00520339
97	-3.81129	-3.63221	-5.26165	-6.91332	0.998151	0	0.00184883	0.00661546
98	-4.34418	-4.16548	-5.85293	-7.62289	0.99845	0	0.00155046	0.00587061
99	-4.54012	-4.45338	-5.21597	-6.11496	0.990731	0	0.00926855	0.0251383
100	-3.81129	-3.63221	-5.26165	-6.91332	0.998151	0	0.00184883	0.00661546
101	-4.34418	-4.16548	-5.85293	-7.62289	0.99845	0	0.00155046	0.00587061
102	-4.30075	-4.13482	-5.63621	-7.16265	0.99762	0	0.00238048	0.00794269
103	-4.34418	-4.16548	-5.85293	-7.62289	0.99845	0	0.00155046	0.00587061
104	-13.4375	-13.3227	-14.4002	-15.6985	0.995441	0	0.00455924	0.0133818
105	-13.2688	-13.0473	-15.3847	-17.5117	0.999433	0	0.000566973	0.00341541
106	-3.97157	-3.79864	-5.39355	-7.02252	0.998042	0	0.00195751	0.00688679
107	-3.73546	-3.50852	-5.64446	-7.74856	0.999291	0	0.000709471	0.00377114
108	-11.8875	-11.6621	-13.9683	-16.0867	0.99941	0	0.000589961	0.00347279
109	-7.82407	-7.63942	-9.41389	-11.1398	0.998515	0	0.00148532	0.00570798
110	-13.8695	-13.6119	-16.3312	-18.6714	0.999687	0	0.000312755	0.00278077
111	-4.58453	-4.41072	-6.00947	-7.67867	0.998127	0	0.00187327	0.00667648
112	-4.60933	-4.44681	-5.9228	-7.47083	0.99761	0	0.00238955	0.00796534
113	-4.1875	-3.9994	-5.75401	-7.56383	0.998607	0	0.00139331	0.00547829
114	-4.74727	-4.61535	-5.79849	-7.09444	0.995886	0	0.00411361	0.0122693
115	-9.00776	-8.79248	-10.8727	-12.802	0.999107	0	0.000893253	0.00422994
116	-7.79725	-7.5636	-9.85503	-11.9632	0.999395	0	0.000604888	0.00351006
117	-3.81129	-3.63221	-5.26165	-6.91332	0.998151	0	0.00184883	0.00661546
118	-3.0731	-2.87565	-4.70594	-6.52253	0.998717	0	0.00128319	0.00520339
119	-3.46561	-3.2243	-5.54559	-7.83139	0.999508	0	0.000491611	0.00322727
120	-3.73136	-3.57255	-5.0028	-6.47898	0.997313	0	0.00268693	0.00870771
121	-3.81129	-3.63221	-5.26165	-6.91332	0.998151	0	0.00184883	0.00661546
122	-4.30075	-4.13482	-5.63621	-7.16265	0.99762	0	0.00238048	0.00794269
123	-4.09526	-3.90613	-5.68373	-7.52949	0.998686	0	0.00131368	0.00527951
124	-9.96712	-9.74135	-11.9699	-13.9875	0.999295	0	0.000705175	0.00376042
125	-9.36623	-9.17635	-10.9881	-12.7431	0.99861	0	0.00139016	0.00547042
126	-4.30596	-4.13696	-5.71201	-7.36892	0.998058	0	0.00194177	0.00684749
127	-8.71573	-8.62109	-9.51838	-10.5451	0.992855	0	0.00714454	0.0198358
128	-3.0731	-2.87565	-4.70594	-6.52253	0.998717	0	0.00128319	0.00520339
129	-4.09526	-3.90613	-5.68373	-7.52949	0.998686	0	0.00131368	0.00527951
130	-4.34418	-4.16548	-5.85293	-7.62289	0.99845	0	0.00155046	0.00587061
131	-3.4135	-3.1824	-5.36217	-7.50962	0.99935	0	0.000650277	0.00362337
132	-3.97157	-3.79864	-5.39355	-7.02252	0.998042	0	0.00195751	0.00688679
133	-4.09526	-3.90613	-5.68373	-7.52949	0.998686	0	0.00131368	0.00527951
134	-4.34418	-4.16548	-5.85293	-7.62289	0.99845	0	0.00155046	0.00587061
135	-3.989	-3.83333	-5.24557	-6.69075	0.997179	0	0.00282148	0.00904363
136	-3.97157	-3.79864	-5.39355	-7.02252	0.998042	0	0.00195751	0.00688679
137	-3.4135	-3.1824	-5.36217	-7.50962	0.99935	0	0.000650277	0.00362337
138	-4.05754	-3.87399	-5.56315	-7.30025	0.998401	0	0.00159943	0.00599287
139	-3.81129	-3.63221	-5.26165	-6.91332	0.998151	0	0.00184883	0.00661546
140	-7.88064	-7.65767	-9.82555	-11.8337	0.999244	0	0.000756337	0.00388814
141	-3.47197	-3.2431	-5.41954	-7.56528	0.999346	0	0.00065356	0.00363156
142	-3.4135	-3.1824	-5.36217	-7.50962	0.99935	0	0.000650277	0.00362337
143	-4.74727	-4.61535	-5.79849	-7.09444	0.995886	0	0.00411361	0.0122693
144	-7.73626	-7.51509	-9.62745	-11.5816	0.999156	0	0.000843784	0.00410644
145	-3.96345	-3.78413	-5.42364	-7.10487	0.998223	0	0.00177711	0.00643643
146	-3.4135	-3.1824	-5.36217	-7.50962	0.99935	0	0.000650277	0.00362337
147	-3.73546	-3.50852	-5.64446	-7.74856	0.999291	0	0.000709471	0.00377114
148	-3.62335	-3.41413	-5.35669	-7.27738	0.998966	0	0.00103378	0.00458075
149	-3.73136	-3.57255	-5.0028	-6.47898	0.997313	0	0.00268693	0.00870771
150	-10.1676	-13.4625	-9.50783	-10.649	0.549038	0	0.450962	1.12779
151	-3.92203	-3.72539	-5.5499	-7.37719	0.998723	0	0.0012769	0.0051877
152	-4.60933	-4.44681	-5.9228	-7.47083	0.99761	0	0.00238955	0.00796534
153	-17.6902	-28.2215	-18.0869	-18.6219	0.00137303	0	0.998627	2.495
204	-4.93628	-4.794	-6.10643	-7.54994	0.996878	0	0.00312192	0.00979364
205	-18.2151	-31.969	-16.2398	-16.1483	2.73206e-06	0	0.999997	2.49842
206	-9.88867	-12.8271	-8.9439	-10.1174	0.574576	0	0.425424	1.06404
207	-4.13076	-3.93184	-5.82525	-7.79246	0.998963	0	0.00103651	0.00458757
208	-10.5881	-20.5742	-11.242	-11.98	0.00374346	0	0.996257	2.48908
209	-17.0694	-30.7545	-15.2835	-15.3322	4.06932e-06	0	0.999996	2.49842
210	-9.37221	-12.1818	-8.24776	-9.39138	0.554742	0	0.445258	1.11355
211	-7.86584	-7.63079	-9.88631	-11.9528	0.999346	0	0.000653695	0.0036319
212	-13.0036	-16.4767	-11.4204	-11.7724	0.155237	0	0.844763	2.11089
213	-4.13076	-3.93184	-5.82525	-7.79246	0.998963	0	0.00103651	0.00458757
214	-7.24939	-7.01409	-9.27966	-11.3101	0.999329	0	0.000670854	0.00367474
215	-8.2934	-8.09013	-10.0377	-11.8653	0.998871	0	0.00112887	0.00481814
216	-3.96371	-3.83261	-5.00258	-6.2483	0.995618	0	0.0043817	0.0129386
217	-11.9926	-11.8404	-13.2836	-14.7584	0.997344	0	0.00265608	0.0086307
218	-3.69245	-3.55847	-4.74656	-6.0175	0.995803	0	0.00419658	0.0124765
219	-4.87586	-4.74682	-5.91463	-7.19722	0.995767	0	0.00423279	0.0125669
220	-11.7448	-11.5108	-13.8732	-16.0156	0.999455	0	0.000544519	0.00335935
221	-3.98034	-3.80534	-5.42256	-7.10614	0.998187	0	0.00181284	0.00652562
222	-7.2582	-7.04781	-9.00217	-10.8311	0.99888	0	0.00111974	0.00479534
223	-3.89084	-3.71481	-5.33169	-6.97158	0.998106	0	0.00189428	0.00672893
224	-4.52028	-4.40228	-5.45236	-6.61029	0.994612	0	0.00538761	0.0154498
225	-8.50159	-8.36666	-9.5789	-10.8915	0.99607	0	0.00393029	0.0118117
226	-14.2308	-14.0743	-15.549	-17.1722	0.99778	0	0.00221956	0.00754098
227	-3.37644	-3.16498	-5.1356	-7.0851	0.999023	0	0.000976691	0.00443824
228	-3.88188	-3.7279	-5.1081	-6.55349	0.997088	0	0.00291249	0.00927081
229	-3.69245	-3.55847	-4.74656	-6.0175	0.995803	0	0.00419658	0.0124765
230	-3.89084	-3.71481	-5.33169	-6.97158	0.998106	0	0.00189428	0.00672893
231	-14.0548	-17.3433	-13.9857	-15.5277	0.767571	0	0.232429	0.582241
232	-3.98034	-3.80534	-5.42256	-7.10614	0.998187	0	0.00181284	0.00652562
233	-3.34104	-3.14016	-4.98342	-6.81716	0.998755	0	0.00124517	0.00510848
234	-3.01345	-2.84372	-4.38253	-5.94431	0.997786	0	0.00221378	0.00752654
235	-13.2339	-13.0552	-14.8661	-16.6007	0.99858	0	0.00141994	0.00554476
236	-7.85028	-7.70262	-9.04201	-10.4396	0.996819	0	0.00318135	0.009942
237	-9.46884	-9.31463	-10.7978	-12.1946	0.997241	0	0.00275884	0.00888724
238	-18.4501	-18.2732	-20.2305	-22.1009	0.998929	0	0.00107109	0.0046739
239	-4.76189	-4.63769	-5.75859	-7.00245	0.99539	0	0.00460958	0.0135075
240	-11.8537	-15.736	-10.9502	-11.4984	0.226652	0	0.773348	1.93261
241	-10.2269	-10.0202	-11.9819	-13.8675	0.99895	0	0.00105041	0.00462227
