Sites	Ll	Ll_SameAARate.DFPDistFreq.beta_1=0.00200038	Ll_SameAARate.DFPDistFreq.beta_1=1	Pr_SameAARate.DFPDistFreq.beta_1=0.00200038	Pr_SameAARate.DFPDistFreq.beta_1=1	mean
57	-4.34433	-4.13595	-5.65717	0.974756	0.0252445	0.0271943
58	-11.0406	-10.9604	-11.6801	0.945427	0.0545732	0.0564644
59	-6.58333	-6.31815	-8.36581	0.984932	0.0150675	0.0170378
60	-18.6957	-26.0585	-17.5202	0.0016491	0.998351	0.998354
61	-9.25426	-8.97229	-11.1358	0.986558	0.0134418	0.0154153
62	-4.07946	-3.90188	-5.23393	0.969658	0.0303419	0.0322816
63	-6.16982	-6.12277	-6.53338	0.9271	0.0729001	0.0747546
64	-4.13721	-4.00702	-5.02979	0.95911	0.0408895	0.0428081
65	-2.956	-2.8247	-3.85763	0.959507	0.0404928	0.0424122
66	-8.1025	-7.83757	-9.88972	0.984999	0.0150011	0.0169715
67	-3.46684	-3.34844	-4.29258	0.955913	0.0440867	0.0459989
68	-3.71282	-3.57402	-4.65925	0.961491	0.038509	0.0404323
69	-9.98604	-9.84225	-11.0224	0.964857	0.0351429	0.037073
70	-19.3245	-26.9068	-16.5855	0.000277617	0.999722	0.999723
71	-7.74584	-7.48415	-9.55671	0.985297	0.0147025	0.0166735
72	-13.8432	-17.4083	-13.9535	0.21042	0.78958	0.790001
73	-3.36062	-3.17428	-4.56153	0.971241	0.0287591	0.030702
74	-16.2837	-23.5989	-14.0447	0.000597734	0.999402	0.999403
75	-10.5525	-14.2744	-9.67707	0.0783522	0.921648	0.921805
76	-12.3144	-12.101	-13.9782	0.982182	0.017818	0.0197827
77	-8.22245	-7.94121	-10.0455	0.98575	0.0142503	0.0162222
78	-18.3633	-25.5902	-15.4723	0.00034023	0.99966	0.99966
79	-3.88761	-3.62116	-5.50355	0.982273	0.0177275	0.0196924
80	-7.63034	-7.29246	-9.74135	0.989862	0.0101382	0.0121183
81	-6.58333	-6.31815	-8.36581	0.984932	0.0150675	0.0170378
82	-18.2315	-21.8331	-18.3514	0.205976	0.794024	0.794436
83	-19.2377	-26.6927	-16.9621	0.000501084	0.999499	0.9995
84	-10.0469	-13.5842	-9.29088	0.103309	0.896691	0.896898
85	-9.87679	-9.56513	-11.9297	0.988979	0.0110207	0.012999
86	-3.91102	-3.75325	-4.9582	0.965687	0.034313	0.0362448
87	-4.95915	-4.79653	-6.04779	0.967189	0.0328113	0.0347461
88	-4.78483	-4.69605	-5.43063	0.946188	0.0538118	0.0557045
89	-4.13721	-4.00702	-5.02979	0.95911	0.0408895	0.0428081
90	-10.5908	-10.3441	-12.2241	0.982232	0.0177678	0.0197327
91	-2.956	-2.8247	-3.85763	0.959507	0.0404928	0.0424122
95	-3.88761	-3.62116	-5.50355	0.982273	0.0177275	0.0196924
96	-2.956	-2.8247	-3.85763	0.959507	0.0404928	0.0424122
97	-3.95466	-3.71635	-5.44148	0.979316	0.020684	0.022643
98	-4.41651	-4.23578	-5.62629	0.971332	0.0286685	0.0306115
99	-4.60686	-4.48219	-5.46591	0.957551	0.0424486	0.0443641
100	-3.95466	-3.71635	-5.44148	0.979316	0.020684	0.022643
101	-4.41651	-4.23578	-5.62629	0.971332	0.0286685	0.0306115
102	-4.34433	-4.13595	-5.65717	0.974756	0.0252445	0.0271943
103	-4.41651	-4.23578	-5.62629	0.971332	0.0286685	0.0306115
104	-12.6317	-12.4384	-14.1533	0.979107	0.0208928	0.0228514
105	-12.7918	-12.4733	-15.1995	0.992298	0.00770183	0.0096868
106	-4.07946	-3.90188	-5.23393	0.969658	0.0303419	0.0322816
107	-3.88761	-3.62116	-5.50355	0.982273	0.0177275	0.0196924
108	-12.1053	-11.8515	-14.0827	0.987427	0.0125727	0.014548
109	-8.14817	-7.89168	-9.8361	0.983321	0.0166791	0.0186461
110	-14.6192	-14.386	-16.4742	0.985523	0.0144767	0.0164481
111	-4.74601	-4.40383	-6.79561	0.989272	0.0107276	0.0127066
112	-4.64263	-4.49817	-5.61534	0.962656	0.0373439	0.0392696
113	-4.32796	-4.09506	-5.80549	0.979016	0.0209839	0.0229423
114	-4.67907	-4.58277	-5.36852	0.948735	0.0512654	0.0531632
115	-9.24274	-8.88637	-11.4814	0.991228	0.00877178	0.0107546
116	-7.87788	-7.67817	-9.29785	0.977068	0.0229316	0.0248861
117	-3.95466	-3.71635	-5.44148	0.979316	0.020684	0.022643
118	-2.956	-2.8247	-3.85763	0.959507	0.0404928	0.0424122
119	-3.36062	-3.17428	-4.56153	0.971241	0.0287591	0.030702
120	-3.71282	-3.57402	-4.65925	0.961491	0.038509	0.0404323
121	-3.95466	-3.71635	-5.44148	0.979316	0.020684	0.022643
122	-4.34433	-4.13595	-5.65717	0.974756	0.0252445	0.0271943
123	-3.96662	-3.86681	-4.67695	0.949908	0.0500919	0.0519921
124	-10.0302	-9.80043	-11.6631	0.981926	0.0180737	0.020038
125	-9.35205	-9.15	-10.8444	0.978684	0.0213163	0.023274
126	-4.13721	-4.00702	-5.02979	0.95911	0.0408895	0.0428081
127	-8.93756	-8.85474	-9.59787	0.946621	0.0533788	0.0552724
128	-2.956	-2.8247	-3.85763	0.959507	0.0404928	0.0424122
129	-3.96662	-3.86681	-4.67695	0.949908	0.0500919	0.0519921
130	-4.41651	-4.23578	-5.62629	0.971332	0.0286685	0.0306115
131	-3.43332	-3.20373	-4.8581	0.977833	0.0221669	0.0241229
132	-4.07946	-3.90188	-5.23393	0.969658	0.0303419	0.0322816
133	-3.96662	-3.86681	-4.67695	0.949908	0.0500919	0.0519921
134	-4.41651	-4.23578	-5.62629	0.971332	0.0286685	0.0306115
135	-3.89669	-3.83113	-4.39477	0.936791	0.0632094	0.0650833
136	-4.07946	-3.90188	-5.23393	0.969658	0.0303419	0.0322816
137	-3.43332	-3.20373	-4.8581	0.977833	0.0221669	0.0241229
138	-4.20203	-3.96609	-5.67739	0.979034	0.0209661	0.0229245
139	-3.95466	-3.71635	-5.44148	0.979316	0.020684	0.022643
140	-7.68065	-7.52988	-8.77771	0.96708	0.0329203	0.0348548
141	-3.44058	-3.23734	-4.72262	0.973856	0.0261439	0.028092
142	-3.43332	-3.20373	-4.8581	0.977833	0.0221669	0.0241229
143	-4.67907	-4.58277	-5.36852	0.948735	0.0512654	0.0531632
144	-7.96694	-7.60943	-10.1985	0.991176	0.00882407	0.0108068
145	-3.91102	-3.75325	-4.9582	0.965687	0.034313	0.0362448
146	-3.43332	-3.20373	-4.8581	0.977833	0.0221669	0.0241229
147	-3.88761	-3.62116	-5.50355	0.982273	0.0177275	0.0196924
148	-3.46684	-3.34844	-4.29258	0.955913	0.0440867	0.0459989
149	-3.71282	-3.57402	-4.65925	0.961491	0.038509	0.0404323
150	-8.47519	-11.7633	-8.20028	0.192996	0.807004	0.80739
151	-3.87548	-3.71375	-4.95689	0.96693	0.0330698	0.0350041
152	-4.64263	-4.49817	-5.61534	0.962656	0.0373439	0.0392696
153	-17.3323	-26.933	-16.9764	0.000399753	0.9996	0.999601
204	-4.78483	-4.69605	-5.43063	0.946188	0.0538118	0.0557045
205	-16.5925	-24.2371	-14.6644	0.000586692	0.999413	0.999414
206	-9.45959	-12.7744	-8.49896	0.104982	0.895018	0.895228
207	-3.73926	-3.6044	-4.65825	0.960312	0.039688	0.041609
208	-11.0043	-15.3008	-10.6794	0.0766255	0.923375	0.923528
209	-18.6935	-27.0779	-16.2723	0.000171089	0.999829	0.999829
210	-8.87739	-11.8468	-7.79052	0.127431	0.872569	0.872824
211	-8.35393	-8.15566	-9.754	0.976586	0.0234144	0.025368
212	-12.9917	-16.6236	-11.5119	0.0483654	0.951635	0.951731
213	-3.73926	-3.6044	-4.65825	0.960312	0.039688	0.041609
214	-7.22638	-6.94361	-9.12569	0.986802	0.0131975	0.0151715
215	-8.58615	-8.42573	-9.80016	0.970881	0.0291195	0.0310616
216	-3.88381	-3.83086	-4.29371	0.930553	0.0694471	0.0713085
217	-12.2375	-12.0334	-13.6547	0.977104	0.0228964	0.024851
218	-3.67466	-3.55978	-4.48133	0.954951	0.0450486	0.0469589
219	-4.9601	-4.81672	-5.93917	0.962846	0.0371543	0.0390803
220	-12.5587	-12.3541	-14.2054	0.981722	0.018278	0.0202418
221	-3.65176	-3.53709	-4.45063	0.954605	0.0453946	0.0473041
222	-7.67571	-7.53776	-8.72844	0.965211	0.034789	0.0367198
223	-3.836	-3.6966	-4.77702	0.961312	0.0386876	0.0406106
224	-4.66808	-4.49216	-5.81112	0.96927	0.0307295	0.0326684
225	-8.42883	-8.30801	-9.34015	0.959476	0.0405236	0.0424429
226	-13.9261	-13.7728	-15.1658	0.971403	0.0285971	0.0305403
227	-3.28346	-3.12524	-4.3283	0.965624	0.0343758	0.0363075
228	-3.83778	-3.70437	-4.7459	0.95984	0.0401599	0.0420799
229	-3.67466	-3.55978	-4.48133	0.954951	0.0450486	0.0469589
230	-3.836	-3.6966	-4.77702	0.961312	0.0386876	0.0406106
231	-14.1767	-17.6167	-14.4466	0.261581	0.738419	0.738943
232	-3.65176	-3.53709	-4.45063	0.954605	0.0453946	0.0473041
233	-3.35509	-3.15916	-4.59846	0.97266	0.0273403	0.029286
234	-2.91143	-2.80258	-3.68065	0.953043	0.0469567	0.0488632
235	-13.5716	-13.3956	-14.9544	0.975665	0.0243347	0.0262864
236	-7.68605	-7.57163	-8.53366	0.956661	0.0433391	0.0452528
237	-9.7786	-9.58287	-11.2113	0.977264	0.0227363	0.0246912
238	-18.4264	-18.2293	-20.1094	0.982233	0.0177674	0.0197322
239	-4.64569	-4.56828	-5.21412	0.941487	0.0585133	0.0603967
240	-11.9076	-15.752	-10.5713	0.0452889	0.954711	0.954802
241	-9.76944	-9.62678	-10.8897	0.967556	0.0324442	0.0343797
