Sites	Ll	Ll_YN98.omega_1=0.00237614	Ll_YN98.omega_1=0.0111121	Ll_YN98.omega_1=0.0534094	Ll_YN98.omega_1=0.320959	Pr_YN98.omega_1=0.00237614	Pr_YN98.omega_1=0.0111121	Pr_YN98.omega_1=0.0534094	Pr_YN98.omega_1=0.320959	mean
57	-4.31374	-4.13584	-4.15342	-4.23652	-4.69313	0.289054	0.284017	0.261371	0.165558	0.0709399
58	-11.0502	-10.9649	-10.9729	-11.0117	-11.2479	0.270289	0.26812	0.257925	0.203665	0.0827655
59	-6.5963	-6.19849	-6.23986	-6.43294	-7.41253	0.328141	0.314843	0.259561	0.097456	0.0494206
60	-18.4811	-25.3976	-22.3609	-19.4511	-17.1392	0.00023451	0.00488621	0.0896777	0.905202	0.295377
61	-9.54595	-9.36431	-9.38207	-9.46672	-9.9528	0.290679	0.285562	0.262384	0.161375	0.0696725
62	-3.97605	-3.79032	-3.80892	-3.89639	-4.36601	0.290425	0.28507	0.261195	0.16331	0.070224
63	-6.34512	-6.28939	-6.29467	-6.31999	-6.47197	0.263316	0.26193	0.255381	0.219374	0.087586
64	-4.30442	-4.13744	-4.15412	-4.23256	-4.65825	0.2868	0.282056	0.260775	0.170369	0.072425
65	-3.09247	-2.87516	-2.89714	-3.0001	-3.54205	0.296374	0.289931	0.261565	0.15213	0.0667234
66	-8.20676	-7.9154	-7.94481	-8.08362	-8.8351	0.311058	0.302044	0.262897	0.124001	0.0579357
67	-3.64807	-3.41429	-3.43805	-3.54911	-4.12713	0.299344	0.292316	0.261588	0.146753	0.0650323
68	-3.7407	-3.57369	-3.59014	-3.66797	-4.09824	0.286901	0.282219	0.261087	0.169793	0.0722589
69	-9.98116	-9.84112	-9.85465	-9.91925	-10.2944	0.281933	0.278143	0.260742	0.179183	0.075197
70	-15.5094	-22.4524	-19.407	-16.4563	-13.949	0.000186731	0.00392494	0.0750406	0.920848	0.299606
71	-7.76441	-7.38207	-7.4218	-7.60789	-8.57023	0.326403	0.313691	0.260425	0.0994822	0.0501002
72	-14.0081	-17.3605	-15.8525	-14.4462	-13.5524	0.0144892	0.0654569	0.267121	0.652933	0.224593
73	-3.49711	-3.21566	-3.24507	-3.38096	-4.05615	0.307676	0.298761	0.2608	0.132763	0.0605916
74	-13.5431	-20.3012	-17.2707	-14.3887	-12.182	0.000266684	0.00552256	0.098578	0.895633	0.292788
75	-9.16184	-12.5145	-11.0047	-9.58949	-8.63328	0.0137661	0.0623023	0.256517	0.667414	0.228638
76	-12.1395	-11.8703	-11.897	-12.0241	-12.7477	0.307987	0.299869	0.264062	0.128081	0.0592761
77	-7.98858	-7.71477	-7.74263	-7.87339	-8.56687	0.307468	0.299022	0.262369	0.131141	0.0601571
78	-17.1023	-24.026	-20.9805	-18.0278	-15.4574	0.000175793	0.00369527	0.0707926	0.925336	0.300818
79	-3.76475	-3.50665	-3.53321	-3.65674	-4.28526	0.303633	0.295673	0.261314	0.13938	0.062699
80	-7.88418	-7.61444	-7.64136	-7.76863	-8.46426	0.306933	0.29878	0.263075	0.131211	0.0602134
81	-6.5963	-6.19849	-6.23986	-6.43294	-7.41253	0.328141	0.314843	0.259561	0.097456	0.0494206
82	-18.6117	-21.9393	-20.4318	-19.03	-18.2294	0.0154537	0.0697777	0.283482	0.631286	0.21857
83	-18.9183	-25.8213	-22.7819	-19.8607	-17.5358	0.00022854	0.00477473	0.0886412	0.906356	0.295691
84	-9.9063	-13.2597	-11.7488	-10.3279	-9.33963	0.0133868	0.060658	0.251174	0.674781	0.230698
85	-9.54686	-9.32048	-9.34315	-9.45019	-10.0346	0.298903	0.292202	0.262542	0.146354	0.0649529
86	-3.98293	-3.79797	-3.81643	-3.90329	-4.37161	0.290257	0.284948	0.261243	0.163552	0.0703024
87	-4.85766	-4.71057	-4.7251	-4.79371	-5.17308	0.282846	0.278767	0.26028	0.178108	0.0748364
88	-4.91241	-4.7874	-4.79965	-4.85771	-5.18487	0.278401	0.275011	0.259498	0.18709	0.0776253
89	-4.30442	-4.13744	-4.15412	-4.23256	-4.65825	0.2868	0.282056	0.260775	0.170369	0.072425
90	-10.364	-10.1551	-10.1759	-10.2744	-10.8153	0.295538	0.289443	0.262304	0.152714	0.0669431
91	-3.09247	-2.87516	-2.89714	-3.0001	-3.54205	0.296374	0.289931	0.261565	0.15213	0.0667234
95	-3.76475	-3.50665	-3.53321	-3.65674	-4.28526	0.303633	0.295673	0.261314	0.13938	0.062699
96	-3.09247	-2.87516	-2.89714	-3.0001	-3.54205	0.296374	0.289931	0.261565	0.15213	0.0667234
97	-3.82724	-3.63719	-3.65612	-3.74531	-4.22732	0.291289	0.285826	0.261437	0.161448	0.0696497
98	-4.33587	-4.15985	-4.17753	-4.2605	-4.70725	0.288585	0.283529	0.260953	0.166933	0.0713522
99	-4.52233	-4.44345	-4.45099	-4.48702	-4.69946	0.268528	0.266513	0.257081	0.207878	0.0840504
100	-3.82724	-3.63719	-3.65612	-3.74531	-4.22732	0.291289	0.285826	0.261437	0.161448	0.0696497
101	-4.33587	-4.15985	-4.17753	-4.2605	-4.70725	0.288585	0.283529	0.260953	0.166933	0.0713522
102	-4.31374	-4.13584	-4.15342	-4.23652	-4.69313	0.289054	0.284017	0.261371	0.165558	0.0709399
103	-4.33587	-4.15985	-4.17753	-4.2605	-4.70725	0.288585	0.283529	0.260953	0.166933	0.0713522
104	-13.3975	-13.2617	-13.2746	-13.3366	-13.716	0.281698	0.278091	0.261358	0.178853	0.0751231
105	-13.3027	-12.9717	-13.0047	-13.162	-14.0628	0.319475	0.30911	0.264119	0.107296	0.0527381
106	-3.97605	-3.79032	-3.80892	-3.89639	-4.36601	0.290425	0.28507	0.261195	0.16331	0.070224
107	-3.76475	-3.50665	-3.53321	-3.65674	-4.28526	0.303633	0.295673	0.261314	0.13938	0.062699
108	-11.8906	-11.5703	-11.6022	-11.7542	-12.6159	0.317245	0.30728	0.263967	0.111508	0.0540562
109	-7.86173	-7.64217	-7.66413	-7.76782	-8.335	0.297587	0.291123	0.26245	0.14884	0.065731
110	-13.9696	-13.5894	-13.6281	-13.8111	-14.8093	0.326968	0.314555	0.261938	0.0965391	0.0492473
111	-4.59298	-4.4219	-4.43895	-4.51921	-4.9546	0.287573	0.28271	0.260907	0.16881	0.0719409
112	-4.62304	-4.46262	-4.47849	-4.55339	-4.96474	0.285491	0.280997	0.260719	0.172792	0.073185
113	-4.20033	-4.00994	-4.0291	-4.11896	-4.59813	0.291286	0.285756	0.261198	0.16176	0.0697363
114	-4.74221	-4.6189	-4.63091	-4.68796	-5.01081	0.278002	0.274682	0.259452	0.187864	0.0778667
115	-9.02171	-8.74269	-8.77064	-8.90281	-9.62584	0.308837	0.300325	0.263141	0.127697	0.0591109
116	-8.01387	-7.71722	-7.74766	-7.89014	-8.63485	0.311459	0.302122	0.262001	0.124417	0.0580234
117	-3.82724	-3.63719	-3.65612	-3.74531	-4.22732	0.291289	0.285826	0.261437	0.161448	0.0696497
118	-3.09247	-2.87516	-2.89714	-3.0001	-3.54205	0.296374	0.289931	0.261565	0.15213	0.0667234
119	-3.49711	-3.21566	-3.24507	-3.38096	-4.05615	0.307676	0.298761	0.2608	0.132763	0.0605916
120	-3.7407	-3.57369	-3.59014	-3.66797	-4.09824	0.286901	0.282219	0.261087	0.169793	0.0722589
121	-3.82724	-3.63719	-3.65612	-3.74531	-4.22732	0.291289	0.285826	0.261437	0.161448	0.0696497
122	-4.31374	-4.13584	-4.15342	-4.23652	-4.69313	0.289054	0.284017	0.261371	0.165558	0.0709399
123	-4.10099	-3.91162	-3.93071	-4.02019	-4.49707	0.291116	0.28561	0.261165	0.162109	0.0698444
124	-10.0909	-9.78545	-9.81631	-9.962	-10.7497	0.313576	0.304046	0.262826	0.119553	0.0565325
125	-9.41406	-9.17134	-9.19514	-9.30854	-9.9567	0.302642	0.295525	0.263842	0.137991	0.0623842
126	-4.30442	-4.13744	-4.15412	-4.23256	-4.65825	0.2868	0.282056	0.260775	0.170369	0.072425
127	-8.76364	-8.65833	-8.66848	-8.71714	-9.00549	0.274765	0.271988	0.259072	0.194174	0.0798341
128	-3.09247	-2.87516	-2.89714	-3.0001	-3.54205	0.296374	0.289931	0.261565	0.15213	0.0667234
129	-4.10099	-3.91162	-3.93071	-4.02019	-4.49707	0.291116	0.28561	0.261165	0.162109	0.0698444
130	-4.33587	-4.15985	-4.17753	-4.2605	-4.70725	0.288585	0.283529	0.260953	0.166933	0.0713522
131	-3.44419	-3.18002	-3.20728	-3.33393	-3.97501	0.304689	0.296494	0.261224	0.137593	0.0621323
132	-3.97605	-3.79032	-3.80892	-3.89639	-4.36601	0.290425	0.28507	0.261195	0.16331	0.070224
133	-4.10099	-3.91162	-3.93071	-4.02019	-4.49707	0.291116	0.28561	0.261165	0.162109	0.0698444
134	-4.33587	-4.15985	-4.17753	-4.2605	-4.70725	0.288585	0.283529	0.260953	0.166933	0.0713522
135	-4.00382	-3.83438	-3.8511	-3.9302	-4.36698	0.287429	0.282663	0.261165	0.168743	0.0719321
136	-3.97605	-3.79032	-3.80892	-3.89639	-4.36601	0.290425	0.28507	0.261195	0.16331	0.070224
137	-3.44419	-3.18002	-3.20728	-3.33393	-3.97501	0.304689	0.296494	0.261224	0.137593	0.0621323
138	-4.07786	-3.88941	-3.90829	-3.99697	-4.47242	0.290906	0.285465	0.26124	0.162389	0.0699361
139	-3.82724	-3.63719	-3.65612	-3.74531	-4.22732	0.291289	0.285826	0.261437	0.161448	0.0696497
140	-8.08297	-7.80039	-7.82913	-7.96412	-8.68081	0.309095	0.300339	0.262412	0.128153	0.0592191
141	-3.50028	-3.23655	-3.26385	-3.39049	-4.02962	0.304613	0.296411	0.261152	0.137823	0.0622011
142	-3.44419	-3.18002	-3.20728	-3.33393	-3.97501	0.304689	0.296494	0.261224	0.137593	0.0621323
143	-4.74221	-4.6189	-4.63091	-4.68796	-5.01081	0.278002	0.274682	0.259452	0.187864	0.0778667
144	-7.7238	-7.44061	-7.46897	-7.60295	-8.33231	0.309391	0.300741	0.26303	0.126837	0.0588349
145	-3.98293	-3.79797	-3.81643	-3.90329	-4.37161	0.290257	0.284948	0.261243	0.163552	0.0703024
146	-3.44419	-3.18002	-3.20728	-3.33393	-3.97501	0.304689	0.296494	0.261224	0.137593	0.0621323
147	-3.76475	-3.50665	-3.53321	-3.65674	-4.28526	0.303633	0.295673	0.261314	0.13938	0.062699
148	-3.64807	-3.41429	-3.43805	-3.54911	-4.12713	0.299344	0.292316	0.261588	0.146753	0.0650323
149	-3.7407	-3.57369	-3.59014	-3.66797	-4.09824	0.286901	0.282219	0.261087	0.169793	0.0722589
150	-10	-13.3501	-11.8384	-10.414	-9.40518	0.013149	0.0596236	0.247761	0.679466	0.232007
151	-3.93535	-3.72239	-3.74393	-3.84478	-4.37596	0.295536	0.289239	0.261491	0.153734	0.0672247
152	-4.62304	-4.46262	-4.47849	-4.55339	-4.96474	0.285491	0.280997	0.260719	0.172792	0.073185
153	-19.2488	-27.3018	-24.2468	-21.2515	-18.5359	0.000145811	0.00309435	0.061861	0.934899	0.303403
204	-4.91241	-4.7874	-4.79965	-4.85771	-5.18487	0.278401	0.275011	0.259498	0.18709	0.0776253
205	-19.4884	-31.0954	-26.507	-21.9855	-17.7111	1.51786e-06	0.000149254	0.0137279	0.986121	0.317239
206	-9.30865	-12.5928	-11.0834	-9.66942	-8.70269	0.0136906	0.0619358	0.254695	0.669678	0.229263
207	-4.13096	-3.93221	-3.95236	-4.04658	-4.54492	0.292924	0.287079	0.261267	0.15873	0.0687861
208	-12.0783	-19.9448	-16.9061	-13.9869	-11.6179	0.000220155	0.00459609	0.0851572	0.910027	0.296681
209	-18.2832	-29.8368	-25.2532	-20.7541	-16.6058	1.76591e-06	0.000172827	0.0155424	0.984283	0.316747
210	-8.7712	-12.0586	-10.5477	-9.12687	-8.13789	0.0133819	0.0606338	0.251048	0.674937	0.230741
211	-7.96624	-7.67259	-7.7025	-7.84268	-8.57904	0.310745	0.301588	0.26214	0.125527	0.0583794
212	-12.761	-16.2847	-14.7556	-13.2501	-11.8327	0.00891238	0.0411207	0.185311	0.764656	0.255799
213	-4.13096	-3.93221	-3.95236	-4.04658	-4.54492	0.292924	0.287079	0.261267	0.15873	0.0687861
214	-7.36124	-7.04514	-7.07695	-7.22726	-8.04258	0.315356	0.305482	0.262851	0.116311	0.0555136
215	-8.37828	-8.11481	-8.14091	-8.2649	-8.95947	0.30632	0.298427	0.263626	0.131626	0.0603707
216	-3.97084	-3.83346	-3.84684	-3.91043	-4.27085	0.28103	0.277294	0.26021	0.181466	0.0758898
217	-12.0117	-11.8328	-11.8504	-11.9337	-12.4096	0.289993	0.284957	0.262162	0.162888	0.0701379
218	-3.69584	-3.55968	-3.57292	-3.63586	-3.99287	0.280747	0.277054	0.260153	0.182046	0.0760696
219	-4.8678	-4.75014	-4.76163	-4.81613	-5.12462	0.276826	0.273665	0.25915	0.190359	0.0786374
220	-11.7561	-11.4329	-11.4651	-11.6183	-12.4843	0.317614	0.307546	0.263854	0.110986	0.0538864
221	-3.98676	-3.81537	-3.8325	-3.91307	-4.34855	0.287633	0.282745	0.260859	0.168763	0.0719237
222	-7.29704	-7.0315	-7.05768	-7.18202	-7.87729	0.306407	0.298488	0.263589	0.131515	0.060334
223	-3.89506	-3.7087	-3.72738	-3.81515	-4.28595	0.290532	0.285156	0.261195	0.163117	0.0701632
224	-4.52939	-4.41868	-4.42941	-4.48045	-4.77281	0.27539	0.272452	0.258894	0.193265	0.0795392
225	-8.56758	-8.41748	-8.43192	-8.50092	-8.90482	0.284101	0.28003	0.261358	0.174512	0.0737569
226	-14.2316	-14.0402	-14.0585	-14.1465	-14.675	0.293165	0.287843	0.263599	0.155393	0.0678485
227	-3.39659	-3.16034	-3.18448	-3.29707	-3.87796	0.299737	0.292586	0.261433	0.146244	0.0648649
228	-3.89592	-3.74155	-3.75674	-3.82859	-4.22677	0.284323	0.280037	0.260621	0.175018	0.0738806
229	-3.69584	-3.55968	-3.57292	-3.63586	-3.99287	0.280747	0.277054	0.260153	0.182046	0.0760696
230	-3.89506	-3.7087	-3.72738	-3.81515	-4.28595	0.290532	0.285156	0.261195	0.163117	0.0701632
231	-13.8447	-17.0956	-15.5937	-14.2176	-13.5272	0.0170278	0.0764584	0.302733	0.60378	0.210848
232	-3.98676	-3.81537	-3.8325	-3.91307	-4.34855	0.287633	0.282745	0.260859	0.168763	0.0719237
233	-3.35957	-3.13968	-3.16191	-3.26603	-3.81307	0.296798	0.290272	0.261571	0.15136	0.0664813
234	-3.02372	-2.84428	-2.86212	-2.94623	-3.40365	0.28927	0.284156	0.261235	0.165339	0.0708643
235	-13.1527	-12.9154	-12.9387	-13.05	-13.692	0.302029	0.295066	0.263988	0.138917	0.0626825
236	-7.98862	-7.8315	-7.84679	-7.91953	-8.33518	0.285318	0.280989	0.261275	0.172418	0.0730941
237	-9.50815	-9.32324	-9.34151	-9.42823	-9.91444	0.291046	0.285775	0.262038	0.161141	0.0695821
238	-18.241	-17.9823	-18.0077	-18.1296	-18.8513	0.307005	0.299296	0.264955	0.128744	0.0595279
239	-4.75542	-4.64669	-4.65726	-4.7075	-4.99419	0.274957	0.272065	0.258735	0.194243	0.0798394
240	-12.2052	-15.7407	-14.2147	-12.7236	-11.3768	0.00956053	0.0439747	0.195344	0.751121	0.252024
241	-10.3197	-10.0537	-10.0797	-10.2039	-10.9159	0.307032	0.299134	0.264193	0.129641	0.0597733
