Sites	Ll	Ll_YN98.omega_1=0.00237992	Ll_YN98.omega_1=0.0111575	Ll_YN98.omega_1=0.0537452	Ll_YN98.omega_1=0.322894	Pr_YN98.omega_1=0.00237992	Pr_YN98.omega_1=0.0111575	Pr_YN98.omega_1=0.0537452	Pr_YN98.omega_1=0.322894	mean
57	-4.3128	-4.13579	-4.15325	-4.23594	-4.69064	0.288887	0.283889	0.261357	0.165867	0.0714593
58	-11.0649	-10.9797	-10.9878	-11.0265	-11.2623	0.270254	0.268093	0.257911	0.203741	0.0832829
59	-6.62935	-6.23222	-6.27343	-6.46622	-7.44518	0.328051	0.314807	0.259607	0.0975349	0.0497393
60	-18.4562	-25.3845	-22.3424	-19.4265	-17.1066	0.00023017	0.00482195	0.0890364	0.905911	0.297353
61	-9.54803	-9.36662	-9.38433	-9.4689	-9.95441	0.290632	0.285531	0.262375	0.161462	0.0701142
62	-3.97449	-3.78909	-3.80762	-3.89495	-4.36401	0.290366	0.285034	0.261198	0.163402	0.0706711
63	-6.3378	-6.28174	-6.28704	-6.31253	-6.46541	0.263394	0.262001	0.255407	0.219198	0.0880548
64	-4.30352	-4.13666	-4.15329	-4.2317	-4.65727	0.28678	0.28205	0.260778	0.170392	0.0728637
65	-3.09035	-2.8739	-2.89574	-2.99829	-3.53861	0.296221	0.289823	0.261574	0.152383	0.0672005
66	-8.19658	-7.90488	-7.93428	-8.07337	-8.82632	0.311147	0.302133	0.2629	0.123819	0.0582218
67	-3.64553	-3.41289	-3.43648	-3.54699	-4.12285	0.299145	0.292173	0.261604	0.147079	0.0655226
68	-3.73927	-3.57309	-3.58943	-3.66689	-4.09534	0.286742	0.282097	0.26107	0.170091	0.0727825
69	-9.9878	-9.84767	-9.86119	-9.92586	-10.3013	0.281954	0.278168	0.260749	0.179129	0.0756284
70	-15.4881	-22.4423	-19.3915	-16.4352	-13.9214	0.000183588	0.00387951	0.0745933	0.921344	0.301549
71	-7.76706	-7.38599	-7.42549	-7.61094	-8.57044	0.326185	0.313553	0.260476	0.099785	0.0504941
72	-14.0284	-17.3854	-15.8748	-14.4662	-13.5723	0.0144209	0.0653168	0.267156	0.653106	0.226006
73	-3.49541	-3.21477	-3.24401	-3.3795	-4.05347	0.307543	0.29868	0.260834	0.132942	0.0610093
74	-13.5151	-20.2839	-17.248	-14.36	-12.1463	0.000262012	0.00545541	0.0979643	0.896318	0.294743
75	-9.1378	-12.4959	-10.9834	-9.56506	-8.60475	0.0136517	0.0619554	0.255886	0.668507	0.230333
76	-12.1453	-11.876	-11.9027	-12.03	-12.7539	0.308008	0.2999	0.264062	0.12803	0.0596113
77	-8.00363	-7.73056	-7.75828	-7.88871	-8.58068	0.307337	0.298936	0.262382	0.131345	0.0605792
78	-17.1201	-24.0571	-21.0065	-18.0489	-15.4768	0.00017377	0.00367165	0.0706816	0.925473	0.30267
79	-3.76213	-3.50508	-3.53146	-3.65448	-4.28115	0.303454	0.295552	0.261342	0.139652	0.0631585
80	-7.91953	-7.64975	-7.67663	-7.80398	-8.5001	0.306954	0.298813	0.263081	0.131151	0.0605519
81	-6.62935	-6.23222	-6.27343	-6.46622	-7.44518	0.328051	0.314807	0.259607	0.0975349	0.0497393
82	-18.6388	-21.9725	-20.4622	-19.0572	-18.2512	0.0153146	0.0693414	0.282604	0.63274	0.220307
83	-18.9186	-25.8303	-22.7859	-19.8602	-17.5351	0.000226336	0.00475274	0.0886219	0.906399	0.297488
84	-9.89822	-13.2578	-11.744	-10.3201	-9.32807	0.013279	0.0603349	0.250602	0.675784	0.23238
85	-9.5388	-9.31281	-9.3354	-9.44227	-10.0261	0.298838	0.292165	0.262551	0.146447	0.0653687
86	-3.98136	-3.79653	-3.81494	-3.90177	-4.37	0.290239	0.284944	0.261248	0.163569	0.0707262
87	-4.85428	-4.70723	-4.72172	-4.79035	-5.16974	0.282841	0.278771	0.260283	0.178105	0.0752817
88	-4.90708	-4.78201	-4.79425	-4.85236	-5.17968	0.278412	0.275026	0.2595	0.187061	0.078079
89	-4.30352	-4.13666	-4.15329	-4.2317	-4.65727	0.28678	0.28205	0.260778	0.170392	0.0728637
90	-10.3261	-10.1178	-10.1385	-10.2367	-10.7764	0.295425	0.289362	0.262301	0.152912	0.0674035
91	-3.09035	-2.8739	-2.89574	-2.99829	-3.53861	0.296221	0.289823	0.261574	0.152383	0.0672005
95	-3.76213	-3.50508	-3.53146	-3.65448	-4.28115	0.303454	0.295552	0.261342	0.139652	0.0631585
96	-3.09035	-2.8739	-2.89574	-2.99829	-3.53861	0.296221	0.289823	0.261574	0.152383	0.0672005
97	-3.82549	-3.63617	-3.65499	-3.74384	-4.22438	0.291156	0.285727	0.261433	0.161684	0.0701386
98	-4.33426	-4.15834	-4.17597	-4.25892	-4.70561	0.28857	0.283527	0.260957	0.166946	0.0717814
99	-4.51884	-4.44029	-4.44778	-4.48368	-4.69533	0.268459	0.266456	0.257059	0.208025	0.0845977
100	-3.82549	-3.63617	-3.65499	-3.74384	-4.22438	0.291156	0.285727	0.261433	0.161684	0.0701386
101	-4.33426	-4.15834	-4.17597	-4.25892	-4.70561	0.28857	0.283527	0.260957	0.166946	0.0717814
102	-4.3128	-4.13579	-4.15325	-4.23594	-4.69064	0.288887	0.283889	0.261357	0.165867	0.0714593
103	-4.33426	-4.15834	-4.17597	-4.25892	-4.70561	0.28857	0.283527	0.260957	0.166946	0.0717814
104	-13.4113	-13.2758	-13.2887	-13.3506	-13.729	0.281625	0.278033	0.261335	0.179007	0.0756182
105	-13.3251	-12.9955	-13.0282	-13.1849	-14.0819	0.319221	0.308929	0.264138	0.107712	0.0531823
106	-3.97449	-3.78909	-3.80762	-3.89495	-4.36401	0.290366	0.285034	0.261198	0.163402	0.0706711
107	-3.76213	-3.50508	-3.53146	-3.65448	-4.28115	0.303454	0.295552	0.261342	0.139652	0.0631585
108	-11.9054	-11.586	-11.6178	-11.7693	-12.6283	0.317066	0.307154	0.263968	0.111812	0.0544722
109	-7.90108	-7.68231	-7.70414	-7.80746	-8.37283	0.297435	0.291011	0.262445	0.149109	0.0662064
110	-13.9685	-13.5905	-13.6289	-13.8107	-14.8036	0.326591	0.314298	0.262026	0.0970855	0.049715
111	-4.58818	-4.41763	-4.43459	-4.51462	-4.94897	0.287475	0.28264	0.260903	0.168982	0.0724234
112	-4.62037	-4.46016	-4.47597	-4.5508	-4.96183	0.285456	0.280977	0.260719	0.172848	0.0736385
113	-4.19759	-4.00723	-4.02635	-4.11622	-4.59552	0.291285	0.285767	0.261205	0.161743	0.070146
114	-4.73867	-4.61524	-4.62724	-4.68437	-5.00761	0.278031	0.274713	0.259459	0.187797	0.0783102
115	-9.02768	-8.74945	-8.77726	-8.90908	-9.63028	0.308692	0.300226	0.263148	0.127934	0.0595367
116	-8.00492	-7.70914	-7.73941	-7.88146	-8.62453	0.311308	0.302026	0.26203	0.124635	0.0584377
117	-3.82549	-3.63617	-3.65499	-3.74384	-4.22438	0.291156	0.285727	0.261433	0.161684	0.0701386
118	-3.09035	-2.8739	-2.89574	-2.99829	-3.53861	0.296221	0.289823	0.261574	0.152383	0.0672005
119	-3.49541	-3.21477	-3.24401	-3.3795	-4.05347	0.307543	0.29868	0.260834	0.132942	0.0610093
120	-3.73927	-3.57309	-3.58943	-3.66689	-4.09534	0.286742	0.282097	0.26107	0.170091	0.0727825
121	-3.82549	-3.63617	-3.65499	-3.74384	-4.22438	0.291156	0.285727	0.261433	0.161684	0.0701386
122	-4.3128	-4.13579	-4.15325	-4.23594	-4.69064	0.288887	0.283889	0.261357	0.165867	0.0714593
123	-4.09764	-3.90847	-3.92751	-4.0169	-4.4935	0.29108	0.285592	0.26117	0.162158	0.0702756
124	-10.0882	-9.78467	-9.81525	-9.95997	-10.7432	0.31323	0.303796	0.262865	0.120109	0.0570453
125	-9.4254	-9.1843	-9.20789	-9.32055	-9.96458	0.302334	0.295287	0.263825	0.138554	0.0629317
126	-4.30352	-4.13666	-4.15329	-4.2317	-4.65727	0.28678	0.28205	0.260778	0.170392	0.0728637
127	-8.80548	-8.70062	-8.71071	-8.75913	-9.04623	0.274656	0.271899	0.259046	0.194399	0.08038
128	-3.09035	-2.8739	-2.89574	-2.99829	-3.53861	0.296221	0.289823	0.261574	0.152383	0.0672005
129	-4.09764	-3.90847	-3.92751	-4.0169	-4.4935	0.29108	0.285592	0.26117	0.162158	0.0702756
130	-4.33426	-4.15834	-4.17597	-4.25892	-4.70561	0.28857	0.283527	0.260957	0.166946	0.0717814
131	-3.44183	-3.17865	-3.20574	-3.33189	-3.97128	0.304521	0.296382	0.261254	0.137842	0.0625813
132	-3.97449	-3.78909	-3.80762	-3.89495	-4.36401	0.290366	0.285034	0.261198	0.163402	0.0706711
133	-4.09764	-3.90847	-3.92751	-4.0169	-4.4935	0.29108	0.285592	0.26117	0.162158	0.0702756
134	-4.33426	-4.15834	-4.17597	-4.25892	-4.70561	0.28857	0.283527	0.260957	0.166946	0.0717814
135	-4.00281	-3.83433	-3.85091	-3.92958	-4.36423	0.287245	0.282519	0.261146	0.169089	0.0724692
136	-3.97449	-3.78909	-3.80762	-3.89495	-4.36401	0.290366	0.285034	0.261198	0.163402	0.0706711
137	-3.44183	-3.17865	-3.20574	-3.33189	-3.97128	0.304521	0.296382	0.261254	0.137842	0.0625813
138	-4.07507	-3.88668	-3.90551	-3.99419	-4.46972	0.2909	0.285473	0.261247	0.16238	0.0703498
139	-3.82549	-3.63617	-3.65499	-3.74384	-4.22438	0.291156	0.285727	0.261433	0.161684	0.0701386
140	-8.07421	-7.79256	-7.82114	-7.95568	-8.67046	0.30893	0.300228	0.262434	0.128409	0.059652
141	-3.49899	-3.236	-3.26315	-3.38944	-4.0274	0.30449	0.296334	0.261178	0.137998	0.062627
142	-3.44183	-3.17865	-3.20574	-3.33189	-3.97128	0.304521	0.296382	0.261254	0.137842	0.0625813
143	-4.73867	-4.61524	-4.62724	-4.68437	-5.00761	0.278031	0.274713	0.259459	0.187797	0.0783102
144	-7.7677	-7.48504	-7.51329	-7.64706	-8.37541	0.309303	0.300688	0.263038	0.126971	0.0592261
145	-3.98136	-3.79653	-3.81494	-3.90177	-4.37	0.290239	0.284944	0.261248	0.163569	0.0707262
146	-3.44183	-3.17865	-3.20574	-3.33189	-3.97128	0.304521	0.296382	0.261254	0.137842	0.0625813
147	-3.76213	-3.50508	-3.53146	-3.65448	-4.28115	0.303454	0.295552	0.261342	0.139652	0.0631585
148	-3.64553	-3.41289	-3.43648	-3.54699	-4.12285	0.299145	0.292173	0.261604	0.147079	0.0655226
149	-3.73927	-3.57309	-3.58943	-3.66689	-4.09534	0.286742	0.282097	0.26107	0.170091	0.0727825
150	-10.0146	-13.371	-11.8566	-10.4296	-9.41886	0.0130658	0.0594041	0.247503	0.680027	0.233573
151	-3.93249	-3.7203	-3.7417	-3.8422	-4.37195	0.2954	0.289144	0.261499	0.153957	0.0676952
152	-4.62037	-4.46016	-4.47597	-4.5508	-4.96183	0.285456	0.280977	0.260719	0.172848	0.0736385
153	-19.2589	-27.3211	-24.2609	-21.2607	-18.5419	0.000143918	0.00306996	0.0616764	0.93511	0.305291
204	-4.90708	-4.78201	-4.79425	-4.85236	-5.17968	0.278412	0.275026	0.2595	0.187061	0.078079
205	-19.459	-31.08	-26.4839	-21.9547	-17.6749	1.48652e-06	0.000147314	0.0136536	0.986198	0.319173
206	-9.29425	-12.5833	-11.0712	-9.65426	-8.68432	0.0135868	0.0616346	0.254216	0.670563	0.230904
207	-4.12672	-3.92812	-3.94822	-4.04238	-4.54056	0.292898	0.287071	0.261273	0.158758	0.0692044
208	-12.0519	-19.9288	-16.8848	-13.9596	-11.5835	0.000216284	0.00453974	0.0846102	0.910634	0.298637
209	-18.2317	-29.7994	-25.2079	-20.7007	-16.5443	1.72397e-06	0.000170059	0.0154184	0.98441	0.318691
210	-8.76244	-12.0553	-10.5416	-9.11768	-8.12481	0.0132724	0.0603034	0.250454	0.67597	0.232432
211	-7.95014	-7.65747	-7.6872	-7.82686	-8.56123	0.310565	0.30147	0.262173	0.125792	0.0588109
212	-12.7348	-16.2622	-14.7306	-13.2229	-11.8057	0.00887291	0.0410418	0.185361	0.764724	0.257366
213	-4.12672	-3.92812	-3.94822	-4.04238	-4.54056	0.292898	0.287071	0.261273	0.158758	0.0692044
214	-7.35736	-7.04401	-7.07543	-7.22428	-8.0329	0.314852	0.305112	0.262915	0.117121	0.0561019
215	-8.37171	-8.11061	-8.1364	-8.25919	-8.94773	0.305864	0.298077	0.263634	0.132425	0.0609821
216	-3.96957	-3.8334	-3.84663	-3.90965	-4.2671	0.280775	0.277086	0.260164	0.181974	0.0765008
217	-12.0115	-11.8338	-11.8512	-11.934	-12.4071	0.289763	0.284775	0.262135	0.163327	0.0706929
218	-3.69405	-3.559	-3.5721	-3.63452	-3.98882	0.280515	0.276864	0.26011	0.182511	0.0766682
219	-4.86369	-4.74642	-4.75784	-4.81216	-5.11971	0.276741	0.273598	0.259134	0.190527	0.0791587
220	-11.7645	-11.4435	-11.4754	-11.6274	-12.4875	0.317192	0.307239	0.263907	0.111662	0.0544216
221	-3.98103	-3.81025	-3.82727	-3.90753	-4.34166	0.287506	0.282652	0.260854	0.168988	0.0724228
222	-7.33657	-7.07289	-7.09883	-7.22227	-7.91317	0.306069	0.298233	0.263601	0.132097	0.0608765
223	-3.89178	-3.70644	-3.72496	-3.81221	-4.2808	0.290331	0.285004	0.261191	0.163475	0.0706938
224	-4.52529	-4.41492	-4.42559	-4.47648	-4.768	0.275314	0.272393	0.258878	0.193415	0.0800603
225	-8.60152	-8.45177	-8.46615	-8.53501	-8.93805	0.284028	0.279975	0.261344	0.174653	0.0742401
226	-14.2579	-14.0672	-14.0854	-14.1731	-14.6996	0.293011	0.287723	0.263572	0.155694	0.0683459
227	-3.39383	-3.1589	-3.18283	-3.2947	-3.87287	0.299485	0.292404	0.261455	0.146656	0.0653817
228	-3.89337	-3.73957	-3.75466	-3.82624	-4.22312	0.284206	0.279948	0.260609	0.175237	0.0743895
229	-3.69405	-3.559	-3.5721	-3.63452	-3.98882	0.280515	0.276864	0.26011	0.182511	0.0766682
230	-3.89178	-3.70644	-3.72496	-3.81221	-4.2808	0.290331	0.285004	0.261191	0.163475	0.0706938
231	-13.8169	-17.0746	-15.5697	-14.1894	-13.489	0.0168111	0.0757119	0.30103	0.606447	0.212882
232	-3.98103	-3.81025	-3.82727	-3.90753	-4.34166	0.287506	0.282652	0.260854	0.168988	0.0724228
233	-3.35644	-3.13802	-3.16003	-3.26338	-3.80729	0.296517	0.290062	0.261581	0.15184	0.0670291
234	-3.02102	-2.84284	-2.8605	-2.94397	-3.39855	0.28902	0.283961	0.261219	0.1658	0.0714312
235	-13.1634	-12.9278	-12.9508	-13.0613	-13.699	0.301698	0.294809	0.263977	0.139516	0.0632437
236	-8.01829	-7.86143	-7.87666	-7.94929	-8.3644	0.285265	0.280954	0.261272	0.17251	0.0735582
237	-9.51141	-9.32781	-9.3459	-9.43196	-9.91496	0.290777	0.285563	0.262015	0.161645	0.0701545
238	-18.2574	-18.001	-18.0261	-18.1468	-18.8622	0.306553	0.298944	0.264943	0.129561	0.0601389
239	-4.7484	-4.63995	-4.65047	-4.70058	-4.98661	0.274896	0.272019	0.258722	0.194363	0.0803529
240	-12.1844	-15.725	-14.1964	-12.7027	-11.3543	0.00950149	0.0438172	0.195144	0.751537	0.253667
241	-10.3469	-10.0823	-10.1081	-10.2317	-10.9403	0.306775	0.298944	0.264203	0.130078	0.0602667
