Sites	Ll	Ll_YN98.omega_1=0.002	Ll_YN98.omega_1=1	Pr_YN98.omega_1=0.002	Pr_YN98.omega_1=1	mean
57	-4.29479	-4.13505	-5.56372	0.97581	0.02419	0.0261416
58	-11.0282	-10.9509	-11.7397	0.955105	0.0448952	0.0468054
59	-6.51488	-6.19958	-8.92586	0.993273	0.00672652	0.00871307
60	-18.5514	-25.8028	-16.897	0.00130908	0.998691	0.998694
61	-9.47648	-9.31944	-10.8364	0.97781	0.0221902	0.0241458
62	-3.96443	-3.79836	-5.27978	0.977024	0.0229756	0.0249296
63	-6.35939	-6.30408	-6.85154	0.943541	0.0564586	0.0583457
64	-4.3032	-4.14902	-5.55323	0.975226	0.024774	0.0267245
65	-3.06967	-2.87748	-4.55698	0.981075	0.0189249	0.0208871
66	-8.11294	-7.87281	-10.0645	0.988574	0.0114257	0.0134029
67	-3.62147	-3.41607	-5.19337	0.982808	0.0171922	0.0191578
68	-3.72513	-3.57408	-4.93311	0.974111	0.0258892	0.0278375
69	-9.93845	-9.81328	-11.015	0.969833	0.0301673	0.0321069
70	-15.8008	-22.8642	-13.5366	0.000858932	0.999141	0.999143
71	-7.65257	-7.35425	-10.0367	0.992975	0.00702549	0.00901144
72	-13.9685	-17.4933	-13.8886	0.208163	0.791837	0.792253
73	-3.46572	-3.22358	-5.29787	0.987169	0.0128313	0.0148057
74	-13.8865	-20.6099	-11.8964	0.00158618	0.998414	0.998417
75	-9.19457	-12.6413	-8.81655	0.174203	0.825797	0.826145
76	-12.0796	-11.86	-14.0226	0.98824	0.0117595	0.013736
77	-7.945	-7.71644	-9.77721	0.986996	0.0130036	0.0149776
78	-17.4577	-24.4256	-14.8956	0.000701698	0.999298	0.9993
79	-3.73484	-3.51007	-5.43799	0.985176	0.0148237	0.016794
80	-7.83213	-7.60412	-9.66489	0.986996	0.0130037	0.0149776
81	-6.51488	-6.19958	-8.92586	0.993273	0.00672652	0.00871307
82	-18.7338	-22.1946	-18.9963	0.283007	0.716993	0.717559
83	-19.1636	-26.2663	-17.4597	0.00144545	0.998555	0.998557
84	-10.0353	-13.4439	-9.54114	0.163267	0.836733	0.837059
85	-9.49199	-9.29868	-11.0767	0.982821	0.0171793	0.019145
86	-3.96662	-3.79818	-5.29448	0.977356	0.0226436	0.0245984
87	-4.85458	-4.71638	-5.98291	0.971673	0.0283271	0.0302705
88	-4.92302	-4.80216	-5.93891	0.967873	0.0321268	0.0340625
89	-4.3032	-4.14902	-5.55323	0.975226	0.024774	0.0267245
90	-10.2811	-10.1007	-11.7701	0.980887	0.0191133	0.0210751
91	-3.06967	-2.87748	-4.55698	0.981075	0.0189249	0.0208871
95	-3.73484	-3.51007	-5.43799	0.985176	0.0148237	0.016794
96	-3.06967	-2.87748	-4.55698	0.981075	0.0189249	0.0208871
97	-3.80843	-3.63739	-5.15066	0.977729	0.0222714	0.0242268
98	-4.33682	-4.17426	-5.65589	0.977029	0.0229707	0.0249248
99	-4.52807	-4.45267	-5.18221	0.952493	0.047507	0.0494119
100	-3.80843	-3.63739	-5.15066	0.977729	0.0222714	0.0242268
101	-4.33682	-4.17426	-5.65589	0.977029	0.0229707	0.0249248
102	-4.29479	-4.13505	-5.56372	0.97581	0.02419	0.0261416
103	-4.33682	-4.17426	-5.65589	0.977029	0.0229707	0.0249248
104	-13.3738	-13.2547	-14.5047	0.971214	0.0287859	0.0307284
105	-13.2359	-12.9761	-15.5998	0.992552	0.00744751	0.00943261
106	-3.96443	-3.79836	-5.27978	0.977024	0.0229756	0.0249296
107	-3.73484	-3.51007	-5.43799	0.985176	0.0148237	0.016794
108	-11.8369	-11.5804	-14.1078	0.991806	0.00819447	0.0101781
109	-7.85275	-7.66453	-9.40227	0.982127	0.0178734	0.0198376
110	-13.8688	-13.5711	-16.4223	0.994059	0.00594115	0.00792927
111	-4.58301	-4.42485	-5.84912	0.975706	0.024294	0.0262454
112	-4.61192	-4.4633	-5.80502	0.973671	0.0263293	0.0282767
113	-4.18876	-4.01451	-5.5715	0.978661	0.0213389	0.0232962
114	-4.74184	-4.62502	-5.70945	0.966206	0.033794	0.0357264
115	-8.98123	-8.74946	-10.8711	0.987755	0.0122451	0.0142206
116	-7.90008	-7.6537	-9.85739	0.988709	0.0112914	0.0132688
117	-3.80843	-3.63739	-5.15066	0.977729	0.0222714	0.0242268
118	-3.06967	-2.87748	-4.55698	0.981075	0.0189249	0.0208871
119	-3.46572	-3.22358	-5.29787	0.987169	0.0128313	0.0148057
120	-3.72513	-3.57408	-4.93311	0.974111	0.0258892	0.0278375
121	-3.80843	-3.63739	-5.15066	0.977729	0.0222714	0.0242268
122	-4.29479	-4.13505	-5.56372	0.97581	0.02419	0.0261416
123	-4.09314	-3.91938	-5.48208	0.97878	0.02122	0.0231775
124	-10.0021	-9.75384	-12.0231	0.989417	0.0105826	0.0125614
125	-9.36283	-9.15892	-11.0979	0.985337	0.0146626	0.0166333
126	-4.3032	-4.14902	-5.55323	0.975226	0.024774	0.0267245
127	-8.75949	-8.66649	-9.61001	0.96129	0.0387098	0.0406324
128	-3.06967	-2.87748	-4.55698	0.981075	0.0189249	0.0208871
129	-4.09314	-3.91938	-5.48208	0.97878	0.02122	0.0231775
130	-4.33682	-4.17426	-5.65589	0.977029	0.0229707	0.0249248
131	-3.41338	-3.18385	-5.14828	0.9857	0.0143	0.0162714
132	-3.96443	-3.79836	-5.27978	0.977024	0.0229756	0.0249296
133	-4.09314	-3.91938	-5.48208	0.97878	0.02122	0.0231775
134	-4.33682	-4.17426	-5.65589	0.977029	0.0229707	0.0249248
135	-3.98476	-3.83359	-5.1979	0.974244	0.0257565	0.027705
136	-3.96443	-3.79836	-5.27978	0.977024	0.0229756	0.0249296
137	-3.41338	-3.18385	-5.14828	0.9857	0.0143	0.0162714
138	-4.06172	-3.88992	-5.41678	0.978023	0.0219772	0.0239333
139	-3.80843	-3.63739	-5.15066	0.977729	0.0222714	0.0242268
140	-7.97431	-7.73889	-9.85941	0.987741	0.0122588	0.0142342
141	-3.47176	-3.24342	-5.20672	0.985684	0.0143158	0.0162872
142	-3.41338	-3.18385	-5.14828	0.9857	0.0143	0.0162714
143	-4.74184	-4.62502	-5.70945	0.966206	0.033794	0.0357264
144	-7.71831	-7.48141	-9.62268	0.98799	0.01201	0.0139859
145	-3.96662	-3.79818	-5.29448	0.977356	0.0226436	0.0245984
146	-3.41338	-3.18385	-5.14828	0.9857	0.0143	0.0162714
147	-3.73484	-3.51007	-5.43799	0.985176	0.0148237	0.016794
148	-3.62147	-3.41607	-5.19337	0.982808	0.0171922	0.0191578
149	-3.72513	-3.57408	-4.93311	0.974111	0.0258892	0.0278375
150	-10.1364	-13.5015	-9.56371	0.158537	0.841463	0.84178
151	-3.91617	-3.72669	-5.38728	0.980721	0.0192792	0.0212407
152	-4.61192	-4.4633	-5.80502	0.973671	0.0263293	0.0282767
153	-18.2701	-27.779	-18.0794	0.000592252	0.999408	0.999409
204	-4.92302	-4.80216	-5.93891	0.967873	0.0321268	0.0340625
205	-18.6738	-31.6661	-16.3264	2.10514e-06	0.999998	0.999998
206	-9.61217	-12.7678	-8.90971	0.169467	0.830533	0.830872
207	-4.12468	-3.94232	-5.5848	0.980375	0.0196247	0.0215854
208	-11.1058	-20.3402	-11.2789	0.00112077	0.998879	0.998881
209	-17.4851	-30.407	-15.3733	2.85897e-06	0.999997	0.999997
210	-9.08323	-12.1967	-8.29617	0.163572	0.836428	0.836756
211	-7.88916	-7.64219	-9.82034	0.98842	0.0115802	0.013557
212	-12.9193	-16.4445	-11.435	0.0606041	0.939396	0.939517
213	-4.12468	-3.94232	-5.5848	0.980375	0.0196247	0.0215854
214	-7.27319	-7.01501	-9.34417	0.990027	0.00997321	0.0119533
215	-8.30236	-8.08322	-10.1268	0.986774	0.0132265	0.0152
216	-3.95726	-3.83282	-4.98117	0.968232	0.031768	0.0337045
217	-11.9812	-11.8264	-13.3075	0.977018	0.0229823	0.0249364
218	-3.68458	-3.55977	-4.70791	0.968226	0.0317744	0.0337109
219	-4.87177	-4.75968	-5.80878	0.965033	0.0349668	0.0368969
220	-11.6967	-11.4349	-13.9807	0.991953	0.00804661	0.0100305
221	-3.97827	-3.81963	-5.2502	0.975855	0.024145	0.0260967
222	-7.26905	-7.04478	-9.09134	0.986813	0.0131872	0.0151609
223	-3.88228	-3.71496	-5.20102	0.977128	0.0228716	0.0248259
224	-4.52246	-4.41775	-5.39825	0.962643	0.0373569	0.0392822
225	-8.5442	-8.41036	-9.69552	0.972181	0.0278189	0.0297633
226	-14.1994	-14.0342	-15.7168	0.981134	0.0188664	0.0208287
227	-3.373	-3.1657	-4.95749	0.983051	0.0169488	0.0189149
228	-3.88263	-3.7404	-5.02499	0.972166	0.0278343	0.0297786
229	-3.68458	-3.55977	-4.70791	0.968226	0.0317744	0.0337109
230	-3.88228	-3.71496	-5.20102	0.977128	0.0228716	0.0248259
231	-13.9364	-17.2367	-14.1691	0.310255	0.689745	0.690366
232	-3.97827	-3.81963	-5.2502	0.975855	0.024145	0.0260967
233	-3.33679	-3.14203	-4.83258	0.981279	0.0187209	0.0206835
234	-3.00705	-2.84561	-4.28262	0.976006	0.0239937	0.0259457
235	-13.1419	-12.9449	-14.9025	0.985604	0.0143959	0.0163671
236	-7.9447	-7.80286	-9.13392	0.973396	0.0266041	0.0285509
237	-9.4748	-9.3158	-10.8088	0.977282	0.022718	0.0246725
238	-18.2486	-18.0417	-20.2678	0.988957	0.0110434	0.0130213
239	-4.75832	-4.65306	-5.64509	0.963056	0.0369444	0.0388705
240	-12.1431	-15.8385	-11.0381	0.0736592	0.926341	0.926488
241	-10.2556	-10.032	-12.1746	0.988006	0.0119941	0.0139701
