Sites	Ll	Ll_YN98.omega_1=0.00101051	Ll_YN98.omega_1=0.00103658	Ll_YN98.omega_1=0.00107683	Ll_YN98.omega_1=0.00118404	Ll_YN98.omega_1=4.90622	Pr_YN98.omega_1=0.00101051	Pr_YN98.omega_1=0.00103658	Pr_YN98.omega_1=0.00107683	Pr_YN98.omega_1=0.00118404	Pr_YN98.omega_1=4.90622	mean
57	-4.3134	-4.13303	-4.13308	-4.13316	-4.13337	-9.26439	0.249984	0.249971	0.249952	0.249899	0.000194275	0.00202993
58	-10.8058	-10.7104	-10.7104	-10.7105	-10.7106	-13.4479	0.249482	0.249477	0.249469	0.249448	0.00212429	0.0114969
59	-6.05742	-5.78917	-5.78927	-5.78943	-5.78986	-13.7353	0.250064	0.250037	0.249997	0.24989	1.16439e-05	0.00113409
60	-18.4733	-27.8462	-27.7954	-27.7194	-27.5301	-19.9081	0.0026801	0.00281985	0.00304253	0.0036767	0.987781	4.84628
61	-9.23661	-9.07313	-9.07317	-9.07324	-9.07343	-13.7607	0.249954	0.249942	0.249924	0.249877	0.00030275	0.00256201
62	-3.99433	-3.81301	-3.81306	-3.81315	-3.81338	-9.19513	0.249997	0.249984	0.249962	0.249906	0.000151194	0.00181861
63	-6.43604	-6.35492	-6.35493	-6.35496	-6.35503	-8.67096	0.249203	0.249198	0.249192	0.249174	0.00323393	0.0169399
64	-4.32111	-4.14341	-4.14346	-4.14355	-4.14377	-9.60427	0.25	0.249986	0.249965	0.249909	0.000139747	0.00176246
65	-3.08898	-2.88283	-2.88289	-2.883	-2.88327	-9.08181	0.250026	0.250009	0.249983	0.249915	6.68073e-05	0.00140468
66	-8.22111	-7.99287	-7.99294	-7.99304	-7.99333	-14.2145	0.250028	0.250011	0.249984	0.249912	6.53092e-05	0.00139733
67	-3.63738	-3.42092	-3.42099	-3.4211	-3.4214	-10.0208	0.250035	0.250017	0.249989	0.249915	4.47451e-05	0.00129646
68	-3.74909	-3.57528	-3.57533	-3.5754	-3.5756	-8.51257	0.249972	0.24996	0.249941	0.249891	0.000235872	0.00223397
69	-9.69845	-9.55569	-9.55573	-9.55578	-9.55594	-13.5655	0.249874	0.249865	0.249851	0.249813	0.000596098	0.00400093
70	-16.2821	-24.9136	-24.8627	-24.7867	-24.5973	-15.9342	0.000953627	0.00100338	0.00108265	0.00130843	0.995652	4.88489
71	-7.42527	-7.17159	-7.17169	-7.17184	-7.17225	-14.7836	0.250059	0.250034	0.249996	0.249894	1.62633e-05	0.00115675
72	-13.2984	-17.8432	-17.8178	-17.7799	-17.6853	-16.3871	0.207195	0.212523	0.220747	0.24264	0.116896	0.574471
73	-3.475	-3.23586	-3.23595	-3.23609	-3.23646	-10.9834	0.250054	0.250031	0.249997	0.249904	1.42021e-05	0.00114664
74	-14.6285	-22.4921	-22.4413	-22.3653	-22.176	-14.9287	0.00387704	0.00407915	0.00440118	0.00531822	0.982324	4.81952
75	-9.37906	-13.7287	-13.7034	-13.6654	-13.5708	-12.2889	0.207586	0.212925	0.221164	0.243097	0.115228	0.566289
76	-11.9616	-11.7549	-11.755	-11.7551	-11.7553	-17.4826	0.250013	0.249997	0.249973	0.249909	0.000107018	0.00160192
77	-7.72445	-7.50669	-7.50677	-7.50689	-7.5072	-14.0116	0.250037	0.250018	0.249988	0.249909	4.92042e-05	0.00131833
78	-17.8273	-25.7556	-25.7047	-25.6287	-25.4393	-16.626	0.000821119	0.000863956	0.00093221	0.00112661	0.996256	4.88786
79	-3.74806	-3.51765	-3.51774	-3.51786	-3.5182	-10.7676	0.250046	0.250026	0.249994	0.249911	2.33578e-05	0.00119155
80	-7.34511	-7.12295	-7.12302	-7.12313	-7.12341	-13.3251	0.250027	0.25001	0.249983	0.249913	6.65943e-05	0.00140363
81	-6.05742	-5.78917	-5.78927	-5.78943	-5.78986	-13.7353	0.250064	0.250037	0.249997	0.24989	1.16439e-05	0.00113409
82	-18.5145	-22.8512	-22.8258	-22.7879	-22.6933	-22.0417	0.21941	0.225052	0.233759	0.256939	0.0648407	0.319134
83	-19.2932	-28.1481	-28.0973	-28.0212	-27.8318	-19.374	0.00116975	0.00123078	0.00132801	0.00160496	0.994666	4.88006
84	-10.2824	-14.3269	-14.3015	-14.2635	-14.169	-12.7484	0.204091	0.209339	0.21744	0.239007	0.130122	0.639349
85	-9.54507	-9.35973	-9.3598	-9.35989	-9.36015	-14.7928	0.250004	0.249989	0.249964	0.249899	0.000143688	0.00178179
86	-3.97876	-3.78807	-3.78813	-3.78822	-3.78846	-9.4693	0.250009	0.249994	0.249972	0.249913	0.000112113	0.00162691
87	-4.87768	-4.70999	-4.71003	-4.71011	-4.71031	-9.74831	0.249978	0.249965	0.249947	0.249897	0.000213212	0.00212281
88	-4.96154	-4.80567	-4.80571	-4.80578	-4.80596	-9.59276	0.24996	0.249949	0.249932	0.249886	0.000274087	0.00242142
89	-4.32111	-4.14341	-4.14346	-4.14355	-4.14377	-9.60427	0.25	0.249986	0.249965	0.249909	0.000139747	0.00176246
90	-10.759	-10.5729	-10.573	-10.5731	-10.5733	-16.0639	0.250004	0.249989	0.249966	0.249905	0.000135609	0.00174216
91	-3.08898	-2.88283	-2.88289	-2.883	-2.88327	-9.08181	0.250026	0.250009	0.249983	0.249915	6.68073e-05	0.00140468
95	-3.74806	-3.51765	-3.51774	-3.51786	-3.5182	-10.7676	0.250046	0.250026	0.249994	0.249911	2.33578e-05	0.00119155
96	-3.08898	-2.88283	-2.88289	-2.883	-2.88327	-9.08181	0.250026	0.250009	0.249983	0.249915	6.68073e-05	0.00140468
97	-3.8279	-3.63607	-3.63613	-3.63622	-3.63645	-9.2462	0.250006	0.249992	0.24997	0.249911	0.000120373	0.00166742
98	-4.35892	-4.17294	-4.173	-4.17309	-4.17334	-10.0155	0.250014	0.249999	0.249976	0.249915	9.5413e-05	0.00154499
99	-4.58036	-4.47772	-4.47774	-4.47778	-4.47787	-7.36235	0.249556	0.24955	0.249542	0.249518	0.00183405	0.0100732
100	-3.8279	-3.63607	-3.63613	-3.63622	-3.63645	-9.2462	0.250006	0.249992	0.24997	0.249911	0.000120373	0.00166742
101	-4.35892	-4.17294	-4.173	-4.17309	-4.17334	-10.0155	0.250014	0.249999	0.249976	0.249915	9.5413e-05	0.00154499
102	-4.3134	-4.13303	-4.13308	-4.13316	-4.13337	-9.26439	0.249984	0.249971	0.249952	0.249899	0.000194275	0.00202993
103	-4.35892	-4.17294	-4.173	-4.17309	-4.17334	-10.0155	0.250014	0.249999	0.249976	0.249915	9.5413e-05	0.00154499
104	-13.3207	-13.189	-13.189	-13.1891	-13.1892	-17.1672	0.249866	0.249858	0.249846	0.249814	0.000615201	0.00409463
105	-12.9068	-12.6874	-12.6875	-12.6876	-12.6879	-19.3827	0.250039	0.25002	0.24999	0.249911	4.06728e-05	0.00127648
106	-3.99433	-3.81301	-3.81306	-3.81315	-3.81338	-9.19513	0.249997	0.249984	0.249962	0.249906	0.000151194	0.00181861
107	-3.74806	-3.51765	-3.51774	-3.51786	-3.5182	-10.7676	0.250046	0.250026	0.249994	0.249911	2.33578e-05	0.00119155
108	-11.6929	-11.4649	-11.465	-11.4651	-11.4654	-18.1603	0.250038	0.250019	0.24999	0.249912	4.06692e-05	0.00127646
109	-7.41767	-7.22708	-7.22715	-7.22724	-7.2275	-12.8866	0.250011	0.249996	0.249971	0.249907	0.000114577	0.001639
110	-13.8257	-13.5766	-13.5767	-13.5768	-13.5773	-21.4041	0.250062	0.250036	0.249997	0.249892	1.31108e-05	0.00114128
111	-4.60801	-4.42185	-4.4219	-4.42199	-4.42222	-10.079	0.250007	0.249993	0.249971	0.249913	0.000114847	0.00164032
112	-4.62894	-4.4529	-4.45295	-4.45303	-4.45323	-9.65177	0.249987	0.249974	0.249955	0.249903	0.000181593	0.00196772
113	-4.2033	-4.00674	-4.0068	-4.0069	-4.00716	-10.1009	0.250022	0.250006	0.249982	0.249917	7.41881e-05	0.00144088
114	-4.77857	-4.63165	-4.63169	-4.63175	-4.63191	-8.88937	0.249908	0.249899	0.249884	0.249844	0.000465267	0.00335918
115	-8.87838	-8.65794	-8.65801	-8.65812	-8.65842	-15.0399	0.250032	0.250014	0.249986	0.249912	5.56405e-05	0.0013499
116	-7.84713	-7.6133	-7.61338	-7.61352	-7.61388	-14.7496	0.250049	0.250027	0.249994	0.249904	2.61702e-05	0.00120534
117	-3.8279	-3.63607	-3.63613	-3.63622	-3.63645	-9.2462	0.250006	0.249992	0.24997	0.249911	0.000120373	0.00166742
118	-3.08898	-2.88283	-2.88289	-2.883	-2.88327	-9.08181	0.250026	0.250009	0.249983	0.249915	6.68073e-05	0.00140468
119	-3.475	-3.23586	-3.23595	-3.23609	-3.23646	-10.9834	0.250054	0.250031	0.249997	0.249904	1.42021e-05	0.00114664
120	-3.74909	-3.57528	-3.57533	-3.5754	-3.5756	-8.51257	0.249972	0.24996	0.249941	0.249891	0.000235872	0.00223397
121	-3.8279	-3.63607	-3.63613	-3.63622	-3.63645	-9.2462	0.250006	0.249992	0.24997	0.249911	0.000120373	0.00166742
122	-4.3134	-4.13303	-4.13308	-4.13316	-4.13337	-9.26439	0.249984	0.249971	0.249952	0.249899	0.000194275	0.00202993
123	-4.11161	-3.91456	-3.91463	-3.91472	-3.91499	-10.1117	0.250024	0.250008	0.249983	0.249918	6.69303e-05	0.00140528
124	-10.0062	-9.77742	-9.7775	-9.77763	-9.77797	-16.6508	0.250044	0.250023	0.249992	0.249907	3.40389e-05	0.00124394
125	-9.13111	-8.93036	-8.93042	-8.93051	-8.93076	-14.628	0.25001	0.249996	0.249973	0.249911	0.000110291	0.00161797
126	-4.32111	-4.14341	-4.14346	-4.14355	-4.14377	-9.60427	0.25	0.249986	0.249965	0.249909	0.000139747	0.00176246
127	-8.2825	-8.17524	-8.17527	-8.17531	-8.17544	-11.5162	0.249728	0.249721	0.249709	0.249679	0.00116282	0.00678078
128	-3.08898	-2.88283	-2.88289	-2.883	-2.88327	-9.08181	0.250026	0.250009	0.249983	0.249915	6.68073e-05	0.00140468
129	-4.11161	-3.91456	-3.91463	-3.91472	-3.91499	-10.1117	0.250024	0.250008	0.249983	0.249918	6.69303e-05	0.00140528
130	-4.35892	-4.17294	-4.173	-4.17309	-4.17334	-10.0155	0.250014	0.249999	0.249976	0.249915	9.5413e-05	0.00154499
131	-3.42526	-3.19151	-3.19159	-3.19172	-3.19206	-10.5955	0.250048	0.250027	0.249995	0.249909	2.00233e-05	0.00117519
132	-3.99433	-3.81301	-3.81306	-3.81315	-3.81338	-9.19513	0.249997	0.249984	0.249962	0.249906	0.000151194	0.00181861
133	-4.11161	-3.91456	-3.91463	-3.91472	-3.91499	-10.1117	0.250024	0.250008	0.249983	0.249918	6.69303e-05	0.00140528
134	-4.35892	-4.17294	-4.173	-4.17309	-4.17334	-10.0155	0.250014	0.249999	0.249976	0.249915	9.5413e-05	0.00154499
135	-4.00063	-3.83164	-3.83169	-3.83176	-3.83196	-8.60566	0.249961	0.249949	0.249931	0.249882	0.000277695	0.00243911
136	-3.99433	-3.81301	-3.81306	-3.81315	-3.81338	-9.19513	0.249997	0.249984	0.249962	0.249906	0.000151194	0.00181861
137	-3.42526	-3.19151	-3.19159	-3.19172	-3.19206	-10.5955	0.250048	0.250027	0.249995	0.249909	2.00233e-05	0.00117519
138	-4.07331	-3.87982	-3.87988	-3.87997	-3.88022	-9.73975	0.250015	0.25	0.249977	0.249915	9.37677e-05	0.00153692
139	-3.8279	-3.63607	-3.63613	-3.63622	-3.63645	-9.2462	0.250006	0.249992	0.24997	0.249911	0.000120373	0.00166742
140	-7.93436	-7.70895	-7.70903	-7.70916	-7.70948	-14.4669	0.250041	0.250021	0.249991	0.249908	3.82038e-05	0.00126437
141	-3.4828	-3.25341	-3.25349	-3.25362	-3.25396	-10.5297	0.250047	0.250026	0.249994	0.249909	2.27497e-05	0.00118857
142	-3.42526	-3.19151	-3.19159	-3.19172	-3.19206	-10.5955	0.250048	0.250027	0.249995	0.249909	2.00233e-05	0.00117519
143	-4.77857	-4.63165	-4.63169	-4.63175	-4.63191	-8.88937	0.249908	0.249899	0.249884	0.249844	0.000465267	0.00335918
144	-7.33721	-7.11107	-7.11114	-7.11125	-7.11156	-13.5756	0.250034	0.250016	0.249987	0.249911	5.1231e-05	0.00132827
145	-3.97876	-3.78807	-3.78813	-3.78822	-3.78846	-9.4693	0.250009	0.249994	0.249972	0.249913	0.000112113	0.00162691
146	-3.42526	-3.19151	-3.19159	-3.19172	-3.19206	-10.5955	0.250048	0.250027	0.249995	0.249909	2.00233e-05	0.00117519
147	-3.74806	-3.51765	-3.51774	-3.51786	-3.5182	-10.7676	0.250046	0.250026	0.249994	0.249911	2.33578e-05	0.00119155
148	-3.63738	-3.42092	-3.42099	-3.4211	-3.4214	-10.0208	0.250035	0.250017	0.249989	0.249915	4.47451e-05	0.00129646
149	-3.74909	-3.57528	-3.57533	-3.5754	-3.5756	-8.51257	0.249972	0.24996	0.249941	0.249891	0.000235872	0.00223397
150	-10.2958	-13.8762	-13.8508	-13.8128	-13.7183	-12.3491	0.205429	0.210712	0.218867	0.240576	0.124416	0.611358
151	-3.94282	-3.73762	-3.73769	-3.73779	-3.73806	-9.96619	0.250026	0.25001	0.249984	0.249916	6.48596e-05	0.00139512
152	-4.62894	-4.4529	-4.45295	-4.45303	-4.45323	-9.65177	0.249987	0.249974	0.249955	0.249903	0.000181593	0.00196772
153	-17.389	-30.3358	-30.2849	-30.2088	-30.0193	-20.3558	0.000351563	0.000369914	0.000399156	0.000482452	0.998397	4.89836
204	-4.96154	-4.80567	-4.80571	-4.80578	-4.80596	-9.59276	0.24996	0.249949	0.249932	0.249886	0.000274087	0.00242142
205	-18.2204	-34.7251	-34.6487	-34.5346	-34.2503	-17.6246	2.84658e-07	3.07236e-07	3.44381e-07	4.57633e-07	0.999999	4.90621
206	-10.2748	-13.903	-13.8776	-13.8396	-13.7451	-12.471	0.207775	0.213118	0.221363	0.243315	0.114429	0.562369
207	-4.14678	-3.94154	-3.94161	-3.94171	-3.942	-10.5481	0.250033	0.250016	0.249989	0.249917	4.44461e-05	0.00129499
208	-10.6327	-22.6856	-22.6348	-22.5588	-22.3694	-14.4123	0.00192351	0.00202382	0.00218365	0.00263884	0.99123	4.8632
209	-17.3574	-33.9476	-33.8712	-33.7571	-33.4728	-17.4164	5.03014e-07	5.42906e-07	6.08533e-07	8.08618e-07	0.999998	4.90621
210	-9.75911	-13.1663	-13.1409	-13.103	-13.0084	-11.6783	0.206413	0.211721	0.219914	0.241725	0.120226	0.590806
211	-8.26219	-8.0281	-8.02819	-8.02832	-8.02868	-15.0653	0.250048	0.250026	0.249993	0.249904	2.88953e-05	0.00121871
212	-13.3369	-17.583	-17.5576	-17.5195	-17.4248	-13.1253	0.06405	0.0657003	0.0682476	0.075031	0.726971	3.56698
213	-4.14678	-3.94154	-3.94161	-3.94171	-3.942	-10.5481	0.250033	0.250016	0.249989	0.249917	4.44461e-05	0.00129499
214	-7.31664	-7.07813	-7.07822	-7.07835	-7.07872	-14.2443	0.25005	0.250028	0.249994	0.249903	2.54001e-05	0.00120156
215	-8.39903	-8.18627	-8.18634	-8.18645	-8.18675	-14.4809	0.250031	0.250013	0.249985	0.249911	6.0715e-05	0.00137479
216	-3.98055	-3.83138	-3.83143	-3.83149	-3.83166	-8.08982	0.24991	0.2499	0.249884	0.249842	0.000464934	0.00335755
217	-12.0002	-11.8355	-11.8356	-11.8356	-11.8358	-16.8045	0.249976	0.249963	0.249943	0.24989	0.000228505	0.00219783
218	-3.71872	-3.5651	-3.56514	-3.56521	-3.56538	-7.9701	0.249926	0.249916	0.2499	0.249857	0.000401578	0.00304678
219	-4.9431	-4.79968	-4.79972	-4.79979	-4.79995	-9.15503	0.24992	0.24991	0.249895	0.249853	0.000422011	0.003147
220	-11.6337	-11.3988	-11.3989	-11.3991	-11.3994	-18.4802	0.250049	0.250027	0.249993	0.249903	2.76463e-05	0.00121258
221	-4.03654	-3.85069	-3.85075	-3.85085	-3.8511	-9.70953	0.250016	0.25	0.249977	0.249914	9.38706e-05	0.00153743
222	-6.85056	-6.62923	-6.6293	-6.62941	-6.6297	-12.7869	0.250027	0.25001	0.249983	0.249911	6.96231e-05	0.00141849
223	-3.9343	-3.7478	-3.74786	-3.74795	-3.7482	-9.4452	0.250011	0.249996	0.249973	0.24991	0.000110315	0.00161809
224	-4.56957	-4.43371	-4.43375	-4.4338	-4.43395	-8.39331	0.249866	0.249857	0.249843	0.249806	0.000626756	0.00415131
225	-8.1176	-7.96418	-7.96422	-7.96428	-7.96444	-12.1992	0.249906	0.249896	0.249881	0.249841	0.000475925	0.00341146
226	-13.9734	-13.7989	-13.799	-13.799	-13.7992	-18.8738	0.249978	0.249967	0.249949	0.249901	0.000205556	0.00208526
227	-3.40757	-3.19134	-3.19141	-3.19153	-3.19186	-10.041	0.250041	0.250022	0.249991	0.249911	3.4855e-05	0.00124794
228	-3.91863	-3.74839	-3.74844	-3.74852	-3.74872	-8.80518	0.249979	0.249967	0.249948	0.249896	0.000209311	0.00210368
229	-3.71872	-3.5651	-3.56514	-3.56521	-3.56538	-7.9701	0.249926	0.249916	0.2499	0.249857	0.000401578	0.00304678
230	-3.9343	-3.7478	-3.74786	-3.74795	-3.7482	-9.4452	0.250011	0.249996	0.249973	0.24991	0.000110315	0.00161809
231	-14.3075	-18.4112	-18.3858	-18.3479	-18.2534	-18.322	0.226977	0.232809	0.241809	0.265766	0.0326402	0.161186
232	-4.03654	-3.85069	-3.85075	-3.85085	-3.8511	-9.70953	0.250016	0.25	0.249977	0.249914	9.38706e-05	0.00153743
233	-3.37053	-3.16019	-3.16026	-3.16038	-3.16067	-9.71391	0.250034	0.250016	0.249988	0.249914	4.68576e-05	0.00130682
234	-3.04347	-2.85921	-2.85927	-2.85936	-2.8596	-8.36698	0.250003	0.249989	0.249967	0.249907	0.000133345	0.00173106
235	-13.2513	-13.0717	-13.0717	-13.0718	-13.0721	-18.658	0.25001	0.249994	0.249969	0.249903	0.000123273	0.00168165
236	-7.49409	-7.33124	-7.33128	-7.33135	-7.33154	-11.9151	0.249945	0.249934	0.249916	0.249869	0.000335829	0.00272427
237	-9.38211	-9.22375	-9.22381	-9.22389	-9.22412	-13.7585	0.249947	0.249933	0.249912	0.249855	0.000352731	0.00280717
238	-18.3453	-18.1746	-18.1747	-18.1748	-18.1751	-23.8471	0.250015	0.249998	0.249972	0.249901	0.000113101	0.00163175
239	-4.83552	-4.69506	-4.6951	-4.69516	-4.69532	-8.96512	0.24991	0.2499	0.249885	0.249845	0.000459563	0.0033312
240	-11.8266	-16.6191	-16.5937	-16.5557	-16.461	-13.0421	0.111517	0.114389	0.118821	0.130624	0.524648	2.57455
241	-9.78603	-9.56668	-9.56674	-9.56685	-9.56713	-15.6416	0.250025	0.250008	0.249981	0.249911	7.56312e-05	0.00144796
