Sites	Ll	Ll_YN98.omega_1=0.164331	Ll_YN98.omega_1=1	Ll_YN98.omega_1=1.002	Pr_YN98.omega_1=0.164331	Pr_YN98.omega_1=1	Pr_YN98.omega_1=1.002	mean
791	-4.89358	-4.89358	-5.56231	-5.56365	1	0	0	0.164331
792	-4.46636	-4.46636	-4.88082	-4.8817	1	0	0	0.164331
793	-3.46128	-3.46128	-4.04269	-4.04387	1	0	0	0.164331
794	-4.13592	-4.13592	-4.53263	-4.53347	1	0	0	0.164331
795	-4.23197	-4.23197	-4.77404	-4.77514	1	0	0	0.164331
796	-4.27336	-4.27336	-4.63956	-4.64035	1	0	0	0.164331
797	-4.27336	-4.27336	-4.63956	-4.64035	1	0	0	0.164331
798	-3.83481	-3.83481	-4.30862	-4.3096	1	0	0	0.164331
799	-5.88498	-5.88498	-6.33642	-6.3374	1	0	0	0.164331
800	-3.83481	-3.83481	-4.30862	-4.3096	1	0	0	0.164331
801	-4.27336	-4.27336	-4.63956	-4.64035	1	0	0	0.164331
802	-6.11232	-6.11232	-6.39541	-6.39603	1	0	0	0.164331
803	-11.9603	-11.9603	-11.2857	-11.286	1	0	0	0.164331
804	-3.83481	-3.83481	-4.30862	-4.3096	1	0	0	0.164331
805	-3.18952	-3.18952	-3.62761	-3.62854	1	0	0	0.164331
806	-3.83481	-3.83481	-4.30862	-4.3096	1	0	0	0.164331
807	-3.46128	-3.46128	-4.04269	-4.04387	1	0	0	0.164331
808	-6.44041	-6.44041	-7.25127	-7.25294	1	0	0	0.164331
809	-6.10506	-6.10506	-6.35113	-6.35168	1	0	0	0.164331
810	-9.16457	-9.16457	-9.87338	-9.87488	1	0	0	0.164331
811	-5.90222	-5.90222	-6.55474	-6.55609	1	0	0	0.164331
812	-3.18952	-3.18952	-3.62761	-3.62854	1	0	0	0.164331
813	-17.5637	-17.5637	-16.7211	-16.7212	1	0	0	0.164331
814	-9.9772	-9.9772	-10.2454	-10.2459	1	0	0	0.164331
815	-3.4525	-3.4525	-3.76328	-3.76395	1	0	0	0.164331
816	-4.13592	-4.13592	-4.53263	-4.53347	1	0	0	0.164331
817	-3.98954	-3.98954	-4.39341	-4.39427	1	0	0	0.164331
818	-4.60117	-4.60117	-5.00353	-5.00439	1	0	0	0.164331
819	-2.89646	-2.89646	-3.2298	-3.23053	1	0	0	0.164331
820	-2.89646	-2.89646	-3.2298	-3.23053	1	0	0	0.164331
821	-6.11232	-6.11232	-6.39541	-6.39603	1	0	0	0.164331
822	-15.3355	-15.3355	-16.2323	-16.2341	1	0	0	0.164331
823	-3.46128	-3.46128	-4.04269	-4.04387	1	0	0	0.164331
824	-3.46128	-3.46128	-4.04269	-4.04387	1	0	0	0.164331
825	-3.10505	-3.10505	-3.52159	-3.52249	1	0	0	0.164331
826	-15.5506	-15.5506	-15.751	-15.7524	1	0	0	0.164331
827	-13.6431	-13.6431	-11.1297	-11.1286	1	0	0	0.164331
828	-12.2764	-12.2764	-12.6132	-12.6145	1	0	0	0.164331
829	-10.3442	-10.3442	-10.9855	-10.9875	1	0	0	0.164331
830	-18.7307	-18.7307	-18.0858	-18.0863	1	0	0	0.164331
851	-4.13592	-4.13592	-4.53263	-4.53347	1	0	0	0.164331
852	-6.64034	-6.64034	-7.16928	-7.17043	1	0	0	0.164331
853	-3.4525	-3.4525	-3.76328	-3.76395	1	0	0	0.164331
854	-3.10505	-3.10505	-3.52159	-3.52249	1	0	0	0.164331
855	-4.46636	-4.46636	-4.88082	-4.8817	1	0	0	0.164331
856	-4.3487	-4.3487	-4.77339	-4.7743	1	0	0	0.164331
857	-8.19946	-8.19946	-8.9741	-8.97569	1	0	0	0.164331
858	-3.10505	-3.10505	-3.52159	-3.52249	1	0	0	0.164331
859	-3.10505	-3.10505	-3.52159	-3.52249	1	0	0	0.164331
860	-6.03136	-6.03136	-6.54562	-6.54673	1	0	0	0.164331
861	-4.0063	-4.0063	-4.42834	-4.42924	1	0	0	0.164331
862	-4.13592	-4.13592	-4.53263	-4.53347	1	0	0	0.164331
863	-4.36523	-4.36523	-4.96698	-4.96819	1	0	0	0.164331
864	-3.49546	-3.49546	-3.92682	-3.92773	1	0	0	0.164331
865	-2.89646	-2.89646	-3.2298	-3.23053	1	0	0	0.164331
866	-3.10505	-3.10505	-3.52159	-3.52249	1	0	0	0.164331
867	-14.0633	-14.0633	-14.5823	-14.5843	1	0	0	0.164331
868	-17.0355	-17.0355	-18.0487	-18.0507	1	0	0	0.164331
869	-7.883	-7.883	-8.23227	-8.23384	1	0	0	0.164331
870	-14.2759	-14.2759	-14.2183	-14.2196	1	0	0	0.164331
871	-20.2819	-20.2819	-21.0347	-21.0364	1	0	0	0.164331
872	-25.7891	-25.7891	-22.5846	-22.5831	1	0	0	0.164331
873	-11.285	-11.285	-10.8115	-10.8118	1	0	0	0.164331
874	-10.0252	-10.0252	-10.1432	-10.1445	1	0	0	0.164331
906	-32.3777	-32.3777	-30.1858	-30.184	1	0	0	0.164331
907	-12.6493	-12.6493	-14.0506	-14.0532	1	0	0	0.164331
908	-3.87085	-3.87085	-4.22944	-4.2302	1	0	0	0.164331
909	-7.47718	-7.47718	-8.07765	-8.07894	1	0	0	0.164331
910	-4.36523	-4.36523	-4.96698	-4.96819	1	0	0	0.164331
911	-8.01737	-8.01737	-8.51041	-8.5115	1	0	0	0.164331
912	-17.0083	-17.0083	-15.9106	-15.9101	1	0	0	0.164331
913	-3.46128	-3.46128	-4.04269	-4.04387	1	0	0	0.164331
914	-3.73913	-3.73913	-4.11355	-4.11436	1	0	0	0.164331
915	-3.4525	-3.4525	-3.76328	-3.76395	1	0	0	0.164331
916	-4.26386	-4.26386	-4.67179	-4.67266	1	0	0	0.164331
917	-3.87085	-3.87085	-4.22944	-4.2302	1	0	0	0.164331
918	-4.3487	-4.3487	-4.77339	-4.7743	1	0	0	0.164331
919	-4.0063	-4.0063	-4.42834	-4.42924	1	0	0	0.164331
920	-3.98954	-3.98954	-4.39341	-4.39427	1	0	0	0.164331
921	-4.26386	-4.26386	-4.67179	-4.67266	1	0	0	0.164331
922	-2.89646	-2.89646	-3.2298	-3.23053	1	0	0	0.164331
923	-3.95003	-3.95003	-4.24107	-4.24172	1	0	0	0.164331
924	-3.62399	-3.62399	-3.97606	-3.97682	1	0	0	0.164331
925	-3.46128	-3.46128	-4.04269	-4.04387	1	0	0	0.164331
926	-4.36523	-4.36523	-4.96698	-4.96819	1	0	0	0.164331
927	-2.89646	-2.89646	-3.2298	-3.23053	1	0	0	0.164331
928	-3.10505	-3.10505	-3.52159	-3.52249	1	0	0	0.164331
929	-3.07488	-3.07488	-3.37846	-3.37912	1	0	0	0.164331
930	-14.7857	-14.7857	-15.9173	-15.9197	1	0	0	0.164331
931	-2.89646	-2.89646	-3.2298	-3.23053	1	0	0	0.164331
932	-7.34015	-7.34015	-7.93603	-7.93731	1	0	0	0.164331
933	-8.37743	-8.37743	-9.07093	-9.07235	1	0	0	0.164331
934	-3.46128	-3.46128	-4.04269	-4.04387	1	0	0	0.164331
935	-10.8572	-10.8572	-11.5061	-11.5075	1	0	0	0.164331
936	-3.46779	-3.46779	-3.82277	-3.82353	1	0	0	0.164331
937	-9.99259	-9.99259	-10.6178	-10.6192	1	0	0	0.164331
938	-3.46779	-3.46779	-3.82277	-3.82353	1	0	0	0.164331
939	-3.73913	-3.73913	-4.11355	-4.11436	1	0	0	0.164331
940	-3.46779	-3.46779	-3.82277	-3.82353	1	0	0	0.164331
941	-9.42824	-9.42824	-8.45601	-8.45576	1	0	0	0.164331
942	-3.73913	-3.73913	-4.11355	-4.11436	1	0	0	0.164331
943	-3.4525	-3.4525	-3.76328	-3.76395	1	0	0	0.164331
944	-3.07488	-3.07488	-3.37846	-3.37912	1	0	0	0.164331
945	-3.73913	-3.73913	-4.11355	-4.11436	1	0	0	0.164331
946	-4.3487	-4.3487	-4.77339	-4.7743	1	0	0	0.164331
947	-9.61342	-9.61342	-10.2348	-10.2361	1	0	0	0.164331
948	-7.45159	-7.45159	-7.96442	-7.96553	1	0	0	0.164331
949	-4.26386	-4.26386	-4.67179	-4.67266	1	0	0	0.164331
950	-3.10505	-3.10505	-3.52159	-3.52249	1	0	0	0.164331
951	-3.95003	-3.95003	-4.24107	-4.24172	1	0	0	0.164331
952	-4.13592	-4.13592	-4.53263	-4.53347	1	0	0	0.164331
953	-3.62399	-3.62399	-3.97606	-3.97682	1	0	0	0.164331
954	-4.84776	-4.84776	-5.46658	-5.46783	1	0	0	0.164331
955	-2.89646	-2.89646	-3.2298	-3.23053	1	0	0	0.164331
956	-3.10505	-3.10505	-3.52159	-3.52249	1	0	0	0.164331
957	-16.4745	-16.4745	-17.0218	-17.023	1	0	0	0.164331
958	-4.60117	-4.60117	-5.00353	-5.00439	1	0	0	0.164331
959	-2.89646	-2.89646	-3.2298	-3.23053	1	0	0	0.164331
960	-4.0063	-4.0063	-4.42834	-4.42924	1	0	0	0.164331
961	-3.4525	-3.4525	-3.76328	-3.76395	1	0	0	0.164331
962	-3.46128	-3.46128	-4.04269	-4.04387	1	0	0	0.164331
963	-4.26386	-4.26386	-4.67179	-4.67266	1	0	0	0.164331
964	-3.83964	-3.83964	-4.38695	-4.38806	1	0	0	0.164331
965	-2.89646	-2.89646	-3.2298	-3.23053	1	0	0	0.164331
966	-3.10505	-3.10505	-3.52159	-3.52249	1	0	0	0.164331
967	-10.2627	-10.2627	-10.8199	-10.8211	1	0	0	0.164331
968	-9.11037	-9.11037	-9.92018	-9.92177	1	0	0	0.164331
969	-3.10505	-3.10505	-3.52159	-3.52249	1	0	0	0.164331
970	-10.2568	-10.2568	-10.8154	-10.8166	1	0	0	0.164331
971	-3.4525	-3.4525	-3.76328	-3.76395	1	0	0	0.164331
972	-3.07488	-3.07488	-3.37846	-3.37912	1	0	0	0.164331
973	-3.73913	-3.73913	-4.11355	-4.11436	1	0	0	0.164331
974	-4.3487	-4.3487	-4.77339	-4.7743	1	0	0	0.164331
975	-3.07488	-3.07488	-3.37846	-3.37912	1	0	0	0.164331
976	-3.46128	-3.46128	-4.04269	-4.04387	1	0	0	0.164331
977	-11.5851	-11.5851	-10.7802	-10.7803	1	0	0	0.164331
978	-3.07488	-3.07488	-3.37846	-3.37912	1	0	0	0.164331
979	-4.3487	-4.3487	-4.77339	-4.7743	1	0	0	0.164331
980	-4.13592	-4.13592	-4.53263	-4.53347	1	0	0	0.164331
981	-3.62399	-3.62399	-3.97606	-3.97682	1	0	0	0.164331
982	-3.95003	-3.95003	-4.24107	-4.24172	1	0	0	0.164331
983	-2.89646	-2.89646	-3.2298	-3.23053	1	0	0	0.164331
984	-3.10505	-3.10505	-3.52159	-3.52249	1	0	0	0.164331
985	-5.876	-5.876	-6.31239	-6.31335	1	0	0	0.164331
986	-4.46636	-4.46636	-4.88082	-4.8817	1	0	0	0.164331
987	-2.89646	-2.89646	-3.2298	-3.23053	1	0	0	0.164331
988	-4.23197	-4.23197	-4.77404	-4.77514	1	0	0	0.164331
989	-3.07488	-3.07488	-3.37846	-3.37912	1	0	0	0.164331
990	-4.89358	-4.89358	-5.56231	-5.56365	1	0	0	0.164331
991	-3.46779	-3.46779	-3.82277	-3.82353	1	0	0	0.164331
992	-4.23197	-4.23197	-4.77404	-4.77514	1	0	0	0.164331
993	-7.86097	-7.86097	-8.6008	-8.60229	1	0	0	0.164331
994	-2.89646	-2.89646	-3.2298	-3.23053	1	0	0	0.164331
995	-3.83964	-3.83964	-4.38695	-4.38806	1	0	0	0.164331
996	-3.07488	-3.07488	-3.37846	-3.37912	1	0	0	0.164331
997	-5.876	-5.876	-6.31239	-6.31335	1	0	0	0.164331
998	-6.03136	-6.03136	-6.54562	-6.54673	1	0	0	0.164331
999	-8.84964	-8.84964	-9.3274	-9.32843	1	0	0	0.164331
1000	-10.3308	-10.3308	-10.9036	-10.9048	1	0	0	0.164331
1001	-7.47718	-7.47718	-8.07765	-8.07894	1	0	0	0.164331
1002	-3.83481	-3.83481	-4.30862	-4.3096	1	0	0	0.164331
1003	-3.46128	-3.46128	-4.04269	-4.04387	1	0	0	0.164331
1004	-12.3132	-12.3132	-13.2534	-13.2553	1	0	0	0.164331
1035	-10.7018	-10.7018	-11.117	-11.1188	1	0	0	0.164331
1036	-3.46779	-3.46779	-3.82277	-3.82353	1	0	0	0.164331
1037	-3.56527	-3.56527	-3.83797	-3.83858	1	0	0	0.164331
1038	-4.3487	-4.3487	-4.77339	-4.7743	1	0	0	0.164331
1039	-3.73913	-3.73913	-4.11355	-4.11436	1	0	0	0.164331
1040	-9.36591	-9.36591	-9.90603	-9.90719	1	0	0	0.164331
1041	-3.07488	-3.07488	-3.37846	-3.37912	1	0	0	0.164331
1042	-3.73913	-3.73913	-4.11355	-4.11436	1	0	0	0.164331
1043	-3.4525	-3.4525	-3.76328	-3.76395	1	0	0	0.164331
1044	-4.26386	-4.26386	-4.67179	-4.67266	1	0	0	0.164331
1045	-4.0063	-4.0063	-4.42834	-4.42924	1	0	0	0.164331
1046	-4.3487	-4.3487	-4.77339	-4.7743	1	0	0	0.164331
1047	-16.5755	-16.5755	-17.5387	-17.5406	1	0	0	0.164331
1048	-6.26446	-6.26446	-6.77748	-6.77858	1	0	0	0.164331
1049	-3.46128	-3.46128	-4.04269	-4.04387	1	0	0	0.164331
1050	-3.4525	-3.4525	-3.76328	-3.76395	1	0	0	0.164331
1051	-9.42056	-9.42056	-10.2269	-10.2286	1	0	0	0.164331
1052	-9.48351	-9.48351	-10.0165	-10.0176	1	0	0	0.164331
1053	-4.26386	-4.26386	-4.67179	-4.67266	1	0	0	0.164331
1054	-4.46636	-4.46636	-4.88082	-4.8817	1	0	0	0.164331
1055	-5.51586	-5.51586	-5.79121	-5.79182	1	0	0	0.164331
1056	-3.10505	-3.10505	-3.52159	-3.52249	1	0	0	0.164331
1057	-3.07488	-3.07488	-3.37846	-3.37912	1	0	0	0.164331
1058	-4.0063	-4.0063	-4.42834	-4.42924	1	0	0	0.164331
1059	-9.09439	-9.09439	-9.58674	-9.58783	1	0	0	0.164331
1060	-3.4525	-3.4525	-3.76328	-3.76395	1	0	0	0.164331
1061	-2.89646	-2.89646	-3.2298	-3.23053	1	0	0	0.164331
1062	-3.83481	-3.83481	-4.30862	-4.3096	1	0	0	0.164331
1063	-10.3335	-10.3335	-9.06359	-9.06274	1	0	0	0.164331
1064	-3.46128	-3.46128	-4.04269	-4.04387	1	0	0	0.164331
1065	-12.9269	-12.9269	-13.6749	-13.6764	1	0	0	0.164331
1066	-12.2016	-12.2016	-10.4183	-10.4176	1	0	0	0.164331
1067	-5.69397	-5.69397	-7.11366	-7.11585	1	0	0	0.164331
1068	-5.46359	-5.46359	-6.52088	-6.52264	1	0	0	0.164331
1069	-2.89646	-2.89646	-3.2298	-3.23053	1	0	0	0.164331
1070	-12.6451	-12.6451	-11.2812	-11.2802	1	0	0	0.164331
1071	-9.57938	-9.57938	-10.0554	-10.0565	1	0	0	0.164331
1072	-8.38107	-8.38107	-8.83125	-8.83224	1	0	0	0.164331
1073	-4.36523	-4.36523	-4.96698	-4.96819	1	0	0	0.164331
1074	-8.14133	-8.14133	-9.08144	-9.08324	1	0	0	0.164331
