Sites	Ll	Ll_YN98.omega_1=0.012498	Ll_YN98.omega_1=0.0651391	Ll_YN98.omega_1=0.177541	Ll_YN98.omega_1=0.449371	Pr_YN98.omega_1=0.012498	Pr_YN98.omega_1=0.0651391	Pr_YN98.omega_1=0.177541	Pr_YN98.omega_1=0.449371	mean
791	-4.89723	-4.74134	-4.79463	-4.90405	-5.14619	0.288598	0.273622	0.245263	0.192518	0.151486
792	-4.4659	-4.37466	-4.4052	-4.46875	-4.61375	0.272668	0.264466	0.248182	0.214684	0.16117
793	-3.46407	-3.3316	-3.37653	-3.46924	-3.67661	0.282832	0.270403	0.246462	0.200303	0.154916
794	-4.13639	-4.04909	-4.07833	-4.13913	-4.27767	0.271685	0.263855	0.248291	0.216169	0.161805
795	-4.23092	-4.10294	-4.14694	-4.23674	-4.43393	0.281695	0.269571	0.246417	0.202317	0.155745
796	-4.27146	-4.19181	-4.21838	-4.27378	-4.40085	0.269801	0.262727	0.248566	0.218906	0.162986
797	-4.27146	-4.19181	-4.21838	-4.27378	-4.40085	0.269801	0.262727	0.248566	0.218906	0.162986
798	-3.8339	-3.72622	-3.76274	-3.83802	-4.00652	0.276708	0.266785	0.247438	0.209069	0.158716
799	-5.87946	-5.7853	-5.8166	-5.88223	-6.03442	0.273501	0.265073	0.248235	0.213191	0.160558
800	-3.8339	-3.72622	-3.76274	-3.83802	-4.00652	0.276708	0.266785	0.247438	0.209069	0.158716
801	-4.27146	-4.19181	-4.21838	-4.27378	-4.40085	0.269801	0.262727	0.248566	0.218906	0.162986
802	-6.10977	-6.04947	-6.06944	-6.11129	-6.20826	0.265009	0.259769	0.249123	0.226098	0.166065
803	-12.0153	-14.2965	-12.7296	-11.9016	-11.3684	0.0282078	0.135162	0.309362	0.527268	0.30102
804	-3.8339	-3.72622	-3.76274	-3.83802	-4.00652	0.276708	0.266785	0.247438	0.209069	0.158716
805	-3.19208	-3.09719	-3.12887	-3.19493	-3.34632	0.273584	0.265054	0.248109	0.213253	0.160564
806	-3.8339	-3.72622	-3.76274	-3.83802	-4.00652	0.276708	0.266785	0.247438	0.209069	0.158716
807	-3.46407	-3.3316	-3.37653	-3.46924	-3.67661	0.282832	0.270403	0.246462	0.200303	0.154916
808	-6.44693	-6.27019	-6.32999	-6.4543	-6.73647	0.29402	0.276954	0.244579	0.184447	0.148023
809	-6.10139	-6.04954	-6.06666	-6.10261	-6.18626	0.262913	0.258449	0.249323	0.229315	0.167434
810	-9.17692	-9.02783	-9.07789	-9.18276	-9.42456	0.287343	0.273312	0.246102	0.193242	0.151925
811	-5.89861	-5.75546	-5.80377	-5.904	-6.13103	0.285574	0.272108	0.246157	0.196161	0.153146
812	-3.19208	-3.09719	-3.12887	-3.19493	-3.34632	0.273584	0.265054	0.248109	0.213253	0.160564
813	-17.5449	-19.9902	-18.4062	-17.544	-16.9405	0.0259555	0.126517	0.299648	0.54788	0.307967
814	-9.99724	-9.93183	-9.95486	-10.0016	-10.1017	0.266409	0.260344	0.248456	0.22479	0.165414
815	-3.44908	-3.38225	-3.40448	-3.45093	-3.5579	0.266628	0.260766	0.24893	0.223676	0.165027
816	-4.13639	-4.04909	-4.07833	-4.13913	-4.27767	0.271685	0.263855	0.248291	0.216169	0.161805
817	-3.98797	-3.89847	-3.92849	-3.99085	-4.13272	0.272231	0.264181	0.248208	0.215379	0.161463
818	-4.60306	-4.5161	-4.54507	-4.60557	-4.7446	0.271622	0.263866	0.248376	0.216137	0.161805
819	-2.89873	-2.82886	-2.85195	-2.90043	-3.0132	0.267397	0.261294	0.248929	0.222381	0.164489
820	-2.89873	-2.82886	-2.85195	-2.90043	-3.0132	0.267397	0.261294	0.248929	0.222381	0.164489
821	-6.10977	-6.04947	-6.06944	-6.11129	-6.20826	0.265009	0.259769	0.249123	0.226098	0.166065
822	-15.3648	-15.1712	-15.2369	-15.3736	-15.6843	0.298354	0.279369	0.243673	0.178604	0.145448
823	-3.46407	-3.3316	-3.37653	-3.46924	-3.67661	0.282832	0.270403	0.246462	0.200303	0.154916
824	-3.46407	-3.3316	-3.37653	-3.46924	-3.67661	0.282832	0.270403	0.246462	0.200303	0.154916
825	-3.10751	-3.01792	-3.04777	-3.11011	-3.25336	0.272276	0.264268	0.248297	0.215158	0.161386
826	-15.2556	-18.9011	-16.3402	-15.53	-15.4192	0.0132315	0.17132	0.385158	0.430291	0.273067
827	-13.6049	-20.6049	-15.928	-13.4744	-11.8354	0.000128318	0.0137857	0.160337	0.825749	0.400433
828	-12.3611	-13.8965	-12.6435	-12.2728	-12.2846	0.0685653	0.240027	0.347749	0.343659	0.232662
829	-10.1422	-11.9309	-10.6649	-10.3142	-10.4373	0.071243	0.252672	0.358812	0.317273	0.223626
830	-18.7357	-22.754	-19.8918	-18.6617	-18.0966	0.00544276	0.0952463	0.325895	0.573416	0.321808
851	-4.13639	-4.04909	-4.07833	-4.13913	-4.27767	0.271685	0.263855	0.248291	0.216169	0.161805
852	-6.64679	-6.53728	-6.57375	-6.65025	-6.82775	0.277372	0.267438	0.247741	0.207449	0.158093
853	-3.44908	-3.38225	-3.40448	-3.45093	-3.5579	0.266628	0.260766	0.24893	0.223676	0.165027
854	-3.10751	-3.01792	-3.04777	-3.11011	-3.25336	0.272276	0.264268	0.248297	0.215158	0.161386
855	-4.4659	-4.37466	-4.4052	-4.46875	-4.61375	0.272668	0.264466	0.248182	0.214684	0.16117
856	-4.35122	-4.25925	-4.28994	-4.35398	-4.50076	0.272864	0.264615	0.248202	0.214318	0.161022
857	-8.22549	-8.05464	-8.11246	-8.23244	-8.50376	0.292474	0.276042	0.244832	0.186652	0.14898
858	-3.10751	-3.01792	-3.04777	-3.11011	-3.25336	0.272276	0.264268	0.248297	0.215158	0.161386
859	-3.10751	-3.01792	-3.04777	-3.11011	-3.25336	0.272276	0.264268	0.248297	0.215158	0.161386
860	-6.02852	-5.92013	-5.95629	-6.03197	-6.20676	0.277049	0.267211	0.247734	0.208006	0.158323
861	-4.00874	-3.91743	-3.9479	-4.01147	-4.15721	0.2727	0.264516	0.248225	0.21456	0.161126
862	-4.13639	-4.04909	-4.07833	-4.13913	-4.27767	0.271685	0.263855	0.248291	0.216169	0.161805
863	-4.36541	-4.22315	-4.27201	-4.37183	-4.59117	0.285203	0.271605	0.245801	0.197391	0.153598
864	-3.4942	-3.39807	-3.43043	-3.49749	-3.64928	0.273869	0.265149	0.24795	0.213032	0.160446
865	-2.89873	-2.82886	-2.85195	-2.90043	-3.0132	0.267397	0.261294	0.248929	0.222381	0.164489
866	-3.10751	-3.01792	-3.04777	-3.11011	-3.25336	0.272276	0.264268	0.248297	0.215158	0.161386
867	-13.8461	-17.9019	-15.0983	-14.0568	-13.989	0.00874777	0.144375	0.4091	0.437778	0.27887
868	-17.0514	-18.2288	-17.1588	-17.0441	-17.3982	0.105483	0.307543	0.344905	0.242069	0.191365
869	-7.96227	-9.715	-8.34991	-7.8639	-7.84122	0.0561932	0.220057	0.357772	0.365978	0.243016
870	-13.9424	-18.0386	-15.2932	-14.2358	-13.9235	0.00815286	0.126952	0.365445	0.49945	0.297691
871	-20.3868	-23.4951	-20.9542	-20.2673	-20.4479	0.0166736	0.21162	0.420606	0.351101	0.246443
872	-26.0485	-35.644	-29.0076	-25.6322	-23.5373	4.89866e-06	0.00373443	0.109178	0.887082	0.418256
873	-11.3805	-13.5938	-12.0152	-11.2448	-10.841	0.031242	0.151453	0.327248	0.490057	0.288573
874	-10.0926	-11.9561	-10.5478	-9.98178	-9.84296	0.0486276	0.198829	0.350195	0.402348	0.256537
906	-31.7711	-38.0157	-33.9804	-32.3208	-31.1298	0.000750027	0.0424231	0.223027	0.7338	0.372117
907	-12.78	-13.7512	-12.7013	-12.6523	-13.178	0.115846	0.331025	0.347619	0.20551	0.177077
908	-3.86746	-3.78791	-3.81461	-3.87005	-3.99607	0.26977	0.262661	0.248495	0.219074	0.163045
909	-7.48457	-7.35878	-7.40083	-7.48888	-7.6923	0.281433	0.269846	0.247101	0.20162	0.155568
910	-4.36541	-4.22315	-4.27201	-4.37183	-4.59117	0.285203	0.271605	0.245801	0.197391	0.153598
911	-8.02379	-7.92311	-7.95645	-8.02661	-8.19048	0.275158	0.266135	0.248104	0.210603	0.159462
912	-17.0008	-19.5002	-17.8978	-16.9971	-16.3057	0.0234832	0.116593	0.286972	0.572952	0.316305
913	-3.46407	-3.3316	-3.37653	-3.46924	-3.67661	0.282832	0.270403	0.246462	0.200303	0.154916
914	-3.74109	-3.6611	-3.6877	-3.74332	-3.87148	0.2699	0.262814	0.248595	0.218692	0.162902
915	-3.44908	-3.38225	-3.40448	-3.45093	-3.5579	0.266628	0.260766	0.24893	0.223676	0.165027
916	-4.26681	-4.17916	-4.20832	-4.26929	-4.40968	0.271799	0.263986	0.248374	0.215841	0.161682
917	-3.86746	-3.78791	-3.81461	-3.87005	-3.99607	0.26977	0.262661	0.248495	0.219074	0.163045
918	-4.35122	-4.25925	-4.28994	-4.35398	-4.50076	0.272864	0.264615	0.248202	0.214318	0.161022
919	-4.00874	-3.91743	-3.9479	-4.01147	-4.15721	0.2727	0.264516	0.248225	0.21456	0.161126
920	-3.98797	-3.89847	-3.92849	-3.99085	-4.13272	0.272231	0.264181	0.248208	0.215379	0.161463
921	-4.26681	-4.17916	-4.20832	-4.26929	-4.40968	0.271799	0.263986	0.248374	0.215841	0.161682
922	-2.89873	-2.82886	-2.85195	-2.90043	-3.0132	0.267397	0.261294	0.248929	0.222381	0.164489
923	-3.95226	-3.89197	-3.91182	-3.95359	-4.05136	0.265024	0.259816	0.249185	0.225976	0.166024
924	-3.62332	-3.54748	-3.5727	-3.62542	-3.74686	0.268864	0.262168	0.248705	0.220263	0.163573
925	-3.46407	-3.3316	-3.37653	-3.46924	-3.67661	0.282832	0.270403	0.246462	0.200303	0.154916
926	-4.36541	-4.22315	-4.27201	-4.37183	-4.59117	0.285203	0.271605	0.245801	0.197391	0.153598
927	-2.89873	-2.82886	-2.85195	-2.90043	-3.0132	0.267397	0.261294	0.248929	0.222381	0.164489
928	-3.10751	-3.01792	-3.04777	-3.11011	-3.25336	0.272276	0.264268	0.248297	0.215158	0.161386
929	-3.07294	-3.00853	-3.02987	-3.07458	-3.17815	0.266031	0.260415	0.249028	0.224526	0.165396
930	-14.8264	-14.5854	-14.6675	-14.8386	-15.2295	0.310293	0.285857	0.240904	0.162946	0.138492
931	-2.89873	-2.82886	-2.85195	-2.90043	-3.0132	0.267397	0.261294	0.248929	0.222381	0.164489
932	-7.3411	-7.21448	-7.25686	-7.34546	-7.54939	0.281599	0.269914	0.24703	0.201457	0.155488
933	-8.37272	-8.21886	-8.27145	-8.38012	-8.62402	0.288457	0.273681	0.245497	0.192364	0.151461
934	-3.46407	-3.3316	-3.37653	-3.46924	-3.67661	0.282832	0.270403	0.246462	0.200303	0.154916
935	-10.8802	-10.7397	-10.7872	-10.8861	-11.1108	0.285115	0.27188	0.246294	0.19671	0.153397
936	-3.46561	-3.38829	-3.4141	-3.4679	-3.59118	0.269224	0.262365	0.248623	0.219788	0.163362
937	-10.0002	-9.87049	-9.91386	-10.0048	-10.2157	0.282488	0.270499	0.246981	0.200032	0.154888
938	-3.46561	-3.38829	-3.4141	-3.4679	-3.59118	0.269224	0.262365	0.248623	0.219788	0.163362
939	-3.74109	-3.6611	-3.6877	-3.74332	-3.87148	0.2699	0.262814	0.248595	0.218692	0.162902
940	-3.46561	-3.38829	-3.4141	-3.4679	-3.59118	0.269224	0.262365	0.248623	0.219788	0.163362
941	-9.4718	-11.8604	-10.2694	-9.39188	-8.74988	0.0249087	0.122268	0.294048	0.558775	0.311578
942	-3.74109	-3.6611	-3.6877	-3.74332	-3.87148	0.2699	0.262814	0.248595	0.218692	0.162902
943	-3.44908	-3.38225	-3.40448	-3.45093	-3.5579	0.266628	0.260766	0.24893	0.223676	0.165027
944	-3.07294	-3.00853	-3.02987	-3.07458	-3.17815	0.266031	0.260415	0.249028	0.224526	0.165396
945	-3.74109	-3.6611	-3.6877	-3.74332	-3.87148	0.2699	0.262814	0.248595	0.218692	0.162902
946	-4.35122	-4.25925	-4.28994	-4.35398	-4.50076	0.272864	0.264615	0.248202	0.214318	0.161022
947	-9.62086	-9.49206	-9.53512	-9.62544	-9.83483	0.282263	0.270367	0.247018	0.200352	0.155027
948	-7.47872	-7.37188	-7.40745	-7.48205	-7.65512	0.276696	0.267027	0.247831	0.208445	0.158522
949	-4.26681	-4.17916	-4.20832	-4.26929	-4.40968	0.271799	0.263986	0.248374	0.215841	0.161682
950	-3.10751	-3.01792	-3.04777	-3.11011	-3.25336	0.272276	0.264268	0.248297	0.215158	0.161386
951	-3.95226	-3.89197	-3.91182	-3.95359	-4.05136	0.265024	0.259816	0.249185	0.225976	0.166024
952	-4.13639	-4.04909	-4.07833	-4.13913	-4.27767	0.271685	0.263855	0.248291	0.216169	0.161805
953	-3.62332	-3.54748	-3.5727	-3.62542	-3.74686	0.268864	0.262168	0.248705	0.220263	0.163573
954	-4.84874	-4.70334	-4.75313	-4.85511	-5.08	0.285978	0.272088	0.24571	0.196224	0.153099
955	-2.89873	-2.82886	-2.85195	-2.90043	-3.0132	0.267397	0.261294	0.248929	0.222381	0.164489
956	-3.10751	-3.01792	-3.04777	-3.11011	-3.25336	0.272276	0.264268	0.248297	0.215158	0.161386
957	-16.5126	-16.4037	-16.4399	-16.5163	-16.696	0.277429	0.267567	0.247889	0.207116	0.157979
958	-4.60306	-4.5161	-4.54507	-4.60557	-4.7446	0.271622	0.263866	0.248376	0.216137	0.161805
959	-2.89873	-2.82886	-2.85195	-2.90043	-3.0132	0.267397	0.261294	0.248929	0.222381	0.164489
960	-4.00874	-3.91743	-3.9479	-4.01147	-4.15721	0.2727	0.264516	0.248225	0.21456	0.161126
961	-3.44908	-3.38225	-3.40448	-3.45093	-3.5579	0.266628	0.260766	0.24893	0.223676	0.165027
962	-3.46407	-3.3316	-3.37653	-3.46924	-3.67661	0.282832	0.270403	0.246462	0.200303	0.154916
963	-4.26681	-4.17916	-4.20832	-4.26929	-4.40968	0.271799	0.263986	0.248374	0.215841	0.161682
964	-3.83943	-3.71237	-3.75574	-3.84476	-4.0421	0.281479	0.269531	0.246574	0.202416	0.155812
965	-2.89873	-2.82886	-2.85195	-2.90043	-3.0132	0.267397	0.261294	0.248929	0.222381	0.164489
966	-3.10751	-3.01792	-3.04777	-3.11011	-3.25336	0.272276	0.264268	0.248297	0.215158	0.161386
967	-10.2695	-10.1549	-10.193	-10.2732	-10.4597	0.278695	0.268253	0.247583	0.205469	0.157245
968	-9.10323	-8.9142	-8.97987	-9.11404	-9.40786	0.297115	0.278232	0.243297	0.181356	0.146528
969	-3.10751	-3.01792	-3.04777	-3.11011	-3.25336	0.272276	0.264268	0.248297	0.215158	0.161386
970	-10.2636	-10.1487	-10.187	-10.2674	-10.4543	0.27877	0.268298	0.247572	0.20536	0.157198
971	-3.44908	-3.38225	-3.40448	-3.45093	-3.5579	0.266628	0.260766	0.24893	0.223676	0.165027
972	-3.07294	-3.00853	-3.02987	-3.07458	-3.17815	0.266031	0.260415	0.249028	0.224526	0.165396
973	-3.74109	-3.6611	-3.6877	-3.74332	-3.87148	0.2699	0.262814	0.248595	0.218692	0.162902
974	-4.35122	-4.25925	-4.28994	-4.35398	-4.50076	0.272864	0.264615	0.248202	0.214318	0.161022
975	-3.07294	-3.00853	-3.02987	-3.07458	-3.17815	0.266031	0.260415	0.249028	0.224526	0.165396
976	-3.46407	-3.3316	-3.37653	-3.46924	-3.67661	0.282832	0.270403	0.246462	0.200303	0.154916
977	-11.5555	-13.9602	-12.3814	-11.5292	-10.9448	0.0265852	0.128916	0.302271	0.542228	0.306057
978	-3.07294	-3.00853	-3.02987	-3.07458	-3.17815	0.266031	0.260415	0.249028	0.224526	0.165396
979	-4.35122	-4.25925	-4.28994	-4.35398	-4.50076	0.272864	0.264615	0.248202	0.214318	0.161022
980	-4.13639	-4.04909	-4.07833	-4.13913	-4.27767	0.271685	0.263855	0.248291	0.216169	0.161805
981	-3.62332	-3.54748	-3.5727	-3.62542	-3.74686	0.268864	0.262168	0.248705	0.220263	0.163573
982	-3.95226	-3.89197	-3.91182	-3.95359	-4.05136	0.265024	0.259816	0.249185	0.225976	0.166024
983	-2.89873	-2.82886	-2.85195	-2.90043	-3.0132	0.267397	0.261294	0.248929	0.222381	0.164489
984	-3.10751	-3.01792	-3.04777	-3.11011	-3.25336	0.272276	0.264268	0.248297	0.215158	0.161386
985	-5.87527	-5.78576	-5.81538	-5.87768	-6.02318	0.272356	0.264408	0.248438	0.214797	0.161259
986	-4.4659	-4.37466	-4.4052	-4.46875	-4.61375	0.272668	0.264466	0.248182	0.214684	0.16117
987	-2.89873	-2.82886	-2.85195	-2.90043	-3.0132	0.267397	0.261294	0.248929	0.222381	0.164489
988	-4.23092	-4.10294	-4.14694	-4.23674	-4.43393	0.281695	0.269571	0.246417	0.202317	0.155745
989	-3.07294	-3.00853	-3.02987	-3.07458	-3.17815	0.266031	0.260415	0.249028	0.224526	0.165396
990	-4.89723	-4.74134	-4.79463	-4.90405	-5.14619	0.288598	0.273622	0.245263	0.192518	0.151486
991	-3.46561	-3.38829	-3.4141	-3.4679	-3.59118	0.269224	0.262365	0.248623	0.219788	0.163362
992	-4.23092	-4.10294	-4.14694	-4.23674	-4.43393	0.281695	0.269571	0.246417	0.202317	0.155745
993	-7.88267	-7.71842	-7.77502	-7.89194	-8.15377	0.291316	0.275284	0.244909	0.188492	0.149757
994	-2.89873	-2.82886	-2.85195	-2.90043	-3.0132	0.267397	0.261294	0.248929	0.222381	0.164489
995	-3.83943	-3.71237	-3.75574	-3.84476	-4.0421	0.281479	0.269531	0.246574	0.202416	0.155812
996	-3.07294	-3.00853	-3.02987	-3.07458	-3.17815	0.266031	0.260415	0.249028	0.224526	0.165396
997	-5.87527	-5.78576	-5.81538	-5.87768	-6.02318	0.272356	0.264408	0.248438	0.214797	0.161259
998	-6.02852	-5.92013	-5.95629	-6.03197	-6.20676	0.277049	0.267211	0.247734	0.208006	0.158323
999	-8.86877	-8.76825	-8.80183	-8.87207	-9.03417	0.275113	0.266029	0.247983	0.210875	0.159556
1000	-10.3273	-10.2046	-10.246	-10.3322	-10.5297	0.28073	0.269357	0.247099	0.202815	0.156063
1001	-7.48457	-7.35878	-7.40083	-7.48888	-7.6923	0.281433	0.269846	0.247101	0.20162	0.155568
1002	-3.8339	-3.72622	-3.76274	-3.83802	-4.00652	0.276708	0.266785	0.247438	0.209069	0.158716
1003	-3.46407	-3.3316	-3.37653	-3.46924	-3.67661	0.282832	0.270403	0.246462	0.200303	0.154916
1004	-12.4339	-13.6423	-12.5056	-12.3266	-12.6363	0.0945335	0.2946	0.35235	0.258517	0.199098
1035	-10.5284	-12.414	-11.1053	-10.6588	-10.6517	0.061309	0.226906	0.354634	0.35715	0.239002
1036	-3.46561	-3.38829	-3.4141	-3.4679	-3.59118	0.269224	0.262365	0.248623	0.219788	0.163362
1037	-3.56736	-3.51101	-3.52954	-3.56857	-3.66003	0.264043	0.259196	0.249274	0.227487	0.166666
1038	-4.35122	-4.25925	-4.28994	-4.35398	-4.50076	0.272864	0.264615	0.248202	0.214318	0.161022
1039	-3.74109	-3.6611	-3.6877	-3.74332	-3.87148	0.2699	0.262814	0.248595	0.218692	0.162902
1040	-9.3879	-9.27335	-9.31174	-9.39196	-9.57651	0.278631	0.268138	0.247468	0.205764	0.157349
1041	-3.07294	-3.00853	-3.02987	-3.07458	-3.17815	0.266031	0.260415	0.249028	0.224526	0.165396
1042	-3.74109	-3.6611	-3.6877	-3.74332	-3.87148	0.2699	0.262814	0.248595	0.218692	0.162902
1043	-3.44908	-3.38225	-3.40448	-3.45093	-3.5579	0.266628	0.260766	0.24893	0.223676	0.165027
1044	-4.26681	-4.17916	-4.20832	-4.26929	-4.40968	0.271799	0.263986	0.248374	0.215841	0.161682
1045	-4.00874	-3.91743	-3.9479	-4.01147	-4.15721	0.2727	0.264516	0.248225	0.21456	0.161126
1046	-4.35122	-4.25925	-4.28994	-4.35398	-4.50076	0.272864	0.264615	0.248202	0.214318	0.161022
1047	-16.5785	-16.3658	-16.4403	-16.5938	-16.9355	0.303936	0.282129	0.241991	0.171943	0.142406
1048	-6.28892	-6.18188	-6.21776	-6.29296	-6.46686	0.276882	0.267123	0.247772	0.208223	0.15842
1049	-3.46407	-3.3316	-3.37653	-3.46924	-3.67661	0.282832	0.270403	0.246462	0.200303	0.154916
1050	-3.44908	-3.38225	-3.40448	-3.45093	-3.5579	0.266628	0.260766	0.24893	0.223676	0.165027
1051	-9.41925	-9.23842	-9.3004	-9.42834	-9.71448	0.295145	0.277409	0.244094	0.183352	0.147489
1052	-9.51002	-9.3989	-9.43594	-9.51363	-9.69382	0.277791	0.267689	0.247679	0.206841	0.15783
1053	-4.26681	-4.17916	-4.20832	-4.26929	-4.40968	0.271799	0.263986	0.248374	0.215841	0.161682
1054	-4.4659	-4.37466	-4.4052	-4.46875	-4.61375	0.272668	0.264466	0.248182	0.214684	0.16117
1055	-5.51769	-5.46091	-5.47958	-5.51891	-5.61107	0.264151	0.259264	0.249266	0.227319	0.166595
1056	-3.10751	-3.01792	-3.04777	-3.11011	-3.25336	0.272276	0.264268	0.248297	0.215158	0.161386
1057	-3.07294	-3.00853	-3.02987	-3.07458	-3.17815	0.266031	0.260415	0.249028	0.224526	0.165396
1058	-4.00874	-3.91743	-3.9479	-4.01147	-4.15721	0.2727	0.264516	0.248225	0.21456	0.161126
1059	-9.10304	-9.00368	-9.03654	-9.10583	-9.26852	0.274884	0.265999	0.248191	0.210926	0.159611
1060	-3.44908	-3.38225	-3.40448	-3.45093	-3.5579	0.266628	0.260766	0.24893	0.223676	0.165027
1061	-2.89873	-2.82886	-2.85195	-2.90043	-3.0132	0.267397	0.261294	0.248929	0.222381	0.164489
1062	-3.8339	-3.72622	-3.76274	-3.83802	-4.00652	0.276708	0.266785	0.247438	0.209069	0.158716
1063	-10.2649	-12.7925	-11.1796	-10.2565	-9.51101	0.0220943	0.110851	0.279017	0.588037	0.321281
1064	-3.46407	-3.3316	-3.37653	-3.46924	-3.67661	0.282832	0.270403	0.246462	0.200303	0.154916
1065	-12.675	-14.34	-13.1539	-12.9058	-13.1372	0.0847473	0.277491	0.355623	0.282139	0.209058
1066	-12.2219	-18.5171	-14.1391	-12.1128	-10.9213	0.000373826	0.029787	0.225967	0.743872	0.376338
1067	-5.62015	-5.13324	-5.35988	-5.73269	-6.34859	0.378368	0.301639	0.207766	0.112227	0.111696
1068	-5.42262	-5.08677	-5.23581	-5.48958	-5.93151	0.337879	0.291093	0.225852	0.145176	0.12852
1069	-2.89873	-2.82886	-2.85195	-2.90043	-3.0132	0.267397	0.261294	0.248929	0.222381	0.164489
1070	-12.6513	-15.1562	-13.5359	-12.5975	-11.818	0.0212141	0.107226	0.274041	0.597519	0.324411
1071	-9.60057	-9.50037	-9.53386	-9.60396	-9.76574	0.275059	0.266	0.247992	0.210949	0.159588
1072	-8.3796	-8.28694	-8.31773	-8.3824	-8.53305	0.273188	0.264907	0.248316	0.213589	0.160737
1073	-4.36541	-4.22315	-4.27201	-4.37183	-4.59117	0.285203	0.271605	0.245801	0.197391	0.153598
1074	-8.13233	-7.88115	-7.9825	-8.17039	-8.53502	0.315211	0.28483	0.236041	0.163918	0.13806
