Sites	Ll	Ll_YN98.omega_1=0.0122858	Ll_YN98.omega_1=0.0648325	Ll_YN98.omega_1=0.17848	Ll_YN98.omega_1=0.454059	Ll_YN98.omega_1=1	Pr_YN98.omega_1=0.0122858	Pr_YN98.omega_1=0.0648325	Pr_YN98.omega_1=0.17848	Pr_YN98.omega_1=0.454059	Pr_YN98.omega_1=1	mean
791	-4.89803	-4.7411	-4.79421	-4.90462	-5.14939	-5.55688	0.288832	0.273894	0.245262	0.192012	0	0.152265
792	-4.46599	-4.37411	-4.40455	-4.46869	-4.61533	-4.87407	0.272818	0.264639	0.248198	0.214346	0	0.162133
793	-3.46457	-3.3312	-3.37599	-3.46955	-3.67922	-4.03546	0.283039	0.270642	0.246469	0.19985	0	0.155757
794	-4.13621	-4.04829	-4.07744	-4.13881	-4.27893	-4.52631	0.271831	0.264022	0.248306	0.215841	0	0.162779
795	-4.23083	-4.10199	-4.14584	-4.23648	-4.43583	-4.76813	0.281895	0.269801	0.246421	0.201883	0	0.156603
796	-4.2714	-4.1912	-4.21767	-4.2736	-4.40212	-4.63124	0.269934	0.262881	0.248583	0.218603	0	0.163985
797	-4.2714	-4.1912	-4.21767	-4.2736	-4.40212	-4.63124	0.269934	0.262881	0.248583	0.218603	0	0.163985
798	-3.83382	-3.72539	-3.76179	-3.83778	-4.00817	-4.30009	0.276883	0.266985	0.247448	0.208683	0	0.15963
799	-5.88105	-5.78619	-5.8174	-5.88367	-6.03766	-6.31705	0.273668	0.26526	0.248252	0.21282	0	0.1615
800	-3.83382	-3.72539	-3.76179	-3.83778	-4.00817	-4.30009	0.276883	0.266985	0.247448	0.208683	0	0.15963
801	-4.2714	-4.1912	-4.21767	-4.2736	-4.40212	-4.63124	0.269934	0.262881	0.248583	0.218603	0	0.163985
802	-6.10948	-6.04875	-6.06865	-6.11089	-6.20899	-6.38739	0.265113	0.259888	0.249139	0.225859	0	0.167126
803	-12.0137	-14.3157	-12.7362	-11.8998	-11.3661	-11.263	0.0276618	0.134236	0.309804	0.528298	0	0.304215
804	-3.83382	-3.72539	-3.76179	-3.83778	-4.00817	-4.30009	0.276883	0.266985	0.247448	0.208683	0	0.15963
805	-3.19246	-3.09691	-3.12847	-3.19515	-3.34826	-3.61987	0.27374	0.265234	0.248125	0.212901	0	0.161514
806	-3.83382	-3.72539	-3.76179	-3.83778	-4.00817	-4.30009	0.276883	0.266985	0.247448	0.208683	0	0.15963
807	-3.46457	-3.3312	-3.37599	-3.46955	-3.67922	-4.03546	0.283039	0.270642	0.246469	0.19985	0	0.155757
808	-6.4495	-6.27151	-6.33112	-6.45661	-6.74202	-7.23492	0.294305	0.277275	0.244573	0.183847	0	0.148721
809	-6.10095	-6.04873	-6.0658	-6.10209	-6.18672	-6.34192	0.263004	0.258553	0.249338	0.229105	0	0.168523
810	-9.18028	-9.03011	-9.08002	-9.1859	-9.43054	-9.86341	0.287597	0.273596	0.246109	0.192698	0	0.152693
811	-5.90039	-5.75621	-5.80436	-5.90556	-6.13524	-6.53338	0.285815	0.272377	0.246161	0.195647	0	0.15394
812	-3.19246	-3.09691	-3.12847	-3.19515	-3.34826	-3.61987	0.27374	0.265234	0.248125	0.212901	0	0.161514
813	-17.5418	-20.01	-18.4134	-17.5425	-16.9378	-16.7385	0.0254329	0.125544	0.299927	0.549095	0	0.311304
814	-9.99849	-9.93265	-9.95561	-10.0028	-10.104	-10.2569	0.266516	0.260466	0.248462	0.224556	0	0.166468
815	-3.44881	-3.3815	-3.40366	-3.45054	-3.55875	-3.75342	0.266742	0.260897	0.248946	0.223415	0	0.166067
816	-4.13621	-4.04829	-4.07744	-4.13881	-4.27893	-4.52631	0.271831	0.264022	0.248306	0.215841	0	0.162779
817	-3.98791	-3.89779	-3.92771	-3.99065	-4.13413	-4.3863	0.272379	0.264351	0.248223	0.215047	0	0.162432
818	-4.60334	-4.51578	-4.54465	-4.6057	-4.74632	-4.99742	0.271765	0.264031	0.248393	0.21581	0	0.16278
819	-2.89902	-2.82866	-2.85167	-2.9006	-3.01468	-3.22312	0.267515	0.26143	0.248947	0.222108	0	0.165518
820	-2.89902	-2.82866	-2.85167	-2.9006	-3.01468	-3.22312	0.267515	0.26143	0.248947	0.222108	0	0.165518
821	-6.10948	-6.04875	-6.06865	-6.11089	-6.20899	-6.38739	0.265113	0.259888	0.249139	0.225859	0	0.167126
822	-15.368	-15.173	-15.2385	-15.3765	-15.6908	-16.2363	0.298671	0.279722	0.243659	0.177948	0	0.146092
823	-3.46457	-3.3312	-3.37599	-3.46955	-3.67922	-4.03546	0.283039	0.270642	0.246469	0.19985	0	0.155757
824	-3.46457	-3.3312	-3.37599	-3.46955	-3.67922	-4.03546	0.283039	0.270642	0.246469	0.19985	0	0.155757
825	-3.10787	-3.01766	-3.04741	-3.11033	-3.25521	-3.51374	0.272425	0.264439	0.248314	0.214822	0	0.162352
826	-15.2517	-18.9348	-16.3475	-15.5286	-15.421	-15.7508	0.012817	0.170386	0.386446	0.430351	0	0.275581
827	-13.5956	-20.6591	-15.9442	-13.4659	-11.8234	-11.0901	0.000120219	0.0134165	0.159942	0.826521	0	0.404707
828	-12.3607	-13.9134	-12.647	-12.2719	-12.2859	-12.6153	0.0675605	0.239703	0.348804	0.343933	0	0.234791
829	-10.1382	-11.9472	-10.6678	-10.3131	-10.4398	-10.9735	0.0702555	0.252517	0.360034	0.317194	0	0.225518
830	-18.7301	-22.7881	-19.9001	-18.6574	-18.0935	-18.0781	0.00524844	0.0942509	0.326572	0.573928	0	0.325059
851	-4.13621	-4.04829	-4.07744	-4.13881	-4.27893	-4.52631	0.271831	0.264022	0.248306	0.215841	0	0.162779
852	-6.64901	-6.5387	-6.57506	-6.65229	-6.83188	-7.15726	0.277561	0.267652	0.247757	0.20703	0	0.158986
853	-3.44881	-3.3815	-3.40366	-3.45054	-3.55875	-3.75342	0.266742	0.260897	0.248946	0.223415	0	0.166067
854	-3.10787	-3.01766	-3.04741	-3.11033	-3.25521	-3.51374	0.272425	0.264439	0.248314	0.214822	0	0.162352
855	-4.46599	-4.37411	-4.40455	-4.46869	-4.61533	-4.87407	0.272818	0.264639	0.248198	0.214346	0	0.162133
856	-4.35156	-4.25894	-4.28954	-4.35416	-4.50261	-4.76629	0.273016	0.26479	0.248219	0.213976	0	0.161981
857	-8.22761	-8.05554	-8.11318	-8.23431	-8.50875	-8.98042	0.29275	0.276353	0.244827	0.186069	0	0.149696
858	-3.10787	-3.01766	-3.04741	-3.11033	-3.25521	-3.51374	0.272425	0.264439	0.248314	0.214822	0	0.162352
859	-3.10787	-3.01766	-3.04741	-3.11033	-3.25521	-3.51374	0.272425	0.264439	0.248314	0.214822	0	0.162352
860	-6.03031	-5.92113	-5.95717	-6.03358	-6.21044	-6.52844	0.277237	0.267423	0.24775	0.207591	0	0.15922
861	-4.00907	-3.91713	-3.94749	-4.01165	-4.15905	-4.42098	0.27285	0.264689	0.248241	0.214219	0	0.162087
862	-4.13621	-4.04829	-4.07744	-4.13881	-4.27893	-4.52631	0.271831	0.264022	0.248306	0.215841	0	0.162779
863	-4.36562	-4.2224	-4.27109	-4.37185	-4.59358	-4.96194	0.285422	0.271857	0.245801	0.196919	0	0.154415
864	-3.49419	-3.39739	-3.42964	-3.49734	-3.65083	-3.91839	0.274026	0.26533	0.247964	0.212679	0	0.161394
865	-2.89902	-2.82866	-2.85167	-2.9006	-3.01468	-3.22312	0.267515	0.26143	0.248947	0.222108	0	0.165518
866	-3.10787	-3.01766	-3.04741	-3.11033	-3.25521	-3.51374	0.272425	0.264439	0.248314	0.214822	0	0.162352
867	-13.8428	-17.938	-15.1082	-14.0557	-13.994	-14.5739	0.00846701	0.143461	0.41096	0.437112	0	0.281227
868	-17.0527	-18.2449	-17.1615	-17.0453	-17.4044	-18.0378	0.104264	0.308071	0.346025	0.24164	0	0.192731
869	-7.96071	-9.73132	-8.35309	-7.86192	-7.84226	-8.24109	0.0553542	0.21964	0.35894	0.366066	0	0.245199
870	-13.9371	-18.0733	-15.3018	-14.2336	-13.9245	-14.201	0.00788345	0.125993	0.366673	0.499451	0	0.300489
871	-20.3881	-23.5309	-20.9633	-20.2688	-20.4551	-21.0107	0.01618	0.210898	0.422357	0.350565	0	0.248431
872	-26.0367	-35.7201	-29.0307	-25.6212	-23.5225	-22.581	4.47542e-06	0.00359773	0.108834	0.887564	0	0.422664
873	-11.3773	-13.6113	-12.0198	-11.2416	-10.8382	-10.8101	0.0306622	0.150582	0.327904	0.490851	0	0.291539
874	-10.0906	-11.9723	-10.5511	-9.97932	-9.84309	-10.1347	0.0478745	0.198301	0.351278	0.402547	0	0.25892
906	-31.7586	-38.0685	-33.9942	-32.3171	-31.1204	-30.2213	0.000706401	0.0415417	0.222249	0.735503	0	0.37633
907	-12.7827	-13.7666	-12.7033	-12.6537	-13.1862	-14.0446	0.114602	0.331873	0.348769	0.204756	0	0.178144
908	-3.8671	-3.78699	-3.81361	-3.86957	-3.99702	-4.22127	0.269903	0.262814	0.24851	0.218773	0	0.164045
909	-7.48693	-7.36024	-7.40215	-7.49104	-7.69683	-8.06593	0.281647	0.270087	0.247115	0.201152	0	0.156411
910	-4.36562	-4.2224	-4.27109	-4.37185	-4.59358	-4.96194	0.285422	0.271857	0.245801	0.196919	0	0.154415
911	-8.02594	-7.92453	-7.95776	-8.02859	-8.19441	-8.49902	0.275334	0.266333	0.248122	0.21021	0	0.160382
912	-16.9967	-19.5194	-17.9044	-16.9947	-16.301	-15.9483	0.0229875	0.115575	0.28704	0.574398	0	0.319817
913	-3.46457	-3.3312	-3.37599	-3.46955	-3.67922	-4.03546	0.283039	0.270642	0.246469	0.19985	0	0.155757
914	-3.74133	-3.66077	-3.68729	-3.74342	-3.87306	-4.10572	0.270034	0.262968	0.248612	0.218386	0	0.163899
915	-3.44881	-3.3815	-3.40366	-3.45054	-3.55875	-3.75342	0.266742	0.260897	0.248946	0.223415	0	0.166067
916	-4.2672	-4.17894	-4.208	-4.26953	-4.41152	-4.66589	0.271944	0.264153	0.248391	0.215512	0	0.162655
917	-3.8671	-3.78699	-3.81361	-3.86957	-3.99702	-4.22127	0.269903	0.262814	0.24851	0.218773	0	0.164045
918	-4.35156	-4.25894	-4.28954	-4.35416	-4.50261	-4.76629	0.273016	0.26479	0.248219	0.213976	0	0.161981
919	-4.00907	-3.91713	-3.94749	-4.01165	-4.15905	-4.42098	0.27285	0.264689	0.248241	0.214219	0	0.162087
920	-3.98791	-3.89779	-3.92771	-3.99065	-4.13413	-4.3863	0.272379	0.264351	0.248223	0.215047	0	0.162432
921	-4.2672	-4.17894	-4.208	-4.26953	-4.41152	-4.66589	0.271944	0.264153	0.248391	0.215512	0	0.162655
922	-2.89902	-2.82866	-2.85167	-2.9006	-3.01468	-3.22312	0.267515	0.26143	0.248947	0.222108	0	0.165518
923	-3.95254	-3.89181	-3.91159	-3.95376	-4.05265	-4.23555	0.265127	0.259935	0.249202	0.225736	0	0.167085
924	-3.62337	-3.54699	-3.57213	-3.62534	-3.74817	-3.96884	0.268991	0.262314	0.248722	0.219972	0	0.164584
925	-3.46457	-3.3312	-3.37599	-3.46955	-3.67922	-4.03546	0.283039	0.270642	0.246469	0.19985	0	0.155757
926	-4.36562	-4.2224	-4.27109	-4.37185	-4.59358	-4.96194	0.285422	0.271857	0.245801	0.196919	0	0.154415
927	-2.89902	-2.82866	-2.85167	-2.9006	-3.01468	-3.22312	0.267515	0.26143	0.248947	0.222108	0	0.165518
928	-3.10787	-3.01766	-3.04741	-3.11033	-3.25521	-3.51374	0.272425	0.264439	0.248314	0.214822	0	0.162352
929	-3.07286	-3.00799	-3.02926	-3.07439	-3.17916	-3.36947	0.266141	0.260541	0.249045	0.224272	0	0.166444
930	-14.8304	-14.5877	-14.6695	-14.8422	-15.2377	-15.9273	0.310672	0.28628	0.240866	0.162182	0	0.139007
931	-2.89902	-2.82866	-2.85167	-2.9006	-3.01468	-3.22312	0.267515	0.26143	0.248947	0.222108	0	0.165518
932	-7.34317	-7.21564	-7.25789	-7.34733	-7.55364	-7.92163	0.281813	0.270156	0.247043	0.200988	0	0.15633
933	-8.37463	-8.21968	-8.2721	-8.38183	-8.62853	-9.04882	0.288713	0.273967	0.245496	0.191825	0	0.152225
934	-3.46457	-3.3312	-3.37599	-3.46955	-3.67922	-4.03546	0.283039	0.270642	0.246469	0.19985	0	0.155757
935	-10.882	-10.7405	-10.7879	-10.8877	-11.1151	-11.5118	0.285351	0.272145	0.246301	0.196203	0	0.154197
936	-3.46549	-3.38762	-3.41334	-3.46765	-3.59233	-3.81437	0.269354	0.262514	0.248639	0.219493	0	0.164368
937	-10.0026	-9.87197	-9.9152	-10.007	-10.2203	-10.6055	0.282708	0.270748	0.246995	0.199549	0	0.155717
938	-3.46549	-3.38762	-3.41334	-3.46765	-3.59233	-3.81437	0.269354	0.262514	0.248639	0.219493	0	0.164368
939	-3.74133	-3.66077	-3.68729	-3.74342	-3.87306	-4.10572	0.270034	0.262968	0.248612	0.218386	0	0.163899
940	-3.46549	-3.38762	-3.41334	-3.46765	-3.59233	-3.81437	0.269354	0.262514	0.248639	0.219493	0	0.164368
941	-9.46825	-11.8788	-10.2752	-9.38886	-8.74507	-8.46481	0.0243959	0.12127	0.294225	0.56011	0	0.314998
942	-3.74133	-3.66077	-3.68729	-3.74342	-3.87306	-4.10572	0.270034	0.262968	0.248612	0.218386	0	0.163899
943	-3.44881	-3.3815	-3.40366	-3.45054	-3.55875	-3.75342	0.266742	0.260897	0.248946	0.223415	0	0.166067
944	-3.07286	-3.00799	-3.02926	-3.07439	-3.17916	-3.36947	0.266141	0.260541	0.249045	0.224272	0	0.166444
945	-3.74133	-3.66077	-3.68729	-3.74342	-3.87306	-4.10572	0.270034	0.262968	0.248612	0.218386	0	0.163899
946	-4.35156	-4.25894	-4.28954	-4.35416	-4.50261	-4.76629	0.273016	0.26479	0.248219	0.213976	0	0.161981
947	-9.62326	-9.49354	-9.53646	-9.62764	-9.83948	-10.222	0.282483	0.270615	0.247032	0.199871	0	0.155859
948	-7.48057	-7.37296	-7.40842	-7.48373	-7.65884	-7.97646	0.276881	0.267236	0.247848	0.208036	0	0.159424
949	-4.2672	-4.17894	-4.208	-4.26953	-4.41152	-4.66589	0.271944	0.264153	0.248391	0.215512	0	0.162655
950	-3.10787	-3.01766	-3.04741	-3.11033	-3.25521	-3.51374	0.272425	0.264439	0.248314	0.214822	0	0.162352
951	-3.95254	-3.89181	-3.91159	-3.95376	-4.05265	-4.23555	0.265127	0.259935	0.249202	0.225736	0	0.167085
952	-4.13621	-4.04829	-4.07744	-4.13881	-4.27893	-4.52631	0.271831	0.264022	0.248306	0.215841	0	0.162779
953	-3.62337	-3.54699	-3.57213	-3.62534	-3.74817	-3.96884	0.268991	0.262314	0.248722	0.219972	0	0.164584
954	-4.84909	-4.70272	-4.75234	-4.85526	-5.08261	-5.46145	0.286201	0.272345	0.24571	0.195744	0	0.153907
955	-2.89902	-2.82866	-2.85167	-2.9006	-3.01468	-3.22312	0.267515	0.26143	0.248947	0.222108	0	0.165518
956	-3.10787	-3.01766	-3.04741	-3.11033	-3.25521	-3.51374	0.272425	0.264439	0.248314	0.214822	0	0.162352
957	-16.5159	-16.4062	-16.4423	-16.5194	-16.7013	-17.0405	0.277623	0.267784	0.247908	0.206684	0	0.158865
958	-4.60334	-4.51578	-4.54465	-4.6057	-4.74632	-4.99742	0.271765	0.264031	0.248393	0.21581	0	0.16278
959	-2.89902	-2.82866	-2.85167	-2.9006	-3.01468	-3.22312	0.267515	0.26143	0.248947	0.222108	0	0.165518
960	-4.00907	-3.91713	-3.94749	-4.01165	-4.15905	-4.42098	0.27285	0.264689	0.248241	0.214219	0	0.162087
961	-3.44881	-3.3815	-3.40366	-3.45054	-3.55875	-3.75342	0.266742	0.260897	0.248946	0.223415	0	0.166067
962	-3.46457	-3.3312	-3.37599	-3.46955	-3.67922	-4.03546	0.283039	0.270642	0.246469	0.19985	0	0.155757
963	-4.2672	-4.17894	-4.208	-4.26953	-4.41152	-4.66589	0.271944	0.264153	0.248391	0.215512	0	0.162655
964	-3.83957	-3.71163	-3.75486	-3.84472	-4.04423	-4.38013	0.281679	0.269761	0.24658	0.201981	0	0.156671
965	-2.89902	-2.82866	-2.85167	-2.9006	-3.01468	-3.22312	0.267515	0.26143	0.248947	0.222108	0	0.165518
966	-3.10787	-3.01766	-3.04741	-3.11033	-3.25521	-3.51374	0.272425	0.264439	0.248314	0.214822	0	0.162352
967	-10.2718	-10.1563	-10.1944	-10.2753	-10.464	-10.8071	0.278893	0.268477	0.247599	0.205031	0	0.15812
968	-9.10522	-8.91488	-8.98035	-9.11581	-9.41292	-9.89876	0.297413	0.278566	0.243276	0.180745	0	0.147203
969	-3.10787	-3.01766	-3.04741	-3.11033	-3.25521	-3.51374	0.272425	0.264439	0.248314	0.214822	0	0.162352
970	-10.2659	-10.1501	-10.1883	-10.2695	-10.4586	-10.8026	0.278968	0.268522	0.247588	0.204921	0	0.158072
971	-3.44881	-3.3815	-3.40366	-3.45054	-3.55875	-3.75342	0.266742	0.260897	0.248946	0.223415	0	0.166067
972	-3.07286	-3.00799	-3.02926	-3.07439	-3.17916	-3.36947	0.266141	0.260541	0.249045	0.224272	0	0.166444
973	-3.74133	-3.66077	-3.68729	-3.74342	-3.87306	-4.10572	0.270034	0.262968	0.248612	0.218386	0	0.163899
974	-4.35156	-4.25894	-4.28954	-4.35416	-4.50261	-4.76629	0.273016	0.26479	0.248219	0.213976	0	0.161981
975	-3.07286	-3.00799	-3.02926	-3.07439	-3.17916	-3.36947	0.266141	0.260541	0.249045	0.224272	0	0.166444
976	-3.46457	-3.3312	-3.37599	-3.46955	-3.67922	-4.03546	0.283039	0.270642	0.246469	0.19985	0	0.155757
977	-11.5525	-13.9796	-12.3882	-11.5274	-10.942	-10.7629	0.026056	0.127956	0.302594	0.543394	0	0.309356
978	-3.07286	-3.00799	-3.02926	-3.07439	-3.17916	-3.36947	0.266141	0.260541	0.249045	0.224272	0	0.166444
979	-4.35156	-4.25894	-4.28954	-4.35416	-4.50261	-4.76629	0.273016	0.26479	0.248219	0.213976	0	0.161981
980	-4.13621	-4.04829	-4.07744	-4.13881	-4.27893	-4.52631	0.271831	0.264022	0.248306	0.215841	0	0.162779
981	-3.62337	-3.54699	-3.57213	-3.62534	-3.74817	-3.96884	0.268991	0.262314	0.248722	0.219972	0	0.164584
982	-3.95254	-3.89181	-3.91159	-3.95376	-4.05265	-4.23555	0.265127	0.259935	0.249202	0.225736	0	0.167085
983	-2.89902	-2.82866	-2.85167	-2.9006	-3.01468	-3.22312	0.267515	0.26143	0.248947	0.222108	0	0.165518
984	-3.10787	-3.01766	-3.04741	-3.11033	-3.25521	-3.51374	0.272425	0.264439	0.248314	0.214822	0	0.162352
985	-5.8771	-5.78694	-5.81646	-5.87936	-6.02659	-6.29736	0.272515	0.264587	0.248457	0.214441	0	0.162215
986	-4.46599	-4.37411	-4.40455	-4.46869	-4.61533	-4.87407	0.272818	0.264639	0.248198	0.214346	0	0.162133
987	-2.89902	-2.82866	-2.85167	-2.9006	-3.01468	-3.22312	0.267515	0.26143	0.248947	0.222108	0	0.165518
988	-4.23083	-4.10199	-4.14584	-4.23648	-4.43583	-4.76813	0.281895	0.269801	0.246421	0.201883	0	0.156603
989	-3.07286	-3.00799	-3.02926	-3.07439	-3.17916	-3.36947	0.266141	0.260541	0.249045	0.224272	0	0.166444
990	-4.89803	-4.7411	-4.79421	-4.90462	-5.14939	-5.55688	0.288832	0.273894	0.245262	0.192012	0	0.152265
991	-3.46549	-3.38762	-3.41334	-3.46765	-3.59233	-3.81437	0.269354	0.262514	0.248639	0.219493	0	0.164368
992	-4.23083	-4.10199	-4.14584	-4.23648	-4.43583	-4.76813	0.281895	0.269801	0.246421	0.201883	0	0.156603
993	-7.8846	-7.71921	-7.77564	-7.89368	-8.15849	-8.60649	0.291584	0.275586	0.244903	0.187927	0	0.150489
994	-2.89902	-2.82866	-2.85167	-2.9006	-3.01468	-3.22312	0.267515	0.26143	0.248947	0.222108	0	0.165518
995	-3.83957	-3.71163	-3.75486	-3.84472	-4.04423	-4.38013	0.281679	0.269761	0.24658	0.201981	0	0.156671
996	-3.07286	-3.00799	-3.02926	-3.07439	-3.17916	-3.36947	0.266141	0.260541	0.249045	0.224272	0	0.166444
997	-5.8771	-5.78694	-5.81646	-5.87936	-6.02659	-6.29736	0.272515	0.264587	0.248457	0.214441	0	0.162215
998	-6.03031	-5.92113	-5.95717	-6.03358	-6.21044	-6.52844	0.277237	0.267423	0.24775	0.207591	0	0.15922
999	-8.87022	-8.76897	-8.80244	-8.87337	-9.03738	-9.33213	0.275289	0.266227	0.247999	0.210485	0	0.160478
1000	-10.3292	-10.2056	-10.2469	-10.3339	-10.5337	-10.8869	0.280939	0.269592	0.247111	0.202358	0	0.156917
1001	-7.48693	-7.36024	-7.40215	-7.49104	-7.69683	-8.06593	0.281647	0.270087	0.247115	0.201152	0	0.156411
1002	-3.83382	-3.72539	-3.76179	-3.83778	-4.00817	-4.30009	0.276883	0.266985	0.247448	0.208683	0	0.15963
1003	-3.46457	-3.3312	-3.37599	-3.46955	-3.67922	-4.03546	0.283039	0.270642	0.246469	0.19985	0	0.155757
1004	-12.4353	-13.6586	-12.5085	-12.3271	-12.6414	-13.2565	0.0933647	0.294901	0.35354	0.258194	0	0.200601
1035	-10.5233	-12.4293	-11.1076	-10.6561	-10.652	-11.1055	0.0604089	0.226538	0.355801	0.357252	0	0.241146
1036	-3.46549	-3.38762	-3.41334	-3.46765	-3.59233	-3.81437	0.269354	0.262514	0.248639	0.219493	0	0.164368
1037	-3.5676	-3.51085	-3.52932	-3.56871	-3.66123	-3.83285	0.26414	0.259307	0.249292	0.227262	0	0.16774
1038	-4.35156	-4.25894	-4.28954	-4.35416	-4.50261	-4.76629	0.273016	0.26479	0.248219	0.213976	0	0.161981
1039	-3.74133	-3.66077	-3.68729	-3.74342	-3.87306	-4.10572	0.270034	0.262968	0.248612	0.218386	0	0.163899
1040	-9.38954	-9.27416	-9.31243	-9.39342	-9.58014	-9.91326	0.278828	0.26836	0.247482	0.205331	0	0.158227
1041	-3.07286	-3.00799	-3.02926	-3.07439	-3.17916	-3.36947	0.266141	0.260541	0.249045	0.224272	0	0.166444
1042	-3.74133	-3.66077	-3.68729	-3.74342	-3.87306	-4.10572	0.270034	0.262968	0.248612	0.218386	0	0.163899
1043	-3.44881	-3.3815	-3.40366	-3.45054	-3.55875	-3.75342	0.266742	0.260897	0.248946	0.223415	0	0.166067
1044	-4.2672	-4.17894	-4.208	-4.26953	-4.41152	-4.66589	0.271944	0.264153	0.248391	0.215512	0	0.162655
1045	-4.00907	-3.91713	-3.94749	-4.01165	-4.15905	-4.42098	0.27285	0.264689	0.248241	0.214219	0	0.162087
1046	-4.35156	-4.25894	-4.28954	-4.35416	-4.50261	-4.76629	0.273016	0.26479	0.248219	0.213976	0	0.161981
1047	-16.5823	-16.3681	-16.4424	-16.5973	-16.9429	-17.5201	0.304277	0.282509	0.24196	0.171254	0	0.142998
1048	-6.29075	-6.18294	-6.21871	-6.29463	-6.47057	-6.78635	0.277069	0.267333	0.247788	0.207811	0	0.159319
1049	-3.46457	-3.3312	-3.37599	-3.46955	-3.67922	-4.03546	0.283039	0.270642	0.246469	0.19985	0	0.155757
1050	-3.44881	-3.3815	-3.40366	-3.45054	-3.55875	-3.75342	0.266742	0.260897	0.248946	0.223415	0	0.166067
1051	-9.42148	-9.23939	-9.30117	-9.43033	-9.71973	-10.208	0.295435	0.277735	0.244082	0.182748	0	0.148178
1052	-9.51185	-9.39993	-9.43685	-9.51528	-9.69759	-10.0279	0.277982	0.267906	0.247696	0.206416	0	0.158718
1053	-4.2672	-4.17894	-4.208	-4.26953	-4.41152	-4.66589	0.271944	0.264153	0.248391	0.215512	0	0.162655
1054	-4.46599	-4.37411	-4.40455	-4.46869	-4.61533	-4.87407	0.272818	0.264639	0.248198	0.214346	0	0.162133
1055	-5.51789	-5.4607	-5.47931	-5.51901	-5.61224	-5.78516	0.264248	0.259377	0.249283	0.227091	0	0.167667
1056	-3.10787	-3.01766	-3.04741	-3.11033	-3.25521	-3.51374	0.272425	0.264439	0.248314	0.214822	0	0.162352
1057	-3.07286	-3.00799	-3.02926	-3.07439	-3.17916	-3.36947	0.266141	0.260541	0.249045	0.224272	0	0.166444
1058	-4.00907	-3.91713	-3.94749	-4.01165	-4.15905	-4.42098	0.27285	0.264689	0.248241	0.214219	0	0.162087
1059	-9.10537	-9.00528	-9.03804	-9.10799	-9.27261	-9.57816	0.275058	0.266195	0.248211	0.210536	0	0.160534
1060	-3.44881	-3.3815	-3.40366	-3.45054	-3.55875	-3.75342	0.266742	0.260897	0.248946	0.223415	0	0.166067
1061	-2.89902	-2.82866	-2.85167	-2.9006	-3.01468	-3.22312	0.267515	0.26143	0.248947	0.222108	0	0.165518
1062	-3.83382	-3.72539	-3.76179	-3.83778	-4.00817	-4.30009	0.276883	0.266985	0.247448	0.208683	0	0.15963
1063	-10.2595	-12.8106	-11.1852	-10.2529	-9.50444	-9.04555	0.0216135	0.109806	0.278948	0.589632	0	0.324899
1064	-3.46457	-3.3312	-3.37599	-3.46955	-3.67922	-4.03546	0.283039	0.270642	0.246469	0.19985	0	0.155757
1065	-12.672	-14.3563	-13.1569	-12.9061	-13.1421	-13.6507	0.0836871	0.277673	0.356826	0.281814	0	0.210677
1066	-12.214	-18.5692	-14.1526	-12.1056	-10.9122	-10.4173	0.000352054	0.0291543	0.225802	0.744692	0	0.380329
1067	-5.61986	-5.13067	-5.35676	-5.73292	-6.35399	-7.11923	0.378864	0.302198	0.207457	0.111481	0	0.111893
1068	-5.42158	-5.08412	-5.23275	-5.48874	-5.93453	-6.5259	0.338253	0.291538	0.225694	0.144515	0	0.128957
1069	-2.89902	-2.82866	-2.85167	-2.9006	-3.01468	-3.22312	0.267515	0.26143	0.248947	0.222108	0	0.165518
1070	-12.6463	-15.1741	-13.5413	-12.5936	-11.8108	-11.2949	0.0207438	0.106168	0.273893	0.599195	0	0.328092
1071	-9.60204	-9.50112	-9.5345	-9.60527	-9.76897	-10.0624	0.275234	0.266197	0.248009	0.210561	0	0.160511
1072	-8.38146	-8.28813	-8.31881	-8.38411	-8.53655	-8.81543	0.273352	0.265091	0.248334	0.213223	0	0.161683
1073	-4.36562	-4.2224	-4.27109	-4.37185	-4.59358	-4.96194	0.285422	0.271857	0.245801	0.196919	0	0.154415
1074	-8.131	-7.87851	-7.97953	-8.16908	-8.53724	-9.09779	0.31553	0.285213	0.235967	0.16329	0	0.138626
