Sites	Ll	Ll_YN98.omega_1=0.164332	Ll_YN98.omega_1=1	Pr_YN98.omega_1=0.164332	Pr_YN98.omega_1=1	mean
791	-4.89358	-4.89358	-5.56232	1	0	0.164332
792	-4.46636	-4.46636	-4.88083	1	0	0.164332
793	-3.46128	-3.46128	-4.04269	1	0	0.164332
794	-4.13592	-4.13592	-4.53264	1	0	0.164332
795	-4.23198	-4.23198	-4.77405	1	0	0.164332
796	-4.27336	-4.27336	-4.63956	1	0	0.164332
797	-4.27336	-4.27336	-4.63956	1	0	0.164332
798	-3.83481	-3.83481	-4.30862	1	0	0.164332
799	-5.88497	-5.88497	-6.3364	1	0	0.164332
800	-3.83481	-3.83481	-4.30862	1	0	0.164332
801	-4.27336	-4.27336	-4.63956	1	0	0.164332
802	-6.11232	-6.11232	-6.39541	1	0	0.164332
803	-11.9603	-11.9603	-11.2857	1	0	0.164332
804	-3.83481	-3.83481	-4.30862	1	0	0.164332
805	-3.18952	-3.18952	-3.62761	1	0	0.164332
806	-3.83481	-3.83481	-4.30862	1	0	0.164332
807	-3.46128	-3.46128	-4.04269	1	0	0.164332
808	-6.4404	-6.4404	-7.25126	1	0	0.164332
809	-6.10506	-6.10506	-6.35114	1	0	0.164332
810	-9.16456	-9.16456	-9.87337	1	0	0.164332
811	-5.90221	-5.90221	-6.55472	1	0	0.164332
812	-3.18952	-3.18952	-3.62761	1	0	0.164332
813	-17.5637	-17.5637	-16.7211	1	0	0.164332
814	-9.97721	-9.97721	-10.2454	1	0	0.164332
815	-3.4525	-3.4525	-3.76328	1	0	0.164332
816	-4.13592	-4.13592	-4.53264	1	0	0.164332
817	-3.98954	-3.98954	-4.39342	1	0	0.164332
818	-4.60117	-4.60117	-5.00354	1	0	0.164332
819	-2.89646	-2.89646	-3.2298	1	0	0.164332
820	-2.89646	-2.89646	-3.2298	1	0	0.164332
821	-6.11232	-6.11232	-6.39541	1	0	0.164332
822	-15.3355	-15.3355	-16.2322	1	0	0.164332
823	-3.46128	-3.46128	-4.04269	1	0	0.164332
824	-3.46128	-3.46128	-4.04269	1	0	0.164332
825	-3.10505	-3.10505	-3.5216	1	0	0.164332
826	-15.5506	-15.5506	-15.7511	1	0	0.164332
827	-13.6431	-13.6431	-11.1297	1	0	0.164332
828	-12.2764	-12.2764	-12.6132	1	0	0.164332
829	-10.3442	-10.3442	-10.9855	1	0	0.164332
830	-18.7307	-18.7307	-18.0858	1	0	0.164332
851	-4.13592	-4.13592	-4.53264	1	0	0.164332
852	-6.64034	-6.64034	-7.16927	1	0	0.164332
853	-3.4525	-3.4525	-3.76328	1	0	0.164332
854	-3.10505	-3.10505	-3.5216	1	0	0.164332
855	-4.46636	-4.46636	-4.88083	1	0	0.164332
856	-4.3487	-4.3487	-4.7734	1	0	0.164332
857	-8.19946	-8.19946	-8.9741	1	0	0.164332
858	-3.10505	-3.10505	-3.5216	1	0	0.164332
859	-3.10505	-3.10505	-3.5216	1	0	0.164332
860	-6.03135	-6.03135	-6.5456	1	0	0.164332
861	-4.0063	-4.0063	-4.42834	1	0	0.164332
862	-4.13592	-4.13592	-4.53264	1	0	0.164332
863	-4.36523	-4.36523	-4.96699	1	0	0.164332
864	-3.49546	-3.49546	-3.92683	1	0	0.164332
865	-2.89646	-2.89646	-3.2298	1	0	0.164332
866	-3.10505	-3.10505	-3.5216	1	0	0.164332
867	-14.0633	-14.0633	-14.5823	1	0	0.164332
868	-17.0355	-17.0355	-18.0487	1	0	0.164332
869	-7.883	-7.883	-8.2323	1	0	0.164332
870	-14.2759	-14.2759	-14.2183	1	0	0.164332
871	-20.2819	-20.2819	-21.0347	1	0	0.164332
872	-25.7892	-25.7892	-22.5845	1	0	0.164332
873	-11.285	-11.285	-10.8115	1	0	0.164332
874	-10.0252	-10.0252	-10.1432	1	0	0.164332
906	-32.3778	-32.3778	-30.1858	1	0	0.164332
907	-12.6493	-12.6493	-14.0506	1	0	0.164332
908	-3.87085	-3.87085	-4.22945	1	0	0.164332
909	-7.47717	-7.47717	-8.07763	1	0	0.164332
910	-4.36523	-4.36523	-4.96699	1	0	0.164332
911	-8.01736	-8.01736	-8.5104	1	0	0.164332
912	-17.0083	-17.0083	-15.9106	1	0	0.164332
913	-3.46128	-3.46128	-4.04269	1	0	0.164332
914	-3.73913	-3.73913	-4.11355	1	0	0.164332
915	-3.4525	-3.4525	-3.76328	1	0	0.164332
916	-4.26386	-4.26386	-4.67179	1	0	0.164332
917	-3.87085	-3.87085	-4.22945	1	0	0.164332
918	-4.3487	-4.3487	-4.7734	1	0	0.164332
919	-4.0063	-4.0063	-4.42834	1	0	0.164332
920	-3.98954	-3.98954	-4.39342	1	0	0.164332
921	-4.26386	-4.26386	-4.67179	1	0	0.164332
922	-2.89646	-2.89646	-3.2298	1	0	0.164332
923	-3.95003	-3.95003	-4.24107	1	0	0.164332
924	-3.62399	-3.62399	-3.97607	1	0	0.164332
925	-3.46128	-3.46128	-4.04269	1	0	0.164332
926	-4.36523	-4.36523	-4.96699	1	0	0.164332
927	-2.89646	-2.89646	-3.2298	1	0	0.164332
928	-3.10505	-3.10505	-3.5216	1	0	0.164332
929	-3.07488	-3.07488	-3.37846	1	0	0.164332
930	-14.7857	-14.7857	-15.9173	1	0	0.164332
931	-2.89646	-2.89646	-3.2298	1	0	0.164332
932	-7.34014	-7.34014	-7.93602	1	0	0.164332
933	-8.37742	-8.37742	-9.07091	1	0	0.164332
934	-3.46128	-3.46128	-4.04269	1	0	0.164332
935	-10.8572	-10.8572	-11.5061	1	0	0.164332
936	-3.46779	-3.46779	-3.82277	1	0	0.164332
937	-9.99258	-9.99258	-10.6178	1	0	0.164332
938	-3.46779	-3.46779	-3.82277	1	0	0.164332
939	-3.73913	-3.73913	-4.11355	1	0	0.164332
940	-3.46779	-3.46779	-3.82277	1	0	0.164332
941	-9.42824	-9.42824	-8.45601	1	0	0.164332
942	-3.73913	-3.73913	-4.11355	1	0	0.164332
943	-3.4525	-3.4525	-3.76328	1	0	0.164332
944	-3.07488	-3.07488	-3.37846	1	0	0.164332
945	-3.73913	-3.73913	-4.11355	1	0	0.164332
946	-4.3487	-4.3487	-4.7734	1	0	0.164332
947	-9.61342	-9.61342	-10.2347	1	0	0.164332
948	-7.45159	-7.45159	-7.96442	1	0	0.164332
949	-4.26386	-4.26386	-4.67179	1	0	0.164332
950	-3.10505	-3.10505	-3.5216	1	0	0.164332
951	-3.95003	-3.95003	-4.24107	1	0	0.164332
952	-4.13592	-4.13592	-4.53264	1	0	0.164332
953	-3.62399	-3.62399	-3.97607	1	0	0.164332
954	-4.84776	-4.84776	-5.46659	1	0	0.164332
955	-2.89646	-2.89646	-3.2298	1	0	0.164332
956	-3.10505	-3.10505	-3.5216	1	0	0.164332
957	-16.4745	-16.4745	-17.0218	1	0	0.164332
958	-4.60117	-4.60117	-5.00354	1	0	0.164332
959	-2.89646	-2.89646	-3.2298	1	0	0.164332
960	-4.0063	-4.0063	-4.42834	1	0	0.164332
961	-3.4525	-3.4525	-3.76328	1	0	0.164332
962	-3.46128	-3.46128	-4.04269	1	0	0.164332
963	-4.26386	-4.26386	-4.67179	1	0	0.164332
964	-3.83964	-3.83964	-4.38696	1	0	0.164332
965	-2.89646	-2.89646	-3.2298	1	0	0.164332
966	-3.10505	-3.10505	-3.5216	1	0	0.164332
967	-10.2627	-10.2627	-10.8199	1	0	0.164332
968	-9.11036	-9.11036	-9.92016	1	0	0.164332
969	-3.10505	-3.10505	-3.5216	1	0	0.164332
970	-10.2568	-10.2568	-10.8153	1	0	0.164332
971	-3.4525	-3.4525	-3.76328	1	0	0.164332
972	-3.07488	-3.07488	-3.37846	1	0	0.164332
973	-3.73913	-3.73913	-4.11355	1	0	0.164332
974	-4.3487	-4.3487	-4.7734	1	0	0.164332
975	-3.07488	-3.07488	-3.37846	1	0	0.164332
976	-3.46128	-3.46128	-4.04269	1	0	0.164332
977	-11.5851	-11.5851	-10.7802	1	0	0.164332
978	-3.07488	-3.07488	-3.37846	1	0	0.164332
979	-4.3487	-4.3487	-4.7734	1	0	0.164332
980	-4.13592	-4.13592	-4.53264	1	0	0.164332
981	-3.62399	-3.62399	-3.97607	1	0	0.164332
982	-3.95003	-3.95003	-4.24107	1	0	0.164332
983	-2.89646	-2.89646	-3.2298	1	0	0.164332
984	-3.10505	-3.10505	-3.5216	1	0	0.164332
985	-5.87599	-5.87599	-6.31238	1	0	0.164332
986	-4.46636	-4.46636	-4.88083	1	0	0.164332
987	-2.89646	-2.89646	-3.2298	1	0	0.164332
988	-4.23198	-4.23198	-4.77405	1	0	0.164332
989	-3.07488	-3.07488	-3.37846	1	0	0.164332
990	-4.89358	-4.89358	-5.56232	1	0	0.164332
991	-3.46779	-3.46779	-3.82277	1	0	0.164332
992	-4.23198	-4.23198	-4.77405	1	0	0.164332
993	-7.86098	-7.86098	-8.6008	1	0	0.164332
994	-2.89646	-2.89646	-3.2298	1	0	0.164332
995	-3.83964	-3.83964	-4.38696	1	0	0.164332
996	-3.07488	-3.07488	-3.37846	1	0	0.164332
997	-5.87599	-5.87599	-6.31238	1	0	0.164332
998	-6.03135	-6.03135	-6.5456	1	0	0.164332
999	-8.84964	-8.84964	-9.3274	1	0	0.164332
1000	-10.3308	-10.3308	-10.9036	1	0	0.164332
1001	-7.47717	-7.47717	-8.07763	1	0	0.164332
1002	-3.83481	-3.83481	-4.30862	1	0	0.164332
1003	-3.46128	-3.46128	-4.04269	1	0	0.164332
1004	-12.3132	-12.3132	-13.2534	1	0	0.164332
1035	-10.7018	-10.7018	-11.117	1	0	0.164332
1036	-3.46779	-3.46779	-3.82277	1	0	0.164332
1037	-3.56527	-3.56527	-3.83797	1	0	0.164332
1038	-4.3487	-4.3487	-4.7734	1	0	0.164332
1039	-3.73913	-3.73913	-4.11355	1	0	0.164332
1040	-9.36591	-9.36591	-9.90603	1	0	0.164332
1041	-3.07488	-3.07488	-3.37846	1	0	0.164332
1042	-3.73913	-3.73913	-4.11355	1	0	0.164332
1043	-3.4525	-3.4525	-3.76328	1	0	0.164332
1044	-4.26386	-4.26386	-4.67179	1	0	0.164332
1045	-4.0063	-4.0063	-4.42834	1	0	0.164332
1046	-4.3487	-4.3487	-4.7734	1	0	0.164332
1047	-16.5755	-16.5755	-17.5387	1	0	0.164332
1048	-6.26446	-6.26446	-6.77748	1	0	0.164332
1049	-3.46128	-3.46128	-4.04269	1	0	0.164332
1050	-3.4525	-3.4525	-3.76328	1	0	0.164332
1051	-9.42055	-9.42055	-10.2269	1	0	0.164332
1052	-9.48351	-9.48351	-10.0165	1	0	0.164332
1053	-4.26386	-4.26386	-4.67179	1	0	0.164332
1054	-4.46636	-4.46636	-4.88083	1	0	0.164332
1055	-5.51586	-5.51586	-5.79121	1	0	0.164332
1056	-3.10505	-3.10505	-3.5216	1	0	0.164332
1057	-3.07488	-3.07488	-3.37846	1	0	0.164332
1058	-4.0063	-4.0063	-4.42834	1	0	0.164332
1059	-9.09439	-9.09439	-9.58673	1	0	0.164332
1060	-3.4525	-3.4525	-3.76328	1	0	0.164332
1061	-2.89646	-2.89646	-3.2298	1	0	0.164332
1062	-3.83481	-3.83481	-4.30862	1	0	0.164332
1063	-10.3335	-10.3335	-9.06357	1	0	0.164332
1064	-3.46128	-3.46128	-4.04269	1	0	0.164332
1065	-12.9269	-12.9269	-13.6748	1	0	0.164332
1066	-12.2016	-12.2016	-10.4183	1	0	0.164332
1067	-5.694	-5.694	-7.11371	1	0	0.164332
1068	-5.46362	-5.46362	-6.52093	1	0	0.164332
1069	-2.89646	-2.89646	-3.2298	1	0	0.164332
1070	-12.6451	-12.6451	-11.2812	1	0	0.164332
1071	-9.57938	-9.57938	-10.0554	1	0	0.164332
1072	-8.38106	-8.38106	-8.83124	1	0	0.164332
1073	-4.36523	-4.36523	-4.96699	1	0	0.164332
1074	-8.14136	-8.14136	-9.08149	1	0	0.164332
