Sites	Ll	Ll_SameAARate.DFPDistFreq.beta_1=0.125204	Ll_SameAARate.DFPDistFreq.beta_1=1	Pr_SameAARate.DFPDistFreq.beta_1=0.125204	Pr_SameAARate.DFPDistFreq.beta_1=1	mean
791	-4.85537	-4.85537	-5.56933	1	0	0.125204
792	-4.59716	-4.59716	-5.33399	1	0	0.125204
793	-3.44783	-3.44783	-4.06506	1	0	0.125204
794	-4.1622	-4.1622	-4.53356	1	0	0.125204
795	-4.39403	-4.39403	-5.11924	1	0	0.125204
796	-4.51893	-4.51893	-5.11755	1	0	0.125204
797	-4.51893	-4.51893	-5.11755	1	0	0.125204
798	-3.76495	-3.76495	-4.11152	1	0	0.125204
799	-5.80608	-5.80608	-6.49177	1	0	0.125204
800	-3.76495	-3.76495	-4.11152	1	0	0.125204
801	-4.51893	-4.51893	-5.11755	1	0	0.125204
802	-6.05599	-6.05599	-6.35008	1	0	0.125204
803	-12.4863	-12.4863	-11.7226	1	0	0.125204
804	-3.76495	-3.76495	-4.11152	1	0	0.125204
805	-3.27038	-3.27038	-3.92623	1	0	0.125204
806	-3.76495	-3.76495	-4.11152	1	0	0.125204
807	-3.44783	-3.44783	-4.06506	1	0	0.125204
808	-6.25843	-6.25843	-7.02371	1	0	0.125204
809	-6.08793	-6.08793	-6.48077	1	0	0.125204
810	-8.83852	-8.83852	-9.48885	1	0	0.125204
811	-5.75496	-5.75496	-6.22311	1	0	0.125204
812	-3.27038	-3.27038	-3.92623	1	0	0.125204
813	-16.1023	-16.1023	-14.8401	1	0	0.125204
814	-9.96737	-9.96737	-10.5218	1	0	0.125204
815	-3.43409	-3.43409	-3.91993	1	0	0.125204
816	-4.1622	-4.1622	-4.53356	1	0	0.125204
817	-4.10415	-4.10415	-4.79804	1	0	0.125204
818	-4.72749	-4.72749	-5.40797	1	0	0.125204
819	-3.03407	-3.03407	-3.74124	1	0	0.125204
820	-3.03407	-3.03407	-3.74124	1	0	0.125204
821	-6.05599	-6.05599	-6.35008	1	0	0.125204
822	-15.0304	-15.0304	-16.2461	1	0	0.125204
823	-3.44783	-3.44783	-4.06506	1	0	0.125204
824	-3.44783	-3.44783	-4.06506	1	0	0.125204
825	-3.20044	-3.20044	-3.88509	1	0	0.125204
826	-15.7181	-15.7181	-16.4431	1	0	0.125204
827	-14.1387	-14.1387	-12.0217	1	0	0.125204
828	-12.9066	-12.9066	-13.6086	1	0	0.125204
829	-11.7317	-11.7317	-12.4704	1	0	0.125204
830	-18.3152	-18.3152	-17.8299	1	0	0.125204
851	-4.1622	-4.1622	-4.53356	1	0	0.125204
852	-6.49777	-6.49777	-7.04574	1	0	0.125204
853	-3.43409	-3.43409	-3.91993	1	0	0.125204
854	-3.20044	-3.20044	-3.88509	1	0	0.125204
855	-4.59716	-4.59716	-5.33399	1	0	0.125204
856	-4.33633	-4.33633	-4.77854	1	0	0.125204
857	-7.9843	-7.9843	-9.00333	1	0	0.125204
858	-3.20044	-3.20044	-3.88509	1	0	0.125204
859	-3.20044	-3.20044	-3.88509	1	0	0.125204
860	-5.94165	-5.94165	-6.45784	1	0	0.125204
861	-4.28885	-4.28885	-5.57126	1	0	0.125204
862	-4.1622	-4.1622	-4.53356	1	0	0.125204
863	-4.40124	-4.40124	-4.95546	1	0	0.125204
864	-3.64066	-3.64066	-4.03899	1	0	0.125204
865	-3.03407	-3.03407	-3.74124	1	0	0.125204
866	-3.20044	-3.20044	-3.88509	1	0	0.125204
867	-11.8018	-11.8018	-13.3427	1	0	0.125204
868	-16.3477	-16.3477	-18.4355	1	0	0.125204
869	-8.92938	-8.92938	-10.3419	1	0	0.125204
870	-13.4779	-13.4779	-14.5412	1	0	0.125204
871	-21.4917	-21.4917	-21.7445	1	0	0.125204
872	-25.9789	-25.9789	-23.1868	1	0	0.125204
873	-11.8498	-11.8498	-11.8927	1	0	0.125204
874	-10.5557	-10.5557	-10.7755	1	0	0.125204
906	-32.9026	-32.9026	-31.2049	1	0	0.125204
907	-13.489	-13.489	-15.1036	1	0	0.125204
908	-4.03068	-4.03068	-4.55448	1	0	0.125204
909	-7.34153	-7.34153	-7.95246	1	0	0.125204
910	-4.40124	-4.40124	-4.95546	1	0	0.125204
911	-7.87844	-7.87844	-8.38254	1	0	0.125204
912	-17.4678	-17.4678	-16.0971	1	0	0.125204
913	-3.44783	-3.44783	-4.06506	1	0	0.125204
914	-3.73402	-3.73402	-4.12665	1	0	0.125204
915	-3.43409	-3.43409	-3.91993	1	0	0.125204
916	-4.31267	-4.31267	-4.89771	1	0	0.125204
917	-4.03068	-4.03068	-4.55448	1	0	0.125204
918	-4.33633	-4.33633	-4.77854	1	0	0.125204
919	-4.28885	-4.28885	-5.57126	1	0	0.125204
920	-4.10415	-4.10415	-4.79804	1	0	0.125204
921	-4.31267	-4.31267	-4.89771	1	0	0.125204
922	-3.03407	-3.03407	-3.74124	1	0	0.125204
923	-4.12145	-4.12145	-4.89137	1	0	0.125204
924	-3.63951	-3.63951	-4.12495	1	0	0.125204
925	-3.44783	-3.44783	-4.06506	1	0	0.125204
926	-4.40124	-4.40124	-4.95546	1	0	0.125204
927	-3.03407	-3.03407	-3.74124	1	0	0.125204
928	-3.20044	-3.20044	-3.88509	1	0	0.125204
929	-3.22154	-3.22154	-3.62354	1	0	0.125204
930	-14.3157	-14.3157	-15.7163	1	0	0.125204
931	-3.03407	-3.03407	-3.74124	1	0	0.125204
932	-7.05205	-7.05205	-8.09477	1	0	0.125204
933	-8.21516	-8.21516	-8.71728	1	0	0.125204
934	-3.44783	-3.44783	-4.06506	1	0	0.125204
935	-10.7133	-10.7133	-11.311	1	0	0.125204
936	-3.40519	-3.40519	-3.77153	1	0	0.125204
937	-9.85399	-9.85399	-10.489	1	0	0.125204
938	-3.40519	-3.40519	-3.77153	1	0	0.125204
939	-3.73402	-3.73402	-4.12665	1	0	0.125204
940	-3.40519	-3.40519	-3.77153	1	0	0.125204
941	-7.84654	-7.84654	-6.71075	1	0	0.125204
942	-3.73402	-3.73402	-4.12665	1	0	0.125204
943	-3.43409	-3.43409	-3.91993	1	0	0.125204
944	-3.22154	-3.22154	-3.62354	1	0	0.125204
945	-3.73402	-3.73402	-4.12665	1	0	0.125204
946	-4.33633	-4.33633	-4.77854	1	0	0.125204
947	-9.24208	-9.24208	-11.0716	1	0	0.125204
948	-7.5488	-7.5488	-8.21896	1	0	0.125204
949	-4.31267	-4.31267	-4.89771	1	0	0.125204
950	-3.20044	-3.20044	-3.88509	1	0	0.125204
951	-4.12145	-4.12145	-4.89137	1	0	0.125204
952	-4.1622	-4.1622	-4.53356	1	0	0.125204
953	-3.63951	-3.63951	-4.12495	1	0	0.125204
954	-4.93496	-4.93496	-5.69472	1	0	0.125204
955	-3.03407	-3.03407	-3.74124	1	0	0.125204
956	-3.20044	-3.20044	-3.88509	1	0	0.125204
957	-15.7981	-15.7981	-16.5317	1	0	0.125204
958	-4.72749	-4.72749	-5.40797	1	0	0.125204
959	-3.03407	-3.03407	-3.74124	1	0	0.125204
960	-4.28885	-4.28885	-5.57126	1	0	0.125204
961	-3.43409	-3.43409	-3.91993	1	0	0.125204
962	-3.44783	-3.44783	-4.06506	1	0	0.125204
963	-4.31267	-4.31267	-4.89771	1	0	0.125204
964	-3.77185	-3.77185	-4.31909	1	0	0.125204
965	-3.03407	-3.03407	-3.74124	1	0	0.125204
966	-3.20044	-3.20044	-3.88509	1	0	0.125204
967	-10.1165	-10.1165	-10.6903	1	0	0.125204
968	-8.86565	-8.86565	-9.92663	1	0	0.125204
969	-3.20044	-3.20044	-3.88509	1	0	0.125204
970	-10.1104	-10.1104	-10.6857	1	0	0.125204
971	-3.43409	-3.43409	-3.91993	1	0	0.125204
972	-3.22154	-3.22154	-3.62354	1	0	0.125204
973	-3.73402	-3.73402	-4.12665	1	0	0.125204
974	-4.33633	-4.33633	-4.77854	1	0	0.125204
975	-3.22154	-3.22154	-3.62354	1	0	0.125204
976	-3.44783	-3.44783	-4.06506	1	0	0.125204
977	-12.5437	-12.5437	-11.5261	1	0	0.125204
978	-3.22154	-3.22154	-3.62354	1	0	0.125204
979	-4.33633	-4.33633	-4.77854	1	0	0.125204
980	-4.1622	-4.1622	-4.53356	1	0	0.125204
981	-3.63951	-3.63951	-4.12495	1	0	0.125204
982	-4.12145	-4.12145	-4.89137	1	0	0.125204
983	-3.03407	-3.03407	-3.74124	1	0	0.125204
984	-3.20044	-3.20044	-3.88509	1	0	0.125204
985	-5.47568	-5.47568	-6.04478	1	0	0.125204
986	-4.59716	-4.59716	-5.33399	1	0	0.125204
987	-3.03407	-3.03407	-3.74124	1	0	0.125204
988	-4.39403	-4.39403	-5.11924	1	0	0.125204
989	-3.22154	-3.22154	-3.62354	1	0	0.125204
990	-4.85537	-4.85537	-5.56933	1	0	0.125204
991	-3.40519	-3.40519	-3.77153	1	0	0.125204
992	-4.39403	-4.39403	-5.11924	1	0	0.125204
993	-8.04397	-8.04397	-8.78093	1	0	0.125204
994	-3.03407	-3.03407	-3.74124	1	0	0.125204
995	-3.77185	-3.77185	-4.31909	1	0	0.125204
996	-3.22154	-3.22154	-3.62354	1	0	0.125204
997	-5.47568	-5.47568	-6.04478	1	0	0.125204
998	-5.94165	-5.94165	-6.45784	1	0	0.125204
999	-9.04731	-9.04731	-9.76306	1	0	0.125204
1000	-10.1167	-10.1167	-11.0722	1	0	0.125204
1001	-7.34153	-7.34153	-7.95246	1	0	0.125204
1002	-3.76495	-3.76495	-4.11152	1	0	0.125204
1003	-3.44783	-3.44783	-4.06506	1	0	0.125204
1004	-13.2873	-13.2873	-14.3753	1	0	0.125204
1035	-12.9501	-12.9501	-13.4146	1	0	0.125204
1036	-3.40519	-3.40519	-3.77153	1	0	0.125204
1037	-3.61649	-3.61649	-4.0607	1	0	0.125204
1038	-4.33633	-4.33633	-4.77854	1	0	0.125204
1039	-3.73402	-3.73402	-4.12665	1	0	0.125204
1040	-9.55583	-9.55583	-10.1016	1	0	0.125204
1041	-3.22154	-3.22154	-3.62354	1	0	0.125204
1042	-3.73402	-3.73402	-4.12665	1	0	0.125204
1043	-3.43409	-3.43409	-3.91993	1	0	0.125204
1044	-4.31267	-4.31267	-4.89771	1	0	0.125204
1045	-4.28885	-4.28885	-5.57126	1	0	0.125204
1046	-4.33633	-4.33633	-4.77854	1	0	0.125204
1047	-15.8974	-15.8974	-17.2232	1	0	0.125204
1048	-6.06669	-6.06669	-6.68449	1	0	0.125204
1049	-3.44783	-3.44783	-4.06506	1	0	0.125204
1050	-3.43409	-3.43409	-3.91993	1	0	0.125204
1051	-8.98956	-8.98956	-9.98768	1	0	0.125204
1052	-9.58763	-9.58763	-10.3031	1	0	0.125204
1053	-4.31267	-4.31267	-4.89771	1	0	0.125204
1054	-4.59716	-4.59716	-5.33399	1	0	0.125204
1055	-5.67021	-5.67021	-6.28406	1	0	0.125204
1056	-3.20044	-3.20044	-3.88509	1	0	0.125204
1057	-3.22154	-3.22154	-3.62354	1	0	0.125204
1058	-4.28885	-4.28885	-5.57126	1	0	0.125204
1059	-8.27453	-8.27453	-9.31599	1	0	0.125204
1060	-3.43409	-3.43409	-3.91993	1	0	0.125204
1061	-3.03407	-3.03407	-3.74124	1	0	0.125204
1062	-3.76495	-3.76495	-4.11152	1	0	0.125204
1063	-10.9089	-10.9089	-9.37807	1	0	0.125204
1064	-3.44783	-3.44783	-4.06506	1	0	0.125204
1065	-12.2136	-12.2136	-13.6735	1	0	0.125204
1066	-12.0856	-12.0856	-11.2246	1	0	0.125204
1067	-5.99388	-5.99388	-8.1413	1	0	0.125204
1068	-5.82442	-5.82442	-7.62282	1	0	0.125204
1069	-3.03407	-3.03407	-3.74124	1	0	0.125204
1070	-12.8244	-12.8244	-11.155	1	0	0.125204
1071	-9.74568	-9.74568	-10.1898	1	0	0.125204
1072	-7.96357	-7.96357	-8.55371	1	0	0.125204
1073	-4.40124	-4.40124	-4.95546	1	0	0.125204
1074	-8.27515	-8.27515	-9.3908	1	0	0.125204
