
Analysis Description
--------------------
MEME (Mixed Effects Model of Evolution) estimates a site-wise synonymous
(&alpha;) and a two-category mixture of non-synonymous (&beta;-, with
proportion p-, and &beta;+ with proportion [1-p-]) rates, and uses a
likelihood ratio test to determine if &beta;+ > &alpha; at a site. The
estimates aggregate information over a proportion of branches at a site,
so the signal is derived from episodic diversification, which is a
combination of strength of selection [effect size] and the proportion of
the tree affected. A subset of branches can be selected for testing as
well, in which case an additional (nuisance) parameter will be inferred
-- the non-synonymous rate on branches NOT selected for testing.
Multiple partitions within a NEXUS file are also supported for
recombination - aware analysis. 

- __Requirements__: in-frame codon alignment and a phylogenetic tree

- __Citation__: Detecting Individual Sites Subject to Episodic Diversifying Selection.
_PLoS Genet_ 8(7): e1002764.

- __Written by__: Sergei L. Kosakovsky Pond, Steven Weaver

- __Contact Information__: spond@temple.edu

- __Analysis Version__: 2.1.1


>code –> Universal

>Loaded a multiple sequence alignment with **23** sequences, **561** codons, and **1** partitions from `/home/imelonie/DGINN/Sequences/ERFL_ENSG_results_202207221625/ERFL_sequences_filtered_longestORFs_mafft_mincov_prank_clustiso_frag_1364_3048.best.fas`

>branches –> All

>Select the p-value threshold to use when testing for selection (permissible range = [0,1], default value = 0.1): 
>pvalue –> 0.1


### Branches to include in the MEME analysis
Selected 43 branches to include in the MEME analysis: `rhiRox_ERFL_XM_030913122_clust, traFra_ERFL_XM_033198263, pilTep_ERFL_XM_023229355, colAngPal_LOC105507874_XM_011936591, Node4, Node2, chlSab_ERFL_XM_007996944, manLeu_LOC105542543_XM_011984131, papAnu_ERFL_XM_021930375, theGel_LOC112611967_XM_025365920, Node13, Node11, macNem_LOC105495277_XM_011764608, macFas_ERFL_XM_045379538, macMul_LOC722195_XM_001118376, Node18, Node16, Node10, Node8, saiBolBol_ERFL_XM_039466138_clust, aotNan_LOC105723390_XM_012461345, calJac_ERFL_XM_008988092, calJac_ERFL_XM_035284598, Node27, Node25, Node23, carSyr_LOC103273608_XM_008071041, lemCat_ERFL_XM_045531605, micMur_LOC105867990_XM_012758467, Node32, Node30, Node22, nomLeu_ERFL_XM_030797138, homSap_ERFL_ENSG00000268041, gorGorGor_ERFL_XM_031004087, panPan_ERFL_XM_034946138, panTro_LOC104003381_XM_016934257_clust, Node41, Node39, Node37, Node35, Node21, Node7`


### Obtaining branch lengths and nucleotide substitution biases under the nucleotide GTR model
* Log(L) = -3598.06, AIC-c =  7298.26 (51 estimated parameters)

### Obtaining the global omega estimate based on relative GTR branch lengths and nucleotide substitution biases
* Log(L) = -3525.75, AIC-c =  7168.03 (58 estimated parameters)
* non-synonymous/synonymous rate ratio for *test* =   0.1982

### Improving branch lengths, nucleotide substitution biases, and global dN/dS ratios under a full codon model
* Log(L) = -3523.60
* non-synonymous/synonymous rate ratio for *test* =   0.1895

### For partition 1 these sites are significant at p <=0.1

|   Codon    | Partition  |   alpha    |   beta+    |     p+     |    LRT     |Episodic selection detected?| # branches |
|:----------:|:----------:|:----------:|:----------:|:----------:|:----------:|:--------------------------:|:----------:|
|     30     |     1      |    0.000   |  224.781   |    0.104   |   10.495   |      Yes, p =  0.0023      |     2      |
|    185     |     1      |    0.000   |  148.640   |    0.072   |    3.280   |      Yes, p =  0.0922      |     2      |
|    243     |     1      |    0.000   |  208.125   |    0.076   |    7.261   |      Yes, p =  0.0118      |     2      |
|    281     |     1      |    0.000   |   22.448   |    0.163   |    3.795   |      Yes, p =  0.0704      |     2      |

### ** Found _4_ sites under episodic diversifying positive selection at p <= 0.1**
